[2024-08-24T11:21:07.326+0000] {processor.py:186} INFO - Started process (PID=71) to work on /home/airflow/.local/lib/python3.12/site-packages/airflow/example_dags/example_dag_decorator.py
[2024-08-24T11:21:07.326+0000] {processor.py:914} INFO - Processing file /home/airflow/.local/lib/python3.12/site-packages/airflow/example_dags/example_dag_decorator.py for tasks to queue
[2024-08-24T11:21:07.328+0000] {logging_mixin.py:190} INFO - [2024-08-24T11:21:07.327+0000] {dagbag.py:587} INFO - Filling up the DagBag from /home/airflow/.local/lib/python3.12/site-packages/airflow/example_dags/example_dag_decorator.py
[2024-08-24T11:21:07.334+0000] {processor.py:925} INFO - DAG(s) 'example_dag_decorator' retrieved from /home/airflow/.local/lib/python3.12/site-packages/airflow/example_dags/example_dag_decorator.py
[2024-08-24T11:21:07.393+0000] {logging_mixin.py:190} INFO - [2024-08-24T11:21:07.392+0000] {override.py:1858} INFO - Created Permission View: can edit on DAG:example_dag_decorator
[2024-08-24T11:21:07.399+0000] {logging_mixin.py:190} INFO - [2024-08-24T11:21:07.399+0000] {override.py:1858} INFO - Created Permission View: can read on DAG:example_dag_decorator
[2024-08-24T11:21:07.402+0000] {logging_mixin.py:190} INFO - [2024-08-24T11:21:07.402+0000] {override.py:1858} INFO - Created Permission View: can delete on DAG:example_dag_decorator
[2024-08-24T11:21:07.402+0000] {logging_mixin.py:190} INFO - [2024-08-24T11:21:07.402+0000] {dag.py:3211} INFO - Sync 1 DAGs
[2024-08-24T11:21:07.409+0000] {logging_mixin.py:190} INFO - [2024-08-24T11:21:07.409+0000] {dag.py:3234} INFO - Creating ORM DAG for example_dag_decorator
[2024-08-24T11:21:07.409+0000] {logging_mixin.py:190} INFO - [2024-08-24T11:21:07.409+0000] {dag.py:4138} INFO - Setting next_dagrun for example_dag_decorator to None, run_after=None
[2024-08-24T11:21:07.418+0000] {processor.py:208} INFO - Processing /home/airflow/.local/lib/python3.12/site-packages/airflow/example_dags/example_dag_decorator.py took 0.095 seconds
[2024-08-24T11:21:38.342+0000] {processor.py:186} INFO - Started process (PID=133) to work on /home/airflow/.local/lib/python3.12/site-packages/airflow/example_dags/example_dag_decorator.py
[2024-08-24T11:21:38.342+0000] {processor.py:914} INFO - Processing file /home/airflow/.local/lib/python3.12/site-packages/airflow/example_dags/example_dag_decorator.py for tasks to queue
[2024-08-24T11:21:38.344+0000] {logging_mixin.py:190} INFO - [2024-08-24T11:21:38.343+0000] {dagbag.py:587} INFO - Filling up the DagBag from /home/airflow/.local/lib/python3.12/site-packages/airflow/example_dags/example_dag_decorator.py
[2024-08-24T11:21:38.350+0000] {processor.py:925} INFO - DAG(s) 'example_dag_decorator' retrieved from /home/airflow/.local/lib/python3.12/site-packages/airflow/example_dags/example_dag_decorator.py
[2024-08-24T11:21:38.405+0000] {logging_mixin.py:190} INFO - [2024-08-24T11:21:38.405+0000] {dag.py:3211} INFO - Sync 1 DAGs
[2024-08-24T11:21:38.411+0000] {logging_mixin.py:190} INFO - [2024-08-24T11:21:38.411+0000] {dag.py:4138} INFO - Setting next_dagrun for example_dag_decorator to None, run_after=None
[2024-08-24T11:21:38.422+0000] {processor.py:208} INFO - Processing /home/airflow/.local/lib/python3.12/site-packages/airflow/example_dags/example_dag_decorator.py took 0.083 seconds
[2024-08-24T11:22:08.500+0000] {processor.py:186} INFO - Started process (PID=195) to work on /home/airflow/.local/lib/python3.12/site-packages/airflow/example_dags/example_dag_decorator.py
[2024-08-24T11:22:08.501+0000] {processor.py:914} INFO - Processing file /home/airflow/.local/lib/python3.12/site-packages/airflow/example_dags/example_dag_decorator.py for tasks to queue
[2024-08-24T11:22:08.502+0000] {logging_mixin.py:190} INFO - [2024-08-24T11:22:08.502+0000] {dagbag.py:587} INFO - Filling up the DagBag from /home/airflow/.local/lib/python3.12/site-packages/airflow/example_dags/example_dag_decorator.py
[2024-08-24T11:22:08.508+0000] {processor.py:925} INFO - DAG(s) 'example_dag_decorator' retrieved from /home/airflow/.local/lib/python3.12/site-packages/airflow/example_dags/example_dag_decorator.py
[2024-08-24T11:22:08.571+0000] {logging_mixin.py:190} INFO - [2024-08-24T11:22:08.571+0000] {dag.py:3211} INFO - Sync 1 DAGs
[2024-08-24T11:22:08.578+0000] {logging_mixin.py:190} INFO - [2024-08-24T11:22:08.577+0000] {dag.py:4138} INFO - Setting next_dagrun for example_dag_decorator to None, run_after=None
[2024-08-24T11:22:08.591+0000] {processor.py:208} INFO - Processing /home/airflow/.local/lib/python3.12/site-packages/airflow/example_dags/example_dag_decorator.py took 0.094 seconds
[2024-08-24T11:22:38.711+0000] {processor.py:186} INFO - Started process (PID=263) to work on /home/airflow/.local/lib/python3.12/site-packages/airflow/example_dags/example_dag_decorator.py
[2024-08-24T11:22:38.712+0000] {processor.py:914} INFO - Processing file /home/airflow/.local/lib/python3.12/site-packages/airflow/example_dags/example_dag_decorator.py for tasks to queue
[2024-08-24T11:22:38.713+0000] {logging_mixin.py:190} INFO - [2024-08-24T11:22:38.712+0000] {dagbag.py:587} INFO - Filling up the DagBag from /home/airflow/.local/lib/python3.12/site-packages/airflow/example_dags/example_dag_decorator.py
[2024-08-24T11:22:38.719+0000] {processor.py:925} INFO - DAG(s) 'example_dag_decorator' retrieved from /home/airflow/.local/lib/python3.12/site-packages/airflow/example_dags/example_dag_decorator.py
[2024-08-24T11:22:38.780+0000] {logging_mixin.py:190} INFO - [2024-08-24T11:22:38.780+0000] {dag.py:3211} INFO - Sync 1 DAGs
[2024-08-24T11:22:38.786+0000] {logging_mixin.py:190} INFO - [2024-08-24T11:22:38.786+0000] {dag.py:4138} INFO - Setting next_dagrun for example_dag_decorator to None, run_after=None
[2024-08-24T11:22:38.795+0000] {processor.py:208} INFO - Processing /home/airflow/.local/lib/python3.12/site-packages/airflow/example_dags/example_dag_decorator.py took 0.087 seconds
[2024-08-24T11:23:08.852+0000] {processor.py:186} INFO - Started process (PID=325) to work on /home/airflow/.local/lib/python3.12/site-packages/airflow/example_dags/example_dag_decorator.py
[2024-08-24T11:23:08.853+0000] {processor.py:914} INFO - Processing file /home/airflow/.local/lib/python3.12/site-packages/airflow/example_dags/example_dag_decorator.py for tasks to queue
[2024-08-24T11:23:08.854+0000] {logging_mixin.py:190} INFO - [2024-08-24T11:23:08.854+0000] {dagbag.py:587} INFO - Filling up the DagBag from /home/airflow/.local/lib/python3.12/site-packages/airflow/example_dags/example_dag_decorator.py
[2024-08-24T11:23:08.859+0000] {processor.py:925} INFO - DAG(s) 'example_dag_decorator' retrieved from /home/airflow/.local/lib/python3.12/site-packages/airflow/example_dags/example_dag_decorator.py
[2024-08-24T11:23:08.878+0000] {logging_mixin.py:190} INFO - [2024-08-24T11:23:08.877+0000] {dag.py:3211} INFO - Sync 1 DAGs
[2024-08-24T11:23:08.889+0000] {logging_mixin.py:190} INFO - [2024-08-24T11:23:08.889+0000] {dag.py:4138} INFO - Setting next_dagrun for example_dag_decorator to None, run_after=None
[2024-08-24T11:23:08.902+0000] {processor.py:208} INFO - Processing /home/airflow/.local/lib/python3.12/site-packages/airflow/example_dags/example_dag_decorator.py took 0.054 seconds
[2024-08-24T11:23:39.113+0000] {processor.py:186} INFO - Started process (PID=387) to work on /home/airflow/.local/lib/python3.12/site-packages/airflow/example_dags/example_dag_decorator.py
[2024-08-24T11:23:39.114+0000] {processor.py:914} INFO - Processing file /home/airflow/.local/lib/python3.12/site-packages/airflow/example_dags/example_dag_decorator.py for tasks to queue
[2024-08-24T11:23:39.115+0000] {logging_mixin.py:190} INFO - [2024-08-24T11:23:39.115+0000] {dagbag.py:587} INFO - Filling up the DagBag from /home/airflow/.local/lib/python3.12/site-packages/airflow/example_dags/example_dag_decorator.py
[2024-08-24T11:23:39.121+0000] {processor.py:925} INFO - DAG(s) 'example_dag_decorator' retrieved from /home/airflow/.local/lib/python3.12/site-packages/airflow/example_dags/example_dag_decorator.py
[2024-08-24T11:23:39.177+0000] {logging_mixin.py:190} INFO - [2024-08-24T11:23:39.177+0000] {dag.py:3211} INFO - Sync 1 DAGs
[2024-08-24T11:23:39.187+0000] {logging_mixin.py:190} INFO - [2024-08-24T11:23:39.187+0000] {dag.py:4138} INFO - Setting next_dagrun for example_dag_decorator to None, run_after=None
[2024-08-24T11:23:39.197+0000] {processor.py:208} INFO - Processing /home/airflow/.local/lib/python3.12/site-packages/airflow/example_dags/example_dag_decorator.py took 0.087 seconds
[2024-08-24T11:24:09.482+0000] {processor.py:186} INFO - Started process (PID=449) to work on /home/airflow/.local/lib/python3.12/site-packages/airflow/example_dags/example_dag_decorator.py
[2024-08-24T11:24:09.483+0000] {processor.py:914} INFO - Processing file /home/airflow/.local/lib/python3.12/site-packages/airflow/example_dags/example_dag_decorator.py for tasks to queue
[2024-08-24T11:24:09.484+0000] {logging_mixin.py:190} INFO - [2024-08-24T11:24:09.484+0000] {dagbag.py:587} INFO - Filling up the DagBag from /home/airflow/.local/lib/python3.12/site-packages/airflow/example_dags/example_dag_decorator.py
[2024-08-24T11:24:09.490+0000] {processor.py:925} INFO - DAG(s) 'example_dag_decorator' retrieved from /home/airflow/.local/lib/python3.12/site-packages/airflow/example_dags/example_dag_decorator.py
[2024-08-24T11:24:09.543+0000] {logging_mixin.py:190} INFO - [2024-08-24T11:24:09.543+0000] {dag.py:3211} INFO - Sync 1 DAGs
[2024-08-24T11:24:09.550+0000] {logging_mixin.py:190} INFO - [2024-08-24T11:24:09.550+0000] {dag.py:4138} INFO - Setting next_dagrun for example_dag_decorator to None, run_after=None
[2024-08-24T11:24:09.560+0000] {processor.py:208} INFO - Processing /home/airflow/.local/lib/python3.12/site-packages/airflow/example_dags/example_dag_decorator.py took 0.081 seconds
[2024-08-24T11:24:39.708+0000] {processor.py:186} INFO - Started process (PID=511) to work on /home/airflow/.local/lib/python3.12/site-packages/airflow/example_dags/example_dag_decorator.py
[2024-08-24T11:24:39.708+0000] {processor.py:914} INFO - Processing file /home/airflow/.local/lib/python3.12/site-packages/airflow/example_dags/example_dag_decorator.py for tasks to queue
[2024-08-24T11:24:39.709+0000] {logging_mixin.py:190} INFO - [2024-08-24T11:24:39.709+0000] {dagbag.py:587} INFO - Filling up the DagBag from /home/airflow/.local/lib/python3.12/site-packages/airflow/example_dags/example_dag_decorator.py
[2024-08-24T11:24:39.716+0000] {processor.py:925} INFO - DAG(s) 'example_dag_decorator' retrieved from /home/airflow/.local/lib/python3.12/site-packages/airflow/example_dags/example_dag_decorator.py
[2024-08-24T11:24:39.732+0000] {logging_mixin.py:190} INFO - [2024-08-24T11:24:39.731+0000] {dag.py:3211} INFO - Sync 1 DAGs
[2024-08-24T11:24:39.742+0000] {logging_mixin.py:190} INFO - [2024-08-24T11:24:39.742+0000] {dag.py:4138} INFO - Setting next_dagrun for example_dag_decorator to None, run_after=None
[2024-08-24T11:24:39.755+0000] {processor.py:208} INFO - Processing /home/airflow/.local/lib/python3.12/site-packages/airflow/example_dags/example_dag_decorator.py took 0.052 seconds
[2024-08-24T11:25:09.807+0000] {processor.py:186} INFO - Started process (PID=572) to work on /home/airflow/.local/lib/python3.12/site-packages/airflow/example_dags/example_dag_decorator.py
[2024-08-24T11:25:09.807+0000] {processor.py:914} INFO - Processing file /home/airflow/.local/lib/python3.12/site-packages/airflow/example_dags/example_dag_decorator.py for tasks to queue
[2024-08-24T11:25:09.808+0000] {logging_mixin.py:190} INFO - [2024-08-24T11:25:09.808+0000] {dagbag.py:587} INFO - Filling up the DagBag from /home/airflow/.local/lib/python3.12/site-packages/airflow/example_dags/example_dag_decorator.py
[2024-08-24T11:25:09.814+0000] {processor.py:925} INFO - DAG(s) 'example_dag_decorator' retrieved from /home/airflow/.local/lib/python3.12/site-packages/airflow/example_dags/example_dag_decorator.py
[2024-08-24T11:25:09.826+0000] {logging_mixin.py:190} INFO - [2024-08-24T11:25:09.826+0000] {dag.py:3211} INFO - Sync 1 DAGs
[2024-08-24T11:25:09.834+0000] {logging_mixin.py:190} INFO - [2024-08-24T11:25:09.834+0000] {dag.py:4138} INFO - Setting next_dagrun for example_dag_decorator to None, run_after=None
[2024-08-24T11:25:09.843+0000] {processor.py:208} INFO - Processing /home/airflow/.local/lib/python3.12/site-packages/airflow/example_dags/example_dag_decorator.py took 0.040 seconds
[2024-08-24T11:25:40.166+0000] {processor.py:186} INFO - Started process (PID=635) to work on /home/airflow/.local/lib/python3.12/site-packages/airflow/example_dags/example_dag_decorator.py
[2024-08-24T11:25:40.167+0000] {processor.py:914} INFO - Processing file /home/airflow/.local/lib/python3.12/site-packages/airflow/example_dags/example_dag_decorator.py for tasks to queue
[2024-08-24T11:25:40.168+0000] {logging_mixin.py:190} INFO - [2024-08-24T11:25:40.168+0000] {dagbag.py:587} INFO - Filling up the DagBag from /home/airflow/.local/lib/python3.12/site-packages/airflow/example_dags/example_dag_decorator.py
[2024-08-24T11:25:40.176+0000] {processor.py:925} INFO - DAG(s) 'example_dag_decorator' retrieved from /home/airflow/.local/lib/python3.12/site-packages/airflow/example_dags/example_dag_decorator.py
[2024-08-24T11:25:40.192+0000] {logging_mixin.py:190} INFO - [2024-08-24T11:25:40.191+0000] {dag.py:3211} INFO - Sync 1 DAGs
[2024-08-24T11:25:40.199+0000] {logging_mixin.py:190} INFO - [2024-08-24T11:25:40.199+0000] {dag.py:4138} INFO - Setting next_dagrun for example_dag_decorator to None, run_after=None
[2024-08-24T11:25:40.208+0000] {processor.py:208} INFO - Processing /home/airflow/.local/lib/python3.12/site-packages/airflow/example_dags/example_dag_decorator.py took 0.046 seconds
[2024-08-24T11:26:10.241+0000] {processor.py:186} INFO - Started process (PID=696) to work on /home/airflow/.local/lib/python3.12/site-packages/airflow/example_dags/example_dag_decorator.py
[2024-08-24T11:26:10.241+0000] {processor.py:914} INFO - Processing file /home/airflow/.local/lib/python3.12/site-packages/airflow/example_dags/example_dag_decorator.py for tasks to queue
[2024-08-24T11:26:10.242+0000] {logging_mixin.py:190} INFO - [2024-08-24T11:26:10.242+0000] {dagbag.py:587} INFO - Filling up the DagBag from /home/airflow/.local/lib/python3.12/site-packages/airflow/example_dags/example_dag_decorator.py
[2024-08-24T11:26:10.248+0000] {processor.py:925} INFO - DAG(s) 'example_dag_decorator' retrieved from /home/airflow/.local/lib/python3.12/site-packages/airflow/example_dags/example_dag_decorator.py
[2024-08-24T11:26:10.260+0000] {logging_mixin.py:190} INFO - [2024-08-24T11:26:10.260+0000] {dag.py:3211} INFO - Sync 1 DAGs
[2024-08-24T11:26:10.267+0000] {logging_mixin.py:190} INFO - [2024-08-24T11:26:10.267+0000] {dag.py:4138} INFO - Setting next_dagrun for example_dag_decorator to None, run_after=None
[2024-08-24T11:26:10.276+0000] {processor.py:208} INFO - Processing /home/airflow/.local/lib/python3.12/site-packages/airflow/example_dags/example_dag_decorator.py took 0.038 seconds
[2024-08-24T11:26:40.571+0000] {processor.py:186} INFO - Started process (PID=758) to work on /home/airflow/.local/lib/python3.12/site-packages/airflow/example_dags/example_dag_decorator.py
[2024-08-24T11:26:40.572+0000] {processor.py:914} INFO - Processing file /home/airflow/.local/lib/python3.12/site-packages/airflow/example_dags/example_dag_decorator.py for tasks to queue
[2024-08-24T11:26:40.574+0000] {logging_mixin.py:190} INFO - [2024-08-24T11:26:40.573+0000] {dagbag.py:587} INFO - Filling up the DagBag from /home/airflow/.local/lib/python3.12/site-packages/airflow/example_dags/example_dag_decorator.py
[2024-08-24T11:26:40.583+0000] {processor.py:925} INFO - DAG(s) 'example_dag_decorator' retrieved from /home/airflow/.local/lib/python3.12/site-packages/airflow/example_dags/example_dag_decorator.py
[2024-08-24T11:26:40.595+0000] {logging_mixin.py:190} INFO - [2024-08-24T11:26:40.595+0000] {dag.py:3211} INFO - Sync 1 DAGs
[2024-08-24T11:26:40.602+0000] {logging_mixin.py:190} INFO - [2024-08-24T11:26:40.602+0000] {dag.py:4138} INFO - Setting next_dagrun for example_dag_decorator to None, run_after=None
[2024-08-24T11:26:40.610+0000] {processor.py:208} INFO - Processing /home/airflow/.local/lib/python3.12/site-packages/airflow/example_dags/example_dag_decorator.py took 0.043 seconds
[2024-08-24T11:27:10.743+0000] {processor.py:186} INFO - Started process (PID=820) to work on /home/airflow/.local/lib/python3.12/site-packages/airflow/example_dags/example_dag_decorator.py
[2024-08-24T11:27:10.743+0000] {processor.py:914} INFO - Processing file /home/airflow/.local/lib/python3.12/site-packages/airflow/example_dags/example_dag_decorator.py for tasks to queue
[2024-08-24T11:27:10.745+0000] {logging_mixin.py:190} INFO - [2024-08-24T11:27:10.744+0000] {dagbag.py:587} INFO - Filling up the DagBag from /home/airflow/.local/lib/python3.12/site-packages/airflow/example_dags/example_dag_decorator.py
[2024-08-24T11:27:10.751+0000] {processor.py:925} INFO - DAG(s) 'example_dag_decorator' retrieved from /home/airflow/.local/lib/python3.12/site-packages/airflow/example_dags/example_dag_decorator.py
[2024-08-24T11:27:10.767+0000] {logging_mixin.py:190} INFO - [2024-08-24T11:27:10.767+0000] {dag.py:3211} INFO - Sync 1 DAGs
[2024-08-24T11:27:10.778+0000] {logging_mixin.py:190} INFO - [2024-08-24T11:27:10.778+0000] {dag.py:4138} INFO - Setting next_dagrun for example_dag_decorator to None, run_after=None
[2024-08-24T11:27:10.793+0000] {processor.py:208} INFO - Processing /home/airflow/.local/lib/python3.12/site-packages/airflow/example_dags/example_dag_decorator.py took 0.054 seconds
[2024-08-24T11:27:41.132+0000] {processor.py:186} INFO - Started process (PID=882) to work on /home/airflow/.local/lib/python3.12/site-packages/airflow/example_dags/example_dag_decorator.py
[2024-08-24T11:27:41.132+0000] {processor.py:914} INFO - Processing file /home/airflow/.local/lib/python3.12/site-packages/airflow/example_dags/example_dag_decorator.py for tasks to queue
[2024-08-24T11:27:41.134+0000] {logging_mixin.py:190} INFO - [2024-08-24T11:27:41.133+0000] {dagbag.py:587} INFO - Filling up the DagBag from /home/airflow/.local/lib/python3.12/site-packages/airflow/example_dags/example_dag_decorator.py
[2024-08-24T11:27:41.140+0000] {processor.py:925} INFO - DAG(s) 'example_dag_decorator' retrieved from /home/airflow/.local/lib/python3.12/site-packages/airflow/example_dags/example_dag_decorator.py
[2024-08-24T11:27:41.154+0000] {logging_mixin.py:190} INFO - [2024-08-24T11:27:41.154+0000] {dag.py:3211} INFO - Sync 1 DAGs
[2024-08-24T11:27:41.162+0000] {logging_mixin.py:190} INFO - [2024-08-24T11:27:41.162+0000] {dag.py:4138} INFO - Setting next_dagrun for example_dag_decorator to None, run_after=None
[2024-08-24T11:27:41.172+0000] {processor.py:208} INFO - Processing /home/airflow/.local/lib/python3.12/site-packages/airflow/example_dags/example_dag_decorator.py took 0.043 seconds
[2024-08-24T11:28:11.209+0000] {processor.py:186} INFO - Started process (PID=944) to work on /home/airflow/.local/lib/python3.12/site-packages/airflow/example_dags/example_dag_decorator.py
[2024-08-24T11:28:11.209+0000] {processor.py:914} INFO - Processing file /home/airflow/.local/lib/python3.12/site-packages/airflow/example_dags/example_dag_decorator.py for tasks to queue
[2024-08-24T11:28:11.210+0000] {logging_mixin.py:190} INFO - [2024-08-24T11:28:11.210+0000] {dagbag.py:587} INFO - Filling up the DagBag from /home/airflow/.local/lib/python3.12/site-packages/airflow/example_dags/example_dag_decorator.py
[2024-08-24T11:28:11.217+0000] {processor.py:925} INFO - DAG(s) 'example_dag_decorator' retrieved from /home/airflow/.local/lib/python3.12/site-packages/airflow/example_dags/example_dag_decorator.py
[2024-08-24T11:28:11.269+0000] {logging_mixin.py:190} INFO - [2024-08-24T11:28:11.269+0000] {dag.py:3211} INFO - Sync 1 DAGs
[2024-08-24T11:28:11.275+0000] {logging_mixin.py:190} INFO - [2024-08-24T11:28:11.275+0000] {dag.py:4138} INFO - Setting next_dagrun for example_dag_decorator to None, run_after=None
[2024-08-24T11:28:11.285+0000] {processor.py:208} INFO - Processing /home/airflow/.local/lib/python3.12/site-packages/airflow/example_dags/example_dag_decorator.py took 0.079 seconds
[2024-08-24T11:28:42.173+0000] {processor.py:186} INFO - Started process (PID=1006) to work on /home/airflow/.local/lib/python3.12/site-packages/airflow/example_dags/example_dag_decorator.py
[2024-08-24T11:28:42.174+0000] {processor.py:914} INFO - Processing file /home/airflow/.local/lib/python3.12/site-packages/airflow/example_dags/example_dag_decorator.py for tasks to queue
[2024-08-24T11:28:42.175+0000] {logging_mixin.py:190} INFO - [2024-08-24T11:28:42.175+0000] {dagbag.py:587} INFO - Filling up the DagBag from /home/airflow/.local/lib/python3.12/site-packages/airflow/example_dags/example_dag_decorator.py
[2024-08-24T11:28:42.181+0000] {processor.py:925} INFO - DAG(s) 'example_dag_decorator' retrieved from /home/airflow/.local/lib/python3.12/site-packages/airflow/example_dags/example_dag_decorator.py
[2024-08-24T11:28:42.239+0000] {logging_mixin.py:190} INFO - [2024-08-24T11:28:42.239+0000] {dag.py:3211} INFO - Sync 1 DAGs
[2024-08-24T11:28:42.245+0000] {logging_mixin.py:190} INFO - [2024-08-24T11:28:42.245+0000] {dag.py:4138} INFO - Setting next_dagrun for example_dag_decorator to None, run_after=None
[2024-08-24T11:28:42.254+0000] {processor.py:208} INFO - Processing /home/airflow/.local/lib/python3.12/site-packages/airflow/example_dags/example_dag_decorator.py took 0.085 seconds
[2024-08-24T11:29:12.285+0000] {processor.py:186} INFO - Started process (PID=1068) to work on /home/airflow/.local/lib/python3.12/site-packages/airflow/example_dags/example_dag_decorator.py
[2024-08-24T11:29:12.286+0000] {processor.py:914} INFO - Processing file /home/airflow/.local/lib/python3.12/site-packages/airflow/example_dags/example_dag_decorator.py for tasks to queue
[2024-08-24T11:29:12.287+0000] {logging_mixin.py:190} INFO - [2024-08-24T11:29:12.287+0000] {dagbag.py:587} INFO - Filling up the DagBag from /home/airflow/.local/lib/python3.12/site-packages/airflow/example_dags/example_dag_decorator.py
[2024-08-24T11:29:12.293+0000] {processor.py:925} INFO - DAG(s) 'example_dag_decorator' retrieved from /home/airflow/.local/lib/python3.12/site-packages/airflow/example_dags/example_dag_decorator.py
[2024-08-24T11:29:12.347+0000] {logging_mixin.py:190} INFO - [2024-08-24T11:29:12.346+0000] {dag.py:3211} INFO - Sync 1 DAGs
[2024-08-24T11:29:12.352+0000] {logging_mixin.py:190} INFO - [2024-08-24T11:29:12.352+0000] {dag.py:4138} INFO - Setting next_dagrun for example_dag_decorator to None, run_after=None
[2024-08-24T11:29:12.362+0000] {processor.py:208} INFO - Processing /home/airflow/.local/lib/python3.12/site-packages/airflow/example_dags/example_dag_decorator.py took 0.079 seconds
[2024-08-24T11:29:42.552+0000] {processor.py:186} INFO - Started process (PID=1130) to work on /home/airflow/.local/lib/python3.12/site-packages/airflow/example_dags/example_dag_decorator.py
[2024-08-24T11:29:42.552+0000] {processor.py:914} INFO - Processing file /home/airflow/.local/lib/python3.12/site-packages/airflow/example_dags/example_dag_decorator.py for tasks to queue
[2024-08-24T11:29:42.553+0000] {logging_mixin.py:190} INFO - [2024-08-24T11:29:42.553+0000] {dagbag.py:587} INFO - Filling up the DagBag from /home/airflow/.local/lib/python3.12/site-packages/airflow/example_dags/example_dag_decorator.py
[2024-08-24T11:29:42.559+0000] {processor.py:925} INFO - DAG(s) 'example_dag_decorator' retrieved from /home/airflow/.local/lib/python3.12/site-packages/airflow/example_dags/example_dag_decorator.py
[2024-08-24T11:29:42.575+0000] {logging_mixin.py:190} INFO - [2024-08-24T11:29:42.574+0000] {dag.py:3211} INFO - Sync 1 DAGs
[2024-08-24T11:29:42.583+0000] {logging_mixin.py:190} INFO - [2024-08-24T11:29:42.583+0000] {dag.py:4138} INFO - Setting next_dagrun for example_dag_decorator to None, run_after=None
[2024-08-24T11:29:42.597+0000] {processor.py:208} INFO - Processing /home/airflow/.local/lib/python3.12/site-packages/airflow/example_dags/example_dag_decorator.py took 0.048 seconds
[2024-08-24T11:30:13.527+0000] {processor.py:186} INFO - Started process (PID=1192) to work on /home/airflow/.local/lib/python3.12/site-packages/airflow/example_dags/example_dag_decorator.py
[2024-08-24T11:30:13.528+0000] {processor.py:914} INFO - Processing file /home/airflow/.local/lib/python3.12/site-packages/airflow/example_dags/example_dag_decorator.py for tasks to queue
[2024-08-24T11:30:13.529+0000] {logging_mixin.py:190} INFO - [2024-08-24T11:30:13.529+0000] {dagbag.py:587} INFO - Filling up the DagBag from /home/airflow/.local/lib/python3.12/site-packages/airflow/example_dags/example_dag_decorator.py
[2024-08-24T11:30:13.535+0000] {processor.py:925} INFO - DAG(s) 'example_dag_decorator' retrieved from /home/airflow/.local/lib/python3.12/site-packages/airflow/example_dags/example_dag_decorator.py
[2024-08-24T11:30:13.589+0000] {logging_mixin.py:190} INFO - [2024-08-24T11:30:13.588+0000] {dag.py:3211} INFO - Sync 1 DAGs
[2024-08-24T11:30:13.596+0000] {logging_mixin.py:190} INFO - [2024-08-24T11:30:13.595+0000] {dag.py:4138} INFO - Setting next_dagrun for example_dag_decorator to None, run_after=None
[2024-08-24T11:30:13.606+0000] {processor.py:208} INFO - Processing /home/airflow/.local/lib/python3.12/site-packages/airflow/example_dags/example_dag_decorator.py took 0.082 seconds
[2024-08-24T11:30:44.556+0000] {processor.py:186} INFO - Started process (PID=1254) to work on /home/airflow/.local/lib/python3.12/site-packages/airflow/example_dags/example_dag_decorator.py
[2024-08-24T11:30:44.557+0000] {processor.py:914} INFO - Processing file /home/airflow/.local/lib/python3.12/site-packages/airflow/example_dags/example_dag_decorator.py for tasks to queue
[2024-08-24T11:30:44.558+0000] {logging_mixin.py:190} INFO - [2024-08-24T11:30:44.558+0000] {dagbag.py:587} INFO - Filling up the DagBag from /home/airflow/.local/lib/python3.12/site-packages/airflow/example_dags/example_dag_decorator.py
[2024-08-24T11:30:44.566+0000] {processor.py:925} INFO - DAG(s) 'example_dag_decorator' retrieved from /home/airflow/.local/lib/python3.12/site-packages/airflow/example_dags/example_dag_decorator.py
[2024-08-24T11:30:44.630+0000] {logging_mixin.py:190} INFO - [2024-08-24T11:30:44.629+0000] {dag.py:3211} INFO - Sync 1 DAGs
[2024-08-24T11:30:44.636+0000] {logging_mixin.py:190} INFO - [2024-08-24T11:30:44.636+0000] {dag.py:4138} INFO - Setting next_dagrun for example_dag_decorator to None, run_after=None
[2024-08-24T11:30:44.646+0000] {processor.py:208} INFO - Processing /home/airflow/.local/lib/python3.12/site-packages/airflow/example_dags/example_dag_decorator.py took 0.094 seconds
[2024-08-24T11:31:15.580+0000] {processor.py:186} INFO - Started process (PID=1316) to work on /home/airflow/.local/lib/python3.12/site-packages/airflow/example_dags/example_dag_decorator.py
[2024-08-24T11:31:15.580+0000] {processor.py:914} INFO - Processing file /home/airflow/.local/lib/python3.12/site-packages/airflow/example_dags/example_dag_decorator.py for tasks to queue
[2024-08-24T11:31:15.582+0000] {logging_mixin.py:190} INFO - [2024-08-24T11:31:15.581+0000] {dagbag.py:587} INFO - Filling up the DagBag from /home/airflow/.local/lib/python3.12/site-packages/airflow/example_dags/example_dag_decorator.py
[2024-08-24T11:31:15.588+0000] {processor.py:925} INFO - DAG(s) 'example_dag_decorator' retrieved from /home/airflow/.local/lib/python3.12/site-packages/airflow/example_dags/example_dag_decorator.py
[2024-08-24T11:31:15.606+0000] {logging_mixin.py:190} INFO - [2024-08-24T11:31:15.605+0000] {dag.py:3211} INFO - Sync 1 DAGs
[2024-08-24T11:31:15.618+0000] {logging_mixin.py:190} INFO - [2024-08-24T11:31:15.618+0000] {dag.py:4138} INFO - Setting next_dagrun for example_dag_decorator to None, run_after=None
[2024-08-24T11:31:15.633+0000] {processor.py:208} INFO - Processing /home/airflow/.local/lib/python3.12/site-packages/airflow/example_dags/example_dag_decorator.py took 0.057 seconds
[2024-08-24T11:31:46.633+0000] {processor.py:186} INFO - Started process (PID=1378) to work on /home/airflow/.local/lib/python3.12/site-packages/airflow/example_dags/example_dag_decorator.py
[2024-08-24T11:31:46.633+0000] {processor.py:914} INFO - Processing file /home/airflow/.local/lib/python3.12/site-packages/airflow/example_dags/example_dag_decorator.py for tasks to queue
[2024-08-24T11:31:46.635+0000] {logging_mixin.py:190} INFO - [2024-08-24T11:31:46.635+0000] {dagbag.py:587} INFO - Filling up the DagBag from /home/airflow/.local/lib/python3.12/site-packages/airflow/example_dags/example_dag_decorator.py
[2024-08-24T11:31:46.640+0000] {processor.py:925} INFO - DAG(s) 'example_dag_decorator' retrieved from /home/airflow/.local/lib/python3.12/site-packages/airflow/example_dags/example_dag_decorator.py
[2024-08-24T11:31:46.658+0000] {logging_mixin.py:190} INFO - [2024-08-24T11:31:46.658+0000] {dag.py:3211} INFO - Sync 1 DAGs
[2024-08-24T11:31:46.667+0000] {logging_mixin.py:190} INFO - [2024-08-24T11:31:46.667+0000] {dag.py:4138} INFO - Setting next_dagrun for example_dag_decorator to None, run_after=None
[2024-08-24T11:31:46.680+0000] {processor.py:208} INFO - Processing /home/airflow/.local/lib/python3.12/site-packages/airflow/example_dags/example_dag_decorator.py took 0.051 seconds
[2024-08-24T11:32:16.737+0000] {processor.py:186} INFO - Started process (PID=1440) to work on /home/airflow/.local/lib/python3.12/site-packages/airflow/example_dags/example_dag_decorator.py
[2024-08-24T11:32:16.738+0000] {processor.py:914} INFO - Processing file /home/airflow/.local/lib/python3.12/site-packages/airflow/example_dags/example_dag_decorator.py for tasks to queue
[2024-08-24T11:32:16.739+0000] {logging_mixin.py:190} INFO - [2024-08-24T11:32:16.739+0000] {dagbag.py:587} INFO - Filling up the DagBag from /home/airflow/.local/lib/python3.12/site-packages/airflow/example_dags/example_dag_decorator.py
[2024-08-24T11:32:16.744+0000] {processor.py:925} INFO - DAG(s) 'example_dag_decorator' retrieved from /home/airflow/.local/lib/python3.12/site-packages/airflow/example_dags/example_dag_decorator.py
[2024-08-24T11:32:16.804+0000] {logging_mixin.py:190} INFO - [2024-08-24T11:32:16.804+0000] {dag.py:3211} INFO - Sync 1 DAGs
[2024-08-24T11:32:16.810+0000] {logging_mixin.py:190} INFO - [2024-08-24T11:32:16.810+0000] {dag.py:4138} INFO - Setting next_dagrun for example_dag_decorator to None, run_after=None
[2024-08-24T11:32:16.819+0000] {processor.py:208} INFO - Processing /home/airflow/.local/lib/python3.12/site-packages/airflow/example_dags/example_dag_decorator.py took 0.085 seconds
[2024-08-24T11:32:46.992+0000] {processor.py:186} INFO - Started process (PID=1502) to work on /home/airflow/.local/lib/python3.12/site-packages/airflow/example_dags/example_dag_decorator.py
[2024-08-24T11:32:46.993+0000] {processor.py:914} INFO - Processing file /home/airflow/.local/lib/python3.12/site-packages/airflow/example_dags/example_dag_decorator.py for tasks to queue
[2024-08-24T11:32:46.994+0000] {logging_mixin.py:190} INFO - [2024-08-24T11:32:46.994+0000] {dagbag.py:587} INFO - Filling up the DagBag from /home/airflow/.local/lib/python3.12/site-packages/airflow/example_dags/example_dag_decorator.py
[2024-08-24T11:32:47.000+0000] {processor.py:925} INFO - DAG(s) 'example_dag_decorator' retrieved from /home/airflow/.local/lib/python3.12/site-packages/airflow/example_dags/example_dag_decorator.py
[2024-08-24T11:32:47.061+0000] {logging_mixin.py:190} INFO - [2024-08-24T11:32:47.061+0000] {dag.py:3211} INFO - Sync 1 DAGs
[2024-08-24T11:32:47.068+0000] {logging_mixin.py:190} INFO - [2024-08-24T11:32:47.068+0000] {dag.py:4138} INFO - Setting next_dagrun for example_dag_decorator to None, run_after=None
[2024-08-24T11:32:47.078+0000] {processor.py:208} INFO - Processing /home/airflow/.local/lib/python3.12/site-packages/airflow/example_dags/example_dag_decorator.py took 0.089 seconds
[2024-08-24T11:33:17.222+0000] {processor.py:186} INFO - Started process (PID=1564) to work on /home/airflow/.local/lib/python3.12/site-packages/airflow/example_dags/example_dag_decorator.py
[2024-08-24T11:33:17.223+0000] {processor.py:914} INFO - Processing file /home/airflow/.local/lib/python3.12/site-packages/airflow/example_dags/example_dag_decorator.py for tasks to queue
[2024-08-24T11:33:17.224+0000] {logging_mixin.py:190} INFO - [2024-08-24T11:33:17.224+0000] {dagbag.py:587} INFO - Filling up the DagBag from /home/airflow/.local/lib/python3.12/site-packages/airflow/example_dags/example_dag_decorator.py
[2024-08-24T11:33:17.232+0000] {processor.py:925} INFO - DAG(s) 'example_dag_decorator' retrieved from /home/airflow/.local/lib/python3.12/site-packages/airflow/example_dags/example_dag_decorator.py
[2024-08-24T11:33:17.284+0000] {logging_mixin.py:190} INFO - [2024-08-24T11:33:17.284+0000] {dag.py:3211} INFO - Sync 1 DAGs
[2024-08-24T11:33:17.290+0000] {logging_mixin.py:190} INFO - [2024-08-24T11:33:17.290+0000] {dag.py:4138} INFO - Setting next_dagrun for example_dag_decorator to None, run_after=None
[2024-08-24T11:33:17.299+0000] {processor.py:208} INFO - Processing /home/airflow/.local/lib/python3.12/site-packages/airflow/example_dags/example_dag_decorator.py took 0.081 seconds
[2024-08-24T11:33:47.381+0000] {processor.py:186} INFO - Started process (PID=1626) to work on /home/airflow/.local/lib/python3.12/site-packages/airflow/example_dags/example_dag_decorator.py
[2024-08-24T11:33:47.382+0000] {processor.py:914} INFO - Processing file /home/airflow/.local/lib/python3.12/site-packages/airflow/example_dags/example_dag_decorator.py for tasks to queue
[2024-08-24T11:33:47.383+0000] {logging_mixin.py:190} INFO - [2024-08-24T11:33:47.383+0000] {dagbag.py:587} INFO - Filling up the DagBag from /home/airflow/.local/lib/python3.12/site-packages/airflow/example_dags/example_dag_decorator.py
[2024-08-24T11:33:47.390+0000] {processor.py:925} INFO - DAG(s) 'example_dag_decorator' retrieved from /home/airflow/.local/lib/python3.12/site-packages/airflow/example_dags/example_dag_decorator.py
[2024-08-24T11:33:47.448+0000] {logging_mixin.py:190} INFO - [2024-08-24T11:33:47.447+0000] {dag.py:3211} INFO - Sync 1 DAGs
[2024-08-24T11:33:47.455+0000] {logging_mixin.py:190} INFO - [2024-08-24T11:33:47.455+0000] {dag.py:4138} INFO - Setting next_dagrun for example_dag_decorator to None, run_after=None
[2024-08-24T11:33:47.465+0000] {processor.py:208} INFO - Processing /home/airflow/.local/lib/python3.12/site-packages/airflow/example_dags/example_dag_decorator.py took 0.087 seconds
[2024-08-24T11:34:17.549+0000] {processor.py:186} INFO - Started process (PID=1688) to work on /home/airflow/.local/lib/python3.12/site-packages/airflow/example_dags/example_dag_decorator.py
[2024-08-24T11:34:17.549+0000] {processor.py:914} INFO - Processing file /home/airflow/.local/lib/python3.12/site-packages/airflow/example_dags/example_dag_decorator.py for tasks to queue
[2024-08-24T11:34:17.551+0000] {logging_mixin.py:190} INFO - [2024-08-24T11:34:17.550+0000] {dagbag.py:587} INFO - Filling up the DagBag from /home/airflow/.local/lib/python3.12/site-packages/airflow/example_dags/example_dag_decorator.py
[2024-08-24T11:34:17.559+0000] {processor.py:925} INFO - DAG(s) 'example_dag_decorator' retrieved from /home/airflow/.local/lib/python3.12/site-packages/airflow/example_dags/example_dag_decorator.py
[2024-08-24T11:34:17.613+0000] {logging_mixin.py:190} INFO - [2024-08-24T11:34:17.612+0000] {dag.py:3211} INFO - Sync 1 DAGs
[2024-08-24T11:34:17.618+0000] {logging_mixin.py:190} INFO - [2024-08-24T11:34:17.618+0000] {dag.py:4138} INFO - Setting next_dagrun for example_dag_decorator to None, run_after=None
[2024-08-24T11:34:17.629+0000] {processor.py:208} INFO - Processing /home/airflow/.local/lib/python3.12/site-packages/airflow/example_dags/example_dag_decorator.py took 0.085 seconds
[2024-08-24T11:34:47.938+0000] {processor.py:186} INFO - Started process (PID=1750) to work on /home/airflow/.local/lib/python3.12/site-packages/airflow/example_dags/example_dag_decorator.py
[2024-08-24T11:34:47.938+0000] {processor.py:914} INFO - Processing file /home/airflow/.local/lib/python3.12/site-packages/airflow/example_dags/example_dag_decorator.py for tasks to queue
[2024-08-24T11:34:47.940+0000] {logging_mixin.py:190} INFO - [2024-08-24T11:34:47.940+0000] {dagbag.py:587} INFO - Filling up the DagBag from /home/airflow/.local/lib/python3.12/site-packages/airflow/example_dags/example_dag_decorator.py
[2024-08-24T11:34:47.947+0000] {processor.py:925} INFO - DAG(s) 'example_dag_decorator' retrieved from /home/airflow/.local/lib/python3.12/site-packages/airflow/example_dags/example_dag_decorator.py
[2024-08-24T11:34:48.000+0000] {logging_mixin.py:190} INFO - [2024-08-24T11:34:48.000+0000] {dag.py:3211} INFO - Sync 1 DAGs
[2024-08-24T11:34:48.006+0000] {logging_mixin.py:190} INFO - [2024-08-24T11:34:48.006+0000] {dag.py:4138} INFO - Setting next_dagrun for example_dag_decorator to None, run_after=None
[2024-08-24T11:34:48.015+0000] {processor.py:208} INFO - Processing /home/airflow/.local/lib/python3.12/site-packages/airflow/example_dags/example_dag_decorator.py took 0.081 seconds
[2024-08-24T11:35:18.208+0000] {processor.py:186} INFO - Started process (PID=1812) to work on /home/airflow/.local/lib/python3.12/site-packages/airflow/example_dags/example_dag_decorator.py
[2024-08-24T11:35:18.208+0000] {processor.py:914} INFO - Processing file /home/airflow/.local/lib/python3.12/site-packages/airflow/example_dags/example_dag_decorator.py for tasks to queue
[2024-08-24T11:35:18.209+0000] {logging_mixin.py:190} INFO - [2024-08-24T11:35:18.209+0000] {dagbag.py:587} INFO - Filling up the DagBag from /home/airflow/.local/lib/python3.12/site-packages/airflow/example_dags/example_dag_decorator.py
[2024-08-24T11:35:18.215+0000] {processor.py:925} INFO - DAG(s) 'example_dag_decorator' retrieved from /home/airflow/.local/lib/python3.12/site-packages/airflow/example_dags/example_dag_decorator.py
[2024-08-24T11:35:18.266+0000] {logging_mixin.py:190} INFO - [2024-08-24T11:35:18.266+0000] {dag.py:3211} INFO - Sync 1 DAGs
[2024-08-24T11:35:18.272+0000] {logging_mixin.py:190} INFO - [2024-08-24T11:35:18.272+0000] {dag.py:4138} INFO - Setting next_dagrun for example_dag_decorator to None, run_after=None
[2024-08-24T11:35:18.282+0000] {processor.py:208} INFO - Processing /home/airflow/.local/lib/python3.12/site-packages/airflow/example_dags/example_dag_decorator.py took 0.078 seconds
[2024-08-24T11:35:48.419+0000] {processor.py:186} INFO - Started process (PID=1874) to work on /home/airflow/.local/lib/python3.12/site-packages/airflow/example_dags/example_dag_decorator.py
[2024-08-24T11:35:48.420+0000] {processor.py:914} INFO - Processing file /home/airflow/.local/lib/python3.12/site-packages/airflow/example_dags/example_dag_decorator.py for tasks to queue
[2024-08-24T11:35:48.421+0000] {logging_mixin.py:190} INFO - [2024-08-24T11:35:48.421+0000] {dagbag.py:587} INFO - Filling up the DagBag from /home/airflow/.local/lib/python3.12/site-packages/airflow/example_dags/example_dag_decorator.py
[2024-08-24T11:35:48.427+0000] {processor.py:925} INFO - DAG(s) 'example_dag_decorator' retrieved from /home/airflow/.local/lib/python3.12/site-packages/airflow/example_dags/example_dag_decorator.py
[2024-08-24T11:35:48.481+0000] {logging_mixin.py:190} INFO - [2024-08-24T11:35:48.481+0000] {dag.py:3211} INFO - Sync 1 DAGs
[2024-08-24T11:35:48.487+0000] {logging_mixin.py:190} INFO - [2024-08-24T11:35:48.487+0000] {dag.py:4138} INFO - Setting next_dagrun for example_dag_decorator to None, run_after=None
[2024-08-24T11:35:48.496+0000] {processor.py:208} INFO - Processing /home/airflow/.local/lib/python3.12/site-packages/airflow/example_dags/example_dag_decorator.py took 0.080 seconds
[2024-08-24T11:36:18.779+0000] {processor.py:186} INFO - Started process (PID=1936) to work on /home/airflow/.local/lib/python3.12/site-packages/airflow/example_dags/example_dag_decorator.py
[2024-08-24T11:36:18.779+0000] {processor.py:914} INFO - Processing file /home/airflow/.local/lib/python3.12/site-packages/airflow/example_dags/example_dag_decorator.py for tasks to queue
[2024-08-24T11:36:18.781+0000] {logging_mixin.py:190} INFO - [2024-08-24T11:36:18.781+0000] {dagbag.py:587} INFO - Filling up the DagBag from /home/airflow/.local/lib/python3.12/site-packages/airflow/example_dags/example_dag_decorator.py
[2024-08-24T11:36:18.788+0000] {processor.py:925} INFO - DAG(s) 'example_dag_decorator' retrieved from /home/airflow/.local/lib/python3.12/site-packages/airflow/example_dags/example_dag_decorator.py
[2024-08-24T11:36:18.849+0000] {logging_mixin.py:190} INFO - [2024-08-24T11:36:18.849+0000] {dag.py:3211} INFO - Sync 1 DAGs
[2024-08-24T11:36:18.858+0000] {logging_mixin.py:190} INFO - [2024-08-24T11:36:18.858+0000] {dag.py:4138} INFO - Setting next_dagrun for example_dag_decorator to None, run_after=None
[2024-08-24T11:36:18.871+0000] {processor.py:208} INFO - Processing /home/airflow/.local/lib/python3.12/site-packages/airflow/example_dags/example_dag_decorator.py took 0.097 seconds
[2024-08-24T11:36:49.161+0000] {processor.py:186} INFO - Started process (PID=1998) to work on /home/airflow/.local/lib/python3.12/site-packages/airflow/example_dags/example_dag_decorator.py
[2024-08-24T11:36:49.162+0000] {processor.py:914} INFO - Processing file /home/airflow/.local/lib/python3.12/site-packages/airflow/example_dags/example_dag_decorator.py for tasks to queue
[2024-08-24T11:36:49.163+0000] {logging_mixin.py:190} INFO - [2024-08-24T11:36:49.162+0000] {dagbag.py:587} INFO - Filling up the DagBag from /home/airflow/.local/lib/python3.12/site-packages/airflow/example_dags/example_dag_decorator.py
[2024-08-24T11:36:49.169+0000] {processor.py:925} INFO - DAG(s) 'example_dag_decorator' retrieved from /home/airflow/.local/lib/python3.12/site-packages/airflow/example_dags/example_dag_decorator.py
[2024-08-24T11:36:49.231+0000] {logging_mixin.py:190} INFO - [2024-08-24T11:36:49.231+0000] {dag.py:3211} INFO - Sync 1 DAGs
[2024-08-24T11:36:49.239+0000] {logging_mixin.py:190} INFO - [2024-08-24T11:36:49.239+0000] {dag.py:4138} INFO - Setting next_dagrun for example_dag_decorator to None, run_after=None
[2024-08-24T11:36:49.249+0000] {processor.py:208} INFO - Processing /home/airflow/.local/lib/python3.12/site-packages/airflow/example_dags/example_dag_decorator.py took 0.092 seconds
[2024-08-24T11:37:19.476+0000] {processor.py:186} INFO - Started process (PID=2060) to work on /home/airflow/.local/lib/python3.12/site-packages/airflow/example_dags/example_dag_decorator.py
[2024-08-24T11:37:19.477+0000] {processor.py:914} INFO - Processing file /home/airflow/.local/lib/python3.12/site-packages/airflow/example_dags/example_dag_decorator.py for tasks to queue
[2024-08-24T11:37:19.480+0000] {logging_mixin.py:190} INFO - [2024-08-24T11:37:19.479+0000] {dagbag.py:587} INFO - Filling up the DagBag from /home/airflow/.local/lib/python3.12/site-packages/airflow/example_dags/example_dag_decorator.py
[2024-08-24T11:37:19.489+0000] {processor.py:925} INFO - DAG(s) 'example_dag_decorator' retrieved from /home/airflow/.local/lib/python3.12/site-packages/airflow/example_dags/example_dag_decorator.py
[2024-08-24T11:37:19.549+0000] {logging_mixin.py:190} INFO - [2024-08-24T11:37:19.549+0000] {dag.py:3211} INFO - Sync 1 DAGs
[2024-08-24T11:37:19.556+0000] {logging_mixin.py:190} INFO - [2024-08-24T11:37:19.556+0000] {dag.py:4138} INFO - Setting next_dagrun for example_dag_decorator to None, run_after=None
[2024-08-24T11:37:19.567+0000] {processor.py:208} INFO - Processing /home/airflow/.local/lib/python3.12/site-packages/airflow/example_dags/example_dag_decorator.py took 0.095 seconds
[2024-08-24T11:37:49.927+0000] {processor.py:186} INFO - Started process (PID=2123) to work on /home/airflow/.local/lib/python3.12/site-packages/airflow/example_dags/example_dag_decorator.py
[2024-08-24T11:37:49.927+0000] {processor.py:914} INFO - Processing file /home/airflow/.local/lib/python3.12/site-packages/airflow/example_dags/example_dag_decorator.py for tasks to queue
[2024-08-24T11:37:49.928+0000] {logging_mixin.py:190} INFO - [2024-08-24T11:37:49.928+0000] {dagbag.py:587} INFO - Filling up the DagBag from /home/airflow/.local/lib/python3.12/site-packages/airflow/example_dags/example_dag_decorator.py
[2024-08-24T11:37:49.934+0000] {processor.py:925} INFO - DAG(s) 'example_dag_decorator' retrieved from /home/airflow/.local/lib/python3.12/site-packages/airflow/example_dags/example_dag_decorator.py
[2024-08-24T11:37:49.998+0000] {logging_mixin.py:190} INFO - [2024-08-24T11:37:49.998+0000] {dag.py:3211} INFO - Sync 1 DAGs
[2024-08-24T11:37:50.004+0000] {logging_mixin.py:190} INFO - [2024-08-24T11:37:50.004+0000] {dag.py:4138} INFO - Setting next_dagrun for example_dag_decorator to None, run_after=None
[2024-08-24T11:37:50.014+0000] {processor.py:208} INFO - Processing /home/airflow/.local/lib/python3.12/site-packages/airflow/example_dags/example_dag_decorator.py took 0.090 seconds
[2024-08-24T11:38:20.589+0000] {processor.py:186} INFO - Started process (PID=2185) to work on /home/airflow/.local/lib/python3.12/site-packages/airflow/example_dags/example_dag_decorator.py
[2024-08-24T11:38:20.589+0000] {processor.py:914} INFO - Processing file /home/airflow/.local/lib/python3.12/site-packages/airflow/example_dags/example_dag_decorator.py for tasks to queue
[2024-08-24T11:38:20.591+0000] {logging_mixin.py:190} INFO - [2024-08-24T11:38:20.591+0000] {dagbag.py:587} INFO - Filling up the DagBag from /home/airflow/.local/lib/python3.12/site-packages/airflow/example_dags/example_dag_decorator.py
[2024-08-24T11:38:20.600+0000] {processor.py:925} INFO - DAG(s) 'example_dag_decorator' retrieved from /home/airflow/.local/lib/python3.12/site-packages/airflow/example_dags/example_dag_decorator.py
[2024-08-24T11:38:20.616+0000] {logging_mixin.py:190} INFO - [2024-08-24T11:38:20.615+0000] {dag.py:3211} INFO - Sync 1 DAGs
[2024-08-24T11:38:20.624+0000] {logging_mixin.py:190} INFO - [2024-08-24T11:38:20.624+0000] {dag.py:4138} INFO - Setting next_dagrun for example_dag_decorator to None, run_after=None
[2024-08-24T11:38:20.633+0000] {processor.py:208} INFO - Processing /home/airflow/.local/lib/python3.12/site-packages/airflow/example_dags/example_dag_decorator.py took 0.049 seconds
[2024-08-24T11:38:51.098+0000] {processor.py:186} INFO - Started process (PID=2246) to work on /home/airflow/.local/lib/python3.12/site-packages/airflow/example_dags/example_dag_decorator.py
[2024-08-24T11:38:51.099+0000] {processor.py:914} INFO - Processing file /home/airflow/.local/lib/python3.12/site-packages/airflow/example_dags/example_dag_decorator.py for tasks to queue
[2024-08-24T11:38:51.100+0000] {logging_mixin.py:190} INFO - [2024-08-24T11:38:51.100+0000] {dagbag.py:587} INFO - Filling up the DagBag from /home/airflow/.local/lib/python3.12/site-packages/airflow/example_dags/example_dag_decorator.py
[2024-08-24T11:38:51.106+0000] {processor.py:925} INFO - DAG(s) 'example_dag_decorator' retrieved from /home/airflow/.local/lib/python3.12/site-packages/airflow/example_dags/example_dag_decorator.py
[2024-08-24T11:38:51.159+0000] {logging_mixin.py:190} INFO - [2024-08-24T11:38:51.159+0000] {dag.py:3211} INFO - Sync 1 DAGs
[2024-08-24T11:38:51.167+0000] {logging_mixin.py:190} INFO - [2024-08-24T11:38:51.167+0000] {dag.py:4138} INFO - Setting next_dagrun for example_dag_decorator to None, run_after=None
[2024-08-24T11:38:51.178+0000] {processor.py:208} INFO - Processing /home/airflow/.local/lib/python3.12/site-packages/airflow/example_dags/example_dag_decorator.py took 0.084 seconds
[2024-08-24T11:39:21.566+0000] {processor.py:186} INFO - Started process (PID=2308) to work on /home/airflow/.local/lib/python3.12/site-packages/airflow/example_dags/example_dag_decorator.py
[2024-08-24T11:39:21.566+0000] {processor.py:914} INFO - Processing file /home/airflow/.local/lib/python3.12/site-packages/airflow/example_dags/example_dag_decorator.py for tasks to queue
[2024-08-24T11:39:21.567+0000] {logging_mixin.py:190} INFO - [2024-08-24T11:39:21.567+0000] {dagbag.py:587} INFO - Filling up the DagBag from /home/airflow/.local/lib/python3.12/site-packages/airflow/example_dags/example_dag_decorator.py
[2024-08-24T11:39:21.573+0000] {processor.py:925} INFO - DAG(s) 'example_dag_decorator' retrieved from /home/airflow/.local/lib/python3.12/site-packages/airflow/example_dags/example_dag_decorator.py
[2024-08-24T11:39:21.639+0000] {logging_mixin.py:190} INFO - [2024-08-24T11:39:21.638+0000] {dag.py:3211} INFO - Sync 1 DAGs
[2024-08-24T11:39:21.646+0000] {logging_mixin.py:190} INFO - [2024-08-24T11:39:21.646+0000] {dag.py:4138} INFO - Setting next_dagrun for example_dag_decorator to None, run_after=None
[2024-08-24T11:39:21.662+0000] {processor.py:208} INFO - Processing /home/airflow/.local/lib/python3.12/site-packages/airflow/example_dags/example_dag_decorator.py took 0.099 seconds
[2024-08-24T11:39:52.256+0000] {processor.py:186} INFO - Started process (PID=2370) to work on /home/airflow/.local/lib/python3.12/site-packages/airflow/example_dags/example_dag_decorator.py
[2024-08-24T11:39:52.256+0000] {processor.py:914} INFO - Processing file /home/airflow/.local/lib/python3.12/site-packages/airflow/example_dags/example_dag_decorator.py for tasks to queue
[2024-08-24T11:39:52.259+0000] {logging_mixin.py:190} INFO - [2024-08-24T11:39:52.258+0000] {dagbag.py:587} INFO - Filling up the DagBag from /home/airflow/.local/lib/python3.12/site-packages/airflow/example_dags/example_dag_decorator.py
[2024-08-24T11:39:52.267+0000] {processor.py:925} INFO - DAG(s) 'example_dag_decorator' retrieved from /home/airflow/.local/lib/python3.12/site-packages/airflow/example_dags/example_dag_decorator.py
[2024-08-24T11:39:52.320+0000] {logging_mixin.py:190} INFO - [2024-08-24T11:39:52.320+0000] {dag.py:3211} INFO - Sync 1 DAGs
[2024-08-24T11:39:52.327+0000] {logging_mixin.py:190} INFO - [2024-08-24T11:39:52.326+0000] {dag.py:4138} INFO - Setting next_dagrun for example_dag_decorator to None, run_after=None
[2024-08-24T11:39:52.336+0000] {processor.py:208} INFO - Processing /home/airflow/.local/lib/python3.12/site-packages/airflow/example_dags/example_dag_decorator.py took 0.086 seconds
[2024-08-24T11:40:22.737+0000] {processor.py:186} INFO - Started process (PID=2432) to work on /home/airflow/.local/lib/python3.12/site-packages/airflow/example_dags/example_dag_decorator.py
[2024-08-24T11:40:22.738+0000] {processor.py:914} INFO - Processing file /home/airflow/.local/lib/python3.12/site-packages/airflow/example_dags/example_dag_decorator.py for tasks to queue
[2024-08-24T11:40:22.740+0000] {logging_mixin.py:190} INFO - [2024-08-24T11:40:22.739+0000] {dagbag.py:587} INFO - Filling up the DagBag from /home/airflow/.local/lib/python3.12/site-packages/airflow/example_dags/example_dag_decorator.py
[2024-08-24T11:40:22.746+0000] {processor.py:925} INFO - DAG(s) 'example_dag_decorator' retrieved from /home/airflow/.local/lib/python3.12/site-packages/airflow/example_dags/example_dag_decorator.py
[2024-08-24T11:40:22.758+0000] {logging_mixin.py:190} INFO - [2024-08-24T11:40:22.758+0000] {dag.py:3211} INFO - Sync 1 DAGs
[2024-08-24T11:40:22.765+0000] {logging_mixin.py:190} INFO - [2024-08-24T11:40:22.765+0000] {dag.py:4138} INFO - Setting next_dagrun for example_dag_decorator to None, run_after=None
[2024-08-24T11:40:22.774+0000] {processor.py:208} INFO - Processing /home/airflow/.local/lib/python3.12/site-packages/airflow/example_dags/example_dag_decorator.py took 0.041 seconds
[2024-08-24T11:40:53.358+0000] {processor.py:186} INFO - Started process (PID=2494) to work on /home/airflow/.local/lib/python3.12/site-packages/airflow/example_dags/example_dag_decorator.py
[2024-08-24T11:40:53.359+0000] {processor.py:914} INFO - Processing file /home/airflow/.local/lib/python3.12/site-packages/airflow/example_dags/example_dag_decorator.py for tasks to queue
[2024-08-24T11:40:53.361+0000] {logging_mixin.py:190} INFO - [2024-08-24T11:40:53.360+0000] {dagbag.py:587} INFO - Filling up the DagBag from /home/airflow/.local/lib/python3.12/site-packages/airflow/example_dags/example_dag_decorator.py
[2024-08-24T11:40:53.368+0000] {processor.py:925} INFO - DAG(s) 'example_dag_decorator' retrieved from /home/airflow/.local/lib/python3.12/site-packages/airflow/example_dags/example_dag_decorator.py
[2024-08-24T11:40:53.428+0000] {logging_mixin.py:190} INFO - [2024-08-24T11:40:53.428+0000] {dag.py:3211} INFO - Sync 1 DAGs
[2024-08-24T11:40:53.434+0000] {logging_mixin.py:190} INFO - [2024-08-24T11:40:53.434+0000] {dag.py:4138} INFO - Setting next_dagrun for example_dag_decorator to None, run_after=None
[2024-08-24T11:40:53.444+0000] {processor.py:208} INFO - Processing /home/airflow/.local/lib/python3.12/site-packages/airflow/example_dags/example_dag_decorator.py took 0.091 seconds
[2024-08-24T11:41:23.845+0000] {processor.py:186} INFO - Started process (PID=2556) to work on /home/airflow/.local/lib/python3.12/site-packages/airflow/example_dags/example_dag_decorator.py
[2024-08-24T11:41:23.846+0000] {processor.py:914} INFO - Processing file /home/airflow/.local/lib/python3.12/site-packages/airflow/example_dags/example_dag_decorator.py for tasks to queue
[2024-08-24T11:41:23.847+0000] {logging_mixin.py:190} INFO - [2024-08-24T11:41:23.847+0000] {dagbag.py:587} INFO - Filling up the DagBag from /home/airflow/.local/lib/python3.12/site-packages/airflow/example_dags/example_dag_decorator.py
[2024-08-24T11:41:23.853+0000] {processor.py:925} INFO - DAG(s) 'example_dag_decorator' retrieved from /home/airflow/.local/lib/python3.12/site-packages/airflow/example_dags/example_dag_decorator.py
[2024-08-24T11:41:23.906+0000] {logging_mixin.py:190} INFO - [2024-08-24T11:41:23.906+0000] {dag.py:3211} INFO - Sync 1 DAGs
[2024-08-24T11:41:23.911+0000] {logging_mixin.py:190} INFO - [2024-08-24T11:41:23.911+0000] {dag.py:4138} INFO - Setting next_dagrun for example_dag_decorator to None, run_after=None
[2024-08-24T11:41:23.921+0000] {processor.py:208} INFO - Processing /home/airflow/.local/lib/python3.12/site-packages/airflow/example_dags/example_dag_decorator.py took 0.079 seconds
[2024-08-24T11:41:54.386+0000] {processor.py:186} INFO - Started process (PID=2618) to work on /home/airflow/.local/lib/python3.12/site-packages/airflow/example_dags/example_dag_decorator.py
[2024-08-24T11:41:54.386+0000] {processor.py:914} INFO - Processing file /home/airflow/.local/lib/python3.12/site-packages/airflow/example_dags/example_dag_decorator.py for tasks to queue
[2024-08-24T11:41:54.387+0000] {logging_mixin.py:190} INFO - [2024-08-24T11:41:54.387+0000] {dagbag.py:587} INFO - Filling up the DagBag from /home/airflow/.local/lib/python3.12/site-packages/airflow/example_dags/example_dag_decorator.py
[2024-08-24T11:41:54.393+0000] {processor.py:925} INFO - DAG(s) 'example_dag_decorator' retrieved from /home/airflow/.local/lib/python3.12/site-packages/airflow/example_dags/example_dag_decorator.py
[2024-08-24T11:41:54.457+0000] {logging_mixin.py:190} INFO - [2024-08-24T11:41:54.457+0000] {dag.py:3211} INFO - Sync 1 DAGs
[2024-08-24T11:41:54.463+0000] {logging_mixin.py:190} INFO - [2024-08-24T11:41:54.463+0000] {dag.py:4138} INFO - Setting next_dagrun for example_dag_decorator to None, run_after=None
[2024-08-24T11:41:54.564+0000] {processor.py:208} INFO - Processing /home/airflow/.local/lib/python3.12/site-packages/airflow/example_dags/example_dag_decorator.py took 0.181 seconds
[2024-08-24T11:42:24.842+0000] {processor.py:186} INFO - Started process (PID=2680) to work on /home/airflow/.local/lib/python3.12/site-packages/airflow/example_dags/example_dag_decorator.py
[2024-08-24T11:42:24.843+0000] {processor.py:914} INFO - Processing file /home/airflow/.local/lib/python3.12/site-packages/airflow/example_dags/example_dag_decorator.py for tasks to queue
[2024-08-24T11:42:24.844+0000] {logging_mixin.py:190} INFO - [2024-08-24T11:42:24.844+0000] {dagbag.py:587} INFO - Filling up the DagBag from /home/airflow/.local/lib/python3.12/site-packages/airflow/example_dags/example_dag_decorator.py
[2024-08-24T11:42:24.850+0000] {processor.py:925} INFO - DAG(s) 'example_dag_decorator' retrieved from /home/airflow/.local/lib/python3.12/site-packages/airflow/example_dags/example_dag_decorator.py
[2024-08-24T11:42:24.903+0000] {logging_mixin.py:190} INFO - [2024-08-24T11:42:24.903+0000] {dag.py:3211} INFO - Sync 1 DAGs
[2024-08-24T11:42:24.909+0000] {logging_mixin.py:190} INFO - [2024-08-24T11:42:24.909+0000] {dag.py:4138} INFO - Setting next_dagrun for example_dag_decorator to None, run_after=None
[2024-08-24T11:42:24.919+0000] {processor.py:208} INFO - Processing /home/airflow/.local/lib/python3.12/site-packages/airflow/example_dags/example_dag_decorator.py took 0.080 seconds
[2024-08-24T11:42:55.345+0000] {processor.py:186} INFO - Started process (PID=2742) to work on /home/airflow/.local/lib/python3.12/site-packages/airflow/example_dags/example_dag_decorator.py
[2024-08-24T11:42:55.345+0000] {processor.py:914} INFO - Processing file /home/airflow/.local/lib/python3.12/site-packages/airflow/example_dags/example_dag_decorator.py for tasks to queue
[2024-08-24T11:42:55.346+0000] {logging_mixin.py:190} INFO - [2024-08-24T11:42:55.346+0000] {dagbag.py:587} INFO - Filling up the DagBag from /home/airflow/.local/lib/python3.12/site-packages/airflow/example_dags/example_dag_decorator.py
[2024-08-24T11:42:55.353+0000] {processor.py:925} INFO - DAG(s) 'example_dag_decorator' retrieved from /home/airflow/.local/lib/python3.12/site-packages/airflow/example_dags/example_dag_decorator.py
[2024-08-24T11:42:55.501+0000] {logging_mixin.py:190} INFO - [2024-08-24T11:42:55.501+0000] {dag.py:3211} INFO - Sync 1 DAGs
[2024-08-24T11:42:55.506+0000] {logging_mixin.py:190} INFO - [2024-08-24T11:42:55.506+0000] {dag.py:4138} INFO - Setting next_dagrun for example_dag_decorator to None, run_after=None
[2024-08-24T11:42:55.514+0000] {processor.py:208} INFO - Processing /home/airflow/.local/lib/python3.12/site-packages/airflow/example_dags/example_dag_decorator.py took 0.173 seconds
[2024-08-24T11:43:25.749+0000] {processor.py:186} INFO - Started process (PID=2804) to work on /home/airflow/.local/lib/python3.12/site-packages/airflow/example_dags/example_dag_decorator.py
[2024-08-24T11:43:25.750+0000] {processor.py:914} INFO - Processing file /home/airflow/.local/lib/python3.12/site-packages/airflow/example_dags/example_dag_decorator.py for tasks to queue
[2024-08-24T11:43:25.751+0000] {logging_mixin.py:190} INFO - [2024-08-24T11:43:25.751+0000] {dagbag.py:587} INFO - Filling up the DagBag from /home/airflow/.local/lib/python3.12/site-packages/airflow/example_dags/example_dag_decorator.py
[2024-08-24T11:43:25.757+0000] {processor.py:925} INFO - DAG(s) 'example_dag_decorator' retrieved from /home/airflow/.local/lib/python3.12/site-packages/airflow/example_dags/example_dag_decorator.py
[2024-08-24T11:43:25.912+0000] {logging_mixin.py:190} INFO - [2024-08-24T11:43:25.912+0000] {dag.py:3211} INFO - Sync 1 DAGs
[2024-08-24T11:43:25.919+0000] {logging_mixin.py:190} INFO - [2024-08-24T11:43:25.919+0000] {dag.py:4138} INFO - Setting next_dagrun for example_dag_decorator to None, run_after=None
[2024-08-24T11:43:25.940+0000] {processor.py:208} INFO - Processing /home/airflow/.local/lib/python3.12/site-packages/airflow/example_dags/example_dag_decorator.py took 0.193 seconds
[2024-08-24T11:43:56.283+0000] {processor.py:186} INFO - Started process (PID=2866) to work on /home/airflow/.local/lib/python3.12/site-packages/airflow/example_dags/example_dag_decorator.py
[2024-08-24T11:43:56.284+0000] {processor.py:914} INFO - Processing file /home/airflow/.local/lib/python3.12/site-packages/airflow/example_dags/example_dag_decorator.py for tasks to queue
[2024-08-24T11:43:56.285+0000] {logging_mixin.py:190} INFO - [2024-08-24T11:43:56.285+0000] {dagbag.py:587} INFO - Filling up the DagBag from /home/airflow/.local/lib/python3.12/site-packages/airflow/example_dags/example_dag_decorator.py
[2024-08-24T11:43:56.291+0000] {processor.py:925} INFO - DAG(s) 'example_dag_decorator' retrieved from /home/airflow/.local/lib/python3.12/site-packages/airflow/example_dags/example_dag_decorator.py
[2024-08-24T11:43:56.303+0000] {logging_mixin.py:190} INFO - [2024-08-24T11:43:56.303+0000] {dag.py:3211} INFO - Sync 1 DAGs
[2024-08-24T11:43:56.311+0000] {logging_mixin.py:190} INFO - [2024-08-24T11:43:56.310+0000] {dag.py:4138} INFO - Setting next_dagrun for example_dag_decorator to None, run_after=None
[2024-08-24T11:43:56.320+0000] {processor.py:208} INFO - Processing /home/airflow/.local/lib/python3.12/site-packages/airflow/example_dags/example_dag_decorator.py took 0.040 seconds
[2024-08-24T11:44:27.521+0000] {processor.py:186} INFO - Started process (PID=2928) to work on /home/airflow/.local/lib/python3.12/site-packages/airflow/example_dags/example_dag_decorator.py
[2024-08-24T11:44:27.521+0000] {processor.py:914} INFO - Processing file /home/airflow/.local/lib/python3.12/site-packages/airflow/example_dags/example_dag_decorator.py for tasks to queue
[2024-08-24T11:44:27.522+0000] {logging_mixin.py:190} INFO - [2024-08-24T11:44:27.522+0000] {dagbag.py:587} INFO - Filling up the DagBag from /home/airflow/.local/lib/python3.12/site-packages/airflow/example_dags/example_dag_decorator.py
[2024-08-24T11:44:27.529+0000] {processor.py:925} INFO - DAG(s) 'example_dag_decorator' retrieved from /home/airflow/.local/lib/python3.12/site-packages/airflow/example_dags/example_dag_decorator.py
[2024-08-24T11:44:27.542+0000] {logging_mixin.py:190} INFO - [2024-08-24T11:44:27.542+0000] {dag.py:3211} INFO - Sync 1 DAGs
[2024-08-24T11:44:27.549+0000] {logging_mixin.py:190} INFO - [2024-08-24T11:44:27.549+0000] {dag.py:4138} INFO - Setting next_dagrun for example_dag_decorator to None, run_after=None
[2024-08-24T11:44:27.649+0000] {processor.py:208} INFO - Processing /home/airflow/.local/lib/python3.12/site-packages/airflow/example_dags/example_dag_decorator.py took 0.132 seconds
[2024-08-24T11:44:58.354+0000] {processor.py:186} INFO - Started process (PID=2991) to work on /home/airflow/.local/lib/python3.12/site-packages/airflow/example_dags/example_dag_decorator.py
[2024-08-24T11:44:58.355+0000] {processor.py:914} INFO - Processing file /home/airflow/.local/lib/python3.12/site-packages/airflow/example_dags/example_dag_decorator.py for tasks to queue
[2024-08-24T11:44:58.356+0000] {logging_mixin.py:190} INFO - [2024-08-24T11:44:58.356+0000] {dagbag.py:587} INFO - Filling up the DagBag from /home/airflow/.local/lib/python3.12/site-packages/airflow/example_dags/example_dag_decorator.py
[2024-08-24T11:44:58.363+0000] {processor.py:925} INFO - DAG(s) 'example_dag_decorator' retrieved from /home/airflow/.local/lib/python3.12/site-packages/airflow/example_dags/example_dag_decorator.py
[2024-08-24T11:44:58.507+0000] {logging_mixin.py:190} INFO - [2024-08-24T11:44:58.507+0000] {dag.py:3211} INFO - Sync 1 DAGs
[2024-08-24T11:44:58.512+0000] {logging_mixin.py:190} INFO - [2024-08-24T11:44:58.512+0000] {dag.py:4138} INFO - Setting next_dagrun for example_dag_decorator to None, run_after=None
[2024-08-24T11:44:58.521+0000] {processor.py:208} INFO - Processing /home/airflow/.local/lib/python3.12/site-packages/airflow/example_dags/example_dag_decorator.py took 0.170 seconds
[2024-08-24T11:45:28.720+0000] {processor.py:186} INFO - Started process (PID=3055) to work on /home/airflow/.local/lib/python3.12/site-packages/airflow/example_dags/example_dag_decorator.py
[2024-08-24T11:45:28.721+0000] {processor.py:914} INFO - Processing file /home/airflow/.local/lib/python3.12/site-packages/airflow/example_dags/example_dag_decorator.py for tasks to queue
[2024-08-24T11:45:28.723+0000] {logging_mixin.py:190} INFO - [2024-08-24T11:45:28.722+0000] {dagbag.py:587} INFO - Filling up the DagBag from /home/airflow/.local/lib/python3.12/site-packages/airflow/example_dags/example_dag_decorator.py
[2024-08-24T11:45:28.730+0000] {processor.py:925} INFO - DAG(s) 'example_dag_decorator' retrieved from /home/airflow/.local/lib/python3.12/site-packages/airflow/example_dags/example_dag_decorator.py
[2024-08-24T11:45:28.886+0000] {logging_mixin.py:190} INFO - [2024-08-24T11:45:28.886+0000] {dag.py:3211} INFO - Sync 1 DAGs
[2024-08-24T11:45:28.892+0000] {logging_mixin.py:190} INFO - [2024-08-24T11:45:28.892+0000] {dag.py:4138} INFO - Setting next_dagrun for example_dag_decorator to None, run_after=None
[2024-08-24T11:45:28.901+0000] {processor.py:208} INFO - Processing /home/airflow/.local/lib/python3.12/site-packages/airflow/example_dags/example_dag_decorator.py took 0.185 seconds
[2024-08-24T11:45:59.804+0000] {processor.py:186} INFO - Started process (PID=3117) to work on /home/airflow/.local/lib/python3.12/site-packages/airflow/example_dags/example_dag_decorator.py
[2024-08-24T11:45:59.805+0000] {processor.py:914} INFO - Processing file /home/airflow/.local/lib/python3.12/site-packages/airflow/example_dags/example_dag_decorator.py for tasks to queue
[2024-08-24T11:45:59.807+0000] {logging_mixin.py:190} INFO - [2024-08-24T11:45:59.806+0000] {dagbag.py:587} INFO - Filling up the DagBag from /home/airflow/.local/lib/python3.12/site-packages/airflow/example_dags/example_dag_decorator.py
[2024-08-24T11:45:59.815+0000] {processor.py:925} INFO - DAG(s) 'example_dag_decorator' retrieved from /home/airflow/.local/lib/python3.12/site-packages/airflow/example_dags/example_dag_decorator.py
[2024-08-24T11:45:59.961+0000] {logging_mixin.py:190} INFO - [2024-08-24T11:45:59.961+0000] {dag.py:3211} INFO - Sync 1 DAGs
[2024-08-24T11:45:59.966+0000] {logging_mixin.py:190} INFO - [2024-08-24T11:45:59.966+0000] {dag.py:4138} INFO - Setting next_dagrun for example_dag_decorator to None, run_after=None
[2024-08-24T11:45:59.975+0000] {processor.py:208} INFO - Processing /home/airflow/.local/lib/python3.12/site-packages/airflow/example_dags/example_dag_decorator.py took 0.175 seconds
[2024-08-24T11:46:30.525+0000] {processor.py:186} INFO - Started process (PID=3178) to work on /home/airflow/.local/lib/python3.12/site-packages/airflow/example_dags/example_dag_decorator.py
[2024-08-24T11:46:30.525+0000] {processor.py:914} INFO - Processing file /home/airflow/.local/lib/python3.12/site-packages/airflow/example_dags/example_dag_decorator.py for tasks to queue
[2024-08-24T11:46:30.527+0000] {logging_mixin.py:190} INFO - [2024-08-24T11:46:30.526+0000] {dagbag.py:587} INFO - Filling up the DagBag from /home/airflow/.local/lib/python3.12/site-packages/airflow/example_dags/example_dag_decorator.py
[2024-08-24T11:46:30.532+0000] {processor.py:925} INFO - DAG(s) 'example_dag_decorator' retrieved from /home/airflow/.local/lib/python3.12/site-packages/airflow/example_dags/example_dag_decorator.py
[2024-08-24T11:46:30.687+0000] {logging_mixin.py:190} INFO - [2024-08-24T11:46:30.687+0000] {dag.py:3211} INFO - Sync 1 DAGs
[2024-08-24T11:46:30.693+0000] {logging_mixin.py:190} INFO - [2024-08-24T11:46:30.693+0000] {dag.py:4138} INFO - Setting next_dagrun for example_dag_decorator to None, run_after=None
[2024-08-24T11:46:30.701+0000] {processor.py:208} INFO - Processing /home/airflow/.local/lib/python3.12/site-packages/airflow/example_dags/example_dag_decorator.py took 0.180 seconds
[2024-08-24T11:47:00.935+0000] {processor.py:186} INFO - Started process (PID=3240) to work on /home/airflow/.local/lib/python3.12/site-packages/airflow/example_dags/example_dag_decorator.py
[2024-08-24T11:47:00.935+0000] {processor.py:914} INFO - Processing file /home/airflow/.local/lib/python3.12/site-packages/airflow/example_dags/example_dag_decorator.py for tasks to queue
[2024-08-24T11:47:00.936+0000] {logging_mixin.py:190} INFO - [2024-08-24T11:47:00.936+0000] {dagbag.py:587} INFO - Filling up the DagBag from /home/airflow/.local/lib/python3.12/site-packages/airflow/example_dags/example_dag_decorator.py
[2024-08-24T11:47:00.943+0000] {processor.py:925} INFO - DAG(s) 'example_dag_decorator' retrieved from /home/airflow/.local/lib/python3.12/site-packages/airflow/example_dags/example_dag_decorator.py
[2024-08-24T11:47:01.099+0000] {logging_mixin.py:190} INFO - [2024-08-24T11:47:01.099+0000] {dag.py:3211} INFO - Sync 1 DAGs
[2024-08-24T11:47:01.106+0000] {logging_mixin.py:190} INFO - [2024-08-24T11:47:01.106+0000] {dag.py:4138} INFO - Setting next_dagrun for example_dag_decorator to None, run_after=None
[2024-08-24T11:47:01.116+0000] {processor.py:208} INFO - Processing /home/airflow/.local/lib/python3.12/site-packages/airflow/example_dags/example_dag_decorator.py took 0.184 seconds
[2024-08-24T11:47:31.683+0000] {processor.py:186} INFO - Started process (PID=3302) to work on /home/airflow/.local/lib/python3.12/site-packages/airflow/example_dags/example_dag_decorator.py
[2024-08-24T11:47:31.684+0000] {processor.py:914} INFO - Processing file /home/airflow/.local/lib/python3.12/site-packages/airflow/example_dags/example_dag_decorator.py for tasks to queue
[2024-08-24T11:47:31.685+0000] {logging_mixin.py:190} INFO - [2024-08-24T11:47:31.685+0000] {dagbag.py:587} INFO - Filling up the DagBag from /home/airflow/.local/lib/python3.12/site-packages/airflow/example_dags/example_dag_decorator.py
[2024-08-24T11:47:31.691+0000] {processor.py:925} INFO - DAG(s) 'example_dag_decorator' retrieved from /home/airflow/.local/lib/python3.12/site-packages/airflow/example_dags/example_dag_decorator.py
[2024-08-24T11:47:31.746+0000] {logging_mixin.py:190} INFO - [2024-08-24T11:47:31.746+0000] {dag.py:3211} INFO - Sync 1 DAGs
[2024-08-24T11:47:31.752+0000] {logging_mixin.py:190} INFO - [2024-08-24T11:47:31.752+0000] {dag.py:4138} INFO - Setting next_dagrun for example_dag_decorator to None, run_after=None
[2024-08-24T11:47:31.762+0000] {processor.py:208} INFO - Processing /home/airflow/.local/lib/python3.12/site-packages/airflow/example_dags/example_dag_decorator.py took 0.083 seconds
[2024-08-24T11:48:01.960+0000] {processor.py:186} INFO - Started process (PID=3364) to work on /home/airflow/.local/lib/python3.12/site-packages/airflow/example_dags/example_dag_decorator.py
[2024-08-24T11:48:01.960+0000] {processor.py:914} INFO - Processing file /home/airflow/.local/lib/python3.12/site-packages/airflow/example_dags/example_dag_decorator.py for tasks to queue
[2024-08-24T11:48:01.961+0000] {logging_mixin.py:190} INFO - [2024-08-24T11:48:01.961+0000] {dagbag.py:587} INFO - Filling up the DagBag from /home/airflow/.local/lib/python3.12/site-packages/airflow/example_dags/example_dag_decorator.py
[2024-08-24T11:48:01.967+0000] {processor.py:925} INFO - DAG(s) 'example_dag_decorator' retrieved from /home/airflow/.local/lib/python3.12/site-packages/airflow/example_dags/example_dag_decorator.py
[2024-08-24T11:48:02.023+0000] {logging_mixin.py:190} INFO - [2024-08-24T11:48:02.023+0000] {dag.py:3211} INFO - Sync 1 DAGs
[2024-08-24T11:48:02.030+0000] {logging_mixin.py:190} INFO - [2024-08-24T11:48:02.030+0000] {dag.py:4138} INFO - Setting next_dagrun for example_dag_decorator to None, run_after=None
[2024-08-24T11:48:02.040+0000] {processor.py:208} INFO - Processing /home/airflow/.local/lib/python3.12/site-packages/airflow/example_dags/example_dag_decorator.py took 0.084 seconds
[2024-08-24T11:48:32.299+0000] {processor.py:186} INFO - Started process (PID=3426) to work on /home/airflow/.local/lib/python3.12/site-packages/airflow/example_dags/example_dag_decorator.py
[2024-08-24T11:48:32.299+0000] {processor.py:914} INFO - Processing file /home/airflow/.local/lib/python3.12/site-packages/airflow/example_dags/example_dag_decorator.py for tasks to queue
[2024-08-24T11:48:32.300+0000] {logging_mixin.py:190} INFO - [2024-08-24T11:48:32.300+0000] {dagbag.py:587} INFO - Filling up the DagBag from /home/airflow/.local/lib/python3.12/site-packages/airflow/example_dags/example_dag_decorator.py
[2024-08-24T11:48:32.306+0000] {processor.py:925} INFO - DAG(s) 'example_dag_decorator' retrieved from /home/airflow/.local/lib/python3.12/site-packages/airflow/example_dags/example_dag_decorator.py
[2024-08-24T11:48:32.361+0000] {logging_mixin.py:190} INFO - [2024-08-24T11:48:32.361+0000] {dag.py:3211} INFO - Sync 1 DAGs
[2024-08-24T11:48:32.367+0000] {logging_mixin.py:190} INFO - [2024-08-24T11:48:32.367+0000] {dag.py:4138} INFO - Setting next_dagrun for example_dag_decorator to None, run_after=None
[2024-08-24T11:48:32.378+0000] {processor.py:208} INFO - Processing /home/airflow/.local/lib/python3.12/site-packages/airflow/example_dags/example_dag_decorator.py took 0.082 seconds
[2024-08-24T11:49:02.619+0000] {processor.py:186} INFO - Started process (PID=3488) to work on /home/airflow/.local/lib/python3.12/site-packages/airflow/example_dags/example_dag_decorator.py
[2024-08-24T11:49:02.619+0000] {processor.py:914} INFO - Processing file /home/airflow/.local/lib/python3.12/site-packages/airflow/example_dags/example_dag_decorator.py for tasks to queue
[2024-08-24T11:49:02.621+0000] {logging_mixin.py:190} INFO - [2024-08-24T11:49:02.620+0000] {dagbag.py:587} INFO - Filling up the DagBag from /home/airflow/.local/lib/python3.12/site-packages/airflow/example_dags/example_dag_decorator.py
[2024-08-24T11:49:02.627+0000] {processor.py:925} INFO - DAG(s) 'example_dag_decorator' retrieved from /home/airflow/.local/lib/python3.12/site-packages/airflow/example_dags/example_dag_decorator.py
[2024-08-24T11:49:02.684+0000] {logging_mixin.py:190} INFO - [2024-08-24T11:49:02.684+0000] {dag.py:3211} INFO - Sync 1 DAGs
[2024-08-24T11:49:02.690+0000] {logging_mixin.py:190} INFO - [2024-08-24T11:49:02.690+0000] {dag.py:4138} INFO - Setting next_dagrun for example_dag_decorator to None, run_after=None
[2024-08-24T11:49:02.700+0000] {processor.py:208} INFO - Processing /home/airflow/.local/lib/python3.12/site-packages/airflow/example_dags/example_dag_decorator.py took 0.084 seconds
[2024-08-24T11:49:32.982+0000] {processor.py:186} INFO - Started process (PID=3551) to work on /home/airflow/.local/lib/python3.12/site-packages/airflow/example_dags/example_dag_decorator.py
[2024-08-24T11:49:32.983+0000] {processor.py:914} INFO - Processing file /home/airflow/.local/lib/python3.12/site-packages/airflow/example_dags/example_dag_decorator.py for tasks to queue
[2024-08-24T11:49:32.984+0000] {logging_mixin.py:190} INFO - [2024-08-24T11:49:32.984+0000] {dagbag.py:587} INFO - Filling up the DagBag from /home/airflow/.local/lib/python3.12/site-packages/airflow/example_dags/example_dag_decorator.py
[2024-08-24T11:49:32.990+0000] {processor.py:925} INFO - DAG(s) 'example_dag_decorator' retrieved from /home/airflow/.local/lib/python3.12/site-packages/airflow/example_dags/example_dag_decorator.py
[2024-08-24T11:49:33.005+0000] {logging_mixin.py:190} INFO - [2024-08-24T11:49:33.004+0000] {dag.py:3211} INFO - Sync 1 DAGs
[2024-08-24T11:49:33.012+0000] {logging_mixin.py:190} INFO - [2024-08-24T11:49:33.012+0000] {dag.py:4138} INFO - Setting next_dagrun for example_dag_decorator to None, run_after=None
[2024-08-24T11:49:33.020+0000] {processor.py:208} INFO - Processing /home/airflow/.local/lib/python3.12/site-packages/airflow/example_dags/example_dag_decorator.py took 0.041 seconds
[2024-08-24T11:50:03.230+0000] {processor.py:186} INFO - Started process (PID=3612) to work on /home/airflow/.local/lib/python3.12/site-packages/airflow/example_dags/example_dag_decorator.py
[2024-08-24T11:50:03.230+0000] {processor.py:914} INFO - Processing file /home/airflow/.local/lib/python3.12/site-packages/airflow/example_dags/example_dag_decorator.py for tasks to queue
[2024-08-24T11:50:03.231+0000] {logging_mixin.py:190} INFO - [2024-08-24T11:50:03.231+0000] {dagbag.py:587} INFO - Filling up the DagBag from /home/airflow/.local/lib/python3.12/site-packages/airflow/example_dags/example_dag_decorator.py
[2024-08-24T11:50:03.237+0000] {processor.py:925} INFO - DAG(s) 'example_dag_decorator' retrieved from /home/airflow/.local/lib/python3.12/site-packages/airflow/example_dags/example_dag_decorator.py
[2024-08-24T11:50:03.299+0000] {logging_mixin.py:190} INFO - [2024-08-24T11:50:03.298+0000] {dag.py:3211} INFO - Sync 1 DAGs
[2024-08-24T11:50:03.305+0000] {logging_mixin.py:190} INFO - [2024-08-24T11:50:03.305+0000] {dag.py:4138} INFO - Setting next_dagrun for example_dag_decorator to None, run_after=None
[2024-08-24T11:50:03.314+0000] {processor.py:208} INFO - Processing /home/airflow/.local/lib/python3.12/site-packages/airflow/example_dags/example_dag_decorator.py took 0.087 seconds
[2024-08-24T11:50:33.563+0000] {processor.py:186} INFO - Started process (PID=3674) to work on /home/airflow/.local/lib/python3.12/site-packages/airflow/example_dags/example_dag_decorator.py
[2024-08-24T11:50:33.563+0000] {processor.py:914} INFO - Processing file /home/airflow/.local/lib/python3.12/site-packages/airflow/example_dags/example_dag_decorator.py for tasks to queue
[2024-08-24T11:50:33.564+0000] {logging_mixin.py:190} INFO - [2024-08-24T11:50:33.564+0000] {dagbag.py:587} INFO - Filling up the DagBag from /home/airflow/.local/lib/python3.12/site-packages/airflow/example_dags/example_dag_decorator.py
[2024-08-24T11:50:33.570+0000] {processor.py:925} INFO - DAG(s) 'example_dag_decorator' retrieved from /home/airflow/.local/lib/python3.12/site-packages/airflow/example_dags/example_dag_decorator.py
[2024-08-24T11:50:33.635+0000] {logging_mixin.py:190} INFO - [2024-08-24T11:50:33.635+0000] {dag.py:3211} INFO - Sync 1 DAGs
[2024-08-24T11:50:33.645+0000] {logging_mixin.py:190} INFO - [2024-08-24T11:50:33.645+0000] {dag.py:4138} INFO - Setting next_dagrun for example_dag_decorator to None, run_after=None
[2024-08-24T11:50:33.660+0000] {processor.py:208} INFO - Processing /home/airflow/.local/lib/python3.12/site-packages/airflow/example_dags/example_dag_decorator.py took 0.101 seconds
[2024-08-24T11:51:04.115+0000] {processor.py:186} INFO - Started process (PID=3736) to work on /home/airflow/.local/lib/python3.12/site-packages/airflow/example_dags/example_dag_decorator.py
[2024-08-24T11:51:04.115+0000] {processor.py:914} INFO - Processing file /home/airflow/.local/lib/python3.12/site-packages/airflow/example_dags/example_dag_decorator.py for tasks to queue
[2024-08-24T11:51:04.117+0000] {logging_mixin.py:190} INFO - [2024-08-24T11:51:04.116+0000] {dagbag.py:587} INFO - Filling up the DagBag from /home/airflow/.local/lib/python3.12/site-packages/airflow/example_dags/example_dag_decorator.py
[2024-08-24T11:51:04.124+0000] {processor.py:925} INFO - DAG(s) 'example_dag_decorator' retrieved from /home/airflow/.local/lib/python3.12/site-packages/airflow/example_dags/example_dag_decorator.py
[2024-08-24T11:51:04.188+0000] {logging_mixin.py:190} INFO - [2024-08-24T11:51:04.188+0000] {dag.py:3211} INFO - Sync 1 DAGs
[2024-08-24T11:51:04.195+0000] {logging_mixin.py:190} INFO - [2024-08-24T11:51:04.195+0000] {dag.py:4138} INFO - Setting next_dagrun for example_dag_decorator to None, run_after=None
[2024-08-24T11:51:04.211+0000] {processor.py:208} INFO - Processing /home/airflow/.local/lib/python3.12/site-packages/airflow/example_dags/example_dag_decorator.py took 0.099 seconds
[2024-08-24T11:51:34.543+0000] {processor.py:186} INFO - Started process (PID=3799) to work on /home/airflow/.local/lib/python3.12/site-packages/airflow/example_dags/example_dag_decorator.py
[2024-08-24T11:51:34.544+0000] {processor.py:914} INFO - Processing file /home/airflow/.local/lib/python3.12/site-packages/airflow/example_dags/example_dag_decorator.py for tasks to queue
[2024-08-24T11:51:34.545+0000] {logging_mixin.py:190} INFO - [2024-08-24T11:51:34.544+0000] {dagbag.py:587} INFO - Filling up the DagBag from /home/airflow/.local/lib/python3.12/site-packages/airflow/example_dags/example_dag_decorator.py
[2024-08-24T11:51:34.551+0000] {processor.py:925} INFO - DAG(s) 'example_dag_decorator' retrieved from /home/airflow/.local/lib/python3.12/site-packages/airflow/example_dags/example_dag_decorator.py
[2024-08-24T11:51:34.618+0000] {logging_mixin.py:190} INFO - [2024-08-24T11:51:34.618+0000] {dag.py:3211} INFO - Sync 1 DAGs
[2024-08-24T11:51:34.625+0000] {logging_mixin.py:190} INFO - [2024-08-24T11:51:34.625+0000] {dag.py:4138} INFO - Setting next_dagrun for example_dag_decorator to None, run_after=None
[2024-08-24T11:51:34.638+0000] {processor.py:208} INFO - Processing /home/airflow/.local/lib/python3.12/site-packages/airflow/example_dags/example_dag_decorator.py took 0.099 seconds
[2024-08-24T11:52:04.674+0000] {processor.py:186} INFO - Started process (PID=3860) to work on /home/airflow/.local/lib/python3.12/site-packages/airflow/example_dags/example_dag_decorator.py
[2024-08-24T11:52:04.674+0000] {processor.py:914} INFO - Processing file /home/airflow/.local/lib/python3.12/site-packages/airflow/example_dags/example_dag_decorator.py for tasks to queue
[2024-08-24T11:52:04.676+0000] {logging_mixin.py:190} INFO - [2024-08-24T11:52:04.675+0000] {dagbag.py:587} INFO - Filling up the DagBag from /home/airflow/.local/lib/python3.12/site-packages/airflow/example_dags/example_dag_decorator.py
[2024-08-24T11:52:04.682+0000] {processor.py:925} INFO - DAG(s) 'example_dag_decorator' retrieved from /home/airflow/.local/lib/python3.12/site-packages/airflow/example_dags/example_dag_decorator.py
[2024-08-24T11:52:04.740+0000] {logging_mixin.py:190} INFO - [2024-08-24T11:52:04.740+0000] {dag.py:3211} INFO - Sync 1 DAGs
[2024-08-24T11:52:04.747+0000] {logging_mixin.py:190} INFO - [2024-08-24T11:52:04.747+0000] {dag.py:4138} INFO - Setting next_dagrun for example_dag_decorator to None, run_after=None
[2024-08-24T11:52:04.757+0000] {processor.py:208} INFO - Processing /home/airflow/.local/lib/python3.12/site-packages/airflow/example_dags/example_dag_decorator.py took 0.088 seconds
[2024-08-24T11:52:34.939+0000] {processor.py:186} INFO - Started process (PID=3922) to work on /home/airflow/.local/lib/python3.12/site-packages/airflow/example_dags/example_dag_decorator.py
[2024-08-24T11:52:34.939+0000] {processor.py:914} INFO - Processing file /home/airflow/.local/lib/python3.12/site-packages/airflow/example_dags/example_dag_decorator.py for tasks to queue
[2024-08-24T11:52:34.941+0000] {logging_mixin.py:190} INFO - [2024-08-24T11:52:34.940+0000] {dagbag.py:587} INFO - Filling up the DagBag from /home/airflow/.local/lib/python3.12/site-packages/airflow/example_dags/example_dag_decorator.py
[2024-08-24T11:52:34.946+0000] {processor.py:925} INFO - DAG(s) 'example_dag_decorator' retrieved from /home/airflow/.local/lib/python3.12/site-packages/airflow/example_dags/example_dag_decorator.py
[2024-08-24T11:52:35.004+0000] {logging_mixin.py:190} INFO - [2024-08-24T11:52:35.004+0000] {dag.py:3211} INFO - Sync 1 DAGs
[2024-08-24T11:52:35.011+0000] {logging_mixin.py:190} INFO - [2024-08-24T11:52:35.010+0000] {dag.py:4138} INFO - Setting next_dagrun for example_dag_decorator to None, run_after=None
[2024-08-24T11:52:35.019+0000] {processor.py:208} INFO - Processing /home/airflow/.local/lib/python3.12/site-packages/airflow/example_dags/example_dag_decorator.py took 0.083 seconds
[2024-08-24T11:53:05.303+0000] {processor.py:186} INFO - Started process (PID=3984) to work on /home/airflow/.local/lib/python3.12/site-packages/airflow/example_dags/example_dag_decorator.py
[2024-08-24T11:53:05.304+0000] {processor.py:914} INFO - Processing file /home/airflow/.local/lib/python3.12/site-packages/airflow/example_dags/example_dag_decorator.py for tasks to queue
[2024-08-24T11:53:05.305+0000] {logging_mixin.py:190} INFO - [2024-08-24T11:53:05.305+0000] {dagbag.py:587} INFO - Filling up the DagBag from /home/airflow/.local/lib/python3.12/site-packages/airflow/example_dags/example_dag_decorator.py
[2024-08-24T11:53:05.311+0000] {processor.py:925} INFO - DAG(s) 'example_dag_decorator' retrieved from /home/airflow/.local/lib/python3.12/site-packages/airflow/example_dags/example_dag_decorator.py
[2024-08-24T11:53:05.368+0000] {logging_mixin.py:190} INFO - [2024-08-24T11:53:05.368+0000] {dag.py:3211} INFO - Sync 1 DAGs
[2024-08-24T11:53:05.375+0000] {logging_mixin.py:190} INFO - [2024-08-24T11:53:05.374+0000] {dag.py:4138} INFO - Setting next_dagrun for example_dag_decorator to None, run_after=None
[2024-08-24T11:53:05.385+0000] {processor.py:208} INFO - Processing /home/airflow/.local/lib/python3.12/site-packages/airflow/example_dags/example_dag_decorator.py took 0.085 seconds
[2024-08-24T11:53:35.657+0000] {processor.py:186} INFO - Started process (PID=4047) to work on /home/airflow/.local/lib/python3.12/site-packages/airflow/example_dags/example_dag_decorator.py
[2024-08-24T11:53:35.657+0000] {processor.py:914} INFO - Processing file /home/airflow/.local/lib/python3.12/site-packages/airflow/example_dags/example_dag_decorator.py for tasks to queue
[2024-08-24T11:53:35.658+0000] {logging_mixin.py:190} INFO - [2024-08-24T11:53:35.658+0000] {dagbag.py:587} INFO - Filling up the DagBag from /home/airflow/.local/lib/python3.12/site-packages/airflow/example_dags/example_dag_decorator.py
[2024-08-24T11:53:35.665+0000] {processor.py:925} INFO - DAG(s) 'example_dag_decorator' retrieved from /home/airflow/.local/lib/python3.12/site-packages/airflow/example_dags/example_dag_decorator.py
[2024-08-24T11:53:35.719+0000] {logging_mixin.py:190} INFO - [2024-08-24T11:53:35.719+0000] {dag.py:3211} INFO - Sync 1 DAGs
[2024-08-24T11:53:35.726+0000] {logging_mixin.py:190} INFO - [2024-08-24T11:53:35.725+0000] {dag.py:4138} INFO - Setting next_dagrun for example_dag_decorator to None, run_after=None
[2024-08-24T11:53:35.735+0000] {processor.py:208} INFO - Processing /home/airflow/.local/lib/python3.12/site-packages/airflow/example_dags/example_dag_decorator.py took 0.082 seconds
[2024-08-24T11:54:05.991+0000] {processor.py:186} INFO - Started process (PID=4109) to work on /home/airflow/.local/lib/python3.12/site-packages/airflow/example_dags/example_dag_decorator.py
[2024-08-24T11:54:05.991+0000] {processor.py:914} INFO - Processing file /home/airflow/.local/lib/python3.12/site-packages/airflow/example_dags/example_dag_decorator.py for tasks to queue
[2024-08-24T11:54:05.992+0000] {logging_mixin.py:190} INFO - [2024-08-24T11:54:05.992+0000] {dagbag.py:587} INFO - Filling up the DagBag from /home/airflow/.local/lib/python3.12/site-packages/airflow/example_dags/example_dag_decorator.py
[2024-08-24T11:54:05.998+0000] {processor.py:925} INFO - DAG(s) 'example_dag_decorator' retrieved from /home/airflow/.local/lib/python3.12/site-packages/airflow/example_dags/example_dag_decorator.py
[2024-08-24T11:54:06.063+0000] {logging_mixin.py:190} INFO - [2024-08-24T11:54:06.062+0000] {dag.py:3211} INFO - Sync 1 DAGs
[2024-08-24T11:54:06.073+0000] {logging_mixin.py:190} INFO - [2024-08-24T11:54:06.072+0000] {dag.py:4138} INFO - Setting next_dagrun for example_dag_decorator to None, run_after=None
[2024-08-24T11:54:06.087+0000] {processor.py:208} INFO - Processing /home/airflow/.local/lib/python3.12/site-packages/airflow/example_dags/example_dag_decorator.py took 0.099 seconds
[2024-08-24T11:54:36.323+0000] {processor.py:186} INFO - Started process (PID=4171) to work on /home/airflow/.local/lib/python3.12/site-packages/airflow/example_dags/example_dag_decorator.py
[2024-08-24T11:54:36.324+0000] {processor.py:914} INFO - Processing file /home/airflow/.local/lib/python3.12/site-packages/airflow/example_dags/example_dag_decorator.py for tasks to queue
[2024-08-24T11:54:36.326+0000] {logging_mixin.py:190} INFO - [2024-08-24T11:54:36.325+0000] {dagbag.py:587} INFO - Filling up the DagBag from /home/airflow/.local/lib/python3.12/site-packages/airflow/example_dags/example_dag_decorator.py
[2024-08-24T11:54:36.335+0000] {processor.py:925} INFO - DAG(s) 'example_dag_decorator' retrieved from /home/airflow/.local/lib/python3.12/site-packages/airflow/example_dags/example_dag_decorator.py
[2024-08-24T11:54:36.389+0000] {logging_mixin.py:190} INFO - [2024-08-24T11:54:36.389+0000] {dag.py:3211} INFO - Sync 1 DAGs
[2024-08-24T11:54:36.395+0000] {logging_mixin.py:190} INFO - [2024-08-24T11:54:36.395+0000] {dag.py:4138} INFO - Setting next_dagrun for example_dag_decorator to None, run_after=None
[2024-08-24T11:54:36.404+0000] {processor.py:208} INFO - Processing /home/airflow/.local/lib/python3.12/site-packages/airflow/example_dags/example_dag_decorator.py took 0.086 seconds
[2024-08-24T11:55:06.586+0000] {processor.py:186} INFO - Started process (PID=4233) to work on /home/airflow/.local/lib/python3.12/site-packages/airflow/example_dags/example_dag_decorator.py
[2024-08-24T11:55:06.586+0000] {processor.py:914} INFO - Processing file /home/airflow/.local/lib/python3.12/site-packages/airflow/example_dags/example_dag_decorator.py for tasks to queue
[2024-08-24T11:55:06.588+0000] {logging_mixin.py:190} INFO - [2024-08-24T11:55:06.587+0000] {dagbag.py:587} INFO - Filling up the DagBag from /home/airflow/.local/lib/python3.12/site-packages/airflow/example_dags/example_dag_decorator.py
[2024-08-24T11:55:06.593+0000] {processor.py:925} INFO - DAG(s) 'example_dag_decorator' retrieved from /home/airflow/.local/lib/python3.12/site-packages/airflow/example_dags/example_dag_decorator.py
[2024-08-24T11:55:06.648+0000] {logging_mixin.py:190} INFO - [2024-08-24T11:55:06.648+0000] {dag.py:3211} INFO - Sync 1 DAGs
[2024-08-24T11:55:06.655+0000] {logging_mixin.py:190} INFO - [2024-08-24T11:55:06.654+0000] {dag.py:4138} INFO - Setting next_dagrun for example_dag_decorator to None, run_after=None
[2024-08-24T11:55:06.664+0000] {processor.py:208} INFO - Processing /home/airflow/.local/lib/python3.12/site-packages/airflow/example_dags/example_dag_decorator.py took 0.081 seconds
[2024-08-24T11:55:37.092+0000] {processor.py:186} INFO - Started process (PID=4295) to work on /home/airflow/.local/lib/python3.12/site-packages/airflow/example_dags/example_dag_decorator.py
[2024-08-24T11:55:37.093+0000] {processor.py:914} INFO - Processing file /home/airflow/.local/lib/python3.12/site-packages/airflow/example_dags/example_dag_decorator.py for tasks to queue
[2024-08-24T11:55:37.094+0000] {logging_mixin.py:190} INFO - [2024-08-24T11:55:37.094+0000] {dagbag.py:587} INFO - Filling up the DagBag from /home/airflow/.local/lib/python3.12/site-packages/airflow/example_dags/example_dag_decorator.py
[2024-08-24T11:55:37.101+0000] {processor.py:925} INFO - DAG(s) 'example_dag_decorator' retrieved from /home/airflow/.local/lib/python3.12/site-packages/airflow/example_dags/example_dag_decorator.py
[2024-08-24T11:55:37.158+0000] {logging_mixin.py:190} INFO - [2024-08-24T11:55:37.157+0000] {dag.py:3211} INFO - Sync 1 DAGs
[2024-08-24T11:55:37.164+0000] {logging_mixin.py:190} INFO - [2024-08-24T11:55:37.163+0000] {dag.py:4138} INFO - Setting next_dagrun for example_dag_decorator to None, run_after=None
[2024-08-24T11:55:37.173+0000] {processor.py:208} INFO - Processing /home/airflow/.local/lib/python3.12/site-packages/airflow/example_dags/example_dag_decorator.py took 0.085 seconds
[2024-08-24T11:56:07.598+0000] {processor.py:186} INFO - Started process (PID=4357) to work on /home/airflow/.local/lib/python3.12/site-packages/airflow/example_dags/example_dag_decorator.py
[2024-08-24T11:56:07.598+0000] {processor.py:914} INFO - Processing file /home/airflow/.local/lib/python3.12/site-packages/airflow/example_dags/example_dag_decorator.py for tasks to queue
[2024-08-24T11:56:07.600+0000] {logging_mixin.py:190} INFO - [2024-08-24T11:56:07.599+0000] {dagbag.py:587} INFO - Filling up the DagBag from /home/airflow/.local/lib/python3.12/site-packages/airflow/example_dags/example_dag_decorator.py
[2024-08-24T11:56:07.608+0000] {processor.py:925} INFO - DAG(s) 'example_dag_decorator' retrieved from /home/airflow/.local/lib/python3.12/site-packages/airflow/example_dags/example_dag_decorator.py
[2024-08-24T11:56:07.662+0000] {logging_mixin.py:190} INFO - [2024-08-24T11:56:07.662+0000] {dag.py:3211} INFO - Sync 1 DAGs
[2024-08-24T11:56:07.669+0000] {logging_mixin.py:190} INFO - [2024-08-24T11:56:07.669+0000] {dag.py:4138} INFO - Setting next_dagrun for example_dag_decorator to None, run_after=None
[2024-08-24T11:56:07.678+0000] {processor.py:208} INFO - Processing /home/airflow/.local/lib/python3.12/site-packages/airflow/example_dags/example_dag_decorator.py took 0.085 seconds
