[2024-08-24T11:21:06.472+0000] {processor.py:186} INFO - Started process (PID=59) to work on /home/airflow/.local/lib/python3.12/site-packages/airflow/example_dags/example_branch_labels.py
[2024-08-24T11:21:06.473+0000] {processor.py:914} INFO - Processing file /home/airflow/.local/lib/python3.12/site-packages/airflow/example_dags/example_branch_labels.py for tasks to queue
[2024-08-24T11:21:06.474+0000] {logging_mixin.py:190} INFO - [2024-08-24T11:21:06.474+0000] {dagbag.py:587} INFO - Filling up the DagBag from /home/airflow/.local/lib/python3.12/site-packages/airflow/example_dags/example_branch_labels.py
[2024-08-24T11:21:06.480+0000] {processor.py:925} INFO - DAG(s) 'example_branch_labels' retrieved from /home/airflow/.local/lib/python3.12/site-packages/airflow/example_dags/example_branch_labels.py
[2024-08-24T11:21:06.539+0000] {logging_mixin.py:190} INFO - [2024-08-24T11:21:06.539+0000] {override.py:1858} INFO - Created Permission View: can edit on DAG:example_branch_labels
[2024-08-24T11:21:06.545+0000] {logging_mixin.py:190} INFO - [2024-08-24T11:21:06.544+0000] {override.py:1858} INFO - Created Permission View: can read on DAG:example_branch_labels
[2024-08-24T11:21:06.549+0000] {logging_mixin.py:190} INFO - [2024-08-24T11:21:06.549+0000] {override.py:1858} INFO - Created Permission View: can delete on DAG:example_branch_labels
[2024-08-24T11:21:06.549+0000] {logging_mixin.py:190} INFO - [2024-08-24T11:21:06.549+0000] {dag.py:3211} INFO - Sync 1 DAGs
[2024-08-24T11:21:06.558+0000] {logging_mixin.py:190} INFO - [2024-08-24T11:21:06.558+0000] {dag.py:3234} INFO - Creating ORM DAG for example_branch_labels
[2024-08-24T11:21:06.565+0000] {logging_mixin.py:190} INFO - [2024-08-24T11:21:06.565+0000] {dag.py:4138} INFO - Setting next_dagrun for example_branch_labels to 2024-08-23 00:00:00+00:00, run_after=2024-08-24 00:00:00+00:00
[2024-08-24T11:21:06.576+0000] {processor.py:208} INFO - Processing /home/airflow/.local/lib/python3.12/site-packages/airflow/example_dags/example_branch_labels.py took 0.108 seconds
[2024-08-24T11:21:36.943+0000] {processor.py:186} INFO - Started process (PID=121) to work on /home/airflow/.local/lib/python3.12/site-packages/airflow/example_dags/example_branch_labels.py
[2024-08-24T11:21:36.943+0000] {processor.py:914} INFO - Processing file /home/airflow/.local/lib/python3.12/site-packages/airflow/example_dags/example_branch_labels.py for tasks to queue
[2024-08-24T11:21:36.945+0000] {logging_mixin.py:190} INFO - [2024-08-24T11:21:36.945+0000] {dagbag.py:587} INFO - Filling up the DagBag from /home/airflow/.local/lib/python3.12/site-packages/airflow/example_dags/example_branch_labels.py
[2024-08-24T11:21:36.950+0000] {processor.py:925} INFO - DAG(s) 'example_branch_labels' retrieved from /home/airflow/.local/lib/python3.12/site-packages/airflow/example_dags/example_branch_labels.py
[2024-08-24T11:21:36.962+0000] {logging_mixin.py:190} INFO - [2024-08-24T11:21:36.962+0000] {dag.py:3211} INFO - Sync 1 DAGs
[2024-08-24T11:21:36.974+0000] {logging_mixin.py:190} INFO - [2024-08-24T11:21:36.974+0000] {dag.py:4138} INFO - Setting next_dagrun for example_branch_labels to 2024-08-23 00:00:00+00:00, run_after=2024-08-24 00:00:00+00:00
[2024-08-24T11:21:36.982+0000] {processor.py:208} INFO - Processing /home/airflow/.local/lib/python3.12/site-packages/airflow/example_dags/example_branch_labels.py took 0.043 seconds
[2024-08-24T11:22:07.101+0000] {processor.py:186} INFO - Started process (PID=183) to work on /home/airflow/.local/lib/python3.12/site-packages/airflow/example_dags/example_branch_labels.py
[2024-08-24T11:22:07.101+0000] {processor.py:914} INFO - Processing file /home/airflow/.local/lib/python3.12/site-packages/airflow/example_dags/example_branch_labels.py for tasks to queue
[2024-08-24T11:22:07.103+0000] {logging_mixin.py:190} INFO - [2024-08-24T11:22:07.103+0000] {dagbag.py:587} INFO - Filling up the DagBag from /home/airflow/.local/lib/python3.12/site-packages/airflow/example_dags/example_branch_labels.py
[2024-08-24T11:22:07.109+0000] {processor.py:925} INFO - DAG(s) 'example_branch_labels' retrieved from /home/airflow/.local/lib/python3.12/site-packages/airflow/example_dags/example_branch_labels.py
[2024-08-24T11:22:07.121+0000] {logging_mixin.py:190} INFO - [2024-08-24T11:22:07.121+0000] {dag.py:3211} INFO - Sync 1 DAGs
[2024-08-24T11:22:07.134+0000] {logging_mixin.py:190} INFO - [2024-08-24T11:22:07.134+0000] {dag.py:4138} INFO - Setting next_dagrun for example_branch_labels to 2024-08-23 00:00:00+00:00, run_after=2024-08-24 00:00:00+00:00
[2024-08-24T11:22:07.143+0000] {processor.py:208} INFO - Processing /home/airflow/.local/lib/python3.12/site-packages/airflow/example_dags/example_branch_labels.py took 0.045 seconds
[2024-08-24T11:22:37.262+0000] {processor.py:186} INFO - Started process (PID=245) to work on /home/airflow/.local/lib/python3.12/site-packages/airflow/example_dags/example_branch_labels.py
[2024-08-24T11:22:37.262+0000] {processor.py:914} INFO - Processing file /home/airflow/.local/lib/python3.12/site-packages/airflow/example_dags/example_branch_labels.py for tasks to queue
[2024-08-24T11:22:37.263+0000] {logging_mixin.py:190} INFO - [2024-08-24T11:22:37.263+0000] {dagbag.py:587} INFO - Filling up the DagBag from /home/airflow/.local/lib/python3.12/site-packages/airflow/example_dags/example_branch_labels.py
[2024-08-24T11:22:37.269+0000] {processor.py:925} INFO - DAG(s) 'example_branch_labels' retrieved from /home/airflow/.local/lib/python3.12/site-packages/airflow/example_dags/example_branch_labels.py
[2024-08-24T11:22:37.285+0000] {logging_mixin.py:190} INFO - [2024-08-24T11:22:37.285+0000] {dag.py:3211} INFO - Sync 1 DAGs
[2024-08-24T11:22:37.306+0000] {logging_mixin.py:190} INFO - [2024-08-24T11:22:37.305+0000] {dag.py:4138} INFO - Setting next_dagrun for example_branch_labels to 2024-08-23 00:00:00+00:00, run_after=2024-08-24 00:00:00+00:00
[2024-08-24T11:22:37.315+0000] {processor.py:208} INFO - Processing /home/airflow/.local/lib/python3.12/site-packages/airflow/example_dags/example_branch_labels.py took 0.057 seconds
[2024-08-24T11:23:07.458+0000] {processor.py:186} INFO - Started process (PID=307) to work on /home/airflow/.local/lib/python3.12/site-packages/airflow/example_dags/example_branch_labels.py
[2024-08-24T11:23:07.458+0000] {processor.py:914} INFO - Processing file /home/airflow/.local/lib/python3.12/site-packages/airflow/example_dags/example_branch_labels.py for tasks to queue
[2024-08-24T11:23:07.459+0000] {logging_mixin.py:190} INFO - [2024-08-24T11:23:07.459+0000] {dagbag.py:587} INFO - Filling up the DagBag from /home/airflow/.local/lib/python3.12/site-packages/airflow/example_dags/example_branch_labels.py
[2024-08-24T11:23:07.465+0000] {processor.py:925} INFO - DAG(s) 'example_branch_labels' retrieved from /home/airflow/.local/lib/python3.12/site-packages/airflow/example_dags/example_branch_labels.py
[2024-08-24T11:23:07.475+0000] {logging_mixin.py:190} INFO - [2024-08-24T11:23:07.475+0000] {dag.py:3211} INFO - Sync 1 DAGs
[2024-08-24T11:23:07.487+0000] {logging_mixin.py:190} INFO - [2024-08-24T11:23:07.487+0000] {dag.py:4138} INFO - Setting next_dagrun for example_branch_labels to 2024-08-23 00:00:00+00:00, run_after=2024-08-24 00:00:00+00:00
[2024-08-24T11:23:07.495+0000] {processor.py:208} INFO - Processing /home/airflow/.local/lib/python3.12/site-packages/airflow/example_dags/example_branch_labels.py took 0.042 seconds
[2024-08-24T11:23:37.761+0000] {processor.py:186} INFO - Started process (PID=369) to work on /home/airflow/.local/lib/python3.12/site-packages/airflow/example_dags/example_branch_labels.py
[2024-08-24T11:23:37.762+0000] {processor.py:914} INFO - Processing file /home/airflow/.local/lib/python3.12/site-packages/airflow/example_dags/example_branch_labels.py for tasks to queue
[2024-08-24T11:23:37.763+0000] {logging_mixin.py:190} INFO - [2024-08-24T11:23:37.763+0000] {dagbag.py:587} INFO - Filling up the DagBag from /home/airflow/.local/lib/python3.12/site-packages/airflow/example_dags/example_branch_labels.py
[2024-08-24T11:23:37.770+0000] {processor.py:925} INFO - DAG(s) 'example_branch_labels' retrieved from /home/airflow/.local/lib/python3.12/site-packages/airflow/example_dags/example_branch_labels.py
[2024-08-24T11:23:37.783+0000] {logging_mixin.py:190} INFO - [2024-08-24T11:23:37.783+0000] {dag.py:3211} INFO - Sync 1 DAGs
[2024-08-24T11:23:37.800+0000] {logging_mixin.py:190} INFO - [2024-08-24T11:23:37.799+0000] {dag.py:4138} INFO - Setting next_dagrun for example_branch_labels to 2024-08-23 00:00:00+00:00, run_after=2024-08-24 00:00:00+00:00
[2024-08-24T11:23:37.810+0000] {processor.py:208} INFO - Processing /home/airflow/.local/lib/python3.12/site-packages/airflow/example_dags/example_branch_labels.py took 0.053 seconds
[2024-08-24T11:24:08.103+0000] {processor.py:186} INFO - Started process (PID=431) to work on /home/airflow/.local/lib/python3.12/site-packages/airflow/example_dags/example_branch_labels.py
[2024-08-24T11:24:08.103+0000] {processor.py:914} INFO - Processing file /home/airflow/.local/lib/python3.12/site-packages/airflow/example_dags/example_branch_labels.py for tasks to queue
[2024-08-24T11:24:08.104+0000] {logging_mixin.py:190} INFO - [2024-08-24T11:24:08.104+0000] {dagbag.py:587} INFO - Filling up the DagBag from /home/airflow/.local/lib/python3.12/site-packages/airflow/example_dags/example_branch_labels.py
[2024-08-24T11:24:08.109+0000] {processor.py:925} INFO - DAG(s) 'example_branch_labels' retrieved from /home/airflow/.local/lib/python3.12/site-packages/airflow/example_dags/example_branch_labels.py
[2024-08-24T11:24:08.120+0000] {logging_mixin.py:190} INFO - [2024-08-24T11:24:08.120+0000] {dag.py:3211} INFO - Sync 1 DAGs
[2024-08-24T11:24:08.133+0000] {logging_mixin.py:190} INFO - [2024-08-24T11:24:08.133+0000] {dag.py:4138} INFO - Setting next_dagrun for example_branch_labels to 2024-08-23 00:00:00+00:00, run_after=2024-08-24 00:00:00+00:00
[2024-08-24T11:24:08.144+0000] {processor.py:208} INFO - Processing /home/airflow/.local/lib/python3.12/site-packages/airflow/example_dags/example_branch_labels.py took 0.044 seconds
[2024-08-24T11:24:38.291+0000] {processor.py:186} INFO - Started process (PID=493) to work on /home/airflow/.local/lib/python3.12/site-packages/airflow/example_dags/example_branch_labels.py
[2024-08-24T11:24:38.292+0000] {processor.py:914} INFO - Processing file /home/airflow/.local/lib/python3.12/site-packages/airflow/example_dags/example_branch_labels.py for tasks to queue
[2024-08-24T11:24:38.293+0000] {logging_mixin.py:190} INFO - [2024-08-24T11:24:38.293+0000] {dagbag.py:587} INFO - Filling up the DagBag from /home/airflow/.local/lib/python3.12/site-packages/airflow/example_dags/example_branch_labels.py
[2024-08-24T11:24:38.299+0000] {processor.py:925} INFO - DAG(s) 'example_branch_labels' retrieved from /home/airflow/.local/lib/python3.12/site-packages/airflow/example_dags/example_branch_labels.py
[2024-08-24T11:24:38.314+0000] {logging_mixin.py:190} INFO - [2024-08-24T11:24:38.314+0000] {dag.py:3211} INFO - Sync 1 DAGs
[2024-08-24T11:24:38.329+0000] {logging_mixin.py:190} INFO - [2024-08-24T11:24:38.329+0000] {dag.py:4138} INFO - Setting next_dagrun for example_branch_labels to 2024-08-23 00:00:00+00:00, run_after=2024-08-24 00:00:00+00:00
[2024-08-24T11:24:38.338+0000] {processor.py:208} INFO - Processing /home/airflow/.local/lib/python3.12/site-packages/airflow/example_dags/example_branch_labels.py took 0.051 seconds
[2024-08-24T11:25:08.491+0000] {processor.py:186} INFO - Started process (PID=555) to work on /home/airflow/.local/lib/python3.12/site-packages/airflow/example_dags/example_branch_labels.py
[2024-08-24T11:25:08.492+0000] {processor.py:914} INFO - Processing file /home/airflow/.local/lib/python3.12/site-packages/airflow/example_dags/example_branch_labels.py for tasks to queue
[2024-08-24T11:25:08.494+0000] {logging_mixin.py:190} INFO - [2024-08-24T11:25:08.493+0000] {dagbag.py:587} INFO - Filling up the DagBag from /home/airflow/.local/lib/python3.12/site-packages/airflow/example_dags/example_branch_labels.py
[2024-08-24T11:25:08.501+0000] {processor.py:925} INFO - DAG(s) 'example_branch_labels' retrieved from /home/airflow/.local/lib/python3.12/site-packages/airflow/example_dags/example_branch_labels.py
[2024-08-24T11:25:08.515+0000] {logging_mixin.py:190} INFO - [2024-08-24T11:25:08.515+0000] {dag.py:3211} INFO - Sync 1 DAGs
[2024-08-24T11:25:08.529+0000] {logging_mixin.py:190} INFO - [2024-08-24T11:25:08.529+0000] {dag.py:4138} INFO - Setting next_dagrun for example_branch_labels to 2024-08-23 00:00:00+00:00, run_after=2024-08-24 00:00:00+00:00
[2024-08-24T11:25:08.542+0000] {processor.py:208} INFO - Processing /home/airflow/.local/lib/python3.12/site-packages/airflow/example_dags/example_branch_labels.py took 0.055 seconds
[2024-08-24T11:25:38.758+0000] {processor.py:186} INFO - Started process (PID=617) to work on /home/airflow/.local/lib/python3.12/site-packages/airflow/example_dags/example_branch_labels.py
[2024-08-24T11:25:38.758+0000] {processor.py:914} INFO - Processing file /home/airflow/.local/lib/python3.12/site-packages/airflow/example_dags/example_branch_labels.py for tasks to queue
[2024-08-24T11:25:38.759+0000] {logging_mixin.py:190} INFO - [2024-08-24T11:25:38.759+0000] {dagbag.py:587} INFO - Filling up the DagBag from /home/airflow/.local/lib/python3.12/site-packages/airflow/example_dags/example_branch_labels.py
[2024-08-24T11:25:38.765+0000] {processor.py:925} INFO - DAG(s) 'example_branch_labels' retrieved from /home/airflow/.local/lib/python3.12/site-packages/airflow/example_dags/example_branch_labels.py
[2024-08-24T11:25:38.780+0000] {logging_mixin.py:190} INFO - [2024-08-24T11:25:38.780+0000] {dag.py:3211} INFO - Sync 1 DAGs
[2024-08-24T11:25:38.798+0000] {logging_mixin.py:190} INFO - [2024-08-24T11:25:38.798+0000] {dag.py:4138} INFO - Setting next_dagrun for example_branch_labels to 2024-08-23 00:00:00+00:00, run_after=2024-08-24 00:00:00+00:00
[2024-08-24T11:25:38.811+0000] {processor.py:208} INFO - Processing /home/airflow/.local/lib/python3.12/site-packages/airflow/example_dags/example_branch_labels.py took 0.056 seconds
[2024-08-24T11:26:09.841+0000] {processor.py:186} INFO - Started process (PID=685) to work on /home/airflow/.local/lib/python3.12/site-packages/airflow/example_dags/example_branch_labels.py
[2024-08-24T11:26:09.842+0000] {processor.py:914} INFO - Processing file /home/airflow/.local/lib/python3.12/site-packages/airflow/example_dags/example_branch_labels.py for tasks to queue
[2024-08-24T11:26:09.844+0000] {logging_mixin.py:190} INFO - [2024-08-24T11:26:09.844+0000] {dagbag.py:587} INFO - Filling up the DagBag from /home/airflow/.local/lib/python3.12/site-packages/airflow/example_dags/example_branch_labels.py
[2024-08-24T11:26:09.850+0000] {processor.py:925} INFO - DAG(s) 'example_branch_labels' retrieved from /home/airflow/.local/lib/python3.12/site-packages/airflow/example_dags/example_branch_labels.py
[2024-08-24T11:26:09.865+0000] {logging_mixin.py:190} INFO - [2024-08-24T11:26:09.865+0000] {dag.py:3211} INFO - Sync 1 DAGs
[2024-08-24T11:26:09.877+0000] {logging_mixin.py:190} INFO - [2024-08-24T11:26:09.877+0000] {dag.py:4138} INFO - Setting next_dagrun for example_branch_labels to 2024-08-23 00:00:00+00:00, run_after=2024-08-24 00:00:00+00:00
[2024-08-24T11:26:09.886+0000] {processor.py:208} INFO - Processing /home/airflow/.local/lib/python3.12/site-packages/airflow/example_dags/example_branch_labels.py took 0.050 seconds
[2024-08-24T11:26:40.149+0000] {processor.py:186} INFO - Started process (PID=747) to work on /home/airflow/.local/lib/python3.12/site-packages/airflow/example_dags/example_branch_labels.py
[2024-08-24T11:26:40.149+0000] {processor.py:914} INFO - Processing file /home/airflow/.local/lib/python3.12/site-packages/airflow/example_dags/example_branch_labels.py for tasks to queue
[2024-08-24T11:26:40.150+0000] {logging_mixin.py:190} INFO - [2024-08-24T11:26:40.150+0000] {dagbag.py:587} INFO - Filling up the DagBag from /home/airflow/.local/lib/python3.12/site-packages/airflow/example_dags/example_branch_labels.py
[2024-08-24T11:26:40.155+0000] {processor.py:925} INFO - DAG(s) 'example_branch_labels' retrieved from /home/airflow/.local/lib/python3.12/site-packages/airflow/example_dags/example_branch_labels.py
[2024-08-24T11:26:40.172+0000] {logging_mixin.py:190} INFO - [2024-08-24T11:26:40.171+0000] {dag.py:3211} INFO - Sync 1 DAGs
[2024-08-24T11:26:40.189+0000] {logging_mixin.py:190} INFO - [2024-08-24T11:26:40.189+0000] {dag.py:4138} INFO - Setting next_dagrun for example_branch_labels to 2024-08-23 00:00:00+00:00, run_after=2024-08-24 00:00:00+00:00
[2024-08-24T11:26:40.199+0000] {processor.py:208} INFO - Processing /home/airflow/.local/lib/python3.12/site-packages/airflow/example_dags/example_branch_labels.py took 0.053 seconds
[2024-08-24T11:27:10.306+0000] {processor.py:186} INFO - Started process (PID=809) to work on /home/airflow/.local/lib/python3.12/site-packages/airflow/example_dags/example_branch_labels.py
[2024-08-24T11:27:10.307+0000] {processor.py:914} INFO - Processing file /home/airflow/.local/lib/python3.12/site-packages/airflow/example_dags/example_branch_labels.py for tasks to queue
[2024-08-24T11:27:10.308+0000] {logging_mixin.py:190} INFO - [2024-08-24T11:27:10.308+0000] {dagbag.py:587} INFO - Filling up the DagBag from /home/airflow/.local/lib/python3.12/site-packages/airflow/example_dags/example_branch_labels.py
[2024-08-24T11:27:10.314+0000] {processor.py:925} INFO - DAG(s) 'example_branch_labels' retrieved from /home/airflow/.local/lib/python3.12/site-packages/airflow/example_dags/example_branch_labels.py
[2024-08-24T11:27:10.324+0000] {logging_mixin.py:190} INFO - [2024-08-24T11:27:10.324+0000] {dag.py:3211} INFO - Sync 1 DAGs
[2024-08-24T11:27:10.337+0000] {logging_mixin.py:190} INFO - [2024-08-24T11:27:10.337+0000] {dag.py:4138} INFO - Setting next_dagrun for example_branch_labels to 2024-08-23 00:00:00+00:00, run_after=2024-08-24 00:00:00+00:00
[2024-08-24T11:27:10.346+0000] {processor.py:208} INFO - Processing /home/airflow/.local/lib/python3.12/site-packages/airflow/example_dags/example_branch_labels.py took 0.044 seconds
[2024-08-24T11:27:40.631+0000] {processor.py:186} INFO - Started process (PID=871) to work on /home/airflow/.local/lib/python3.12/site-packages/airflow/example_dags/example_branch_labels.py
[2024-08-24T11:27:40.631+0000] {processor.py:914} INFO - Processing file /home/airflow/.local/lib/python3.12/site-packages/airflow/example_dags/example_branch_labels.py for tasks to queue
[2024-08-24T11:27:40.632+0000] {logging_mixin.py:190} INFO - [2024-08-24T11:27:40.632+0000] {dagbag.py:587} INFO - Filling up the DagBag from /home/airflow/.local/lib/python3.12/site-packages/airflow/example_dags/example_branch_labels.py
[2024-08-24T11:27:40.637+0000] {processor.py:925} INFO - DAG(s) 'example_branch_labels' retrieved from /home/airflow/.local/lib/python3.12/site-packages/airflow/example_dags/example_branch_labels.py
[2024-08-24T11:27:40.654+0000] {logging_mixin.py:190} INFO - [2024-08-24T11:27:40.654+0000] {dag.py:3211} INFO - Sync 1 DAGs
[2024-08-24T11:27:40.673+0000] {logging_mixin.py:190} INFO - [2024-08-24T11:27:40.673+0000] {dag.py:4138} INFO - Setting next_dagrun for example_branch_labels to 2024-08-23 00:00:00+00:00, run_after=2024-08-24 00:00:00+00:00
[2024-08-24T11:27:40.694+0000] {processor.py:208} INFO - Processing /home/airflow/.local/lib/python3.12/site-packages/airflow/example_dags/example_branch_labels.py took 0.066 seconds
[2024-08-24T11:28:10.898+0000] {processor.py:186} INFO - Started process (PID=933) to work on /home/airflow/.local/lib/python3.12/site-packages/airflow/example_dags/example_branch_labels.py
[2024-08-24T11:28:10.898+0000] {processor.py:914} INFO - Processing file /home/airflow/.local/lib/python3.12/site-packages/airflow/example_dags/example_branch_labels.py for tasks to queue
[2024-08-24T11:28:10.900+0000] {logging_mixin.py:190} INFO - [2024-08-24T11:28:10.899+0000] {dagbag.py:587} INFO - Filling up the DagBag from /home/airflow/.local/lib/python3.12/site-packages/airflow/example_dags/example_branch_labels.py
[2024-08-24T11:28:10.905+0000] {processor.py:925} INFO - DAG(s) 'example_branch_labels' retrieved from /home/airflow/.local/lib/python3.12/site-packages/airflow/example_dags/example_branch_labels.py
[2024-08-24T11:28:10.919+0000] {logging_mixin.py:190} INFO - [2024-08-24T11:28:10.919+0000] {dag.py:3211} INFO - Sync 1 DAGs
[2024-08-24T11:28:10.938+0000] {logging_mixin.py:190} INFO - [2024-08-24T11:28:10.938+0000] {dag.py:4138} INFO - Setting next_dagrun for example_branch_labels to 2024-08-23 00:00:00+00:00, run_after=2024-08-24 00:00:00+00:00
[2024-08-24T11:28:10.950+0000] {processor.py:208} INFO - Processing /home/airflow/.local/lib/python3.12/site-packages/airflow/example_dags/example_branch_labels.py took 0.055 seconds
[2024-08-24T11:28:41.826+0000] {processor.py:186} INFO - Started process (PID=995) to work on /home/airflow/.local/lib/python3.12/site-packages/airflow/example_dags/example_branch_labels.py
[2024-08-24T11:28:41.827+0000] {processor.py:914} INFO - Processing file /home/airflow/.local/lib/python3.12/site-packages/airflow/example_dags/example_branch_labels.py for tasks to queue
[2024-08-24T11:28:41.828+0000] {logging_mixin.py:190} INFO - [2024-08-24T11:28:41.828+0000] {dagbag.py:587} INFO - Filling up the DagBag from /home/airflow/.local/lib/python3.12/site-packages/airflow/example_dags/example_branch_labels.py
[2024-08-24T11:28:41.833+0000] {processor.py:925} INFO - DAG(s) 'example_branch_labels' retrieved from /home/airflow/.local/lib/python3.12/site-packages/airflow/example_dags/example_branch_labels.py
[2024-08-24T11:28:41.847+0000] {logging_mixin.py:190} INFO - [2024-08-24T11:28:41.847+0000] {dag.py:3211} INFO - Sync 1 DAGs
[2024-08-24T11:28:41.865+0000] {logging_mixin.py:190} INFO - [2024-08-24T11:28:41.865+0000] {dag.py:4138} INFO - Setting next_dagrun for example_branch_labels to 2024-08-23 00:00:00+00:00, run_after=2024-08-24 00:00:00+00:00
[2024-08-24T11:28:41.877+0000] {processor.py:208} INFO - Processing /home/airflow/.local/lib/python3.12/site-packages/airflow/example_dags/example_branch_labels.py took 0.054 seconds
[2024-08-24T11:29:11.978+0000] {processor.py:186} INFO - Started process (PID=1057) to work on /home/airflow/.local/lib/python3.12/site-packages/airflow/example_dags/example_branch_labels.py
[2024-08-24T11:29:11.978+0000] {processor.py:914} INFO - Processing file /home/airflow/.local/lib/python3.12/site-packages/airflow/example_dags/example_branch_labels.py for tasks to queue
[2024-08-24T11:29:11.979+0000] {logging_mixin.py:190} INFO - [2024-08-24T11:29:11.979+0000] {dagbag.py:587} INFO - Filling up the DagBag from /home/airflow/.local/lib/python3.12/site-packages/airflow/example_dags/example_branch_labels.py
[2024-08-24T11:29:11.984+0000] {processor.py:925} INFO - DAG(s) 'example_branch_labels' retrieved from /home/airflow/.local/lib/python3.12/site-packages/airflow/example_dags/example_branch_labels.py
[2024-08-24T11:29:11.995+0000] {logging_mixin.py:190} INFO - [2024-08-24T11:29:11.995+0000] {dag.py:3211} INFO - Sync 1 DAGs
[2024-08-24T11:29:12.007+0000] {logging_mixin.py:190} INFO - [2024-08-24T11:29:12.007+0000] {dag.py:4138} INFO - Setting next_dagrun for example_branch_labels to 2024-08-23 00:00:00+00:00, run_after=2024-08-24 00:00:00+00:00
[2024-08-24T11:29:12.015+0000] {processor.py:208} INFO - Processing /home/airflow/.local/lib/python3.12/site-packages/airflow/example_dags/example_branch_labels.py took 0.040 seconds
[2024-08-24T11:29:42.175+0000] {processor.py:186} INFO - Started process (PID=1119) to work on /home/airflow/.local/lib/python3.12/site-packages/airflow/example_dags/example_branch_labels.py
[2024-08-24T11:29:42.175+0000] {processor.py:914} INFO - Processing file /home/airflow/.local/lib/python3.12/site-packages/airflow/example_dags/example_branch_labels.py for tasks to queue
[2024-08-24T11:29:42.176+0000] {logging_mixin.py:190} INFO - [2024-08-24T11:29:42.176+0000] {dagbag.py:587} INFO - Filling up the DagBag from /home/airflow/.local/lib/python3.12/site-packages/airflow/example_dags/example_branch_labels.py
[2024-08-24T11:29:42.181+0000] {processor.py:925} INFO - DAG(s) 'example_branch_labels' retrieved from /home/airflow/.local/lib/python3.12/site-packages/airflow/example_dags/example_branch_labels.py
[2024-08-24T11:29:42.194+0000] {logging_mixin.py:190} INFO - [2024-08-24T11:29:42.194+0000] {dag.py:3211} INFO - Sync 1 DAGs
[2024-08-24T11:29:42.206+0000] {logging_mixin.py:190} INFO - [2024-08-24T11:29:42.206+0000] {dag.py:4138} INFO - Setting next_dagrun for example_branch_labels to 2024-08-23 00:00:00+00:00, run_after=2024-08-24 00:00:00+00:00
[2024-08-24T11:29:42.215+0000] {processor.py:208} INFO - Processing /home/airflow/.local/lib/python3.12/site-packages/airflow/example_dags/example_branch_labels.py took 0.045 seconds
[2024-08-24T11:30:13.204+0000] {processor.py:186} INFO - Started process (PID=1181) to work on /home/airflow/.local/lib/python3.12/site-packages/airflow/example_dags/example_branch_labels.py
[2024-08-24T11:30:13.205+0000] {processor.py:914} INFO - Processing file /home/airflow/.local/lib/python3.12/site-packages/airflow/example_dags/example_branch_labels.py for tasks to queue
[2024-08-24T11:30:13.206+0000] {logging_mixin.py:190} INFO - [2024-08-24T11:30:13.205+0000] {dagbag.py:587} INFO - Filling up the DagBag from /home/airflow/.local/lib/python3.12/site-packages/airflow/example_dags/example_branch_labels.py
[2024-08-24T11:30:13.210+0000] {processor.py:925} INFO - DAG(s) 'example_branch_labels' retrieved from /home/airflow/.local/lib/python3.12/site-packages/airflow/example_dags/example_branch_labels.py
[2024-08-24T11:30:13.222+0000] {logging_mixin.py:190} INFO - [2024-08-24T11:30:13.221+0000] {dag.py:3211} INFO - Sync 1 DAGs
[2024-08-24T11:30:13.238+0000] {logging_mixin.py:190} INFO - [2024-08-24T11:30:13.238+0000] {dag.py:4138} INFO - Setting next_dagrun for example_branch_labels to 2024-08-23 00:00:00+00:00, run_after=2024-08-24 00:00:00+00:00
[2024-08-24T11:30:13.250+0000] {processor.py:208} INFO - Processing /home/airflow/.local/lib/python3.12/site-packages/airflow/example_dags/example_branch_labels.py took 0.050 seconds
[2024-08-24T11:30:44.190+0000] {processor.py:186} INFO - Started process (PID=1243) to work on /home/airflow/.local/lib/python3.12/site-packages/airflow/example_dags/example_branch_labels.py
[2024-08-24T11:30:44.190+0000] {processor.py:914} INFO - Processing file /home/airflow/.local/lib/python3.12/site-packages/airflow/example_dags/example_branch_labels.py for tasks to queue
[2024-08-24T11:30:44.192+0000] {logging_mixin.py:190} INFO - [2024-08-24T11:30:44.192+0000] {dagbag.py:587} INFO - Filling up the DagBag from /home/airflow/.local/lib/python3.12/site-packages/airflow/example_dags/example_branch_labels.py
[2024-08-24T11:30:44.197+0000] {processor.py:925} INFO - DAG(s) 'example_branch_labels' retrieved from /home/airflow/.local/lib/python3.12/site-packages/airflow/example_dags/example_branch_labels.py
[2024-08-24T11:30:44.212+0000] {logging_mixin.py:190} INFO - [2024-08-24T11:30:44.211+0000] {dag.py:3211} INFO - Sync 1 DAGs
[2024-08-24T11:30:44.231+0000] {logging_mixin.py:190} INFO - [2024-08-24T11:30:44.231+0000] {dag.py:4138} INFO - Setting next_dagrun for example_branch_labels to 2024-08-23 00:00:00+00:00, run_after=2024-08-24 00:00:00+00:00
[2024-08-24T11:30:44.244+0000] {processor.py:208} INFO - Processing /home/airflow/.local/lib/python3.12/site-packages/airflow/example_dags/example_branch_labels.py took 0.059 seconds
[2024-08-24T11:31:15.256+0000] {processor.py:186} INFO - Started process (PID=1305) to work on /home/airflow/.local/lib/python3.12/site-packages/airflow/example_dags/example_branch_labels.py
[2024-08-24T11:31:15.256+0000] {processor.py:914} INFO - Processing file /home/airflow/.local/lib/python3.12/site-packages/airflow/example_dags/example_branch_labels.py for tasks to queue
[2024-08-24T11:31:15.257+0000] {logging_mixin.py:190} INFO - [2024-08-24T11:31:15.257+0000] {dagbag.py:587} INFO - Filling up the DagBag from /home/airflow/.local/lib/python3.12/site-packages/airflow/example_dags/example_branch_labels.py
[2024-08-24T11:31:15.262+0000] {processor.py:925} INFO - DAG(s) 'example_branch_labels' retrieved from /home/airflow/.local/lib/python3.12/site-packages/airflow/example_dags/example_branch_labels.py
[2024-08-24T11:31:15.274+0000] {logging_mixin.py:190} INFO - [2024-08-24T11:31:15.274+0000] {dag.py:3211} INFO - Sync 1 DAGs
[2024-08-24T11:31:15.288+0000] {logging_mixin.py:190} INFO - [2024-08-24T11:31:15.288+0000] {dag.py:4138} INFO - Setting next_dagrun for example_branch_labels to 2024-08-23 00:00:00+00:00, run_after=2024-08-24 00:00:00+00:00
[2024-08-24T11:31:15.296+0000] {processor.py:208} INFO - Processing /home/airflow/.local/lib/python3.12/site-packages/airflow/example_dags/example_branch_labels.py took 0.043 seconds
[2024-08-24T11:31:46.235+0000] {processor.py:186} INFO - Started process (PID=1367) to work on /home/airflow/.local/lib/python3.12/site-packages/airflow/example_dags/example_branch_labels.py
[2024-08-24T11:31:46.235+0000] {processor.py:914} INFO - Processing file /home/airflow/.local/lib/python3.12/site-packages/airflow/example_dags/example_branch_labels.py for tasks to queue
[2024-08-24T11:31:46.236+0000] {logging_mixin.py:190} INFO - [2024-08-24T11:31:46.236+0000] {dagbag.py:587} INFO - Filling up the DagBag from /home/airflow/.local/lib/python3.12/site-packages/airflow/example_dags/example_branch_labels.py
[2024-08-24T11:31:46.241+0000] {processor.py:925} INFO - DAG(s) 'example_branch_labels' retrieved from /home/airflow/.local/lib/python3.12/site-packages/airflow/example_dags/example_branch_labels.py
[2024-08-24T11:31:46.252+0000] {logging_mixin.py:190} INFO - [2024-08-24T11:31:46.252+0000] {dag.py:3211} INFO - Sync 1 DAGs
[2024-08-24T11:31:46.265+0000] {logging_mixin.py:190} INFO - [2024-08-24T11:31:46.265+0000] {dag.py:4138} INFO - Setting next_dagrun for example_branch_labels to 2024-08-23 00:00:00+00:00, run_after=2024-08-24 00:00:00+00:00
[2024-08-24T11:31:46.274+0000] {processor.py:208} INFO - Processing /home/airflow/.local/lib/python3.12/site-packages/airflow/example_dags/example_branch_labels.py took 0.043 seconds
[2024-08-24T11:32:16.401+0000] {processor.py:186} INFO - Started process (PID=1429) to work on /home/airflow/.local/lib/python3.12/site-packages/airflow/example_dags/example_branch_labels.py
[2024-08-24T11:32:16.402+0000] {processor.py:914} INFO - Processing file /home/airflow/.local/lib/python3.12/site-packages/airflow/example_dags/example_branch_labels.py for tasks to queue
[2024-08-24T11:32:16.404+0000] {logging_mixin.py:190} INFO - [2024-08-24T11:32:16.403+0000] {dagbag.py:587} INFO - Filling up the DagBag from /home/airflow/.local/lib/python3.12/site-packages/airflow/example_dags/example_branch_labels.py
[2024-08-24T11:32:16.411+0000] {processor.py:925} INFO - DAG(s) 'example_branch_labels' retrieved from /home/airflow/.local/lib/python3.12/site-packages/airflow/example_dags/example_branch_labels.py
[2024-08-24T11:32:16.425+0000] {logging_mixin.py:190} INFO - [2024-08-24T11:32:16.425+0000] {dag.py:3211} INFO - Sync 1 DAGs
[2024-08-24T11:32:16.438+0000] {logging_mixin.py:190} INFO - [2024-08-24T11:32:16.438+0000] {dag.py:4138} INFO - Setting next_dagrun for example_branch_labels to 2024-08-23 00:00:00+00:00, run_after=2024-08-24 00:00:00+00:00
[2024-08-24T11:32:16.446+0000] {processor.py:208} INFO - Processing /home/airflow/.local/lib/python3.12/site-packages/airflow/example_dags/example_branch_labels.py took 0.049 seconds
[2024-08-24T11:32:46.612+0000] {processor.py:186} INFO - Started process (PID=1491) to work on /home/airflow/.local/lib/python3.12/site-packages/airflow/example_dags/example_branch_labels.py
[2024-08-24T11:32:46.613+0000] {processor.py:914} INFO - Processing file /home/airflow/.local/lib/python3.12/site-packages/airflow/example_dags/example_branch_labels.py for tasks to queue
[2024-08-24T11:32:46.614+0000] {logging_mixin.py:190} INFO - [2024-08-24T11:32:46.614+0000] {dagbag.py:587} INFO - Filling up the DagBag from /home/airflow/.local/lib/python3.12/site-packages/airflow/example_dags/example_branch_labels.py
[2024-08-24T11:32:46.621+0000] {processor.py:925} INFO - DAG(s) 'example_branch_labels' retrieved from /home/airflow/.local/lib/python3.12/site-packages/airflow/example_dags/example_branch_labels.py
[2024-08-24T11:32:46.633+0000] {logging_mixin.py:190} INFO - [2024-08-24T11:32:46.633+0000] {dag.py:3211} INFO - Sync 1 DAGs
[2024-08-24T11:32:46.646+0000] {logging_mixin.py:190} INFO - [2024-08-24T11:32:46.645+0000] {dag.py:4138} INFO - Setting next_dagrun for example_branch_labels to 2024-08-23 00:00:00+00:00, run_after=2024-08-24 00:00:00+00:00
[2024-08-24T11:32:46.653+0000] {processor.py:208} INFO - Processing /home/airflow/.local/lib/python3.12/site-packages/airflow/example_dags/example_branch_labels.py took 0.045 seconds
[2024-08-24T11:33:16.795+0000] {processor.py:186} INFO - Started process (PID=1553) to work on /home/airflow/.local/lib/python3.12/site-packages/airflow/example_dags/example_branch_labels.py
[2024-08-24T11:33:16.796+0000] {processor.py:914} INFO - Processing file /home/airflow/.local/lib/python3.12/site-packages/airflow/example_dags/example_branch_labels.py for tasks to queue
[2024-08-24T11:33:16.797+0000] {logging_mixin.py:190} INFO - [2024-08-24T11:33:16.796+0000] {dagbag.py:587} INFO - Filling up the DagBag from /home/airflow/.local/lib/python3.12/site-packages/airflow/example_dags/example_branch_labels.py
[2024-08-24T11:33:16.801+0000] {processor.py:925} INFO - DAG(s) 'example_branch_labels' retrieved from /home/airflow/.local/lib/python3.12/site-packages/airflow/example_dags/example_branch_labels.py
[2024-08-24T11:33:16.817+0000] {logging_mixin.py:190} INFO - [2024-08-24T11:33:16.817+0000] {dag.py:3211} INFO - Sync 1 DAGs
[2024-08-24T11:33:16.834+0000] {logging_mixin.py:190} INFO - [2024-08-24T11:33:16.834+0000] {dag.py:4138} INFO - Setting next_dagrun for example_branch_labels to 2024-08-23 00:00:00+00:00, run_after=2024-08-24 00:00:00+00:00
[2024-08-24T11:33:16.844+0000] {processor.py:208} INFO - Processing /home/airflow/.local/lib/python3.12/site-packages/airflow/example_dags/example_branch_labels.py took 0.051 seconds
[2024-08-24T11:33:46.949+0000] {processor.py:186} INFO - Started process (PID=1615) to work on /home/airflow/.local/lib/python3.12/site-packages/airflow/example_dags/example_branch_labels.py
[2024-08-24T11:33:46.950+0000] {processor.py:914} INFO - Processing file /home/airflow/.local/lib/python3.12/site-packages/airflow/example_dags/example_branch_labels.py for tasks to queue
[2024-08-24T11:33:46.951+0000] {logging_mixin.py:190} INFO - [2024-08-24T11:33:46.951+0000] {dagbag.py:587} INFO - Filling up the DagBag from /home/airflow/.local/lib/python3.12/site-packages/airflow/example_dags/example_branch_labels.py
[2024-08-24T11:33:46.956+0000] {processor.py:925} INFO - DAG(s) 'example_branch_labels' retrieved from /home/airflow/.local/lib/python3.12/site-packages/airflow/example_dags/example_branch_labels.py
[2024-08-24T11:33:46.967+0000] {logging_mixin.py:190} INFO - [2024-08-24T11:33:46.967+0000] {dag.py:3211} INFO - Sync 1 DAGs
[2024-08-24T11:33:46.982+0000] {logging_mixin.py:190} INFO - [2024-08-24T11:33:46.982+0000] {dag.py:4138} INFO - Setting next_dagrun for example_branch_labels to 2024-08-23 00:00:00+00:00, run_after=2024-08-24 00:00:00+00:00
[2024-08-24T11:33:46.992+0000] {processor.py:208} INFO - Processing /home/airflow/.local/lib/python3.12/site-packages/airflow/example_dags/example_branch_labels.py took 0.046 seconds
[2024-08-24T11:34:17.222+0000] {processor.py:186} INFO - Started process (PID=1677) to work on /home/airflow/.local/lib/python3.12/site-packages/airflow/example_dags/example_branch_labels.py
[2024-08-24T11:34:17.223+0000] {processor.py:914} INFO - Processing file /home/airflow/.local/lib/python3.12/site-packages/airflow/example_dags/example_branch_labels.py for tasks to queue
[2024-08-24T11:34:17.224+0000] {logging_mixin.py:190} INFO - [2024-08-24T11:34:17.224+0000] {dagbag.py:587} INFO - Filling up the DagBag from /home/airflow/.local/lib/python3.12/site-packages/airflow/example_dags/example_branch_labels.py
[2024-08-24T11:34:17.229+0000] {processor.py:925} INFO - DAG(s) 'example_branch_labels' retrieved from /home/airflow/.local/lib/python3.12/site-packages/airflow/example_dags/example_branch_labels.py
[2024-08-24T11:34:17.241+0000] {logging_mixin.py:190} INFO - [2024-08-24T11:34:17.241+0000] {dag.py:3211} INFO - Sync 1 DAGs
[2024-08-24T11:34:17.254+0000] {logging_mixin.py:190} INFO - [2024-08-24T11:34:17.253+0000] {dag.py:4138} INFO - Setting next_dagrun for example_branch_labels to 2024-08-23 00:00:00+00:00, run_after=2024-08-24 00:00:00+00:00
[2024-08-24T11:34:17.263+0000] {processor.py:208} INFO - Processing /home/airflow/.local/lib/python3.12/site-packages/airflow/example_dags/example_branch_labels.py took 0.044 seconds
[2024-08-24T11:34:47.520+0000] {processor.py:186} INFO - Started process (PID=1739) to work on /home/airflow/.local/lib/python3.12/site-packages/airflow/example_dags/example_branch_labels.py
[2024-08-24T11:34:47.520+0000] {processor.py:914} INFO - Processing file /home/airflow/.local/lib/python3.12/site-packages/airflow/example_dags/example_branch_labels.py for tasks to queue
[2024-08-24T11:34:47.521+0000] {logging_mixin.py:190} INFO - [2024-08-24T11:34:47.521+0000] {dagbag.py:587} INFO - Filling up the DagBag from /home/airflow/.local/lib/python3.12/site-packages/airflow/example_dags/example_branch_labels.py
[2024-08-24T11:34:47.526+0000] {processor.py:925} INFO - DAG(s) 'example_branch_labels' retrieved from /home/airflow/.local/lib/python3.12/site-packages/airflow/example_dags/example_branch_labels.py
[2024-08-24T11:34:47.541+0000] {logging_mixin.py:190} INFO - [2024-08-24T11:34:47.541+0000] {dag.py:3211} INFO - Sync 1 DAGs
[2024-08-24T11:34:47.561+0000] {logging_mixin.py:190} INFO - [2024-08-24T11:34:47.561+0000] {dag.py:4138} INFO - Setting next_dagrun for example_branch_labels to 2024-08-23 00:00:00+00:00, run_after=2024-08-24 00:00:00+00:00
[2024-08-24T11:34:47.570+0000] {processor.py:208} INFO - Processing /home/airflow/.local/lib/python3.12/site-packages/airflow/example_dags/example_branch_labels.py took 0.054 seconds
[2024-08-24T11:35:17.855+0000] {processor.py:186} INFO - Started process (PID=1801) to work on /home/airflow/.local/lib/python3.12/site-packages/airflow/example_dags/example_branch_labels.py
[2024-08-24T11:35:17.856+0000] {processor.py:914} INFO - Processing file /home/airflow/.local/lib/python3.12/site-packages/airflow/example_dags/example_branch_labels.py for tasks to queue
[2024-08-24T11:35:17.858+0000] {logging_mixin.py:190} INFO - [2024-08-24T11:35:17.857+0000] {dagbag.py:587} INFO - Filling up the DagBag from /home/airflow/.local/lib/python3.12/site-packages/airflow/example_dags/example_branch_labels.py
[2024-08-24T11:35:17.864+0000] {processor.py:925} INFO - DAG(s) 'example_branch_labels' retrieved from /home/airflow/.local/lib/python3.12/site-packages/airflow/example_dags/example_branch_labels.py
[2024-08-24T11:35:17.875+0000] {logging_mixin.py:190} INFO - [2024-08-24T11:35:17.875+0000] {dag.py:3211} INFO - Sync 1 DAGs
[2024-08-24T11:35:17.888+0000] {logging_mixin.py:190} INFO - [2024-08-24T11:35:17.888+0000] {dag.py:4138} INFO - Setting next_dagrun for example_branch_labels to 2024-08-23 00:00:00+00:00, run_after=2024-08-24 00:00:00+00:00
[2024-08-24T11:35:17.898+0000] {processor.py:208} INFO - Processing /home/airflow/.local/lib/python3.12/site-packages/airflow/example_dags/example_branch_labels.py took 0.047 seconds
[2024-08-24T11:35:48.049+0000] {processor.py:186} INFO - Started process (PID=1863) to work on /home/airflow/.local/lib/python3.12/site-packages/airflow/example_dags/example_branch_labels.py
[2024-08-24T11:35:48.050+0000] {processor.py:914} INFO - Processing file /home/airflow/.local/lib/python3.12/site-packages/airflow/example_dags/example_branch_labels.py for tasks to queue
[2024-08-24T11:35:48.051+0000] {logging_mixin.py:190} INFO - [2024-08-24T11:35:48.051+0000] {dagbag.py:587} INFO - Filling up the DagBag from /home/airflow/.local/lib/python3.12/site-packages/airflow/example_dags/example_branch_labels.py
[2024-08-24T11:35:48.058+0000] {processor.py:925} INFO - DAG(s) 'example_branch_labels' retrieved from /home/airflow/.local/lib/python3.12/site-packages/airflow/example_dags/example_branch_labels.py
[2024-08-24T11:35:48.072+0000] {logging_mixin.py:190} INFO - [2024-08-24T11:35:48.072+0000] {dag.py:3211} INFO - Sync 1 DAGs
[2024-08-24T11:35:48.091+0000] {logging_mixin.py:190} INFO - [2024-08-24T11:35:48.091+0000] {dag.py:4138} INFO - Setting next_dagrun for example_branch_labels to 2024-08-23 00:00:00+00:00, run_after=2024-08-24 00:00:00+00:00
[2024-08-24T11:35:48.105+0000] {processor.py:208} INFO - Processing /home/airflow/.local/lib/python3.12/site-packages/airflow/example_dags/example_branch_labels.py took 0.060 seconds
[2024-08-24T11:36:18.388+0000] {processor.py:186} INFO - Started process (PID=1925) to work on /home/airflow/.local/lib/python3.12/site-packages/airflow/example_dags/example_branch_labels.py
[2024-08-24T11:36:18.388+0000] {processor.py:914} INFO - Processing file /home/airflow/.local/lib/python3.12/site-packages/airflow/example_dags/example_branch_labels.py for tasks to queue
[2024-08-24T11:36:18.390+0000] {logging_mixin.py:190} INFO - [2024-08-24T11:36:18.389+0000] {dagbag.py:587} INFO - Filling up the DagBag from /home/airflow/.local/lib/python3.12/site-packages/airflow/example_dags/example_branch_labels.py
[2024-08-24T11:36:18.395+0000] {processor.py:925} INFO - DAG(s) 'example_branch_labels' retrieved from /home/airflow/.local/lib/python3.12/site-packages/airflow/example_dags/example_branch_labels.py
[2024-08-24T11:36:18.411+0000] {logging_mixin.py:190} INFO - [2024-08-24T11:36:18.410+0000] {dag.py:3211} INFO - Sync 1 DAGs
[2024-08-24T11:36:18.431+0000] {logging_mixin.py:190} INFO - [2024-08-24T11:36:18.431+0000] {dag.py:4138} INFO - Setting next_dagrun for example_branch_labels to 2024-08-23 00:00:00+00:00, run_after=2024-08-24 00:00:00+00:00
[2024-08-24T11:36:18.444+0000] {processor.py:208} INFO - Processing /home/airflow/.local/lib/python3.12/site-packages/airflow/example_dags/example_branch_labels.py took 0.060 seconds
[2024-08-24T11:36:48.851+0000] {processor.py:186} INFO - Started process (PID=1987) to work on /home/airflow/.local/lib/python3.12/site-packages/airflow/example_dags/example_branch_labels.py
[2024-08-24T11:36:48.851+0000] {processor.py:914} INFO - Processing file /home/airflow/.local/lib/python3.12/site-packages/airflow/example_dags/example_branch_labels.py for tasks to queue
[2024-08-24T11:36:48.853+0000] {logging_mixin.py:190} INFO - [2024-08-24T11:36:48.852+0000] {dagbag.py:587} INFO - Filling up the DagBag from /home/airflow/.local/lib/python3.12/site-packages/airflow/example_dags/example_branch_labels.py
[2024-08-24T11:36:48.859+0000] {processor.py:925} INFO - DAG(s) 'example_branch_labels' retrieved from /home/airflow/.local/lib/python3.12/site-packages/airflow/example_dags/example_branch_labels.py
[2024-08-24T11:36:48.873+0000] {logging_mixin.py:190} INFO - [2024-08-24T11:36:48.873+0000] {dag.py:3211} INFO - Sync 1 DAGs
[2024-08-24T11:36:48.886+0000] {logging_mixin.py:190} INFO - [2024-08-24T11:36:48.886+0000] {dag.py:4138} INFO - Setting next_dagrun for example_branch_labels to 2024-08-23 00:00:00+00:00, run_after=2024-08-24 00:00:00+00:00
[2024-08-24T11:36:48.894+0000] {processor.py:208} INFO - Processing /home/airflow/.local/lib/python3.12/site-packages/airflow/example_dags/example_branch_labels.py took 0.046 seconds
[2024-08-24T11:37:19.133+0000] {processor.py:186} INFO - Started process (PID=2049) to work on /home/airflow/.local/lib/python3.12/site-packages/airflow/example_dags/example_branch_labels.py
[2024-08-24T11:37:19.133+0000] {processor.py:914} INFO - Processing file /home/airflow/.local/lib/python3.12/site-packages/airflow/example_dags/example_branch_labels.py for tasks to queue
[2024-08-24T11:37:19.135+0000] {logging_mixin.py:190} INFO - [2024-08-24T11:37:19.134+0000] {dagbag.py:587} INFO - Filling up the DagBag from /home/airflow/.local/lib/python3.12/site-packages/airflow/example_dags/example_branch_labels.py
[2024-08-24T11:37:19.140+0000] {processor.py:925} INFO - DAG(s) 'example_branch_labels' retrieved from /home/airflow/.local/lib/python3.12/site-packages/airflow/example_dags/example_branch_labels.py
[2024-08-24T11:37:19.156+0000] {logging_mixin.py:190} INFO - [2024-08-24T11:37:19.156+0000] {dag.py:3211} INFO - Sync 1 DAGs
[2024-08-24T11:37:19.176+0000] {logging_mixin.py:190} INFO - [2024-08-24T11:37:19.176+0000] {dag.py:4138} INFO - Setting next_dagrun for example_branch_labels to 2024-08-23 00:00:00+00:00, run_after=2024-08-24 00:00:00+00:00
[2024-08-24T11:37:19.189+0000] {processor.py:208} INFO - Processing /home/airflow/.local/lib/python3.12/site-packages/airflow/example_dags/example_branch_labels.py took 0.060 seconds
[2024-08-24T11:37:49.557+0000] {processor.py:186} INFO - Started process (PID=2112) to work on /home/airflow/.local/lib/python3.12/site-packages/airflow/example_dags/example_branch_labels.py
[2024-08-24T11:37:49.558+0000] {processor.py:914} INFO - Processing file /home/airflow/.local/lib/python3.12/site-packages/airflow/example_dags/example_branch_labels.py for tasks to queue
[2024-08-24T11:37:49.559+0000] {logging_mixin.py:190} INFO - [2024-08-24T11:37:49.559+0000] {dagbag.py:587} INFO - Filling up the DagBag from /home/airflow/.local/lib/python3.12/site-packages/airflow/example_dags/example_branch_labels.py
[2024-08-24T11:37:49.565+0000] {processor.py:925} INFO - DAG(s) 'example_branch_labels' retrieved from /home/airflow/.local/lib/python3.12/site-packages/airflow/example_dags/example_branch_labels.py
[2024-08-24T11:37:49.582+0000] {logging_mixin.py:190} INFO - [2024-08-24T11:37:49.581+0000] {dag.py:3211} INFO - Sync 1 DAGs
[2024-08-24T11:37:49.604+0000] {logging_mixin.py:190} INFO - [2024-08-24T11:37:49.604+0000] {dag.py:4138} INFO - Setting next_dagrun for example_branch_labels to 2024-08-23 00:00:00+00:00, run_after=2024-08-24 00:00:00+00:00
[2024-08-24T11:37:49.616+0000] {processor.py:208} INFO - Processing /home/airflow/.local/lib/python3.12/site-packages/airflow/example_dags/example_branch_labels.py took 0.062 seconds
[2024-08-24T11:38:20.165+0000] {processor.py:186} INFO - Started process (PID=2174) to work on /home/airflow/.local/lib/python3.12/site-packages/airflow/example_dags/example_branch_labels.py
[2024-08-24T11:38:20.166+0000] {processor.py:914} INFO - Processing file /home/airflow/.local/lib/python3.12/site-packages/airflow/example_dags/example_branch_labels.py for tasks to queue
[2024-08-24T11:38:20.167+0000] {logging_mixin.py:190} INFO - [2024-08-24T11:38:20.167+0000] {dagbag.py:587} INFO - Filling up the DagBag from /home/airflow/.local/lib/python3.12/site-packages/airflow/example_dags/example_branch_labels.py
[2024-08-24T11:38:20.172+0000] {processor.py:925} INFO - DAG(s) 'example_branch_labels' retrieved from /home/airflow/.local/lib/python3.12/site-packages/airflow/example_dags/example_branch_labels.py
[2024-08-24T11:38:20.184+0000] {logging_mixin.py:190} INFO - [2024-08-24T11:38:20.184+0000] {dag.py:3211} INFO - Sync 1 DAGs
[2024-08-24T11:38:20.198+0000] {logging_mixin.py:190} INFO - [2024-08-24T11:38:20.198+0000] {dag.py:4138} INFO - Setting next_dagrun for example_branch_labels to 2024-08-23 00:00:00+00:00, run_after=2024-08-24 00:00:00+00:00
[2024-08-24T11:38:20.206+0000] {processor.py:208} INFO - Processing /home/airflow/.local/lib/python3.12/site-packages/airflow/example_dags/example_branch_labels.py took 0.044 seconds
[2024-08-24T11:38:50.735+0000] {processor.py:186} INFO - Started process (PID=2235) to work on /home/airflow/.local/lib/python3.12/site-packages/airflow/example_dags/example_branch_labels.py
[2024-08-24T11:38:50.736+0000] {processor.py:914} INFO - Processing file /home/airflow/.local/lib/python3.12/site-packages/airflow/example_dags/example_branch_labels.py for tasks to queue
[2024-08-24T11:38:50.737+0000] {logging_mixin.py:190} INFO - [2024-08-24T11:38:50.736+0000] {dagbag.py:587} INFO - Filling up the DagBag from /home/airflow/.local/lib/python3.12/site-packages/airflow/example_dags/example_branch_labels.py
[2024-08-24T11:38:50.743+0000] {processor.py:925} INFO - DAG(s) 'example_branch_labels' retrieved from /home/airflow/.local/lib/python3.12/site-packages/airflow/example_dags/example_branch_labels.py
[2024-08-24T11:38:50.757+0000] {logging_mixin.py:190} INFO - [2024-08-24T11:38:50.757+0000] {dag.py:3211} INFO - Sync 1 DAGs
[2024-08-24T11:38:50.770+0000] {logging_mixin.py:190} INFO - [2024-08-24T11:38:50.770+0000] {dag.py:4138} INFO - Setting next_dagrun for example_branch_labels to 2024-08-23 00:00:00+00:00, run_after=2024-08-24 00:00:00+00:00
[2024-08-24T11:38:50.778+0000] {processor.py:208} INFO - Processing /home/airflow/.local/lib/python3.12/site-packages/airflow/example_dags/example_branch_labels.py took 0.047 seconds
[2024-08-24T11:39:21.147+0000] {processor.py:186} INFO - Started process (PID=2297) to work on /home/airflow/.local/lib/python3.12/site-packages/airflow/example_dags/example_branch_labels.py
[2024-08-24T11:39:21.147+0000] {processor.py:914} INFO - Processing file /home/airflow/.local/lib/python3.12/site-packages/airflow/example_dags/example_branch_labels.py for tasks to queue
[2024-08-24T11:39:21.148+0000] {logging_mixin.py:190} INFO - [2024-08-24T11:39:21.148+0000] {dagbag.py:587} INFO - Filling up the DagBag from /home/airflow/.local/lib/python3.12/site-packages/airflow/example_dags/example_branch_labels.py
[2024-08-24T11:39:21.154+0000] {processor.py:925} INFO - DAG(s) 'example_branch_labels' retrieved from /home/airflow/.local/lib/python3.12/site-packages/airflow/example_dags/example_branch_labels.py
[2024-08-24T11:39:21.170+0000] {logging_mixin.py:190} INFO - [2024-08-24T11:39:21.170+0000] {dag.py:3211} INFO - Sync 1 DAGs
[2024-08-24T11:39:21.183+0000] {logging_mixin.py:190} INFO - [2024-08-24T11:39:21.183+0000] {dag.py:4138} INFO - Setting next_dagrun for example_branch_labels to 2024-08-23 00:00:00+00:00, run_after=2024-08-24 00:00:00+00:00
[2024-08-24T11:39:21.192+0000] {processor.py:208} INFO - Processing /home/airflow/.local/lib/python3.12/site-packages/airflow/example_dags/example_branch_labels.py took 0.049 seconds
[2024-08-24T11:39:51.899+0000] {processor.py:186} INFO - Started process (PID=2359) to work on /home/airflow/.local/lib/python3.12/site-packages/airflow/example_dags/example_branch_labels.py
[2024-08-24T11:39:51.900+0000] {processor.py:914} INFO - Processing file /home/airflow/.local/lib/python3.12/site-packages/airflow/example_dags/example_branch_labels.py for tasks to queue
[2024-08-24T11:39:51.901+0000] {logging_mixin.py:190} INFO - [2024-08-24T11:39:51.901+0000] {dagbag.py:587} INFO - Filling up the DagBag from /home/airflow/.local/lib/python3.12/site-packages/airflow/example_dags/example_branch_labels.py
[2024-08-24T11:39:51.906+0000] {processor.py:925} INFO - DAG(s) 'example_branch_labels' retrieved from /home/airflow/.local/lib/python3.12/site-packages/airflow/example_dags/example_branch_labels.py
[2024-08-24T11:39:51.919+0000] {logging_mixin.py:190} INFO - [2024-08-24T11:39:51.918+0000] {dag.py:3211} INFO - Sync 1 DAGs
[2024-08-24T11:39:51.942+0000] {logging_mixin.py:190} INFO - [2024-08-24T11:39:51.942+0000] {dag.py:4138} INFO - Setting next_dagrun for example_branch_labels to 2024-08-23 00:00:00+00:00, run_after=2024-08-24 00:00:00+00:00
[2024-08-24T11:39:51.956+0000] {processor.py:208} INFO - Processing /home/airflow/.local/lib/python3.12/site-packages/airflow/example_dags/example_branch_labels.py took 0.061 seconds
[2024-08-24T11:40:22.310+0000] {processor.py:186} INFO - Started process (PID=2421) to work on /home/airflow/.local/lib/python3.12/site-packages/airflow/example_dags/example_branch_labels.py
[2024-08-24T11:40:22.310+0000] {processor.py:914} INFO - Processing file /home/airflow/.local/lib/python3.12/site-packages/airflow/example_dags/example_branch_labels.py for tasks to queue
[2024-08-24T11:40:22.312+0000] {logging_mixin.py:190} INFO - [2024-08-24T11:40:22.311+0000] {dagbag.py:587} INFO - Filling up the DagBag from /home/airflow/.local/lib/python3.12/site-packages/airflow/example_dags/example_branch_labels.py
[2024-08-24T11:40:22.319+0000] {processor.py:925} INFO - DAG(s) 'example_branch_labels' retrieved from /home/airflow/.local/lib/python3.12/site-packages/airflow/example_dags/example_branch_labels.py
[2024-08-24T11:40:22.333+0000] {logging_mixin.py:190} INFO - [2024-08-24T11:40:22.333+0000] {dag.py:3211} INFO - Sync 1 DAGs
[2024-08-24T11:40:22.348+0000] {logging_mixin.py:190} INFO - [2024-08-24T11:40:22.348+0000] {dag.py:4138} INFO - Setting next_dagrun for example_branch_labels to 2024-08-23 00:00:00+00:00, run_after=2024-08-24 00:00:00+00:00
[2024-08-24T11:40:22.356+0000] {processor.py:208} INFO - Processing /home/airflow/.local/lib/python3.12/site-packages/airflow/example_dags/example_branch_labels.py took 0.051 seconds
[2024-08-24T11:40:53.032+0000] {processor.py:186} INFO - Started process (PID=2483) to work on /home/airflow/.local/lib/python3.12/site-packages/airflow/example_dags/example_branch_labels.py
[2024-08-24T11:40:53.033+0000] {processor.py:914} INFO - Processing file /home/airflow/.local/lib/python3.12/site-packages/airflow/example_dags/example_branch_labels.py for tasks to queue
[2024-08-24T11:40:53.034+0000] {logging_mixin.py:190} INFO - [2024-08-24T11:40:53.034+0000] {dagbag.py:587} INFO - Filling up the DagBag from /home/airflow/.local/lib/python3.12/site-packages/airflow/example_dags/example_branch_labels.py
[2024-08-24T11:40:53.039+0000] {processor.py:925} INFO - DAG(s) 'example_branch_labels' retrieved from /home/airflow/.local/lib/python3.12/site-packages/airflow/example_dags/example_branch_labels.py
[2024-08-24T11:40:53.053+0000] {logging_mixin.py:190} INFO - [2024-08-24T11:40:53.053+0000] {dag.py:3211} INFO - Sync 1 DAGs
[2024-08-24T11:40:53.069+0000] {logging_mixin.py:190} INFO - [2024-08-24T11:40:53.069+0000] {dag.py:4138} INFO - Setting next_dagrun for example_branch_labels to 2024-08-23 00:00:00+00:00, run_after=2024-08-24 00:00:00+00:00
[2024-08-24T11:40:53.081+0000] {processor.py:208} INFO - Processing /home/airflow/.local/lib/python3.12/site-packages/airflow/example_dags/example_branch_labels.py took 0.053 seconds
[2024-08-24T11:41:23.528+0000] {processor.py:186} INFO - Started process (PID=2545) to work on /home/airflow/.local/lib/python3.12/site-packages/airflow/example_dags/example_branch_labels.py
[2024-08-24T11:41:23.529+0000] {processor.py:914} INFO - Processing file /home/airflow/.local/lib/python3.12/site-packages/airflow/example_dags/example_branch_labels.py for tasks to queue
[2024-08-24T11:41:23.530+0000] {logging_mixin.py:190} INFO - [2024-08-24T11:41:23.530+0000] {dagbag.py:587} INFO - Filling up the DagBag from /home/airflow/.local/lib/python3.12/site-packages/airflow/example_dags/example_branch_labels.py
[2024-08-24T11:41:23.535+0000] {processor.py:925} INFO - DAG(s) 'example_branch_labels' retrieved from /home/airflow/.local/lib/python3.12/site-packages/airflow/example_dags/example_branch_labels.py
[2024-08-24T11:41:23.546+0000] {logging_mixin.py:190} INFO - [2024-08-24T11:41:23.546+0000] {dag.py:3211} INFO - Sync 1 DAGs
[2024-08-24T11:41:23.563+0000] {logging_mixin.py:190} INFO - [2024-08-24T11:41:23.563+0000] {dag.py:4138} INFO - Setting next_dagrun for example_branch_labels to 2024-08-23 00:00:00+00:00, run_after=2024-08-24 00:00:00+00:00
[2024-08-24T11:41:23.572+0000] {processor.py:208} INFO - Processing /home/airflow/.local/lib/python3.12/site-packages/airflow/example_dags/example_branch_labels.py took 0.047 seconds
[2024-08-24T11:41:54.061+0000] {processor.py:186} INFO - Started process (PID=2607) to work on /home/airflow/.local/lib/python3.12/site-packages/airflow/example_dags/example_branch_labels.py
[2024-08-24T11:41:54.061+0000] {processor.py:914} INFO - Processing file /home/airflow/.local/lib/python3.12/site-packages/airflow/example_dags/example_branch_labels.py for tasks to queue
[2024-08-24T11:41:54.062+0000] {logging_mixin.py:190} INFO - [2024-08-24T11:41:54.062+0000] {dagbag.py:587} INFO - Filling up the DagBag from /home/airflow/.local/lib/python3.12/site-packages/airflow/example_dags/example_branch_labels.py
[2024-08-24T11:41:54.067+0000] {processor.py:925} INFO - DAG(s) 'example_branch_labels' retrieved from /home/airflow/.local/lib/python3.12/site-packages/airflow/example_dags/example_branch_labels.py
[2024-08-24T11:41:54.077+0000] {logging_mixin.py:190} INFO - [2024-08-24T11:41:54.077+0000] {dag.py:3211} INFO - Sync 1 DAGs
[2024-08-24T11:41:54.090+0000] {logging_mixin.py:190} INFO - [2024-08-24T11:41:54.090+0000] {dag.py:4138} INFO - Setting next_dagrun for example_branch_labels to 2024-08-23 00:00:00+00:00, run_after=2024-08-24 00:00:00+00:00
[2024-08-24T11:41:54.099+0000] {processor.py:208} INFO - Processing /home/airflow/.local/lib/python3.12/site-packages/airflow/example_dags/example_branch_labels.py took 0.041 seconds
[2024-08-24T11:42:24.511+0000] {processor.py:186} INFO - Started process (PID=2669) to work on /home/airflow/.local/lib/python3.12/site-packages/airflow/example_dags/example_branch_labels.py
[2024-08-24T11:42:24.512+0000] {processor.py:914} INFO - Processing file /home/airflow/.local/lib/python3.12/site-packages/airflow/example_dags/example_branch_labels.py for tasks to queue
[2024-08-24T11:42:24.513+0000] {logging_mixin.py:190} INFO - [2024-08-24T11:42:24.512+0000] {dagbag.py:587} INFO - Filling up the DagBag from /home/airflow/.local/lib/python3.12/site-packages/airflow/example_dags/example_branch_labels.py
[2024-08-24T11:42:24.518+0000] {processor.py:925} INFO - DAG(s) 'example_branch_labels' retrieved from /home/airflow/.local/lib/python3.12/site-packages/airflow/example_dags/example_branch_labels.py
[2024-08-24T11:42:24.529+0000] {logging_mixin.py:190} INFO - [2024-08-24T11:42:24.528+0000] {dag.py:3211} INFO - Sync 1 DAGs
[2024-08-24T11:42:24.541+0000] {logging_mixin.py:190} INFO - [2024-08-24T11:42:24.541+0000] {dag.py:4138} INFO - Setting next_dagrun for example_branch_labels to 2024-08-23 00:00:00+00:00, run_after=2024-08-24 00:00:00+00:00
[2024-08-24T11:42:24.550+0000] {processor.py:208} INFO - Processing /home/airflow/.local/lib/python3.12/site-packages/airflow/example_dags/example_branch_labels.py took 0.042 seconds
[2024-08-24T11:42:55.015+0000] {processor.py:186} INFO - Started process (PID=2731) to work on /home/airflow/.local/lib/python3.12/site-packages/airflow/example_dags/example_branch_labels.py
[2024-08-24T11:42:55.016+0000] {processor.py:914} INFO - Processing file /home/airflow/.local/lib/python3.12/site-packages/airflow/example_dags/example_branch_labels.py for tasks to queue
[2024-08-24T11:42:55.017+0000] {logging_mixin.py:190} INFO - [2024-08-24T11:42:55.017+0000] {dagbag.py:587} INFO - Filling up the DagBag from /home/airflow/.local/lib/python3.12/site-packages/airflow/example_dags/example_branch_labels.py
[2024-08-24T11:42:55.022+0000] {processor.py:925} INFO - DAG(s) 'example_branch_labels' retrieved from /home/airflow/.local/lib/python3.12/site-packages/airflow/example_dags/example_branch_labels.py
[2024-08-24T11:42:55.033+0000] {logging_mixin.py:190} INFO - [2024-08-24T11:42:55.033+0000] {dag.py:3211} INFO - Sync 1 DAGs
[2024-08-24T11:42:55.046+0000] {logging_mixin.py:190} INFO - [2024-08-24T11:42:55.046+0000] {dag.py:4138} INFO - Setting next_dagrun for example_branch_labels to 2024-08-23 00:00:00+00:00, run_after=2024-08-24 00:00:00+00:00
[2024-08-24T11:42:55.054+0000] {processor.py:208} INFO - Processing /home/airflow/.local/lib/python3.12/site-packages/airflow/example_dags/example_branch_labels.py took 0.043 seconds
[2024-08-24T11:43:25.432+0000] {processor.py:186} INFO - Started process (PID=2793) to work on /home/airflow/.local/lib/python3.12/site-packages/airflow/example_dags/example_branch_labels.py
[2024-08-24T11:43:25.433+0000] {processor.py:914} INFO - Processing file /home/airflow/.local/lib/python3.12/site-packages/airflow/example_dags/example_branch_labels.py for tasks to queue
[2024-08-24T11:43:25.434+0000] {logging_mixin.py:190} INFO - [2024-08-24T11:43:25.434+0000] {dagbag.py:587} INFO - Filling up the DagBag from /home/airflow/.local/lib/python3.12/site-packages/airflow/example_dags/example_branch_labels.py
[2024-08-24T11:43:25.439+0000] {processor.py:925} INFO - DAG(s) 'example_branch_labels' retrieved from /home/airflow/.local/lib/python3.12/site-packages/airflow/example_dags/example_branch_labels.py
[2024-08-24T11:43:25.450+0000] {logging_mixin.py:190} INFO - [2024-08-24T11:43:25.450+0000] {dag.py:3211} INFO - Sync 1 DAGs
[2024-08-24T11:43:25.463+0000] {logging_mixin.py:190} INFO - [2024-08-24T11:43:25.463+0000] {dag.py:4138} INFO - Setting next_dagrun for example_branch_labels to 2024-08-23 00:00:00+00:00, run_after=2024-08-24 00:00:00+00:00
[2024-08-24T11:43:25.475+0000] {processor.py:208} INFO - Processing /home/airflow/.local/lib/python3.12/site-packages/airflow/example_dags/example_branch_labels.py took 0.046 seconds
[2024-08-24T11:43:55.960+0000] {processor.py:186} INFO - Started process (PID=2855) to work on /home/airflow/.local/lib/python3.12/site-packages/airflow/example_dags/example_branch_labels.py
[2024-08-24T11:43:55.961+0000] {processor.py:914} INFO - Processing file /home/airflow/.local/lib/python3.12/site-packages/airflow/example_dags/example_branch_labels.py for tasks to queue
[2024-08-24T11:43:55.962+0000] {logging_mixin.py:190} INFO - [2024-08-24T11:43:55.962+0000] {dagbag.py:587} INFO - Filling up the DagBag from /home/airflow/.local/lib/python3.12/site-packages/airflow/example_dags/example_branch_labels.py
[2024-08-24T11:43:55.967+0000] {processor.py:925} INFO - DAG(s) 'example_branch_labels' retrieved from /home/airflow/.local/lib/python3.12/site-packages/airflow/example_dags/example_branch_labels.py
[2024-08-24T11:43:55.978+0000] {logging_mixin.py:190} INFO - [2024-08-24T11:43:55.978+0000] {dag.py:3211} INFO - Sync 1 DAGs
[2024-08-24T11:43:55.991+0000] {logging_mixin.py:190} INFO - [2024-08-24T11:43:55.991+0000] {dag.py:4138} INFO - Setting next_dagrun for example_branch_labels to 2024-08-23 00:00:00+00:00, run_after=2024-08-24 00:00:00+00:00
[2024-08-24T11:43:56.000+0000] {processor.py:208} INFO - Processing /home/airflow/.local/lib/python3.12/site-packages/airflow/example_dags/example_branch_labels.py took 0.043 seconds
[2024-08-24T11:44:26.796+0000] {processor.py:186} INFO - Started process (PID=2917) to work on /home/airflow/.local/lib/python3.12/site-packages/airflow/example_dags/example_branch_labels.py
[2024-08-24T11:44:26.797+0000] {processor.py:914} INFO - Processing file /home/airflow/.local/lib/python3.12/site-packages/airflow/example_dags/example_branch_labels.py for tasks to queue
[2024-08-24T11:44:26.798+0000] {logging_mixin.py:190} INFO - [2024-08-24T11:44:26.798+0000] {dagbag.py:587} INFO - Filling up the DagBag from /home/airflow/.local/lib/python3.12/site-packages/airflow/example_dags/example_branch_labels.py
[2024-08-24T11:44:26.803+0000] {processor.py:925} INFO - DAG(s) 'example_branch_labels' retrieved from /home/airflow/.local/lib/python3.12/site-packages/airflow/example_dags/example_branch_labels.py
[2024-08-24T11:44:26.818+0000] {logging_mixin.py:190} INFO - [2024-08-24T11:44:26.818+0000] {dag.py:3211} INFO - Sync 1 DAGs
[2024-08-24T11:44:26.835+0000] {logging_mixin.py:190} INFO - [2024-08-24T11:44:26.835+0000] {dag.py:4138} INFO - Setting next_dagrun for example_branch_labels to 2024-08-23 00:00:00+00:00, run_after=2024-08-24 00:00:00+00:00
[2024-08-24T11:44:26.935+0000] {processor.py:208} INFO - Processing /home/airflow/.local/lib/python3.12/site-packages/airflow/example_dags/example_branch_labels.py took 0.141 seconds
[2024-08-24T11:44:57.951+0000] {processor.py:186} INFO - Started process (PID=2980) to work on /home/airflow/.local/lib/python3.12/site-packages/airflow/example_dags/example_branch_labels.py
[2024-08-24T11:44:57.952+0000] {processor.py:914} INFO - Processing file /home/airflow/.local/lib/python3.12/site-packages/airflow/example_dags/example_branch_labels.py for tasks to queue
[2024-08-24T11:44:57.954+0000] {logging_mixin.py:190} INFO - [2024-08-24T11:44:57.953+0000] {dagbag.py:587} INFO - Filling up the DagBag from /home/airflow/.local/lib/python3.12/site-packages/airflow/example_dags/example_branch_labels.py
[2024-08-24T11:44:57.961+0000] {processor.py:925} INFO - DAG(s) 'example_branch_labels' retrieved from /home/airflow/.local/lib/python3.12/site-packages/airflow/example_dags/example_branch_labels.py
[2024-08-24T11:44:57.972+0000] {logging_mixin.py:190} INFO - [2024-08-24T11:44:57.972+0000] {dag.py:3211} INFO - Sync 1 DAGs
[2024-08-24T11:44:57.984+0000] {logging_mixin.py:190} INFO - [2024-08-24T11:44:57.984+0000] {dag.py:4138} INFO - Setting next_dagrun for example_branch_labels to 2024-08-23 00:00:00+00:00, run_after=2024-08-24 00:00:00+00:00
[2024-08-24T11:44:57.992+0000] {processor.py:208} INFO - Processing /home/airflow/.local/lib/python3.12/site-packages/airflow/example_dags/example_branch_labels.py took 0.045 seconds
[2024-08-24T11:45:28.357+0000] {processor.py:186} INFO - Started process (PID=3043) to work on /home/airflow/.local/lib/python3.12/site-packages/airflow/example_dags/example_branch_labels.py
[2024-08-24T11:45:28.357+0000] {processor.py:914} INFO - Processing file /home/airflow/.local/lib/python3.12/site-packages/airflow/example_dags/example_branch_labels.py for tasks to queue
[2024-08-24T11:45:28.358+0000] {logging_mixin.py:190} INFO - [2024-08-24T11:45:28.358+0000] {dagbag.py:587} INFO - Filling up the DagBag from /home/airflow/.local/lib/python3.12/site-packages/airflow/example_dags/example_branch_labels.py
[2024-08-24T11:45:28.363+0000] {processor.py:925} INFO - DAG(s) 'example_branch_labels' retrieved from /home/airflow/.local/lib/python3.12/site-packages/airflow/example_dags/example_branch_labels.py
[2024-08-24T11:45:28.379+0000] {logging_mixin.py:190} INFO - [2024-08-24T11:45:28.378+0000] {dag.py:3211} INFO - Sync 1 DAGs
[2024-08-24T11:45:28.395+0000] {logging_mixin.py:190} INFO - [2024-08-24T11:45:28.395+0000] {dag.py:4138} INFO - Setting next_dagrun for example_branch_labels to 2024-08-23 00:00:00+00:00, run_after=2024-08-24 00:00:00+00:00
[2024-08-24T11:45:28.408+0000] {processor.py:208} INFO - Processing /home/airflow/.local/lib/python3.12/site-packages/airflow/example_dags/example_branch_labels.py took 0.054 seconds
[2024-08-24T11:45:59.093+0000] {processor.py:186} INFO - Started process (PID=3105) to work on /home/airflow/.local/lib/python3.12/site-packages/airflow/example_dags/example_branch_labels.py
[2024-08-24T11:45:59.094+0000] {processor.py:914} INFO - Processing file /home/airflow/.local/lib/python3.12/site-packages/airflow/example_dags/example_branch_labels.py for tasks to queue
[2024-08-24T11:45:59.096+0000] {logging_mixin.py:190} INFO - [2024-08-24T11:45:59.095+0000] {dagbag.py:587} INFO - Filling up the DagBag from /home/airflow/.local/lib/python3.12/site-packages/airflow/example_dags/example_branch_labels.py
[2024-08-24T11:45:59.102+0000] {processor.py:925} INFO - DAG(s) 'example_branch_labels' retrieved from /home/airflow/.local/lib/python3.12/site-packages/airflow/example_dags/example_branch_labels.py
[2024-08-24T11:45:59.115+0000] {logging_mixin.py:190} INFO - [2024-08-24T11:45:59.115+0000] {dag.py:3211} INFO - Sync 1 DAGs
[2024-08-24T11:45:59.225+0000] {logging_mixin.py:190} INFO - [2024-08-24T11:45:59.225+0000] {dag.py:4138} INFO - Setting next_dagrun for example_branch_labels to 2024-08-23 00:00:00+00:00, run_after=2024-08-24 00:00:00+00:00
[2024-08-24T11:45:59.233+0000] {processor.py:208} INFO - Processing /home/airflow/.local/lib/python3.12/site-packages/airflow/example_dags/example_branch_labels.py took 0.144 seconds
[2024-08-24T11:46:29.407+0000] {processor.py:186} INFO - Started process (PID=3167) to work on /home/airflow/.local/lib/python3.12/site-packages/airflow/example_dags/example_branch_labels.py
[2024-08-24T11:46:29.408+0000] {processor.py:914} INFO - Processing file /home/airflow/.local/lib/python3.12/site-packages/airflow/example_dags/example_branch_labels.py for tasks to queue
[2024-08-24T11:46:29.409+0000] {logging_mixin.py:190} INFO - [2024-08-24T11:46:29.409+0000] {dagbag.py:587} INFO - Filling up the DagBag from /home/airflow/.local/lib/python3.12/site-packages/airflow/example_dags/example_branch_labels.py
[2024-08-24T11:46:29.414+0000] {processor.py:925} INFO - DAG(s) 'example_branch_labels' retrieved from /home/airflow/.local/lib/python3.12/site-packages/airflow/example_dags/example_branch_labels.py
[2024-08-24T11:46:29.433+0000] {logging_mixin.py:190} INFO - [2024-08-24T11:46:29.432+0000] {dag.py:3211} INFO - Sync 1 DAGs
[2024-08-24T11:46:29.544+0000] {logging_mixin.py:190} INFO - [2024-08-24T11:46:29.543+0000] {dag.py:4138} INFO - Setting next_dagrun for example_branch_labels to 2024-08-23 00:00:00+00:00, run_after=2024-08-24 00:00:00+00:00
[2024-08-24T11:46:29.558+0000] {processor.py:208} INFO - Processing /home/airflow/.local/lib/python3.12/site-packages/airflow/example_dags/example_branch_labels.py took 0.155 seconds
[2024-08-24T11:47:00.005+0000] {processor.py:186} INFO - Started process (PID=3229) to work on /home/airflow/.local/lib/python3.12/site-packages/airflow/example_dags/example_branch_labels.py
[2024-08-24T11:47:00.005+0000] {processor.py:914} INFO - Processing file /home/airflow/.local/lib/python3.12/site-packages/airflow/example_dags/example_branch_labels.py for tasks to queue
[2024-08-24T11:47:00.006+0000] {logging_mixin.py:190} INFO - [2024-08-24T11:47:00.006+0000] {dagbag.py:587} INFO - Filling up the DagBag from /home/airflow/.local/lib/python3.12/site-packages/airflow/example_dags/example_branch_labels.py
[2024-08-24T11:47:00.011+0000] {processor.py:925} INFO - DAG(s) 'example_branch_labels' retrieved from /home/airflow/.local/lib/python3.12/site-packages/airflow/example_dags/example_branch_labels.py
[2024-08-24T11:47:00.022+0000] {logging_mixin.py:190} INFO - [2024-08-24T11:47:00.022+0000] {dag.py:3211} INFO - Sync 1 DAGs
[2024-08-24T11:47:00.035+0000] {logging_mixin.py:190} INFO - [2024-08-24T11:47:00.035+0000] {dag.py:4138} INFO - Setting next_dagrun for example_branch_labels to 2024-08-23 00:00:00+00:00, run_after=2024-08-24 00:00:00+00:00
[2024-08-24T11:47:00.133+0000] {processor.py:208} INFO - Processing /home/airflow/.local/lib/python3.12/site-packages/airflow/example_dags/example_branch_labels.py took 0.132 seconds
[2024-08-24T11:47:30.311+0000] {processor.py:186} INFO - Started process (PID=3291) to work on /home/airflow/.local/lib/python3.12/site-packages/airflow/example_dags/example_branch_labels.py
[2024-08-24T11:47:30.312+0000] {processor.py:914} INFO - Processing file /home/airflow/.local/lib/python3.12/site-packages/airflow/example_dags/example_branch_labels.py for tasks to queue
[2024-08-24T11:47:30.313+0000] {logging_mixin.py:190} INFO - [2024-08-24T11:47:30.313+0000] {dagbag.py:587} INFO - Filling up the DagBag from /home/airflow/.local/lib/python3.12/site-packages/airflow/example_dags/example_branch_labels.py
[2024-08-24T11:47:30.318+0000] {processor.py:925} INFO - DAG(s) 'example_branch_labels' retrieved from /home/airflow/.local/lib/python3.12/site-packages/airflow/example_dags/example_branch_labels.py
[2024-08-24T11:47:30.329+0000] {logging_mixin.py:190} INFO - [2024-08-24T11:47:30.329+0000] {dag.py:3211} INFO - Sync 1 DAGs
[2024-08-24T11:47:30.341+0000] {logging_mixin.py:190} INFO - [2024-08-24T11:47:30.341+0000] {dag.py:4138} INFO - Setting next_dagrun for example_branch_labels to 2024-08-23 00:00:00+00:00, run_after=2024-08-24 00:00:00+00:00
[2024-08-24T11:47:30.350+0000] {processor.py:208} INFO - Processing /home/airflow/.local/lib/python3.12/site-packages/airflow/example_dags/example_branch_labels.py took 0.044 seconds
[2024-08-24T11:48:00.574+0000] {processor.py:186} INFO - Started process (PID=3353) to work on /home/airflow/.local/lib/python3.12/site-packages/airflow/example_dags/example_branch_labels.py
[2024-08-24T11:48:00.575+0000] {processor.py:914} INFO - Processing file /home/airflow/.local/lib/python3.12/site-packages/airflow/example_dags/example_branch_labels.py for tasks to queue
[2024-08-24T11:48:00.576+0000] {logging_mixin.py:190} INFO - [2024-08-24T11:48:00.576+0000] {dagbag.py:587} INFO - Filling up the DagBag from /home/airflow/.local/lib/python3.12/site-packages/airflow/example_dags/example_branch_labels.py
[2024-08-24T11:48:00.581+0000] {processor.py:925} INFO - DAG(s) 'example_branch_labels' retrieved from /home/airflow/.local/lib/python3.12/site-packages/airflow/example_dags/example_branch_labels.py
[2024-08-24T11:48:00.592+0000] {logging_mixin.py:190} INFO - [2024-08-24T11:48:00.592+0000] {dag.py:3211} INFO - Sync 1 DAGs
[2024-08-24T11:48:00.604+0000] {logging_mixin.py:190} INFO - [2024-08-24T11:48:00.604+0000] {dag.py:4138} INFO - Setting next_dagrun for example_branch_labels to 2024-08-23 00:00:00+00:00, run_after=2024-08-24 00:00:00+00:00
[2024-08-24T11:48:00.615+0000] {processor.py:208} INFO - Processing /home/airflow/.local/lib/python3.12/site-packages/airflow/example_dags/example_branch_labels.py took 0.044 seconds
[2024-08-24T11:48:30.967+0000] {processor.py:186} INFO - Started process (PID=3415) to work on /home/airflow/.local/lib/python3.12/site-packages/airflow/example_dags/example_branch_labels.py
[2024-08-24T11:48:30.968+0000] {processor.py:914} INFO - Processing file /home/airflow/.local/lib/python3.12/site-packages/airflow/example_dags/example_branch_labels.py for tasks to queue
[2024-08-24T11:48:30.969+0000] {logging_mixin.py:190} INFO - [2024-08-24T11:48:30.969+0000] {dagbag.py:587} INFO - Filling up the DagBag from /home/airflow/.local/lib/python3.12/site-packages/airflow/example_dags/example_branch_labels.py
[2024-08-24T11:48:30.974+0000] {processor.py:925} INFO - DAG(s) 'example_branch_labels' retrieved from /home/airflow/.local/lib/python3.12/site-packages/airflow/example_dags/example_branch_labels.py
[2024-08-24T11:48:30.988+0000] {logging_mixin.py:190} INFO - [2024-08-24T11:48:30.988+0000] {dag.py:3211} INFO - Sync 1 DAGs
[2024-08-24T11:48:31.007+0000] {logging_mixin.py:190} INFO - [2024-08-24T11:48:31.007+0000] {dag.py:4138} INFO - Setting next_dagrun for example_branch_labels to 2024-08-23 00:00:00+00:00, run_after=2024-08-24 00:00:00+00:00
[2024-08-24T11:48:31.019+0000] {processor.py:208} INFO - Processing /home/airflow/.local/lib/python3.12/site-packages/airflow/example_dags/example_branch_labels.py took 0.055 seconds
[2024-08-24T11:49:01.204+0000] {processor.py:186} INFO - Started process (PID=3477) to work on /home/airflow/.local/lib/python3.12/site-packages/airflow/example_dags/example_branch_labels.py
[2024-08-24T11:49:01.204+0000] {processor.py:914} INFO - Processing file /home/airflow/.local/lib/python3.12/site-packages/airflow/example_dags/example_branch_labels.py for tasks to queue
[2024-08-24T11:49:01.206+0000] {logging_mixin.py:190} INFO - [2024-08-24T11:49:01.206+0000] {dagbag.py:587} INFO - Filling up the DagBag from /home/airflow/.local/lib/python3.12/site-packages/airflow/example_dags/example_branch_labels.py
[2024-08-24T11:49:01.214+0000] {processor.py:925} INFO - DAG(s) 'example_branch_labels' retrieved from /home/airflow/.local/lib/python3.12/site-packages/airflow/example_dags/example_branch_labels.py
[2024-08-24T11:49:01.249+0000] {logging_mixin.py:190} INFO - [2024-08-24T11:49:01.249+0000] {dag.py:3211} INFO - Sync 1 DAGs
[2024-08-24T11:49:01.270+0000] {logging_mixin.py:190} INFO - [2024-08-24T11:49:01.269+0000] {dag.py:4138} INFO - Setting next_dagrun for example_branch_labels to 2024-08-23 00:00:00+00:00, run_after=2024-08-24 00:00:00+00:00
[2024-08-24T11:49:01.279+0000] {processor.py:208} INFO - Processing /home/airflow/.local/lib/python3.12/site-packages/airflow/example_dags/example_branch_labels.py took 0.080 seconds
[2024-08-24T11:49:31.525+0000] {processor.py:186} INFO - Started process (PID=3539) to work on /home/airflow/.local/lib/python3.12/site-packages/airflow/example_dags/example_branch_labels.py
[2024-08-24T11:49:31.526+0000] {processor.py:914} INFO - Processing file /home/airflow/.local/lib/python3.12/site-packages/airflow/example_dags/example_branch_labels.py for tasks to queue
[2024-08-24T11:49:31.528+0000] {logging_mixin.py:190} INFO - [2024-08-24T11:49:31.527+0000] {dagbag.py:587} INFO - Filling up the DagBag from /home/airflow/.local/lib/python3.12/site-packages/airflow/example_dags/example_branch_labels.py
[2024-08-24T11:49:31.533+0000] {processor.py:925} INFO - DAG(s) 'example_branch_labels' retrieved from /home/airflow/.local/lib/python3.12/site-packages/airflow/example_dags/example_branch_labels.py
[2024-08-24T11:49:31.549+0000] {logging_mixin.py:190} INFO - [2024-08-24T11:49:31.549+0000] {dag.py:3211} INFO - Sync 1 DAGs
[2024-08-24T11:49:31.578+0000] {logging_mixin.py:190} INFO - [2024-08-24T11:49:31.578+0000] {dag.py:4138} INFO - Setting next_dagrun for example_branch_labels to 2024-08-23 00:00:00+00:00, run_after=2024-08-24 00:00:00+00:00
[2024-08-24T11:49:31.591+0000] {processor.py:208} INFO - Processing /home/airflow/.local/lib/python3.12/site-packages/airflow/example_dags/example_branch_labels.py took 0.070 seconds
[2024-08-24T11:50:01.826+0000] {processor.py:186} INFO - Started process (PID=3601) to work on /home/airflow/.local/lib/python3.12/site-packages/airflow/example_dags/example_branch_labels.py
[2024-08-24T11:50:01.827+0000] {processor.py:914} INFO - Processing file /home/airflow/.local/lib/python3.12/site-packages/airflow/example_dags/example_branch_labels.py for tasks to queue
[2024-08-24T11:50:01.829+0000] {logging_mixin.py:190} INFO - [2024-08-24T11:50:01.828+0000] {dagbag.py:587} INFO - Filling up the DagBag from /home/airflow/.local/lib/python3.12/site-packages/airflow/example_dags/example_branch_labels.py
[2024-08-24T11:50:01.836+0000] {processor.py:925} INFO - DAG(s) 'example_branch_labels' retrieved from /home/airflow/.local/lib/python3.12/site-packages/airflow/example_dags/example_branch_labels.py
[2024-08-24T11:50:01.851+0000] {logging_mixin.py:190} INFO - [2024-08-24T11:50:01.850+0000] {dag.py:3211} INFO - Sync 1 DAGs
[2024-08-24T11:50:01.863+0000] {logging_mixin.py:190} INFO - [2024-08-24T11:50:01.863+0000] {dag.py:4138} INFO - Setting next_dagrun for example_branch_labels to 2024-08-23 00:00:00+00:00, run_after=2024-08-24 00:00:00+00:00
[2024-08-24T11:50:01.875+0000] {processor.py:208} INFO - Processing /home/airflow/.local/lib/python3.12/site-packages/airflow/example_dags/example_branch_labels.py took 0.054 seconds
[2024-08-24T11:50:32.137+0000] {processor.py:186} INFO - Started process (PID=3663) to work on /home/airflow/.local/lib/python3.12/site-packages/airflow/example_dags/example_branch_labels.py
[2024-08-24T11:50:32.138+0000] {processor.py:914} INFO - Processing file /home/airflow/.local/lib/python3.12/site-packages/airflow/example_dags/example_branch_labels.py for tasks to queue
[2024-08-24T11:50:32.140+0000] {logging_mixin.py:190} INFO - [2024-08-24T11:50:32.139+0000] {dagbag.py:587} INFO - Filling up the DagBag from /home/airflow/.local/lib/python3.12/site-packages/airflow/example_dags/example_branch_labels.py
[2024-08-24T11:50:32.145+0000] {processor.py:925} INFO - DAG(s) 'example_branch_labels' retrieved from /home/airflow/.local/lib/python3.12/site-packages/airflow/example_dags/example_branch_labels.py
[2024-08-24T11:50:32.160+0000] {logging_mixin.py:190} INFO - [2024-08-24T11:50:32.160+0000] {dag.py:3211} INFO - Sync 1 DAGs
[2024-08-24T11:50:32.173+0000] {logging_mixin.py:190} INFO - [2024-08-24T11:50:32.173+0000] {dag.py:4138} INFO - Setting next_dagrun for example_branch_labels to 2024-08-23 00:00:00+00:00, run_after=2024-08-24 00:00:00+00:00
[2024-08-24T11:50:32.182+0000] {processor.py:208} INFO - Processing /home/airflow/.local/lib/python3.12/site-packages/airflow/example_dags/example_branch_labels.py took 0.049 seconds
[2024-08-24T11:51:02.683+0000] {processor.py:186} INFO - Started process (PID=3725) to work on /home/airflow/.local/lib/python3.12/site-packages/airflow/example_dags/example_branch_labels.py
[2024-08-24T11:51:02.683+0000] {processor.py:914} INFO - Processing file /home/airflow/.local/lib/python3.12/site-packages/airflow/example_dags/example_branch_labels.py for tasks to queue
[2024-08-24T11:51:02.684+0000] {logging_mixin.py:190} INFO - [2024-08-24T11:51:02.684+0000] {dagbag.py:587} INFO - Filling up the DagBag from /home/airflow/.local/lib/python3.12/site-packages/airflow/example_dags/example_branch_labels.py
[2024-08-24T11:51:02.690+0000] {processor.py:925} INFO - DAG(s) 'example_branch_labels' retrieved from /home/airflow/.local/lib/python3.12/site-packages/airflow/example_dags/example_branch_labels.py
[2024-08-24T11:51:02.701+0000] {logging_mixin.py:190} INFO - [2024-08-24T11:51:02.701+0000] {dag.py:3211} INFO - Sync 1 DAGs
[2024-08-24T11:51:02.713+0000] {logging_mixin.py:190} INFO - [2024-08-24T11:51:02.713+0000] {dag.py:4138} INFO - Setting next_dagrun for example_branch_labels to 2024-08-23 00:00:00+00:00, run_after=2024-08-24 00:00:00+00:00
[2024-08-24T11:51:02.721+0000] {processor.py:208} INFO - Processing /home/airflow/.local/lib/python3.12/site-packages/airflow/example_dags/example_branch_labels.py took 0.041 seconds
[2024-08-24T11:51:33.072+0000] {processor.py:186} INFO - Started process (PID=3787) to work on /home/airflow/.local/lib/python3.12/site-packages/airflow/example_dags/example_branch_labels.py
[2024-08-24T11:51:33.072+0000] {processor.py:914} INFO - Processing file /home/airflow/.local/lib/python3.12/site-packages/airflow/example_dags/example_branch_labels.py for tasks to queue
[2024-08-24T11:51:33.074+0000] {logging_mixin.py:190} INFO - [2024-08-24T11:51:33.074+0000] {dagbag.py:587} INFO - Filling up the DagBag from /home/airflow/.local/lib/python3.12/site-packages/airflow/example_dags/example_branch_labels.py
[2024-08-24T11:51:33.079+0000] {processor.py:925} INFO - DAG(s) 'example_branch_labels' retrieved from /home/airflow/.local/lib/python3.12/site-packages/airflow/example_dags/example_branch_labels.py
[2024-08-24T11:51:33.094+0000] {logging_mixin.py:190} INFO - [2024-08-24T11:51:33.093+0000] {dag.py:3211} INFO - Sync 1 DAGs
[2024-08-24T11:51:33.119+0000] {logging_mixin.py:190} INFO - [2024-08-24T11:51:33.119+0000] {dag.py:4138} INFO - Setting next_dagrun for example_branch_labels to 2024-08-23 00:00:00+00:00, run_after=2024-08-24 00:00:00+00:00
[2024-08-24T11:51:33.140+0000] {processor.py:208} INFO - Processing /home/airflow/.local/lib/python3.12/site-packages/airflow/example_dags/example_branch_labels.py took 0.073 seconds
[2024-08-24T11:52:03.274+0000] {processor.py:186} INFO - Started process (PID=3849) to work on /home/airflow/.local/lib/python3.12/site-packages/airflow/example_dags/example_branch_labels.py
[2024-08-24T11:52:03.275+0000] {processor.py:914} INFO - Processing file /home/airflow/.local/lib/python3.12/site-packages/airflow/example_dags/example_branch_labels.py for tasks to queue
[2024-08-24T11:52:03.276+0000] {logging_mixin.py:190} INFO - [2024-08-24T11:52:03.276+0000] {dagbag.py:587} INFO - Filling up the DagBag from /home/airflow/.local/lib/python3.12/site-packages/airflow/example_dags/example_branch_labels.py
[2024-08-24T11:52:03.282+0000] {processor.py:925} INFO - DAG(s) 'example_branch_labels' retrieved from /home/airflow/.local/lib/python3.12/site-packages/airflow/example_dags/example_branch_labels.py
[2024-08-24T11:52:03.295+0000] {logging_mixin.py:190} INFO - [2024-08-24T11:52:03.295+0000] {dag.py:3211} INFO - Sync 1 DAGs
[2024-08-24T11:52:03.311+0000] {logging_mixin.py:190} INFO - [2024-08-24T11:52:03.310+0000] {dag.py:4138} INFO - Setting next_dagrun for example_branch_labels to 2024-08-23 00:00:00+00:00, run_after=2024-08-24 00:00:00+00:00
[2024-08-24T11:52:03.322+0000] {processor.py:208} INFO - Processing /home/airflow/.local/lib/python3.12/site-packages/airflow/example_dags/example_branch_labels.py took 0.050 seconds
[2024-08-24T11:52:33.519+0000] {processor.py:186} INFO - Started process (PID=3911) to work on /home/airflow/.local/lib/python3.12/site-packages/airflow/example_dags/example_branch_labels.py
[2024-08-24T11:52:33.519+0000] {processor.py:914} INFO - Processing file /home/airflow/.local/lib/python3.12/site-packages/airflow/example_dags/example_branch_labels.py for tasks to queue
[2024-08-24T11:52:33.520+0000] {logging_mixin.py:190} INFO - [2024-08-24T11:52:33.520+0000] {dagbag.py:587} INFO - Filling up the DagBag from /home/airflow/.local/lib/python3.12/site-packages/airflow/example_dags/example_branch_labels.py
[2024-08-24T11:52:33.525+0000] {processor.py:925} INFO - DAG(s) 'example_branch_labels' retrieved from /home/airflow/.local/lib/python3.12/site-packages/airflow/example_dags/example_branch_labels.py
[2024-08-24T11:52:33.541+0000] {logging_mixin.py:190} INFO - [2024-08-24T11:52:33.541+0000] {dag.py:3211} INFO - Sync 1 DAGs
[2024-08-24T11:52:33.557+0000] {logging_mixin.py:190} INFO - [2024-08-24T11:52:33.557+0000] {dag.py:4138} INFO - Setting next_dagrun for example_branch_labels to 2024-08-23 00:00:00+00:00, run_after=2024-08-24 00:00:00+00:00
[2024-08-24T11:52:33.566+0000] {processor.py:208} INFO - Processing /home/airflow/.local/lib/python3.12/site-packages/airflow/example_dags/example_branch_labels.py took 0.050 seconds
[2024-08-24T11:53:03.907+0000] {processor.py:186} INFO - Started process (PID=3973) to work on /home/airflow/.local/lib/python3.12/site-packages/airflow/example_dags/example_branch_labels.py
[2024-08-24T11:53:03.908+0000] {processor.py:914} INFO - Processing file /home/airflow/.local/lib/python3.12/site-packages/airflow/example_dags/example_branch_labels.py for tasks to queue
[2024-08-24T11:53:03.910+0000] {logging_mixin.py:190} INFO - [2024-08-24T11:53:03.909+0000] {dagbag.py:587} INFO - Filling up the DagBag from /home/airflow/.local/lib/python3.12/site-packages/airflow/example_dags/example_branch_labels.py
[2024-08-24T11:53:03.916+0000] {processor.py:925} INFO - DAG(s) 'example_branch_labels' retrieved from /home/airflow/.local/lib/python3.12/site-packages/airflow/example_dags/example_branch_labels.py
[2024-08-24T11:53:03.941+0000] {logging_mixin.py:190} INFO - [2024-08-24T11:53:03.941+0000] {dag.py:3211} INFO - Sync 1 DAGs
[2024-08-24T11:53:03.959+0000] {logging_mixin.py:190} INFO - [2024-08-24T11:53:03.959+0000] {dag.py:4138} INFO - Setting next_dagrun for example_branch_labels to 2024-08-23 00:00:00+00:00, run_after=2024-08-24 00:00:00+00:00
[2024-08-24T11:53:03.972+0000] {processor.py:208} INFO - Processing /home/airflow/.local/lib/python3.12/site-packages/airflow/example_dags/example_branch_labels.py took 0.070 seconds
[2024-08-24T11:53:34.252+0000] {processor.py:186} INFO - Started process (PID=4036) to work on /home/airflow/.local/lib/python3.12/site-packages/airflow/example_dags/example_branch_labels.py
[2024-08-24T11:53:34.253+0000] {processor.py:914} INFO - Processing file /home/airflow/.local/lib/python3.12/site-packages/airflow/example_dags/example_branch_labels.py for tasks to queue
[2024-08-24T11:53:34.254+0000] {logging_mixin.py:190} INFO - [2024-08-24T11:53:34.254+0000] {dagbag.py:587} INFO - Filling up the DagBag from /home/airflow/.local/lib/python3.12/site-packages/airflow/example_dags/example_branch_labels.py
[2024-08-24T11:53:34.259+0000] {processor.py:925} INFO - DAG(s) 'example_branch_labels' retrieved from /home/airflow/.local/lib/python3.12/site-packages/airflow/example_dags/example_branch_labels.py
[2024-08-24T11:53:34.272+0000] {logging_mixin.py:190} INFO - [2024-08-24T11:53:34.272+0000] {dag.py:3211} INFO - Sync 1 DAGs
[2024-08-24T11:53:34.287+0000] {logging_mixin.py:190} INFO - [2024-08-24T11:53:34.287+0000] {dag.py:4138} INFO - Setting next_dagrun for example_branch_labels to 2024-08-23 00:00:00+00:00, run_after=2024-08-24 00:00:00+00:00
[2024-08-24T11:53:34.296+0000] {processor.py:208} INFO - Processing /home/airflow/.local/lib/python3.12/site-packages/airflow/example_dags/example_branch_labels.py took 0.046 seconds
[2024-08-24T11:54:04.576+0000] {processor.py:186} INFO - Started process (PID=4098) to work on /home/airflow/.local/lib/python3.12/site-packages/airflow/example_dags/example_branch_labels.py
[2024-08-24T11:54:04.577+0000] {processor.py:914} INFO - Processing file /home/airflow/.local/lib/python3.12/site-packages/airflow/example_dags/example_branch_labels.py for tasks to queue
[2024-08-24T11:54:04.579+0000] {logging_mixin.py:190} INFO - [2024-08-24T11:54:04.578+0000] {dagbag.py:587} INFO - Filling up the DagBag from /home/airflow/.local/lib/python3.12/site-packages/airflow/example_dags/example_branch_labels.py
[2024-08-24T11:54:04.585+0000] {processor.py:925} INFO - DAG(s) 'example_branch_labels' retrieved from /home/airflow/.local/lib/python3.12/site-packages/airflow/example_dags/example_branch_labels.py
[2024-08-24T11:54:04.595+0000] {logging_mixin.py:190} INFO - [2024-08-24T11:54:04.595+0000] {dag.py:3211} INFO - Sync 1 DAGs
[2024-08-24T11:54:04.608+0000] {logging_mixin.py:190} INFO - [2024-08-24T11:54:04.608+0000] {dag.py:4138} INFO - Setting next_dagrun for example_branch_labels to 2024-08-23 00:00:00+00:00, run_after=2024-08-24 00:00:00+00:00
[2024-08-24T11:54:04.616+0000] {processor.py:208} INFO - Processing /home/airflow/.local/lib/python3.12/site-packages/airflow/example_dags/example_branch_labels.py took 0.044 seconds
[2024-08-24T11:54:34.932+0000] {processor.py:186} INFO - Started process (PID=4160) to work on /home/airflow/.local/lib/python3.12/site-packages/airflow/example_dags/example_branch_labels.py
[2024-08-24T11:54:34.933+0000] {processor.py:914} INFO - Processing file /home/airflow/.local/lib/python3.12/site-packages/airflow/example_dags/example_branch_labels.py for tasks to queue
[2024-08-24T11:54:34.934+0000] {logging_mixin.py:190} INFO - [2024-08-24T11:54:34.934+0000] {dagbag.py:587} INFO - Filling up the DagBag from /home/airflow/.local/lib/python3.12/site-packages/airflow/example_dags/example_branch_labels.py
[2024-08-24T11:54:34.939+0000] {processor.py:925} INFO - DAG(s) 'example_branch_labels' retrieved from /home/airflow/.local/lib/python3.12/site-packages/airflow/example_dags/example_branch_labels.py
[2024-08-24T11:54:34.949+0000] {logging_mixin.py:190} INFO - [2024-08-24T11:54:34.949+0000] {dag.py:3211} INFO - Sync 1 DAGs
[2024-08-24T11:54:34.963+0000] {logging_mixin.py:190} INFO - [2024-08-24T11:54:34.963+0000] {dag.py:4138} INFO - Setting next_dagrun for example_branch_labels to 2024-08-23 00:00:00+00:00, run_after=2024-08-24 00:00:00+00:00
[2024-08-24T11:54:34.974+0000] {processor.py:208} INFO - Processing /home/airflow/.local/lib/python3.12/site-packages/airflow/example_dags/example_branch_labels.py took 0.047 seconds
[2024-08-24T11:55:05.244+0000] {processor.py:186} INFO - Started process (PID=4222) to work on /home/airflow/.local/lib/python3.12/site-packages/airflow/example_dags/example_branch_labels.py
[2024-08-24T11:55:05.244+0000] {processor.py:914} INFO - Processing file /home/airflow/.local/lib/python3.12/site-packages/airflow/example_dags/example_branch_labels.py for tasks to queue
[2024-08-24T11:55:05.245+0000] {logging_mixin.py:190} INFO - [2024-08-24T11:55:05.245+0000] {dagbag.py:587} INFO - Filling up the DagBag from /home/airflow/.local/lib/python3.12/site-packages/airflow/example_dags/example_branch_labels.py
[2024-08-24T11:55:05.250+0000] {processor.py:925} INFO - DAG(s) 'example_branch_labels' retrieved from /home/airflow/.local/lib/python3.12/site-packages/airflow/example_dags/example_branch_labels.py
[2024-08-24T11:55:05.265+0000] {logging_mixin.py:190} INFO - [2024-08-24T11:55:05.265+0000] {dag.py:3211} INFO - Sync 1 DAGs
[2024-08-24T11:55:05.282+0000] {logging_mixin.py:190} INFO - [2024-08-24T11:55:05.282+0000] {dag.py:4138} INFO - Setting next_dagrun for example_branch_labels to 2024-08-23 00:00:00+00:00, run_after=2024-08-24 00:00:00+00:00
[2024-08-24T11:55:05.295+0000] {processor.py:208} INFO - Processing /home/airflow/.local/lib/python3.12/site-packages/airflow/example_dags/example_branch_labels.py took 0.054 seconds
[2024-08-24T11:55:35.669+0000] {processor.py:186} INFO - Started process (PID=4284) to work on /home/airflow/.local/lib/python3.12/site-packages/airflow/example_dags/example_branch_labels.py
[2024-08-24T11:55:35.670+0000] {processor.py:914} INFO - Processing file /home/airflow/.local/lib/python3.12/site-packages/airflow/example_dags/example_branch_labels.py for tasks to queue
[2024-08-24T11:55:35.671+0000] {logging_mixin.py:190} INFO - [2024-08-24T11:55:35.671+0000] {dagbag.py:587} INFO - Filling up the DagBag from /home/airflow/.local/lib/python3.12/site-packages/airflow/example_dags/example_branch_labels.py
[2024-08-24T11:55:35.676+0000] {processor.py:925} INFO - DAG(s) 'example_branch_labels' retrieved from /home/airflow/.local/lib/python3.12/site-packages/airflow/example_dags/example_branch_labels.py
[2024-08-24T11:55:35.694+0000] {logging_mixin.py:190} INFO - [2024-08-24T11:55:35.693+0000] {dag.py:3211} INFO - Sync 1 DAGs
[2024-08-24T11:55:35.714+0000] {logging_mixin.py:190} INFO - [2024-08-24T11:55:35.714+0000] {dag.py:4138} INFO - Setting next_dagrun for example_branch_labels to 2024-08-23 00:00:00+00:00, run_after=2024-08-24 00:00:00+00:00
[2024-08-24T11:55:35.727+0000] {processor.py:208} INFO - Processing /home/airflow/.local/lib/python3.12/site-packages/airflow/example_dags/example_branch_labels.py took 0.061 seconds
[2024-08-24T11:56:06.174+0000] {processor.py:186} INFO - Started process (PID=4346) to work on /home/airflow/.local/lib/python3.12/site-packages/airflow/example_dags/example_branch_labels.py
[2024-08-24T11:56:06.174+0000] {processor.py:914} INFO - Processing file /home/airflow/.local/lib/python3.12/site-packages/airflow/example_dags/example_branch_labels.py for tasks to queue
[2024-08-24T11:56:06.176+0000] {logging_mixin.py:190} INFO - [2024-08-24T11:56:06.175+0000] {dagbag.py:587} INFO - Filling up the DagBag from /home/airflow/.local/lib/python3.12/site-packages/airflow/example_dags/example_branch_labels.py
[2024-08-24T11:56:06.181+0000] {processor.py:925} INFO - DAG(s) 'example_branch_labels' retrieved from /home/airflow/.local/lib/python3.12/site-packages/airflow/example_dags/example_branch_labels.py
[2024-08-24T11:56:06.196+0000] {logging_mixin.py:190} INFO - [2024-08-24T11:56:06.196+0000] {dag.py:3211} INFO - Sync 1 DAGs
[2024-08-24T11:56:06.214+0000] {logging_mixin.py:190} INFO - [2024-08-24T11:56:06.214+0000] {dag.py:4138} INFO - Setting next_dagrun for example_branch_labels to 2024-08-23 00:00:00+00:00, run_after=2024-08-24 00:00:00+00:00
[2024-08-24T11:56:06.226+0000] {processor.py:208} INFO - Processing /home/airflow/.local/lib/python3.12/site-packages/airflow/example_dags/example_branch_labels.py took 0.055 seconds
