[2024-08-24T11:21:06.129+0000] {processor.py:186} INFO - Started process (PID=57) to work on /home/airflow/.local/lib/python3.12/site-packages/airflow/example_dags/example_bash_operator.py
[2024-08-24T11:21:06.129+0000] {processor.py:914} INFO - Processing file /home/airflow/.local/lib/python3.12/site-packages/airflow/example_dags/example_bash_operator.py for tasks to queue
[2024-08-24T11:21:06.131+0000] {logging_mixin.py:190} INFO - [2024-08-24T11:21:06.130+0000] {dagbag.py:587} INFO - Filling up the DagBag from /home/airflow/.local/lib/python3.12/site-packages/airflow/example_dags/example_bash_operator.py
[2024-08-24T11:21:06.142+0000] {processor.py:925} INFO - DAG(s) 'example_bash_operator' retrieved from /home/airflow/.local/lib/python3.12/site-packages/airflow/example_dags/example_bash_operator.py
[2024-08-24T11:21:06.209+0000] {logging_mixin.py:190} INFO - [2024-08-24T11:21:06.208+0000] {override.py:1858} INFO - Created Permission View: can edit on DAG:example_bash_operator
[2024-08-24T11:21:06.218+0000] {logging_mixin.py:190} INFO - [2024-08-24T11:21:06.217+0000] {override.py:1858} INFO - Created Permission View: can read on DAG:example_bash_operator
[2024-08-24T11:21:06.222+0000] {logging_mixin.py:190} INFO - [2024-08-24T11:21:06.222+0000] {override.py:1858} INFO - Created Permission View: can delete on DAG:example_bash_operator
[2024-08-24T11:21:06.222+0000] {logging_mixin.py:190} INFO - [2024-08-24T11:21:06.222+0000] {dag.py:3211} INFO - Sync 1 DAGs
[2024-08-24T11:21:06.228+0000] {logging_mixin.py:190} INFO - [2024-08-24T11:21:06.228+0000] {dag.py:3234} INFO - Creating ORM DAG for example_bash_operator
[2024-08-24T11:21:06.234+0000] {logging_mixin.py:190} INFO - [2024-08-24T11:21:06.234+0000] {dag.py:4138} INFO - Setting next_dagrun for example_bash_operator to 2024-08-23 00:00:00+00:00, run_after=2024-08-24 00:00:00+00:00
[2024-08-24T11:21:06.242+0000] {processor.py:208} INFO - Processing /home/airflow/.local/lib/python3.12/site-packages/airflow/example_dags/example_bash_operator.py took 0.118 seconds
[2024-08-24T11:21:36.841+0000] {processor.py:186} INFO - Started process (PID=119) to work on /home/airflow/.local/lib/python3.12/site-packages/airflow/example_dags/example_bash_operator.py
[2024-08-24T11:21:36.841+0000] {processor.py:914} INFO - Processing file /home/airflow/.local/lib/python3.12/site-packages/airflow/example_dags/example_bash_operator.py for tasks to queue
[2024-08-24T11:21:36.843+0000] {logging_mixin.py:190} INFO - [2024-08-24T11:21:36.843+0000] {dagbag.py:587} INFO - Filling up the DagBag from /home/airflow/.local/lib/python3.12/site-packages/airflow/example_dags/example_bash_operator.py
[2024-08-24T11:21:36.851+0000] {processor.py:925} INFO - DAG(s) 'example_bash_operator' retrieved from /home/airflow/.local/lib/python3.12/site-packages/airflow/example_dags/example_bash_operator.py
[2024-08-24T11:21:36.866+0000] {logging_mixin.py:190} INFO - [2024-08-24T11:21:36.865+0000] {dag.py:3211} INFO - Sync 1 DAGs
[2024-08-24T11:21:36.878+0000] {logging_mixin.py:190} INFO - [2024-08-24T11:21:36.878+0000] {dag.py:4138} INFO - Setting next_dagrun for example_bash_operator to 2024-08-23 00:00:00+00:00, run_after=2024-08-24 00:00:00+00:00
[2024-08-24T11:21:36.887+0000] {processor.py:208} INFO - Processing /home/airflow/.local/lib/python3.12/site-packages/airflow/example_dags/example_bash_operator.py took 0.050 seconds
[2024-08-24T11:22:06.903+0000] {processor.py:186} INFO - Started process (PID=180) to work on /home/airflow/.local/lib/python3.12/site-packages/airflow/example_dags/example_bash_operator.py
[2024-08-24T11:22:06.904+0000] {processor.py:914} INFO - Processing file /home/airflow/.local/lib/python3.12/site-packages/airflow/example_dags/example_bash_operator.py for tasks to queue
[2024-08-24T11:22:06.905+0000] {logging_mixin.py:190} INFO - [2024-08-24T11:22:06.905+0000] {dagbag.py:587} INFO - Filling up the DagBag from /home/airflow/.local/lib/python3.12/site-packages/airflow/example_dags/example_bash_operator.py
[2024-08-24T11:22:06.912+0000] {processor.py:925} INFO - DAG(s) 'example_bash_operator' retrieved from /home/airflow/.local/lib/python3.12/site-packages/airflow/example_dags/example_bash_operator.py
[2024-08-24T11:22:06.926+0000] {logging_mixin.py:190} INFO - [2024-08-24T11:22:06.926+0000] {dag.py:3211} INFO - Sync 1 DAGs
[2024-08-24T11:22:06.940+0000] {logging_mixin.py:190} INFO - [2024-08-24T11:22:06.940+0000] {dag.py:4138} INFO - Setting next_dagrun for example_bash_operator to 2024-08-23 00:00:00+00:00, run_after=2024-08-24 00:00:00+00:00
[2024-08-24T11:22:06.950+0000] {processor.py:208} INFO - Processing /home/airflow/.local/lib/python3.12/site-packages/airflow/example_dags/example_bash_operator.py took 0.051 seconds
[2024-08-24T11:22:37.085+0000] {processor.py:186} INFO - Started process (PID=242) to work on /home/airflow/.local/lib/python3.12/site-packages/airflow/example_dags/example_bash_operator.py
[2024-08-24T11:22:37.086+0000] {processor.py:914} INFO - Processing file /home/airflow/.local/lib/python3.12/site-packages/airflow/example_dags/example_bash_operator.py for tasks to queue
[2024-08-24T11:22:37.087+0000] {logging_mixin.py:190} INFO - [2024-08-24T11:22:37.087+0000] {dagbag.py:587} INFO - Filling up the DagBag from /home/airflow/.local/lib/python3.12/site-packages/airflow/example_dags/example_bash_operator.py
[2024-08-24T11:22:37.094+0000] {processor.py:925} INFO - DAG(s) 'example_bash_operator' retrieved from /home/airflow/.local/lib/python3.12/site-packages/airflow/example_dags/example_bash_operator.py
[2024-08-24T11:22:37.109+0000] {logging_mixin.py:190} INFO - [2024-08-24T11:22:37.109+0000] {dag.py:3211} INFO - Sync 1 DAGs
[2024-08-24T11:22:37.122+0000] {logging_mixin.py:190} INFO - [2024-08-24T11:22:37.122+0000] {dag.py:4138} INFO - Setting next_dagrun for example_bash_operator to 2024-08-23 00:00:00+00:00, run_after=2024-08-24 00:00:00+00:00
[2024-08-24T11:22:37.132+0000] {processor.py:208} INFO - Processing /home/airflow/.local/lib/python3.12/site-packages/airflow/example_dags/example_bash_operator.py took 0.050 seconds
[2024-08-24T11:23:07.236+0000] {processor.py:186} INFO - Started process (PID=304) to work on /home/airflow/.local/lib/python3.12/site-packages/airflow/example_dags/example_bash_operator.py
[2024-08-24T11:23:07.237+0000] {processor.py:914} INFO - Processing file /home/airflow/.local/lib/python3.12/site-packages/airflow/example_dags/example_bash_operator.py for tasks to queue
[2024-08-24T11:23:07.238+0000] {logging_mixin.py:190} INFO - [2024-08-24T11:23:07.238+0000] {dagbag.py:587} INFO - Filling up the DagBag from /home/airflow/.local/lib/python3.12/site-packages/airflow/example_dags/example_bash_operator.py
[2024-08-24T11:23:07.245+0000] {processor.py:925} INFO - DAG(s) 'example_bash_operator' retrieved from /home/airflow/.local/lib/python3.12/site-packages/airflow/example_dags/example_bash_operator.py
[2024-08-24T11:23:07.258+0000] {logging_mixin.py:190} INFO - [2024-08-24T11:23:07.258+0000] {dag.py:3211} INFO - Sync 1 DAGs
[2024-08-24T11:23:07.270+0000] {logging_mixin.py:190} INFO - [2024-08-24T11:23:07.270+0000] {dag.py:4138} INFO - Setting next_dagrun for example_bash_operator to 2024-08-23 00:00:00+00:00, run_after=2024-08-24 00:00:00+00:00
[2024-08-24T11:23:07.278+0000] {processor.py:208} INFO - Processing /home/airflow/.local/lib/python3.12/site-packages/airflow/example_dags/example_bash_operator.py took 0.045 seconds
[2024-08-24T11:23:37.555+0000] {processor.py:186} INFO - Started process (PID=366) to work on /home/airflow/.local/lib/python3.12/site-packages/airflow/example_dags/example_bash_operator.py
[2024-08-24T11:23:37.556+0000] {processor.py:914} INFO - Processing file /home/airflow/.local/lib/python3.12/site-packages/airflow/example_dags/example_bash_operator.py for tasks to queue
[2024-08-24T11:23:37.557+0000] {logging_mixin.py:190} INFO - [2024-08-24T11:23:37.557+0000] {dagbag.py:587} INFO - Filling up the DagBag from /home/airflow/.local/lib/python3.12/site-packages/airflow/example_dags/example_bash_operator.py
[2024-08-24T11:23:37.563+0000] {processor.py:925} INFO - DAG(s) 'example_bash_operator' retrieved from /home/airflow/.local/lib/python3.12/site-packages/airflow/example_dags/example_bash_operator.py
[2024-08-24T11:23:37.583+0000] {logging_mixin.py:190} INFO - [2024-08-24T11:23:37.583+0000] {dag.py:3211} INFO - Sync 1 DAGs
[2024-08-24T11:23:37.602+0000] {logging_mixin.py:190} INFO - [2024-08-24T11:23:37.601+0000] {dag.py:4138} INFO - Setting next_dagrun for example_bash_operator to 2024-08-23 00:00:00+00:00, run_after=2024-08-24 00:00:00+00:00
[2024-08-24T11:23:37.616+0000] {processor.py:208} INFO - Processing /home/airflow/.local/lib/python3.12/site-packages/airflow/example_dags/example_bash_operator.py took 0.064 seconds
[2024-08-24T11:24:07.881+0000] {processor.py:186} INFO - Started process (PID=428) to work on /home/airflow/.local/lib/python3.12/site-packages/airflow/example_dags/example_bash_operator.py
[2024-08-24T11:24:07.882+0000] {processor.py:914} INFO - Processing file /home/airflow/.local/lib/python3.12/site-packages/airflow/example_dags/example_bash_operator.py for tasks to queue
[2024-08-24T11:24:07.883+0000] {logging_mixin.py:190} INFO - [2024-08-24T11:24:07.883+0000] {dagbag.py:587} INFO - Filling up the DagBag from /home/airflow/.local/lib/python3.12/site-packages/airflow/example_dags/example_bash_operator.py
[2024-08-24T11:24:07.894+0000] {processor.py:925} INFO - DAG(s) 'example_bash_operator' retrieved from /home/airflow/.local/lib/python3.12/site-packages/airflow/example_dags/example_bash_operator.py
[2024-08-24T11:24:07.910+0000] {logging_mixin.py:190} INFO - [2024-08-24T11:24:07.910+0000] {dag.py:3211} INFO - Sync 1 DAGs
[2024-08-24T11:24:07.930+0000] {logging_mixin.py:190} INFO - [2024-08-24T11:24:07.929+0000] {dag.py:4138} INFO - Setting next_dagrun for example_bash_operator to 2024-08-23 00:00:00+00:00, run_after=2024-08-24 00:00:00+00:00
[2024-08-24T11:24:07.948+0000] {processor.py:208} INFO - Processing /home/airflow/.local/lib/python3.12/site-packages/airflow/example_dags/example_bash_operator.py took 0.071 seconds
[2024-08-24T11:24:38.079+0000] {processor.py:186} INFO - Started process (PID=490) to work on /home/airflow/.local/lib/python3.12/site-packages/airflow/example_dags/example_bash_operator.py
[2024-08-24T11:24:38.079+0000] {processor.py:914} INFO - Processing file /home/airflow/.local/lib/python3.12/site-packages/airflow/example_dags/example_bash_operator.py for tasks to queue
[2024-08-24T11:24:38.080+0000] {logging_mixin.py:190} INFO - [2024-08-24T11:24:38.080+0000] {dagbag.py:587} INFO - Filling up the DagBag from /home/airflow/.local/lib/python3.12/site-packages/airflow/example_dags/example_bash_operator.py
[2024-08-24T11:24:38.087+0000] {processor.py:925} INFO - DAG(s) 'example_bash_operator' retrieved from /home/airflow/.local/lib/python3.12/site-packages/airflow/example_dags/example_bash_operator.py
[2024-08-24T11:24:38.109+0000] {logging_mixin.py:190} INFO - [2024-08-24T11:24:38.109+0000] {dag.py:3211} INFO - Sync 1 DAGs
[2024-08-24T11:24:38.125+0000] {logging_mixin.py:190} INFO - [2024-08-24T11:24:38.125+0000] {dag.py:4138} INFO - Setting next_dagrun for example_bash_operator to 2024-08-23 00:00:00+00:00, run_after=2024-08-24 00:00:00+00:00
[2024-08-24T11:24:38.139+0000] {processor.py:208} INFO - Processing /home/airflow/.local/lib/python3.12/site-packages/airflow/example_dags/example_bash_operator.py took 0.063 seconds
[2024-08-24T11:25:08.315+0000] {processor.py:186} INFO - Started process (PID=552) to work on /home/airflow/.local/lib/python3.12/site-packages/airflow/example_dags/example_bash_operator.py
[2024-08-24T11:25:08.316+0000] {processor.py:914} INFO - Processing file /home/airflow/.local/lib/python3.12/site-packages/airflow/example_dags/example_bash_operator.py for tasks to queue
[2024-08-24T11:25:08.317+0000] {logging_mixin.py:190} INFO - [2024-08-24T11:25:08.317+0000] {dagbag.py:587} INFO - Filling up the DagBag from /home/airflow/.local/lib/python3.12/site-packages/airflow/example_dags/example_bash_operator.py
[2024-08-24T11:25:08.324+0000] {processor.py:925} INFO - DAG(s) 'example_bash_operator' retrieved from /home/airflow/.local/lib/python3.12/site-packages/airflow/example_dags/example_bash_operator.py
[2024-08-24T11:25:08.340+0000] {logging_mixin.py:190} INFO - [2024-08-24T11:25:08.340+0000] {dag.py:3211} INFO - Sync 1 DAGs
[2024-08-24T11:25:08.352+0000] {logging_mixin.py:190} INFO - [2024-08-24T11:25:08.352+0000] {dag.py:4138} INFO - Setting next_dagrun for example_bash_operator to 2024-08-23 00:00:00+00:00, run_after=2024-08-24 00:00:00+00:00
[2024-08-24T11:25:08.361+0000] {processor.py:208} INFO - Processing /home/airflow/.local/lib/python3.12/site-packages/airflow/example_dags/example_bash_operator.py took 0.050 seconds
[2024-08-24T11:25:38.558+0000] {processor.py:186} INFO - Started process (PID=614) to work on /home/airflow/.local/lib/python3.12/site-packages/airflow/example_dags/example_bash_operator.py
[2024-08-24T11:25:38.558+0000] {processor.py:914} INFO - Processing file /home/airflow/.local/lib/python3.12/site-packages/airflow/example_dags/example_bash_operator.py for tasks to queue
[2024-08-24T11:25:38.560+0000] {logging_mixin.py:190} INFO - [2024-08-24T11:25:38.559+0000] {dagbag.py:587} INFO - Filling up the DagBag from /home/airflow/.local/lib/python3.12/site-packages/airflow/example_dags/example_bash_operator.py
[2024-08-24T11:25:38.568+0000] {processor.py:925} INFO - DAG(s) 'example_bash_operator' retrieved from /home/airflow/.local/lib/python3.12/site-packages/airflow/example_dags/example_bash_operator.py
[2024-08-24T11:25:38.583+0000] {logging_mixin.py:190} INFO - [2024-08-24T11:25:38.583+0000] {dag.py:3211} INFO - Sync 1 DAGs
[2024-08-24T11:25:38.595+0000] {logging_mixin.py:190} INFO - [2024-08-24T11:25:38.595+0000] {dag.py:4138} INFO - Setting next_dagrun for example_bash_operator to 2024-08-23 00:00:00+00:00, run_after=2024-08-24 00:00:00+00:00
[2024-08-24T11:25:38.604+0000] {processor.py:208} INFO - Processing /home/airflow/.local/lib/python3.12/site-packages/airflow/example_dags/example_bash_operator.py took 0.050 seconds
[2024-08-24T11:26:08.625+0000] {processor.py:186} INFO - Started process (PID=676) to work on /home/airflow/.local/lib/python3.12/site-packages/airflow/example_dags/example_bash_operator.py
[2024-08-24T11:26:08.625+0000] {processor.py:914} INFO - Processing file /home/airflow/.local/lib/python3.12/site-packages/airflow/example_dags/example_bash_operator.py for tasks to queue
[2024-08-24T11:26:08.627+0000] {logging_mixin.py:190} INFO - [2024-08-24T11:26:08.627+0000] {dagbag.py:587} INFO - Filling up the DagBag from /home/airflow/.local/lib/python3.12/site-packages/airflow/example_dags/example_bash_operator.py
[2024-08-24T11:26:08.637+0000] {processor.py:925} INFO - DAG(s) 'example_bash_operator' retrieved from /home/airflow/.local/lib/python3.12/site-packages/airflow/example_dags/example_bash_operator.py
[2024-08-24T11:26:08.651+0000] {logging_mixin.py:190} INFO - [2024-08-24T11:26:08.651+0000] {dag.py:3211} INFO - Sync 1 DAGs
[2024-08-24T11:26:08.664+0000] {logging_mixin.py:190} INFO - [2024-08-24T11:26:08.664+0000] {dag.py:4138} INFO - Setting next_dagrun for example_bash_operator to 2024-08-23 00:00:00+00:00, run_after=2024-08-24 00:00:00+00:00
[2024-08-24T11:26:08.672+0000] {processor.py:208} INFO - Processing /home/airflow/.local/lib/python3.12/site-packages/airflow/example_dags/example_bash_operator.py took 0.052 seconds
[2024-08-24T11:26:38.957+0000] {processor.py:186} INFO - Started process (PID=738) to work on /home/airflow/.local/lib/python3.12/site-packages/airflow/example_dags/example_bash_operator.py
[2024-08-24T11:26:38.957+0000] {processor.py:914} INFO - Processing file /home/airflow/.local/lib/python3.12/site-packages/airflow/example_dags/example_bash_operator.py for tasks to queue
[2024-08-24T11:26:38.958+0000] {logging_mixin.py:190} INFO - [2024-08-24T11:26:38.958+0000] {dagbag.py:587} INFO - Filling up the DagBag from /home/airflow/.local/lib/python3.12/site-packages/airflow/example_dags/example_bash_operator.py
[2024-08-24T11:26:38.972+0000] {processor.py:925} INFO - DAG(s) 'example_bash_operator' retrieved from /home/airflow/.local/lib/python3.12/site-packages/airflow/example_dags/example_bash_operator.py
[2024-08-24T11:26:38.991+0000] {logging_mixin.py:190} INFO - [2024-08-24T11:26:38.991+0000] {dag.py:3211} INFO - Sync 1 DAGs
[2024-08-24T11:26:39.007+0000] {logging_mixin.py:190} INFO - [2024-08-24T11:26:39.007+0000] {dag.py:4138} INFO - Setting next_dagrun for example_bash_operator to 2024-08-23 00:00:00+00:00, run_after=2024-08-24 00:00:00+00:00
[2024-08-24T11:26:39.016+0000] {processor.py:208} INFO - Processing /home/airflow/.local/lib/python3.12/site-packages/airflow/example_dags/example_bash_operator.py took 0.063 seconds
[2024-08-24T11:27:09.173+0000] {processor.py:186} INFO - Started process (PID=806) to work on /home/airflow/.local/lib/python3.12/site-packages/airflow/example_dags/example_bash_operator.py
[2024-08-24T11:27:09.174+0000] {processor.py:914} INFO - Processing file /home/airflow/.local/lib/python3.12/site-packages/airflow/example_dags/example_bash_operator.py for tasks to queue
[2024-08-24T11:27:09.175+0000] {logging_mixin.py:190} INFO - [2024-08-24T11:27:09.175+0000] {dagbag.py:587} INFO - Filling up the DagBag from /home/airflow/.local/lib/python3.12/site-packages/airflow/example_dags/example_bash_operator.py
[2024-08-24T11:27:09.182+0000] {processor.py:925} INFO - DAG(s) 'example_bash_operator' retrieved from /home/airflow/.local/lib/python3.12/site-packages/airflow/example_dags/example_bash_operator.py
[2024-08-24T11:27:09.201+0000] {logging_mixin.py:190} INFO - [2024-08-24T11:27:09.201+0000] {dag.py:3211} INFO - Sync 1 DAGs
[2024-08-24T11:27:09.222+0000] {logging_mixin.py:190} INFO - [2024-08-24T11:27:09.222+0000] {dag.py:4138} INFO - Setting next_dagrun for example_bash_operator to 2024-08-23 00:00:00+00:00, run_after=2024-08-24 00:00:00+00:00
[2024-08-24T11:27:09.234+0000] {processor.py:208} INFO - Processing /home/airflow/.local/lib/python3.12/site-packages/airflow/example_dags/example_bash_operator.py took 0.065 seconds
[2024-08-24T11:27:39.493+0000] {processor.py:186} INFO - Started process (PID=868) to work on /home/airflow/.local/lib/python3.12/site-packages/airflow/example_dags/example_bash_operator.py
[2024-08-24T11:27:39.493+0000] {processor.py:914} INFO - Processing file /home/airflow/.local/lib/python3.12/site-packages/airflow/example_dags/example_bash_operator.py for tasks to queue
[2024-08-24T11:27:39.494+0000] {logging_mixin.py:190} INFO - [2024-08-24T11:27:39.494+0000] {dagbag.py:587} INFO - Filling up the DagBag from /home/airflow/.local/lib/python3.12/site-packages/airflow/example_dags/example_bash_operator.py
[2024-08-24T11:27:39.501+0000] {processor.py:925} INFO - DAG(s) 'example_bash_operator' retrieved from /home/airflow/.local/lib/python3.12/site-packages/airflow/example_dags/example_bash_operator.py
[2024-08-24T11:27:39.515+0000] {logging_mixin.py:190} INFO - [2024-08-24T11:27:39.515+0000] {dag.py:3211} INFO - Sync 1 DAGs
[2024-08-24T11:27:39.528+0000] {logging_mixin.py:190} INFO - [2024-08-24T11:27:39.528+0000] {dag.py:4138} INFO - Setting next_dagrun for example_bash_operator to 2024-08-23 00:00:00+00:00, run_after=2024-08-24 00:00:00+00:00
[2024-08-24T11:27:39.538+0000] {processor.py:208} INFO - Processing /home/airflow/.local/lib/python3.12/site-packages/airflow/example_dags/example_bash_operator.py took 0.048 seconds
[2024-08-24T11:28:09.715+0000] {processor.py:186} INFO - Started process (PID=930) to work on /home/airflow/.local/lib/python3.12/site-packages/airflow/example_dags/example_bash_operator.py
[2024-08-24T11:28:09.716+0000] {processor.py:914} INFO - Processing file /home/airflow/.local/lib/python3.12/site-packages/airflow/example_dags/example_bash_operator.py for tasks to queue
[2024-08-24T11:28:09.717+0000] {logging_mixin.py:190} INFO - [2024-08-24T11:28:09.717+0000] {dagbag.py:587} INFO - Filling up the DagBag from /home/airflow/.local/lib/python3.12/site-packages/airflow/example_dags/example_bash_operator.py
[2024-08-24T11:28:09.725+0000] {processor.py:925} INFO - DAG(s) 'example_bash_operator' retrieved from /home/airflow/.local/lib/python3.12/site-packages/airflow/example_dags/example_bash_operator.py
[2024-08-24T11:28:09.739+0000] {logging_mixin.py:190} INFO - [2024-08-24T11:28:09.739+0000] {dag.py:3211} INFO - Sync 1 DAGs
[2024-08-24T11:28:09.752+0000] {logging_mixin.py:190} INFO - [2024-08-24T11:28:09.751+0000] {dag.py:4138} INFO - Setting next_dagrun for example_bash_operator to 2024-08-23 00:00:00+00:00, run_after=2024-08-24 00:00:00+00:00
[2024-08-24T11:28:09.762+0000] {processor.py:208} INFO - Processing /home/airflow/.local/lib/python3.12/site-packages/airflow/example_dags/example_bash_operator.py took 0.051 seconds
[2024-08-24T11:28:40.631+0000] {processor.py:186} INFO - Started process (PID=992) to work on /home/airflow/.local/lib/python3.12/site-packages/airflow/example_dags/example_bash_operator.py
[2024-08-24T11:28:40.631+0000] {processor.py:914} INFO - Processing file /home/airflow/.local/lib/python3.12/site-packages/airflow/example_dags/example_bash_operator.py for tasks to queue
[2024-08-24T11:28:40.632+0000] {logging_mixin.py:190} INFO - [2024-08-24T11:28:40.632+0000] {dagbag.py:587} INFO - Filling up the DagBag from /home/airflow/.local/lib/python3.12/site-packages/airflow/example_dags/example_bash_operator.py
[2024-08-24T11:28:40.639+0000] {processor.py:925} INFO - DAG(s) 'example_bash_operator' retrieved from /home/airflow/.local/lib/python3.12/site-packages/airflow/example_dags/example_bash_operator.py
[2024-08-24T11:28:40.652+0000] {logging_mixin.py:190} INFO - [2024-08-24T11:28:40.652+0000] {dag.py:3211} INFO - Sync 1 DAGs
[2024-08-24T11:28:40.664+0000] {logging_mixin.py:190} INFO - [2024-08-24T11:28:40.664+0000] {dag.py:4138} INFO - Setting next_dagrun for example_bash_operator to 2024-08-23 00:00:00+00:00, run_after=2024-08-24 00:00:00+00:00
[2024-08-24T11:28:40.673+0000] {processor.py:208} INFO - Processing /home/airflow/.local/lib/python3.12/site-packages/airflow/example_dags/example_bash_operator.py took 0.047 seconds
[2024-08-24T11:29:10.761+0000] {processor.py:186} INFO - Started process (PID=1054) to work on /home/airflow/.local/lib/python3.12/site-packages/airflow/example_dags/example_bash_operator.py
[2024-08-24T11:29:10.761+0000] {processor.py:914} INFO - Processing file /home/airflow/.local/lib/python3.12/site-packages/airflow/example_dags/example_bash_operator.py for tasks to queue
[2024-08-24T11:29:10.762+0000] {logging_mixin.py:190} INFO - [2024-08-24T11:29:10.762+0000] {dagbag.py:587} INFO - Filling up the DagBag from /home/airflow/.local/lib/python3.12/site-packages/airflow/example_dags/example_bash_operator.py
[2024-08-24T11:29:10.770+0000] {processor.py:925} INFO - DAG(s) 'example_bash_operator' retrieved from /home/airflow/.local/lib/python3.12/site-packages/airflow/example_dags/example_bash_operator.py
[2024-08-24T11:29:10.793+0000] {logging_mixin.py:190} INFO - [2024-08-24T11:29:10.793+0000] {dag.py:3211} INFO - Sync 1 DAGs
[2024-08-24T11:29:10.812+0000] {logging_mixin.py:190} INFO - [2024-08-24T11:29:10.812+0000] {dag.py:4138} INFO - Setting next_dagrun for example_bash_operator to 2024-08-23 00:00:00+00:00, run_after=2024-08-24 00:00:00+00:00
[2024-08-24T11:29:10.825+0000] {processor.py:208} INFO - Processing /home/airflow/.local/lib/python3.12/site-packages/airflow/example_dags/example_bash_operator.py took 0.068 seconds
[2024-08-24T11:29:41.029+0000] {processor.py:186} INFO - Started process (PID=1116) to work on /home/airflow/.local/lib/python3.12/site-packages/airflow/example_dags/example_bash_operator.py
[2024-08-24T11:29:41.030+0000] {processor.py:914} INFO - Processing file /home/airflow/.local/lib/python3.12/site-packages/airflow/example_dags/example_bash_operator.py for tasks to queue
[2024-08-24T11:29:41.031+0000] {logging_mixin.py:190} INFO - [2024-08-24T11:29:41.031+0000] {dagbag.py:587} INFO - Filling up the DagBag from /home/airflow/.local/lib/python3.12/site-packages/airflow/example_dags/example_bash_operator.py
[2024-08-24T11:29:41.039+0000] {processor.py:925} INFO - DAG(s) 'example_bash_operator' retrieved from /home/airflow/.local/lib/python3.12/site-packages/airflow/example_dags/example_bash_operator.py
[2024-08-24T11:29:41.056+0000] {logging_mixin.py:190} INFO - [2024-08-24T11:29:41.056+0000] {dag.py:3211} INFO - Sync 1 DAGs
[2024-08-24T11:29:41.075+0000] {logging_mixin.py:190} INFO - [2024-08-24T11:29:41.075+0000] {dag.py:4138} INFO - Setting next_dagrun for example_bash_operator to 2024-08-23 00:00:00+00:00, run_after=2024-08-24 00:00:00+00:00
[2024-08-24T11:29:41.090+0000] {processor.py:208} INFO - Processing /home/airflow/.local/lib/python3.12/site-packages/airflow/example_dags/example_bash_operator.py took 0.065 seconds
[2024-08-24T11:30:12.024+0000] {processor.py:186} INFO - Started process (PID=1178) to work on /home/airflow/.local/lib/python3.12/site-packages/airflow/example_dags/example_bash_operator.py
[2024-08-24T11:30:12.024+0000] {processor.py:914} INFO - Processing file /home/airflow/.local/lib/python3.12/site-packages/airflow/example_dags/example_bash_operator.py for tasks to queue
[2024-08-24T11:30:12.025+0000] {logging_mixin.py:190} INFO - [2024-08-24T11:30:12.025+0000] {dagbag.py:587} INFO - Filling up the DagBag from /home/airflow/.local/lib/python3.12/site-packages/airflow/example_dags/example_bash_operator.py
[2024-08-24T11:30:12.032+0000] {processor.py:925} INFO - DAG(s) 'example_bash_operator' retrieved from /home/airflow/.local/lib/python3.12/site-packages/airflow/example_dags/example_bash_operator.py
[2024-08-24T11:30:12.047+0000] {logging_mixin.py:190} INFO - [2024-08-24T11:30:12.046+0000] {dag.py:3211} INFO - Sync 1 DAGs
[2024-08-24T11:30:12.059+0000] {logging_mixin.py:190} INFO - [2024-08-24T11:30:12.059+0000] {dag.py:4138} INFO - Setting next_dagrun for example_bash_operator to 2024-08-23 00:00:00+00:00, run_after=2024-08-24 00:00:00+00:00
[2024-08-24T11:30:12.069+0000] {processor.py:208} INFO - Processing /home/airflow/.local/lib/python3.12/site-packages/airflow/example_dags/example_bash_operator.py took 0.049 seconds
[2024-08-24T11:30:43.010+0000] {processor.py:186} INFO - Started process (PID=1240) to work on /home/airflow/.local/lib/python3.12/site-packages/airflow/example_dags/example_bash_operator.py
[2024-08-24T11:30:43.011+0000] {processor.py:914} INFO - Processing file /home/airflow/.local/lib/python3.12/site-packages/airflow/example_dags/example_bash_operator.py for tasks to queue
[2024-08-24T11:30:43.012+0000] {logging_mixin.py:190} INFO - [2024-08-24T11:30:43.012+0000] {dagbag.py:587} INFO - Filling up the DagBag from /home/airflow/.local/lib/python3.12/site-packages/airflow/example_dags/example_bash_operator.py
[2024-08-24T11:30:43.018+0000] {processor.py:925} INFO - DAG(s) 'example_bash_operator' retrieved from /home/airflow/.local/lib/python3.12/site-packages/airflow/example_dags/example_bash_operator.py
[2024-08-24T11:30:43.038+0000] {logging_mixin.py:190} INFO - [2024-08-24T11:30:43.038+0000] {dag.py:3211} INFO - Sync 1 DAGs
[2024-08-24T11:30:43.054+0000] {logging_mixin.py:190} INFO - [2024-08-24T11:30:43.054+0000] {dag.py:4138} INFO - Setting next_dagrun for example_bash_operator to 2024-08-23 00:00:00+00:00, run_after=2024-08-24 00:00:00+00:00
[2024-08-24T11:30:43.068+0000] {processor.py:208} INFO - Processing /home/airflow/.local/lib/python3.12/site-packages/airflow/example_dags/example_bash_operator.py took 0.062 seconds
[2024-08-24T11:31:14.111+0000] {processor.py:186} INFO - Started process (PID=1302) to work on /home/airflow/.local/lib/python3.12/site-packages/airflow/example_dags/example_bash_operator.py
[2024-08-24T11:31:14.112+0000] {processor.py:914} INFO - Processing file /home/airflow/.local/lib/python3.12/site-packages/airflow/example_dags/example_bash_operator.py for tasks to queue
[2024-08-24T11:31:14.114+0000] {logging_mixin.py:190} INFO - [2024-08-24T11:31:14.114+0000] {dagbag.py:587} INFO - Filling up the DagBag from /home/airflow/.local/lib/python3.12/site-packages/airflow/example_dags/example_bash_operator.py
[2024-08-24T11:31:14.121+0000] {processor.py:925} INFO - DAG(s) 'example_bash_operator' retrieved from /home/airflow/.local/lib/python3.12/site-packages/airflow/example_dags/example_bash_operator.py
[2024-08-24T11:31:14.134+0000] {logging_mixin.py:190} INFO - [2024-08-24T11:31:14.134+0000] {dag.py:3211} INFO - Sync 1 DAGs
[2024-08-24T11:31:14.146+0000] {logging_mixin.py:190} INFO - [2024-08-24T11:31:14.146+0000] {dag.py:4138} INFO - Setting next_dagrun for example_bash_operator to 2024-08-23 00:00:00+00:00, run_after=2024-08-24 00:00:00+00:00
[2024-08-24T11:31:14.155+0000] {processor.py:208} INFO - Processing /home/airflow/.local/lib/python3.12/site-packages/airflow/example_dags/example_bash_operator.py took 0.048 seconds
[2024-08-24T11:31:45.100+0000] {processor.py:186} INFO - Started process (PID=1364) to work on /home/airflow/.local/lib/python3.12/site-packages/airflow/example_dags/example_bash_operator.py
[2024-08-24T11:31:45.100+0000] {processor.py:914} INFO - Processing file /home/airflow/.local/lib/python3.12/site-packages/airflow/example_dags/example_bash_operator.py for tasks to queue
[2024-08-24T11:31:45.102+0000] {logging_mixin.py:190} INFO - [2024-08-24T11:31:45.102+0000] {dagbag.py:587} INFO - Filling up the DagBag from /home/airflow/.local/lib/python3.12/site-packages/airflow/example_dags/example_bash_operator.py
[2024-08-24T11:31:45.112+0000] {processor.py:925} INFO - DAG(s) 'example_bash_operator' retrieved from /home/airflow/.local/lib/python3.12/site-packages/airflow/example_dags/example_bash_operator.py
[2024-08-24T11:31:45.126+0000] {logging_mixin.py:190} INFO - [2024-08-24T11:31:45.126+0000] {dag.py:3211} INFO - Sync 1 DAGs
[2024-08-24T11:31:45.138+0000] {logging_mixin.py:190} INFO - [2024-08-24T11:31:45.138+0000] {dag.py:4138} INFO - Setting next_dagrun for example_bash_operator to 2024-08-23 00:00:00+00:00, run_after=2024-08-24 00:00:00+00:00
[2024-08-24T11:31:45.147+0000] {processor.py:208} INFO - Processing /home/airflow/.local/lib/python3.12/site-packages/airflow/example_dags/example_bash_operator.py took 0.052 seconds
[2024-08-24T11:32:15.204+0000] {processor.py:186} INFO - Started process (PID=1426) to work on /home/airflow/.local/lib/python3.12/site-packages/airflow/example_dags/example_bash_operator.py
[2024-08-24T11:32:15.204+0000] {processor.py:914} INFO - Processing file /home/airflow/.local/lib/python3.12/site-packages/airflow/example_dags/example_bash_operator.py for tasks to queue
[2024-08-24T11:32:15.206+0000] {logging_mixin.py:190} INFO - [2024-08-24T11:32:15.205+0000] {dagbag.py:587} INFO - Filling up the DagBag from /home/airflow/.local/lib/python3.12/site-packages/airflow/example_dags/example_bash_operator.py
[2024-08-24T11:32:15.212+0000] {processor.py:925} INFO - DAG(s) 'example_bash_operator' retrieved from /home/airflow/.local/lib/python3.12/site-packages/airflow/example_dags/example_bash_operator.py
[2024-08-24T11:32:15.227+0000] {logging_mixin.py:190} INFO - [2024-08-24T11:32:15.226+0000] {dag.py:3211} INFO - Sync 1 DAGs
[2024-08-24T11:32:15.239+0000] {logging_mixin.py:190} INFO - [2024-08-24T11:32:15.239+0000] {dag.py:4138} INFO - Setting next_dagrun for example_bash_operator to 2024-08-23 00:00:00+00:00, run_after=2024-08-24 00:00:00+00:00
[2024-08-24T11:32:15.248+0000] {processor.py:208} INFO - Processing /home/airflow/.local/lib/python3.12/site-packages/airflow/example_dags/example_bash_operator.py took 0.047 seconds
[2024-08-24T11:32:45.424+0000] {processor.py:186} INFO - Started process (PID=1488) to work on /home/airflow/.local/lib/python3.12/site-packages/airflow/example_dags/example_bash_operator.py
[2024-08-24T11:32:45.425+0000] {processor.py:914} INFO - Processing file /home/airflow/.local/lib/python3.12/site-packages/airflow/example_dags/example_bash_operator.py for tasks to queue
[2024-08-24T11:32:45.426+0000] {logging_mixin.py:190} INFO - [2024-08-24T11:32:45.426+0000] {dagbag.py:587} INFO - Filling up the DagBag from /home/airflow/.local/lib/python3.12/site-packages/airflow/example_dags/example_bash_operator.py
[2024-08-24T11:32:45.433+0000] {processor.py:925} INFO - DAG(s) 'example_bash_operator' retrieved from /home/airflow/.local/lib/python3.12/site-packages/airflow/example_dags/example_bash_operator.py
[2024-08-24T11:32:45.449+0000] {logging_mixin.py:190} INFO - [2024-08-24T11:32:45.449+0000] {dag.py:3211} INFO - Sync 1 DAGs
[2024-08-24T11:32:45.466+0000] {logging_mixin.py:190} INFO - [2024-08-24T11:32:45.466+0000] {dag.py:4138} INFO - Setting next_dagrun for example_bash_operator to 2024-08-23 00:00:00+00:00, run_after=2024-08-24 00:00:00+00:00
[2024-08-24T11:32:45.479+0000] {processor.py:208} INFO - Processing /home/airflow/.local/lib/python3.12/site-packages/airflow/example_dags/example_bash_operator.py took 0.058 seconds
[2024-08-24T11:33:15.603+0000] {processor.py:186} INFO - Started process (PID=1550) to work on /home/airflow/.local/lib/python3.12/site-packages/airflow/example_dags/example_bash_operator.py
[2024-08-24T11:33:15.604+0000] {processor.py:914} INFO - Processing file /home/airflow/.local/lib/python3.12/site-packages/airflow/example_dags/example_bash_operator.py for tasks to queue
[2024-08-24T11:33:15.605+0000] {logging_mixin.py:190} INFO - [2024-08-24T11:33:15.605+0000] {dagbag.py:587} INFO - Filling up the DagBag from /home/airflow/.local/lib/python3.12/site-packages/airflow/example_dags/example_bash_operator.py
[2024-08-24T11:33:15.612+0000] {processor.py:925} INFO - DAG(s) 'example_bash_operator' retrieved from /home/airflow/.local/lib/python3.12/site-packages/airflow/example_dags/example_bash_operator.py
[2024-08-24T11:33:15.627+0000] {logging_mixin.py:190} INFO - [2024-08-24T11:33:15.627+0000] {dag.py:3211} INFO - Sync 1 DAGs
[2024-08-24T11:33:15.647+0000] {logging_mixin.py:190} INFO - [2024-08-24T11:33:15.647+0000] {dag.py:4138} INFO - Setting next_dagrun for example_bash_operator to 2024-08-23 00:00:00+00:00, run_after=2024-08-24 00:00:00+00:00
[2024-08-24T11:33:15.662+0000] {processor.py:208} INFO - Processing /home/airflow/.local/lib/python3.12/site-packages/airflow/example_dags/example_bash_operator.py took 0.062 seconds
[2024-08-24T11:33:45.743+0000] {processor.py:186} INFO - Started process (PID=1612) to work on /home/airflow/.local/lib/python3.12/site-packages/airflow/example_dags/example_bash_operator.py
[2024-08-24T11:33:45.744+0000] {processor.py:914} INFO - Processing file /home/airflow/.local/lib/python3.12/site-packages/airflow/example_dags/example_bash_operator.py for tasks to queue
[2024-08-24T11:33:45.745+0000] {logging_mixin.py:190} INFO - [2024-08-24T11:33:45.745+0000] {dagbag.py:587} INFO - Filling up the DagBag from /home/airflow/.local/lib/python3.12/site-packages/airflow/example_dags/example_bash_operator.py
[2024-08-24T11:33:45.752+0000] {processor.py:925} INFO - DAG(s) 'example_bash_operator' retrieved from /home/airflow/.local/lib/python3.12/site-packages/airflow/example_dags/example_bash_operator.py
[2024-08-24T11:33:45.767+0000] {logging_mixin.py:190} INFO - [2024-08-24T11:33:45.767+0000] {dag.py:3211} INFO - Sync 1 DAGs
[2024-08-24T11:33:45.780+0000] {logging_mixin.py:190} INFO - [2024-08-24T11:33:45.780+0000] {dag.py:4138} INFO - Setting next_dagrun for example_bash_operator to 2024-08-23 00:00:00+00:00, run_after=2024-08-24 00:00:00+00:00
[2024-08-24T11:33:45.790+0000] {processor.py:208} INFO - Processing /home/airflow/.local/lib/python3.12/site-packages/airflow/example_dags/example_bash_operator.py took 0.050 seconds
[2024-08-24T11:34:16.084+0000] {processor.py:186} INFO - Started process (PID=1674) to work on /home/airflow/.local/lib/python3.12/site-packages/airflow/example_dags/example_bash_operator.py
[2024-08-24T11:34:16.085+0000] {processor.py:914} INFO - Processing file /home/airflow/.local/lib/python3.12/site-packages/airflow/example_dags/example_bash_operator.py for tasks to queue
[2024-08-24T11:34:16.087+0000] {logging_mixin.py:190} INFO - [2024-08-24T11:34:16.086+0000] {dagbag.py:587} INFO - Filling up the DagBag from /home/airflow/.local/lib/python3.12/site-packages/airflow/example_dags/example_bash_operator.py
[2024-08-24T11:34:16.098+0000] {processor.py:925} INFO - DAG(s) 'example_bash_operator' retrieved from /home/airflow/.local/lib/python3.12/site-packages/airflow/example_dags/example_bash_operator.py
[2024-08-24T11:34:16.112+0000] {logging_mixin.py:190} INFO - [2024-08-24T11:34:16.112+0000] {dag.py:3211} INFO - Sync 1 DAGs
[2024-08-24T11:34:16.124+0000] {logging_mixin.py:190} INFO - [2024-08-24T11:34:16.124+0000] {dag.py:4138} INFO - Setting next_dagrun for example_bash_operator to 2024-08-23 00:00:00+00:00, run_after=2024-08-24 00:00:00+00:00
[2024-08-24T11:34:16.136+0000] {processor.py:208} INFO - Processing /home/airflow/.local/lib/python3.12/site-packages/airflow/example_dags/example_bash_operator.py took 0.057 seconds
[2024-08-24T11:34:46.379+0000] {processor.py:186} INFO - Started process (PID=1736) to work on /home/airflow/.local/lib/python3.12/site-packages/airflow/example_dags/example_bash_operator.py
[2024-08-24T11:34:46.380+0000] {processor.py:914} INFO - Processing file /home/airflow/.local/lib/python3.12/site-packages/airflow/example_dags/example_bash_operator.py for tasks to queue
[2024-08-24T11:34:46.382+0000] {logging_mixin.py:190} INFO - [2024-08-24T11:34:46.381+0000] {dagbag.py:587} INFO - Filling up the DagBag from /home/airflow/.local/lib/python3.12/site-packages/airflow/example_dags/example_bash_operator.py
[2024-08-24T11:34:46.388+0000] {processor.py:925} INFO - DAG(s) 'example_bash_operator' retrieved from /home/airflow/.local/lib/python3.12/site-packages/airflow/example_dags/example_bash_operator.py
[2024-08-24T11:34:46.405+0000] {logging_mixin.py:190} INFO - [2024-08-24T11:34:46.405+0000] {dag.py:3211} INFO - Sync 1 DAGs
[2024-08-24T11:34:46.421+0000] {logging_mixin.py:190} INFO - [2024-08-24T11:34:46.421+0000] {dag.py:4138} INFO - Setting next_dagrun for example_bash_operator to 2024-08-23 00:00:00+00:00, run_after=2024-08-24 00:00:00+00:00
[2024-08-24T11:34:46.430+0000] {processor.py:208} INFO - Processing /home/airflow/.local/lib/python3.12/site-packages/airflow/example_dags/example_bash_operator.py took 0.055 seconds
[2024-08-24T11:35:16.560+0000] {processor.py:186} INFO - Started process (PID=1798) to work on /home/airflow/.local/lib/python3.12/site-packages/airflow/example_dags/example_bash_operator.py
[2024-08-24T11:35:16.561+0000] {processor.py:914} INFO - Processing file /home/airflow/.local/lib/python3.12/site-packages/airflow/example_dags/example_bash_operator.py for tasks to queue
[2024-08-24T11:35:16.562+0000] {logging_mixin.py:190} INFO - [2024-08-24T11:35:16.562+0000] {dagbag.py:587} INFO - Filling up the DagBag from /home/airflow/.local/lib/python3.12/site-packages/airflow/example_dags/example_bash_operator.py
[2024-08-24T11:35:16.569+0000] {processor.py:925} INFO - DAG(s) 'example_bash_operator' retrieved from /home/airflow/.local/lib/python3.12/site-packages/airflow/example_dags/example_bash_operator.py
[2024-08-24T11:35:16.583+0000] {logging_mixin.py:190} INFO - [2024-08-24T11:35:16.582+0000] {dag.py:3211} INFO - Sync 1 DAGs
[2024-08-24T11:35:16.594+0000] {logging_mixin.py:190} INFO - [2024-08-24T11:35:16.594+0000] {dag.py:4138} INFO - Setting next_dagrun for example_bash_operator to 2024-08-23 00:00:00+00:00, run_after=2024-08-24 00:00:00+00:00
[2024-08-24T11:35:16.605+0000] {processor.py:208} INFO - Processing /home/airflow/.local/lib/python3.12/site-packages/airflow/example_dags/example_bash_operator.py took 0.049 seconds
[2024-08-24T11:35:46.854+0000] {processor.py:186} INFO - Started process (PID=1860) to work on /home/airflow/.local/lib/python3.12/site-packages/airflow/example_dags/example_bash_operator.py
[2024-08-24T11:35:46.855+0000] {processor.py:914} INFO - Processing file /home/airflow/.local/lib/python3.12/site-packages/airflow/example_dags/example_bash_operator.py for tasks to queue
[2024-08-24T11:35:46.856+0000] {logging_mixin.py:190} INFO - [2024-08-24T11:35:46.856+0000] {dagbag.py:587} INFO - Filling up the DagBag from /home/airflow/.local/lib/python3.12/site-packages/airflow/example_dags/example_bash_operator.py
[2024-08-24T11:35:46.863+0000] {processor.py:925} INFO - DAG(s) 'example_bash_operator' retrieved from /home/airflow/.local/lib/python3.12/site-packages/airflow/example_dags/example_bash_operator.py
[2024-08-24T11:35:46.884+0000] {logging_mixin.py:190} INFO - [2024-08-24T11:35:46.884+0000] {dag.py:3211} INFO - Sync 1 DAGs
[2024-08-24T11:35:46.901+0000] {logging_mixin.py:190} INFO - [2024-08-24T11:35:46.901+0000] {dag.py:4138} INFO - Setting next_dagrun for example_bash_operator to 2024-08-23 00:00:00+00:00, run_after=2024-08-24 00:00:00+00:00
[2024-08-24T11:35:46.914+0000] {processor.py:208} INFO - Processing /home/airflow/.local/lib/python3.12/site-packages/airflow/example_dags/example_bash_operator.py took 0.063 seconds
[2024-08-24T11:36:17.192+0000] {processor.py:186} INFO - Started process (PID=1922) to work on /home/airflow/.local/lib/python3.12/site-packages/airflow/example_dags/example_bash_operator.py
[2024-08-24T11:36:17.192+0000] {processor.py:914} INFO - Processing file /home/airflow/.local/lib/python3.12/site-packages/airflow/example_dags/example_bash_operator.py for tasks to queue
[2024-08-24T11:36:17.193+0000] {logging_mixin.py:190} INFO - [2024-08-24T11:36:17.193+0000] {dagbag.py:587} INFO - Filling up the DagBag from /home/airflow/.local/lib/python3.12/site-packages/airflow/example_dags/example_bash_operator.py
[2024-08-24T11:36:17.200+0000] {processor.py:925} INFO - DAG(s) 'example_bash_operator' retrieved from /home/airflow/.local/lib/python3.12/site-packages/airflow/example_dags/example_bash_operator.py
[2024-08-24T11:36:17.216+0000] {logging_mixin.py:190} INFO - [2024-08-24T11:36:17.216+0000] {dag.py:3211} INFO - Sync 1 DAGs
[2024-08-24T11:36:17.228+0000] {logging_mixin.py:190} INFO - [2024-08-24T11:36:17.228+0000] {dag.py:4138} INFO - Setting next_dagrun for example_bash_operator to 2024-08-23 00:00:00+00:00, run_after=2024-08-24 00:00:00+00:00
[2024-08-24T11:36:17.237+0000] {processor.py:208} INFO - Processing /home/airflow/.local/lib/python3.12/site-packages/airflow/example_dags/example_bash_operator.py took 0.049 seconds
[2024-08-24T11:36:47.627+0000] {processor.py:186} INFO - Started process (PID=1984) to work on /home/airflow/.local/lib/python3.12/site-packages/airflow/example_dags/example_bash_operator.py
[2024-08-24T11:36:47.627+0000] {processor.py:914} INFO - Processing file /home/airflow/.local/lib/python3.12/site-packages/airflow/example_dags/example_bash_operator.py for tasks to queue
[2024-08-24T11:36:47.628+0000] {logging_mixin.py:190} INFO - [2024-08-24T11:36:47.628+0000] {dagbag.py:587} INFO - Filling up the DagBag from /home/airflow/.local/lib/python3.12/site-packages/airflow/example_dags/example_bash_operator.py
[2024-08-24T11:36:47.640+0000] {processor.py:925} INFO - DAG(s) 'example_bash_operator' retrieved from /home/airflow/.local/lib/python3.12/site-packages/airflow/example_dags/example_bash_operator.py
[2024-08-24T11:36:47.659+0000] {logging_mixin.py:190} INFO - [2024-08-24T11:36:47.659+0000] {dag.py:3211} INFO - Sync 1 DAGs
[2024-08-24T11:36:47.672+0000] {logging_mixin.py:190} INFO - [2024-08-24T11:36:47.671+0000] {dag.py:4138} INFO - Setting next_dagrun for example_bash_operator to 2024-08-23 00:00:00+00:00, run_after=2024-08-24 00:00:00+00:00
[2024-08-24T11:36:47.681+0000] {processor.py:208} INFO - Processing /home/airflow/.local/lib/python3.12/site-packages/airflow/example_dags/example_bash_operator.py took 0.058 seconds
[2024-08-24T11:37:17.847+0000] {processor.py:186} INFO - Started process (PID=2046) to work on /home/airflow/.local/lib/python3.12/site-packages/airflow/example_dags/example_bash_operator.py
[2024-08-24T11:37:17.847+0000] {processor.py:914} INFO - Processing file /home/airflow/.local/lib/python3.12/site-packages/airflow/example_dags/example_bash_operator.py for tasks to queue
[2024-08-24T11:37:17.849+0000] {logging_mixin.py:190} INFO - [2024-08-24T11:37:17.848+0000] {dagbag.py:587} INFO - Filling up the DagBag from /home/airflow/.local/lib/python3.12/site-packages/airflow/example_dags/example_bash_operator.py
[2024-08-24T11:37:17.855+0000] {processor.py:925} INFO - DAG(s) 'example_bash_operator' retrieved from /home/airflow/.local/lib/python3.12/site-packages/airflow/example_dags/example_bash_operator.py
[2024-08-24T11:37:17.871+0000] {logging_mixin.py:190} INFO - [2024-08-24T11:37:17.871+0000] {dag.py:3211} INFO - Sync 1 DAGs
[2024-08-24T11:37:17.885+0000] {logging_mixin.py:190} INFO - [2024-08-24T11:37:17.885+0000] {dag.py:4138} INFO - Setting next_dagrun for example_bash_operator to 2024-08-23 00:00:00+00:00, run_after=2024-08-24 00:00:00+00:00
[2024-08-24T11:37:17.894+0000] {processor.py:208} INFO - Processing /home/airflow/.local/lib/python3.12/site-packages/airflow/example_dags/example_bash_operator.py took 0.050 seconds
[2024-08-24T11:37:48.308+0000] {processor.py:186} INFO - Started process (PID=2109) to work on /home/airflow/.local/lib/python3.12/site-packages/airflow/example_dags/example_bash_operator.py
[2024-08-24T11:37:48.309+0000] {processor.py:914} INFO - Processing file /home/airflow/.local/lib/python3.12/site-packages/airflow/example_dags/example_bash_operator.py for tasks to queue
[2024-08-24T11:37:48.312+0000] {logging_mixin.py:190} INFO - [2024-08-24T11:37:48.311+0000] {dagbag.py:587} INFO - Filling up the DagBag from /home/airflow/.local/lib/python3.12/site-packages/airflow/example_dags/example_bash_operator.py
[2024-08-24T11:37:48.330+0000] {processor.py:925} INFO - DAG(s) 'example_bash_operator' retrieved from /home/airflow/.local/lib/python3.12/site-packages/airflow/example_dags/example_bash_operator.py
[2024-08-24T11:37:48.355+0000] {logging_mixin.py:190} INFO - [2024-08-24T11:37:48.354+0000] {dag.py:3211} INFO - Sync 1 DAGs
[2024-08-24T11:37:48.393+0000] {logging_mixin.py:190} INFO - [2024-08-24T11:37:48.392+0000] {dag.py:4138} INFO - Setting next_dagrun for example_bash_operator to 2024-08-23 00:00:00+00:00, run_after=2024-08-24 00:00:00+00:00
[2024-08-24T11:37:48.402+0000] {processor.py:208} INFO - Processing /home/airflow/.local/lib/python3.12/site-packages/airflow/example_dags/example_bash_operator.py took 0.102 seconds
[2024-08-24T11:38:19.011+0000] {processor.py:186} INFO - Started process (PID=2171) to work on /home/airflow/.local/lib/python3.12/site-packages/airflow/example_dags/example_bash_operator.py
[2024-08-24T11:38:19.012+0000] {processor.py:914} INFO - Processing file /home/airflow/.local/lib/python3.12/site-packages/airflow/example_dags/example_bash_operator.py for tasks to queue
[2024-08-24T11:38:19.014+0000] {logging_mixin.py:190} INFO - [2024-08-24T11:38:19.014+0000] {dagbag.py:587} INFO - Filling up the DagBag from /home/airflow/.local/lib/python3.12/site-packages/airflow/example_dags/example_bash_operator.py
[2024-08-24T11:38:19.021+0000] {processor.py:925} INFO - DAG(s) 'example_bash_operator' retrieved from /home/airflow/.local/lib/python3.12/site-packages/airflow/example_dags/example_bash_operator.py
[2024-08-24T11:38:19.057+0000] {logging_mixin.py:190} INFO - [2024-08-24T11:38:19.056+0000] {dag.py:3211} INFO - Sync 1 DAGs
[2024-08-24T11:38:19.084+0000] {logging_mixin.py:190} INFO - [2024-08-24T11:38:19.084+0000] {dag.py:4138} INFO - Setting next_dagrun for example_bash_operator to 2024-08-23 00:00:00+00:00, run_after=2024-08-24 00:00:00+00:00
[2024-08-24T11:38:19.093+0000] {processor.py:208} INFO - Processing /home/airflow/.local/lib/python3.12/site-packages/airflow/example_dags/example_bash_operator.py took 0.087 seconds
[2024-08-24T11:38:49.478+0000] {processor.py:186} INFO - Started process (PID=2232) to work on /home/airflow/.local/lib/python3.12/site-packages/airflow/example_dags/example_bash_operator.py
[2024-08-24T11:38:49.479+0000] {processor.py:914} INFO - Processing file /home/airflow/.local/lib/python3.12/site-packages/airflow/example_dags/example_bash_operator.py for tasks to queue
[2024-08-24T11:38:49.480+0000] {logging_mixin.py:190} INFO - [2024-08-24T11:38:49.480+0000] {dagbag.py:587} INFO - Filling up the DagBag from /home/airflow/.local/lib/python3.12/site-packages/airflow/example_dags/example_bash_operator.py
[2024-08-24T11:38:49.488+0000] {processor.py:925} INFO - DAG(s) 'example_bash_operator' retrieved from /home/airflow/.local/lib/python3.12/site-packages/airflow/example_dags/example_bash_operator.py
[2024-08-24T11:38:49.513+0000] {logging_mixin.py:190} INFO - [2024-08-24T11:38:49.513+0000] {dag.py:3211} INFO - Sync 1 DAGs
[2024-08-24T11:38:49.526+0000] {logging_mixin.py:190} INFO - [2024-08-24T11:38:49.525+0000] {dag.py:4138} INFO - Setting next_dagrun for example_bash_operator to 2024-08-23 00:00:00+00:00, run_after=2024-08-24 00:00:00+00:00
[2024-08-24T11:38:49.535+0000] {processor.py:208} INFO - Processing /home/airflow/.local/lib/python3.12/site-packages/airflow/example_dags/example_bash_operator.py took 0.061 seconds
[2024-08-24T11:39:19.832+0000] {processor.py:186} INFO - Started process (PID=2294) to work on /home/airflow/.local/lib/python3.12/site-packages/airflow/example_dags/example_bash_operator.py
[2024-08-24T11:39:19.833+0000] {processor.py:914} INFO - Processing file /home/airflow/.local/lib/python3.12/site-packages/airflow/example_dags/example_bash_operator.py for tasks to queue
[2024-08-24T11:39:19.834+0000] {logging_mixin.py:190} INFO - [2024-08-24T11:39:19.834+0000] {dagbag.py:587} INFO - Filling up the DagBag from /home/airflow/.local/lib/python3.12/site-packages/airflow/example_dags/example_bash_operator.py
[2024-08-24T11:39:19.841+0000] {processor.py:925} INFO - DAG(s) 'example_bash_operator' retrieved from /home/airflow/.local/lib/python3.12/site-packages/airflow/example_dags/example_bash_operator.py
[2024-08-24T11:39:19.859+0000] {logging_mixin.py:190} INFO - [2024-08-24T11:39:19.859+0000] {dag.py:3211} INFO - Sync 1 DAGs
[2024-08-24T11:39:19.872+0000] {logging_mixin.py:190} INFO - [2024-08-24T11:39:19.872+0000] {dag.py:4138} INFO - Setting next_dagrun for example_bash_operator to 2024-08-23 00:00:00+00:00, run_after=2024-08-24 00:00:00+00:00
[2024-08-24T11:39:19.882+0000] {processor.py:208} INFO - Processing /home/airflow/.local/lib/python3.12/site-packages/airflow/example_dags/example_bash_operator.py took 0.053 seconds
[2024-08-24T11:39:50.608+0000] {processor.py:186} INFO - Started process (PID=2356) to work on /home/airflow/.local/lib/python3.12/site-packages/airflow/example_dags/example_bash_operator.py
[2024-08-24T11:39:50.608+0000] {processor.py:914} INFO - Processing file /home/airflow/.local/lib/python3.12/site-packages/airflow/example_dags/example_bash_operator.py for tasks to queue
[2024-08-24T11:39:50.609+0000] {logging_mixin.py:190} INFO - [2024-08-24T11:39:50.609+0000] {dagbag.py:587} INFO - Filling up the DagBag from /home/airflow/.local/lib/python3.12/site-packages/airflow/example_dags/example_bash_operator.py
[2024-08-24T11:39:50.616+0000] {processor.py:925} INFO - DAG(s) 'example_bash_operator' retrieved from /home/airflow/.local/lib/python3.12/site-packages/airflow/example_dags/example_bash_operator.py
[2024-08-24T11:39:50.629+0000] {logging_mixin.py:190} INFO - [2024-08-24T11:39:50.629+0000] {dag.py:3211} INFO - Sync 1 DAGs
[2024-08-24T11:39:50.642+0000] {logging_mixin.py:190} INFO - [2024-08-24T11:39:50.641+0000] {dag.py:4138} INFO - Setting next_dagrun for example_bash_operator to 2024-08-23 00:00:00+00:00, run_after=2024-08-24 00:00:00+00:00
[2024-08-24T11:39:50.651+0000] {processor.py:208} INFO - Processing /home/airflow/.local/lib/python3.12/site-packages/airflow/example_dags/example_bash_operator.py took 0.046 seconds
[2024-08-24T11:40:21.056+0000] {processor.py:186} INFO - Started process (PID=2418) to work on /home/airflow/.local/lib/python3.12/site-packages/airflow/example_dags/example_bash_operator.py
[2024-08-24T11:40:21.056+0000] {processor.py:914} INFO - Processing file /home/airflow/.local/lib/python3.12/site-packages/airflow/example_dags/example_bash_operator.py for tasks to queue
[2024-08-24T11:40:21.057+0000] {logging_mixin.py:190} INFO - [2024-08-24T11:40:21.057+0000] {dagbag.py:587} INFO - Filling up the DagBag from /home/airflow/.local/lib/python3.12/site-packages/airflow/example_dags/example_bash_operator.py
[2024-08-24T11:40:21.064+0000] {processor.py:925} INFO - DAG(s) 'example_bash_operator' retrieved from /home/airflow/.local/lib/python3.12/site-packages/airflow/example_dags/example_bash_operator.py
[2024-08-24T11:40:21.078+0000] {logging_mixin.py:190} INFO - [2024-08-24T11:40:21.078+0000] {dag.py:3211} INFO - Sync 1 DAGs
[2024-08-24T11:40:21.090+0000] {logging_mixin.py:190} INFO - [2024-08-24T11:40:21.090+0000] {dag.py:4138} INFO - Setting next_dagrun for example_bash_operator to 2024-08-23 00:00:00+00:00, run_after=2024-08-24 00:00:00+00:00
[2024-08-24T11:40:21.098+0000] {processor.py:208} INFO - Processing /home/airflow/.local/lib/python3.12/site-packages/airflow/example_dags/example_bash_operator.py took 0.045 seconds
[2024-08-24T11:40:51.792+0000] {processor.py:186} INFO - Started process (PID=2480) to work on /home/airflow/.local/lib/python3.12/site-packages/airflow/example_dags/example_bash_operator.py
[2024-08-24T11:40:51.792+0000] {processor.py:914} INFO - Processing file /home/airflow/.local/lib/python3.12/site-packages/airflow/example_dags/example_bash_operator.py for tasks to queue
[2024-08-24T11:40:51.794+0000] {logging_mixin.py:190} INFO - [2024-08-24T11:40:51.794+0000] {dagbag.py:587} INFO - Filling up the DagBag from /home/airflow/.local/lib/python3.12/site-packages/airflow/example_dags/example_bash_operator.py
[2024-08-24T11:40:51.801+0000] {processor.py:925} INFO - DAG(s) 'example_bash_operator' retrieved from /home/airflow/.local/lib/python3.12/site-packages/airflow/example_dags/example_bash_operator.py
[2024-08-24T11:40:51.824+0000] {logging_mixin.py:190} INFO - [2024-08-24T11:40:51.824+0000] {dag.py:3211} INFO - Sync 1 DAGs
[2024-08-24T11:40:51.847+0000] {logging_mixin.py:190} INFO - [2024-08-24T11:40:51.847+0000] {dag.py:4138} INFO - Setting next_dagrun for example_bash_operator to 2024-08-23 00:00:00+00:00, run_after=2024-08-24 00:00:00+00:00
[2024-08-24T11:40:51.860+0000] {processor.py:208} INFO - Processing /home/airflow/.local/lib/python3.12/site-packages/airflow/example_dags/example_bash_operator.py took 0.073 seconds
[2024-08-24T11:41:22.274+0000] {processor.py:186} INFO - Started process (PID=2542) to work on /home/airflow/.local/lib/python3.12/site-packages/airflow/example_dags/example_bash_operator.py
[2024-08-24T11:41:22.274+0000] {processor.py:914} INFO - Processing file /home/airflow/.local/lib/python3.12/site-packages/airflow/example_dags/example_bash_operator.py for tasks to queue
[2024-08-24T11:41:22.276+0000] {logging_mixin.py:190} INFO - [2024-08-24T11:41:22.276+0000] {dagbag.py:587} INFO - Filling up the DagBag from /home/airflow/.local/lib/python3.12/site-packages/airflow/example_dags/example_bash_operator.py
[2024-08-24T11:41:22.285+0000] {processor.py:925} INFO - DAG(s) 'example_bash_operator' retrieved from /home/airflow/.local/lib/python3.12/site-packages/airflow/example_dags/example_bash_operator.py
[2024-08-24T11:41:22.299+0000] {logging_mixin.py:190} INFO - [2024-08-24T11:41:22.299+0000] {dag.py:3211} INFO - Sync 1 DAGs
[2024-08-24T11:41:22.311+0000] {logging_mixin.py:190} INFO - [2024-08-24T11:41:22.311+0000] {dag.py:4138} INFO - Setting next_dagrun for example_bash_operator to 2024-08-23 00:00:00+00:00, run_after=2024-08-24 00:00:00+00:00
[2024-08-24T11:41:22.321+0000] {processor.py:208} INFO - Processing /home/airflow/.local/lib/python3.12/site-packages/airflow/example_dags/example_bash_operator.py took 0.051 seconds
[2024-08-24T11:41:52.772+0000] {processor.py:186} INFO - Started process (PID=2604) to work on /home/airflow/.local/lib/python3.12/site-packages/airflow/example_dags/example_bash_operator.py
[2024-08-24T11:41:52.773+0000] {processor.py:914} INFO - Processing file /home/airflow/.local/lib/python3.12/site-packages/airflow/example_dags/example_bash_operator.py for tasks to queue
[2024-08-24T11:41:52.774+0000] {logging_mixin.py:190} INFO - [2024-08-24T11:41:52.774+0000] {dagbag.py:587} INFO - Filling up the DagBag from /home/airflow/.local/lib/python3.12/site-packages/airflow/example_dags/example_bash_operator.py
[2024-08-24T11:41:52.782+0000] {processor.py:925} INFO - DAG(s) 'example_bash_operator' retrieved from /home/airflow/.local/lib/python3.12/site-packages/airflow/example_dags/example_bash_operator.py
[2024-08-24T11:41:52.798+0000] {logging_mixin.py:190} INFO - [2024-08-24T11:41:52.798+0000] {dag.py:3211} INFO - Sync 1 DAGs
[2024-08-24T11:41:52.812+0000] {logging_mixin.py:190} INFO - [2024-08-24T11:41:52.812+0000] {dag.py:4138} INFO - Setting next_dagrun for example_bash_operator to 2024-08-23 00:00:00+00:00, run_after=2024-08-24 00:00:00+00:00
[2024-08-24T11:41:52.822+0000] {processor.py:208} INFO - Processing /home/airflow/.local/lib/python3.12/site-packages/airflow/example_dags/example_bash_operator.py took 0.053 seconds
[2024-08-24T11:42:23.265+0000] {processor.py:186} INFO - Started process (PID=2666) to work on /home/airflow/.local/lib/python3.12/site-packages/airflow/example_dags/example_bash_operator.py
[2024-08-24T11:42:23.266+0000] {processor.py:914} INFO - Processing file /home/airflow/.local/lib/python3.12/site-packages/airflow/example_dags/example_bash_operator.py for tasks to queue
[2024-08-24T11:42:23.267+0000] {logging_mixin.py:190} INFO - [2024-08-24T11:42:23.267+0000] {dagbag.py:587} INFO - Filling up the DagBag from /home/airflow/.local/lib/python3.12/site-packages/airflow/example_dags/example_bash_operator.py
[2024-08-24T11:42:23.277+0000] {processor.py:925} INFO - DAG(s) 'example_bash_operator' retrieved from /home/airflow/.local/lib/python3.12/site-packages/airflow/example_dags/example_bash_operator.py
[2024-08-24T11:42:23.303+0000] {logging_mixin.py:190} INFO - [2024-08-24T11:42:23.303+0000] {dag.py:3211} INFO - Sync 1 DAGs
[2024-08-24T11:42:23.331+0000] {logging_mixin.py:190} INFO - [2024-08-24T11:42:23.330+0000] {dag.py:4138} INFO - Setting next_dagrun for example_bash_operator to 2024-08-23 00:00:00+00:00, run_after=2024-08-24 00:00:00+00:00
[2024-08-24T11:42:23.345+0000] {processor.py:208} INFO - Processing /home/airflow/.local/lib/python3.12/site-packages/airflow/example_dags/example_bash_operator.py took 0.084 seconds
[2024-08-24T11:42:53.779+0000] {processor.py:186} INFO - Started process (PID=2728) to work on /home/airflow/.local/lib/python3.12/site-packages/airflow/example_dags/example_bash_operator.py
[2024-08-24T11:42:53.780+0000] {processor.py:914} INFO - Processing file /home/airflow/.local/lib/python3.12/site-packages/airflow/example_dags/example_bash_operator.py for tasks to queue
[2024-08-24T11:42:53.781+0000] {logging_mixin.py:190} INFO - [2024-08-24T11:42:53.781+0000] {dagbag.py:587} INFO - Filling up the DagBag from /home/airflow/.local/lib/python3.12/site-packages/airflow/example_dags/example_bash_operator.py
[2024-08-24T11:42:53.788+0000] {processor.py:925} INFO - DAG(s) 'example_bash_operator' retrieved from /home/airflow/.local/lib/python3.12/site-packages/airflow/example_dags/example_bash_operator.py
[2024-08-24T11:42:53.806+0000] {logging_mixin.py:190} INFO - [2024-08-24T11:42:53.806+0000] {dag.py:3211} INFO - Sync 1 DAGs
[2024-08-24T11:42:53.818+0000] {logging_mixin.py:190} INFO - [2024-08-24T11:42:53.818+0000] {dag.py:4138} INFO - Setting next_dagrun for example_bash_operator to 2024-08-23 00:00:00+00:00, run_after=2024-08-24 00:00:00+00:00
[2024-08-24T11:42:53.831+0000] {processor.py:208} INFO - Processing /home/airflow/.local/lib/python3.12/site-packages/airflow/example_dags/example_bash_operator.py took 0.055 seconds
[2024-08-24T11:43:24.132+0000] {processor.py:186} INFO - Started process (PID=2790) to work on /home/airflow/.local/lib/python3.12/site-packages/airflow/example_dags/example_bash_operator.py
[2024-08-24T11:43:24.133+0000] {processor.py:914} INFO - Processing file /home/airflow/.local/lib/python3.12/site-packages/airflow/example_dags/example_bash_operator.py for tasks to queue
[2024-08-24T11:43:24.135+0000] {logging_mixin.py:190} INFO - [2024-08-24T11:43:24.134+0000] {dagbag.py:587} INFO - Filling up the DagBag from /home/airflow/.local/lib/python3.12/site-packages/airflow/example_dags/example_bash_operator.py
[2024-08-24T11:43:24.144+0000] {processor.py:925} INFO - DAG(s) 'example_bash_operator' retrieved from /home/airflow/.local/lib/python3.12/site-packages/airflow/example_dags/example_bash_operator.py
[2024-08-24T11:43:24.165+0000] {logging_mixin.py:190} INFO - [2024-08-24T11:43:24.165+0000] {dag.py:3211} INFO - Sync 1 DAGs
[2024-08-24T11:43:24.180+0000] {logging_mixin.py:190} INFO - [2024-08-24T11:43:24.180+0000] {dag.py:4138} INFO - Setting next_dagrun for example_bash_operator to 2024-08-23 00:00:00+00:00, run_after=2024-08-24 00:00:00+00:00
[2024-08-24T11:43:24.191+0000] {processor.py:208} INFO - Processing /home/airflow/.local/lib/python3.12/site-packages/airflow/example_dags/example_bash_operator.py took 0.063 seconds
[2024-08-24T11:43:54.672+0000] {processor.py:186} INFO - Started process (PID=2852) to work on /home/airflow/.local/lib/python3.12/site-packages/airflow/example_dags/example_bash_operator.py
[2024-08-24T11:43:54.672+0000] {processor.py:914} INFO - Processing file /home/airflow/.local/lib/python3.12/site-packages/airflow/example_dags/example_bash_operator.py for tasks to queue
[2024-08-24T11:43:54.674+0000] {logging_mixin.py:190} INFO - [2024-08-24T11:43:54.673+0000] {dagbag.py:587} INFO - Filling up the DagBag from /home/airflow/.local/lib/python3.12/site-packages/airflow/example_dags/example_bash_operator.py
[2024-08-24T11:43:54.680+0000] {processor.py:925} INFO - DAG(s) 'example_bash_operator' retrieved from /home/airflow/.local/lib/python3.12/site-packages/airflow/example_dags/example_bash_operator.py
[2024-08-24T11:43:54.698+0000] {logging_mixin.py:190} INFO - [2024-08-24T11:43:54.698+0000] {dag.py:3211} INFO - Sync 1 DAGs
[2024-08-24T11:43:54.712+0000] {logging_mixin.py:190} INFO - [2024-08-24T11:43:54.712+0000] {dag.py:4138} INFO - Setting next_dagrun for example_bash_operator to 2024-08-23 00:00:00+00:00, run_after=2024-08-24 00:00:00+00:00
[2024-08-24T11:43:54.729+0000] {processor.py:208} INFO - Processing /home/airflow/.local/lib/python3.12/site-packages/airflow/example_dags/example_bash_operator.py took 0.060 seconds
[2024-08-24T11:44:25.408+0000] {processor.py:186} INFO - Started process (PID=2914) to work on /home/airflow/.local/lib/python3.12/site-packages/airflow/example_dags/example_bash_operator.py
[2024-08-24T11:44:25.408+0000] {processor.py:914} INFO - Processing file /home/airflow/.local/lib/python3.12/site-packages/airflow/example_dags/example_bash_operator.py for tasks to queue
[2024-08-24T11:44:25.409+0000] {logging_mixin.py:190} INFO - [2024-08-24T11:44:25.409+0000] {dagbag.py:587} INFO - Filling up the DagBag from /home/airflow/.local/lib/python3.12/site-packages/airflow/example_dags/example_bash_operator.py
[2024-08-24T11:44:25.416+0000] {processor.py:925} INFO - DAG(s) 'example_bash_operator' retrieved from /home/airflow/.local/lib/python3.12/site-packages/airflow/example_dags/example_bash_operator.py
[2024-08-24T11:44:25.430+0000] {logging_mixin.py:190} INFO - [2024-08-24T11:44:25.430+0000] {dag.py:3211} INFO - Sync 1 DAGs
[2024-08-24T11:44:25.444+0000] {logging_mixin.py:190} INFO - [2024-08-24T11:44:25.443+0000] {dag.py:4138} INFO - Setting next_dagrun for example_bash_operator to 2024-08-23 00:00:00+00:00, run_after=2024-08-24 00:00:00+00:00
[2024-08-24T11:44:25.547+0000] {processor.py:208} INFO - Processing /home/airflow/.local/lib/python3.12/site-packages/airflow/example_dags/example_bash_operator.py took 0.143 seconds
[2024-08-24T11:44:55.625+0000] {processor.py:186} INFO - Started process (PID=2977) to work on /home/airflow/.local/lib/python3.12/site-packages/airflow/example_dags/example_bash_operator.py
[2024-08-24T11:44:55.625+0000] {processor.py:914} INFO - Processing file /home/airflow/.local/lib/python3.12/site-packages/airflow/example_dags/example_bash_operator.py for tasks to queue
[2024-08-24T11:44:55.627+0000] {logging_mixin.py:190} INFO - [2024-08-24T11:44:55.627+0000] {dagbag.py:587} INFO - Filling up the DagBag from /home/airflow/.local/lib/python3.12/site-packages/airflow/example_dags/example_bash_operator.py
[2024-08-24T11:44:55.634+0000] {processor.py:925} INFO - DAG(s) 'example_bash_operator' retrieved from /home/airflow/.local/lib/python3.12/site-packages/airflow/example_dags/example_bash_operator.py
[2024-08-24T11:44:55.648+0000] {logging_mixin.py:190} INFO - [2024-08-24T11:44:55.648+0000] {dag.py:3211} INFO - Sync 1 DAGs
[2024-08-24T11:44:55.660+0000] {logging_mixin.py:190} INFO - [2024-08-24T11:44:55.660+0000] {dag.py:4138} INFO - Setting next_dagrun for example_bash_operator to 2024-08-23 00:00:00+00:00, run_after=2024-08-24 00:00:00+00:00
[2024-08-24T11:44:55.669+0000] {processor.py:208} INFO - Processing /home/airflow/.local/lib/python3.12/site-packages/airflow/example_dags/example_bash_operator.py took 0.048 seconds
[2024-08-24T11:45:26.080+0000] {processor.py:186} INFO - Started process (PID=3040) to work on /home/airflow/.local/lib/python3.12/site-packages/airflow/example_dags/example_bash_operator.py
[2024-08-24T11:45:26.081+0000] {processor.py:914} INFO - Processing file /home/airflow/.local/lib/python3.12/site-packages/airflow/example_dags/example_bash_operator.py for tasks to queue
[2024-08-24T11:45:26.082+0000] {logging_mixin.py:190} INFO - [2024-08-24T11:45:26.082+0000] {dagbag.py:587} INFO - Filling up the DagBag from /home/airflow/.local/lib/python3.12/site-packages/airflow/example_dags/example_bash_operator.py
[2024-08-24T11:45:26.090+0000] {processor.py:925} INFO - DAG(s) 'example_bash_operator' retrieved from /home/airflow/.local/lib/python3.12/site-packages/airflow/example_dags/example_bash_operator.py
[2024-08-24T11:45:26.105+0000] {logging_mixin.py:190} INFO - [2024-08-24T11:45:26.105+0000] {dag.py:3211} INFO - Sync 1 DAGs
[2024-08-24T11:45:26.125+0000] {logging_mixin.py:190} INFO - [2024-08-24T11:45:26.125+0000] {dag.py:4138} INFO - Setting next_dagrun for example_bash_operator to 2024-08-23 00:00:00+00:00, run_after=2024-08-24 00:00:00+00:00
[2024-08-24T11:45:26.134+0000] {processor.py:208} INFO - Processing /home/airflow/.local/lib/python3.12/site-packages/airflow/example_dags/example_bash_operator.py took 0.060 seconds
[2024-08-24T11:45:56.708+0000] {processor.py:186} INFO - Started process (PID=3102) to work on /home/airflow/.local/lib/python3.12/site-packages/airflow/example_dags/example_bash_operator.py
[2024-08-24T11:45:56.709+0000] {processor.py:914} INFO - Processing file /home/airflow/.local/lib/python3.12/site-packages/airflow/example_dags/example_bash_operator.py for tasks to queue
[2024-08-24T11:45:56.710+0000] {logging_mixin.py:190} INFO - [2024-08-24T11:45:56.709+0000] {dagbag.py:587} INFO - Filling up the DagBag from /home/airflow/.local/lib/python3.12/site-packages/airflow/example_dags/example_bash_operator.py
[2024-08-24T11:45:56.716+0000] {processor.py:925} INFO - DAG(s) 'example_bash_operator' retrieved from /home/airflow/.local/lib/python3.12/site-packages/airflow/example_dags/example_bash_operator.py
[2024-08-24T11:45:56.732+0000] {logging_mixin.py:190} INFO - [2024-08-24T11:45:56.732+0000] {dag.py:3211} INFO - Sync 1 DAGs
[2024-08-24T11:45:56.838+0000] {logging_mixin.py:190} INFO - [2024-08-24T11:45:56.837+0000] {dag.py:4138} INFO - Setting next_dagrun for example_bash_operator to 2024-08-23 00:00:00+00:00, run_after=2024-08-24 00:00:00+00:00
[2024-08-24T11:45:56.846+0000] {processor.py:208} INFO - Processing /home/airflow/.local/lib/python3.12/site-packages/airflow/example_dags/example_bash_operator.py took 0.141 seconds
[2024-08-24T11:46:27.006+0000] {processor.py:186} INFO - Started process (PID=3164) to work on /home/airflow/.local/lib/python3.12/site-packages/airflow/example_dags/example_bash_operator.py
[2024-08-24T11:46:27.007+0000] {processor.py:914} INFO - Processing file /home/airflow/.local/lib/python3.12/site-packages/airflow/example_dags/example_bash_operator.py for tasks to queue
[2024-08-24T11:46:27.008+0000] {logging_mixin.py:190} INFO - [2024-08-24T11:46:27.008+0000] {dagbag.py:587} INFO - Filling up the DagBag from /home/airflow/.local/lib/python3.12/site-packages/airflow/example_dags/example_bash_operator.py
[2024-08-24T11:46:27.015+0000] {processor.py:925} INFO - DAG(s) 'example_bash_operator' retrieved from /home/airflow/.local/lib/python3.12/site-packages/airflow/example_dags/example_bash_operator.py
[2024-08-24T11:46:27.031+0000] {logging_mixin.py:190} INFO - [2024-08-24T11:46:27.031+0000] {dag.py:3211} INFO - Sync 1 DAGs
[2024-08-24T11:46:27.144+0000] {logging_mixin.py:190} INFO - [2024-08-24T11:46:27.144+0000] {dag.py:4138} INFO - Setting next_dagrun for example_bash_operator to 2024-08-23 00:00:00+00:00, run_after=2024-08-24 00:00:00+00:00
[2024-08-24T11:46:27.157+0000] {processor.py:208} INFO - Processing /home/airflow/.local/lib/python3.12/site-packages/airflow/example_dags/example_bash_operator.py took 0.154 seconds
[2024-08-24T11:46:57.762+0000] {processor.py:186} INFO - Started process (PID=3226) to work on /home/airflow/.local/lib/python3.12/site-packages/airflow/example_dags/example_bash_operator.py
[2024-08-24T11:46:57.762+0000] {processor.py:914} INFO - Processing file /home/airflow/.local/lib/python3.12/site-packages/airflow/example_dags/example_bash_operator.py for tasks to queue
[2024-08-24T11:46:57.764+0000] {logging_mixin.py:190} INFO - [2024-08-24T11:46:57.764+0000] {dagbag.py:587} INFO - Filling up the DagBag from /home/airflow/.local/lib/python3.12/site-packages/airflow/example_dags/example_bash_operator.py
[2024-08-24T11:46:57.774+0000] {processor.py:925} INFO - DAG(s) 'example_bash_operator' retrieved from /home/airflow/.local/lib/python3.12/site-packages/airflow/example_dags/example_bash_operator.py
[2024-08-24T11:46:57.791+0000] {logging_mixin.py:190} INFO - [2024-08-24T11:46:57.791+0000] {dag.py:3211} INFO - Sync 1 DAGs
[2024-08-24T11:46:57.897+0000] {logging_mixin.py:190} INFO - [2024-08-24T11:46:57.897+0000] {dag.py:4138} INFO - Setting next_dagrun for example_bash_operator to 2024-08-23 00:00:00+00:00, run_after=2024-08-24 00:00:00+00:00
[2024-08-24T11:46:57.907+0000] {processor.py:208} INFO - Processing /home/airflow/.local/lib/python3.12/site-packages/airflow/example_dags/example_bash_operator.py took 0.150 seconds
[2024-08-24T11:47:28.159+0000] {processor.py:186} INFO - Started process (PID=3288) to work on /home/airflow/.local/lib/python3.12/site-packages/airflow/example_dags/example_bash_operator.py
[2024-08-24T11:47:28.160+0000] {processor.py:914} INFO - Processing file /home/airflow/.local/lib/python3.12/site-packages/airflow/example_dags/example_bash_operator.py for tasks to queue
[2024-08-24T11:47:28.161+0000] {logging_mixin.py:190} INFO - [2024-08-24T11:47:28.161+0000] {dagbag.py:587} INFO - Filling up the DagBag from /home/airflow/.local/lib/python3.12/site-packages/airflow/example_dags/example_bash_operator.py
[2024-08-24T11:47:28.168+0000] {processor.py:925} INFO - DAG(s) 'example_bash_operator' retrieved from /home/airflow/.local/lib/python3.12/site-packages/airflow/example_dags/example_bash_operator.py
[2024-08-24T11:47:28.182+0000] {logging_mixin.py:190} INFO - [2024-08-24T11:47:28.182+0000] {dag.py:3211} INFO - Sync 1 DAGs
[2024-08-24T11:47:28.195+0000] {logging_mixin.py:190} INFO - [2024-08-24T11:47:28.195+0000] {dag.py:4138} INFO - Setting next_dagrun for example_bash_operator to 2024-08-23 00:00:00+00:00, run_after=2024-08-24 00:00:00+00:00
[2024-08-24T11:47:28.204+0000] {processor.py:208} INFO - Processing /home/airflow/.local/lib/python3.12/site-packages/airflow/example_dags/example_bash_operator.py took 0.048 seconds
[2024-08-24T11:47:58.369+0000] {processor.py:186} INFO - Started process (PID=3350) to work on /home/airflow/.local/lib/python3.12/site-packages/airflow/example_dags/example_bash_operator.py
[2024-08-24T11:47:58.369+0000] {processor.py:914} INFO - Processing file /home/airflow/.local/lib/python3.12/site-packages/airflow/example_dags/example_bash_operator.py for tasks to queue
[2024-08-24T11:47:58.371+0000] {logging_mixin.py:190} INFO - [2024-08-24T11:47:58.371+0000] {dagbag.py:587} INFO - Filling up the DagBag from /home/airflow/.local/lib/python3.12/site-packages/airflow/example_dags/example_bash_operator.py
[2024-08-24T11:47:58.379+0000] {processor.py:925} INFO - DAG(s) 'example_bash_operator' retrieved from /home/airflow/.local/lib/python3.12/site-packages/airflow/example_dags/example_bash_operator.py
[2024-08-24T11:47:58.401+0000] {logging_mixin.py:190} INFO - [2024-08-24T11:47:58.401+0000] {dag.py:3211} INFO - Sync 1 DAGs
[2024-08-24T11:47:58.418+0000] {logging_mixin.py:190} INFO - [2024-08-24T11:47:58.417+0000] {dag.py:4138} INFO - Setting next_dagrun for example_bash_operator to 2024-08-23 00:00:00+00:00, run_after=2024-08-24 00:00:00+00:00
[2024-08-24T11:47:58.428+0000] {processor.py:208} INFO - Processing /home/airflow/.local/lib/python3.12/site-packages/airflow/example_dags/example_bash_operator.py took 0.063 seconds
[2024-08-24T11:48:28.821+0000] {processor.py:186} INFO - Started process (PID=3412) to work on /home/airflow/.local/lib/python3.12/site-packages/airflow/example_dags/example_bash_operator.py
[2024-08-24T11:48:28.822+0000] {processor.py:914} INFO - Processing file /home/airflow/.local/lib/python3.12/site-packages/airflow/example_dags/example_bash_operator.py for tasks to queue
[2024-08-24T11:48:28.823+0000] {logging_mixin.py:190} INFO - [2024-08-24T11:48:28.823+0000] {dagbag.py:587} INFO - Filling up the DagBag from /home/airflow/.local/lib/python3.12/site-packages/airflow/example_dags/example_bash_operator.py
[2024-08-24T11:48:28.830+0000] {processor.py:925} INFO - DAG(s) 'example_bash_operator' retrieved from /home/airflow/.local/lib/python3.12/site-packages/airflow/example_dags/example_bash_operator.py
[2024-08-24T11:48:28.844+0000] {logging_mixin.py:190} INFO - [2024-08-24T11:48:28.844+0000] {dag.py:3211} INFO - Sync 1 DAGs
[2024-08-24T11:48:28.857+0000] {logging_mixin.py:190} INFO - [2024-08-24T11:48:28.857+0000] {dag.py:4138} INFO - Setting next_dagrun for example_bash_operator to 2024-08-23 00:00:00+00:00, run_after=2024-08-24 00:00:00+00:00
[2024-08-24T11:48:28.866+0000] {processor.py:208} INFO - Processing /home/airflow/.local/lib/python3.12/site-packages/airflow/example_dags/example_bash_operator.py took 0.048 seconds
[2024-08-24T11:48:58.986+0000] {processor.py:186} INFO - Started process (PID=3474) to work on /home/airflow/.local/lib/python3.12/site-packages/airflow/example_dags/example_bash_operator.py
[2024-08-24T11:48:58.987+0000] {processor.py:914} INFO - Processing file /home/airflow/.local/lib/python3.12/site-packages/airflow/example_dags/example_bash_operator.py for tasks to queue
[2024-08-24T11:48:58.988+0000] {logging_mixin.py:190} INFO - [2024-08-24T11:48:58.988+0000] {dagbag.py:587} INFO - Filling up the DagBag from /home/airflow/.local/lib/python3.12/site-packages/airflow/example_dags/example_bash_operator.py
[2024-08-24T11:48:58.995+0000] {processor.py:925} INFO - DAG(s) 'example_bash_operator' retrieved from /home/airflow/.local/lib/python3.12/site-packages/airflow/example_dags/example_bash_operator.py
[2024-08-24T11:48:59.009+0000] {logging_mixin.py:190} INFO - [2024-08-24T11:48:59.009+0000] {dag.py:3211} INFO - Sync 1 DAGs
[2024-08-24T11:48:59.024+0000] {logging_mixin.py:190} INFO - [2024-08-24T11:48:59.023+0000] {dag.py:4138} INFO - Setting next_dagrun for example_bash_operator to 2024-08-23 00:00:00+00:00, run_after=2024-08-24 00:00:00+00:00
[2024-08-24T11:48:59.034+0000] {processor.py:208} INFO - Processing /home/airflow/.local/lib/python3.12/site-packages/airflow/example_dags/example_bash_operator.py took 0.052 seconds
[2024-08-24T11:49:29.311+0000] {processor.py:186} INFO - Started process (PID=3536) to work on /home/airflow/.local/lib/python3.12/site-packages/airflow/example_dags/example_bash_operator.py
[2024-08-24T11:49:29.311+0000] {processor.py:914} INFO - Processing file /home/airflow/.local/lib/python3.12/site-packages/airflow/example_dags/example_bash_operator.py for tasks to queue
[2024-08-24T11:49:29.312+0000] {logging_mixin.py:190} INFO - [2024-08-24T11:49:29.312+0000] {dagbag.py:587} INFO - Filling up the DagBag from /home/airflow/.local/lib/python3.12/site-packages/airflow/example_dags/example_bash_operator.py
[2024-08-24T11:49:29.319+0000] {processor.py:925} INFO - DAG(s) 'example_bash_operator' retrieved from /home/airflow/.local/lib/python3.12/site-packages/airflow/example_dags/example_bash_operator.py
[2024-08-24T11:49:29.335+0000] {logging_mixin.py:190} INFO - [2024-08-24T11:49:29.335+0000] {dag.py:3211} INFO - Sync 1 DAGs
[2024-08-24T11:49:29.353+0000] {logging_mixin.py:190} INFO - [2024-08-24T11:49:29.352+0000] {dag.py:4138} INFO - Setting next_dagrun for example_bash_operator to 2024-08-23 00:00:00+00:00, run_after=2024-08-24 00:00:00+00:00
[2024-08-24T11:49:29.362+0000] {processor.py:208} INFO - Processing /home/airflow/.local/lib/python3.12/site-packages/airflow/example_dags/example_bash_operator.py took 0.055 seconds
[2024-08-24T11:49:59.632+0000] {processor.py:186} INFO - Started process (PID=3598) to work on /home/airflow/.local/lib/python3.12/site-packages/airflow/example_dags/example_bash_operator.py
[2024-08-24T11:49:59.632+0000] {processor.py:914} INFO - Processing file /home/airflow/.local/lib/python3.12/site-packages/airflow/example_dags/example_bash_operator.py for tasks to queue
[2024-08-24T11:49:59.634+0000] {logging_mixin.py:190} INFO - [2024-08-24T11:49:59.633+0000] {dagbag.py:587} INFO - Filling up the DagBag from /home/airflow/.local/lib/python3.12/site-packages/airflow/example_dags/example_bash_operator.py
[2024-08-24T11:49:59.640+0000] {processor.py:925} INFO - DAG(s) 'example_bash_operator' retrieved from /home/airflow/.local/lib/python3.12/site-packages/airflow/example_dags/example_bash_operator.py
[2024-08-24T11:49:59.653+0000] {logging_mixin.py:190} INFO - [2024-08-24T11:49:59.653+0000] {dag.py:3211} INFO - Sync 1 DAGs
[2024-08-24T11:49:59.666+0000] {logging_mixin.py:190} INFO - [2024-08-24T11:49:59.665+0000] {dag.py:4138} INFO - Setting next_dagrun for example_bash_operator to 2024-08-23 00:00:00+00:00, run_after=2024-08-24 00:00:00+00:00
[2024-08-24T11:49:59.674+0000] {processor.py:208} INFO - Processing /home/airflow/.local/lib/python3.12/site-packages/airflow/example_dags/example_bash_operator.py took 0.046 seconds
[2024-08-24T11:50:29.919+0000] {processor.py:186} INFO - Started process (PID=3660) to work on /home/airflow/.local/lib/python3.12/site-packages/airflow/example_dags/example_bash_operator.py
[2024-08-24T11:50:29.920+0000] {processor.py:914} INFO - Processing file /home/airflow/.local/lib/python3.12/site-packages/airflow/example_dags/example_bash_operator.py for tasks to queue
[2024-08-24T11:50:29.921+0000] {logging_mixin.py:190} INFO - [2024-08-24T11:50:29.921+0000] {dagbag.py:587} INFO - Filling up the DagBag from /home/airflow/.local/lib/python3.12/site-packages/airflow/example_dags/example_bash_operator.py
[2024-08-24T11:50:29.928+0000] {processor.py:925} INFO - DAG(s) 'example_bash_operator' retrieved from /home/airflow/.local/lib/python3.12/site-packages/airflow/example_dags/example_bash_operator.py
[2024-08-24T11:50:29.948+0000] {logging_mixin.py:190} INFO - [2024-08-24T11:50:29.948+0000] {dag.py:3211} INFO - Sync 1 DAGs
[2024-08-24T11:50:29.966+0000] {logging_mixin.py:190} INFO - [2024-08-24T11:50:29.966+0000] {dag.py:4138} INFO - Setting next_dagrun for example_bash_operator to 2024-08-23 00:00:00+00:00, run_after=2024-08-24 00:00:00+00:00
[2024-08-24T11:50:29.975+0000] {processor.py:208} INFO - Processing /home/airflow/.local/lib/python3.12/site-packages/airflow/example_dags/example_bash_operator.py took 0.059 seconds
[2024-08-24T11:51:00.518+0000] {processor.py:186} INFO - Started process (PID=3722) to work on /home/airflow/.local/lib/python3.12/site-packages/airflow/example_dags/example_bash_operator.py
[2024-08-24T11:51:00.519+0000] {processor.py:914} INFO - Processing file /home/airflow/.local/lib/python3.12/site-packages/airflow/example_dags/example_bash_operator.py for tasks to queue
[2024-08-24T11:51:00.520+0000] {logging_mixin.py:190} INFO - [2024-08-24T11:51:00.520+0000] {dagbag.py:587} INFO - Filling up the DagBag from /home/airflow/.local/lib/python3.12/site-packages/airflow/example_dags/example_bash_operator.py
[2024-08-24T11:51:00.529+0000] {processor.py:925} INFO - DAG(s) 'example_bash_operator' retrieved from /home/airflow/.local/lib/python3.12/site-packages/airflow/example_dags/example_bash_operator.py
[2024-08-24T11:51:00.559+0000] {logging_mixin.py:190} INFO - [2024-08-24T11:51:00.559+0000] {dag.py:3211} INFO - Sync 1 DAGs
[2024-08-24T11:51:00.571+0000] {logging_mixin.py:190} INFO - [2024-08-24T11:51:00.571+0000] {dag.py:4138} INFO - Setting next_dagrun for example_bash_operator to 2024-08-23 00:00:00+00:00, run_after=2024-08-24 00:00:00+00:00
[2024-08-24T11:51:00.579+0000] {processor.py:208} INFO - Processing /home/airflow/.local/lib/python3.12/site-packages/airflow/example_dags/example_bash_operator.py took 0.066 seconds
[2024-08-24T11:51:30.881+0000] {processor.py:186} INFO - Started process (PID=3784) to work on /home/airflow/.local/lib/python3.12/site-packages/airflow/example_dags/example_bash_operator.py
[2024-08-24T11:51:30.882+0000] {processor.py:914} INFO - Processing file /home/airflow/.local/lib/python3.12/site-packages/airflow/example_dags/example_bash_operator.py for tasks to queue
[2024-08-24T11:51:30.883+0000] {logging_mixin.py:190} INFO - [2024-08-24T11:51:30.883+0000] {dagbag.py:587} INFO - Filling up the DagBag from /home/airflow/.local/lib/python3.12/site-packages/airflow/example_dags/example_bash_operator.py
[2024-08-24T11:51:30.889+0000] {processor.py:925} INFO - DAG(s) 'example_bash_operator' retrieved from /home/airflow/.local/lib/python3.12/site-packages/airflow/example_dags/example_bash_operator.py
[2024-08-24T11:51:30.908+0000] {logging_mixin.py:190} INFO - [2024-08-24T11:51:30.908+0000] {dag.py:3211} INFO - Sync 1 DAGs
[2024-08-24T11:51:30.924+0000] {logging_mixin.py:190} INFO - [2024-08-24T11:51:30.923+0000] {dag.py:4138} INFO - Setting next_dagrun for example_bash_operator to 2024-08-23 00:00:00+00:00, run_after=2024-08-24 00:00:00+00:00
[2024-08-24T11:51:30.933+0000] {processor.py:208} INFO - Processing /home/airflow/.local/lib/python3.12/site-packages/airflow/example_dags/example_bash_operator.py took 0.055 seconds
[2024-08-24T11:52:01.085+0000] {processor.py:186} INFO - Started process (PID=3846) to work on /home/airflow/.local/lib/python3.12/site-packages/airflow/example_dags/example_bash_operator.py
[2024-08-24T11:52:01.086+0000] {processor.py:914} INFO - Processing file /home/airflow/.local/lib/python3.12/site-packages/airflow/example_dags/example_bash_operator.py for tasks to queue
[2024-08-24T11:52:01.088+0000] {logging_mixin.py:190} INFO - [2024-08-24T11:52:01.087+0000] {dagbag.py:587} INFO - Filling up the DagBag from /home/airflow/.local/lib/python3.12/site-packages/airflow/example_dags/example_bash_operator.py
[2024-08-24T11:52:01.096+0000] {processor.py:925} INFO - DAG(s) 'example_bash_operator' retrieved from /home/airflow/.local/lib/python3.12/site-packages/airflow/example_dags/example_bash_operator.py
[2024-08-24T11:52:01.110+0000] {logging_mixin.py:190} INFO - [2024-08-24T11:52:01.109+0000] {dag.py:3211} INFO - Sync 1 DAGs
[2024-08-24T11:52:01.122+0000] {logging_mixin.py:190} INFO - [2024-08-24T11:52:01.122+0000] {dag.py:4138} INFO - Setting next_dagrun for example_bash_operator to 2024-08-23 00:00:00+00:00, run_after=2024-08-24 00:00:00+00:00
[2024-08-24T11:52:01.131+0000] {processor.py:208} INFO - Processing /home/airflow/.local/lib/python3.12/site-packages/airflow/example_dags/example_bash_operator.py took 0.050 seconds
[2024-08-24T11:52:31.363+0000] {processor.py:186} INFO - Started process (PID=3908) to work on /home/airflow/.local/lib/python3.12/site-packages/airflow/example_dags/example_bash_operator.py
[2024-08-24T11:52:31.363+0000] {processor.py:914} INFO - Processing file /home/airflow/.local/lib/python3.12/site-packages/airflow/example_dags/example_bash_operator.py for tasks to queue
[2024-08-24T11:52:31.364+0000] {logging_mixin.py:190} INFO - [2024-08-24T11:52:31.364+0000] {dagbag.py:587} INFO - Filling up the DagBag from /home/airflow/.local/lib/python3.12/site-packages/airflow/example_dags/example_bash_operator.py
[2024-08-24T11:52:31.371+0000] {processor.py:925} INFO - DAG(s) 'example_bash_operator' retrieved from /home/airflow/.local/lib/python3.12/site-packages/airflow/example_dags/example_bash_operator.py
[2024-08-24T11:52:31.388+0000] {logging_mixin.py:190} INFO - [2024-08-24T11:52:31.388+0000] {dag.py:3211} INFO - Sync 1 DAGs
[2024-08-24T11:52:31.406+0000] {logging_mixin.py:190} INFO - [2024-08-24T11:52:31.406+0000] {dag.py:4138} INFO - Setting next_dagrun for example_bash_operator to 2024-08-23 00:00:00+00:00, run_after=2024-08-24 00:00:00+00:00
[2024-08-24T11:52:31.416+0000] {processor.py:208} INFO - Processing /home/airflow/.local/lib/python3.12/site-packages/airflow/example_dags/example_bash_operator.py took 0.058 seconds
[2024-08-24T11:53:01.683+0000] {processor.py:186} INFO - Started process (PID=3970) to work on /home/airflow/.local/lib/python3.12/site-packages/airflow/example_dags/example_bash_operator.py
[2024-08-24T11:53:01.683+0000] {processor.py:914} INFO - Processing file /home/airflow/.local/lib/python3.12/site-packages/airflow/example_dags/example_bash_operator.py for tasks to queue
[2024-08-24T11:53:01.684+0000] {logging_mixin.py:190} INFO - [2024-08-24T11:53:01.684+0000] {dagbag.py:587} INFO - Filling up the DagBag from /home/airflow/.local/lib/python3.12/site-packages/airflow/example_dags/example_bash_operator.py
[2024-08-24T11:53:01.691+0000] {processor.py:925} INFO - DAG(s) 'example_bash_operator' retrieved from /home/airflow/.local/lib/python3.12/site-packages/airflow/example_dags/example_bash_operator.py
[2024-08-24T11:53:01.710+0000] {logging_mixin.py:190} INFO - [2024-08-24T11:53:01.710+0000] {dag.py:3211} INFO - Sync 1 DAGs
[2024-08-24T11:53:01.726+0000] {logging_mixin.py:190} INFO - [2024-08-24T11:53:01.726+0000] {dag.py:4138} INFO - Setting next_dagrun for example_bash_operator to 2024-08-23 00:00:00+00:00, run_after=2024-08-24 00:00:00+00:00
[2024-08-24T11:53:01.750+0000] {processor.py:208} INFO - Processing /home/airflow/.local/lib/python3.12/site-packages/airflow/example_dags/example_bash_operator.py took 0.071 seconds
[2024-08-24T11:53:32.093+0000] {processor.py:186} INFO - Started process (PID=4033) to work on /home/airflow/.local/lib/python3.12/site-packages/airflow/example_dags/example_bash_operator.py
[2024-08-24T11:53:32.094+0000] {processor.py:914} INFO - Processing file /home/airflow/.local/lib/python3.12/site-packages/airflow/example_dags/example_bash_operator.py for tasks to queue
[2024-08-24T11:53:32.097+0000] {logging_mixin.py:190} INFO - [2024-08-24T11:53:32.096+0000] {dagbag.py:587} INFO - Filling up the DagBag from /home/airflow/.local/lib/python3.12/site-packages/airflow/example_dags/example_bash_operator.py
[2024-08-24T11:53:32.106+0000] {processor.py:925} INFO - DAG(s) 'example_bash_operator' retrieved from /home/airflow/.local/lib/python3.12/site-packages/airflow/example_dags/example_bash_operator.py
[2024-08-24T11:53:32.121+0000] {logging_mixin.py:190} INFO - [2024-08-24T11:53:32.121+0000] {dag.py:3211} INFO - Sync 1 DAGs
[2024-08-24T11:53:32.133+0000] {logging_mixin.py:190} INFO - [2024-08-24T11:53:32.133+0000] {dag.py:4138} INFO - Setting next_dagrun for example_bash_operator to 2024-08-23 00:00:00+00:00, run_after=2024-08-24 00:00:00+00:00
[2024-08-24T11:53:32.142+0000] {processor.py:208} INFO - Processing /home/airflow/.local/lib/python3.12/site-packages/airflow/example_dags/example_bash_operator.py took 0.058 seconds
[2024-08-24T11:54:02.376+0000] {processor.py:186} INFO - Started process (PID=4095) to work on /home/airflow/.local/lib/python3.12/site-packages/airflow/example_dags/example_bash_operator.py
[2024-08-24T11:54:02.377+0000] {processor.py:914} INFO - Processing file /home/airflow/.local/lib/python3.12/site-packages/airflow/example_dags/example_bash_operator.py for tasks to queue
[2024-08-24T11:54:02.378+0000] {logging_mixin.py:190} INFO - [2024-08-24T11:54:02.378+0000] {dagbag.py:587} INFO - Filling up the DagBag from /home/airflow/.local/lib/python3.12/site-packages/airflow/example_dags/example_bash_operator.py
[2024-08-24T11:54:02.385+0000] {processor.py:925} INFO - DAG(s) 'example_bash_operator' retrieved from /home/airflow/.local/lib/python3.12/site-packages/airflow/example_dags/example_bash_operator.py
[2024-08-24T11:54:02.402+0000] {logging_mixin.py:190} INFO - [2024-08-24T11:54:02.402+0000] {dag.py:3211} INFO - Sync 1 DAGs
[2024-08-24T11:54:02.418+0000] {logging_mixin.py:190} INFO - [2024-08-24T11:54:02.418+0000] {dag.py:4138} INFO - Setting next_dagrun for example_bash_operator to 2024-08-23 00:00:00+00:00, run_after=2024-08-24 00:00:00+00:00
[2024-08-24T11:54:02.426+0000] {processor.py:208} INFO - Processing /home/airflow/.local/lib/python3.12/site-packages/airflow/example_dags/example_bash_operator.py took 0.054 seconds
[2024-08-24T11:54:32.766+0000] {processor.py:186} INFO - Started process (PID=4157) to work on /home/airflow/.local/lib/python3.12/site-packages/airflow/example_dags/example_bash_operator.py
[2024-08-24T11:54:32.767+0000] {processor.py:914} INFO - Processing file /home/airflow/.local/lib/python3.12/site-packages/airflow/example_dags/example_bash_operator.py for tasks to queue
[2024-08-24T11:54:32.768+0000] {logging_mixin.py:190} INFO - [2024-08-24T11:54:32.768+0000] {dagbag.py:587} INFO - Filling up the DagBag from /home/airflow/.local/lib/python3.12/site-packages/airflow/example_dags/example_bash_operator.py
[2024-08-24T11:54:32.777+0000] {processor.py:925} INFO - DAG(s) 'example_bash_operator' retrieved from /home/airflow/.local/lib/python3.12/site-packages/airflow/example_dags/example_bash_operator.py
[2024-08-24T11:54:32.791+0000] {logging_mixin.py:190} INFO - [2024-08-24T11:54:32.791+0000] {dag.py:3211} INFO - Sync 1 DAGs
[2024-08-24T11:54:32.803+0000] {logging_mixin.py:190} INFO - [2024-08-24T11:54:32.803+0000] {dag.py:4138} INFO - Setting next_dagrun for example_bash_operator to 2024-08-23 00:00:00+00:00, run_after=2024-08-24 00:00:00+00:00
[2024-08-24T11:54:32.813+0000] {processor.py:208} INFO - Processing /home/airflow/.local/lib/python3.12/site-packages/airflow/example_dags/example_bash_operator.py took 0.050 seconds
[2024-08-24T11:55:03.034+0000] {processor.py:186} INFO - Started process (PID=4219) to work on /home/airflow/.local/lib/python3.12/site-packages/airflow/example_dags/example_bash_operator.py
[2024-08-24T11:55:03.035+0000] {processor.py:914} INFO - Processing file /home/airflow/.local/lib/python3.12/site-packages/airflow/example_dags/example_bash_operator.py for tasks to queue
[2024-08-24T11:55:03.036+0000] {logging_mixin.py:190} INFO - [2024-08-24T11:55:03.036+0000] {dagbag.py:587} INFO - Filling up the DagBag from /home/airflow/.local/lib/python3.12/site-packages/airflow/example_dags/example_bash_operator.py
[2024-08-24T11:55:03.043+0000] {processor.py:925} INFO - DAG(s) 'example_bash_operator' retrieved from /home/airflow/.local/lib/python3.12/site-packages/airflow/example_dags/example_bash_operator.py
[2024-08-24T11:55:03.057+0000] {logging_mixin.py:190} INFO - [2024-08-24T11:55:03.057+0000] {dag.py:3211} INFO - Sync 1 DAGs
[2024-08-24T11:55:03.069+0000] {logging_mixin.py:190} INFO - [2024-08-24T11:55:03.069+0000] {dag.py:4138} INFO - Setting next_dagrun for example_bash_operator to 2024-08-23 00:00:00+00:00, run_after=2024-08-24 00:00:00+00:00
[2024-08-24T11:55:03.079+0000] {processor.py:208} INFO - Processing /home/airflow/.local/lib/python3.12/site-packages/airflow/example_dags/example_bash_operator.py took 0.048 seconds
[2024-08-24T11:55:33.504+0000] {processor.py:186} INFO - Started process (PID=4281) to work on /home/airflow/.local/lib/python3.12/site-packages/airflow/example_dags/example_bash_operator.py
[2024-08-24T11:55:33.505+0000] {processor.py:914} INFO - Processing file /home/airflow/.local/lib/python3.12/site-packages/airflow/example_dags/example_bash_operator.py for tasks to queue
[2024-08-24T11:55:33.506+0000] {logging_mixin.py:190} INFO - [2024-08-24T11:55:33.506+0000] {dagbag.py:587} INFO - Filling up the DagBag from /home/airflow/.local/lib/python3.12/site-packages/airflow/example_dags/example_bash_operator.py
[2024-08-24T11:55:33.512+0000] {processor.py:925} INFO - DAG(s) 'example_bash_operator' retrieved from /home/airflow/.local/lib/python3.12/site-packages/airflow/example_dags/example_bash_operator.py
[2024-08-24T11:55:33.526+0000] {logging_mixin.py:190} INFO - [2024-08-24T11:55:33.526+0000] {dag.py:3211} INFO - Sync 1 DAGs
[2024-08-24T11:55:33.538+0000] {logging_mixin.py:190} INFO - [2024-08-24T11:55:33.538+0000] {dag.py:4138} INFO - Setting next_dagrun for example_bash_operator to 2024-08-23 00:00:00+00:00, run_after=2024-08-24 00:00:00+00:00
[2024-08-24T11:55:33.546+0000] {processor.py:208} INFO - Processing /home/airflow/.local/lib/python3.12/site-packages/airflow/example_dags/example_bash_operator.py took 0.045 seconds
[2024-08-24T11:56:03.974+0000] {processor.py:186} INFO - Started process (PID=4343) to work on /home/airflow/.local/lib/python3.12/site-packages/airflow/example_dags/example_bash_operator.py
[2024-08-24T11:56:03.975+0000] {processor.py:914} INFO - Processing file /home/airflow/.local/lib/python3.12/site-packages/airflow/example_dags/example_bash_operator.py for tasks to queue
[2024-08-24T11:56:03.976+0000] {logging_mixin.py:190} INFO - [2024-08-24T11:56:03.976+0000] {dagbag.py:587} INFO - Filling up the DagBag from /home/airflow/.local/lib/python3.12/site-packages/airflow/example_dags/example_bash_operator.py
[2024-08-24T11:56:03.983+0000] {processor.py:925} INFO - DAG(s) 'example_bash_operator' retrieved from /home/airflow/.local/lib/python3.12/site-packages/airflow/example_dags/example_bash_operator.py
[2024-08-24T11:56:04.003+0000] {logging_mixin.py:190} INFO - [2024-08-24T11:56:04.003+0000] {dag.py:3211} INFO - Sync 1 DAGs
[2024-08-24T11:56:04.032+0000] {logging_mixin.py:190} INFO - [2024-08-24T11:56:04.032+0000] {dag.py:4138} INFO - Setting next_dagrun for example_bash_operator to 2024-08-23 00:00:00+00:00, run_after=2024-08-24 00:00:00+00:00
[2024-08-24T11:56:04.043+0000] {processor.py:208} INFO - Processing /home/airflow/.local/lib/python3.12/site-packages/airflow/example_dags/example_bash_operator.py took 0.071 seconds
