[2024-08-24T11:21:09.154+0000] {processor.py:186} INFO - Started process (PID=104) to work on /home/airflow/.local/lib/python3.12/site-packages/airflow/example_dags/example_skip_dag.py
[2024-08-24T11:21:09.154+0000] {processor.py:914} INFO - Processing file /home/airflow/.local/lib/python3.12/site-packages/airflow/example_dags/example_skip_dag.py for tasks to queue
[2024-08-24T11:21:09.155+0000] {logging_mixin.py:190} INFO - [2024-08-24T11:21:09.155+0000] {dagbag.py:587} INFO - Filling up the DagBag from /home/airflow/.local/lib/python3.12/site-packages/airflow/example_dags/example_skip_dag.py
[2024-08-24T11:21:09.160+0000] {processor.py:925} INFO - DAG(s) 'example_skip_dag' retrieved from /home/airflow/.local/lib/python3.12/site-packages/airflow/example_dags/example_skip_dag.py
[2024-08-24T11:21:09.214+0000] {logging_mixin.py:190} INFO - [2024-08-24T11:21:09.214+0000] {override.py:1858} INFO - Created Permission View: can edit on DAG:example_skip_dag
[2024-08-24T11:21:09.220+0000] {logging_mixin.py:190} INFO - [2024-08-24T11:21:09.220+0000] {override.py:1858} INFO - Created Permission View: can read on DAG:example_skip_dag
[2024-08-24T11:21:09.223+0000] {logging_mixin.py:190} INFO - [2024-08-24T11:21:09.223+0000] {override.py:1858} INFO - Created Permission View: can delete on DAG:example_skip_dag
[2024-08-24T11:21:09.223+0000] {logging_mixin.py:190} INFO - [2024-08-24T11:21:09.223+0000] {dag.py:3211} INFO - Sync 1 DAGs
[2024-08-24T11:21:09.231+0000] {logging_mixin.py:190} INFO - [2024-08-24T11:21:09.231+0000] {dag.py:3234} INFO - Creating ORM DAG for example_skip_dag
[2024-08-24T11:21:09.237+0000] {logging_mixin.py:190} INFO - [2024-08-24T11:21:09.237+0000] {dag.py:4138} INFO - Setting next_dagrun for example_skip_dag to 2024-08-23 00:00:00+00:00, run_after=2024-08-24 00:00:00+00:00
[2024-08-24T11:21:09.244+0000] {processor.py:208} INFO - Processing /home/airflow/.local/lib/python3.12/site-packages/airflow/example_dags/example_skip_dag.py took 0.094 seconds
[2024-08-24T11:21:39.376+0000] {processor.py:186} INFO - Started process (PID=166) to work on /home/airflow/.local/lib/python3.12/site-packages/airflow/example_dags/example_skip_dag.py
[2024-08-24T11:21:39.377+0000] {processor.py:914} INFO - Processing file /home/airflow/.local/lib/python3.12/site-packages/airflow/example_dags/example_skip_dag.py for tasks to queue
[2024-08-24T11:21:39.378+0000] {logging_mixin.py:190} INFO - [2024-08-24T11:21:39.378+0000] {dagbag.py:587} INFO - Filling up the DagBag from /home/airflow/.local/lib/python3.12/site-packages/airflow/example_dags/example_skip_dag.py
[2024-08-24T11:21:39.382+0000] {processor.py:925} INFO - DAG(s) 'example_skip_dag' retrieved from /home/airflow/.local/lib/python3.12/site-packages/airflow/example_dags/example_skip_dag.py
[2024-08-24T11:21:39.392+0000] {logging_mixin.py:190} INFO - [2024-08-24T11:21:39.392+0000] {dag.py:3211} INFO - Sync 1 DAGs
[2024-08-24T11:21:39.405+0000] {logging_mixin.py:190} INFO - [2024-08-24T11:21:39.405+0000] {dag.py:4138} INFO - Setting next_dagrun for example_skip_dag to 2024-08-23 00:00:00+00:00, run_after=2024-08-24 00:00:00+00:00
[2024-08-24T11:21:39.417+0000] {processor.py:208} INFO - Processing /home/airflow/.local/lib/python3.12/site-packages/airflow/example_dags/example_skip_dag.py took 0.045 seconds
[2024-08-24T11:22:09.598+0000] {processor.py:186} INFO - Started process (PID=228) to work on /home/airflow/.local/lib/python3.12/site-packages/airflow/example_dags/example_skip_dag.py
[2024-08-24T11:22:09.599+0000] {processor.py:914} INFO - Processing file /home/airflow/.local/lib/python3.12/site-packages/airflow/example_dags/example_skip_dag.py for tasks to queue
[2024-08-24T11:22:09.600+0000] {logging_mixin.py:190} INFO - [2024-08-24T11:22:09.600+0000] {dagbag.py:587} INFO - Filling up the DagBag from /home/airflow/.local/lib/python3.12/site-packages/airflow/example_dags/example_skip_dag.py
[2024-08-24T11:22:09.604+0000] {processor.py:925} INFO - DAG(s) 'example_skip_dag' retrieved from /home/airflow/.local/lib/python3.12/site-packages/airflow/example_dags/example_skip_dag.py
[2024-08-24T11:22:09.619+0000] {logging_mixin.py:190} INFO - [2024-08-24T11:22:09.619+0000] {dag.py:3211} INFO - Sync 1 DAGs
[2024-08-24T11:22:09.637+0000] {logging_mixin.py:190} INFO - [2024-08-24T11:22:09.637+0000] {dag.py:4138} INFO - Setting next_dagrun for example_skip_dag to 2024-08-23 00:00:00+00:00, run_after=2024-08-24 00:00:00+00:00
[2024-08-24T11:22:09.650+0000] {processor.py:208} INFO - Processing /home/airflow/.local/lib/python3.12/site-packages/airflow/example_dags/example_skip_dag.py took 0.055 seconds
[2024-08-24T11:22:39.740+0000] {processor.py:186} INFO - Started process (PID=290) to work on /home/airflow/.local/lib/python3.12/site-packages/airflow/example_dags/example_skip_dag.py
[2024-08-24T11:22:39.741+0000] {processor.py:914} INFO - Processing file /home/airflow/.local/lib/python3.12/site-packages/airflow/example_dags/example_skip_dag.py for tasks to queue
[2024-08-24T11:22:39.742+0000] {logging_mixin.py:190} INFO - [2024-08-24T11:22:39.742+0000] {dagbag.py:587} INFO - Filling up the DagBag from /home/airflow/.local/lib/python3.12/site-packages/airflow/example_dags/example_skip_dag.py
[2024-08-24T11:22:39.746+0000] {processor.py:925} INFO - DAG(s) 'example_skip_dag' retrieved from /home/airflow/.local/lib/python3.12/site-packages/airflow/example_dags/example_skip_dag.py
[2024-08-24T11:22:39.757+0000] {logging_mixin.py:190} INFO - [2024-08-24T11:22:39.756+0000] {dag.py:3211} INFO - Sync 1 DAGs
[2024-08-24T11:22:39.769+0000] {logging_mixin.py:190} INFO - [2024-08-24T11:22:39.769+0000] {dag.py:4138} INFO - Setting next_dagrun for example_skip_dag to 2024-08-23 00:00:00+00:00, run_after=2024-08-24 00:00:00+00:00
[2024-08-24T11:22:39.778+0000] {processor.py:208} INFO - Processing /home/airflow/.local/lib/python3.12/site-packages/airflow/example_dags/example_skip_dag.py took 0.040 seconds
[2024-08-24T11:23:10.057+0000] {processor.py:186} INFO - Started process (PID=352) to work on /home/airflow/.local/lib/python3.12/site-packages/airflow/example_dags/example_skip_dag.py
[2024-08-24T11:23:10.058+0000] {processor.py:914} INFO - Processing file /home/airflow/.local/lib/python3.12/site-packages/airflow/example_dags/example_skip_dag.py for tasks to queue
[2024-08-24T11:23:10.059+0000] {logging_mixin.py:190} INFO - [2024-08-24T11:23:10.059+0000] {dagbag.py:587} INFO - Filling up the DagBag from /home/airflow/.local/lib/python3.12/site-packages/airflow/example_dags/example_skip_dag.py
[2024-08-24T11:23:10.064+0000] {processor.py:925} INFO - DAG(s) 'example_skip_dag' retrieved from /home/airflow/.local/lib/python3.12/site-packages/airflow/example_dags/example_skip_dag.py
[2024-08-24T11:23:10.076+0000] {logging_mixin.py:190} INFO - [2024-08-24T11:23:10.076+0000] {dag.py:3211} INFO - Sync 1 DAGs
[2024-08-24T11:23:10.089+0000] {logging_mixin.py:190} INFO - [2024-08-24T11:23:10.089+0000] {dag.py:4138} INFO - Setting next_dagrun for example_skip_dag to 2024-08-23 00:00:00+00:00, run_after=2024-08-24 00:00:00+00:00
[2024-08-24T11:23:10.099+0000] {processor.py:208} INFO - Processing /home/airflow/.local/lib/python3.12/site-packages/airflow/example_dags/example_skip_dag.py took 0.046 seconds
[2024-08-24T11:23:40.336+0000] {processor.py:186} INFO - Started process (PID=414) to work on /home/airflow/.local/lib/python3.12/site-packages/airflow/example_dags/example_skip_dag.py
[2024-08-24T11:23:40.337+0000] {processor.py:914} INFO - Processing file /home/airflow/.local/lib/python3.12/site-packages/airflow/example_dags/example_skip_dag.py for tasks to queue
[2024-08-24T11:23:40.338+0000] {logging_mixin.py:190} INFO - [2024-08-24T11:23:40.338+0000] {dagbag.py:587} INFO - Filling up the DagBag from /home/airflow/.local/lib/python3.12/site-packages/airflow/example_dags/example_skip_dag.py
[2024-08-24T11:23:40.342+0000] {processor.py:925} INFO - DAG(s) 'example_skip_dag' retrieved from /home/airflow/.local/lib/python3.12/site-packages/airflow/example_dags/example_skip_dag.py
[2024-08-24T11:23:40.356+0000] {logging_mixin.py:190} INFO - [2024-08-24T11:23:40.356+0000] {dag.py:3211} INFO - Sync 1 DAGs
[2024-08-24T11:23:40.371+0000] {logging_mixin.py:190} INFO - [2024-08-24T11:23:40.371+0000] {dag.py:4138} INFO - Setting next_dagrun for example_skip_dag to 2024-08-23 00:00:00+00:00, run_after=2024-08-24 00:00:00+00:00
[2024-08-24T11:23:40.384+0000] {processor.py:208} INFO - Processing /home/airflow/.local/lib/python3.12/site-packages/airflow/example_dags/example_skip_dag.py took 0.051 seconds
[2024-08-24T11:24:10.571+0000] {processor.py:186} INFO - Started process (PID=476) to work on /home/airflow/.local/lib/python3.12/site-packages/airflow/example_dags/example_skip_dag.py
[2024-08-24T11:24:10.571+0000] {processor.py:914} INFO - Processing file /home/airflow/.local/lib/python3.12/site-packages/airflow/example_dags/example_skip_dag.py for tasks to queue
[2024-08-24T11:24:10.573+0000] {logging_mixin.py:190} INFO - [2024-08-24T11:24:10.573+0000] {dagbag.py:587} INFO - Filling up the DagBag from /home/airflow/.local/lib/python3.12/site-packages/airflow/example_dags/example_skip_dag.py
[2024-08-24T11:24:10.577+0000] {processor.py:925} INFO - DAG(s) 'example_skip_dag' retrieved from /home/airflow/.local/lib/python3.12/site-packages/airflow/example_dags/example_skip_dag.py
[2024-08-24T11:24:10.588+0000] {logging_mixin.py:190} INFO - [2024-08-24T11:24:10.588+0000] {dag.py:3211} INFO - Sync 1 DAGs
[2024-08-24T11:24:10.601+0000] {logging_mixin.py:190} INFO - [2024-08-24T11:24:10.600+0000] {dag.py:4138} INFO - Setting next_dagrun for example_skip_dag to 2024-08-23 00:00:00+00:00, run_after=2024-08-24 00:00:00+00:00
[2024-08-24T11:24:10.610+0000] {processor.py:208} INFO - Processing /home/airflow/.local/lib/python3.12/site-packages/airflow/example_dags/example_skip_dag.py took 0.043 seconds
[2024-08-24T11:24:40.788+0000] {processor.py:186} INFO - Started process (PID=538) to work on /home/airflow/.local/lib/python3.12/site-packages/airflow/example_dags/example_skip_dag.py
[2024-08-24T11:24:40.788+0000] {processor.py:914} INFO - Processing file /home/airflow/.local/lib/python3.12/site-packages/airflow/example_dags/example_skip_dag.py for tasks to queue
[2024-08-24T11:24:40.789+0000] {logging_mixin.py:190} INFO - [2024-08-24T11:24:40.789+0000] {dagbag.py:587} INFO - Filling up the DagBag from /home/airflow/.local/lib/python3.12/site-packages/airflow/example_dags/example_skip_dag.py
[2024-08-24T11:24:40.793+0000] {processor.py:925} INFO - DAG(s) 'example_skip_dag' retrieved from /home/airflow/.local/lib/python3.12/site-packages/airflow/example_dags/example_skip_dag.py
[2024-08-24T11:24:40.804+0000] {logging_mixin.py:190} INFO - [2024-08-24T11:24:40.803+0000] {dag.py:3211} INFO - Sync 1 DAGs
[2024-08-24T11:24:40.816+0000] {logging_mixin.py:190} INFO - [2024-08-24T11:24:40.816+0000] {dag.py:4138} INFO - Setting next_dagrun for example_skip_dag to 2024-08-23 00:00:00+00:00, run_after=2024-08-24 00:00:00+00:00
[2024-08-24T11:24:40.825+0000] {processor.py:208} INFO - Processing /home/airflow/.local/lib/python3.12/site-packages/airflow/example_dags/example_skip_dag.py took 0.040 seconds
[2024-08-24T11:25:11.079+0000] {processor.py:186} INFO - Started process (PID=600) to work on /home/airflow/.local/lib/python3.12/site-packages/airflow/example_dags/example_skip_dag.py
[2024-08-24T11:25:11.080+0000] {processor.py:914} INFO - Processing file /home/airflow/.local/lib/python3.12/site-packages/airflow/example_dags/example_skip_dag.py for tasks to queue
[2024-08-24T11:25:11.081+0000] {logging_mixin.py:190} INFO - [2024-08-24T11:25:11.081+0000] {dagbag.py:587} INFO - Filling up the DagBag from /home/airflow/.local/lib/python3.12/site-packages/airflow/example_dags/example_skip_dag.py
[2024-08-24T11:25:11.086+0000] {processor.py:925} INFO - DAG(s) 'example_skip_dag' retrieved from /home/airflow/.local/lib/python3.12/site-packages/airflow/example_dags/example_skip_dag.py
[2024-08-24T11:25:11.099+0000] {logging_mixin.py:190} INFO - [2024-08-24T11:25:11.099+0000] {dag.py:3211} INFO - Sync 1 DAGs
[2024-08-24T11:25:11.115+0000] {logging_mixin.py:190} INFO - [2024-08-24T11:25:11.115+0000] {dag.py:4138} INFO - Setting next_dagrun for example_skip_dag to 2024-08-23 00:00:00+00:00, run_after=2024-08-24 00:00:00+00:00
[2024-08-24T11:25:11.125+0000] {processor.py:208} INFO - Processing /home/airflow/.local/lib/python3.12/site-packages/airflow/example_dags/example_skip_dag.py took 0.051 seconds
[2024-08-24T11:25:41.152+0000] {processor.py:186} INFO - Started process (PID=662) to work on /home/airflow/.local/lib/python3.12/site-packages/airflow/example_dags/example_skip_dag.py
[2024-08-24T11:25:41.153+0000] {processor.py:914} INFO - Processing file /home/airflow/.local/lib/python3.12/site-packages/airflow/example_dags/example_skip_dag.py for tasks to queue
[2024-08-24T11:25:41.154+0000] {logging_mixin.py:190} INFO - [2024-08-24T11:25:41.154+0000] {dagbag.py:587} INFO - Filling up the DagBag from /home/airflow/.local/lib/python3.12/site-packages/airflow/example_dags/example_skip_dag.py
[2024-08-24T11:25:41.158+0000] {processor.py:925} INFO - DAG(s) 'example_skip_dag' retrieved from /home/airflow/.local/lib/python3.12/site-packages/airflow/example_dags/example_skip_dag.py
[2024-08-24T11:25:41.173+0000] {logging_mixin.py:190} INFO - [2024-08-24T11:25:41.173+0000] {dag.py:3211} INFO - Sync 1 DAGs
[2024-08-24T11:25:41.194+0000] {logging_mixin.py:190} INFO - [2024-08-24T11:25:41.194+0000] {dag.py:4138} INFO - Setting next_dagrun for example_skip_dag to 2024-08-23 00:00:00+00:00, run_after=2024-08-24 00:00:00+00:00
[2024-08-24T11:25:41.208+0000] {processor.py:208} INFO - Processing /home/airflow/.local/lib/python3.12/site-packages/airflow/example_dags/example_skip_dag.py took 0.060 seconds
[2024-08-24T11:26:11.463+0000] {processor.py:186} INFO - Started process (PID=724) to work on /home/airflow/.local/lib/python3.12/site-packages/airflow/example_dags/example_skip_dag.py
[2024-08-24T11:26:11.463+0000] {processor.py:914} INFO - Processing file /home/airflow/.local/lib/python3.12/site-packages/airflow/example_dags/example_skip_dag.py for tasks to queue
[2024-08-24T11:26:11.465+0000] {logging_mixin.py:190} INFO - [2024-08-24T11:26:11.464+0000] {dagbag.py:587} INFO - Filling up the DagBag from /home/airflow/.local/lib/python3.12/site-packages/airflow/example_dags/example_skip_dag.py
[2024-08-24T11:26:11.469+0000] {processor.py:925} INFO - DAG(s) 'example_skip_dag' retrieved from /home/airflow/.local/lib/python3.12/site-packages/airflow/example_dags/example_skip_dag.py
[2024-08-24T11:26:11.483+0000] {logging_mixin.py:190} INFO - [2024-08-24T11:26:11.482+0000] {dag.py:3211} INFO - Sync 1 DAGs
[2024-08-24T11:26:11.497+0000] {logging_mixin.py:190} INFO - [2024-08-24T11:26:11.496+0000] {dag.py:4138} INFO - Setting next_dagrun for example_skip_dag to 2024-08-23 00:00:00+00:00, run_after=2024-08-24 00:00:00+00:00
[2024-08-24T11:26:11.506+0000] {processor.py:208} INFO - Processing /home/airflow/.local/lib/python3.12/site-packages/airflow/example_dags/example_skip_dag.py took 0.047 seconds
[2024-08-24T11:26:41.636+0000] {processor.py:186} INFO - Started process (PID=786) to work on /home/airflow/.local/lib/python3.12/site-packages/airflow/example_dags/example_skip_dag.py
[2024-08-24T11:26:41.637+0000] {processor.py:914} INFO - Processing file /home/airflow/.local/lib/python3.12/site-packages/airflow/example_dags/example_skip_dag.py for tasks to queue
[2024-08-24T11:26:41.638+0000] {logging_mixin.py:190} INFO - [2024-08-24T11:26:41.638+0000] {dagbag.py:587} INFO - Filling up the DagBag from /home/airflow/.local/lib/python3.12/site-packages/airflow/example_dags/example_skip_dag.py
[2024-08-24T11:26:41.642+0000] {processor.py:925} INFO - DAG(s) 'example_skip_dag' retrieved from /home/airflow/.local/lib/python3.12/site-packages/airflow/example_dags/example_skip_dag.py
[2024-08-24T11:26:41.652+0000] {logging_mixin.py:190} INFO - [2024-08-24T11:26:41.652+0000] {dag.py:3211} INFO - Sync 1 DAGs
[2024-08-24T11:26:41.664+0000] {logging_mixin.py:190} INFO - [2024-08-24T11:26:41.663+0000] {dag.py:4138} INFO - Setting next_dagrun for example_skip_dag to 2024-08-23 00:00:00+00:00, run_after=2024-08-24 00:00:00+00:00
[2024-08-24T11:26:41.676+0000] {processor.py:208} INFO - Processing /home/airflow/.local/lib/python3.12/site-packages/airflow/example_dags/example_skip_dag.py took 0.043 seconds
[2024-08-24T11:27:11.925+0000] {processor.py:186} INFO - Started process (PID=848) to work on /home/airflow/.local/lib/python3.12/site-packages/airflow/example_dags/example_skip_dag.py
[2024-08-24T11:27:11.925+0000] {processor.py:914} INFO - Processing file /home/airflow/.local/lib/python3.12/site-packages/airflow/example_dags/example_skip_dag.py for tasks to queue
[2024-08-24T11:27:11.927+0000] {logging_mixin.py:190} INFO - [2024-08-24T11:27:11.926+0000] {dagbag.py:587} INFO - Filling up the DagBag from /home/airflow/.local/lib/python3.12/site-packages/airflow/example_dags/example_skip_dag.py
[2024-08-24T11:27:11.932+0000] {processor.py:925} INFO - DAG(s) 'example_skip_dag' retrieved from /home/airflow/.local/lib/python3.12/site-packages/airflow/example_dags/example_skip_dag.py
[2024-08-24T11:27:11.945+0000] {logging_mixin.py:190} INFO - [2024-08-24T11:27:11.945+0000] {dag.py:3211} INFO - Sync 1 DAGs
[2024-08-24T11:27:11.958+0000] {logging_mixin.py:190} INFO - [2024-08-24T11:27:11.958+0000] {dag.py:4138} INFO - Setting next_dagrun for example_skip_dag to 2024-08-23 00:00:00+00:00, run_after=2024-08-24 00:00:00+00:00
[2024-08-24T11:27:11.968+0000] {processor.py:208} INFO - Processing /home/airflow/.local/lib/python3.12/site-packages/airflow/example_dags/example_skip_dag.py took 0.047 seconds
[2024-08-24T11:27:42.240+0000] {processor.py:186} INFO - Started process (PID=910) to work on /home/airflow/.local/lib/python3.12/site-packages/airflow/example_dags/example_skip_dag.py
[2024-08-24T11:27:42.240+0000] {processor.py:914} INFO - Processing file /home/airflow/.local/lib/python3.12/site-packages/airflow/example_dags/example_skip_dag.py for tasks to queue
[2024-08-24T11:27:42.242+0000] {logging_mixin.py:190} INFO - [2024-08-24T11:27:42.241+0000] {dagbag.py:587} INFO - Filling up the DagBag from /home/airflow/.local/lib/python3.12/site-packages/airflow/example_dags/example_skip_dag.py
[2024-08-24T11:27:42.248+0000] {processor.py:925} INFO - DAG(s) 'example_skip_dag' retrieved from /home/airflow/.local/lib/python3.12/site-packages/airflow/example_dags/example_skip_dag.py
[2024-08-24T11:27:42.263+0000] {logging_mixin.py:190} INFO - [2024-08-24T11:27:42.263+0000] {dag.py:3211} INFO - Sync 1 DAGs
[2024-08-24T11:27:42.275+0000] {logging_mixin.py:190} INFO - [2024-08-24T11:27:42.275+0000] {dag.py:4138} INFO - Setting next_dagrun for example_skip_dag to 2024-08-23 00:00:00+00:00, run_after=2024-08-24 00:00:00+00:00
[2024-08-24T11:27:42.287+0000] {processor.py:208} INFO - Processing /home/airflow/.local/lib/python3.12/site-packages/airflow/example_dags/example_skip_dag.py took 0.052 seconds
[2024-08-24T11:28:13.187+0000] {processor.py:186} INFO - Started process (PID=972) to work on /home/airflow/.local/lib/python3.12/site-packages/airflow/example_dags/example_skip_dag.py
[2024-08-24T11:28:13.188+0000] {processor.py:914} INFO - Processing file /home/airflow/.local/lib/python3.12/site-packages/airflow/example_dags/example_skip_dag.py for tasks to queue
[2024-08-24T11:28:13.189+0000] {logging_mixin.py:190} INFO - [2024-08-24T11:28:13.189+0000] {dagbag.py:587} INFO - Filling up the DagBag from /home/airflow/.local/lib/python3.12/site-packages/airflow/example_dags/example_skip_dag.py
[2024-08-24T11:28:13.194+0000] {processor.py:925} INFO - DAG(s) 'example_skip_dag' retrieved from /home/airflow/.local/lib/python3.12/site-packages/airflow/example_dags/example_skip_dag.py
[2024-08-24T11:28:13.210+0000] {logging_mixin.py:190} INFO - [2024-08-24T11:28:13.209+0000] {dag.py:3211} INFO - Sync 1 DAGs
[2024-08-24T11:28:13.223+0000] {logging_mixin.py:190} INFO - [2024-08-24T11:28:13.223+0000] {dag.py:4138} INFO - Setting next_dagrun for example_skip_dag to 2024-08-23 00:00:00+00:00, run_after=2024-08-24 00:00:00+00:00
[2024-08-24T11:28:13.232+0000] {processor.py:208} INFO - Processing /home/airflow/.local/lib/python3.12/site-packages/airflow/example_dags/example_skip_dag.py took 0.049 seconds
[2024-08-24T11:28:44.252+0000] {processor.py:186} INFO - Started process (PID=1034) to work on /home/airflow/.local/lib/python3.12/site-packages/airflow/example_dags/example_skip_dag.py
[2024-08-24T11:28:44.253+0000] {processor.py:914} INFO - Processing file /home/airflow/.local/lib/python3.12/site-packages/airflow/example_dags/example_skip_dag.py for tasks to queue
[2024-08-24T11:28:44.255+0000] {logging_mixin.py:190} INFO - [2024-08-24T11:28:44.254+0000] {dagbag.py:587} INFO - Filling up the DagBag from /home/airflow/.local/lib/python3.12/site-packages/airflow/example_dags/example_skip_dag.py
[2024-08-24T11:28:44.260+0000] {processor.py:925} INFO - DAG(s) 'example_skip_dag' retrieved from /home/airflow/.local/lib/python3.12/site-packages/airflow/example_dags/example_skip_dag.py
[2024-08-24T11:28:44.270+0000] {logging_mixin.py:190} INFO - [2024-08-24T11:28:44.270+0000] {dag.py:3211} INFO - Sync 1 DAGs
[2024-08-24T11:28:44.282+0000] {logging_mixin.py:190} INFO - [2024-08-24T11:28:44.282+0000] {dag.py:4138} INFO - Setting next_dagrun for example_skip_dag to 2024-08-23 00:00:00+00:00, run_after=2024-08-24 00:00:00+00:00
[2024-08-24T11:28:44.290+0000] {processor.py:208} INFO - Processing /home/airflow/.local/lib/python3.12/site-packages/airflow/example_dags/example_skip_dag.py took 0.043 seconds
[2024-08-24T11:29:15.426+0000] {processor.py:186} INFO - Started process (PID=1096) to work on /home/airflow/.local/lib/python3.12/site-packages/airflow/example_dags/example_skip_dag.py
[2024-08-24T11:29:15.427+0000] {processor.py:914} INFO - Processing file /home/airflow/.local/lib/python3.12/site-packages/airflow/example_dags/example_skip_dag.py for tasks to queue
[2024-08-24T11:29:15.428+0000] {logging_mixin.py:190} INFO - [2024-08-24T11:29:15.428+0000] {dagbag.py:587} INFO - Filling up the DagBag from /home/airflow/.local/lib/python3.12/site-packages/airflow/example_dags/example_skip_dag.py
[2024-08-24T11:29:15.433+0000] {processor.py:925} INFO - DAG(s) 'example_skip_dag' retrieved from /home/airflow/.local/lib/python3.12/site-packages/airflow/example_dags/example_skip_dag.py
[2024-08-24T11:29:15.444+0000] {logging_mixin.py:190} INFO - [2024-08-24T11:29:15.444+0000] {dag.py:3211} INFO - Sync 1 DAGs
[2024-08-24T11:29:15.457+0000] {logging_mixin.py:190} INFO - [2024-08-24T11:29:15.456+0000] {dag.py:4138} INFO - Setting next_dagrun for example_skip_dag to 2024-08-23 00:00:00+00:00, run_after=2024-08-24 00:00:00+00:00
[2024-08-24T11:29:15.465+0000] {processor.py:208} INFO - Processing /home/airflow/.local/lib/python3.12/site-packages/airflow/example_dags/example_skip_dag.py took 0.042 seconds
[2024-08-24T11:29:45.559+0000] {processor.py:186} INFO - Started process (PID=1158) to work on /home/airflow/.local/lib/python3.12/site-packages/airflow/example_dags/example_skip_dag.py
[2024-08-24T11:29:45.560+0000] {processor.py:914} INFO - Processing file /home/airflow/.local/lib/python3.12/site-packages/airflow/example_dags/example_skip_dag.py for tasks to queue
[2024-08-24T11:29:45.562+0000] {logging_mixin.py:190} INFO - [2024-08-24T11:29:45.561+0000] {dagbag.py:587} INFO - Filling up the DagBag from /home/airflow/.local/lib/python3.12/site-packages/airflow/example_dags/example_skip_dag.py
[2024-08-24T11:29:45.566+0000] {processor.py:925} INFO - DAG(s) 'example_skip_dag' retrieved from /home/airflow/.local/lib/python3.12/site-packages/airflow/example_dags/example_skip_dag.py
[2024-08-24T11:29:45.577+0000] {logging_mixin.py:190} INFO - [2024-08-24T11:29:45.577+0000] {dag.py:3211} INFO - Sync 1 DAGs
[2024-08-24T11:29:45.590+0000] {logging_mixin.py:190} INFO - [2024-08-24T11:29:45.590+0000] {dag.py:4138} INFO - Setting next_dagrun for example_skip_dag to 2024-08-23 00:00:00+00:00, run_after=2024-08-24 00:00:00+00:00
[2024-08-24T11:29:45.598+0000] {processor.py:208} INFO - Processing /home/airflow/.local/lib/python3.12/site-packages/airflow/example_dags/example_skip_dag.py took 0.042 seconds
[2024-08-24T11:30:16.534+0000] {processor.py:186} INFO - Started process (PID=1220) to work on /home/airflow/.local/lib/python3.12/site-packages/airflow/example_dags/example_skip_dag.py
[2024-08-24T11:30:16.535+0000] {processor.py:914} INFO - Processing file /home/airflow/.local/lib/python3.12/site-packages/airflow/example_dags/example_skip_dag.py for tasks to queue
[2024-08-24T11:30:16.536+0000] {logging_mixin.py:190} INFO - [2024-08-24T11:30:16.536+0000] {dagbag.py:587} INFO - Filling up the DagBag from /home/airflow/.local/lib/python3.12/site-packages/airflow/example_dags/example_skip_dag.py
[2024-08-24T11:30:16.540+0000] {processor.py:925} INFO - DAG(s) 'example_skip_dag' retrieved from /home/airflow/.local/lib/python3.12/site-packages/airflow/example_dags/example_skip_dag.py
[2024-08-24T11:30:16.556+0000] {logging_mixin.py:190} INFO - [2024-08-24T11:30:16.555+0000] {dag.py:3211} INFO - Sync 1 DAGs
[2024-08-24T11:30:16.571+0000] {logging_mixin.py:190} INFO - [2024-08-24T11:30:16.571+0000] {dag.py:4138} INFO - Setting next_dagrun for example_skip_dag to 2024-08-23 00:00:00+00:00, run_after=2024-08-24 00:00:00+00:00
[2024-08-24T11:30:16.581+0000] {processor.py:208} INFO - Processing /home/airflow/.local/lib/python3.12/site-packages/airflow/example_dags/example_skip_dag.py took 0.050 seconds
[2024-08-24T11:30:47.586+0000] {processor.py:186} INFO - Started process (PID=1282) to work on /home/airflow/.local/lib/python3.12/site-packages/airflow/example_dags/example_skip_dag.py
[2024-08-24T11:30:47.587+0000] {processor.py:914} INFO - Processing file /home/airflow/.local/lib/python3.12/site-packages/airflow/example_dags/example_skip_dag.py for tasks to queue
[2024-08-24T11:30:47.588+0000] {logging_mixin.py:190} INFO - [2024-08-24T11:30:47.587+0000] {dagbag.py:587} INFO - Filling up the DagBag from /home/airflow/.local/lib/python3.12/site-packages/airflow/example_dags/example_skip_dag.py
[2024-08-24T11:30:47.592+0000] {processor.py:925} INFO - DAG(s) 'example_skip_dag' retrieved from /home/airflow/.local/lib/python3.12/site-packages/airflow/example_dags/example_skip_dag.py
[2024-08-24T11:30:47.604+0000] {logging_mixin.py:190} INFO - [2024-08-24T11:30:47.604+0000] {dag.py:3211} INFO - Sync 1 DAGs
[2024-08-24T11:30:47.618+0000] {logging_mixin.py:190} INFO - [2024-08-24T11:30:47.618+0000] {dag.py:4138} INFO - Setting next_dagrun for example_skip_dag to 2024-08-23 00:00:00+00:00, run_after=2024-08-24 00:00:00+00:00
[2024-08-24T11:30:47.634+0000] {processor.py:208} INFO - Processing /home/airflow/.local/lib/python3.12/site-packages/airflow/example_dags/example_skip_dag.py took 0.053 seconds
[2024-08-24T11:31:18.632+0000] {processor.py:186} INFO - Started process (PID=1344) to work on /home/airflow/.local/lib/python3.12/site-packages/airflow/example_dags/example_skip_dag.py
[2024-08-24T11:31:18.633+0000] {processor.py:914} INFO - Processing file /home/airflow/.local/lib/python3.12/site-packages/airflow/example_dags/example_skip_dag.py for tasks to queue
[2024-08-24T11:31:18.634+0000] {logging_mixin.py:190} INFO - [2024-08-24T11:31:18.634+0000] {dagbag.py:587} INFO - Filling up the DagBag from /home/airflow/.local/lib/python3.12/site-packages/airflow/example_dags/example_skip_dag.py
[2024-08-24T11:31:18.640+0000] {processor.py:925} INFO - DAG(s) 'example_skip_dag' retrieved from /home/airflow/.local/lib/python3.12/site-packages/airflow/example_dags/example_skip_dag.py
[2024-08-24T11:31:18.652+0000] {logging_mixin.py:190} INFO - [2024-08-24T11:31:18.652+0000] {dag.py:3211} INFO - Sync 1 DAGs
[2024-08-24T11:31:18.665+0000] {logging_mixin.py:190} INFO - [2024-08-24T11:31:18.665+0000] {dag.py:4138} INFO - Setting next_dagrun for example_skip_dag to 2024-08-23 00:00:00+00:00, run_after=2024-08-24 00:00:00+00:00
[2024-08-24T11:31:18.674+0000] {processor.py:208} INFO - Processing /home/airflow/.local/lib/python3.12/site-packages/airflow/example_dags/example_skip_dag.py took 0.046 seconds
[2024-08-24T11:31:49.757+0000] {processor.py:186} INFO - Started process (PID=1406) to work on /home/airflow/.local/lib/python3.12/site-packages/airflow/example_dags/example_skip_dag.py
[2024-08-24T11:31:49.758+0000] {processor.py:914} INFO - Processing file /home/airflow/.local/lib/python3.12/site-packages/airflow/example_dags/example_skip_dag.py for tasks to queue
[2024-08-24T11:31:49.759+0000] {logging_mixin.py:190} INFO - [2024-08-24T11:31:49.759+0000] {dagbag.py:587} INFO - Filling up the DagBag from /home/airflow/.local/lib/python3.12/site-packages/airflow/example_dags/example_skip_dag.py
[2024-08-24T11:31:49.763+0000] {processor.py:925} INFO - DAG(s) 'example_skip_dag' retrieved from /home/airflow/.local/lib/python3.12/site-packages/airflow/example_dags/example_skip_dag.py
[2024-08-24T11:31:49.773+0000] {logging_mixin.py:190} INFO - [2024-08-24T11:31:49.773+0000] {dag.py:3211} INFO - Sync 1 DAGs
[2024-08-24T11:31:49.786+0000] {logging_mixin.py:190} INFO - [2024-08-24T11:31:49.786+0000] {dag.py:4138} INFO - Setting next_dagrun for example_skip_dag to 2024-08-23 00:00:00+00:00, run_after=2024-08-24 00:00:00+00:00
[2024-08-24T11:31:49.794+0000] {processor.py:208} INFO - Processing /home/airflow/.local/lib/python3.12/site-packages/airflow/example_dags/example_skip_dag.py took 0.040 seconds
[2024-08-24T11:32:19.891+0000] {processor.py:186} INFO - Started process (PID=1468) to work on /home/airflow/.local/lib/python3.12/site-packages/airflow/example_dags/example_skip_dag.py
[2024-08-24T11:32:19.891+0000] {processor.py:914} INFO - Processing file /home/airflow/.local/lib/python3.12/site-packages/airflow/example_dags/example_skip_dag.py for tasks to queue
[2024-08-24T11:32:19.893+0000] {logging_mixin.py:190} INFO - [2024-08-24T11:32:19.893+0000] {dagbag.py:587} INFO - Filling up the DagBag from /home/airflow/.local/lib/python3.12/site-packages/airflow/example_dags/example_skip_dag.py
[2024-08-24T11:32:19.897+0000] {processor.py:925} INFO - DAG(s) 'example_skip_dag' retrieved from /home/airflow/.local/lib/python3.12/site-packages/airflow/example_dags/example_skip_dag.py
[2024-08-24T11:32:19.911+0000] {logging_mixin.py:190} INFO - [2024-08-24T11:32:19.911+0000] {dag.py:3211} INFO - Sync 1 DAGs
[2024-08-24T11:32:19.929+0000] {logging_mixin.py:190} INFO - [2024-08-24T11:32:19.929+0000] {dag.py:4138} INFO - Setting next_dagrun for example_skip_dag to 2024-08-23 00:00:00+00:00, run_after=2024-08-24 00:00:00+00:00
[2024-08-24T11:32:19.943+0000] {processor.py:208} INFO - Processing /home/airflow/.local/lib/python3.12/site-packages/airflow/example_dags/example_skip_dag.py took 0.057 seconds
[2024-08-24T11:32:50.133+0000] {processor.py:186} INFO - Started process (PID=1530) to work on /home/airflow/.local/lib/python3.12/site-packages/airflow/example_dags/example_skip_dag.py
[2024-08-24T11:32:50.133+0000] {processor.py:914} INFO - Processing file /home/airflow/.local/lib/python3.12/site-packages/airflow/example_dags/example_skip_dag.py for tasks to queue
[2024-08-24T11:32:50.135+0000] {logging_mixin.py:190} INFO - [2024-08-24T11:32:50.135+0000] {dagbag.py:587} INFO - Filling up the DagBag from /home/airflow/.local/lib/python3.12/site-packages/airflow/example_dags/example_skip_dag.py
[2024-08-24T11:32:50.139+0000] {processor.py:925} INFO - DAG(s) 'example_skip_dag' retrieved from /home/airflow/.local/lib/python3.12/site-packages/airflow/example_dags/example_skip_dag.py
[2024-08-24T11:32:50.153+0000] {logging_mixin.py:190} INFO - [2024-08-24T11:32:50.153+0000] {dag.py:3211} INFO - Sync 1 DAGs
[2024-08-24T11:32:50.173+0000] {logging_mixin.py:190} INFO - [2024-08-24T11:32:50.173+0000] {dag.py:4138} INFO - Setting next_dagrun for example_skip_dag to 2024-08-23 00:00:00+00:00, run_after=2024-08-24 00:00:00+00:00
[2024-08-24T11:32:50.186+0000] {processor.py:208} INFO - Processing /home/airflow/.local/lib/python3.12/site-packages/airflow/example_dags/example_skip_dag.py took 0.058 seconds
[2024-08-24T11:33:20.291+0000] {processor.py:186} INFO - Started process (PID=1592) to work on /home/airflow/.local/lib/python3.12/site-packages/airflow/example_dags/example_skip_dag.py
[2024-08-24T11:33:20.292+0000] {processor.py:914} INFO - Processing file /home/airflow/.local/lib/python3.12/site-packages/airflow/example_dags/example_skip_dag.py for tasks to queue
[2024-08-24T11:33:20.293+0000] {logging_mixin.py:190} INFO - [2024-08-24T11:33:20.292+0000] {dagbag.py:587} INFO - Filling up the DagBag from /home/airflow/.local/lib/python3.12/site-packages/airflow/example_dags/example_skip_dag.py
[2024-08-24T11:33:20.297+0000] {processor.py:925} INFO - DAG(s) 'example_skip_dag' retrieved from /home/airflow/.local/lib/python3.12/site-packages/airflow/example_dags/example_skip_dag.py
[2024-08-24T11:33:20.311+0000] {logging_mixin.py:190} INFO - [2024-08-24T11:33:20.310+0000] {dag.py:3211} INFO - Sync 1 DAGs
[2024-08-24T11:33:20.327+0000] {logging_mixin.py:190} INFO - [2024-08-24T11:33:20.327+0000] {dag.py:4138} INFO - Setting next_dagrun for example_skip_dag to 2024-08-23 00:00:00+00:00, run_after=2024-08-24 00:00:00+00:00
[2024-08-24T11:33:20.341+0000] {processor.py:208} INFO - Processing /home/airflow/.local/lib/python3.12/site-packages/airflow/example_dags/example_skip_dag.py took 0.053 seconds
[2024-08-24T11:33:50.581+0000] {processor.py:186} INFO - Started process (PID=1654) to work on /home/airflow/.local/lib/python3.12/site-packages/airflow/example_dags/example_skip_dag.py
[2024-08-24T11:33:50.582+0000] {processor.py:914} INFO - Processing file /home/airflow/.local/lib/python3.12/site-packages/airflow/example_dags/example_skip_dag.py for tasks to queue
[2024-08-24T11:33:50.584+0000] {logging_mixin.py:190} INFO - [2024-08-24T11:33:50.583+0000] {dagbag.py:587} INFO - Filling up the DagBag from /home/airflow/.local/lib/python3.12/site-packages/airflow/example_dags/example_skip_dag.py
[2024-08-24T11:33:50.589+0000] {processor.py:925} INFO - DAG(s) 'example_skip_dag' retrieved from /home/airflow/.local/lib/python3.12/site-packages/airflow/example_dags/example_skip_dag.py
[2024-08-24T11:33:50.601+0000] {logging_mixin.py:190} INFO - [2024-08-24T11:33:50.601+0000] {dag.py:3211} INFO - Sync 1 DAGs
[2024-08-24T11:33:50.614+0000] {logging_mixin.py:190} INFO - [2024-08-24T11:33:50.614+0000] {dag.py:4138} INFO - Setting next_dagrun for example_skip_dag to 2024-08-23 00:00:00+00:00, run_after=2024-08-24 00:00:00+00:00
[2024-08-24T11:33:50.623+0000] {processor.py:208} INFO - Processing /home/airflow/.local/lib/python3.12/site-packages/airflow/example_dags/example_skip_dag.py took 0.046 seconds
[2024-08-24T11:34:20.840+0000] {processor.py:186} INFO - Started process (PID=1716) to work on /home/airflow/.local/lib/python3.12/site-packages/airflow/example_dags/example_skip_dag.py
[2024-08-24T11:34:20.841+0000] {processor.py:914} INFO - Processing file /home/airflow/.local/lib/python3.12/site-packages/airflow/example_dags/example_skip_dag.py for tasks to queue
[2024-08-24T11:34:20.842+0000] {logging_mixin.py:190} INFO - [2024-08-24T11:34:20.842+0000] {dagbag.py:587} INFO - Filling up the DagBag from /home/airflow/.local/lib/python3.12/site-packages/airflow/example_dags/example_skip_dag.py
[2024-08-24T11:34:20.846+0000] {processor.py:925} INFO - DAG(s) 'example_skip_dag' retrieved from /home/airflow/.local/lib/python3.12/site-packages/airflow/example_dags/example_skip_dag.py
[2024-08-24T11:34:20.859+0000] {logging_mixin.py:190} INFO - [2024-08-24T11:34:20.859+0000] {dag.py:3211} INFO - Sync 1 DAGs
[2024-08-24T11:34:20.877+0000] {logging_mixin.py:190} INFO - [2024-08-24T11:34:20.877+0000] {dag.py:4138} INFO - Setting next_dagrun for example_skip_dag to 2024-08-23 00:00:00+00:00, run_after=2024-08-24 00:00:00+00:00
[2024-08-24T11:34:20.890+0000] {processor.py:208} INFO - Processing /home/airflow/.local/lib/python3.12/site-packages/airflow/example_dags/example_skip_dag.py took 0.053 seconds
[2024-08-24T11:34:51.125+0000] {processor.py:186} INFO - Started process (PID=1778) to work on /home/airflow/.local/lib/python3.12/site-packages/airflow/example_dags/example_skip_dag.py
[2024-08-24T11:34:51.126+0000] {processor.py:914} INFO - Processing file /home/airflow/.local/lib/python3.12/site-packages/airflow/example_dags/example_skip_dag.py for tasks to queue
[2024-08-24T11:34:51.127+0000] {logging_mixin.py:190} INFO - [2024-08-24T11:34:51.127+0000] {dagbag.py:587} INFO - Filling up the DagBag from /home/airflow/.local/lib/python3.12/site-packages/airflow/example_dags/example_skip_dag.py
[2024-08-24T11:34:51.131+0000] {processor.py:925} INFO - DAG(s) 'example_skip_dag' retrieved from /home/airflow/.local/lib/python3.12/site-packages/airflow/example_dags/example_skip_dag.py
[2024-08-24T11:34:51.144+0000] {logging_mixin.py:190} INFO - [2024-08-24T11:34:51.143+0000] {dag.py:3211} INFO - Sync 1 DAGs
[2024-08-24T11:34:51.157+0000] {logging_mixin.py:190} INFO - [2024-08-24T11:34:51.157+0000] {dag.py:4138} INFO - Setting next_dagrun for example_skip_dag to 2024-08-23 00:00:00+00:00, run_after=2024-08-24 00:00:00+00:00
[2024-08-24T11:34:51.168+0000] {processor.py:208} INFO - Processing /home/airflow/.local/lib/python3.12/site-packages/airflow/example_dags/example_skip_dag.py took 0.046 seconds
[2024-08-24T11:35:21.284+0000] {processor.py:186} INFO - Started process (PID=1840) to work on /home/airflow/.local/lib/python3.12/site-packages/airflow/example_dags/example_skip_dag.py
[2024-08-24T11:35:21.285+0000] {processor.py:914} INFO - Processing file /home/airflow/.local/lib/python3.12/site-packages/airflow/example_dags/example_skip_dag.py for tasks to queue
[2024-08-24T11:35:21.286+0000] {logging_mixin.py:190} INFO - [2024-08-24T11:35:21.286+0000] {dagbag.py:587} INFO - Filling up the DagBag from /home/airflow/.local/lib/python3.12/site-packages/airflow/example_dags/example_skip_dag.py
[2024-08-24T11:35:21.290+0000] {processor.py:925} INFO - DAG(s) 'example_skip_dag' retrieved from /home/airflow/.local/lib/python3.12/site-packages/airflow/example_dags/example_skip_dag.py
[2024-08-24T11:35:21.304+0000] {logging_mixin.py:190} INFO - [2024-08-24T11:35:21.303+0000] {dag.py:3211} INFO - Sync 1 DAGs
[2024-08-24T11:35:21.321+0000] {logging_mixin.py:190} INFO - [2024-08-24T11:35:21.320+0000] {dag.py:4138} INFO - Setting next_dagrun for example_skip_dag to 2024-08-23 00:00:00+00:00, run_after=2024-08-24 00:00:00+00:00
[2024-08-24T11:35:21.333+0000] {processor.py:208} INFO - Processing /home/airflow/.local/lib/python3.12/site-packages/airflow/example_dags/example_skip_dag.py took 0.054 seconds
[2024-08-24T11:35:51.606+0000] {processor.py:186} INFO - Started process (PID=1902) to work on /home/airflow/.local/lib/python3.12/site-packages/airflow/example_dags/example_skip_dag.py
[2024-08-24T11:35:51.607+0000] {processor.py:914} INFO - Processing file /home/airflow/.local/lib/python3.12/site-packages/airflow/example_dags/example_skip_dag.py for tasks to queue
[2024-08-24T11:35:51.608+0000] {logging_mixin.py:190} INFO - [2024-08-24T11:35:51.608+0000] {dagbag.py:587} INFO - Filling up the DagBag from /home/airflow/.local/lib/python3.12/site-packages/airflow/example_dags/example_skip_dag.py
[2024-08-24T11:35:51.612+0000] {processor.py:925} INFO - DAG(s) 'example_skip_dag' retrieved from /home/airflow/.local/lib/python3.12/site-packages/airflow/example_dags/example_skip_dag.py
[2024-08-24T11:35:51.623+0000] {logging_mixin.py:190} INFO - [2024-08-24T11:35:51.623+0000] {dag.py:3211} INFO - Sync 1 DAGs
[2024-08-24T11:35:51.635+0000] {logging_mixin.py:190} INFO - [2024-08-24T11:35:51.635+0000] {dag.py:4138} INFO - Setting next_dagrun for example_skip_dag to 2024-08-23 00:00:00+00:00, run_after=2024-08-24 00:00:00+00:00
[2024-08-24T11:35:51.644+0000] {processor.py:208} INFO - Processing /home/airflow/.local/lib/python3.12/site-packages/airflow/example_dags/example_skip_dag.py took 0.040 seconds
[2024-08-24T11:36:22.075+0000] {processor.py:186} INFO - Started process (PID=1964) to work on /home/airflow/.local/lib/python3.12/site-packages/airflow/example_dags/example_skip_dag.py
[2024-08-24T11:36:22.076+0000] {processor.py:914} INFO - Processing file /home/airflow/.local/lib/python3.12/site-packages/airflow/example_dags/example_skip_dag.py for tasks to queue
[2024-08-24T11:36:22.077+0000] {logging_mixin.py:190} INFO - [2024-08-24T11:36:22.077+0000] {dagbag.py:587} INFO - Filling up the DagBag from /home/airflow/.local/lib/python3.12/site-packages/airflow/example_dags/example_skip_dag.py
[2024-08-24T11:36:22.081+0000] {processor.py:925} INFO - DAG(s) 'example_skip_dag' retrieved from /home/airflow/.local/lib/python3.12/site-packages/airflow/example_dags/example_skip_dag.py
[2024-08-24T11:36:22.091+0000] {logging_mixin.py:190} INFO - [2024-08-24T11:36:22.091+0000] {dag.py:3211} INFO - Sync 1 DAGs
[2024-08-24T11:36:22.103+0000] {logging_mixin.py:190} INFO - [2024-08-24T11:36:22.103+0000] {dag.py:4138} INFO - Setting next_dagrun for example_skip_dag to 2024-08-23 00:00:00+00:00, run_after=2024-08-24 00:00:00+00:00
[2024-08-24T11:36:22.111+0000] {processor.py:208} INFO - Processing /home/airflow/.local/lib/python3.12/site-packages/airflow/example_dags/example_skip_dag.py took 0.040 seconds
[2024-08-24T11:36:52.267+0000] {processor.py:186} INFO - Started process (PID=2026) to work on /home/airflow/.local/lib/python3.12/site-packages/airflow/example_dags/example_skip_dag.py
[2024-08-24T11:36:52.268+0000] {processor.py:914} INFO - Processing file /home/airflow/.local/lib/python3.12/site-packages/airflow/example_dags/example_skip_dag.py for tasks to queue
[2024-08-24T11:36:52.269+0000] {logging_mixin.py:190} INFO - [2024-08-24T11:36:52.268+0000] {dagbag.py:587} INFO - Filling up the DagBag from /home/airflow/.local/lib/python3.12/site-packages/airflow/example_dags/example_skip_dag.py
[2024-08-24T11:36:52.273+0000] {processor.py:925} INFO - DAG(s) 'example_skip_dag' retrieved from /home/airflow/.local/lib/python3.12/site-packages/airflow/example_dags/example_skip_dag.py
[2024-08-24T11:36:52.286+0000] {logging_mixin.py:190} INFO - [2024-08-24T11:36:52.285+0000] {dag.py:3211} INFO - Sync 1 DAGs
[2024-08-24T11:36:52.305+0000] {logging_mixin.py:190} INFO - [2024-08-24T11:36:52.305+0000] {dag.py:4138} INFO - Setting next_dagrun for example_skip_dag to 2024-08-23 00:00:00+00:00, run_after=2024-08-24 00:00:00+00:00
[2024-08-24T11:36:52.319+0000] {processor.py:208} INFO - Processing /home/airflow/.local/lib/python3.12/site-packages/airflow/example_dags/example_skip_dag.py took 0.056 seconds
[2024-08-24T11:37:22.635+0000] {processor.py:186} INFO - Started process (PID=2088) to work on /home/airflow/.local/lib/python3.12/site-packages/airflow/example_dags/example_skip_dag.py
[2024-08-24T11:37:22.636+0000] {processor.py:914} INFO - Processing file /home/airflow/.local/lib/python3.12/site-packages/airflow/example_dags/example_skip_dag.py for tasks to queue
[2024-08-24T11:37:22.637+0000] {logging_mixin.py:190} INFO - [2024-08-24T11:37:22.637+0000] {dagbag.py:587} INFO - Filling up the DagBag from /home/airflow/.local/lib/python3.12/site-packages/airflow/example_dags/example_skip_dag.py
[2024-08-24T11:37:22.641+0000] {processor.py:925} INFO - DAG(s) 'example_skip_dag' retrieved from /home/airflow/.local/lib/python3.12/site-packages/airflow/example_dags/example_skip_dag.py
[2024-08-24T11:37:22.653+0000] {logging_mixin.py:190} INFO - [2024-08-24T11:37:22.652+0000] {dag.py:3211} INFO - Sync 1 DAGs
[2024-08-24T11:37:22.668+0000] {logging_mixin.py:190} INFO - [2024-08-24T11:37:22.668+0000] {dag.py:4138} INFO - Setting next_dagrun for example_skip_dag to 2024-08-23 00:00:00+00:00, run_after=2024-08-24 00:00:00+00:00
[2024-08-24T11:37:22.683+0000] {processor.py:208} INFO - Processing /home/airflow/.local/lib/python3.12/site-packages/airflow/example_dags/example_skip_dag.py took 0.051 seconds
[2024-08-24T11:37:53.295+0000] {processor.py:186} INFO - Started process (PID=2151) to work on /home/airflow/.local/lib/python3.12/site-packages/airflow/example_dags/example_skip_dag.py
[2024-08-24T11:37:53.296+0000] {processor.py:914} INFO - Processing file /home/airflow/.local/lib/python3.12/site-packages/airflow/example_dags/example_skip_dag.py for tasks to queue
[2024-08-24T11:37:53.297+0000] {logging_mixin.py:190} INFO - [2024-08-24T11:37:53.297+0000] {dagbag.py:587} INFO - Filling up the DagBag from /home/airflow/.local/lib/python3.12/site-packages/airflow/example_dags/example_skip_dag.py
[2024-08-24T11:37:53.301+0000] {processor.py:925} INFO - DAG(s) 'example_skip_dag' retrieved from /home/airflow/.local/lib/python3.12/site-packages/airflow/example_dags/example_skip_dag.py
[2024-08-24T11:37:53.321+0000] {logging_mixin.py:190} INFO - [2024-08-24T11:37:53.321+0000] {dag.py:3211} INFO - Sync 1 DAGs
[2024-08-24T11:37:53.338+0000] {logging_mixin.py:190} INFO - [2024-08-24T11:37:53.338+0000] {dag.py:4138} INFO - Setting next_dagrun for example_skip_dag to 2024-08-23 00:00:00+00:00, run_after=2024-08-24 00:00:00+00:00
[2024-08-24T11:37:53.355+0000] {processor.py:208} INFO - Processing /home/airflow/.local/lib/python3.12/site-packages/airflow/example_dags/example_skip_dag.py took 0.064 seconds
[2024-08-24T11:38:23.779+0000] {processor.py:186} INFO - Started process (PID=2213) to work on /home/airflow/.local/lib/python3.12/site-packages/airflow/example_dags/example_skip_dag.py
[2024-08-24T11:38:23.780+0000] {processor.py:914} INFO - Processing file /home/airflow/.local/lib/python3.12/site-packages/airflow/example_dags/example_skip_dag.py for tasks to queue
[2024-08-24T11:38:23.782+0000] {logging_mixin.py:190} INFO - [2024-08-24T11:38:23.781+0000] {dagbag.py:587} INFO - Filling up the DagBag from /home/airflow/.local/lib/python3.12/site-packages/airflow/example_dags/example_skip_dag.py
[2024-08-24T11:38:23.787+0000] {processor.py:925} INFO - DAG(s) 'example_skip_dag' retrieved from /home/airflow/.local/lib/python3.12/site-packages/airflow/example_dags/example_skip_dag.py
[2024-08-24T11:38:23.798+0000] {logging_mixin.py:190} INFO - [2024-08-24T11:38:23.798+0000] {dag.py:3211} INFO - Sync 1 DAGs
[2024-08-24T11:38:23.810+0000] {logging_mixin.py:190} INFO - [2024-08-24T11:38:23.810+0000] {dag.py:4138} INFO - Setting next_dagrun for example_skip_dag to 2024-08-23 00:00:00+00:00, run_after=2024-08-24 00:00:00+00:00
[2024-08-24T11:38:23.820+0000] {processor.py:208} INFO - Processing /home/airflow/.local/lib/python3.12/site-packages/airflow/example_dags/example_skip_dag.py took 0.046 seconds
[2024-08-24T11:38:54.235+0000] {processor.py:186} INFO - Started process (PID=2274) to work on /home/airflow/.local/lib/python3.12/site-packages/airflow/example_dags/example_skip_dag.py
[2024-08-24T11:38:54.236+0000] {processor.py:914} INFO - Processing file /home/airflow/.local/lib/python3.12/site-packages/airflow/example_dags/example_skip_dag.py for tasks to queue
[2024-08-24T11:38:54.237+0000] {logging_mixin.py:190} INFO - [2024-08-24T11:38:54.236+0000] {dagbag.py:587} INFO - Filling up the DagBag from /home/airflow/.local/lib/python3.12/site-packages/airflow/example_dags/example_skip_dag.py
[2024-08-24T11:38:54.241+0000] {processor.py:925} INFO - DAG(s) 'example_skip_dag' retrieved from /home/airflow/.local/lib/python3.12/site-packages/airflow/example_dags/example_skip_dag.py
[2024-08-24T11:38:54.253+0000] {logging_mixin.py:190} INFO - [2024-08-24T11:38:54.253+0000] {dag.py:3211} INFO - Sync 1 DAGs
[2024-08-24T11:38:54.265+0000] {logging_mixin.py:190} INFO - [2024-08-24T11:38:54.265+0000] {dag.py:4138} INFO - Setting next_dagrun for example_skip_dag to 2024-08-23 00:00:00+00:00, run_after=2024-08-24 00:00:00+00:00
[2024-08-24T11:38:54.273+0000] {processor.py:208} INFO - Processing /home/airflow/.local/lib/python3.12/site-packages/airflow/example_dags/example_skip_dag.py took 0.042 seconds
[2024-08-24T11:39:25.001+0000] {processor.py:186} INFO - Started process (PID=2336) to work on /home/airflow/.local/lib/python3.12/site-packages/airflow/example_dags/example_skip_dag.py
[2024-08-24T11:39:25.002+0000] {processor.py:914} INFO - Processing file /home/airflow/.local/lib/python3.12/site-packages/airflow/example_dags/example_skip_dag.py for tasks to queue
[2024-08-24T11:39:25.004+0000] {logging_mixin.py:190} INFO - [2024-08-24T11:39:25.003+0000] {dagbag.py:587} INFO - Filling up the DagBag from /home/airflow/.local/lib/python3.12/site-packages/airflow/example_dags/example_skip_dag.py
[2024-08-24T11:39:25.010+0000] {processor.py:925} INFO - DAG(s) 'example_skip_dag' retrieved from /home/airflow/.local/lib/python3.12/site-packages/airflow/example_dags/example_skip_dag.py
[2024-08-24T11:39:25.020+0000] {logging_mixin.py:190} INFO - [2024-08-24T11:39:25.020+0000] {dag.py:3211} INFO - Sync 1 DAGs
[2024-08-24T11:39:25.032+0000] {logging_mixin.py:190} INFO - [2024-08-24T11:39:25.032+0000] {dag.py:4138} INFO - Setting next_dagrun for example_skip_dag to 2024-08-23 00:00:00+00:00, run_after=2024-08-24 00:00:00+00:00
[2024-08-24T11:39:25.040+0000] {processor.py:208} INFO - Processing /home/airflow/.local/lib/python3.12/site-packages/airflow/example_dags/example_skip_dag.py took 0.046 seconds
[2024-08-24T11:39:55.426+0000] {processor.py:186} INFO - Started process (PID=2398) to work on /home/airflow/.local/lib/python3.12/site-packages/airflow/example_dags/example_skip_dag.py
[2024-08-24T11:39:55.426+0000] {processor.py:914} INFO - Processing file /home/airflow/.local/lib/python3.12/site-packages/airflow/example_dags/example_skip_dag.py for tasks to queue
[2024-08-24T11:39:55.427+0000] {logging_mixin.py:190} INFO - [2024-08-24T11:39:55.427+0000] {dagbag.py:587} INFO - Filling up the DagBag from /home/airflow/.local/lib/python3.12/site-packages/airflow/example_dags/example_skip_dag.py
[2024-08-24T11:39:55.431+0000] {processor.py:925} INFO - DAG(s) 'example_skip_dag' retrieved from /home/airflow/.local/lib/python3.12/site-packages/airflow/example_dags/example_skip_dag.py
[2024-08-24T11:39:55.442+0000] {logging_mixin.py:190} INFO - [2024-08-24T11:39:55.442+0000] {dag.py:3211} INFO - Sync 1 DAGs
[2024-08-24T11:39:55.454+0000] {logging_mixin.py:190} INFO - [2024-08-24T11:39:55.454+0000] {dag.py:4138} INFO - Setting next_dagrun for example_skip_dag to 2024-08-23 00:00:00+00:00, run_after=2024-08-24 00:00:00+00:00
[2024-08-24T11:39:55.462+0000] {processor.py:208} INFO - Processing /home/airflow/.local/lib/python3.12/site-packages/airflow/example_dags/example_skip_dag.py took 0.039 seconds
[2024-08-24T11:40:26.042+0000] {processor.py:186} INFO - Started process (PID=2460) to work on /home/airflow/.local/lib/python3.12/site-packages/airflow/example_dags/example_skip_dag.py
[2024-08-24T11:40:26.042+0000] {processor.py:914} INFO - Processing file /home/airflow/.local/lib/python3.12/site-packages/airflow/example_dags/example_skip_dag.py for tasks to queue
[2024-08-24T11:40:26.044+0000] {logging_mixin.py:190} INFO - [2024-08-24T11:40:26.044+0000] {dagbag.py:587} INFO - Filling up the DagBag from /home/airflow/.local/lib/python3.12/site-packages/airflow/example_dags/example_skip_dag.py
[2024-08-24T11:40:26.049+0000] {processor.py:925} INFO - DAG(s) 'example_skip_dag' retrieved from /home/airflow/.local/lib/python3.12/site-packages/airflow/example_dags/example_skip_dag.py
[2024-08-24T11:40:26.065+0000] {logging_mixin.py:190} INFO - [2024-08-24T11:40:26.065+0000] {dag.py:3211} INFO - Sync 1 DAGs
[2024-08-24T11:40:26.080+0000] {logging_mixin.py:190} INFO - [2024-08-24T11:40:26.080+0000] {dag.py:4138} INFO - Setting next_dagrun for example_skip_dag to 2024-08-23 00:00:00+00:00, run_after=2024-08-24 00:00:00+00:00
[2024-08-24T11:40:26.089+0000] {processor.py:208} INFO - Processing /home/airflow/.local/lib/python3.12/site-packages/airflow/example_dags/example_skip_dag.py took 0.051 seconds
[2024-08-24T11:40:56.610+0000] {processor.py:186} INFO - Started process (PID=2522) to work on /home/airflow/.local/lib/python3.12/site-packages/airflow/example_dags/example_skip_dag.py
[2024-08-24T11:40:56.611+0000] {processor.py:914} INFO - Processing file /home/airflow/.local/lib/python3.12/site-packages/airflow/example_dags/example_skip_dag.py for tasks to queue
[2024-08-24T11:40:56.612+0000] {logging_mixin.py:190} INFO - [2024-08-24T11:40:56.612+0000] {dagbag.py:587} INFO - Filling up the DagBag from /home/airflow/.local/lib/python3.12/site-packages/airflow/example_dags/example_skip_dag.py
[2024-08-24T11:40:56.616+0000] {processor.py:925} INFO - DAG(s) 'example_skip_dag' retrieved from /home/airflow/.local/lib/python3.12/site-packages/airflow/example_dags/example_skip_dag.py
[2024-08-24T11:40:56.631+0000] {logging_mixin.py:190} INFO - [2024-08-24T11:40:56.631+0000] {dag.py:3211} INFO - Sync 1 DAGs
[2024-08-24T11:40:56.650+0000] {logging_mixin.py:190} INFO - [2024-08-24T11:40:56.650+0000] {dag.py:4138} INFO - Setting next_dagrun for example_skip_dag to 2024-08-23 00:00:00+00:00, run_after=2024-08-24 00:00:00+00:00
[2024-08-24T11:40:56.660+0000] {processor.py:208} INFO - Processing /home/airflow/.local/lib/python3.12/site-packages/airflow/example_dags/example_skip_dag.py took 0.053 seconds
[2024-08-24T11:41:27.200+0000] {processor.py:186} INFO - Started process (PID=2584) to work on /home/airflow/.local/lib/python3.12/site-packages/airflow/example_dags/example_skip_dag.py
[2024-08-24T11:41:27.200+0000] {processor.py:914} INFO - Processing file /home/airflow/.local/lib/python3.12/site-packages/airflow/example_dags/example_skip_dag.py for tasks to queue
[2024-08-24T11:41:27.202+0000] {logging_mixin.py:190} INFO - [2024-08-24T11:41:27.202+0000] {dagbag.py:587} INFO - Filling up the DagBag from /home/airflow/.local/lib/python3.12/site-packages/airflow/example_dags/example_skip_dag.py
[2024-08-24T11:41:27.207+0000] {processor.py:925} INFO - DAG(s) 'example_skip_dag' retrieved from /home/airflow/.local/lib/python3.12/site-packages/airflow/example_dags/example_skip_dag.py
[2024-08-24T11:41:27.219+0000] {logging_mixin.py:190} INFO - [2024-08-24T11:41:27.219+0000] {dag.py:3211} INFO - Sync 1 DAGs
[2024-08-24T11:41:27.231+0000] {logging_mixin.py:190} INFO - [2024-08-24T11:41:27.230+0000] {dag.py:4138} INFO - Setting next_dagrun for example_skip_dag to 2024-08-23 00:00:00+00:00, run_after=2024-08-24 00:00:00+00:00
[2024-08-24T11:41:27.239+0000] {processor.py:208} INFO - Processing /home/airflow/.local/lib/python3.12/site-packages/airflow/example_dags/example_skip_dag.py took 0.044 seconds
[2024-08-24T11:41:57.653+0000] {processor.py:186} INFO - Started process (PID=2646) to work on /home/airflow/.local/lib/python3.12/site-packages/airflow/example_dags/example_skip_dag.py
[2024-08-24T11:41:57.654+0000] {processor.py:914} INFO - Processing file /home/airflow/.local/lib/python3.12/site-packages/airflow/example_dags/example_skip_dag.py for tasks to queue
[2024-08-24T11:41:57.655+0000] {logging_mixin.py:190} INFO - [2024-08-24T11:41:57.655+0000] {dagbag.py:587} INFO - Filling up the DagBag from /home/airflow/.local/lib/python3.12/site-packages/airflow/example_dags/example_skip_dag.py
[2024-08-24T11:41:57.659+0000] {processor.py:925} INFO - DAG(s) 'example_skip_dag' retrieved from /home/airflow/.local/lib/python3.12/site-packages/airflow/example_dags/example_skip_dag.py
[2024-08-24T11:41:57.674+0000] {logging_mixin.py:190} INFO - [2024-08-24T11:41:57.674+0000] {dag.py:3211} INFO - Sync 1 DAGs
[2024-08-24T11:41:57.690+0000] {logging_mixin.py:190} INFO - [2024-08-24T11:41:57.690+0000] {dag.py:4138} INFO - Setting next_dagrun for example_skip_dag to 2024-08-23 00:00:00+00:00, run_after=2024-08-24 00:00:00+00:00
[2024-08-24T11:41:57.705+0000] {processor.py:208} INFO - Processing /home/airflow/.local/lib/python3.12/site-packages/airflow/example_dags/example_skip_dag.py took 0.055 seconds
[2024-08-24T11:42:28.150+0000] {processor.py:186} INFO - Started process (PID=2708) to work on /home/airflow/.local/lib/python3.12/site-packages/airflow/example_dags/example_skip_dag.py
[2024-08-24T11:42:28.150+0000] {processor.py:914} INFO - Processing file /home/airflow/.local/lib/python3.12/site-packages/airflow/example_dags/example_skip_dag.py for tasks to queue
[2024-08-24T11:42:28.151+0000] {logging_mixin.py:190} INFO - [2024-08-24T11:42:28.151+0000] {dagbag.py:587} INFO - Filling up the DagBag from /home/airflow/.local/lib/python3.12/site-packages/airflow/example_dags/example_skip_dag.py
[2024-08-24T11:42:28.155+0000] {processor.py:925} INFO - DAG(s) 'example_skip_dag' retrieved from /home/airflow/.local/lib/python3.12/site-packages/airflow/example_dags/example_skip_dag.py
[2024-08-24T11:42:28.166+0000] {logging_mixin.py:190} INFO - [2024-08-24T11:42:28.166+0000] {dag.py:3211} INFO - Sync 1 DAGs
[2024-08-24T11:42:28.181+0000] {logging_mixin.py:190} INFO - [2024-08-24T11:42:28.180+0000] {dag.py:4138} INFO - Setting next_dagrun for example_skip_dag to 2024-08-23 00:00:00+00:00, run_after=2024-08-24 00:00:00+00:00
[2024-08-24T11:42:28.190+0000] {processor.py:208} INFO - Processing /home/airflow/.local/lib/python3.12/site-packages/airflow/example_dags/example_skip_dag.py took 0.044 seconds
[2024-08-24T11:42:58.555+0000] {processor.py:186} INFO - Started process (PID=2770) to work on /home/airflow/.local/lib/python3.12/site-packages/airflow/example_dags/example_skip_dag.py
[2024-08-24T11:42:58.556+0000] {processor.py:914} INFO - Processing file /home/airflow/.local/lib/python3.12/site-packages/airflow/example_dags/example_skip_dag.py for tasks to queue
[2024-08-24T11:42:58.557+0000] {logging_mixin.py:190} INFO - [2024-08-24T11:42:58.556+0000] {dagbag.py:587} INFO - Filling up the DagBag from /home/airflow/.local/lib/python3.12/site-packages/airflow/example_dags/example_skip_dag.py
[2024-08-24T11:42:58.560+0000] {processor.py:925} INFO - DAG(s) 'example_skip_dag' retrieved from /home/airflow/.local/lib/python3.12/site-packages/airflow/example_dags/example_skip_dag.py
[2024-08-24T11:42:58.575+0000] {logging_mixin.py:190} INFO - [2024-08-24T11:42:58.575+0000] {dag.py:3211} INFO - Sync 1 DAGs
[2024-08-24T11:42:58.593+0000] {logging_mixin.py:190} INFO - [2024-08-24T11:42:58.592+0000] {dag.py:4138} INFO - Setting next_dagrun for example_skip_dag to 2024-08-23 00:00:00+00:00, run_after=2024-08-24 00:00:00+00:00
[2024-08-24T11:42:58.608+0000] {processor.py:208} INFO - Processing /home/airflow/.local/lib/python3.12/site-packages/airflow/example_dags/example_skip_dag.py took 0.055 seconds
[2024-08-24T11:43:29.043+0000] {processor.py:186} INFO - Started process (PID=2832) to work on /home/airflow/.local/lib/python3.12/site-packages/airflow/example_dags/example_skip_dag.py
[2024-08-24T11:43:29.043+0000] {processor.py:914} INFO - Processing file /home/airflow/.local/lib/python3.12/site-packages/airflow/example_dags/example_skip_dag.py for tasks to queue
[2024-08-24T11:43:29.044+0000] {logging_mixin.py:190} INFO - [2024-08-24T11:43:29.044+0000] {dagbag.py:587} INFO - Filling up the DagBag from /home/airflow/.local/lib/python3.12/site-packages/airflow/example_dags/example_skip_dag.py
[2024-08-24T11:43:29.048+0000] {processor.py:925} INFO - DAG(s) 'example_skip_dag' retrieved from /home/airflow/.local/lib/python3.12/site-packages/airflow/example_dags/example_skip_dag.py
[2024-08-24T11:43:29.061+0000] {logging_mixin.py:190} INFO - [2024-08-24T11:43:29.061+0000] {dag.py:3211} INFO - Sync 1 DAGs
[2024-08-24T11:43:29.079+0000] {logging_mixin.py:190} INFO - [2024-08-24T11:43:29.079+0000] {dag.py:4138} INFO - Setting next_dagrun for example_skip_dag to 2024-08-23 00:00:00+00:00, run_after=2024-08-24 00:00:00+00:00
[2024-08-24T11:43:29.090+0000] {processor.py:208} INFO - Processing /home/airflow/.local/lib/python3.12/site-packages/airflow/example_dags/example_skip_dag.py took 0.051 seconds
[2024-08-24T11:43:59.632+0000] {processor.py:186} INFO - Started process (PID=2894) to work on /home/airflow/.local/lib/python3.12/site-packages/airflow/example_dags/example_skip_dag.py
[2024-08-24T11:43:59.633+0000] {processor.py:914} INFO - Processing file /home/airflow/.local/lib/python3.12/site-packages/airflow/example_dags/example_skip_dag.py for tasks to queue
[2024-08-24T11:43:59.635+0000] {logging_mixin.py:190} INFO - [2024-08-24T11:43:59.634+0000] {dagbag.py:587} INFO - Filling up the DagBag from /home/airflow/.local/lib/python3.12/site-packages/airflow/example_dags/example_skip_dag.py
[2024-08-24T11:43:59.639+0000] {processor.py:925} INFO - DAG(s) 'example_skip_dag' retrieved from /home/airflow/.local/lib/python3.12/site-packages/airflow/example_dags/example_skip_dag.py
[2024-08-24T11:43:59.655+0000] {logging_mixin.py:190} INFO - [2024-08-24T11:43:59.655+0000] {dag.py:3211} INFO - Sync 1 DAGs
[2024-08-24T11:43:59.674+0000] {logging_mixin.py:190} INFO - [2024-08-24T11:43:59.674+0000] {dag.py:4138} INFO - Setting next_dagrun for example_skip_dag to 2024-08-23 00:00:00+00:00, run_after=2024-08-24 00:00:00+00:00
[2024-08-24T11:43:59.684+0000] {processor.py:208} INFO - Processing /home/airflow/.local/lib/python3.12/site-packages/airflow/example_dags/example_skip_dag.py took 0.056 seconds
[2024-08-24T11:44:29.973+0000] {processor.py:186} INFO - Started process (PID=2956) to work on /home/airflow/.local/lib/python3.12/site-packages/airflow/example_dags/example_skip_dag.py
[2024-08-24T11:44:29.973+0000] {processor.py:914} INFO - Processing file /home/airflow/.local/lib/python3.12/site-packages/airflow/example_dags/example_skip_dag.py for tasks to queue
[2024-08-24T11:44:29.975+0000] {logging_mixin.py:190} INFO - [2024-08-24T11:44:29.975+0000] {dagbag.py:587} INFO - Filling up the DagBag from /home/airflow/.local/lib/python3.12/site-packages/airflow/example_dags/example_skip_dag.py
[2024-08-24T11:44:29.981+0000] {processor.py:925} INFO - DAG(s) 'example_skip_dag' retrieved from /home/airflow/.local/lib/python3.12/site-packages/airflow/example_dags/example_skip_dag.py
[2024-08-24T11:44:29.992+0000] {logging_mixin.py:190} INFO - [2024-08-24T11:44:29.992+0000] {dag.py:3211} INFO - Sync 1 DAGs
[2024-08-24T11:44:30.004+0000] {logging_mixin.py:190} INFO - [2024-08-24T11:44:30.004+0000] {dag.py:4138} INFO - Setting next_dagrun for example_skip_dag to 2024-08-23 00:00:00+00:00, run_after=2024-08-24 00:00:00+00:00
[2024-08-24T11:44:30.012+0000] {processor.py:208} INFO - Processing /home/airflow/.local/lib/python3.12/site-packages/airflow/example_dags/example_skip_dag.py took 0.044 seconds
[2024-08-24T11:45:01.196+0000] {processor.py:186} INFO - Started process (PID=3019) to work on /home/airflow/.local/lib/python3.12/site-packages/airflow/example_dags/example_skip_dag.py
[2024-08-24T11:45:01.196+0000] {processor.py:914} INFO - Processing file /home/airflow/.local/lib/python3.12/site-packages/airflow/example_dags/example_skip_dag.py for tasks to queue
[2024-08-24T11:45:01.197+0000] {logging_mixin.py:190} INFO - [2024-08-24T11:45:01.197+0000] {dagbag.py:587} INFO - Filling up the DagBag from /home/airflow/.local/lib/python3.12/site-packages/airflow/example_dags/example_skip_dag.py
[2024-08-24T11:45:01.201+0000] {processor.py:925} INFO - DAG(s) 'example_skip_dag' retrieved from /home/airflow/.local/lib/python3.12/site-packages/airflow/example_dags/example_skip_dag.py
[2024-08-24T11:45:01.211+0000] {logging_mixin.py:190} INFO - [2024-08-24T11:45:01.211+0000] {dag.py:3211} INFO - Sync 1 DAGs
[2024-08-24T11:45:01.317+0000] {logging_mixin.py:190} INFO - [2024-08-24T11:45:01.316+0000] {dag.py:4138} INFO - Setting next_dagrun for example_skip_dag to 2024-08-23 00:00:00+00:00, run_after=2024-08-24 00:00:00+00:00
[2024-08-24T11:45:01.326+0000] {processor.py:208} INFO - Processing /home/airflow/.local/lib/python3.12/site-packages/airflow/example_dags/example_skip_dag.py took 0.133 seconds
[2024-08-24T11:45:31.914+0000] {processor.py:186} INFO - Started process (PID=3082) to work on /home/airflow/.local/lib/python3.12/site-packages/airflow/example_dags/example_skip_dag.py
[2024-08-24T11:45:31.915+0000] {processor.py:914} INFO - Processing file /home/airflow/.local/lib/python3.12/site-packages/airflow/example_dags/example_skip_dag.py for tasks to queue
[2024-08-24T11:45:31.916+0000] {logging_mixin.py:190} INFO - [2024-08-24T11:45:31.916+0000] {dagbag.py:587} INFO - Filling up the DagBag from /home/airflow/.local/lib/python3.12/site-packages/airflow/example_dags/example_skip_dag.py
[2024-08-24T11:45:31.920+0000] {processor.py:925} INFO - DAG(s) 'example_skip_dag' retrieved from /home/airflow/.local/lib/python3.12/site-packages/airflow/example_dags/example_skip_dag.py
[2024-08-24T11:45:31.934+0000] {logging_mixin.py:190} INFO - [2024-08-24T11:45:31.933+0000] {dag.py:3211} INFO - Sync 1 DAGs
[2024-08-24T11:45:31.950+0000] {logging_mixin.py:190} INFO - [2024-08-24T11:45:31.949+0000] {dag.py:4138} INFO - Setting next_dagrun for example_skip_dag to 2024-08-23 00:00:00+00:00, run_after=2024-08-24 00:00:00+00:00
[2024-08-24T11:45:31.959+0000] {processor.py:208} INFO - Processing /home/airflow/.local/lib/python3.12/site-packages/airflow/example_dags/example_skip_dag.py took 0.048 seconds
[2024-08-24T11:46:02.215+0000] {processor.py:186} INFO - Started process (PID=3144) to work on /home/airflow/.local/lib/python3.12/site-packages/airflow/example_dags/example_skip_dag.py
[2024-08-24T11:46:02.216+0000] {processor.py:914} INFO - Processing file /home/airflow/.local/lib/python3.12/site-packages/airflow/example_dags/example_skip_dag.py for tasks to queue
[2024-08-24T11:46:02.217+0000] {logging_mixin.py:190} INFO - [2024-08-24T11:46:02.217+0000] {dagbag.py:587} INFO - Filling up the DagBag from /home/airflow/.local/lib/python3.12/site-packages/airflow/example_dags/example_skip_dag.py
[2024-08-24T11:46:02.223+0000] {processor.py:925} INFO - DAG(s) 'example_skip_dag' retrieved from /home/airflow/.local/lib/python3.12/site-packages/airflow/example_dags/example_skip_dag.py
[2024-08-24T11:46:02.238+0000] {logging_mixin.py:190} INFO - [2024-08-24T11:46:02.237+0000] {dag.py:3211} INFO - Sync 1 DAGs
[2024-08-24T11:46:02.253+0000] {logging_mixin.py:190} INFO - [2024-08-24T11:46:02.252+0000] {dag.py:4138} INFO - Setting next_dagrun for example_skip_dag to 2024-08-23 00:00:00+00:00, run_after=2024-08-24 00:00:00+00:00
[2024-08-24T11:46:02.266+0000] {processor.py:208} INFO - Processing /home/airflow/.local/lib/python3.12/site-packages/airflow/example_dags/example_skip_dag.py took 0.055 seconds
[2024-08-24T11:46:32.942+0000] {processor.py:186} INFO - Started process (PID=3206) to work on /home/airflow/.local/lib/python3.12/site-packages/airflow/example_dags/example_skip_dag.py
[2024-08-24T11:46:32.943+0000] {processor.py:914} INFO - Processing file /home/airflow/.local/lib/python3.12/site-packages/airflow/example_dags/example_skip_dag.py for tasks to queue
[2024-08-24T11:46:32.944+0000] {logging_mixin.py:190} INFO - [2024-08-24T11:46:32.944+0000] {dagbag.py:587} INFO - Filling up the DagBag from /home/airflow/.local/lib/python3.12/site-packages/airflow/example_dags/example_skip_dag.py
[2024-08-24T11:46:32.949+0000] {processor.py:925} INFO - DAG(s) 'example_skip_dag' retrieved from /home/airflow/.local/lib/python3.12/site-packages/airflow/example_dags/example_skip_dag.py
[2024-08-24T11:46:32.959+0000] {logging_mixin.py:190} INFO - [2024-08-24T11:46:32.959+0000] {dag.py:3211} INFO - Sync 1 DAGs
[2024-08-24T11:46:32.971+0000] {logging_mixin.py:190} INFO - [2024-08-24T11:46:32.971+0000] {dag.py:4138} INFO - Setting next_dagrun for example_skip_dag to 2024-08-23 00:00:00+00:00, run_after=2024-08-24 00:00:00+00:00
[2024-08-24T11:46:32.980+0000] {processor.py:208} INFO - Processing /home/airflow/.local/lib/python3.12/site-packages/airflow/example_dags/example_skip_dag.py took 0.041 seconds
[2024-08-24T11:47:04.310+0000] {processor.py:186} INFO - Started process (PID=3268) to work on /home/airflow/.local/lib/python3.12/site-packages/airflow/example_dags/example_skip_dag.py
[2024-08-24T11:47:04.310+0000] {processor.py:914} INFO - Processing file /home/airflow/.local/lib/python3.12/site-packages/airflow/example_dags/example_skip_dag.py for tasks to queue
[2024-08-24T11:47:04.311+0000] {logging_mixin.py:190} INFO - [2024-08-24T11:47:04.311+0000] {dagbag.py:587} INFO - Filling up the DagBag from /home/airflow/.local/lib/python3.12/site-packages/airflow/example_dags/example_skip_dag.py
[2024-08-24T11:47:04.411+0000] {processor.py:925} INFO - DAG(s) 'example_skip_dag' retrieved from /home/airflow/.local/lib/python3.12/site-packages/airflow/example_dags/example_skip_dag.py
[2024-08-24T11:47:04.420+0000] {logging_mixin.py:190} INFO - [2024-08-24T11:47:04.420+0000] {dag.py:3211} INFO - Sync 1 DAGs
[2024-08-24T11:47:04.432+0000] {logging_mixin.py:190} INFO - [2024-08-24T11:47:04.431+0000] {dag.py:4138} INFO - Setting next_dagrun for example_skip_dag to 2024-08-23 00:00:00+00:00, run_after=2024-08-24 00:00:00+00:00
[2024-08-24T11:47:04.440+0000] {processor.py:208} INFO - Processing /home/airflow/.local/lib/python3.12/site-packages/airflow/example_dags/example_skip_dag.py took 0.134 seconds
[2024-08-24T11:47:34.789+0000] {processor.py:186} INFO - Started process (PID=3330) to work on /home/airflow/.local/lib/python3.12/site-packages/airflow/example_dags/example_skip_dag.py
[2024-08-24T11:47:34.790+0000] {processor.py:914} INFO - Processing file /home/airflow/.local/lib/python3.12/site-packages/airflow/example_dags/example_skip_dag.py for tasks to queue
[2024-08-24T11:47:34.791+0000] {logging_mixin.py:190} INFO - [2024-08-24T11:47:34.791+0000] {dagbag.py:587} INFO - Filling up the DagBag from /home/airflow/.local/lib/python3.12/site-packages/airflow/example_dags/example_skip_dag.py
[2024-08-24T11:47:34.795+0000] {processor.py:925} INFO - DAG(s) 'example_skip_dag' retrieved from /home/airflow/.local/lib/python3.12/site-packages/airflow/example_dags/example_skip_dag.py
[2024-08-24T11:47:34.807+0000] {logging_mixin.py:190} INFO - [2024-08-24T11:47:34.807+0000] {dag.py:3211} INFO - Sync 1 DAGs
[2024-08-24T11:47:34.819+0000] {logging_mixin.py:190} INFO - [2024-08-24T11:47:34.819+0000] {dag.py:4138} INFO - Setting next_dagrun for example_skip_dag to 2024-08-23 00:00:00+00:00, run_after=2024-08-24 00:00:00+00:00
[2024-08-24T11:47:34.828+0000] {processor.py:208} INFO - Processing /home/airflow/.local/lib/python3.12/site-packages/airflow/example_dags/example_skip_dag.py took 0.042 seconds
[2024-08-24T11:48:05.155+0000] {processor.py:186} INFO - Started process (PID=3392) to work on /home/airflow/.local/lib/python3.12/site-packages/airflow/example_dags/example_skip_dag.py
[2024-08-24T11:48:05.155+0000] {processor.py:914} INFO - Processing file /home/airflow/.local/lib/python3.12/site-packages/airflow/example_dags/example_skip_dag.py for tasks to queue
[2024-08-24T11:48:05.156+0000] {logging_mixin.py:190} INFO - [2024-08-24T11:48:05.156+0000] {dagbag.py:587} INFO - Filling up the DagBag from /home/airflow/.local/lib/python3.12/site-packages/airflow/example_dags/example_skip_dag.py
[2024-08-24T11:48:05.160+0000] {processor.py:925} INFO - DAG(s) 'example_skip_dag' retrieved from /home/airflow/.local/lib/python3.12/site-packages/airflow/example_dags/example_skip_dag.py
[2024-08-24T11:48:05.174+0000] {logging_mixin.py:190} INFO - [2024-08-24T11:48:05.173+0000] {dag.py:3211} INFO - Sync 1 DAGs
[2024-08-24T11:48:05.190+0000] {logging_mixin.py:190} INFO - [2024-08-24T11:48:05.190+0000] {dag.py:4138} INFO - Setting next_dagrun for example_skip_dag to 2024-08-23 00:00:00+00:00, run_after=2024-08-24 00:00:00+00:00
[2024-08-24T11:48:05.200+0000] {processor.py:208} INFO - Processing /home/airflow/.local/lib/python3.12/site-packages/airflow/example_dags/example_skip_dag.py took 0.049 seconds
[2024-08-24T11:48:35.377+0000] {processor.py:186} INFO - Started process (PID=3454) to work on /home/airflow/.local/lib/python3.12/site-packages/airflow/example_dags/example_skip_dag.py
[2024-08-24T11:48:35.378+0000] {processor.py:914} INFO - Processing file /home/airflow/.local/lib/python3.12/site-packages/airflow/example_dags/example_skip_dag.py for tasks to queue
[2024-08-24T11:48:35.379+0000] {logging_mixin.py:190} INFO - [2024-08-24T11:48:35.379+0000] {dagbag.py:587} INFO - Filling up the DagBag from /home/airflow/.local/lib/python3.12/site-packages/airflow/example_dags/example_skip_dag.py
[2024-08-24T11:48:35.383+0000] {processor.py:925} INFO - DAG(s) 'example_skip_dag' retrieved from /home/airflow/.local/lib/python3.12/site-packages/airflow/example_dags/example_skip_dag.py
[2024-08-24T11:48:35.396+0000] {logging_mixin.py:190} INFO - [2024-08-24T11:48:35.395+0000] {dag.py:3211} INFO - Sync 1 DAGs
[2024-08-24T11:48:35.414+0000] {logging_mixin.py:190} INFO - [2024-08-24T11:48:35.414+0000] {dag.py:4138} INFO - Setting next_dagrun for example_skip_dag to 2024-08-23 00:00:00+00:00, run_after=2024-08-24 00:00:00+00:00
[2024-08-24T11:48:35.426+0000] {processor.py:208} INFO - Processing /home/airflow/.local/lib/python3.12/site-packages/airflow/example_dags/example_skip_dag.py took 0.052 seconds
[2024-08-24T11:49:05.672+0000] {processor.py:186} INFO - Started process (PID=3516) to work on /home/airflow/.local/lib/python3.12/site-packages/airflow/example_dags/example_skip_dag.py
[2024-08-24T11:49:05.673+0000] {processor.py:914} INFO - Processing file /home/airflow/.local/lib/python3.12/site-packages/airflow/example_dags/example_skip_dag.py for tasks to queue
[2024-08-24T11:49:05.674+0000] {logging_mixin.py:190} INFO - [2024-08-24T11:49:05.674+0000] {dagbag.py:587} INFO - Filling up the DagBag from /home/airflow/.local/lib/python3.12/site-packages/airflow/example_dags/example_skip_dag.py
[2024-08-24T11:49:05.678+0000] {processor.py:925} INFO - DAG(s) 'example_skip_dag' retrieved from /home/airflow/.local/lib/python3.12/site-packages/airflow/example_dags/example_skip_dag.py
[2024-08-24T11:49:05.689+0000] {logging_mixin.py:190} INFO - [2024-08-24T11:49:05.689+0000] {dag.py:3211} INFO - Sync 1 DAGs
[2024-08-24T11:49:05.701+0000] {logging_mixin.py:190} INFO - [2024-08-24T11:49:05.701+0000] {dag.py:4138} INFO - Setting next_dagrun for example_skip_dag to 2024-08-23 00:00:00+00:00, run_after=2024-08-24 00:00:00+00:00
[2024-08-24T11:49:05.711+0000] {processor.py:208} INFO - Processing /home/airflow/.local/lib/python3.12/site-packages/airflow/example_dags/example_skip_dag.py took 0.043 seconds
[2024-08-24T11:49:36.079+0000] {processor.py:186} INFO - Started process (PID=3578) to work on /home/airflow/.local/lib/python3.12/site-packages/airflow/example_dags/example_skip_dag.py
[2024-08-24T11:49:36.080+0000] {processor.py:914} INFO - Processing file /home/airflow/.local/lib/python3.12/site-packages/airflow/example_dags/example_skip_dag.py for tasks to queue
[2024-08-24T11:49:36.081+0000] {logging_mixin.py:190} INFO - [2024-08-24T11:49:36.081+0000] {dagbag.py:587} INFO - Filling up the DagBag from /home/airflow/.local/lib/python3.12/site-packages/airflow/example_dags/example_skip_dag.py
[2024-08-24T11:49:36.085+0000] {processor.py:925} INFO - DAG(s) 'example_skip_dag' retrieved from /home/airflow/.local/lib/python3.12/site-packages/airflow/example_dags/example_skip_dag.py
[2024-08-24T11:49:36.098+0000] {logging_mixin.py:190} INFO - [2024-08-24T11:49:36.098+0000] {dag.py:3211} INFO - Sync 1 DAGs
[2024-08-24T11:49:36.117+0000] {logging_mixin.py:190} INFO - [2024-08-24T11:49:36.116+0000] {dag.py:4138} INFO - Setting next_dagrun for example_skip_dag to 2024-08-23 00:00:00+00:00, run_after=2024-08-24 00:00:00+00:00
[2024-08-24T11:49:36.127+0000] {processor.py:208} INFO - Processing /home/airflow/.local/lib/python3.12/site-packages/airflow/example_dags/example_skip_dag.py took 0.053 seconds
[2024-08-24T11:50:06.345+0000] {processor.py:186} INFO - Started process (PID=3640) to work on /home/airflow/.local/lib/python3.12/site-packages/airflow/example_dags/example_skip_dag.py
[2024-08-24T11:50:06.346+0000] {processor.py:914} INFO - Processing file /home/airflow/.local/lib/python3.12/site-packages/airflow/example_dags/example_skip_dag.py for tasks to queue
[2024-08-24T11:50:06.347+0000] {logging_mixin.py:190} INFO - [2024-08-24T11:50:06.347+0000] {dagbag.py:587} INFO - Filling up the DagBag from /home/airflow/.local/lib/python3.12/site-packages/airflow/example_dags/example_skip_dag.py
[2024-08-24T11:50:06.351+0000] {processor.py:925} INFO - DAG(s) 'example_skip_dag' retrieved from /home/airflow/.local/lib/python3.12/site-packages/airflow/example_dags/example_skip_dag.py
[2024-08-24T11:50:06.366+0000] {logging_mixin.py:190} INFO - [2024-08-24T11:50:06.366+0000] {dag.py:3211} INFO - Sync 1 DAGs
[2024-08-24T11:50:06.386+0000] {logging_mixin.py:190} INFO - [2024-08-24T11:50:06.386+0000] {dag.py:4138} INFO - Setting next_dagrun for example_skip_dag to 2024-08-23 00:00:00+00:00, run_after=2024-08-24 00:00:00+00:00
[2024-08-24T11:50:06.400+0000] {processor.py:208} INFO - Processing /home/airflow/.local/lib/python3.12/site-packages/airflow/example_dags/example_skip_dag.py took 0.058 seconds
[2024-08-24T11:50:36.767+0000] {processor.py:186} INFO - Started process (PID=3702) to work on /home/airflow/.local/lib/python3.12/site-packages/airflow/example_dags/example_skip_dag.py
[2024-08-24T11:50:36.768+0000] {processor.py:914} INFO - Processing file /home/airflow/.local/lib/python3.12/site-packages/airflow/example_dags/example_skip_dag.py for tasks to queue
[2024-08-24T11:50:36.769+0000] {logging_mixin.py:190} INFO - [2024-08-24T11:50:36.769+0000] {dagbag.py:587} INFO - Filling up the DagBag from /home/airflow/.local/lib/python3.12/site-packages/airflow/example_dags/example_skip_dag.py
[2024-08-24T11:50:36.773+0000] {processor.py:925} INFO - DAG(s) 'example_skip_dag' retrieved from /home/airflow/.local/lib/python3.12/site-packages/airflow/example_dags/example_skip_dag.py
[2024-08-24T11:50:36.783+0000] {logging_mixin.py:190} INFO - [2024-08-24T11:50:36.783+0000] {dag.py:3211} INFO - Sync 1 DAGs
[2024-08-24T11:50:36.795+0000] {logging_mixin.py:190} INFO - [2024-08-24T11:50:36.795+0000] {dag.py:4138} INFO - Setting next_dagrun for example_skip_dag to 2024-08-23 00:00:00+00:00, run_after=2024-08-24 00:00:00+00:00
[2024-08-24T11:50:36.804+0000] {processor.py:208} INFO - Processing /home/airflow/.local/lib/python3.12/site-packages/airflow/example_dags/example_skip_dag.py took 0.041 seconds
[2024-08-24T11:51:07.230+0000] {processor.py:186} INFO - Started process (PID=3764) to work on /home/airflow/.local/lib/python3.12/site-packages/airflow/example_dags/example_skip_dag.py
[2024-08-24T11:51:07.230+0000] {processor.py:914} INFO - Processing file /home/airflow/.local/lib/python3.12/site-packages/airflow/example_dags/example_skip_dag.py for tasks to queue
[2024-08-24T11:51:07.231+0000] {logging_mixin.py:190} INFO - [2024-08-24T11:51:07.231+0000] {dagbag.py:587} INFO - Filling up the DagBag from /home/airflow/.local/lib/python3.12/site-packages/airflow/example_dags/example_skip_dag.py
[2024-08-24T11:51:07.235+0000] {processor.py:925} INFO - DAG(s) 'example_skip_dag' retrieved from /home/airflow/.local/lib/python3.12/site-packages/airflow/example_dags/example_skip_dag.py
[2024-08-24T11:51:07.251+0000] {logging_mixin.py:190} INFO - [2024-08-24T11:51:07.251+0000] {dag.py:3211} INFO - Sync 1 DAGs
[2024-08-24T11:51:07.265+0000] {logging_mixin.py:190} INFO - [2024-08-24T11:51:07.265+0000] {dag.py:4138} INFO - Setting next_dagrun for example_skip_dag to 2024-08-23 00:00:00+00:00, run_after=2024-08-24 00:00:00+00:00
[2024-08-24T11:51:07.278+0000] {processor.py:208} INFO - Processing /home/airflow/.local/lib/python3.12/site-packages/airflow/example_dags/example_skip_dag.py took 0.053 seconds
[2024-08-24T11:51:37.515+0000] {processor.py:186} INFO - Started process (PID=3826) to work on /home/airflow/.local/lib/python3.12/site-packages/airflow/example_dags/example_skip_dag.py
[2024-08-24T11:51:37.516+0000] {processor.py:914} INFO - Processing file /home/airflow/.local/lib/python3.12/site-packages/airflow/example_dags/example_skip_dag.py for tasks to queue
[2024-08-24T11:51:37.517+0000] {logging_mixin.py:190} INFO - [2024-08-24T11:51:37.517+0000] {dagbag.py:587} INFO - Filling up the DagBag from /home/airflow/.local/lib/python3.12/site-packages/airflow/example_dags/example_skip_dag.py
[2024-08-24T11:51:37.521+0000] {processor.py:925} INFO - DAG(s) 'example_skip_dag' retrieved from /home/airflow/.local/lib/python3.12/site-packages/airflow/example_dags/example_skip_dag.py
[2024-08-24T11:51:37.532+0000] {logging_mixin.py:190} INFO - [2024-08-24T11:51:37.532+0000] {dag.py:3211} INFO - Sync 1 DAGs
[2024-08-24T11:51:37.545+0000] {logging_mixin.py:190} INFO - [2024-08-24T11:51:37.544+0000] {dag.py:4138} INFO - Setting next_dagrun for example_skip_dag to 2024-08-23 00:00:00+00:00, run_after=2024-08-24 00:00:00+00:00
[2024-08-24T11:51:37.557+0000] {processor.py:208} INFO - Processing /home/airflow/.local/lib/python3.12/site-packages/airflow/example_dags/example_skip_dag.py took 0.047 seconds
[2024-08-24T11:52:07.718+0000] {processor.py:186} INFO - Started process (PID=3888) to work on /home/airflow/.local/lib/python3.12/site-packages/airflow/example_dags/example_skip_dag.py
[2024-08-24T11:52:07.718+0000] {processor.py:914} INFO - Processing file /home/airflow/.local/lib/python3.12/site-packages/airflow/example_dags/example_skip_dag.py for tasks to queue
[2024-08-24T11:52:07.719+0000] {logging_mixin.py:190} INFO - [2024-08-24T11:52:07.719+0000] {dagbag.py:587} INFO - Filling up the DagBag from /home/airflow/.local/lib/python3.12/site-packages/airflow/example_dags/example_skip_dag.py
[2024-08-24T11:52:07.723+0000] {processor.py:925} INFO - DAG(s) 'example_skip_dag' retrieved from /home/airflow/.local/lib/python3.12/site-packages/airflow/example_dags/example_skip_dag.py
[2024-08-24T11:52:07.737+0000] {logging_mixin.py:190} INFO - [2024-08-24T11:52:07.737+0000] {dag.py:3211} INFO - Sync 1 DAGs
[2024-08-24T11:52:07.754+0000] {logging_mixin.py:190} INFO - [2024-08-24T11:52:07.754+0000] {dag.py:4138} INFO - Setting next_dagrun for example_skip_dag to 2024-08-23 00:00:00+00:00, run_after=2024-08-24 00:00:00+00:00
[2024-08-24T11:52:07.768+0000] {processor.py:208} INFO - Processing /home/airflow/.local/lib/python3.12/site-packages/airflow/example_dags/example_skip_dag.py took 0.054 seconds
[2024-08-24T11:52:38.090+0000] {processor.py:186} INFO - Started process (PID=3950) to work on /home/airflow/.local/lib/python3.12/site-packages/airflow/example_dags/example_skip_dag.py
[2024-08-24T11:52:38.091+0000] {processor.py:914} INFO - Processing file /home/airflow/.local/lib/python3.12/site-packages/airflow/example_dags/example_skip_dag.py for tasks to queue
[2024-08-24T11:52:38.092+0000] {logging_mixin.py:190} INFO - [2024-08-24T11:52:38.092+0000] {dagbag.py:587} INFO - Filling up the DagBag from /home/airflow/.local/lib/python3.12/site-packages/airflow/example_dags/example_skip_dag.py
[2024-08-24T11:52:38.096+0000] {processor.py:925} INFO - DAG(s) 'example_skip_dag' retrieved from /home/airflow/.local/lib/python3.12/site-packages/airflow/example_dags/example_skip_dag.py
[2024-08-24T11:52:38.109+0000] {logging_mixin.py:190} INFO - [2024-08-24T11:52:38.109+0000] {dag.py:3211} INFO - Sync 1 DAGs
[2024-08-24T11:52:38.126+0000] {logging_mixin.py:190} INFO - [2024-08-24T11:52:38.126+0000] {dag.py:4138} INFO - Setting next_dagrun for example_skip_dag to 2024-08-23 00:00:00+00:00, run_after=2024-08-24 00:00:00+00:00
[2024-08-24T11:52:38.140+0000] {processor.py:208} INFO - Processing /home/airflow/.local/lib/python3.12/site-packages/airflow/example_dags/example_skip_dag.py took 0.054 seconds
[2024-08-24T11:53:08.463+0000] {processor.py:186} INFO - Started process (PID=4012) to work on /home/airflow/.local/lib/python3.12/site-packages/airflow/example_dags/example_skip_dag.py
[2024-08-24T11:53:08.463+0000] {processor.py:914} INFO - Processing file /home/airflow/.local/lib/python3.12/site-packages/airflow/example_dags/example_skip_dag.py for tasks to queue
[2024-08-24T11:53:08.465+0000] {logging_mixin.py:190} INFO - [2024-08-24T11:53:08.464+0000] {dagbag.py:587} INFO - Filling up the DagBag from /home/airflow/.local/lib/python3.12/site-packages/airflow/example_dags/example_skip_dag.py
[2024-08-24T11:53:08.469+0000] {processor.py:925} INFO - DAG(s) 'example_skip_dag' retrieved from /home/airflow/.local/lib/python3.12/site-packages/airflow/example_dags/example_skip_dag.py
[2024-08-24T11:53:08.482+0000] {logging_mixin.py:190} INFO - [2024-08-24T11:53:08.482+0000] {dag.py:3211} INFO - Sync 1 DAGs
[2024-08-24T11:53:08.494+0000] {logging_mixin.py:190} INFO - [2024-08-24T11:53:08.494+0000] {dag.py:4138} INFO - Setting next_dagrun for example_skip_dag to 2024-08-23 00:00:00+00:00, run_after=2024-08-24 00:00:00+00:00
[2024-08-24T11:53:08.503+0000] {processor.py:208} INFO - Processing /home/airflow/.local/lib/python3.12/site-packages/airflow/example_dags/example_skip_dag.py took 0.044 seconds
[2024-08-24T11:53:38.805+0000] {processor.py:186} INFO - Started process (PID=4075) to work on /home/airflow/.local/lib/python3.12/site-packages/airflow/example_dags/example_skip_dag.py
[2024-08-24T11:53:38.806+0000] {processor.py:914} INFO - Processing file /home/airflow/.local/lib/python3.12/site-packages/airflow/example_dags/example_skip_dag.py for tasks to queue
[2024-08-24T11:53:38.807+0000] {logging_mixin.py:190} INFO - [2024-08-24T11:53:38.807+0000] {dagbag.py:587} INFO - Filling up the DagBag from /home/airflow/.local/lib/python3.12/site-packages/airflow/example_dags/example_skip_dag.py
[2024-08-24T11:53:38.811+0000] {processor.py:925} INFO - DAG(s) 'example_skip_dag' retrieved from /home/airflow/.local/lib/python3.12/site-packages/airflow/example_dags/example_skip_dag.py
[2024-08-24T11:53:38.822+0000] {logging_mixin.py:190} INFO - [2024-08-24T11:53:38.822+0000] {dag.py:3211} INFO - Sync 1 DAGs
[2024-08-24T11:53:38.835+0000] {logging_mixin.py:190} INFO - [2024-08-24T11:53:38.835+0000] {dag.py:4138} INFO - Setting next_dagrun for example_skip_dag to 2024-08-23 00:00:00+00:00, run_after=2024-08-24 00:00:00+00:00
[2024-08-24T11:53:38.844+0000] {processor.py:208} INFO - Processing /home/airflow/.local/lib/python3.12/site-packages/airflow/example_dags/example_skip_dag.py took 0.043 seconds
[2024-08-24T11:54:09.096+0000] {processor.py:186} INFO - Started process (PID=4137) to work on /home/airflow/.local/lib/python3.12/site-packages/airflow/example_dags/example_skip_dag.py
[2024-08-24T11:54:09.096+0000] {processor.py:914} INFO - Processing file /home/airflow/.local/lib/python3.12/site-packages/airflow/example_dags/example_skip_dag.py for tasks to queue
[2024-08-24T11:54:09.098+0000] {logging_mixin.py:190} INFO - [2024-08-24T11:54:09.097+0000] {dagbag.py:587} INFO - Filling up the DagBag from /home/airflow/.local/lib/python3.12/site-packages/airflow/example_dags/example_skip_dag.py
[2024-08-24T11:54:09.102+0000] {processor.py:925} INFO - DAG(s) 'example_skip_dag' retrieved from /home/airflow/.local/lib/python3.12/site-packages/airflow/example_dags/example_skip_dag.py
[2024-08-24T11:54:09.113+0000] {logging_mixin.py:190} INFO - [2024-08-24T11:54:09.113+0000] {dag.py:3211} INFO - Sync 1 DAGs
[2024-08-24T11:54:09.128+0000] {logging_mixin.py:190} INFO - [2024-08-24T11:54:09.127+0000] {dag.py:4138} INFO - Setting next_dagrun for example_skip_dag to 2024-08-23 00:00:00+00:00, run_after=2024-08-24 00:00:00+00:00
[2024-08-24T11:54:09.139+0000] {processor.py:208} INFO - Processing /home/airflow/.local/lib/python3.12/site-packages/airflow/example_dags/example_skip_dag.py took 0.046 seconds
[2024-08-24T11:54:39.446+0000] {processor.py:186} INFO - Started process (PID=4199) to work on /home/airflow/.local/lib/python3.12/site-packages/airflow/example_dags/example_skip_dag.py
[2024-08-24T11:54:39.446+0000] {processor.py:914} INFO - Processing file /home/airflow/.local/lib/python3.12/site-packages/airflow/example_dags/example_skip_dag.py for tasks to queue
[2024-08-24T11:54:39.448+0000] {logging_mixin.py:190} INFO - [2024-08-24T11:54:39.448+0000] {dagbag.py:587} INFO - Filling up the DagBag from /home/airflow/.local/lib/python3.12/site-packages/airflow/example_dags/example_skip_dag.py
[2024-08-24T11:54:39.452+0000] {processor.py:925} INFO - DAG(s) 'example_skip_dag' retrieved from /home/airflow/.local/lib/python3.12/site-packages/airflow/example_dags/example_skip_dag.py
[2024-08-24T11:54:39.463+0000] {logging_mixin.py:190} INFO - [2024-08-24T11:54:39.463+0000] {dag.py:3211} INFO - Sync 1 DAGs
[2024-08-24T11:54:39.479+0000] {logging_mixin.py:190} INFO - [2024-08-24T11:54:39.479+0000] {dag.py:4138} INFO - Setting next_dagrun for example_skip_dag to 2024-08-23 00:00:00+00:00, run_after=2024-08-24 00:00:00+00:00
[2024-08-24T11:54:39.489+0000] {processor.py:208} INFO - Processing /home/airflow/.local/lib/python3.12/site-packages/airflow/example_dags/example_skip_dag.py took 0.048 seconds
[2024-08-24T11:55:09.903+0000] {processor.py:186} INFO - Started process (PID=4261) to work on /home/airflow/.local/lib/python3.12/site-packages/airflow/example_dags/example_skip_dag.py
[2024-08-24T11:55:09.903+0000] {processor.py:914} INFO - Processing file /home/airflow/.local/lib/python3.12/site-packages/airflow/example_dags/example_skip_dag.py for tasks to queue
[2024-08-24T11:55:09.905+0000] {logging_mixin.py:190} INFO - [2024-08-24T11:55:09.904+0000] {dagbag.py:587} INFO - Filling up the DagBag from /home/airflow/.local/lib/python3.12/site-packages/airflow/example_dags/example_skip_dag.py
[2024-08-24T11:55:09.909+0000] {processor.py:925} INFO - DAG(s) 'example_skip_dag' retrieved from /home/airflow/.local/lib/python3.12/site-packages/airflow/example_dags/example_skip_dag.py
[2024-08-24T11:55:09.921+0000] {logging_mixin.py:190} INFO - [2024-08-24T11:55:09.921+0000] {dag.py:3211} INFO - Sync 1 DAGs
[2024-08-24T11:55:09.937+0000] {logging_mixin.py:190} INFO - [2024-08-24T11:55:09.937+0000] {dag.py:4138} INFO - Setting next_dagrun for example_skip_dag to 2024-08-23 00:00:00+00:00, run_after=2024-08-24 00:00:00+00:00
[2024-08-24T11:55:09.946+0000] {processor.py:208} INFO - Processing /home/airflow/.local/lib/python3.12/site-packages/airflow/example_dags/example_skip_dag.py took 0.047 seconds
[2024-08-24T11:55:40.319+0000] {processor.py:186} INFO - Started process (PID=4323) to work on /home/airflow/.local/lib/python3.12/site-packages/airflow/example_dags/example_skip_dag.py
[2024-08-24T11:55:40.319+0000] {processor.py:914} INFO - Processing file /home/airflow/.local/lib/python3.12/site-packages/airflow/example_dags/example_skip_dag.py for tasks to queue
[2024-08-24T11:55:40.320+0000] {logging_mixin.py:190} INFO - [2024-08-24T11:55:40.320+0000] {dagbag.py:587} INFO - Filling up the DagBag from /home/airflow/.local/lib/python3.12/site-packages/airflow/example_dags/example_skip_dag.py
[2024-08-24T11:55:40.324+0000] {processor.py:925} INFO - DAG(s) 'example_skip_dag' retrieved from /home/airflow/.local/lib/python3.12/site-packages/airflow/example_dags/example_skip_dag.py
[2024-08-24T11:55:40.338+0000] {logging_mixin.py:190} INFO - [2024-08-24T11:55:40.338+0000] {dag.py:3211} INFO - Sync 1 DAGs
[2024-08-24T11:55:40.355+0000] {logging_mixin.py:190} INFO - [2024-08-24T11:55:40.355+0000] {dag.py:4138} INFO - Setting next_dagrun for example_skip_dag to 2024-08-23 00:00:00+00:00, run_after=2024-08-24 00:00:00+00:00
[2024-08-24T11:55:40.366+0000] {processor.py:208} INFO - Processing /home/airflow/.local/lib/python3.12/site-packages/airflow/example_dags/example_skip_dag.py took 0.051 seconds
[2024-08-24T11:56:10.644+0000] {processor.py:186} INFO - Started process (PID=4385) to work on /home/airflow/.local/lib/python3.12/site-packages/airflow/example_dags/example_skip_dag.py
[2024-08-24T11:56:10.645+0000] {processor.py:914} INFO - Processing file /home/airflow/.local/lib/python3.12/site-packages/airflow/example_dags/example_skip_dag.py for tasks to queue
[2024-08-24T11:56:10.646+0000] {logging_mixin.py:190} INFO - [2024-08-24T11:56:10.646+0000] {dagbag.py:587} INFO - Filling up the DagBag from /home/airflow/.local/lib/python3.12/site-packages/airflow/example_dags/example_skip_dag.py
[2024-08-24T11:56:10.653+0000] {processor.py:925} INFO - DAG(s) 'example_skip_dag' retrieved from /home/airflow/.local/lib/python3.12/site-packages/airflow/example_dags/example_skip_dag.py
[2024-08-24T11:56:10.663+0000] {logging_mixin.py:190} INFO - [2024-08-24T11:56:10.663+0000] {dag.py:3211} INFO - Sync 1 DAGs
[2024-08-24T11:56:10.675+0000] {logging_mixin.py:190} INFO - [2024-08-24T11:56:10.675+0000] {dag.py:4138} INFO - Setting next_dagrun for example_skip_dag to 2024-08-23 00:00:00+00:00, run_after=2024-08-24 00:00:00+00:00
[2024-08-24T11:56:10.683+0000] {processor.py:208} INFO - Processing /home/airflow/.local/lib/python3.12/site-packages/airflow/example_dags/example_skip_dag.py took 0.043 seconds
