[2024-08-24T11:21:08.619+0000] {processor.py:186} INFO - Started process (PID=95) to work on /home/airflow/.local/lib/python3.12/site-packages/airflow/example_dags/example_complex.py
[2024-08-24T11:21:08.619+0000] {processor.py:914} INFO - Processing file /home/airflow/.local/lib/python3.12/site-packages/airflow/example_dags/example_complex.py for tasks to queue
[2024-08-24T11:21:08.620+0000] {logging_mixin.py:190} INFO - [2024-08-24T11:21:08.620+0000] {dagbag.py:587} INFO - Filling up the DagBag from /home/airflow/.local/lib/python3.12/site-packages/airflow/example_dags/example_complex.py
[2024-08-24T11:21:08.628+0000] {processor.py:925} INFO - DAG(s) 'example_complex' retrieved from /home/airflow/.local/lib/python3.12/site-packages/airflow/example_dags/example_complex.py
[2024-08-24T11:21:08.707+0000] {logging_mixin.py:190} INFO - [2024-08-24T11:21:08.707+0000] {override.py:1858} INFO - Created Permission View: can edit on DAG:example_complex
[2024-08-24T11:21:08.713+0000] {logging_mixin.py:190} INFO - [2024-08-24T11:21:08.713+0000] {override.py:1858} INFO - Created Permission View: can read on DAG:example_complex
[2024-08-24T11:21:08.716+0000] {logging_mixin.py:190} INFO - [2024-08-24T11:21:08.715+0000] {override.py:1858} INFO - Created Permission View: can delete on DAG:example_complex
[2024-08-24T11:21:08.716+0000] {logging_mixin.py:190} INFO - [2024-08-24T11:21:08.716+0000] {dag.py:3211} INFO - Sync 1 DAGs
[2024-08-24T11:21:08.723+0000] {logging_mixin.py:190} INFO - [2024-08-24T11:21:08.723+0000] {dag.py:3234} INFO - Creating ORM DAG for example_complex
[2024-08-24T11:21:08.723+0000] {logging_mixin.py:190} INFO - [2024-08-24T11:21:08.723+0000] {dag.py:4138} INFO - Setting next_dagrun for example_complex to None, run_after=None
[2024-08-24T11:21:08.731+0000] {processor.py:208} INFO - Processing /home/airflow/.local/lib/python3.12/site-packages/airflow/example_dags/example_complex.py took 0.115 seconds
[2024-08-24T11:21:39.106+0000] {processor.py:186} INFO - Started process (PID=157) to work on /home/airflow/.local/lib/python3.12/site-packages/airflow/example_dags/example_complex.py
[2024-08-24T11:21:39.107+0000] {processor.py:914} INFO - Processing file /home/airflow/.local/lib/python3.12/site-packages/airflow/example_dags/example_complex.py for tasks to queue
[2024-08-24T11:21:39.108+0000] {logging_mixin.py:190} INFO - [2024-08-24T11:21:39.108+0000] {dagbag.py:587} INFO - Filling up the DagBag from /home/airflow/.local/lib/python3.12/site-packages/airflow/example_dags/example_complex.py
[2024-08-24T11:21:39.116+0000] {processor.py:925} INFO - DAG(s) 'example_complex' retrieved from /home/airflow/.local/lib/python3.12/site-packages/airflow/example_dags/example_complex.py
[2024-08-24T11:21:39.133+0000] {logging_mixin.py:190} INFO - [2024-08-24T11:21:39.133+0000] {dag.py:3211} INFO - Sync 1 DAGs
[2024-08-24T11:21:39.140+0000] {logging_mixin.py:190} INFO - [2024-08-24T11:21:39.140+0000] {dag.py:4138} INFO - Setting next_dagrun for example_complex to None, run_after=None
[2024-08-24T11:21:39.153+0000] {processor.py:208} INFO - Processing /home/airflow/.local/lib/python3.12/site-packages/airflow/example_dags/example_complex.py took 0.050 seconds
[2024-08-24T11:22:09.308+0000] {processor.py:186} INFO - Started process (PID=219) to work on /home/airflow/.local/lib/python3.12/site-packages/airflow/example_dags/example_complex.py
[2024-08-24T11:22:09.309+0000] {processor.py:914} INFO - Processing file /home/airflow/.local/lib/python3.12/site-packages/airflow/example_dags/example_complex.py for tasks to queue
[2024-08-24T11:22:09.311+0000] {logging_mixin.py:190} INFO - [2024-08-24T11:22:09.310+0000] {dagbag.py:587} INFO - Filling up the DagBag from /home/airflow/.local/lib/python3.12/site-packages/airflow/example_dags/example_complex.py
[2024-08-24T11:22:09.317+0000] {processor.py:925} INFO - DAG(s) 'example_complex' retrieved from /home/airflow/.local/lib/python3.12/site-packages/airflow/example_dags/example_complex.py
[2024-08-24T11:22:09.336+0000] {logging_mixin.py:190} INFO - [2024-08-24T11:22:09.336+0000] {dag.py:3211} INFO - Sync 1 DAGs
[2024-08-24T11:22:09.346+0000] {logging_mixin.py:190} INFO - [2024-08-24T11:22:09.345+0000] {dag.py:4138} INFO - Setting next_dagrun for example_complex to None, run_after=None
[2024-08-24T11:22:09.360+0000] {processor.py:208} INFO - Processing /home/airflow/.local/lib/python3.12/site-packages/airflow/example_dags/example_complex.py took 0.056 seconds
[2024-08-24T11:22:39.456+0000] {processor.py:186} INFO - Started process (PID=281) to work on /home/airflow/.local/lib/python3.12/site-packages/airflow/example_dags/example_complex.py
[2024-08-24T11:22:39.456+0000] {processor.py:914} INFO - Processing file /home/airflow/.local/lib/python3.12/site-packages/airflow/example_dags/example_complex.py for tasks to queue
[2024-08-24T11:22:39.457+0000] {logging_mixin.py:190} INFO - [2024-08-24T11:22:39.457+0000] {dagbag.py:587} INFO - Filling up the DagBag from /home/airflow/.local/lib/python3.12/site-packages/airflow/example_dags/example_complex.py
[2024-08-24T11:22:39.463+0000] {processor.py:925} INFO - DAG(s) 'example_complex' retrieved from /home/airflow/.local/lib/python3.12/site-packages/airflow/example_dags/example_complex.py
[2024-08-24T11:22:39.487+0000] {logging_mixin.py:190} INFO - [2024-08-24T11:22:39.487+0000] {dag.py:3211} INFO - Sync 1 DAGs
[2024-08-24T11:22:39.497+0000] {logging_mixin.py:190} INFO - [2024-08-24T11:22:39.496+0000] {dag.py:4138} INFO - Setting next_dagrun for example_complex to None, run_after=None
[2024-08-24T11:22:39.510+0000] {processor.py:208} INFO - Processing /home/airflow/.local/lib/python3.12/site-packages/airflow/example_dags/example_complex.py took 0.057 seconds
[2024-08-24T11:23:09.726+0000] {processor.py:186} INFO - Started process (PID=343) to work on /home/airflow/.local/lib/python3.12/site-packages/airflow/example_dags/example_complex.py
[2024-08-24T11:23:09.726+0000] {processor.py:914} INFO - Processing file /home/airflow/.local/lib/python3.12/site-packages/airflow/example_dags/example_complex.py for tasks to queue
[2024-08-24T11:23:09.727+0000] {logging_mixin.py:190} INFO - [2024-08-24T11:23:09.727+0000] {dagbag.py:587} INFO - Filling up the DagBag from /home/airflow/.local/lib/python3.12/site-packages/airflow/example_dags/example_complex.py
[2024-08-24T11:23:09.734+0000] {processor.py:925} INFO - DAG(s) 'example_complex' retrieved from /home/airflow/.local/lib/python3.12/site-packages/airflow/example_dags/example_complex.py
[2024-08-24T11:23:09.761+0000] {logging_mixin.py:190} INFO - [2024-08-24T11:23:09.761+0000] {dag.py:3211} INFO - Sync 1 DAGs
[2024-08-24T11:23:09.773+0000] {logging_mixin.py:190} INFO - [2024-08-24T11:23:09.773+0000] {dag.py:4138} INFO - Setting next_dagrun for example_complex to None, run_after=None
[2024-08-24T11:23:09.788+0000] {processor.py:208} INFO - Processing /home/airflow/.local/lib/python3.12/site-packages/airflow/example_dags/example_complex.py took 0.065 seconds
[2024-08-24T11:23:40.040+0000] {processor.py:186} INFO - Started process (PID=405) to work on /home/airflow/.local/lib/python3.12/site-packages/airflow/example_dags/example_complex.py
[2024-08-24T11:23:40.041+0000] {processor.py:914} INFO - Processing file /home/airflow/.local/lib/python3.12/site-packages/airflow/example_dags/example_complex.py for tasks to queue
[2024-08-24T11:23:40.043+0000] {logging_mixin.py:190} INFO - [2024-08-24T11:23:40.042+0000] {dagbag.py:587} INFO - Filling up the DagBag from /home/airflow/.local/lib/python3.12/site-packages/airflow/example_dags/example_complex.py
[2024-08-24T11:23:40.052+0000] {processor.py:925} INFO - DAG(s) 'example_complex' retrieved from /home/airflow/.local/lib/python3.12/site-packages/airflow/example_dags/example_complex.py
[2024-08-24T11:23:40.069+0000] {logging_mixin.py:190} INFO - [2024-08-24T11:23:40.069+0000] {dag.py:3211} INFO - Sync 1 DAGs
[2024-08-24T11:23:40.077+0000] {logging_mixin.py:190} INFO - [2024-08-24T11:23:40.077+0000] {dag.py:4138} INFO - Setting next_dagrun for example_complex to None, run_after=None
[2024-08-24T11:23:40.086+0000] {processor.py:208} INFO - Processing /home/airflow/.local/lib/python3.12/site-packages/airflow/example_dags/example_complex.py took 0.050 seconds
[2024-08-24T11:24:10.295+0000] {processor.py:186} INFO - Started process (PID=467) to work on /home/airflow/.local/lib/python3.12/site-packages/airflow/example_dags/example_complex.py
[2024-08-24T11:24:10.296+0000] {processor.py:914} INFO - Processing file /home/airflow/.local/lib/python3.12/site-packages/airflow/example_dags/example_complex.py for tasks to queue
[2024-08-24T11:24:10.297+0000] {logging_mixin.py:190} INFO - [2024-08-24T11:24:10.296+0000] {dagbag.py:587} INFO - Filling up the DagBag from /home/airflow/.local/lib/python3.12/site-packages/airflow/example_dags/example_complex.py
[2024-08-24T11:24:10.302+0000] {processor.py:925} INFO - DAG(s) 'example_complex' retrieved from /home/airflow/.local/lib/python3.12/site-packages/airflow/example_dags/example_complex.py
[2024-08-24T11:24:10.321+0000] {logging_mixin.py:190} INFO - [2024-08-24T11:24:10.321+0000] {dag.py:3211} INFO - Sync 1 DAGs
[2024-08-24T11:24:10.331+0000] {logging_mixin.py:190} INFO - [2024-08-24T11:24:10.331+0000] {dag.py:4138} INFO - Setting next_dagrun for example_complex to None, run_after=None
[2024-08-24T11:24:10.346+0000] {processor.py:208} INFO - Processing /home/airflow/.local/lib/python3.12/site-packages/airflow/example_dags/example_complex.py took 0.055 seconds
[2024-08-24T11:24:40.479+0000] {processor.py:186} INFO - Started process (PID=529) to work on /home/airflow/.local/lib/python3.12/site-packages/airflow/example_dags/example_complex.py
[2024-08-24T11:24:40.479+0000] {processor.py:914} INFO - Processing file /home/airflow/.local/lib/python3.12/site-packages/airflow/example_dags/example_complex.py for tasks to queue
[2024-08-24T11:24:40.480+0000] {logging_mixin.py:190} INFO - [2024-08-24T11:24:40.480+0000] {dagbag.py:587} INFO - Filling up the DagBag from /home/airflow/.local/lib/python3.12/site-packages/airflow/example_dags/example_complex.py
[2024-08-24T11:24:40.486+0000] {processor.py:925} INFO - DAG(s) 'example_complex' retrieved from /home/airflow/.local/lib/python3.12/site-packages/airflow/example_dags/example_complex.py
[2024-08-24T11:24:40.510+0000] {logging_mixin.py:190} INFO - [2024-08-24T11:24:40.510+0000] {dag.py:3211} INFO - Sync 1 DAGs
[2024-08-24T11:24:40.520+0000] {logging_mixin.py:190} INFO - [2024-08-24T11:24:40.520+0000] {dag.py:4138} INFO - Setting next_dagrun for example_complex to None, run_after=None
[2024-08-24T11:24:40.531+0000] {processor.py:208} INFO - Processing /home/airflow/.local/lib/python3.12/site-packages/airflow/example_dags/example_complex.py took 0.055 seconds
[2024-08-24T11:25:10.696+0000] {processor.py:186} INFO - Started process (PID=591) to work on /home/airflow/.local/lib/python3.12/site-packages/airflow/example_dags/example_complex.py
[2024-08-24T11:25:10.697+0000] {processor.py:914} INFO - Processing file /home/airflow/.local/lib/python3.12/site-packages/airflow/example_dags/example_complex.py for tasks to queue
[2024-08-24T11:25:10.698+0000] {logging_mixin.py:190} INFO - [2024-08-24T11:25:10.698+0000] {dagbag.py:587} INFO - Filling up the DagBag from /home/airflow/.local/lib/python3.12/site-packages/airflow/example_dags/example_complex.py
[2024-08-24T11:25:10.704+0000] {processor.py:925} INFO - DAG(s) 'example_complex' retrieved from /home/airflow/.local/lib/python3.12/site-packages/airflow/example_dags/example_complex.py
[2024-08-24T11:25:10.720+0000] {logging_mixin.py:190} INFO - [2024-08-24T11:25:10.720+0000] {dag.py:3211} INFO - Sync 1 DAGs
[2024-08-24T11:25:10.727+0000] {logging_mixin.py:190} INFO - [2024-08-24T11:25:10.727+0000] {dag.py:4138} INFO - Setting next_dagrun for example_complex to None, run_after=None
[2024-08-24T11:25:10.736+0000] {processor.py:208} INFO - Processing /home/airflow/.local/lib/python3.12/site-packages/airflow/example_dags/example_complex.py took 0.042 seconds
[2024-08-24T11:25:40.850+0000] {processor.py:186} INFO - Started process (PID=653) to work on /home/airflow/.local/lib/python3.12/site-packages/airflow/example_dags/example_complex.py
[2024-08-24T11:25:40.851+0000] {processor.py:914} INFO - Processing file /home/airflow/.local/lib/python3.12/site-packages/airflow/example_dags/example_complex.py for tasks to queue
[2024-08-24T11:25:40.852+0000] {logging_mixin.py:190} INFO - [2024-08-24T11:25:40.852+0000] {dagbag.py:587} INFO - Filling up the DagBag from /home/airflow/.local/lib/python3.12/site-packages/airflow/example_dags/example_complex.py
[2024-08-24T11:25:40.858+0000] {processor.py:925} INFO - DAG(s) 'example_complex' retrieved from /home/airflow/.local/lib/python3.12/site-packages/airflow/example_dags/example_complex.py
[2024-08-24T11:25:40.879+0000] {logging_mixin.py:190} INFO - [2024-08-24T11:25:40.879+0000] {dag.py:3211} INFO - Sync 1 DAGs
[2024-08-24T11:25:40.891+0000] {logging_mixin.py:190} INFO - [2024-08-24T11:25:40.890+0000] {dag.py:4138} INFO - Setting next_dagrun for example_complex to None, run_after=None
[2024-08-24T11:25:40.903+0000] {processor.py:208} INFO - Processing /home/airflow/.local/lib/python3.12/site-packages/airflow/example_dags/example_complex.py took 0.057 seconds
[2024-08-24T11:26:11.140+0000] {processor.py:186} INFO - Started process (PID=715) to work on /home/airflow/.local/lib/python3.12/site-packages/airflow/example_dags/example_complex.py
[2024-08-24T11:26:11.141+0000] {processor.py:914} INFO - Processing file /home/airflow/.local/lib/python3.12/site-packages/airflow/example_dags/example_complex.py for tasks to queue
[2024-08-24T11:26:11.142+0000] {logging_mixin.py:190} INFO - [2024-08-24T11:26:11.142+0000] {dagbag.py:587} INFO - Filling up the DagBag from /home/airflow/.local/lib/python3.12/site-packages/airflow/example_dags/example_complex.py
[2024-08-24T11:26:11.149+0000] {processor.py:925} INFO - DAG(s) 'example_complex' retrieved from /home/airflow/.local/lib/python3.12/site-packages/airflow/example_dags/example_complex.py
[2024-08-24T11:26:11.169+0000] {logging_mixin.py:190} INFO - [2024-08-24T11:26:11.169+0000] {dag.py:3211} INFO - Sync 1 DAGs
[2024-08-24T11:26:11.177+0000] {logging_mixin.py:190} INFO - [2024-08-24T11:26:11.177+0000] {dag.py:4138} INFO - Setting next_dagrun for example_complex to None, run_after=None
[2024-08-24T11:26:11.191+0000] {processor.py:208} INFO - Processing /home/airflow/.local/lib/python3.12/site-packages/airflow/example_dags/example_complex.py took 0.056 seconds
[2024-08-24T11:26:41.351+0000] {processor.py:186} INFO - Started process (PID=777) to work on /home/airflow/.local/lib/python3.12/site-packages/airflow/example_dags/example_complex.py
[2024-08-24T11:26:41.351+0000] {processor.py:914} INFO - Processing file /home/airflow/.local/lib/python3.12/site-packages/airflow/example_dags/example_complex.py for tasks to queue
[2024-08-24T11:26:41.353+0000] {logging_mixin.py:190} INFO - [2024-08-24T11:26:41.352+0000] {dagbag.py:587} INFO - Filling up the DagBag from /home/airflow/.local/lib/python3.12/site-packages/airflow/example_dags/example_complex.py
[2024-08-24T11:26:41.358+0000] {processor.py:925} INFO - DAG(s) 'example_complex' retrieved from /home/airflow/.local/lib/python3.12/site-packages/airflow/example_dags/example_complex.py
[2024-08-24T11:26:41.374+0000] {logging_mixin.py:190} INFO - [2024-08-24T11:26:41.374+0000] {dag.py:3211} INFO - Sync 1 DAGs
[2024-08-24T11:26:41.383+0000] {logging_mixin.py:190} INFO - [2024-08-24T11:26:41.382+0000] {dag.py:4138} INFO - Setting next_dagrun for example_complex to None, run_after=None
[2024-08-24T11:26:41.392+0000] {processor.py:208} INFO - Processing /home/airflow/.local/lib/python3.12/site-packages/airflow/example_dags/example_complex.py took 0.046 seconds
[2024-08-24T11:27:11.610+0000] {processor.py:186} INFO - Started process (PID=839) to work on /home/airflow/.local/lib/python3.12/site-packages/airflow/example_dags/example_complex.py
[2024-08-24T11:27:11.611+0000] {processor.py:914} INFO - Processing file /home/airflow/.local/lib/python3.12/site-packages/airflow/example_dags/example_complex.py for tasks to queue
[2024-08-24T11:27:11.612+0000] {logging_mixin.py:190} INFO - [2024-08-24T11:27:11.612+0000] {dagbag.py:587} INFO - Filling up the DagBag from /home/airflow/.local/lib/python3.12/site-packages/airflow/example_dags/example_complex.py
[2024-08-24T11:27:11.622+0000] {processor.py:925} INFO - DAG(s) 'example_complex' retrieved from /home/airflow/.local/lib/python3.12/site-packages/airflow/example_dags/example_complex.py
[2024-08-24T11:27:11.639+0000] {logging_mixin.py:190} INFO - [2024-08-24T11:27:11.639+0000] {dag.py:3211} INFO - Sync 1 DAGs
[2024-08-24T11:27:11.646+0000] {logging_mixin.py:190} INFO - [2024-08-24T11:27:11.646+0000] {dag.py:4138} INFO - Setting next_dagrun for example_complex to None, run_after=None
[2024-08-24T11:27:11.655+0000] {processor.py:208} INFO - Processing /home/airflow/.local/lib/python3.12/site-packages/airflow/example_dags/example_complex.py took 0.049 seconds
[2024-08-24T11:27:41.946+0000] {processor.py:186} INFO - Started process (PID=901) to work on /home/airflow/.local/lib/python3.12/site-packages/airflow/example_dags/example_complex.py
[2024-08-24T11:27:41.946+0000] {processor.py:914} INFO - Processing file /home/airflow/.local/lib/python3.12/site-packages/airflow/example_dags/example_complex.py for tasks to queue
[2024-08-24T11:27:41.948+0000] {logging_mixin.py:190} INFO - [2024-08-24T11:27:41.947+0000] {dagbag.py:587} INFO - Filling up the DagBag from /home/airflow/.local/lib/python3.12/site-packages/airflow/example_dags/example_complex.py
[2024-08-24T11:27:41.954+0000] {processor.py:925} INFO - DAG(s) 'example_complex' retrieved from /home/airflow/.local/lib/python3.12/site-packages/airflow/example_dags/example_complex.py
[2024-08-24T11:27:41.978+0000] {logging_mixin.py:190} INFO - [2024-08-24T11:27:41.977+0000] {dag.py:3211} INFO - Sync 1 DAGs
[2024-08-24T11:27:41.987+0000] {logging_mixin.py:190} INFO - [2024-08-24T11:27:41.987+0000] {dag.py:4138} INFO - Setting next_dagrun for example_complex to None, run_after=None
[2024-08-24T11:27:41.998+0000] {processor.py:208} INFO - Processing /home/airflow/.local/lib/python3.12/site-packages/airflow/example_dags/example_complex.py took 0.057 seconds
[2024-08-24T11:28:12.922+0000] {processor.py:186} INFO - Started process (PID=963) to work on /home/airflow/.local/lib/python3.12/site-packages/airflow/example_dags/example_complex.py
[2024-08-24T11:28:12.922+0000] {processor.py:914} INFO - Processing file /home/airflow/.local/lib/python3.12/site-packages/airflow/example_dags/example_complex.py for tasks to queue
[2024-08-24T11:28:12.924+0000] {logging_mixin.py:190} INFO - [2024-08-24T11:28:12.924+0000] {dagbag.py:587} INFO - Filling up the DagBag from /home/airflow/.local/lib/python3.12/site-packages/airflow/example_dags/example_complex.py
[2024-08-24T11:28:12.931+0000] {processor.py:925} INFO - DAG(s) 'example_complex' retrieved from /home/airflow/.local/lib/python3.12/site-packages/airflow/example_dags/example_complex.py
[2024-08-24T11:28:12.947+0000] {logging_mixin.py:190} INFO - [2024-08-24T11:28:12.947+0000] {dag.py:3211} INFO - Sync 1 DAGs
[2024-08-24T11:28:12.955+0000] {logging_mixin.py:190} INFO - [2024-08-24T11:28:12.955+0000] {dag.py:4138} INFO - Setting next_dagrun for example_complex to None, run_after=None
[2024-08-24T11:28:12.964+0000] {processor.py:208} INFO - Processing /home/airflow/.local/lib/python3.12/site-packages/airflow/example_dags/example_complex.py took 0.047 seconds
[2024-08-24T11:28:43.905+0000] {processor.py:186} INFO - Started process (PID=1025) to work on /home/airflow/.local/lib/python3.12/site-packages/airflow/example_dags/example_complex.py
[2024-08-24T11:28:43.906+0000] {processor.py:914} INFO - Processing file /home/airflow/.local/lib/python3.12/site-packages/airflow/example_dags/example_complex.py for tasks to queue
[2024-08-24T11:28:43.907+0000] {logging_mixin.py:190} INFO - [2024-08-24T11:28:43.907+0000] {dagbag.py:587} INFO - Filling up the DagBag from /home/airflow/.local/lib/python3.12/site-packages/airflow/example_dags/example_complex.py
[2024-08-24T11:28:43.912+0000] {processor.py:925} INFO - DAG(s) 'example_complex' retrieved from /home/airflow/.local/lib/python3.12/site-packages/airflow/example_dags/example_complex.py
[2024-08-24T11:28:43.928+0000] {logging_mixin.py:190} INFO - [2024-08-24T11:28:43.928+0000] {dag.py:3211} INFO - Sync 1 DAGs
[2024-08-24T11:28:43.935+0000] {logging_mixin.py:190} INFO - [2024-08-24T11:28:43.935+0000] {dag.py:4138} INFO - Setting next_dagrun for example_complex to None, run_after=None
[2024-08-24T11:28:43.944+0000] {processor.py:208} INFO - Processing /home/airflow/.local/lib/python3.12/site-packages/airflow/example_dags/example_complex.py took 0.041 seconds
[2024-08-24T11:29:15.093+0000] {processor.py:186} INFO - Started process (PID=1087) to work on /home/airflow/.local/lib/python3.12/site-packages/airflow/example_dags/example_complex.py
[2024-08-24T11:29:15.093+0000] {processor.py:914} INFO - Processing file /home/airflow/.local/lib/python3.12/site-packages/airflow/example_dags/example_complex.py for tasks to queue
[2024-08-24T11:29:15.094+0000] {logging_mixin.py:190} INFO - [2024-08-24T11:29:15.094+0000] {dagbag.py:587} INFO - Filling up the DagBag from /home/airflow/.local/lib/python3.12/site-packages/airflow/example_dags/example_complex.py
[2024-08-24T11:29:15.100+0000] {processor.py:925} INFO - DAG(s) 'example_complex' retrieved from /home/airflow/.local/lib/python3.12/site-packages/airflow/example_dags/example_complex.py
[2024-08-24T11:29:15.118+0000] {logging_mixin.py:190} INFO - [2024-08-24T11:29:15.118+0000] {dag.py:3211} INFO - Sync 1 DAGs
[2024-08-24T11:29:15.125+0000] {logging_mixin.py:190} INFO - [2024-08-24T11:29:15.125+0000] {dag.py:4138} INFO - Setting next_dagrun for example_complex to None, run_after=None
[2024-08-24T11:29:15.134+0000] {processor.py:208} INFO - Processing /home/airflow/.local/lib/python3.12/site-packages/airflow/example_dags/example_complex.py took 0.045 seconds
[2024-08-24T11:29:45.236+0000] {processor.py:186} INFO - Started process (PID=1149) to work on /home/airflow/.local/lib/python3.12/site-packages/airflow/example_dags/example_complex.py
[2024-08-24T11:29:45.237+0000] {processor.py:914} INFO - Processing file /home/airflow/.local/lib/python3.12/site-packages/airflow/example_dags/example_complex.py for tasks to queue
[2024-08-24T11:29:45.238+0000] {logging_mixin.py:190} INFO - [2024-08-24T11:29:45.238+0000] {dagbag.py:587} INFO - Filling up the DagBag from /home/airflow/.local/lib/python3.12/site-packages/airflow/example_dags/example_complex.py
[2024-08-24T11:29:45.244+0000] {processor.py:925} INFO - DAG(s) 'example_complex' retrieved from /home/airflow/.local/lib/python3.12/site-packages/airflow/example_dags/example_complex.py
[2024-08-24T11:29:45.264+0000] {logging_mixin.py:190} INFO - [2024-08-24T11:29:45.264+0000] {dag.py:3211} INFO - Sync 1 DAGs
[2024-08-24T11:29:45.274+0000] {logging_mixin.py:190} INFO - [2024-08-24T11:29:45.274+0000] {dag.py:4138} INFO - Setting next_dagrun for example_complex to None, run_after=None
[2024-08-24T11:29:45.288+0000] {processor.py:208} INFO - Processing /home/airflow/.local/lib/python3.12/site-packages/airflow/example_dags/example_complex.py took 0.054 seconds
[2024-08-24T11:30:16.228+0000] {processor.py:186} INFO - Started process (PID=1211) to work on /home/airflow/.local/lib/python3.12/site-packages/airflow/example_dags/example_complex.py
[2024-08-24T11:30:16.229+0000] {processor.py:914} INFO - Processing file /home/airflow/.local/lib/python3.12/site-packages/airflow/example_dags/example_complex.py for tasks to queue
[2024-08-24T11:30:16.230+0000] {logging_mixin.py:190} INFO - [2024-08-24T11:30:16.230+0000] {dagbag.py:587} INFO - Filling up the DagBag from /home/airflow/.local/lib/python3.12/site-packages/airflow/example_dags/example_complex.py
[2024-08-24T11:30:16.236+0000] {processor.py:925} INFO - DAG(s) 'example_complex' retrieved from /home/airflow/.local/lib/python3.12/site-packages/airflow/example_dags/example_complex.py
[2024-08-24T11:30:16.253+0000] {logging_mixin.py:190} INFO - [2024-08-24T11:30:16.253+0000] {dag.py:3211} INFO - Sync 1 DAGs
[2024-08-24T11:30:16.261+0000] {logging_mixin.py:190} INFO - [2024-08-24T11:30:16.261+0000] {dag.py:4138} INFO - Setting next_dagrun for example_complex to None, run_after=None
[2024-08-24T11:30:16.271+0000] {processor.py:208} INFO - Processing /home/airflow/.local/lib/python3.12/site-packages/airflow/example_dags/example_complex.py took 0.046 seconds
[2024-08-24T11:30:47.293+0000] {processor.py:186} INFO - Started process (PID=1273) to work on /home/airflow/.local/lib/python3.12/site-packages/airflow/example_dags/example_complex.py
[2024-08-24T11:30:47.293+0000] {processor.py:914} INFO - Processing file /home/airflow/.local/lib/python3.12/site-packages/airflow/example_dags/example_complex.py for tasks to queue
[2024-08-24T11:30:47.294+0000] {logging_mixin.py:190} INFO - [2024-08-24T11:30:47.294+0000] {dagbag.py:587} INFO - Filling up the DagBag from /home/airflow/.local/lib/python3.12/site-packages/airflow/example_dags/example_complex.py
[2024-08-24T11:30:47.301+0000] {processor.py:925} INFO - DAG(s) 'example_complex' retrieved from /home/airflow/.local/lib/python3.12/site-packages/airflow/example_dags/example_complex.py
[2024-08-24T11:30:47.317+0000] {logging_mixin.py:190} INFO - [2024-08-24T11:30:47.317+0000] {dag.py:3211} INFO - Sync 1 DAGs
[2024-08-24T11:30:47.324+0000] {logging_mixin.py:190} INFO - [2024-08-24T11:30:47.324+0000] {dag.py:4138} INFO - Setting next_dagrun for example_complex to None, run_after=None
[2024-08-24T11:30:47.334+0000] {processor.py:208} INFO - Processing /home/airflow/.local/lib/python3.12/site-packages/airflow/example_dags/example_complex.py took 0.044 seconds
[2024-08-24T11:31:18.344+0000] {processor.py:186} INFO - Started process (PID=1335) to work on /home/airflow/.local/lib/python3.12/site-packages/airflow/example_dags/example_complex.py
[2024-08-24T11:31:18.345+0000] {processor.py:914} INFO - Processing file /home/airflow/.local/lib/python3.12/site-packages/airflow/example_dags/example_complex.py for tasks to queue
[2024-08-24T11:31:18.346+0000] {logging_mixin.py:190} INFO - [2024-08-24T11:31:18.346+0000] {dagbag.py:587} INFO - Filling up the DagBag from /home/airflow/.local/lib/python3.12/site-packages/airflow/example_dags/example_complex.py
[2024-08-24T11:31:18.356+0000] {processor.py:925} INFO - DAG(s) 'example_complex' retrieved from /home/airflow/.local/lib/python3.12/site-packages/airflow/example_dags/example_complex.py
[2024-08-24T11:31:18.372+0000] {logging_mixin.py:190} INFO - [2024-08-24T11:31:18.372+0000] {dag.py:3211} INFO - Sync 1 DAGs
[2024-08-24T11:31:18.380+0000] {logging_mixin.py:190} INFO - [2024-08-24T11:31:18.379+0000] {dag.py:4138} INFO - Setting next_dagrun for example_complex to None, run_after=None
[2024-08-24T11:31:18.390+0000] {processor.py:208} INFO - Processing /home/airflow/.local/lib/python3.12/site-packages/airflow/example_dags/example_complex.py took 0.050 seconds
[2024-08-24T11:31:49.462+0000] {processor.py:186} INFO - Started process (PID=1397) to work on /home/airflow/.local/lib/python3.12/site-packages/airflow/example_dags/example_complex.py
[2024-08-24T11:31:49.463+0000] {processor.py:914} INFO - Processing file /home/airflow/.local/lib/python3.12/site-packages/airflow/example_dags/example_complex.py for tasks to queue
[2024-08-24T11:31:49.464+0000] {logging_mixin.py:190} INFO - [2024-08-24T11:31:49.464+0000] {dagbag.py:587} INFO - Filling up the DagBag from /home/airflow/.local/lib/python3.12/site-packages/airflow/example_dags/example_complex.py
[2024-08-24T11:31:49.471+0000] {processor.py:925} INFO - DAG(s) 'example_complex' retrieved from /home/airflow/.local/lib/python3.12/site-packages/airflow/example_dags/example_complex.py
[2024-08-24T11:31:49.490+0000] {logging_mixin.py:190} INFO - [2024-08-24T11:31:49.490+0000] {dag.py:3211} INFO - Sync 1 DAGs
[2024-08-24T11:31:49.498+0000] {logging_mixin.py:190} INFO - [2024-08-24T11:31:49.498+0000] {dag.py:4138} INFO - Setting next_dagrun for example_complex to None, run_after=None
[2024-08-24T11:31:49.509+0000] {processor.py:208} INFO - Processing /home/airflow/.local/lib/python3.12/site-packages/airflow/example_dags/example_complex.py took 0.051 seconds
[2024-08-24T11:32:19.562+0000] {processor.py:186} INFO - Started process (PID=1459) to work on /home/airflow/.local/lib/python3.12/site-packages/airflow/example_dags/example_complex.py
[2024-08-24T11:32:19.562+0000] {processor.py:914} INFO - Processing file /home/airflow/.local/lib/python3.12/site-packages/airflow/example_dags/example_complex.py for tasks to queue
[2024-08-24T11:32:19.563+0000] {logging_mixin.py:190} INFO - [2024-08-24T11:32:19.563+0000] {dagbag.py:587} INFO - Filling up the DagBag from /home/airflow/.local/lib/python3.12/site-packages/airflow/example_dags/example_complex.py
[2024-08-24T11:32:19.569+0000] {processor.py:925} INFO - DAG(s) 'example_complex' retrieved from /home/airflow/.local/lib/python3.12/site-packages/airflow/example_dags/example_complex.py
[2024-08-24T11:32:19.586+0000] {logging_mixin.py:190} INFO - [2024-08-24T11:32:19.586+0000] {dag.py:3211} INFO - Sync 1 DAGs
[2024-08-24T11:32:19.594+0000] {logging_mixin.py:190} INFO - [2024-08-24T11:32:19.594+0000] {dag.py:4138} INFO - Setting next_dagrun for example_complex to None, run_after=None
[2024-08-24T11:32:19.603+0000] {processor.py:208} INFO - Processing /home/airflow/.local/lib/python3.12/site-packages/airflow/example_dags/example_complex.py took 0.045 seconds
[2024-08-24T11:32:49.872+0000] {processor.py:186} INFO - Started process (PID=1521) to work on /home/airflow/.local/lib/python3.12/site-packages/airflow/example_dags/example_complex.py
[2024-08-24T11:32:49.872+0000] {processor.py:914} INFO - Processing file /home/airflow/.local/lib/python3.12/site-packages/airflow/example_dags/example_complex.py for tasks to queue
[2024-08-24T11:32:49.874+0000] {logging_mixin.py:190} INFO - [2024-08-24T11:32:49.873+0000] {dagbag.py:587} INFO - Filling up the DagBag from /home/airflow/.local/lib/python3.12/site-packages/airflow/example_dags/example_complex.py
[2024-08-24T11:32:49.880+0000] {processor.py:925} INFO - DAG(s) 'example_complex' retrieved from /home/airflow/.local/lib/python3.12/site-packages/airflow/example_dags/example_complex.py
[2024-08-24T11:32:49.896+0000] {logging_mixin.py:190} INFO - [2024-08-24T11:32:49.895+0000] {dag.py:3211} INFO - Sync 1 DAGs
[2024-08-24T11:32:49.903+0000] {logging_mixin.py:190} INFO - [2024-08-24T11:32:49.902+0000] {dag.py:4138} INFO - Setting next_dagrun for example_complex to None, run_after=None
[2024-08-24T11:32:49.911+0000] {processor.py:208} INFO - Processing /home/airflow/.local/lib/python3.12/site-packages/airflow/example_dags/example_complex.py took 0.042 seconds
[2024-08-24T11:33:20.026+0000] {processor.py:186} INFO - Started process (PID=1583) to work on /home/airflow/.local/lib/python3.12/site-packages/airflow/example_dags/example_complex.py
[2024-08-24T11:33:20.026+0000] {processor.py:914} INFO - Processing file /home/airflow/.local/lib/python3.12/site-packages/airflow/example_dags/example_complex.py for tasks to queue
[2024-08-24T11:33:20.027+0000] {logging_mixin.py:190} INFO - [2024-08-24T11:33:20.027+0000] {dagbag.py:587} INFO - Filling up the DagBag from /home/airflow/.local/lib/python3.12/site-packages/airflow/example_dags/example_complex.py
[2024-08-24T11:33:20.033+0000] {processor.py:925} INFO - DAG(s) 'example_complex' retrieved from /home/airflow/.local/lib/python3.12/site-packages/airflow/example_dags/example_complex.py
[2024-08-24T11:33:20.055+0000] {logging_mixin.py:190} INFO - [2024-08-24T11:33:20.055+0000] {dag.py:3211} INFO - Sync 1 DAGs
[2024-08-24T11:33:20.065+0000] {logging_mixin.py:190} INFO - [2024-08-24T11:33:20.065+0000] {dag.py:4138} INFO - Setting next_dagrun for example_complex to None, run_after=None
[2024-08-24T11:33:20.080+0000] {processor.py:208} INFO - Processing /home/airflow/.local/lib/python3.12/site-packages/airflow/example_dags/example_complex.py took 0.059 seconds
[2024-08-24T11:33:50.304+0000] {processor.py:186} INFO - Started process (PID=1645) to work on /home/airflow/.local/lib/python3.12/site-packages/airflow/example_dags/example_complex.py
[2024-08-24T11:33:50.305+0000] {processor.py:914} INFO - Processing file /home/airflow/.local/lib/python3.12/site-packages/airflow/example_dags/example_complex.py for tasks to queue
[2024-08-24T11:33:50.307+0000] {logging_mixin.py:190} INFO - [2024-08-24T11:33:50.307+0000] {dagbag.py:587} INFO - Filling up the DagBag from /home/airflow/.local/lib/python3.12/site-packages/airflow/example_dags/example_complex.py
[2024-08-24T11:33:50.318+0000] {processor.py:925} INFO - DAG(s) 'example_complex' retrieved from /home/airflow/.local/lib/python3.12/site-packages/airflow/example_dags/example_complex.py
[2024-08-24T11:33:50.336+0000] {logging_mixin.py:190} INFO - [2024-08-24T11:33:50.336+0000] {dag.py:3211} INFO - Sync 1 DAGs
[2024-08-24T11:33:50.343+0000] {logging_mixin.py:190} INFO - [2024-08-24T11:33:50.343+0000] {dag.py:4138} INFO - Setting next_dagrun for example_complex to None, run_after=None
[2024-08-24T11:33:50.353+0000] {processor.py:208} INFO - Processing /home/airflow/.local/lib/python3.12/site-packages/airflow/example_dags/example_complex.py took 0.053 seconds
[2024-08-24T11:34:20.510+0000] {processor.py:186} INFO - Started process (PID=1707) to work on /home/airflow/.local/lib/python3.12/site-packages/airflow/example_dags/example_complex.py
[2024-08-24T11:34:20.511+0000] {processor.py:914} INFO - Processing file /home/airflow/.local/lib/python3.12/site-packages/airflow/example_dags/example_complex.py for tasks to queue
[2024-08-24T11:34:20.512+0000] {logging_mixin.py:190} INFO - [2024-08-24T11:34:20.512+0000] {dagbag.py:587} INFO - Filling up the DagBag from /home/airflow/.local/lib/python3.12/site-packages/airflow/example_dags/example_complex.py
[2024-08-24T11:34:20.519+0000] {processor.py:925} INFO - DAG(s) 'example_complex' retrieved from /home/airflow/.local/lib/python3.12/site-packages/airflow/example_dags/example_complex.py
[2024-08-24T11:34:20.539+0000] {logging_mixin.py:190} INFO - [2024-08-24T11:34:20.539+0000] {dag.py:3211} INFO - Sync 1 DAGs
[2024-08-24T11:34:20.552+0000] {logging_mixin.py:190} INFO - [2024-08-24T11:34:20.551+0000] {dag.py:4138} INFO - Setting next_dagrun for example_complex to None, run_after=None
[2024-08-24T11:34:20.564+0000] {processor.py:208} INFO - Processing /home/airflow/.local/lib/python3.12/site-packages/airflow/example_dags/example_complex.py took 0.059 seconds
[2024-08-24T11:34:50.723+0000] {processor.py:186} INFO - Started process (PID=1769) to work on /home/airflow/.local/lib/python3.12/site-packages/airflow/example_dags/example_complex.py
[2024-08-24T11:34:50.723+0000] {processor.py:914} INFO - Processing file /home/airflow/.local/lib/python3.12/site-packages/airflow/example_dags/example_complex.py for tasks to queue
[2024-08-24T11:34:50.725+0000] {logging_mixin.py:190} INFO - [2024-08-24T11:34:50.724+0000] {dagbag.py:587} INFO - Filling up the DagBag from /home/airflow/.local/lib/python3.12/site-packages/airflow/example_dags/example_complex.py
[2024-08-24T11:34:50.731+0000] {processor.py:925} INFO - DAG(s) 'example_complex' retrieved from /home/airflow/.local/lib/python3.12/site-packages/airflow/example_dags/example_complex.py
[2024-08-24T11:34:50.748+0000] {logging_mixin.py:190} INFO - [2024-08-24T11:34:50.748+0000] {dag.py:3211} INFO - Sync 1 DAGs
[2024-08-24T11:34:50.756+0000] {logging_mixin.py:190} INFO - [2024-08-24T11:34:50.756+0000] {dag.py:4138} INFO - Setting next_dagrun for example_complex to None, run_after=None
[2024-08-24T11:34:50.766+0000] {processor.py:208} INFO - Processing /home/airflow/.local/lib/python3.12/site-packages/airflow/example_dags/example_complex.py took 0.046 seconds
[2024-08-24T11:35:21.010+0000] {processor.py:186} INFO - Started process (PID=1831) to work on /home/airflow/.local/lib/python3.12/site-packages/airflow/example_dags/example_complex.py
[2024-08-24T11:35:21.010+0000] {processor.py:914} INFO - Processing file /home/airflow/.local/lib/python3.12/site-packages/airflow/example_dags/example_complex.py for tasks to queue
[2024-08-24T11:35:21.011+0000] {logging_mixin.py:190} INFO - [2024-08-24T11:35:21.011+0000] {dagbag.py:587} INFO - Filling up the DagBag from /home/airflow/.local/lib/python3.12/site-packages/airflow/example_dags/example_complex.py
[2024-08-24T11:35:21.017+0000] {processor.py:925} INFO - DAG(s) 'example_complex' retrieved from /home/airflow/.local/lib/python3.12/site-packages/airflow/example_dags/example_complex.py
[2024-08-24T11:35:21.036+0000] {logging_mixin.py:190} INFO - [2024-08-24T11:35:21.036+0000] {dag.py:3211} INFO - Sync 1 DAGs
[2024-08-24T11:35:21.044+0000] {logging_mixin.py:190} INFO - [2024-08-24T11:35:21.044+0000] {dag.py:4138} INFO - Setting next_dagrun for example_complex to None, run_after=None
[2024-08-24T11:35:21.054+0000] {processor.py:208} INFO - Processing /home/airflow/.local/lib/python3.12/site-packages/airflow/example_dags/example_complex.py took 0.048 seconds
[2024-08-24T11:35:51.318+0000] {processor.py:186} INFO - Started process (PID=1893) to work on /home/airflow/.local/lib/python3.12/site-packages/airflow/example_dags/example_complex.py
[2024-08-24T11:35:51.318+0000] {processor.py:914} INFO - Processing file /home/airflow/.local/lib/python3.12/site-packages/airflow/example_dags/example_complex.py for tasks to queue
[2024-08-24T11:35:51.319+0000] {logging_mixin.py:190} INFO - [2024-08-24T11:35:51.319+0000] {dagbag.py:587} INFO - Filling up the DagBag from /home/airflow/.local/lib/python3.12/site-packages/airflow/example_dags/example_complex.py
[2024-08-24T11:35:51.325+0000] {processor.py:925} INFO - DAG(s) 'example_complex' retrieved from /home/airflow/.local/lib/python3.12/site-packages/airflow/example_dags/example_complex.py
[2024-08-24T11:35:51.340+0000] {logging_mixin.py:190} INFO - [2024-08-24T11:35:51.340+0000] {dag.py:3211} INFO - Sync 1 DAGs
[2024-08-24T11:35:51.348+0000] {logging_mixin.py:190} INFO - [2024-08-24T11:35:51.348+0000] {dag.py:4138} INFO - Setting next_dagrun for example_complex to None, run_after=None
[2024-08-24T11:35:51.357+0000] {processor.py:208} INFO - Processing /home/airflow/.local/lib/python3.12/site-packages/airflow/example_dags/example_complex.py took 0.044 seconds
[2024-08-24T11:36:21.784+0000] {processor.py:186} INFO - Started process (PID=1955) to work on /home/airflow/.local/lib/python3.12/site-packages/airflow/example_dags/example_complex.py
[2024-08-24T11:36:21.784+0000] {processor.py:914} INFO - Processing file /home/airflow/.local/lib/python3.12/site-packages/airflow/example_dags/example_complex.py for tasks to queue
[2024-08-24T11:36:21.785+0000] {logging_mixin.py:190} INFO - [2024-08-24T11:36:21.785+0000] {dagbag.py:587} INFO - Filling up the DagBag from /home/airflow/.local/lib/python3.12/site-packages/airflow/example_dags/example_complex.py
[2024-08-24T11:36:21.791+0000] {processor.py:925} INFO - DAG(s) 'example_complex' retrieved from /home/airflow/.local/lib/python3.12/site-packages/airflow/example_dags/example_complex.py
[2024-08-24T11:36:21.810+0000] {logging_mixin.py:190} INFO - [2024-08-24T11:36:21.810+0000] {dag.py:3211} INFO - Sync 1 DAGs
[2024-08-24T11:36:21.821+0000] {logging_mixin.py:190} INFO - [2024-08-24T11:36:21.821+0000] {dag.py:4138} INFO - Setting next_dagrun for example_complex to None, run_after=None
[2024-08-24T11:36:21.829+0000] {processor.py:208} INFO - Processing /home/airflow/.local/lib/python3.12/site-packages/airflow/example_dags/example_complex.py took 0.049 seconds
[2024-08-24T11:36:51.993+0000] {processor.py:186} INFO - Started process (PID=2017) to work on /home/airflow/.local/lib/python3.12/site-packages/airflow/example_dags/example_complex.py
[2024-08-24T11:36:51.993+0000] {processor.py:914} INFO - Processing file /home/airflow/.local/lib/python3.12/site-packages/airflow/example_dags/example_complex.py for tasks to queue
[2024-08-24T11:36:51.994+0000] {logging_mixin.py:190} INFO - [2024-08-24T11:36:51.994+0000] {dagbag.py:587} INFO - Filling up the DagBag from /home/airflow/.local/lib/python3.12/site-packages/airflow/example_dags/example_complex.py
[2024-08-24T11:36:52.000+0000] {processor.py:925} INFO - DAG(s) 'example_complex' retrieved from /home/airflow/.local/lib/python3.12/site-packages/airflow/example_dags/example_complex.py
[2024-08-24T11:36:52.019+0000] {logging_mixin.py:190} INFO - [2024-08-24T11:36:52.019+0000] {dag.py:3211} INFO - Sync 1 DAGs
[2024-08-24T11:36:52.031+0000] {logging_mixin.py:190} INFO - [2024-08-24T11:36:52.030+0000] {dag.py:4138} INFO - Setting next_dagrun for example_complex to None, run_after=None
[2024-08-24T11:36:52.045+0000] {processor.py:208} INFO - Processing /home/airflow/.local/lib/python3.12/site-packages/airflow/example_dags/example_complex.py took 0.056 seconds
[2024-08-24T11:37:22.358+0000] {processor.py:186} INFO - Started process (PID=2079) to work on /home/airflow/.local/lib/python3.12/site-packages/airflow/example_dags/example_complex.py
[2024-08-24T11:37:22.358+0000] {processor.py:914} INFO - Processing file /home/airflow/.local/lib/python3.12/site-packages/airflow/example_dags/example_complex.py for tasks to queue
[2024-08-24T11:37:22.359+0000] {logging_mixin.py:190} INFO - [2024-08-24T11:37:22.359+0000] {dagbag.py:587} INFO - Filling up the DagBag from /home/airflow/.local/lib/python3.12/site-packages/airflow/example_dags/example_complex.py
[2024-08-24T11:37:22.366+0000] {processor.py:925} INFO - DAG(s) 'example_complex' retrieved from /home/airflow/.local/lib/python3.12/site-packages/airflow/example_dags/example_complex.py
[2024-08-24T11:37:22.382+0000] {logging_mixin.py:190} INFO - [2024-08-24T11:37:22.381+0000] {dag.py:3211} INFO - Sync 1 DAGs
[2024-08-24T11:37:22.389+0000] {logging_mixin.py:190} INFO - [2024-08-24T11:37:22.389+0000] {dag.py:4138} INFO - Setting next_dagrun for example_complex to None, run_after=None
[2024-08-24T11:37:22.399+0000] {processor.py:208} INFO - Processing /home/airflow/.local/lib/python3.12/site-packages/airflow/example_dags/example_complex.py took 0.044 seconds
[2024-08-24T11:37:52.931+0000] {processor.py:186} INFO - Started process (PID=2142) to work on /home/airflow/.local/lib/python3.12/site-packages/airflow/example_dags/example_complex.py
[2024-08-24T11:37:52.932+0000] {processor.py:914} INFO - Processing file /home/airflow/.local/lib/python3.12/site-packages/airflow/example_dags/example_complex.py for tasks to queue
[2024-08-24T11:37:52.933+0000] {logging_mixin.py:190} INFO - [2024-08-24T11:37:52.933+0000] {dagbag.py:587} INFO - Filling up the DagBag from /home/airflow/.local/lib/python3.12/site-packages/airflow/example_dags/example_complex.py
[2024-08-24T11:37:52.939+0000] {processor.py:925} INFO - DAG(s) 'example_complex' retrieved from /home/airflow/.local/lib/python3.12/site-packages/airflow/example_dags/example_complex.py
[2024-08-24T11:37:52.963+0000] {logging_mixin.py:190} INFO - [2024-08-24T11:37:52.962+0000] {dag.py:3211} INFO - Sync 1 DAGs
[2024-08-24T11:37:52.970+0000] {logging_mixin.py:190} INFO - [2024-08-24T11:37:52.970+0000] {dag.py:4138} INFO - Setting next_dagrun for example_complex to None, run_after=None
[2024-08-24T11:37:52.978+0000] {processor.py:208} INFO - Processing /home/airflow/.local/lib/python3.12/site-packages/airflow/example_dags/example_complex.py took 0.050 seconds
[2024-08-24T11:38:23.455+0000] {processor.py:186} INFO - Started process (PID=2204) to work on /home/airflow/.local/lib/python3.12/site-packages/airflow/example_dags/example_complex.py
[2024-08-24T11:38:23.456+0000] {processor.py:914} INFO - Processing file /home/airflow/.local/lib/python3.12/site-packages/airflow/example_dags/example_complex.py for tasks to queue
[2024-08-24T11:38:23.457+0000] {logging_mixin.py:190} INFO - [2024-08-24T11:38:23.457+0000] {dagbag.py:587} INFO - Filling up the DagBag from /home/airflow/.local/lib/python3.12/site-packages/airflow/example_dags/example_complex.py
[2024-08-24T11:38:23.467+0000] {processor.py:925} INFO - DAG(s) 'example_complex' retrieved from /home/airflow/.local/lib/python3.12/site-packages/airflow/example_dags/example_complex.py
[2024-08-24T11:38:23.485+0000] {logging_mixin.py:190} INFO - [2024-08-24T11:38:23.485+0000] {dag.py:3211} INFO - Sync 1 DAGs
[2024-08-24T11:38:23.492+0000] {logging_mixin.py:190} INFO - [2024-08-24T11:38:23.492+0000] {dag.py:4138} INFO - Setting next_dagrun for example_complex to None, run_after=None
[2024-08-24T11:38:23.502+0000] {processor.py:208} INFO - Processing /home/airflow/.local/lib/python3.12/site-packages/airflow/example_dags/example_complex.py took 0.051 seconds
[2024-08-24T11:38:53.928+0000] {processor.py:186} INFO - Started process (PID=2265) to work on /home/airflow/.local/lib/python3.12/site-packages/airflow/example_dags/example_complex.py
[2024-08-24T11:38:53.928+0000] {processor.py:914} INFO - Processing file /home/airflow/.local/lib/python3.12/site-packages/airflow/example_dags/example_complex.py for tasks to queue
[2024-08-24T11:38:53.930+0000] {logging_mixin.py:190} INFO - [2024-08-24T11:38:53.930+0000] {dagbag.py:587} INFO - Filling up the DagBag from /home/airflow/.local/lib/python3.12/site-packages/airflow/example_dags/example_complex.py
[2024-08-24T11:38:53.936+0000] {processor.py:925} INFO - DAG(s) 'example_complex' retrieved from /home/airflow/.local/lib/python3.12/site-packages/airflow/example_dags/example_complex.py
[2024-08-24T11:38:53.954+0000] {logging_mixin.py:190} INFO - [2024-08-24T11:38:53.954+0000] {dag.py:3211} INFO - Sync 1 DAGs
[2024-08-24T11:38:53.962+0000] {logging_mixin.py:190} INFO - [2024-08-24T11:38:53.962+0000] {dag.py:4138} INFO - Setting next_dagrun for example_complex to None, run_after=None
[2024-08-24T11:38:53.972+0000] {processor.py:208} INFO - Processing /home/airflow/.local/lib/python3.12/site-packages/airflow/example_dags/example_complex.py took 0.048 seconds
[2024-08-24T11:39:24.549+0000] {processor.py:186} INFO - Started process (PID=2327) to work on /home/airflow/.local/lib/python3.12/site-packages/airflow/example_dags/example_complex.py
[2024-08-24T11:39:24.550+0000] {processor.py:914} INFO - Processing file /home/airflow/.local/lib/python3.12/site-packages/airflow/example_dags/example_complex.py for tasks to queue
[2024-08-24T11:39:24.551+0000] {logging_mixin.py:190} INFO - [2024-08-24T11:39:24.551+0000] {dagbag.py:587} INFO - Filling up the DagBag from /home/airflow/.local/lib/python3.12/site-packages/airflow/example_dags/example_complex.py
[2024-08-24T11:39:24.557+0000] {processor.py:925} INFO - DAG(s) 'example_complex' retrieved from /home/airflow/.local/lib/python3.12/site-packages/airflow/example_dags/example_complex.py
[2024-08-24T11:39:24.579+0000] {logging_mixin.py:190} INFO - [2024-08-24T11:39:24.579+0000] {dag.py:3211} INFO - Sync 1 DAGs
[2024-08-24T11:39:24.588+0000] {logging_mixin.py:190} INFO - [2024-08-24T11:39:24.588+0000] {dag.py:4138} INFO - Setting next_dagrun for example_complex to None, run_after=None
[2024-08-24T11:39:24.599+0000] {processor.py:208} INFO - Processing /home/airflow/.local/lib/python3.12/site-packages/airflow/example_dags/example_complex.py took 0.054 seconds
[2024-08-24T11:39:55.122+0000] {processor.py:186} INFO - Started process (PID=2389) to work on /home/airflow/.local/lib/python3.12/site-packages/airflow/example_dags/example_complex.py
[2024-08-24T11:39:55.123+0000] {processor.py:914} INFO - Processing file /home/airflow/.local/lib/python3.12/site-packages/airflow/example_dags/example_complex.py for tasks to queue
[2024-08-24T11:39:55.124+0000] {logging_mixin.py:190} INFO - [2024-08-24T11:39:55.124+0000] {dagbag.py:587} INFO - Filling up the DagBag from /home/airflow/.local/lib/python3.12/site-packages/airflow/example_dags/example_complex.py
[2024-08-24T11:39:55.130+0000] {processor.py:925} INFO - DAG(s) 'example_complex' retrieved from /home/airflow/.local/lib/python3.12/site-packages/airflow/example_dags/example_complex.py
[2024-08-24T11:39:55.148+0000] {logging_mixin.py:190} INFO - [2024-08-24T11:39:55.148+0000] {dag.py:3211} INFO - Sync 1 DAGs
[2024-08-24T11:39:55.158+0000] {logging_mixin.py:190} INFO - [2024-08-24T11:39:55.158+0000] {dag.py:4138} INFO - Setting next_dagrun for example_complex to None, run_after=None
[2024-08-24T11:39:55.168+0000] {processor.py:208} INFO - Processing /home/airflow/.local/lib/python3.12/site-packages/airflow/example_dags/example_complex.py took 0.049 seconds
[2024-08-24T11:40:25.666+0000] {processor.py:186} INFO - Started process (PID=2451) to work on /home/airflow/.local/lib/python3.12/site-packages/airflow/example_dags/example_complex.py
[2024-08-24T11:40:25.666+0000] {processor.py:914} INFO - Processing file /home/airflow/.local/lib/python3.12/site-packages/airflow/example_dags/example_complex.py for tasks to queue
[2024-08-24T11:40:25.668+0000] {logging_mixin.py:190} INFO - [2024-08-24T11:40:25.667+0000] {dagbag.py:587} INFO - Filling up the DagBag from /home/airflow/.local/lib/python3.12/site-packages/airflow/example_dags/example_complex.py
[2024-08-24T11:40:25.673+0000] {processor.py:925} INFO - DAG(s) 'example_complex' retrieved from /home/airflow/.local/lib/python3.12/site-packages/airflow/example_dags/example_complex.py
[2024-08-24T11:40:25.692+0000] {logging_mixin.py:190} INFO - [2024-08-24T11:40:25.692+0000] {dag.py:3211} INFO - Sync 1 DAGs
[2024-08-24T11:40:25.706+0000] {logging_mixin.py:190} INFO - [2024-08-24T11:40:25.706+0000] {dag.py:4138} INFO - Setting next_dagrun for example_complex to None, run_after=None
[2024-08-24T11:40:25.717+0000] {processor.py:208} INFO - Processing /home/airflow/.local/lib/python3.12/site-packages/airflow/example_dags/example_complex.py took 0.054 seconds
[2024-08-24T11:40:56.353+0000] {processor.py:186} INFO - Started process (PID=2513) to work on /home/airflow/.local/lib/python3.12/site-packages/airflow/example_dags/example_complex.py
[2024-08-24T11:40:56.354+0000] {processor.py:914} INFO - Processing file /home/airflow/.local/lib/python3.12/site-packages/airflow/example_dags/example_complex.py for tasks to queue
[2024-08-24T11:40:56.355+0000] {logging_mixin.py:190} INFO - [2024-08-24T11:40:56.355+0000] {dagbag.py:587} INFO - Filling up the DagBag from /home/airflow/.local/lib/python3.12/site-packages/airflow/example_dags/example_complex.py
[2024-08-24T11:40:56.363+0000] {processor.py:925} INFO - DAG(s) 'example_complex' retrieved from /home/airflow/.local/lib/python3.12/site-packages/airflow/example_dags/example_complex.py
[2024-08-24T11:40:56.379+0000] {logging_mixin.py:190} INFO - [2024-08-24T11:40:56.379+0000] {dag.py:3211} INFO - Sync 1 DAGs
[2024-08-24T11:40:56.387+0000] {logging_mixin.py:190} INFO - [2024-08-24T11:40:56.387+0000] {dag.py:4138} INFO - Setting next_dagrun for example_complex to None, run_after=None
[2024-08-24T11:40:56.396+0000] {processor.py:208} INFO - Processing /home/airflow/.local/lib/python3.12/site-packages/airflow/example_dags/example_complex.py took 0.048 seconds
[2024-08-24T11:41:26.811+0000] {processor.py:186} INFO - Started process (PID=2575) to work on /home/airflow/.local/lib/python3.12/site-packages/airflow/example_dags/example_complex.py
[2024-08-24T11:41:26.811+0000] {processor.py:914} INFO - Processing file /home/airflow/.local/lib/python3.12/site-packages/airflow/example_dags/example_complex.py for tasks to queue
[2024-08-24T11:41:26.812+0000] {logging_mixin.py:190} INFO - [2024-08-24T11:41:26.812+0000] {dagbag.py:587} INFO - Filling up the DagBag from /home/airflow/.local/lib/python3.12/site-packages/airflow/example_dags/example_complex.py
[2024-08-24T11:41:26.818+0000] {processor.py:925} INFO - DAG(s) 'example_complex' retrieved from /home/airflow/.local/lib/python3.12/site-packages/airflow/example_dags/example_complex.py
[2024-08-24T11:41:26.835+0000] {logging_mixin.py:190} INFO - [2024-08-24T11:41:26.835+0000] {dag.py:3211} INFO - Sync 1 DAGs
[2024-08-24T11:41:26.843+0000] {logging_mixin.py:190} INFO - [2024-08-24T11:41:26.843+0000] {dag.py:4138} INFO - Setting next_dagrun for example_complex to None, run_after=None
[2024-08-24T11:41:26.852+0000] {processor.py:208} INFO - Processing /home/airflow/.local/lib/python3.12/site-packages/airflow/example_dags/example_complex.py took 0.046 seconds
[2024-08-24T11:41:57.393+0000] {processor.py:186} INFO - Started process (PID=2637) to work on /home/airflow/.local/lib/python3.12/site-packages/airflow/example_dags/example_complex.py
[2024-08-24T11:41:57.393+0000] {processor.py:914} INFO - Processing file /home/airflow/.local/lib/python3.12/site-packages/airflow/example_dags/example_complex.py for tasks to queue
[2024-08-24T11:41:57.394+0000] {logging_mixin.py:190} INFO - [2024-08-24T11:41:57.394+0000] {dagbag.py:587} INFO - Filling up the DagBag from /home/airflow/.local/lib/python3.12/site-packages/airflow/example_dags/example_complex.py
[2024-08-24T11:41:57.400+0000] {processor.py:925} INFO - DAG(s) 'example_complex' retrieved from /home/airflow/.local/lib/python3.12/site-packages/airflow/example_dags/example_complex.py
[2024-08-24T11:41:57.415+0000] {logging_mixin.py:190} INFO - [2024-08-24T11:41:57.415+0000] {dag.py:3211} INFO - Sync 1 DAGs
[2024-08-24T11:41:57.422+0000] {logging_mixin.py:190} INFO - [2024-08-24T11:41:57.422+0000] {dag.py:4138} INFO - Setting next_dagrun for example_complex to None, run_after=None
[2024-08-24T11:41:57.431+0000] {processor.py:208} INFO - Processing /home/airflow/.local/lib/python3.12/site-packages/airflow/example_dags/example_complex.py took 0.041 seconds
[2024-08-24T11:42:27.752+0000] {processor.py:186} INFO - Started process (PID=2699) to work on /home/airflow/.local/lib/python3.12/site-packages/airflow/example_dags/example_complex.py
[2024-08-24T11:42:27.752+0000] {processor.py:914} INFO - Processing file /home/airflow/.local/lib/python3.12/site-packages/airflow/example_dags/example_complex.py for tasks to queue
[2024-08-24T11:42:27.753+0000] {logging_mixin.py:190} INFO - [2024-08-24T11:42:27.753+0000] {dagbag.py:587} INFO - Filling up the DagBag from /home/airflow/.local/lib/python3.12/site-packages/airflow/example_dags/example_complex.py
[2024-08-24T11:42:27.759+0000] {processor.py:925} INFO - DAG(s) 'example_complex' retrieved from /home/airflow/.local/lib/python3.12/site-packages/airflow/example_dags/example_complex.py
[2024-08-24T11:42:27.777+0000] {logging_mixin.py:190} INFO - [2024-08-24T11:42:27.777+0000] {dag.py:3211} INFO - Sync 1 DAGs
[2024-08-24T11:42:27.785+0000] {logging_mixin.py:190} INFO - [2024-08-24T11:42:27.785+0000] {dag.py:4138} INFO - Setting next_dagrun for example_complex to None, run_after=None
[2024-08-24T11:42:27.794+0000] {processor.py:208} INFO - Processing /home/airflow/.local/lib/python3.12/site-packages/airflow/example_dags/example_complex.py took 0.046 seconds
[2024-08-24T11:42:58.263+0000] {processor.py:186} INFO - Started process (PID=2761) to work on /home/airflow/.local/lib/python3.12/site-packages/airflow/example_dags/example_complex.py
[2024-08-24T11:42:58.263+0000] {processor.py:914} INFO - Processing file /home/airflow/.local/lib/python3.12/site-packages/airflow/example_dags/example_complex.py for tasks to queue
[2024-08-24T11:42:58.264+0000] {logging_mixin.py:190} INFO - [2024-08-24T11:42:58.264+0000] {dagbag.py:587} INFO - Filling up the DagBag from /home/airflow/.local/lib/python3.12/site-packages/airflow/example_dags/example_complex.py
[2024-08-24T11:42:58.271+0000] {processor.py:925} INFO - DAG(s) 'example_complex' retrieved from /home/airflow/.local/lib/python3.12/site-packages/airflow/example_dags/example_complex.py
[2024-08-24T11:42:58.288+0000] {logging_mixin.py:190} INFO - [2024-08-24T11:42:58.288+0000] {dag.py:3211} INFO - Sync 1 DAGs
[2024-08-24T11:42:58.295+0000] {logging_mixin.py:190} INFO - [2024-08-24T11:42:58.295+0000] {dag.py:4138} INFO - Setting next_dagrun for example_complex to None, run_after=None
[2024-08-24T11:42:58.305+0000] {processor.py:208} INFO - Processing /home/airflow/.local/lib/python3.12/site-packages/airflow/example_dags/example_complex.py took 0.046 seconds
[2024-08-24T11:43:28.718+0000] {processor.py:186} INFO - Started process (PID=2823) to work on /home/airflow/.local/lib/python3.12/site-packages/airflow/example_dags/example_complex.py
[2024-08-24T11:43:28.718+0000] {processor.py:914} INFO - Processing file /home/airflow/.local/lib/python3.12/site-packages/airflow/example_dags/example_complex.py for tasks to queue
[2024-08-24T11:43:28.720+0000] {logging_mixin.py:190} INFO - [2024-08-24T11:43:28.720+0000] {dagbag.py:587} INFO - Filling up the DagBag from /home/airflow/.local/lib/python3.12/site-packages/airflow/example_dags/example_complex.py
[2024-08-24T11:43:28.729+0000] {processor.py:925} INFO - DAG(s) 'example_complex' retrieved from /home/airflow/.local/lib/python3.12/site-packages/airflow/example_dags/example_complex.py
[2024-08-24T11:43:28.749+0000] {logging_mixin.py:190} INFO - [2024-08-24T11:43:28.748+0000] {dag.py:3211} INFO - Sync 1 DAGs
[2024-08-24T11:43:28.759+0000] {logging_mixin.py:190} INFO - [2024-08-24T11:43:28.759+0000] {dag.py:4138} INFO - Setting next_dagrun for example_complex to None, run_after=None
[2024-08-24T11:43:28.773+0000] {processor.py:208} INFO - Processing /home/airflow/.local/lib/python3.12/site-packages/airflow/example_dags/example_complex.py took 0.059 seconds
[2024-08-24T11:43:59.330+0000] {processor.py:186} INFO - Started process (PID=2885) to work on /home/airflow/.local/lib/python3.12/site-packages/airflow/example_dags/example_complex.py
[2024-08-24T11:43:59.330+0000] {processor.py:914} INFO - Processing file /home/airflow/.local/lib/python3.12/site-packages/airflow/example_dags/example_complex.py for tasks to queue
[2024-08-24T11:43:59.331+0000] {logging_mixin.py:190} INFO - [2024-08-24T11:43:59.331+0000] {dagbag.py:587} INFO - Filling up the DagBag from /home/airflow/.local/lib/python3.12/site-packages/airflow/example_dags/example_complex.py
[2024-08-24T11:43:59.339+0000] {processor.py:925} INFO - DAG(s) 'example_complex' retrieved from /home/airflow/.local/lib/python3.12/site-packages/airflow/example_dags/example_complex.py
[2024-08-24T11:43:59.356+0000] {logging_mixin.py:190} INFO - [2024-08-24T11:43:59.356+0000] {dag.py:3211} INFO - Sync 1 DAGs
[2024-08-24T11:43:59.363+0000] {logging_mixin.py:190} INFO - [2024-08-24T11:43:59.363+0000] {dag.py:4138} INFO - Setting next_dagrun for example_complex to None, run_after=None
[2024-08-24T11:43:59.372+0000] {processor.py:208} INFO - Processing /home/airflow/.local/lib/python3.12/site-packages/airflow/example_dags/example_complex.py took 0.046 seconds
[2024-08-24T11:44:29.628+0000] {processor.py:186} INFO - Started process (PID=2947) to work on /home/airflow/.local/lib/python3.12/site-packages/airflow/example_dags/example_complex.py
[2024-08-24T11:44:29.629+0000] {processor.py:914} INFO - Processing file /home/airflow/.local/lib/python3.12/site-packages/airflow/example_dags/example_complex.py for tasks to queue
[2024-08-24T11:44:29.630+0000] {logging_mixin.py:190} INFO - [2024-08-24T11:44:29.630+0000] {dagbag.py:587} INFO - Filling up the DagBag from /home/airflow/.local/lib/python3.12/site-packages/airflow/example_dags/example_complex.py
[2024-08-24T11:44:29.636+0000] {processor.py:925} INFO - DAG(s) 'example_complex' retrieved from /home/airflow/.local/lib/python3.12/site-packages/airflow/example_dags/example_complex.py
[2024-08-24T11:44:29.660+0000] {logging_mixin.py:190} INFO - [2024-08-24T11:44:29.660+0000] {dag.py:3211} INFO - Sync 1 DAGs
[2024-08-24T11:44:29.669+0000] {logging_mixin.py:190} INFO - [2024-08-24T11:44:29.669+0000] {dag.py:4138} INFO - Setting next_dagrun for example_complex to None, run_after=None
[2024-08-24T11:44:29.678+0000] {processor.py:208} INFO - Processing /home/airflow/.local/lib/python3.12/site-packages/airflow/example_dags/example_complex.py took 0.053 seconds
[2024-08-24T11:45:00.470+0000] {processor.py:186} INFO - Started process (PID=3010) to work on /home/airflow/.local/lib/python3.12/site-packages/airflow/example_dags/example_complex.py
[2024-08-24T11:45:00.471+0000] {processor.py:914} INFO - Processing file /home/airflow/.local/lib/python3.12/site-packages/airflow/example_dags/example_complex.py for tasks to queue
[2024-08-24T11:45:00.473+0000] {logging_mixin.py:190} INFO - [2024-08-24T11:45:00.472+0000] {dagbag.py:587} INFO - Filling up the DagBag from /home/airflow/.local/lib/python3.12/site-packages/airflow/example_dags/example_complex.py
[2024-08-24T11:45:00.479+0000] {processor.py:925} INFO - DAG(s) 'example_complex' retrieved from /home/airflow/.local/lib/python3.12/site-packages/airflow/example_dags/example_complex.py
[2024-08-24T11:45:00.501+0000] {logging_mixin.py:190} INFO - [2024-08-24T11:45:00.501+0000] {dag.py:3211} INFO - Sync 1 DAGs
[2024-08-24T11:45:00.514+0000] {logging_mixin.py:190} INFO - [2024-08-24T11:45:00.513+0000] {dag.py:4138} INFO - Setting next_dagrun for example_complex to None, run_after=None
[2024-08-24T11:45:00.621+0000] {processor.py:208} INFO - Processing /home/airflow/.local/lib/python3.12/site-packages/airflow/example_dags/example_complex.py took 0.155 seconds
[2024-08-24T11:45:31.557+0000] {processor.py:186} INFO - Started process (PID=3073) to work on /home/airflow/.local/lib/python3.12/site-packages/airflow/example_dags/example_complex.py
[2024-08-24T11:45:31.558+0000] {processor.py:914} INFO - Processing file /home/airflow/.local/lib/python3.12/site-packages/airflow/example_dags/example_complex.py for tasks to queue
[2024-08-24T11:45:31.559+0000] {logging_mixin.py:190} INFO - [2024-08-24T11:45:31.559+0000] {dagbag.py:587} INFO - Filling up the DagBag from /home/airflow/.local/lib/python3.12/site-packages/airflow/example_dags/example_complex.py
[2024-08-24T11:45:31.565+0000] {processor.py:925} INFO - DAG(s) 'example_complex' retrieved from /home/airflow/.local/lib/python3.12/site-packages/airflow/example_dags/example_complex.py
[2024-08-24T11:45:31.587+0000] {logging_mixin.py:190} INFO - [2024-08-24T11:45:31.586+0000] {dag.py:3211} INFO - Sync 1 DAGs
[2024-08-24T11:45:31.595+0000] {logging_mixin.py:190} INFO - [2024-08-24T11:45:31.595+0000] {dag.py:4138} INFO - Setting next_dagrun for example_complex to None, run_after=None
[2024-08-24T11:45:31.605+0000] {processor.py:208} INFO - Processing /home/airflow/.local/lib/python3.12/site-packages/airflow/example_dags/example_complex.py took 0.051 seconds
[2024-08-24T11:46:01.710+0000] {processor.py:186} INFO - Started process (PID=3135) to work on /home/airflow/.local/lib/python3.12/site-packages/airflow/example_dags/example_complex.py
[2024-08-24T11:46:01.711+0000] {processor.py:914} INFO - Processing file /home/airflow/.local/lib/python3.12/site-packages/airflow/example_dags/example_complex.py for tasks to queue
[2024-08-24T11:46:01.713+0000] {logging_mixin.py:190} INFO - [2024-08-24T11:46:01.713+0000] {dagbag.py:587} INFO - Filling up the DagBag from /home/airflow/.local/lib/python3.12/site-packages/airflow/example_dags/example_complex.py
[2024-08-24T11:46:01.721+0000] {processor.py:925} INFO - DAG(s) 'example_complex' retrieved from /home/airflow/.local/lib/python3.12/site-packages/airflow/example_dags/example_complex.py
[2024-08-24T11:46:01.760+0000] {logging_mixin.py:190} INFO - [2024-08-24T11:46:01.760+0000] {dag.py:3211} INFO - Sync 1 DAGs
[2024-08-24T11:46:01.775+0000] {logging_mixin.py:190} INFO - [2024-08-24T11:46:01.775+0000] {dag.py:4138} INFO - Setting next_dagrun for example_complex to None, run_after=None
[2024-08-24T11:46:01.790+0000] {processor.py:208} INFO - Processing /home/airflow/.local/lib/python3.12/site-packages/airflow/example_dags/example_complex.py took 0.084 seconds
[2024-08-24T11:46:32.669+0000] {processor.py:186} INFO - Started process (PID=3197) to work on /home/airflow/.local/lib/python3.12/site-packages/airflow/example_dags/example_complex.py
[2024-08-24T11:46:32.670+0000] {processor.py:914} INFO - Processing file /home/airflow/.local/lib/python3.12/site-packages/airflow/example_dags/example_complex.py for tasks to queue
[2024-08-24T11:46:32.671+0000] {logging_mixin.py:190} INFO - [2024-08-24T11:46:32.671+0000] {dagbag.py:587} INFO - Filling up the DagBag from /home/airflow/.local/lib/python3.12/site-packages/airflow/example_dags/example_complex.py
[2024-08-24T11:46:32.677+0000] {processor.py:925} INFO - DAG(s) 'example_complex' retrieved from /home/airflow/.local/lib/python3.12/site-packages/airflow/example_dags/example_complex.py
[2024-08-24T11:46:32.696+0000] {logging_mixin.py:190} INFO - [2024-08-24T11:46:32.696+0000] {dag.py:3211} INFO - Sync 1 DAGs
[2024-08-24T11:46:32.703+0000] {logging_mixin.py:190} INFO - [2024-08-24T11:46:32.703+0000] {dag.py:4138} INFO - Setting next_dagrun for example_complex to None, run_after=None
[2024-08-24T11:46:32.712+0000] {processor.py:208} INFO - Processing /home/airflow/.local/lib/python3.12/site-packages/airflow/example_dags/example_complex.py took 0.046 seconds
[2024-08-24T11:47:03.535+0000] {processor.py:186} INFO - Started process (PID=3259) to work on /home/airflow/.local/lib/python3.12/site-packages/airflow/example_dags/example_complex.py
[2024-08-24T11:47:03.536+0000] {processor.py:914} INFO - Processing file /home/airflow/.local/lib/python3.12/site-packages/airflow/example_dags/example_complex.py for tasks to queue
[2024-08-24T11:47:03.537+0000] {logging_mixin.py:190} INFO - [2024-08-24T11:47:03.537+0000] {dagbag.py:587} INFO - Filling up the DagBag from /home/airflow/.local/lib/python3.12/site-packages/airflow/example_dags/example_complex.py
[2024-08-24T11:47:03.543+0000] {processor.py:925} INFO - DAG(s) 'example_complex' retrieved from /home/airflow/.local/lib/python3.12/site-packages/airflow/example_dags/example_complex.py
[2024-08-24T11:47:03.660+0000] {logging_mixin.py:190} INFO - [2024-08-24T11:47:03.660+0000] {dag.py:3211} INFO - Sync 1 DAGs
[2024-08-24T11:47:03.671+0000] {logging_mixin.py:190} INFO - [2024-08-24T11:47:03.671+0000] {dag.py:4138} INFO - Setting next_dagrun for example_complex to None, run_after=None
[2024-08-24T11:47:03.684+0000] {processor.py:208} INFO - Processing /home/airflow/.local/lib/python3.12/site-packages/airflow/example_dags/example_complex.py took 0.152 seconds
[2024-08-24T11:47:34.467+0000] {processor.py:186} INFO - Started process (PID=3321) to work on /home/airflow/.local/lib/python3.12/site-packages/airflow/example_dags/example_complex.py
[2024-08-24T11:47:34.467+0000] {processor.py:914} INFO - Processing file /home/airflow/.local/lib/python3.12/site-packages/airflow/example_dags/example_complex.py for tasks to queue
[2024-08-24T11:47:34.469+0000] {logging_mixin.py:190} INFO - [2024-08-24T11:47:34.468+0000] {dagbag.py:587} INFO - Filling up the DagBag from /home/airflow/.local/lib/python3.12/site-packages/airflow/example_dags/example_complex.py
[2024-08-24T11:47:34.475+0000] {processor.py:925} INFO - DAG(s) 'example_complex' retrieved from /home/airflow/.local/lib/python3.12/site-packages/airflow/example_dags/example_complex.py
[2024-08-24T11:47:34.491+0000] {logging_mixin.py:190} INFO - [2024-08-24T11:47:34.491+0000] {dag.py:3211} INFO - Sync 1 DAGs
[2024-08-24T11:47:34.498+0000] {logging_mixin.py:190} INFO - [2024-08-24T11:47:34.498+0000] {dag.py:4138} INFO - Setting next_dagrun for example_complex to None, run_after=None
[2024-08-24T11:47:34.507+0000] {processor.py:208} INFO - Processing /home/airflow/.local/lib/python3.12/site-packages/airflow/example_dags/example_complex.py took 0.045 seconds
[2024-08-24T11:48:04.819+0000] {processor.py:186} INFO - Started process (PID=3383) to work on /home/airflow/.local/lib/python3.12/site-packages/airflow/example_dags/example_complex.py
[2024-08-24T11:48:04.819+0000] {processor.py:914} INFO - Processing file /home/airflow/.local/lib/python3.12/site-packages/airflow/example_dags/example_complex.py for tasks to queue
[2024-08-24T11:48:04.820+0000] {logging_mixin.py:190} INFO - [2024-08-24T11:48:04.820+0000] {dagbag.py:587} INFO - Filling up the DagBag from /home/airflow/.local/lib/python3.12/site-packages/airflow/example_dags/example_complex.py
[2024-08-24T11:48:04.826+0000] {processor.py:925} INFO - DAG(s) 'example_complex' retrieved from /home/airflow/.local/lib/python3.12/site-packages/airflow/example_dags/example_complex.py
[2024-08-24T11:48:04.843+0000] {logging_mixin.py:190} INFO - [2024-08-24T11:48:04.842+0000] {dag.py:3211} INFO - Sync 1 DAGs
[2024-08-24T11:48:04.850+0000] {logging_mixin.py:190} INFO - [2024-08-24T11:48:04.850+0000] {dag.py:4138} INFO - Setting next_dagrun for example_complex to None, run_after=None
[2024-08-24T11:48:04.859+0000] {processor.py:208} INFO - Processing /home/airflow/.local/lib/python3.12/site-packages/airflow/example_dags/example_complex.py took 0.043 seconds
[2024-08-24T11:48:35.060+0000] {processor.py:186} INFO - Started process (PID=3445) to work on /home/airflow/.local/lib/python3.12/site-packages/airflow/example_dags/example_complex.py
[2024-08-24T11:48:35.061+0000] {processor.py:914} INFO - Processing file /home/airflow/.local/lib/python3.12/site-packages/airflow/example_dags/example_complex.py for tasks to queue
[2024-08-24T11:48:35.062+0000] {logging_mixin.py:190} INFO - [2024-08-24T11:48:35.062+0000] {dagbag.py:587} INFO - Filling up the DagBag from /home/airflow/.local/lib/python3.12/site-packages/airflow/example_dags/example_complex.py
[2024-08-24T11:48:35.068+0000] {processor.py:925} INFO - DAG(s) 'example_complex' retrieved from /home/airflow/.local/lib/python3.12/site-packages/airflow/example_dags/example_complex.py
[2024-08-24T11:48:35.088+0000] {logging_mixin.py:190} INFO - [2024-08-24T11:48:35.088+0000] {dag.py:3211} INFO - Sync 1 DAGs
[2024-08-24T11:48:35.098+0000] {logging_mixin.py:190} INFO - [2024-08-24T11:48:35.098+0000] {dag.py:4138} INFO - Setting next_dagrun for example_complex to None, run_after=None
[2024-08-24T11:48:35.107+0000] {processor.py:208} INFO - Processing /home/airflow/.local/lib/python3.12/site-packages/airflow/example_dags/example_complex.py took 0.050 seconds
[2024-08-24T11:49:05.382+0000] {processor.py:186} INFO - Started process (PID=3507) to work on /home/airflow/.local/lib/python3.12/site-packages/airflow/example_dags/example_complex.py
[2024-08-24T11:49:05.382+0000] {processor.py:914} INFO - Processing file /home/airflow/.local/lib/python3.12/site-packages/airflow/example_dags/example_complex.py for tasks to queue
[2024-08-24T11:49:05.383+0000] {logging_mixin.py:190} INFO - [2024-08-24T11:49:05.383+0000] {dagbag.py:587} INFO - Filling up the DagBag from /home/airflow/.local/lib/python3.12/site-packages/airflow/example_dags/example_complex.py
[2024-08-24T11:49:05.389+0000] {processor.py:925} INFO - DAG(s) 'example_complex' retrieved from /home/airflow/.local/lib/python3.12/site-packages/airflow/example_dags/example_complex.py
[2024-08-24T11:49:05.405+0000] {logging_mixin.py:190} INFO - [2024-08-24T11:49:05.405+0000] {dag.py:3211} INFO - Sync 1 DAGs
[2024-08-24T11:49:05.414+0000] {logging_mixin.py:190} INFO - [2024-08-24T11:49:05.413+0000] {dag.py:4138} INFO - Setting next_dagrun for example_complex to None, run_after=None
[2024-08-24T11:49:05.423+0000] {processor.py:208} INFO - Processing /home/airflow/.local/lib/python3.12/site-packages/airflow/example_dags/example_complex.py took 0.045 seconds
[2024-08-24T11:49:35.716+0000] {processor.py:186} INFO - Started process (PID=3569) to work on /home/airflow/.local/lib/python3.12/site-packages/airflow/example_dags/example_complex.py
[2024-08-24T11:49:35.717+0000] {processor.py:914} INFO - Processing file /home/airflow/.local/lib/python3.12/site-packages/airflow/example_dags/example_complex.py for tasks to queue
[2024-08-24T11:49:35.718+0000] {logging_mixin.py:190} INFO - [2024-08-24T11:49:35.718+0000] {dagbag.py:587} INFO - Filling up the DagBag from /home/airflow/.local/lib/python3.12/site-packages/airflow/example_dags/example_complex.py
[2024-08-24T11:49:35.724+0000] {processor.py:925} INFO - DAG(s) 'example_complex' retrieved from /home/airflow/.local/lib/python3.12/site-packages/airflow/example_dags/example_complex.py
[2024-08-24T11:49:35.740+0000] {logging_mixin.py:190} INFO - [2024-08-24T11:49:35.740+0000] {dag.py:3211} INFO - Sync 1 DAGs
[2024-08-24T11:49:35.747+0000] {logging_mixin.py:190} INFO - [2024-08-24T11:49:35.747+0000] {dag.py:4138} INFO - Setting next_dagrun for example_complex to None, run_after=None
[2024-08-24T11:49:35.757+0000] {processor.py:208} INFO - Processing /home/airflow/.local/lib/python3.12/site-packages/airflow/example_dags/example_complex.py took 0.044 seconds
[2024-08-24T11:50:06.035+0000] {processor.py:186} INFO - Started process (PID=3631) to work on /home/airflow/.local/lib/python3.12/site-packages/airflow/example_dags/example_complex.py
[2024-08-24T11:50:06.035+0000] {processor.py:914} INFO - Processing file /home/airflow/.local/lib/python3.12/site-packages/airflow/example_dags/example_complex.py for tasks to queue
[2024-08-24T11:50:06.036+0000] {logging_mixin.py:190} INFO - [2024-08-24T11:50:06.036+0000] {dagbag.py:587} INFO - Filling up the DagBag from /home/airflow/.local/lib/python3.12/site-packages/airflow/example_dags/example_complex.py
[2024-08-24T11:50:06.042+0000] {processor.py:925} INFO - DAG(s) 'example_complex' retrieved from /home/airflow/.local/lib/python3.12/site-packages/airflow/example_dags/example_complex.py
[2024-08-24T11:50:06.060+0000] {logging_mixin.py:190} INFO - [2024-08-24T11:50:06.060+0000] {dag.py:3211} INFO - Sync 1 DAGs
[2024-08-24T11:50:06.069+0000] {logging_mixin.py:190} INFO - [2024-08-24T11:50:06.068+0000] {dag.py:4138} INFO - Setting next_dagrun for example_complex to None, run_after=None
[2024-08-24T11:50:06.078+0000] {processor.py:208} INFO - Processing /home/airflow/.local/lib/python3.12/site-packages/airflow/example_dags/example_complex.py took 0.048 seconds
[2024-08-24T11:50:36.382+0000] {processor.py:186} INFO - Started process (PID=3693) to work on /home/airflow/.local/lib/python3.12/site-packages/airflow/example_dags/example_complex.py
[2024-08-24T11:50:36.382+0000] {processor.py:914} INFO - Processing file /home/airflow/.local/lib/python3.12/site-packages/airflow/example_dags/example_complex.py for tasks to queue
[2024-08-24T11:50:36.383+0000] {logging_mixin.py:190} INFO - [2024-08-24T11:50:36.383+0000] {dagbag.py:587} INFO - Filling up the DagBag from /home/airflow/.local/lib/python3.12/site-packages/airflow/example_dags/example_complex.py
[2024-08-24T11:50:36.390+0000] {processor.py:925} INFO - DAG(s) 'example_complex' retrieved from /home/airflow/.local/lib/python3.12/site-packages/airflow/example_dags/example_complex.py
[2024-08-24T11:50:36.408+0000] {logging_mixin.py:190} INFO - [2024-08-24T11:50:36.408+0000] {dag.py:3211} INFO - Sync 1 DAGs
[2024-08-24T11:50:36.420+0000] {logging_mixin.py:190} INFO - [2024-08-24T11:50:36.420+0000] {dag.py:4138} INFO - Setting next_dagrun for example_complex to None, run_after=None
[2024-08-24T11:50:36.443+0000] {processor.py:208} INFO - Processing /home/airflow/.local/lib/python3.12/site-packages/airflow/example_dags/example_complex.py took 0.064 seconds
[2024-08-24T11:51:06.920+0000] {processor.py:186} INFO - Started process (PID=3755) to work on /home/airflow/.local/lib/python3.12/site-packages/airflow/example_dags/example_complex.py
[2024-08-24T11:51:06.921+0000] {processor.py:914} INFO - Processing file /home/airflow/.local/lib/python3.12/site-packages/airflow/example_dags/example_complex.py for tasks to queue
[2024-08-24T11:51:06.923+0000] {logging_mixin.py:190} INFO - [2024-08-24T11:51:06.923+0000] {dagbag.py:587} INFO - Filling up the DagBag from /home/airflow/.local/lib/python3.12/site-packages/airflow/example_dags/example_complex.py
[2024-08-24T11:51:06.930+0000] {processor.py:925} INFO - DAG(s) 'example_complex' retrieved from /home/airflow/.local/lib/python3.12/site-packages/airflow/example_dags/example_complex.py
[2024-08-24T11:51:06.949+0000] {logging_mixin.py:190} INFO - [2024-08-24T11:51:06.949+0000] {dag.py:3211} INFO - Sync 1 DAGs
[2024-08-24T11:51:06.961+0000] {logging_mixin.py:190} INFO - [2024-08-24T11:51:06.961+0000] {dag.py:4138} INFO - Setting next_dagrun for example_complex to None, run_after=None
[2024-08-24T11:51:06.970+0000] {processor.py:208} INFO - Processing /home/airflow/.local/lib/python3.12/site-packages/airflow/example_dags/example_complex.py took 0.060 seconds
[2024-08-24T11:51:37.228+0000] {processor.py:186} INFO - Started process (PID=3817) to work on /home/airflow/.local/lib/python3.12/site-packages/airflow/example_dags/example_complex.py
[2024-08-24T11:51:37.229+0000] {processor.py:914} INFO - Processing file /home/airflow/.local/lib/python3.12/site-packages/airflow/example_dags/example_complex.py for tasks to queue
[2024-08-24T11:51:37.230+0000] {logging_mixin.py:190} INFO - [2024-08-24T11:51:37.230+0000] {dagbag.py:587} INFO - Filling up the DagBag from /home/airflow/.local/lib/python3.12/site-packages/airflow/example_dags/example_complex.py
[2024-08-24T11:51:37.237+0000] {processor.py:925} INFO - DAG(s) 'example_complex' retrieved from /home/airflow/.local/lib/python3.12/site-packages/airflow/example_dags/example_complex.py
[2024-08-24T11:51:37.253+0000] {logging_mixin.py:190} INFO - [2024-08-24T11:51:37.253+0000] {dag.py:3211} INFO - Sync 1 DAGs
[2024-08-24T11:51:37.260+0000] {logging_mixin.py:190} INFO - [2024-08-24T11:51:37.260+0000] {dag.py:4138} INFO - Setting next_dagrun for example_complex to None, run_after=None
[2024-08-24T11:51:37.272+0000] {processor.py:208} INFO - Processing /home/airflow/.local/lib/python3.12/site-packages/airflow/example_dags/example_complex.py took 0.048 seconds
[2024-08-24T11:52:07.419+0000] {processor.py:186} INFO - Started process (PID=3879) to work on /home/airflow/.local/lib/python3.12/site-packages/airflow/example_dags/example_complex.py
[2024-08-24T11:52:07.420+0000] {processor.py:914} INFO - Processing file /home/airflow/.local/lib/python3.12/site-packages/airflow/example_dags/example_complex.py for tasks to queue
[2024-08-24T11:52:07.421+0000] {logging_mixin.py:190} INFO - [2024-08-24T11:52:07.421+0000] {dagbag.py:587} INFO - Filling up the DagBag from /home/airflow/.local/lib/python3.12/site-packages/airflow/example_dags/example_complex.py
[2024-08-24T11:52:07.427+0000] {processor.py:925} INFO - DAG(s) 'example_complex' retrieved from /home/airflow/.local/lib/python3.12/site-packages/airflow/example_dags/example_complex.py
[2024-08-24T11:52:07.444+0000] {logging_mixin.py:190} INFO - [2024-08-24T11:52:07.444+0000] {dag.py:3211} INFO - Sync 1 DAGs
[2024-08-24T11:52:07.452+0000] {logging_mixin.py:190} INFO - [2024-08-24T11:52:07.452+0000] {dag.py:4138} INFO - Setting next_dagrun for example_complex to None, run_after=None
[2024-08-24T11:52:07.462+0000] {processor.py:208} INFO - Processing /home/airflow/.local/lib/python3.12/site-packages/airflow/example_dags/example_complex.py took 0.046 seconds
[2024-08-24T11:52:37.798+0000] {processor.py:186} INFO - Started process (PID=3941) to work on /home/airflow/.local/lib/python3.12/site-packages/airflow/example_dags/example_complex.py
[2024-08-24T11:52:37.799+0000] {processor.py:914} INFO - Processing file /home/airflow/.local/lib/python3.12/site-packages/airflow/example_dags/example_complex.py for tasks to queue
[2024-08-24T11:52:37.800+0000] {logging_mixin.py:190} INFO - [2024-08-24T11:52:37.800+0000] {dagbag.py:587} INFO - Filling up the DagBag from /home/airflow/.local/lib/python3.12/site-packages/airflow/example_dags/example_complex.py
[2024-08-24T11:52:37.806+0000] {processor.py:925} INFO - DAG(s) 'example_complex' retrieved from /home/airflow/.local/lib/python3.12/site-packages/airflow/example_dags/example_complex.py
[2024-08-24T11:52:37.822+0000] {logging_mixin.py:190} INFO - [2024-08-24T11:52:37.822+0000] {dag.py:3211} INFO - Sync 1 DAGs
[2024-08-24T11:52:37.829+0000] {logging_mixin.py:190} INFO - [2024-08-24T11:52:37.829+0000] {dag.py:4138} INFO - Setting next_dagrun for example_complex to None, run_after=None
[2024-08-24T11:52:37.838+0000] {processor.py:208} INFO - Processing /home/airflow/.local/lib/python3.12/site-packages/airflow/example_dags/example_complex.py took 0.043 seconds
[2024-08-24T11:53:08.152+0000] {processor.py:186} INFO - Started process (PID=4003) to work on /home/airflow/.local/lib/python3.12/site-packages/airflow/example_dags/example_complex.py
[2024-08-24T11:53:08.152+0000] {processor.py:914} INFO - Processing file /home/airflow/.local/lib/python3.12/site-packages/airflow/example_dags/example_complex.py for tasks to queue
[2024-08-24T11:53:08.153+0000] {logging_mixin.py:190} INFO - [2024-08-24T11:53:08.153+0000] {dagbag.py:587} INFO - Filling up the DagBag from /home/airflow/.local/lib/python3.12/site-packages/airflow/example_dags/example_complex.py
[2024-08-24T11:53:08.159+0000] {processor.py:925} INFO - DAG(s) 'example_complex' retrieved from /home/airflow/.local/lib/python3.12/site-packages/airflow/example_dags/example_complex.py
[2024-08-24T11:53:08.175+0000] {logging_mixin.py:190} INFO - [2024-08-24T11:53:08.175+0000] {dag.py:3211} INFO - Sync 1 DAGs
[2024-08-24T11:53:08.182+0000] {logging_mixin.py:190} INFO - [2024-08-24T11:53:08.182+0000] {dag.py:4138} INFO - Setting next_dagrun for example_complex to None, run_after=None
[2024-08-24T11:53:08.191+0000] {processor.py:208} INFO - Processing /home/airflow/.local/lib/python3.12/site-packages/airflow/example_dags/example_complex.py took 0.043 seconds
[2024-08-24T11:53:38.458+0000] {processor.py:186} INFO - Started process (PID=4066) to work on /home/airflow/.local/lib/python3.12/site-packages/airflow/example_dags/example_complex.py
[2024-08-24T11:53:38.458+0000] {processor.py:914} INFO - Processing file /home/airflow/.local/lib/python3.12/site-packages/airflow/example_dags/example_complex.py for tasks to queue
[2024-08-24T11:53:38.460+0000] {logging_mixin.py:190} INFO - [2024-08-24T11:53:38.460+0000] {dagbag.py:587} INFO - Filling up the DagBag from /home/airflow/.local/lib/python3.12/site-packages/airflow/example_dags/example_complex.py
[2024-08-24T11:53:38.466+0000] {processor.py:925} INFO - DAG(s) 'example_complex' retrieved from /home/airflow/.local/lib/python3.12/site-packages/airflow/example_dags/example_complex.py
[2024-08-24T11:53:38.484+0000] {logging_mixin.py:190} INFO - [2024-08-24T11:53:38.484+0000] {dag.py:3211} INFO - Sync 1 DAGs
[2024-08-24T11:53:38.496+0000] {logging_mixin.py:190} INFO - [2024-08-24T11:53:38.496+0000] {dag.py:4138} INFO - Setting next_dagrun for example_complex to None, run_after=None
[2024-08-24T11:53:38.510+0000] {processor.py:208} INFO - Processing /home/airflow/.local/lib/python3.12/site-packages/airflow/example_dags/example_complex.py took 0.056 seconds
[2024-08-24T11:54:08.845+0000] {processor.py:186} INFO - Started process (PID=4128) to work on /home/airflow/.local/lib/python3.12/site-packages/airflow/example_dags/example_complex.py
[2024-08-24T11:54:08.846+0000] {processor.py:914} INFO - Processing file /home/airflow/.local/lib/python3.12/site-packages/airflow/example_dags/example_complex.py for tasks to queue
[2024-08-24T11:54:08.847+0000] {logging_mixin.py:190} INFO - [2024-08-24T11:54:08.847+0000] {dagbag.py:587} INFO - Filling up the DagBag from /home/airflow/.local/lib/python3.12/site-packages/airflow/example_dags/example_complex.py
[2024-08-24T11:54:08.853+0000] {processor.py:925} INFO - DAG(s) 'example_complex' retrieved from /home/airflow/.local/lib/python3.12/site-packages/airflow/example_dags/example_complex.py
[2024-08-24T11:54:08.870+0000] {logging_mixin.py:190} INFO - [2024-08-24T11:54:08.869+0000] {dag.py:3211} INFO - Sync 1 DAGs
[2024-08-24T11:54:08.877+0000] {logging_mixin.py:190} INFO - [2024-08-24T11:54:08.877+0000] {dag.py:4138} INFO - Setting next_dagrun for example_complex to None, run_after=None
[2024-08-24T11:54:08.886+0000] {processor.py:208} INFO - Processing /home/airflow/.local/lib/python3.12/site-packages/airflow/example_dags/example_complex.py took 0.045 seconds
[2024-08-24T11:54:39.089+0000] {processor.py:186} INFO - Started process (PID=4190) to work on /home/airflow/.local/lib/python3.12/site-packages/airflow/example_dags/example_complex.py
[2024-08-24T11:54:39.089+0000] {processor.py:914} INFO - Processing file /home/airflow/.local/lib/python3.12/site-packages/airflow/example_dags/example_complex.py for tasks to queue
[2024-08-24T11:54:39.090+0000] {logging_mixin.py:190} INFO - [2024-08-24T11:54:39.090+0000] {dagbag.py:587} INFO - Filling up the DagBag from /home/airflow/.local/lib/python3.12/site-packages/airflow/example_dags/example_complex.py
[2024-08-24T11:54:39.096+0000] {processor.py:925} INFO - DAG(s) 'example_complex' retrieved from /home/airflow/.local/lib/python3.12/site-packages/airflow/example_dags/example_complex.py
[2024-08-24T11:54:39.118+0000] {logging_mixin.py:190} INFO - [2024-08-24T11:54:39.118+0000] {dag.py:3211} INFO - Sync 1 DAGs
[2024-08-24T11:54:39.131+0000] {logging_mixin.py:190} INFO - [2024-08-24T11:54:39.131+0000] {dag.py:4138} INFO - Setting next_dagrun for example_complex to None, run_after=None
[2024-08-24T11:54:39.146+0000] {processor.py:208} INFO - Processing /home/airflow/.local/lib/python3.12/site-packages/airflow/example_dags/example_complex.py took 0.060 seconds
[2024-08-24T11:55:09.459+0000] {processor.py:186} INFO - Started process (PID=4252) to work on /home/airflow/.local/lib/python3.12/site-packages/airflow/example_dags/example_complex.py
[2024-08-24T11:55:09.460+0000] {processor.py:914} INFO - Processing file /home/airflow/.local/lib/python3.12/site-packages/airflow/example_dags/example_complex.py for tasks to queue
[2024-08-24T11:55:09.461+0000] {logging_mixin.py:190} INFO - [2024-08-24T11:55:09.461+0000] {dagbag.py:587} INFO - Filling up the DagBag from /home/airflow/.local/lib/python3.12/site-packages/airflow/example_dags/example_complex.py
[2024-08-24T11:55:09.467+0000] {processor.py:925} INFO - DAG(s) 'example_complex' retrieved from /home/airflow/.local/lib/python3.12/site-packages/airflow/example_dags/example_complex.py
[2024-08-24T11:55:09.484+0000] {logging_mixin.py:190} INFO - [2024-08-24T11:55:09.484+0000] {dag.py:3211} INFO - Sync 1 DAGs
[2024-08-24T11:55:09.491+0000] {logging_mixin.py:190} INFO - [2024-08-24T11:55:09.491+0000] {dag.py:4138} INFO - Setting next_dagrun for example_complex to None, run_after=None
[2024-08-24T11:55:09.500+0000] {processor.py:208} INFO - Processing /home/airflow/.local/lib/python3.12/site-packages/airflow/example_dags/example_complex.py took 0.046 seconds
[2024-08-24T11:55:39.872+0000] {processor.py:186} INFO - Started process (PID=4314) to work on /home/airflow/.local/lib/python3.12/site-packages/airflow/example_dags/example_complex.py
[2024-08-24T11:55:39.872+0000] {processor.py:914} INFO - Processing file /home/airflow/.local/lib/python3.12/site-packages/airflow/example_dags/example_complex.py for tasks to queue
[2024-08-24T11:55:39.873+0000] {logging_mixin.py:190} INFO - [2024-08-24T11:55:39.873+0000] {dagbag.py:587} INFO - Filling up the DagBag from /home/airflow/.local/lib/python3.12/site-packages/airflow/example_dags/example_complex.py
[2024-08-24T11:55:39.879+0000] {processor.py:925} INFO - DAG(s) 'example_complex' retrieved from /home/airflow/.local/lib/python3.12/site-packages/airflow/example_dags/example_complex.py
[2024-08-24T11:55:39.898+0000] {logging_mixin.py:190} INFO - [2024-08-24T11:55:39.897+0000] {dag.py:3211} INFO - Sync 1 DAGs
[2024-08-24T11:55:39.905+0000] {logging_mixin.py:190} INFO - [2024-08-24T11:55:39.905+0000] {dag.py:4138} INFO - Setting next_dagrun for example_complex to None, run_after=None
[2024-08-24T11:55:39.914+0000] {processor.py:208} INFO - Processing /home/airflow/.local/lib/python3.12/site-packages/airflow/example_dags/example_complex.py took 0.045 seconds
[2024-08-24T11:56:10.301+0000] {processor.py:186} INFO - Started process (PID=4376) to work on /home/airflow/.local/lib/python3.12/site-packages/airflow/example_dags/example_complex.py
[2024-08-24T11:56:10.302+0000] {processor.py:914} INFO - Processing file /home/airflow/.local/lib/python3.12/site-packages/airflow/example_dags/example_complex.py for tasks to queue
[2024-08-24T11:56:10.304+0000] {logging_mixin.py:190} INFO - [2024-08-24T11:56:10.304+0000] {dagbag.py:587} INFO - Filling up the DagBag from /home/airflow/.local/lib/python3.12/site-packages/airflow/example_dags/example_complex.py
[2024-08-24T11:56:10.311+0000] {processor.py:925} INFO - DAG(s) 'example_complex' retrieved from /home/airflow/.local/lib/python3.12/site-packages/airflow/example_dags/example_complex.py
[2024-08-24T11:56:10.330+0000] {logging_mixin.py:190} INFO - [2024-08-24T11:56:10.330+0000] {dag.py:3211} INFO - Sync 1 DAGs
[2024-08-24T11:56:10.341+0000] {logging_mixin.py:190} INFO - [2024-08-24T11:56:10.341+0000] {dag.py:4138} INFO - Setting next_dagrun for example_complex to None, run_after=None
[2024-08-24T11:56:10.356+0000] {processor.py:208} INFO - Processing /home/airflow/.local/lib/python3.12/site-packages/airflow/example_dags/example_complex.py took 0.060 seconds
