[2024-08-24T11:21:06.504+0000] {processor.py:186} INFO - Started process (PID=60) to work on /home/airflow/.local/lib/python3.12/site-packages/airflow/example_dags/example_latest_only_with_trigger.py
[2024-08-24T11:21:06.504+0000] {processor.py:914} INFO - Processing file /home/airflow/.local/lib/python3.12/site-packages/airflow/example_dags/example_latest_only_with_trigger.py for tasks to queue
[2024-08-24T11:21:06.506+0000] {logging_mixin.py:190} INFO - [2024-08-24T11:21:06.505+0000] {dagbag.py:587} INFO - Filling up the DagBag from /home/airflow/.local/lib/python3.12/site-packages/airflow/example_dags/example_latest_only_with_trigger.py
[2024-08-24T11:21:06.510+0000] {processor.py:925} INFO - DAG(s) 'latest_only_with_trigger' retrieved from /home/airflow/.local/lib/python3.12/site-packages/airflow/example_dags/example_latest_only_with_trigger.py
[2024-08-24T11:21:06.570+0000] {logging_mixin.py:190} INFO - [2024-08-24T11:21:06.569+0000] {override.py:1858} INFO - Created Permission View: can edit on DAG:latest_only_with_trigger
[2024-08-24T11:21:06.575+0000] {logging_mixin.py:190} INFO - [2024-08-24T11:21:06.574+0000] {override.py:1858} INFO - Created Permission View: can read on DAG:latest_only_with_trigger
[2024-08-24T11:21:06.578+0000] {logging_mixin.py:190} INFO - [2024-08-24T11:21:06.578+0000] {override.py:1858} INFO - Created Permission View: can delete on DAG:latest_only_with_trigger
[2024-08-24T11:21:06.578+0000] {logging_mixin.py:190} INFO - [2024-08-24T11:21:06.578+0000] {dag.py:3211} INFO - Sync 1 DAGs
[2024-08-24T11:21:06.589+0000] {logging_mixin.py:190} INFO - [2024-08-24T11:21:06.589+0000] {dag.py:3234} INFO - Creating ORM DAG for latest_only_with_trigger
[2024-08-24T11:21:06.595+0000] {logging_mixin.py:190} INFO - [2024-08-24T11:21:06.595+0000] {dag.py:4138} INFO - Setting next_dagrun for latest_only_with_trigger to 2024-08-24 04:00:00+00:00, run_after=2024-08-24 08:00:00+00:00
[2024-08-24T11:21:06.606+0000] {processor.py:208} INFO - Processing /home/airflow/.local/lib/python3.12/site-packages/airflow/example_dags/example_latest_only_with_trigger.py took 0.105 seconds
[2024-08-24T11:21:36.997+0000] {processor.py:186} INFO - Started process (PID=122) to work on /home/airflow/.local/lib/python3.12/site-packages/airflow/example_dags/example_latest_only_with_trigger.py
[2024-08-24T11:21:36.998+0000] {processor.py:914} INFO - Processing file /home/airflow/.local/lib/python3.12/site-packages/airflow/example_dags/example_latest_only_with_trigger.py for tasks to queue
[2024-08-24T11:21:36.999+0000] {logging_mixin.py:190} INFO - [2024-08-24T11:21:36.999+0000] {dagbag.py:587} INFO - Filling up the DagBag from /home/airflow/.local/lib/python3.12/site-packages/airflow/example_dags/example_latest_only_with_trigger.py
[2024-08-24T11:21:37.003+0000] {processor.py:925} INFO - DAG(s) 'latest_only_with_trigger' retrieved from /home/airflow/.local/lib/python3.12/site-packages/airflow/example_dags/example_latest_only_with_trigger.py
[2024-08-24T11:21:37.014+0000] {logging_mixin.py:190} INFO - [2024-08-24T11:21:37.014+0000] {dag.py:3211} INFO - Sync 1 DAGs
[2024-08-24T11:21:37.026+0000] {logging_mixin.py:190} INFO - [2024-08-24T11:21:37.026+0000] {dag.py:4138} INFO - Setting next_dagrun for latest_only_with_trigger to 2024-08-24 04:00:00+00:00, run_after=2024-08-24 08:00:00+00:00
[2024-08-24T11:21:37.036+0000] {processor.py:208} INFO - Processing /home/airflow/.local/lib/python3.12/site-packages/airflow/example_dags/example_latest_only_with_trigger.py took 0.043 seconds
[2024-08-24T11:22:07.159+0000] {processor.py:186} INFO - Started process (PID=184) to work on /home/airflow/.local/lib/python3.12/site-packages/airflow/example_dags/example_latest_only_with_trigger.py
[2024-08-24T11:22:07.160+0000] {processor.py:914} INFO - Processing file /home/airflow/.local/lib/python3.12/site-packages/airflow/example_dags/example_latest_only_with_trigger.py for tasks to queue
[2024-08-24T11:22:07.161+0000] {logging_mixin.py:190} INFO - [2024-08-24T11:22:07.161+0000] {dagbag.py:587} INFO - Filling up the DagBag from /home/airflow/.local/lib/python3.12/site-packages/airflow/example_dags/example_latest_only_with_trigger.py
[2024-08-24T11:22:07.164+0000] {processor.py:925} INFO - DAG(s) 'latest_only_with_trigger' retrieved from /home/airflow/.local/lib/python3.12/site-packages/airflow/example_dags/example_latest_only_with_trigger.py
[2024-08-24T11:22:07.175+0000] {logging_mixin.py:190} INFO - [2024-08-24T11:22:07.174+0000] {dag.py:3211} INFO - Sync 1 DAGs
[2024-08-24T11:22:07.186+0000] {logging_mixin.py:190} INFO - [2024-08-24T11:22:07.186+0000] {dag.py:4138} INFO - Setting next_dagrun for latest_only_with_trigger to 2024-08-24 04:00:00+00:00, run_after=2024-08-24 08:00:00+00:00
[2024-08-24T11:22:07.194+0000] {processor.py:208} INFO - Processing /home/airflow/.local/lib/python3.12/site-packages/airflow/example_dags/example_latest_only_with_trigger.py took 0.038 seconds
[2024-08-24T11:22:37.332+0000] {processor.py:186} INFO - Started process (PID=246) to work on /home/airflow/.local/lib/python3.12/site-packages/airflow/example_dags/example_latest_only_with_trigger.py
[2024-08-24T11:22:37.333+0000] {processor.py:914} INFO - Processing file /home/airflow/.local/lib/python3.12/site-packages/airflow/example_dags/example_latest_only_with_trigger.py for tasks to queue
[2024-08-24T11:22:37.335+0000] {logging_mixin.py:190} INFO - [2024-08-24T11:22:37.334+0000] {dagbag.py:587} INFO - Filling up the DagBag from /home/airflow/.local/lib/python3.12/site-packages/airflow/example_dags/example_latest_only_with_trigger.py
[2024-08-24T11:22:37.340+0000] {processor.py:925} INFO - DAG(s) 'latest_only_with_trigger' retrieved from /home/airflow/.local/lib/python3.12/site-packages/airflow/example_dags/example_latest_only_with_trigger.py
[2024-08-24T11:22:37.352+0000] {logging_mixin.py:190} INFO - [2024-08-24T11:22:37.352+0000] {dag.py:3211} INFO - Sync 1 DAGs
[2024-08-24T11:22:37.369+0000] {logging_mixin.py:190} INFO - [2024-08-24T11:22:37.369+0000] {dag.py:4138} INFO - Setting next_dagrun for latest_only_with_trigger to 2024-08-24 04:00:00+00:00, run_after=2024-08-24 08:00:00+00:00
[2024-08-24T11:22:37.383+0000] {processor.py:208} INFO - Processing /home/airflow/.local/lib/python3.12/site-packages/airflow/example_dags/example_latest_only_with_trigger.py took 0.054 seconds
[2024-08-24T11:23:07.511+0000] {processor.py:186} INFO - Started process (PID=308) to work on /home/airflow/.local/lib/python3.12/site-packages/airflow/example_dags/example_latest_only_with_trigger.py
[2024-08-24T11:23:07.511+0000] {processor.py:914} INFO - Processing file /home/airflow/.local/lib/python3.12/site-packages/airflow/example_dags/example_latest_only_with_trigger.py for tasks to queue
[2024-08-24T11:23:07.513+0000] {logging_mixin.py:190} INFO - [2024-08-24T11:23:07.512+0000] {dagbag.py:587} INFO - Filling up the DagBag from /home/airflow/.local/lib/python3.12/site-packages/airflow/example_dags/example_latest_only_with_trigger.py
[2024-08-24T11:23:07.517+0000] {processor.py:925} INFO - DAG(s) 'latest_only_with_trigger' retrieved from /home/airflow/.local/lib/python3.12/site-packages/airflow/example_dags/example_latest_only_with_trigger.py
[2024-08-24T11:23:07.530+0000] {logging_mixin.py:190} INFO - [2024-08-24T11:23:07.530+0000] {dag.py:3211} INFO - Sync 1 DAGs
[2024-08-24T11:23:07.544+0000] {logging_mixin.py:190} INFO - [2024-08-24T11:23:07.544+0000] {dag.py:4138} INFO - Setting next_dagrun for latest_only_with_trigger to 2024-08-24 04:00:00+00:00, run_after=2024-08-24 08:00:00+00:00
[2024-08-24T11:23:07.556+0000] {processor.py:208} INFO - Processing /home/airflow/.local/lib/python3.12/site-packages/airflow/example_dags/example_latest_only_with_trigger.py took 0.049 seconds
[2024-08-24T11:23:37.767+0000] {processor.py:186} INFO - Started process (PID=370) to work on /home/airflow/.local/lib/python3.12/site-packages/airflow/example_dags/example_latest_only_with_trigger.py
[2024-08-24T11:23:37.767+0000] {processor.py:914} INFO - Processing file /home/airflow/.local/lib/python3.12/site-packages/airflow/example_dags/example_latest_only_with_trigger.py for tasks to queue
[2024-08-24T11:23:37.768+0000] {logging_mixin.py:190} INFO - [2024-08-24T11:23:37.768+0000] {dagbag.py:587} INFO - Filling up the DagBag from /home/airflow/.local/lib/python3.12/site-packages/airflow/example_dags/example_latest_only_with_trigger.py
[2024-08-24T11:23:37.772+0000] {processor.py:925} INFO - DAG(s) 'latest_only_with_trigger' retrieved from /home/airflow/.local/lib/python3.12/site-packages/airflow/example_dags/example_latest_only_with_trigger.py
[2024-08-24T11:23:37.782+0000] {logging_mixin.py:190} INFO - [2024-08-24T11:23:37.782+0000] {dag.py:3211} INFO - Sync 1 DAGs
[2024-08-24T11:23:37.794+0000] {logging_mixin.py:190} INFO - [2024-08-24T11:23:37.794+0000] {dag.py:4138} INFO - Setting next_dagrun for latest_only_with_trigger to 2024-08-24 04:00:00+00:00, run_after=2024-08-24 08:00:00+00:00
[2024-08-24T11:23:37.803+0000] {processor.py:208} INFO - Processing /home/airflow/.local/lib/python3.12/site-packages/airflow/example_dags/example_latest_only_with_trigger.py took 0.039 seconds
[2024-08-24T11:24:08.109+0000] {processor.py:186} INFO - Started process (PID=432) to work on /home/airflow/.local/lib/python3.12/site-packages/airflow/example_dags/example_latest_only_with_trigger.py
[2024-08-24T11:24:08.109+0000] {processor.py:914} INFO - Processing file /home/airflow/.local/lib/python3.12/site-packages/airflow/example_dags/example_latest_only_with_trigger.py for tasks to queue
[2024-08-24T11:24:08.110+0000] {logging_mixin.py:190} INFO - [2024-08-24T11:24:08.110+0000] {dagbag.py:587} INFO - Filling up the DagBag from /home/airflow/.local/lib/python3.12/site-packages/airflow/example_dags/example_latest_only_with_trigger.py
[2024-08-24T11:24:08.114+0000] {processor.py:925} INFO - DAG(s) 'latest_only_with_trigger' retrieved from /home/airflow/.local/lib/python3.12/site-packages/airflow/example_dags/example_latest_only_with_trigger.py
[2024-08-24T11:24:08.128+0000] {logging_mixin.py:190} INFO - [2024-08-24T11:24:08.127+0000] {dag.py:3211} INFO - Sync 1 DAGs
[2024-08-24T11:24:08.142+0000] {logging_mixin.py:190} INFO - [2024-08-24T11:24:08.141+0000] {dag.py:4138} INFO - Setting next_dagrun for latest_only_with_trigger to 2024-08-24 04:00:00+00:00, run_after=2024-08-24 08:00:00+00:00
[2024-08-24T11:24:08.152+0000] {processor.py:208} INFO - Processing /home/airflow/.local/lib/python3.12/site-packages/airflow/example_dags/example_latest_only_with_trigger.py took 0.046 seconds
[2024-08-24T11:24:38.354+0000] {processor.py:186} INFO - Started process (PID=494) to work on /home/airflow/.local/lib/python3.12/site-packages/airflow/example_dags/example_latest_only_with_trigger.py
[2024-08-24T11:24:38.355+0000] {processor.py:914} INFO - Processing file /home/airflow/.local/lib/python3.12/site-packages/airflow/example_dags/example_latest_only_with_trigger.py for tasks to queue
[2024-08-24T11:24:38.356+0000] {logging_mixin.py:190} INFO - [2024-08-24T11:24:38.356+0000] {dagbag.py:587} INFO - Filling up the DagBag from /home/airflow/.local/lib/python3.12/site-packages/airflow/example_dags/example_latest_only_with_trigger.py
[2024-08-24T11:24:38.360+0000] {processor.py:925} INFO - DAG(s) 'latest_only_with_trigger' retrieved from /home/airflow/.local/lib/python3.12/site-packages/airflow/example_dags/example_latest_only_with_trigger.py
[2024-08-24T11:24:38.382+0000] {logging_mixin.py:190} INFO - [2024-08-24T11:24:38.382+0000] {dag.py:3211} INFO - Sync 1 DAGs
[2024-08-24T11:24:38.398+0000] {logging_mixin.py:190} INFO - [2024-08-24T11:24:38.398+0000] {dag.py:4138} INFO - Setting next_dagrun for latest_only_with_trigger to 2024-08-24 04:00:00+00:00, run_after=2024-08-24 08:00:00+00:00
[2024-08-24T11:24:38.407+0000] {processor.py:208} INFO - Processing /home/airflow/.local/lib/python3.12/site-packages/airflow/example_dags/example_latest_only_with_trigger.py took 0.056 seconds
[2024-08-24T11:25:08.516+0000] {processor.py:186} INFO - Started process (PID=556) to work on /home/airflow/.local/lib/python3.12/site-packages/airflow/example_dags/example_latest_only_with_trigger.py
[2024-08-24T11:25:08.517+0000] {processor.py:914} INFO - Processing file /home/airflow/.local/lib/python3.12/site-packages/airflow/example_dags/example_latest_only_with_trigger.py for tasks to queue
[2024-08-24T11:25:08.518+0000] {logging_mixin.py:190} INFO - [2024-08-24T11:25:08.518+0000] {dagbag.py:587} INFO - Filling up the DagBag from /home/airflow/.local/lib/python3.12/site-packages/airflow/example_dags/example_latest_only_with_trigger.py
[2024-08-24T11:25:08.521+0000] {processor.py:925} INFO - DAG(s) 'latest_only_with_trigger' retrieved from /home/airflow/.local/lib/python3.12/site-packages/airflow/example_dags/example_latest_only_with_trigger.py
[2024-08-24T11:25:08.534+0000] {logging_mixin.py:190} INFO - [2024-08-24T11:25:08.534+0000] {dag.py:3211} INFO - Sync 1 DAGs
[2024-08-24T11:25:08.549+0000] {logging_mixin.py:190} INFO - [2024-08-24T11:25:08.549+0000] {dag.py:4138} INFO - Setting next_dagrun for latest_only_with_trigger to 2024-08-24 04:00:00+00:00, run_after=2024-08-24 08:00:00+00:00
[2024-08-24T11:25:08.561+0000] {processor.py:208} INFO - Processing /home/airflow/.local/lib/python3.12/site-packages/airflow/example_dags/example_latest_only_with_trigger.py took 0.047 seconds
[2024-08-24T11:25:38.770+0000] {processor.py:186} INFO - Started process (PID=618) to work on /home/airflow/.local/lib/python3.12/site-packages/airflow/example_dags/example_latest_only_with_trigger.py
[2024-08-24T11:25:38.771+0000] {processor.py:914} INFO - Processing file /home/airflow/.local/lib/python3.12/site-packages/airflow/example_dags/example_latest_only_with_trigger.py for tasks to queue
[2024-08-24T11:25:38.772+0000] {logging_mixin.py:190} INFO - [2024-08-24T11:25:38.772+0000] {dagbag.py:587} INFO - Filling up the DagBag from /home/airflow/.local/lib/python3.12/site-packages/airflow/example_dags/example_latest_only_with_trigger.py
[2024-08-24T11:25:38.776+0000] {processor.py:925} INFO - DAG(s) 'latest_only_with_trigger' retrieved from /home/airflow/.local/lib/python3.12/site-packages/airflow/example_dags/example_latest_only_with_trigger.py
[2024-08-24T11:25:38.787+0000] {logging_mixin.py:190} INFO - [2024-08-24T11:25:38.786+0000] {dag.py:3211} INFO - Sync 1 DAGs
[2024-08-24T11:25:38.798+0000] {logging_mixin.py:190} INFO - [2024-08-24T11:25:38.798+0000] {dag.py:4138} INFO - Setting next_dagrun for latest_only_with_trigger to 2024-08-24 04:00:00+00:00, run_after=2024-08-24 08:00:00+00:00
[2024-08-24T11:25:38.807+0000] {processor.py:208} INFO - Processing /home/airflow/.local/lib/python3.12/site-packages/airflow/example_dags/example_latest_only_with_trigger.py took 0.040 seconds
[2024-08-24T11:26:09.866+0000] {processor.py:186} INFO - Started process (PID=686) to work on /home/airflow/.local/lib/python3.12/site-packages/airflow/example_dags/example_latest_only_with_trigger.py
[2024-08-24T11:26:09.866+0000] {processor.py:914} INFO - Processing file /home/airflow/.local/lib/python3.12/site-packages/airflow/example_dags/example_latest_only_with_trigger.py for tasks to queue
[2024-08-24T11:26:09.867+0000] {logging_mixin.py:190} INFO - [2024-08-24T11:26:09.867+0000] {dagbag.py:587} INFO - Filling up the DagBag from /home/airflow/.local/lib/python3.12/site-packages/airflow/example_dags/example_latest_only_with_trigger.py
[2024-08-24T11:26:09.871+0000] {processor.py:925} INFO - DAG(s) 'latest_only_with_trigger' retrieved from /home/airflow/.local/lib/python3.12/site-packages/airflow/example_dags/example_latest_only_with_trigger.py
[2024-08-24T11:26:09.882+0000] {logging_mixin.py:190} INFO - [2024-08-24T11:26:09.882+0000] {dag.py:3211} INFO - Sync 1 DAGs
[2024-08-24T11:26:09.894+0000] {logging_mixin.py:190} INFO - [2024-08-24T11:26:09.894+0000] {dag.py:4138} INFO - Setting next_dagrun for latest_only_with_trigger to 2024-08-24 04:00:00+00:00, run_after=2024-08-24 08:00:00+00:00
[2024-08-24T11:26:09.903+0000] {processor.py:208} INFO - Processing /home/airflow/.local/lib/python3.12/site-packages/airflow/example_dags/example_latest_only_with_trigger.py took 0.042 seconds
[2024-08-24T11:26:40.215+0000] {processor.py:186} INFO - Started process (PID=748) to work on /home/airflow/.local/lib/python3.12/site-packages/airflow/example_dags/example_latest_only_with_trigger.py
[2024-08-24T11:26:40.216+0000] {processor.py:914} INFO - Processing file /home/airflow/.local/lib/python3.12/site-packages/airflow/example_dags/example_latest_only_with_trigger.py for tasks to queue
[2024-08-24T11:26:40.217+0000] {logging_mixin.py:190} INFO - [2024-08-24T11:26:40.217+0000] {dagbag.py:587} INFO - Filling up the DagBag from /home/airflow/.local/lib/python3.12/site-packages/airflow/example_dags/example_latest_only_with_trigger.py
[2024-08-24T11:26:40.221+0000] {processor.py:925} INFO - DAG(s) 'latest_only_with_trigger' retrieved from /home/airflow/.local/lib/python3.12/site-packages/airflow/example_dags/example_latest_only_with_trigger.py
[2024-08-24T11:26:40.233+0000] {logging_mixin.py:190} INFO - [2024-08-24T11:26:40.233+0000] {dag.py:3211} INFO - Sync 1 DAGs
[2024-08-24T11:26:40.246+0000] {logging_mixin.py:190} INFO - [2024-08-24T11:26:40.246+0000] {dag.py:4138} INFO - Setting next_dagrun for latest_only_with_trigger to 2024-08-24 04:00:00+00:00, run_after=2024-08-24 08:00:00+00:00
[2024-08-24T11:26:40.257+0000] {processor.py:208} INFO - Processing /home/airflow/.local/lib/python3.12/site-packages/airflow/example_dags/example_latest_only_with_trigger.py took 0.044 seconds
[2024-08-24T11:27:10.316+0000] {processor.py:186} INFO - Started process (PID=810) to work on /home/airflow/.local/lib/python3.12/site-packages/airflow/example_dags/example_latest_only_with_trigger.py
[2024-08-24T11:27:10.317+0000] {processor.py:914} INFO - Processing file /home/airflow/.local/lib/python3.12/site-packages/airflow/example_dags/example_latest_only_with_trigger.py for tasks to queue
[2024-08-24T11:27:10.318+0000] {logging_mixin.py:190} INFO - [2024-08-24T11:27:10.318+0000] {dagbag.py:587} INFO - Filling up the DagBag from /home/airflow/.local/lib/python3.12/site-packages/airflow/example_dags/example_latest_only_with_trigger.py
[2024-08-24T11:27:10.322+0000] {processor.py:925} INFO - DAG(s) 'latest_only_with_trigger' retrieved from /home/airflow/.local/lib/python3.12/site-packages/airflow/example_dags/example_latest_only_with_trigger.py
[2024-08-24T11:27:10.334+0000] {logging_mixin.py:190} INFO - [2024-08-24T11:27:10.334+0000] {dag.py:3211} INFO - Sync 1 DAGs
[2024-08-24T11:27:10.346+0000] {logging_mixin.py:190} INFO - [2024-08-24T11:27:10.346+0000] {dag.py:4138} INFO - Setting next_dagrun for latest_only_with_trigger to 2024-08-24 04:00:00+00:00, run_after=2024-08-24 08:00:00+00:00
[2024-08-24T11:27:10.357+0000] {processor.py:208} INFO - Processing /home/airflow/.local/lib/python3.12/site-packages/airflow/example_dags/example_latest_only_with_trigger.py took 0.044 seconds
[2024-08-24T11:27:40.710+0000] {processor.py:186} INFO - Started process (PID=872) to work on /home/airflow/.local/lib/python3.12/site-packages/airflow/example_dags/example_latest_only_with_trigger.py
[2024-08-24T11:27:40.711+0000] {processor.py:914} INFO - Processing file /home/airflow/.local/lib/python3.12/site-packages/airflow/example_dags/example_latest_only_with_trigger.py for tasks to queue
[2024-08-24T11:27:40.712+0000] {logging_mixin.py:190} INFO - [2024-08-24T11:27:40.712+0000] {dagbag.py:587} INFO - Filling up the DagBag from /home/airflow/.local/lib/python3.12/site-packages/airflow/example_dags/example_latest_only_with_trigger.py
[2024-08-24T11:27:40.716+0000] {processor.py:925} INFO - DAG(s) 'latest_only_with_trigger' retrieved from /home/airflow/.local/lib/python3.12/site-packages/airflow/example_dags/example_latest_only_with_trigger.py
[2024-08-24T11:27:40.728+0000] {logging_mixin.py:190} INFO - [2024-08-24T11:27:40.728+0000] {dag.py:3211} INFO - Sync 1 DAGs
[2024-08-24T11:27:40.741+0000] {logging_mixin.py:190} INFO - [2024-08-24T11:27:40.741+0000] {dag.py:4138} INFO - Setting next_dagrun for latest_only_with_trigger to 2024-08-24 04:00:00+00:00, run_after=2024-08-24 08:00:00+00:00
[2024-08-24T11:27:40.750+0000] {processor.py:208} INFO - Processing /home/airflow/.local/lib/python3.12/site-packages/airflow/example_dags/example_latest_only_with_trigger.py took 0.043 seconds
[2024-08-24T11:28:10.905+0000] {processor.py:186} INFO - Started process (PID=934) to work on /home/airflow/.local/lib/python3.12/site-packages/airflow/example_dags/example_latest_only_with_trigger.py
[2024-08-24T11:28:10.905+0000] {processor.py:914} INFO - Processing file /home/airflow/.local/lib/python3.12/site-packages/airflow/example_dags/example_latest_only_with_trigger.py for tasks to queue
[2024-08-24T11:28:10.906+0000] {logging_mixin.py:190} INFO - [2024-08-24T11:28:10.906+0000] {dagbag.py:587} INFO - Filling up the DagBag from /home/airflow/.local/lib/python3.12/site-packages/airflow/example_dags/example_latest_only_with_trigger.py
[2024-08-24T11:28:10.910+0000] {processor.py:925} INFO - DAG(s) 'latest_only_with_trigger' retrieved from /home/airflow/.local/lib/python3.12/site-packages/airflow/example_dags/example_latest_only_with_trigger.py
[2024-08-24T11:28:10.920+0000] {logging_mixin.py:190} INFO - [2024-08-24T11:28:10.920+0000] {dag.py:3211} INFO - Sync 1 DAGs
[2024-08-24T11:28:10.932+0000] {logging_mixin.py:190} INFO - [2024-08-24T11:28:10.932+0000] {dag.py:4138} INFO - Setting next_dagrun for latest_only_with_trigger to 2024-08-24 04:00:00+00:00, run_after=2024-08-24 08:00:00+00:00
[2024-08-24T11:28:10.941+0000] {processor.py:208} INFO - Processing /home/airflow/.local/lib/python3.12/site-packages/airflow/example_dags/example_latest_only_with_trigger.py took 0.039 seconds
[2024-08-24T11:28:41.838+0000] {processor.py:186} INFO - Started process (PID=996) to work on /home/airflow/.local/lib/python3.12/site-packages/airflow/example_dags/example_latest_only_with_trigger.py
[2024-08-24T11:28:41.839+0000] {processor.py:914} INFO - Processing file /home/airflow/.local/lib/python3.12/site-packages/airflow/example_dags/example_latest_only_with_trigger.py for tasks to queue
[2024-08-24T11:28:41.841+0000] {logging_mixin.py:190} INFO - [2024-08-24T11:28:41.840+0000] {dagbag.py:587} INFO - Filling up the DagBag from /home/airflow/.local/lib/python3.12/site-packages/airflow/example_dags/example_latest_only_with_trigger.py
[2024-08-24T11:28:41.846+0000] {processor.py:925} INFO - DAG(s) 'latest_only_with_trigger' retrieved from /home/airflow/.local/lib/python3.12/site-packages/airflow/example_dags/example_latest_only_with_trigger.py
[2024-08-24T11:28:41.858+0000] {logging_mixin.py:190} INFO - [2024-08-24T11:28:41.857+0000] {dag.py:3211} INFO - Sync 1 DAGs
[2024-08-24T11:28:41.869+0000] {logging_mixin.py:190} INFO - [2024-08-24T11:28:41.869+0000] {dag.py:4138} INFO - Setting next_dagrun for latest_only_with_trigger to 2024-08-24 04:00:00+00:00, run_after=2024-08-24 08:00:00+00:00
[2024-08-24T11:28:41.878+0000] {processor.py:208} INFO - Processing /home/airflow/.local/lib/python3.12/site-packages/airflow/example_dags/example_latest_only_with_trigger.py took 0.044 seconds
[2024-08-24T11:29:11.989+0000] {processor.py:186} INFO - Started process (PID=1058) to work on /home/airflow/.local/lib/python3.12/site-packages/airflow/example_dags/example_latest_only_with_trigger.py
[2024-08-24T11:29:11.989+0000] {processor.py:914} INFO - Processing file /home/airflow/.local/lib/python3.12/site-packages/airflow/example_dags/example_latest_only_with_trigger.py for tasks to queue
[2024-08-24T11:29:11.990+0000] {logging_mixin.py:190} INFO - [2024-08-24T11:29:11.990+0000] {dagbag.py:587} INFO - Filling up the DagBag from /home/airflow/.local/lib/python3.12/site-packages/airflow/example_dags/example_latest_only_with_trigger.py
[2024-08-24T11:29:11.994+0000] {processor.py:925} INFO - DAG(s) 'latest_only_with_trigger' retrieved from /home/airflow/.local/lib/python3.12/site-packages/airflow/example_dags/example_latest_only_with_trigger.py
[2024-08-24T11:29:12.007+0000] {logging_mixin.py:190} INFO - [2024-08-24T11:29:12.007+0000] {dag.py:3211} INFO - Sync 1 DAGs
[2024-08-24T11:29:12.021+0000] {logging_mixin.py:190} INFO - [2024-08-24T11:29:12.021+0000] {dag.py:4138} INFO - Setting next_dagrun for latest_only_with_trigger to 2024-08-24 04:00:00+00:00, run_after=2024-08-24 08:00:00+00:00
[2024-08-24T11:29:12.030+0000] {processor.py:208} INFO - Processing /home/airflow/.local/lib/python3.12/site-packages/airflow/example_dags/example_latest_only_with_trigger.py took 0.045 seconds
[2024-08-24T11:29:42.233+0000] {processor.py:186} INFO - Started process (PID=1120) to work on /home/airflow/.local/lib/python3.12/site-packages/airflow/example_dags/example_latest_only_with_trigger.py
[2024-08-24T11:29:42.234+0000] {processor.py:914} INFO - Processing file /home/airflow/.local/lib/python3.12/site-packages/airflow/example_dags/example_latest_only_with_trigger.py for tasks to queue
[2024-08-24T11:29:42.235+0000] {logging_mixin.py:190} INFO - [2024-08-24T11:29:42.235+0000] {dagbag.py:587} INFO - Filling up the DagBag from /home/airflow/.local/lib/python3.12/site-packages/airflow/example_dags/example_latest_only_with_trigger.py
[2024-08-24T11:29:42.241+0000] {processor.py:925} INFO - DAG(s) 'latest_only_with_trigger' retrieved from /home/airflow/.local/lib/python3.12/site-packages/airflow/example_dags/example_latest_only_with_trigger.py
[2024-08-24T11:29:42.256+0000] {logging_mixin.py:190} INFO - [2024-08-24T11:29:42.256+0000] {dag.py:3211} INFO - Sync 1 DAGs
[2024-08-24T11:29:42.271+0000] {logging_mixin.py:190} INFO - [2024-08-24T11:29:42.271+0000] {dag.py:4138} INFO - Setting next_dagrun for latest_only_with_trigger to 2024-08-24 04:00:00+00:00, run_after=2024-08-24 08:00:00+00:00
[2024-08-24T11:29:42.281+0000] {processor.py:208} INFO - Processing /home/airflow/.local/lib/python3.12/site-packages/airflow/example_dags/example_latest_only_with_trigger.py took 0.053 seconds
[2024-08-24T11:30:13.219+0000] {processor.py:186} INFO - Started process (PID=1182) to work on /home/airflow/.local/lib/python3.12/site-packages/airflow/example_dags/example_latest_only_with_trigger.py
[2024-08-24T11:30:13.219+0000] {processor.py:914} INFO - Processing file /home/airflow/.local/lib/python3.12/site-packages/airflow/example_dags/example_latest_only_with_trigger.py for tasks to queue
[2024-08-24T11:30:13.221+0000] {logging_mixin.py:190} INFO - [2024-08-24T11:30:13.221+0000] {dagbag.py:587} INFO - Filling up the DagBag from /home/airflow/.local/lib/python3.12/site-packages/airflow/example_dags/example_latest_only_with_trigger.py
[2024-08-24T11:30:13.227+0000] {processor.py:925} INFO - DAG(s) 'latest_only_with_trigger' retrieved from /home/airflow/.local/lib/python3.12/site-packages/airflow/example_dags/example_latest_only_with_trigger.py
[2024-08-24T11:30:13.237+0000] {logging_mixin.py:190} INFO - [2024-08-24T11:30:13.237+0000] {dag.py:3211} INFO - Sync 1 DAGs
[2024-08-24T11:30:13.249+0000] {logging_mixin.py:190} INFO - [2024-08-24T11:30:13.249+0000] {dag.py:4138} INFO - Setting next_dagrun for latest_only_with_trigger to 2024-08-24 04:00:00+00:00, run_after=2024-08-24 08:00:00+00:00
[2024-08-24T11:30:13.260+0000] {processor.py:208} INFO - Processing /home/airflow/.local/lib/python3.12/site-packages/airflow/example_dags/example_latest_only_with_trigger.py took 0.046 seconds
[2024-08-24T11:30:44.260+0000] {processor.py:186} INFO - Started process (PID=1244) to work on /home/airflow/.local/lib/python3.12/site-packages/airflow/example_dags/example_latest_only_with_trigger.py
[2024-08-24T11:30:44.260+0000] {processor.py:914} INFO - Processing file /home/airflow/.local/lib/python3.12/site-packages/airflow/example_dags/example_latest_only_with_trigger.py for tasks to queue
[2024-08-24T11:30:44.261+0000] {logging_mixin.py:190} INFO - [2024-08-24T11:30:44.261+0000] {dagbag.py:587} INFO - Filling up the DagBag from /home/airflow/.local/lib/python3.12/site-packages/airflow/example_dags/example_latest_only_with_trigger.py
[2024-08-24T11:30:44.266+0000] {processor.py:925} INFO - DAG(s) 'latest_only_with_trigger' retrieved from /home/airflow/.local/lib/python3.12/site-packages/airflow/example_dags/example_latest_only_with_trigger.py
[2024-08-24T11:30:44.278+0000] {logging_mixin.py:190} INFO - [2024-08-24T11:30:44.278+0000] {dag.py:3211} INFO - Sync 1 DAGs
[2024-08-24T11:30:44.293+0000] {logging_mixin.py:190} INFO - [2024-08-24T11:30:44.292+0000] {dag.py:4138} INFO - Setting next_dagrun for latest_only_with_trigger to 2024-08-24 04:00:00+00:00, run_after=2024-08-24 08:00:00+00:00
[2024-08-24T11:30:44.303+0000] {processor.py:208} INFO - Processing /home/airflow/.local/lib/python3.12/site-packages/airflow/example_dags/example_latest_only_with_trigger.py took 0.047 seconds
[2024-08-24T11:31:15.273+0000] {processor.py:186} INFO - Started process (PID=1306) to work on /home/airflow/.local/lib/python3.12/site-packages/airflow/example_dags/example_latest_only_with_trigger.py
[2024-08-24T11:31:15.273+0000] {processor.py:914} INFO - Processing file /home/airflow/.local/lib/python3.12/site-packages/airflow/example_dags/example_latest_only_with_trigger.py for tasks to queue
[2024-08-24T11:31:15.274+0000] {logging_mixin.py:190} INFO - [2024-08-24T11:31:15.274+0000] {dagbag.py:587} INFO - Filling up the DagBag from /home/airflow/.local/lib/python3.12/site-packages/airflow/example_dags/example_latest_only_with_trigger.py
[2024-08-24T11:31:15.278+0000] {processor.py:925} INFO - DAG(s) 'latest_only_with_trigger' retrieved from /home/airflow/.local/lib/python3.12/site-packages/airflow/example_dags/example_latest_only_with_trigger.py
[2024-08-24T11:31:15.289+0000] {logging_mixin.py:190} INFO - [2024-08-24T11:31:15.289+0000] {dag.py:3211} INFO - Sync 1 DAGs
[2024-08-24T11:31:15.301+0000] {logging_mixin.py:190} INFO - [2024-08-24T11:31:15.300+0000] {dag.py:4138} INFO - Setting next_dagrun for latest_only_with_trigger to 2024-08-24 04:00:00+00:00, run_after=2024-08-24 08:00:00+00:00
[2024-08-24T11:31:15.309+0000] {processor.py:208} INFO - Processing /home/airflow/.local/lib/python3.12/site-packages/airflow/example_dags/example_latest_only_with_trigger.py took 0.040 seconds
[2024-08-24T11:31:46.259+0000] {processor.py:186} INFO - Started process (PID=1368) to work on /home/airflow/.local/lib/python3.12/site-packages/airflow/example_dags/example_latest_only_with_trigger.py
[2024-08-24T11:31:46.259+0000] {processor.py:914} INFO - Processing file /home/airflow/.local/lib/python3.12/site-packages/airflow/example_dags/example_latest_only_with_trigger.py for tasks to queue
[2024-08-24T11:31:46.260+0000] {logging_mixin.py:190} INFO - [2024-08-24T11:31:46.260+0000] {dagbag.py:587} INFO - Filling up the DagBag from /home/airflow/.local/lib/python3.12/site-packages/airflow/example_dags/example_latest_only_with_trigger.py
[2024-08-24T11:31:46.264+0000] {processor.py:925} INFO - DAG(s) 'latest_only_with_trigger' retrieved from /home/airflow/.local/lib/python3.12/site-packages/airflow/example_dags/example_latest_only_with_trigger.py
[2024-08-24T11:31:46.280+0000] {logging_mixin.py:190} INFO - [2024-08-24T11:31:46.280+0000] {dag.py:3211} INFO - Sync 1 DAGs
[2024-08-24T11:31:46.298+0000] {logging_mixin.py:190} INFO - [2024-08-24T11:31:46.298+0000] {dag.py:4138} INFO - Setting next_dagrun for latest_only_with_trigger to 2024-08-24 04:00:00+00:00, run_after=2024-08-24 08:00:00+00:00
[2024-08-24T11:31:46.312+0000] {processor.py:208} INFO - Processing /home/airflow/.local/lib/python3.12/site-packages/airflow/example_dags/example_latest_only_with_trigger.py took 0.057 seconds
[2024-08-24T11:32:16.410+0000] {processor.py:186} INFO - Started process (PID=1430) to work on /home/airflow/.local/lib/python3.12/site-packages/airflow/example_dags/example_latest_only_with_trigger.py
[2024-08-24T11:32:16.410+0000] {processor.py:914} INFO - Processing file /home/airflow/.local/lib/python3.12/site-packages/airflow/example_dags/example_latest_only_with_trigger.py for tasks to queue
[2024-08-24T11:32:16.411+0000] {logging_mixin.py:190} INFO - [2024-08-24T11:32:16.411+0000] {dagbag.py:587} INFO - Filling up the DagBag from /home/airflow/.local/lib/python3.12/site-packages/airflow/example_dags/example_latest_only_with_trigger.py
[2024-08-24T11:32:16.415+0000] {processor.py:925} INFO - DAG(s) 'latest_only_with_trigger' retrieved from /home/airflow/.local/lib/python3.12/site-packages/airflow/example_dags/example_latest_only_with_trigger.py
[2024-08-24T11:32:16.428+0000] {logging_mixin.py:190} INFO - [2024-08-24T11:32:16.427+0000] {dag.py:3211} INFO - Sync 1 DAGs
[2024-08-24T11:32:16.440+0000] {logging_mixin.py:190} INFO - [2024-08-24T11:32:16.440+0000] {dag.py:4138} INFO - Setting next_dagrun for latest_only_with_trigger to 2024-08-24 04:00:00+00:00, run_after=2024-08-24 08:00:00+00:00
[2024-08-24T11:32:16.449+0000] {processor.py:208} INFO - Processing /home/airflow/.local/lib/python3.12/site-packages/airflow/example_dags/example_latest_only_with_trigger.py took 0.044 seconds
[2024-08-24T11:32:46.668+0000] {processor.py:186} INFO - Started process (PID=1492) to work on /home/airflow/.local/lib/python3.12/site-packages/airflow/example_dags/example_latest_only_with_trigger.py
[2024-08-24T11:32:46.669+0000] {processor.py:914} INFO - Processing file /home/airflow/.local/lib/python3.12/site-packages/airflow/example_dags/example_latest_only_with_trigger.py for tasks to queue
[2024-08-24T11:32:46.670+0000] {logging_mixin.py:190} INFO - [2024-08-24T11:32:46.670+0000] {dagbag.py:587} INFO - Filling up the DagBag from /home/airflow/.local/lib/python3.12/site-packages/airflow/example_dags/example_latest_only_with_trigger.py
[2024-08-24T11:32:46.674+0000] {processor.py:925} INFO - DAG(s) 'latest_only_with_trigger' retrieved from /home/airflow/.local/lib/python3.12/site-packages/airflow/example_dags/example_latest_only_with_trigger.py
[2024-08-24T11:32:46.687+0000] {logging_mixin.py:190} INFO - [2024-08-24T11:32:46.686+0000] {dag.py:3211} INFO - Sync 1 DAGs
[2024-08-24T11:32:46.698+0000] {logging_mixin.py:190} INFO - [2024-08-24T11:32:46.698+0000] {dag.py:4138} INFO - Setting next_dagrun for latest_only_with_trigger to 2024-08-24 04:00:00+00:00, run_after=2024-08-24 08:00:00+00:00
[2024-08-24T11:32:46.709+0000] {processor.py:208} INFO - Processing /home/airflow/.local/lib/python3.12/site-packages/airflow/example_dags/example_latest_only_with_trigger.py took 0.045 seconds
[2024-08-24T11:33:16.861+0000] {processor.py:186} INFO - Started process (PID=1554) to work on /home/airflow/.local/lib/python3.12/site-packages/airflow/example_dags/example_latest_only_with_trigger.py
[2024-08-24T11:33:16.861+0000] {processor.py:914} INFO - Processing file /home/airflow/.local/lib/python3.12/site-packages/airflow/example_dags/example_latest_only_with_trigger.py for tasks to queue
[2024-08-24T11:33:16.863+0000] {logging_mixin.py:190} INFO - [2024-08-24T11:33:16.862+0000] {dagbag.py:587} INFO - Filling up the DagBag from /home/airflow/.local/lib/python3.12/site-packages/airflow/example_dags/example_latest_only_with_trigger.py
[2024-08-24T11:33:16.866+0000] {processor.py:925} INFO - DAG(s) 'latest_only_with_trigger' retrieved from /home/airflow/.local/lib/python3.12/site-packages/airflow/example_dags/example_latest_only_with_trigger.py
[2024-08-24T11:33:16.877+0000] {logging_mixin.py:190} INFO - [2024-08-24T11:33:16.876+0000] {dag.py:3211} INFO - Sync 1 DAGs
[2024-08-24T11:33:16.888+0000] {logging_mixin.py:190} INFO - [2024-08-24T11:33:16.888+0000] {dag.py:4138} INFO - Setting next_dagrun for latest_only_with_trigger to 2024-08-24 04:00:00+00:00, run_after=2024-08-24 08:00:00+00:00
[2024-08-24T11:33:16.896+0000] {processor.py:208} INFO - Processing /home/airflow/.local/lib/python3.12/site-packages/airflow/example_dags/example_latest_only_with_trigger.py took 0.038 seconds
[2024-08-24T11:33:46.972+0000] {processor.py:186} INFO - Started process (PID=1616) to work on /home/airflow/.local/lib/python3.12/site-packages/airflow/example_dags/example_latest_only_with_trigger.py
[2024-08-24T11:33:46.972+0000] {processor.py:914} INFO - Processing file /home/airflow/.local/lib/python3.12/site-packages/airflow/example_dags/example_latest_only_with_trigger.py for tasks to queue
[2024-08-24T11:33:46.973+0000] {logging_mixin.py:190} INFO - [2024-08-24T11:33:46.973+0000] {dagbag.py:587} INFO - Filling up the DagBag from /home/airflow/.local/lib/python3.12/site-packages/airflow/example_dags/example_latest_only_with_trigger.py
[2024-08-24T11:33:46.978+0000] {processor.py:925} INFO - DAG(s) 'latest_only_with_trigger' retrieved from /home/airflow/.local/lib/python3.12/site-packages/airflow/example_dags/example_latest_only_with_trigger.py
[2024-08-24T11:33:46.988+0000] {logging_mixin.py:190} INFO - [2024-08-24T11:33:46.988+0000] {dag.py:3211} INFO - Sync 1 DAGs
[2024-08-24T11:33:47.000+0000] {logging_mixin.py:190} INFO - [2024-08-24T11:33:47.000+0000] {dag.py:4138} INFO - Setting next_dagrun for latest_only_with_trigger to 2024-08-24 04:00:00+00:00, run_after=2024-08-24 08:00:00+00:00
[2024-08-24T11:33:47.010+0000] {processor.py:208} INFO - Processing /home/airflow/.local/lib/python3.12/site-packages/airflow/example_dags/example_latest_only_with_trigger.py took 0.041 seconds
[2024-08-24T11:34:17.242+0000] {processor.py:186} INFO - Started process (PID=1678) to work on /home/airflow/.local/lib/python3.12/site-packages/airflow/example_dags/example_latest_only_with_trigger.py
[2024-08-24T11:34:17.242+0000] {processor.py:914} INFO - Processing file /home/airflow/.local/lib/python3.12/site-packages/airflow/example_dags/example_latest_only_with_trigger.py for tasks to queue
[2024-08-24T11:34:17.243+0000] {logging_mixin.py:190} INFO - [2024-08-24T11:34:17.243+0000] {dagbag.py:587} INFO - Filling up the DagBag from /home/airflow/.local/lib/python3.12/site-packages/airflow/example_dags/example_latest_only_with_trigger.py
[2024-08-24T11:34:17.247+0000] {processor.py:925} INFO - DAG(s) 'latest_only_with_trigger' retrieved from /home/airflow/.local/lib/python3.12/site-packages/airflow/example_dags/example_latest_only_with_trigger.py
[2024-08-24T11:34:17.261+0000] {logging_mixin.py:190} INFO - [2024-08-24T11:34:17.260+0000] {dag.py:3211} INFO - Sync 1 DAGs
[2024-08-24T11:34:17.277+0000] {logging_mixin.py:190} INFO - [2024-08-24T11:34:17.277+0000] {dag.py:4138} INFO - Setting next_dagrun for latest_only_with_trigger to 2024-08-24 04:00:00+00:00, run_after=2024-08-24 08:00:00+00:00
[2024-08-24T11:34:17.291+0000] {processor.py:208} INFO - Processing /home/airflow/.local/lib/python3.12/site-packages/airflow/example_dags/example_latest_only_with_trigger.py took 0.052 seconds
[2024-08-24T11:34:47.590+0000] {processor.py:186} INFO - Started process (PID=1740) to work on /home/airflow/.local/lib/python3.12/site-packages/airflow/example_dags/example_latest_only_with_trigger.py
[2024-08-24T11:34:47.590+0000] {processor.py:914} INFO - Processing file /home/airflow/.local/lib/python3.12/site-packages/airflow/example_dags/example_latest_only_with_trigger.py for tasks to queue
[2024-08-24T11:34:47.591+0000] {logging_mixin.py:190} INFO - [2024-08-24T11:34:47.591+0000] {dagbag.py:587} INFO - Filling up the DagBag from /home/airflow/.local/lib/python3.12/site-packages/airflow/example_dags/example_latest_only_with_trigger.py
[2024-08-24T11:34:47.595+0000] {processor.py:925} INFO - DAG(s) 'latest_only_with_trigger' retrieved from /home/airflow/.local/lib/python3.12/site-packages/airflow/example_dags/example_latest_only_with_trigger.py
[2024-08-24T11:34:47.608+0000] {logging_mixin.py:190} INFO - [2024-08-24T11:34:47.608+0000] {dag.py:3211} INFO - Sync 1 DAGs
[2024-08-24T11:34:47.624+0000] {logging_mixin.py:190} INFO - [2024-08-24T11:34:47.624+0000] {dag.py:4138} INFO - Setting next_dagrun for latest_only_with_trigger to 2024-08-24 04:00:00+00:00, run_after=2024-08-24 08:00:00+00:00
[2024-08-24T11:34:47.636+0000] {processor.py:208} INFO - Processing /home/airflow/.local/lib/python3.12/site-packages/airflow/example_dags/example_latest_only_with_trigger.py took 0.051 seconds
[2024-08-24T11:35:17.881+0000] {processor.py:186} INFO - Started process (PID=1802) to work on /home/airflow/.local/lib/python3.12/site-packages/airflow/example_dags/example_latest_only_with_trigger.py
[2024-08-24T11:35:17.882+0000] {processor.py:914} INFO - Processing file /home/airflow/.local/lib/python3.12/site-packages/airflow/example_dags/example_latest_only_with_trigger.py for tasks to queue
[2024-08-24T11:35:17.883+0000] {logging_mixin.py:190} INFO - [2024-08-24T11:35:17.883+0000] {dagbag.py:587} INFO - Filling up the DagBag from /home/airflow/.local/lib/python3.12/site-packages/airflow/example_dags/example_latest_only_with_trigger.py
[2024-08-24T11:35:17.887+0000] {processor.py:925} INFO - DAG(s) 'latest_only_with_trigger' retrieved from /home/airflow/.local/lib/python3.12/site-packages/airflow/example_dags/example_latest_only_with_trigger.py
[2024-08-24T11:35:17.904+0000] {logging_mixin.py:190} INFO - [2024-08-24T11:35:17.904+0000] {dag.py:3211} INFO - Sync 1 DAGs
[2024-08-24T11:35:17.916+0000] {logging_mixin.py:190} INFO - [2024-08-24T11:35:17.916+0000] {dag.py:4138} INFO - Setting next_dagrun for latest_only_with_trigger to 2024-08-24 04:00:00+00:00, run_after=2024-08-24 08:00:00+00:00
[2024-08-24T11:35:17.927+0000] {processor.py:208} INFO - Processing /home/airflow/.local/lib/python3.12/site-packages/airflow/example_dags/example_latest_only_with_trigger.py took 0.049 seconds
[2024-08-24T11:35:48.121+0000] {processor.py:186} INFO - Started process (PID=1864) to work on /home/airflow/.local/lib/python3.12/site-packages/airflow/example_dags/example_latest_only_with_trigger.py
[2024-08-24T11:35:48.122+0000] {processor.py:914} INFO - Processing file /home/airflow/.local/lib/python3.12/site-packages/airflow/example_dags/example_latest_only_with_trigger.py for tasks to queue
[2024-08-24T11:35:48.123+0000] {logging_mixin.py:190} INFO - [2024-08-24T11:35:48.123+0000] {dagbag.py:587} INFO - Filling up the DagBag from /home/airflow/.local/lib/python3.12/site-packages/airflow/example_dags/example_latest_only_with_trigger.py
[2024-08-24T11:35:48.127+0000] {processor.py:925} INFO - DAG(s) 'latest_only_with_trigger' retrieved from /home/airflow/.local/lib/python3.12/site-packages/airflow/example_dags/example_latest_only_with_trigger.py
[2024-08-24T11:35:48.139+0000] {logging_mixin.py:190} INFO - [2024-08-24T11:35:48.139+0000] {dag.py:3211} INFO - Sync 1 DAGs
[2024-08-24T11:35:48.152+0000] {logging_mixin.py:190} INFO - [2024-08-24T11:35:48.152+0000] {dag.py:4138} INFO - Setting next_dagrun for latest_only_with_trigger to 2024-08-24 04:00:00+00:00, run_after=2024-08-24 08:00:00+00:00
[2024-08-24T11:35:48.165+0000] {processor.py:208} INFO - Processing /home/airflow/.local/lib/python3.12/site-packages/airflow/example_dags/example_latest_only_with_trigger.py took 0.047 seconds
[2024-08-24T11:36:18.410+0000] {processor.py:186} INFO - Started process (PID=1926) to work on /home/airflow/.local/lib/python3.12/site-packages/airflow/example_dags/example_latest_only_with_trigger.py
[2024-08-24T11:36:18.411+0000] {processor.py:914} INFO - Processing file /home/airflow/.local/lib/python3.12/site-packages/airflow/example_dags/example_latest_only_with_trigger.py for tasks to queue
[2024-08-24T11:36:18.413+0000] {logging_mixin.py:190} INFO - [2024-08-24T11:36:18.412+0000] {dagbag.py:587} INFO - Filling up the DagBag from /home/airflow/.local/lib/python3.12/site-packages/airflow/example_dags/example_latest_only_with_trigger.py
[2024-08-24T11:36:18.419+0000] {processor.py:925} INFO - DAG(s) 'latest_only_with_trigger' retrieved from /home/airflow/.local/lib/python3.12/site-packages/airflow/example_dags/example_latest_only_with_trigger.py
[2024-08-24T11:36:18.429+0000] {logging_mixin.py:190} INFO - [2024-08-24T11:36:18.429+0000] {dag.py:3211} INFO - Sync 1 DAGs
[2024-08-24T11:36:18.440+0000] {logging_mixin.py:190} INFO - [2024-08-24T11:36:18.440+0000] {dag.py:4138} INFO - Setting next_dagrun for latest_only_with_trigger to 2024-08-24 04:00:00+00:00, run_after=2024-08-24 08:00:00+00:00
[2024-08-24T11:36:18.448+0000] {processor.py:208} INFO - Processing /home/airflow/.local/lib/python3.12/site-packages/airflow/example_dags/example_latest_only_with_trigger.py took 0.044 seconds
[2024-08-24T11:36:48.862+0000] {processor.py:186} INFO - Started process (PID=1988) to work on /home/airflow/.local/lib/python3.12/site-packages/airflow/example_dags/example_latest_only_with_trigger.py
[2024-08-24T11:36:48.863+0000] {processor.py:914} INFO - Processing file /home/airflow/.local/lib/python3.12/site-packages/airflow/example_dags/example_latest_only_with_trigger.py for tasks to queue
[2024-08-24T11:36:48.864+0000] {logging_mixin.py:190} INFO - [2024-08-24T11:36:48.864+0000] {dagbag.py:587} INFO - Filling up the DagBag from /home/airflow/.local/lib/python3.12/site-packages/airflow/example_dags/example_latest_only_with_trigger.py
[2024-08-24T11:36:48.869+0000] {processor.py:925} INFO - DAG(s) 'latest_only_with_trigger' retrieved from /home/airflow/.local/lib/python3.12/site-packages/airflow/example_dags/example_latest_only_with_trigger.py
[2024-08-24T11:36:48.881+0000] {logging_mixin.py:190} INFO - [2024-08-24T11:36:48.880+0000] {dag.py:3211} INFO - Sync 1 DAGs
[2024-08-24T11:36:48.892+0000] {logging_mixin.py:190} INFO - [2024-08-24T11:36:48.892+0000] {dag.py:4138} INFO - Setting next_dagrun for latest_only_with_trigger to 2024-08-24 04:00:00+00:00, run_after=2024-08-24 08:00:00+00:00
[2024-08-24T11:36:48.902+0000] {processor.py:208} INFO - Processing /home/airflow/.local/lib/python3.12/site-packages/airflow/example_dags/example_latest_only_with_trigger.py took 0.043 seconds
[2024-08-24T11:37:19.154+0000] {processor.py:186} INFO - Started process (PID=2050) to work on /home/airflow/.local/lib/python3.12/site-packages/airflow/example_dags/example_latest_only_with_trigger.py
[2024-08-24T11:37:19.155+0000] {processor.py:914} INFO - Processing file /home/airflow/.local/lib/python3.12/site-packages/airflow/example_dags/example_latest_only_with_trigger.py for tasks to queue
[2024-08-24T11:37:19.157+0000] {logging_mixin.py:190} INFO - [2024-08-24T11:37:19.156+0000] {dagbag.py:587} INFO - Filling up the DagBag from /home/airflow/.local/lib/python3.12/site-packages/airflow/example_dags/example_latest_only_with_trigger.py
[2024-08-24T11:37:19.162+0000] {processor.py:925} INFO - DAG(s) 'latest_only_with_trigger' retrieved from /home/airflow/.local/lib/python3.12/site-packages/airflow/example_dags/example_latest_only_with_trigger.py
[2024-08-24T11:37:19.177+0000] {logging_mixin.py:190} INFO - [2024-08-24T11:37:19.177+0000] {dag.py:3211} INFO - Sync 1 DAGs
[2024-08-24T11:37:19.196+0000] {logging_mixin.py:190} INFO - [2024-08-24T11:37:19.196+0000] {dag.py:4138} INFO - Setting next_dagrun for latest_only_with_trigger to 2024-08-24 04:00:00+00:00, run_after=2024-08-24 08:00:00+00:00
[2024-08-24T11:37:19.206+0000] {processor.py:208} INFO - Processing /home/airflow/.local/lib/python3.12/site-packages/airflow/example_dags/example_latest_only_with_trigger.py took 0.056 seconds
[2024-08-24T11:37:49.631+0000] {processor.py:186} INFO - Started process (PID=2113) to work on /home/airflow/.local/lib/python3.12/site-packages/airflow/example_dags/example_latest_only_with_trigger.py
[2024-08-24T11:37:49.632+0000] {processor.py:914} INFO - Processing file /home/airflow/.local/lib/python3.12/site-packages/airflow/example_dags/example_latest_only_with_trigger.py for tasks to queue
[2024-08-24T11:37:49.634+0000] {logging_mixin.py:190} INFO - [2024-08-24T11:37:49.633+0000] {dagbag.py:587} INFO - Filling up the DagBag from /home/airflow/.local/lib/python3.12/site-packages/airflow/example_dags/example_latest_only_with_trigger.py
[2024-08-24T11:37:49.638+0000] {processor.py:925} INFO - DAG(s) 'latest_only_with_trigger' retrieved from /home/airflow/.local/lib/python3.12/site-packages/airflow/example_dags/example_latest_only_with_trigger.py
[2024-08-24T11:37:49.649+0000] {logging_mixin.py:190} INFO - [2024-08-24T11:37:49.649+0000] {dag.py:3211} INFO - Sync 1 DAGs
[2024-08-24T11:37:49.665+0000] {logging_mixin.py:190} INFO - [2024-08-24T11:37:49.665+0000] {dag.py:4138} INFO - Setting next_dagrun for latest_only_with_trigger to 2024-08-24 04:00:00+00:00, run_after=2024-08-24 08:00:00+00:00
[2024-08-24T11:37:49.679+0000] {processor.py:208} INFO - Processing /home/airflow/.local/lib/python3.12/site-packages/airflow/example_dags/example_latest_only_with_trigger.py took 0.052 seconds
[2024-08-24T11:38:20.221+0000] {processor.py:186} INFO - Started process (PID=2175) to work on /home/airflow/.local/lib/python3.12/site-packages/airflow/example_dags/example_latest_only_with_trigger.py
[2024-08-24T11:38:20.222+0000] {processor.py:914} INFO - Processing file /home/airflow/.local/lib/python3.12/site-packages/airflow/example_dags/example_latest_only_with_trigger.py for tasks to queue
[2024-08-24T11:38:20.223+0000] {logging_mixin.py:190} INFO - [2024-08-24T11:38:20.223+0000] {dagbag.py:587} INFO - Filling up the DagBag from /home/airflow/.local/lib/python3.12/site-packages/airflow/example_dags/example_latest_only_with_trigger.py
[2024-08-24T11:38:20.227+0000] {processor.py:925} INFO - DAG(s) 'latest_only_with_trigger' retrieved from /home/airflow/.local/lib/python3.12/site-packages/airflow/example_dags/example_latest_only_with_trigger.py
[2024-08-24T11:38:20.242+0000] {logging_mixin.py:190} INFO - [2024-08-24T11:38:20.241+0000] {dag.py:3211} INFO - Sync 1 DAGs
[2024-08-24T11:38:20.258+0000] {logging_mixin.py:190} INFO - [2024-08-24T11:38:20.258+0000] {dag.py:4138} INFO - Setting next_dagrun for latest_only_with_trigger to 2024-08-24 04:00:00+00:00, run_after=2024-08-24 08:00:00+00:00
[2024-08-24T11:38:20.267+0000] {processor.py:208} INFO - Processing /home/airflow/.local/lib/python3.12/site-packages/airflow/example_dags/example_latest_only_with_trigger.py took 0.050 seconds
[2024-08-24T11:38:50.794+0000] {processor.py:186} INFO - Started process (PID=2236) to work on /home/airflow/.local/lib/python3.12/site-packages/airflow/example_dags/example_latest_only_with_trigger.py
[2024-08-24T11:38:50.794+0000] {processor.py:914} INFO - Processing file /home/airflow/.local/lib/python3.12/site-packages/airflow/example_dags/example_latest_only_with_trigger.py for tasks to queue
[2024-08-24T11:38:50.796+0000] {logging_mixin.py:190} INFO - [2024-08-24T11:38:50.796+0000] {dagbag.py:587} INFO - Filling up the DagBag from /home/airflow/.local/lib/python3.12/site-packages/airflow/example_dags/example_latest_only_with_trigger.py
[2024-08-24T11:38:50.801+0000] {processor.py:925} INFO - DAG(s) 'latest_only_with_trigger' retrieved from /home/airflow/.local/lib/python3.12/site-packages/airflow/example_dags/example_latest_only_with_trigger.py
[2024-08-24T11:38:50.822+0000] {logging_mixin.py:190} INFO - [2024-08-24T11:38:50.821+0000] {dag.py:3211} INFO - Sync 1 DAGs
[2024-08-24T11:38:50.835+0000] {logging_mixin.py:190} INFO - [2024-08-24T11:38:50.834+0000] {dag.py:4138} INFO - Setting next_dagrun for latest_only_with_trigger to 2024-08-24 04:00:00+00:00, run_after=2024-08-24 08:00:00+00:00
[2024-08-24T11:38:50.843+0000] {processor.py:208} INFO - Processing /home/airflow/.local/lib/python3.12/site-packages/airflow/example_dags/example_latest_only_with_trigger.py took 0.054 seconds
[2024-08-24T11:39:21.208+0000] {processor.py:186} INFO - Started process (PID=2298) to work on /home/airflow/.local/lib/python3.12/site-packages/airflow/example_dags/example_latest_only_with_trigger.py
[2024-08-24T11:39:21.209+0000] {processor.py:914} INFO - Processing file /home/airflow/.local/lib/python3.12/site-packages/airflow/example_dags/example_latest_only_with_trigger.py for tasks to queue
[2024-08-24T11:39:21.210+0000] {logging_mixin.py:190} INFO - [2024-08-24T11:39:21.210+0000] {dagbag.py:587} INFO - Filling up the DagBag from /home/airflow/.local/lib/python3.12/site-packages/airflow/example_dags/example_latest_only_with_trigger.py
[2024-08-24T11:39:21.215+0000] {processor.py:925} INFO - DAG(s) 'latest_only_with_trigger' retrieved from /home/airflow/.local/lib/python3.12/site-packages/airflow/example_dags/example_latest_only_with_trigger.py
[2024-08-24T11:39:21.230+0000] {logging_mixin.py:190} INFO - [2024-08-24T11:39:21.230+0000] {dag.py:3211} INFO - Sync 1 DAGs
[2024-08-24T11:39:21.251+0000] {logging_mixin.py:190} INFO - [2024-08-24T11:39:21.250+0000] {dag.py:4138} INFO - Setting next_dagrun for latest_only_with_trigger to 2024-08-24 04:00:00+00:00, run_after=2024-08-24 08:00:00+00:00
[2024-08-24T11:39:21.262+0000] {processor.py:208} INFO - Processing /home/airflow/.local/lib/python3.12/site-packages/airflow/example_dags/example_latest_only_with_trigger.py took 0.057 seconds
[2024-08-24T11:39:51.935+0000] {processor.py:186} INFO - Started process (PID=2360) to work on /home/airflow/.local/lib/python3.12/site-packages/airflow/example_dags/example_latest_only_with_trigger.py
[2024-08-24T11:39:51.935+0000] {processor.py:914} INFO - Processing file /home/airflow/.local/lib/python3.12/site-packages/airflow/example_dags/example_latest_only_with_trigger.py for tasks to queue
[2024-08-24T11:39:51.936+0000] {logging_mixin.py:190} INFO - [2024-08-24T11:39:51.936+0000] {dagbag.py:587} INFO - Filling up the DagBag from /home/airflow/.local/lib/python3.12/site-packages/airflow/example_dags/example_latest_only_with_trigger.py
[2024-08-24T11:39:51.940+0000] {processor.py:925} INFO - DAG(s) 'latest_only_with_trigger' retrieved from /home/airflow/.local/lib/python3.12/site-packages/airflow/example_dags/example_latest_only_with_trigger.py
[2024-08-24T11:39:51.954+0000] {logging_mixin.py:190} INFO - [2024-08-24T11:39:51.954+0000] {dag.py:3211} INFO - Sync 1 DAGs
[2024-08-24T11:39:51.970+0000] {logging_mixin.py:190} INFO - [2024-08-24T11:39:51.969+0000] {dag.py:4138} INFO - Setting next_dagrun for latest_only_with_trigger to 2024-08-24 04:00:00+00:00, run_after=2024-08-24 08:00:00+00:00
[2024-08-24T11:39:51.980+0000] {processor.py:208} INFO - Processing /home/airflow/.local/lib/python3.12/site-packages/airflow/example_dags/example_latest_only_with_trigger.py took 0.049 seconds
[2024-08-24T11:40:22.374+0000] {processor.py:186} INFO - Started process (PID=2422) to work on /home/airflow/.local/lib/python3.12/site-packages/airflow/example_dags/example_latest_only_with_trigger.py
[2024-08-24T11:40:22.375+0000] {processor.py:914} INFO - Processing file /home/airflow/.local/lib/python3.12/site-packages/airflow/example_dags/example_latest_only_with_trigger.py for tasks to queue
[2024-08-24T11:40:22.376+0000] {logging_mixin.py:190} INFO - [2024-08-24T11:40:22.376+0000] {dagbag.py:587} INFO - Filling up the DagBag from /home/airflow/.local/lib/python3.12/site-packages/airflow/example_dags/example_latest_only_with_trigger.py
[2024-08-24T11:40:22.381+0000] {processor.py:925} INFO - DAG(s) 'latest_only_with_trigger' retrieved from /home/airflow/.local/lib/python3.12/site-packages/airflow/example_dags/example_latest_only_with_trigger.py
[2024-08-24T11:40:22.396+0000] {logging_mixin.py:190} INFO - [2024-08-24T11:40:22.395+0000] {dag.py:3211} INFO - Sync 1 DAGs
[2024-08-24T11:40:22.407+0000] {logging_mixin.py:190} INFO - [2024-08-24T11:40:22.407+0000] {dag.py:4138} INFO - Setting next_dagrun for latest_only_with_trigger to 2024-08-24 04:00:00+00:00, run_after=2024-08-24 08:00:00+00:00
[2024-08-24T11:40:22.416+0000] {processor.py:208} INFO - Processing /home/airflow/.local/lib/python3.12/site-packages/airflow/example_dags/example_latest_only_with_trigger.py took 0.047 seconds
[2024-08-24T11:40:53.054+0000] {processor.py:186} INFO - Started process (PID=2484) to work on /home/airflow/.local/lib/python3.12/site-packages/airflow/example_dags/example_latest_only_with_trigger.py
[2024-08-24T11:40:53.054+0000] {processor.py:914} INFO - Processing file /home/airflow/.local/lib/python3.12/site-packages/airflow/example_dags/example_latest_only_with_trigger.py for tasks to queue
[2024-08-24T11:40:53.056+0000] {logging_mixin.py:190} INFO - [2024-08-24T11:40:53.056+0000] {dagbag.py:587} INFO - Filling up the DagBag from /home/airflow/.local/lib/python3.12/site-packages/airflow/example_dags/example_latest_only_with_trigger.py
[2024-08-24T11:40:53.061+0000] {processor.py:925} INFO - DAG(s) 'latest_only_with_trigger' retrieved from /home/airflow/.local/lib/python3.12/site-packages/airflow/example_dags/example_latest_only_with_trigger.py
[2024-08-24T11:40:53.073+0000] {logging_mixin.py:190} INFO - [2024-08-24T11:40:53.073+0000] {dag.py:3211} INFO - Sync 1 DAGs
[2024-08-24T11:40:53.092+0000] {logging_mixin.py:190} INFO - [2024-08-24T11:40:53.091+0000] {dag.py:4138} INFO - Setting next_dagrun for latest_only_with_trigger to 2024-08-24 04:00:00+00:00, run_after=2024-08-24 08:00:00+00:00
[2024-08-24T11:40:53.103+0000] {processor.py:208} INFO - Processing /home/airflow/.local/lib/python3.12/site-packages/airflow/example_dags/example_latest_only_with_trigger.py took 0.054 seconds
[2024-08-24T11:41:23.538+0000] {processor.py:186} INFO - Started process (PID=2546) to work on /home/airflow/.local/lib/python3.12/site-packages/airflow/example_dags/example_latest_only_with_trigger.py
[2024-08-24T11:41:23.538+0000] {processor.py:914} INFO - Processing file /home/airflow/.local/lib/python3.12/site-packages/airflow/example_dags/example_latest_only_with_trigger.py for tasks to queue
[2024-08-24T11:41:23.539+0000] {logging_mixin.py:190} INFO - [2024-08-24T11:41:23.539+0000] {dagbag.py:587} INFO - Filling up the DagBag from /home/airflow/.local/lib/python3.12/site-packages/airflow/example_dags/example_latest_only_with_trigger.py
[2024-08-24T11:41:23.543+0000] {processor.py:925} INFO - DAG(s) 'latest_only_with_trigger' retrieved from /home/airflow/.local/lib/python3.12/site-packages/airflow/example_dags/example_latest_only_with_trigger.py
[2024-08-24T11:41:23.557+0000] {logging_mixin.py:190} INFO - [2024-08-24T11:41:23.557+0000] {dag.py:3211} INFO - Sync 1 DAGs
[2024-08-24T11:41:23.573+0000] {logging_mixin.py:190} INFO - [2024-08-24T11:41:23.573+0000] {dag.py:4138} INFO - Setting next_dagrun for latest_only_with_trigger to 2024-08-24 04:00:00+00:00, run_after=2024-08-24 08:00:00+00:00
[2024-08-24T11:41:23.590+0000] {processor.py:208} INFO - Processing /home/airflow/.local/lib/python3.12/site-packages/airflow/example_dags/example_latest_only_with_trigger.py took 0.056 seconds
[2024-08-24T11:41:54.074+0000] {processor.py:186} INFO - Started process (PID=2608) to work on /home/airflow/.local/lib/python3.12/site-packages/airflow/example_dags/example_latest_only_with_trigger.py
[2024-08-24T11:41:54.075+0000] {processor.py:914} INFO - Processing file /home/airflow/.local/lib/python3.12/site-packages/airflow/example_dags/example_latest_only_with_trigger.py for tasks to queue
[2024-08-24T11:41:54.077+0000] {logging_mixin.py:190} INFO - [2024-08-24T11:41:54.076+0000] {dagbag.py:587} INFO - Filling up the DagBag from /home/airflow/.local/lib/python3.12/site-packages/airflow/example_dags/example_latest_only_with_trigger.py
[2024-08-24T11:41:54.082+0000] {processor.py:925} INFO - DAG(s) 'latest_only_with_trigger' retrieved from /home/airflow/.local/lib/python3.12/site-packages/airflow/example_dags/example_latest_only_with_trigger.py
[2024-08-24T11:41:54.093+0000] {logging_mixin.py:190} INFO - [2024-08-24T11:41:54.093+0000] {dag.py:3211} INFO - Sync 1 DAGs
[2024-08-24T11:41:54.105+0000] {logging_mixin.py:190} INFO - [2024-08-24T11:41:54.105+0000] {dag.py:4138} INFO - Setting next_dagrun for latest_only_with_trigger to 2024-08-24 04:00:00+00:00, run_after=2024-08-24 08:00:00+00:00
[2024-08-24T11:41:54.114+0000] {processor.py:208} INFO - Processing /home/airflow/.local/lib/python3.12/site-packages/airflow/example_dags/example_latest_only_with_trigger.py took 0.044 seconds
[2024-08-24T11:42:24.538+0000] {processor.py:186} INFO - Started process (PID=2670) to work on /home/airflow/.local/lib/python3.12/site-packages/airflow/example_dags/example_latest_only_with_trigger.py
[2024-08-24T11:42:24.539+0000] {processor.py:914} INFO - Processing file /home/airflow/.local/lib/python3.12/site-packages/airflow/example_dags/example_latest_only_with_trigger.py for tasks to queue
[2024-08-24T11:42:24.540+0000] {logging_mixin.py:190} INFO - [2024-08-24T11:42:24.539+0000] {dagbag.py:587} INFO - Filling up the DagBag from /home/airflow/.local/lib/python3.12/site-packages/airflow/example_dags/example_latest_only_with_trigger.py
[2024-08-24T11:42:24.543+0000] {processor.py:925} INFO - DAG(s) 'latest_only_with_trigger' retrieved from /home/airflow/.local/lib/python3.12/site-packages/airflow/example_dags/example_latest_only_with_trigger.py
[2024-08-24T11:42:24.554+0000] {logging_mixin.py:190} INFO - [2024-08-24T11:42:24.554+0000] {dag.py:3211} INFO - Sync 1 DAGs
[2024-08-24T11:42:24.566+0000] {logging_mixin.py:190} INFO - [2024-08-24T11:42:24.566+0000] {dag.py:4138} INFO - Setting next_dagrun for latest_only_with_trigger to 2024-08-24 04:00:00+00:00, run_after=2024-08-24 08:00:00+00:00
[2024-08-24T11:42:24.575+0000] {processor.py:208} INFO - Processing /home/airflow/.local/lib/python3.12/site-packages/airflow/example_dags/example_latest_only_with_trigger.py took 0.040 seconds
[2024-08-24T11:42:55.040+0000] {processor.py:186} INFO - Started process (PID=2732) to work on /home/airflow/.local/lib/python3.12/site-packages/airflow/example_dags/example_latest_only_with_trigger.py
[2024-08-24T11:42:55.040+0000] {processor.py:914} INFO - Processing file /home/airflow/.local/lib/python3.12/site-packages/airflow/example_dags/example_latest_only_with_trigger.py for tasks to queue
[2024-08-24T11:42:55.041+0000] {logging_mixin.py:190} INFO - [2024-08-24T11:42:55.041+0000] {dagbag.py:587} INFO - Filling up the DagBag from /home/airflow/.local/lib/python3.12/site-packages/airflow/example_dags/example_latest_only_with_trigger.py
[2024-08-24T11:42:55.045+0000] {processor.py:925} INFO - DAG(s) 'latest_only_with_trigger' retrieved from /home/airflow/.local/lib/python3.12/site-packages/airflow/example_dags/example_latest_only_with_trigger.py
[2024-08-24T11:42:55.058+0000] {logging_mixin.py:190} INFO - [2024-08-24T11:42:55.058+0000] {dag.py:3211} INFO - Sync 1 DAGs
[2024-08-24T11:42:55.076+0000] {logging_mixin.py:190} INFO - [2024-08-24T11:42:55.076+0000] {dag.py:4138} INFO - Setting next_dagrun for latest_only_with_trigger to 2024-08-24 04:00:00+00:00, run_after=2024-08-24 08:00:00+00:00
[2024-08-24T11:42:55.090+0000] {processor.py:208} INFO - Processing /home/airflow/.local/lib/python3.12/site-packages/airflow/example_dags/example_latest_only_with_trigger.py took 0.054 seconds
[2024-08-24T11:43:25.452+0000] {processor.py:186} INFO - Started process (PID=2794) to work on /home/airflow/.local/lib/python3.12/site-packages/airflow/example_dags/example_latest_only_with_trigger.py
[2024-08-24T11:43:25.452+0000] {processor.py:914} INFO - Processing file /home/airflow/.local/lib/python3.12/site-packages/airflow/example_dags/example_latest_only_with_trigger.py for tasks to queue
[2024-08-24T11:43:25.453+0000] {logging_mixin.py:190} INFO - [2024-08-24T11:43:25.453+0000] {dagbag.py:587} INFO - Filling up the DagBag from /home/airflow/.local/lib/python3.12/site-packages/airflow/example_dags/example_latest_only_with_trigger.py
[2024-08-24T11:43:25.457+0000] {processor.py:925} INFO - DAG(s) 'latest_only_with_trigger' retrieved from /home/airflow/.local/lib/python3.12/site-packages/airflow/example_dags/example_latest_only_with_trigger.py
[2024-08-24T11:43:25.468+0000] {logging_mixin.py:190} INFO - [2024-08-24T11:43:25.468+0000] {dag.py:3211} INFO - Sync 1 DAGs
[2024-08-24T11:43:25.480+0000] {logging_mixin.py:190} INFO - [2024-08-24T11:43:25.480+0000] {dag.py:4138} INFO - Setting next_dagrun for latest_only_with_trigger to 2024-08-24 04:00:00+00:00, run_after=2024-08-24 08:00:00+00:00
[2024-08-24T11:43:25.489+0000] {processor.py:208} INFO - Processing /home/airflow/.local/lib/python3.12/site-packages/airflow/example_dags/example_latest_only_with_trigger.py took 0.041 seconds
[2024-08-24T11:43:55.989+0000] {processor.py:186} INFO - Started process (PID=2856) to work on /home/airflow/.local/lib/python3.12/site-packages/airflow/example_dags/example_latest_only_with_trigger.py
[2024-08-24T11:43:55.990+0000] {processor.py:914} INFO - Processing file /home/airflow/.local/lib/python3.12/site-packages/airflow/example_dags/example_latest_only_with_trigger.py for tasks to queue
[2024-08-24T11:43:55.991+0000] {logging_mixin.py:190} INFO - [2024-08-24T11:43:55.990+0000] {dagbag.py:587} INFO - Filling up the DagBag from /home/airflow/.local/lib/python3.12/site-packages/airflow/example_dags/example_latest_only_with_trigger.py
[2024-08-24T11:43:55.994+0000] {processor.py:925} INFO - DAG(s) 'latest_only_with_trigger' retrieved from /home/airflow/.local/lib/python3.12/site-packages/airflow/example_dags/example_latest_only_with_trigger.py
[2024-08-24T11:43:56.005+0000] {logging_mixin.py:190} INFO - [2024-08-24T11:43:56.005+0000] {dag.py:3211} INFO - Sync 1 DAGs
[2024-08-24T11:43:56.018+0000] {logging_mixin.py:190} INFO - [2024-08-24T11:43:56.018+0000] {dag.py:4138} INFO - Setting next_dagrun for latest_only_with_trigger to 2024-08-24 04:00:00+00:00, run_after=2024-08-24 08:00:00+00:00
[2024-08-24T11:43:56.027+0000] {processor.py:208} INFO - Processing /home/airflow/.local/lib/python3.12/site-packages/airflow/example_dags/example_latest_only_with_trigger.py took 0.042 seconds
[2024-08-24T11:44:26.951+0000] {processor.py:186} INFO - Started process (PID=2918) to work on /home/airflow/.local/lib/python3.12/site-packages/airflow/example_dags/example_latest_only_with_trigger.py
[2024-08-24T11:44:26.952+0000] {processor.py:914} INFO - Processing file /home/airflow/.local/lib/python3.12/site-packages/airflow/example_dags/example_latest_only_with_trigger.py for tasks to queue
[2024-08-24T11:44:26.953+0000] {logging_mixin.py:190} INFO - [2024-08-24T11:44:26.953+0000] {dagbag.py:587} INFO - Filling up the DagBag from /home/airflow/.local/lib/python3.12/site-packages/airflow/example_dags/example_latest_only_with_trigger.py
[2024-08-24T11:44:26.957+0000] {processor.py:925} INFO - DAG(s) 'latest_only_with_trigger' retrieved from /home/airflow/.local/lib/python3.12/site-packages/airflow/example_dags/example_latest_only_with_trigger.py
[2024-08-24T11:44:26.967+0000] {logging_mixin.py:190} INFO - [2024-08-24T11:44:26.967+0000] {dag.py:3211} INFO - Sync 1 DAGs
[2024-08-24T11:44:26.980+0000] {logging_mixin.py:190} INFO - [2024-08-24T11:44:26.980+0000] {dag.py:4138} INFO - Setting next_dagrun for latest_only_with_trigger to 2024-08-24 04:00:00+00:00, run_after=2024-08-24 08:00:00+00:00
[2024-08-24T11:44:27.088+0000] {processor.py:208} INFO - Processing /home/airflow/.local/lib/python3.12/site-packages/airflow/example_dags/example_latest_only_with_trigger.py took 0.141 seconds
[2024-08-24T11:44:58.009+0000] {processor.py:186} INFO - Started process (PID=2981) to work on /home/airflow/.local/lib/python3.12/site-packages/airflow/example_dags/example_latest_only_with_trigger.py
[2024-08-24T11:44:58.010+0000] {processor.py:914} INFO - Processing file /home/airflow/.local/lib/python3.12/site-packages/airflow/example_dags/example_latest_only_with_trigger.py for tasks to queue
[2024-08-24T11:44:58.012+0000] {logging_mixin.py:190} INFO - [2024-08-24T11:44:58.011+0000] {dagbag.py:587} INFO - Filling up the DagBag from /home/airflow/.local/lib/python3.12/site-packages/airflow/example_dags/example_latest_only_with_trigger.py
[2024-08-24T11:44:58.016+0000] {processor.py:925} INFO - DAG(s) 'latest_only_with_trigger' retrieved from /home/airflow/.local/lib/python3.12/site-packages/airflow/example_dags/example_latest_only_with_trigger.py
[2024-08-24T11:44:58.027+0000] {logging_mixin.py:190} INFO - [2024-08-24T11:44:58.027+0000] {dag.py:3211} INFO - Sync 1 DAGs
[2024-08-24T11:44:58.039+0000] {logging_mixin.py:190} INFO - [2024-08-24T11:44:58.039+0000] {dag.py:4138} INFO - Setting next_dagrun for latest_only_with_trigger to 2024-08-24 04:00:00+00:00, run_after=2024-08-24 08:00:00+00:00
[2024-08-24T11:44:58.048+0000] {processor.py:208} INFO - Processing /home/airflow/.local/lib/python3.12/site-packages/airflow/example_dags/example_latest_only_with_trigger.py took 0.043 seconds
[2024-08-24T11:45:28.370+0000] {processor.py:186} INFO - Started process (PID=3044) to work on /home/airflow/.local/lib/python3.12/site-packages/airflow/example_dags/example_latest_only_with_trigger.py
[2024-08-24T11:45:28.370+0000] {processor.py:914} INFO - Processing file /home/airflow/.local/lib/python3.12/site-packages/airflow/example_dags/example_latest_only_with_trigger.py for tasks to queue
[2024-08-24T11:45:28.372+0000] {logging_mixin.py:190} INFO - [2024-08-24T11:45:28.372+0000] {dagbag.py:587} INFO - Filling up the DagBag from /home/airflow/.local/lib/python3.12/site-packages/airflow/example_dags/example_latest_only_with_trigger.py
[2024-08-24T11:45:28.376+0000] {processor.py:925} INFO - DAG(s) 'latest_only_with_trigger' retrieved from /home/airflow/.local/lib/python3.12/site-packages/airflow/example_dags/example_latest_only_with_trigger.py
[2024-08-24T11:45:28.387+0000] {logging_mixin.py:190} INFO - [2024-08-24T11:45:28.387+0000] {dag.py:3211} INFO - Sync 1 DAGs
[2024-08-24T11:45:28.399+0000] {logging_mixin.py:190} INFO - [2024-08-24T11:45:28.399+0000] {dag.py:4138} INFO - Setting next_dagrun for latest_only_with_trigger to 2024-08-24 04:00:00+00:00, run_after=2024-08-24 08:00:00+00:00
[2024-08-24T11:45:28.408+0000] {processor.py:208} INFO - Processing /home/airflow/.local/lib/python3.12/site-packages/airflow/example_dags/example_latest_only_with_trigger.py took 0.043 seconds
[2024-08-24T11:45:59.122+0000] {processor.py:186} INFO - Started process (PID=3106) to work on /home/airflow/.local/lib/python3.12/site-packages/airflow/example_dags/example_latest_only_with_trigger.py
[2024-08-24T11:45:59.123+0000] {processor.py:914} INFO - Processing file /home/airflow/.local/lib/python3.12/site-packages/airflow/example_dags/example_latest_only_with_trigger.py for tasks to queue
[2024-08-24T11:45:59.124+0000] {logging_mixin.py:190} INFO - [2024-08-24T11:45:59.124+0000] {dagbag.py:587} INFO - Filling up the DagBag from /home/airflow/.local/lib/python3.12/site-packages/airflow/example_dags/example_latest_only_with_trigger.py
[2024-08-24T11:45:59.128+0000] {processor.py:925} INFO - DAG(s) 'latest_only_with_trigger' retrieved from /home/airflow/.local/lib/python3.12/site-packages/airflow/example_dags/example_latest_only_with_trigger.py
[2024-08-24T11:45:59.143+0000] {logging_mixin.py:190} INFO - [2024-08-24T11:45:59.142+0000] {dag.py:3211} INFO - Sync 1 DAGs
[2024-08-24T11:45:59.252+0000] {logging_mixin.py:190} INFO - [2024-08-24T11:45:59.252+0000] {dag.py:4138} INFO - Setting next_dagrun for latest_only_with_trigger to 2024-08-24 04:00:00+00:00, run_after=2024-08-24 08:00:00+00:00
[2024-08-24T11:45:59.261+0000] {processor.py:208} INFO - Processing /home/airflow/.local/lib/python3.12/site-packages/airflow/example_dags/example_latest_only_with_trigger.py took 0.142 seconds
[2024-08-24T11:46:29.585+0000] {processor.py:186} INFO - Started process (PID=3168) to work on /home/airflow/.local/lib/python3.12/site-packages/airflow/example_dags/example_latest_only_with_trigger.py
[2024-08-24T11:46:29.586+0000] {processor.py:914} INFO - Processing file /home/airflow/.local/lib/python3.12/site-packages/airflow/example_dags/example_latest_only_with_trigger.py for tasks to queue
[2024-08-24T11:46:29.587+0000] {logging_mixin.py:190} INFO - [2024-08-24T11:46:29.587+0000] {dagbag.py:587} INFO - Filling up the DagBag from /home/airflow/.local/lib/python3.12/site-packages/airflow/example_dags/example_latest_only_with_trigger.py
[2024-08-24T11:46:29.593+0000] {processor.py:925} INFO - DAG(s) 'latest_only_with_trigger' retrieved from /home/airflow/.local/lib/python3.12/site-packages/airflow/example_dags/example_latest_only_with_trigger.py
[2024-08-24T11:46:29.608+0000] {logging_mixin.py:190} INFO - [2024-08-24T11:46:29.608+0000] {dag.py:3211} INFO - Sync 1 DAGs
[2024-08-24T11:46:29.719+0000] {logging_mixin.py:190} INFO - [2024-08-24T11:46:29.719+0000] {dag.py:4138} INFO - Setting next_dagrun for latest_only_with_trigger to 2024-08-24 04:00:00+00:00, run_after=2024-08-24 08:00:00+00:00
[2024-08-24T11:46:29.733+0000] {processor.py:208} INFO - Processing /home/airflow/.local/lib/python3.12/site-packages/airflow/example_dags/example_latest_only_with_trigger.py took 0.153 seconds
[2024-08-24T11:47:00.152+0000] {processor.py:186} INFO - Started process (PID=3230) to work on /home/airflow/.local/lib/python3.12/site-packages/airflow/example_dags/example_latest_only_with_trigger.py
[2024-08-24T11:47:00.153+0000] {processor.py:914} INFO - Processing file /home/airflow/.local/lib/python3.12/site-packages/airflow/example_dags/example_latest_only_with_trigger.py for tasks to queue
[2024-08-24T11:47:00.154+0000] {logging_mixin.py:190} INFO - [2024-08-24T11:47:00.154+0000] {dagbag.py:587} INFO - Filling up the DagBag from /home/airflow/.local/lib/python3.12/site-packages/airflow/example_dags/example_latest_only_with_trigger.py
[2024-08-24T11:47:00.159+0000] {processor.py:925} INFO - DAG(s) 'latest_only_with_trigger' retrieved from /home/airflow/.local/lib/python3.12/site-packages/airflow/example_dags/example_latest_only_with_trigger.py
[2024-08-24T11:47:00.177+0000] {logging_mixin.py:190} INFO - [2024-08-24T11:47:00.176+0000] {dag.py:3211} INFO - Sync 1 DAGs
[2024-08-24T11:47:00.282+0000] {logging_mixin.py:190} INFO - [2024-08-24T11:47:00.282+0000] {dag.py:4138} INFO - Setting next_dagrun for latest_only_with_trigger to 2024-08-24 04:00:00+00:00, run_after=2024-08-24 08:00:00+00:00
[2024-08-24T11:47:00.291+0000] {processor.py:208} INFO - Processing /home/airflow/.local/lib/python3.12/site-packages/airflow/example_dags/example_latest_only_with_trigger.py took 0.144 seconds
[2024-08-24T11:47:30.324+0000] {processor.py:186} INFO - Started process (PID=3292) to work on /home/airflow/.local/lib/python3.12/site-packages/airflow/example_dags/example_latest_only_with_trigger.py
[2024-08-24T11:47:30.324+0000] {processor.py:914} INFO - Processing file /home/airflow/.local/lib/python3.12/site-packages/airflow/example_dags/example_latest_only_with_trigger.py for tasks to queue
[2024-08-24T11:47:30.325+0000] {logging_mixin.py:190} INFO - [2024-08-24T11:47:30.325+0000] {dagbag.py:587} INFO - Filling up the DagBag from /home/airflow/.local/lib/python3.12/site-packages/airflow/example_dags/example_latest_only_with_trigger.py
[2024-08-24T11:47:30.329+0000] {processor.py:925} INFO - DAG(s) 'latest_only_with_trigger' retrieved from /home/airflow/.local/lib/python3.12/site-packages/airflow/example_dags/example_latest_only_with_trigger.py
[2024-08-24T11:47:30.341+0000] {logging_mixin.py:190} INFO - [2024-08-24T11:47:30.341+0000] {dag.py:3211} INFO - Sync 1 DAGs
[2024-08-24T11:47:30.353+0000] {logging_mixin.py:190} INFO - [2024-08-24T11:47:30.353+0000] {dag.py:4138} INFO - Setting next_dagrun for latest_only_with_trigger to 2024-08-24 04:00:00+00:00, run_after=2024-08-24 08:00:00+00:00
[2024-08-24T11:47:30.368+0000] {processor.py:208} INFO - Processing /home/airflow/.local/lib/python3.12/site-packages/airflow/example_dags/example_latest_only_with_trigger.py took 0.049 seconds
[2024-08-24T11:48:00.585+0000] {processor.py:186} INFO - Started process (PID=3354) to work on /home/airflow/.local/lib/python3.12/site-packages/airflow/example_dags/example_latest_only_with_trigger.py
[2024-08-24T11:48:00.585+0000] {processor.py:914} INFO - Processing file /home/airflow/.local/lib/python3.12/site-packages/airflow/example_dags/example_latest_only_with_trigger.py for tasks to queue
[2024-08-24T11:48:00.587+0000] {logging_mixin.py:190} INFO - [2024-08-24T11:48:00.587+0000] {dagbag.py:587} INFO - Filling up the DagBag from /home/airflow/.local/lib/python3.12/site-packages/airflow/example_dags/example_latest_only_with_trigger.py
[2024-08-24T11:48:00.593+0000] {processor.py:925} INFO - DAG(s) 'latest_only_with_trigger' retrieved from /home/airflow/.local/lib/python3.12/site-packages/airflow/example_dags/example_latest_only_with_trigger.py
[2024-08-24T11:48:00.608+0000] {logging_mixin.py:190} INFO - [2024-08-24T11:48:00.607+0000] {dag.py:3211} INFO - Sync 1 DAGs
[2024-08-24T11:48:00.621+0000] {logging_mixin.py:190} INFO - [2024-08-24T11:48:00.621+0000] {dag.py:4138} INFO - Setting next_dagrun for latest_only_with_trigger to 2024-08-24 04:00:00+00:00, run_after=2024-08-24 08:00:00+00:00
[2024-08-24T11:48:00.630+0000] {processor.py:208} INFO - Processing /home/airflow/.local/lib/python3.12/site-packages/airflow/example_dags/example_latest_only_with_trigger.py took 0.050 seconds
[2024-08-24T11:48:30.975+0000] {processor.py:186} INFO - Started process (PID=3416) to work on /home/airflow/.local/lib/python3.12/site-packages/airflow/example_dags/example_latest_only_with_trigger.py
[2024-08-24T11:48:30.975+0000] {processor.py:914} INFO - Processing file /home/airflow/.local/lib/python3.12/site-packages/airflow/example_dags/example_latest_only_with_trigger.py for tasks to queue
[2024-08-24T11:48:30.976+0000] {logging_mixin.py:190} INFO - [2024-08-24T11:48:30.976+0000] {dagbag.py:587} INFO - Filling up the DagBag from /home/airflow/.local/lib/python3.12/site-packages/airflow/example_dags/example_latest_only_with_trigger.py
[2024-08-24T11:48:30.980+0000] {processor.py:925} INFO - DAG(s) 'latest_only_with_trigger' retrieved from /home/airflow/.local/lib/python3.12/site-packages/airflow/example_dags/example_latest_only_with_trigger.py
[2024-08-24T11:48:30.993+0000] {logging_mixin.py:190} INFO - [2024-08-24T11:48:30.993+0000] {dag.py:3211} INFO - Sync 1 DAGs
[2024-08-24T11:48:31.012+0000] {logging_mixin.py:190} INFO - [2024-08-24T11:48:31.012+0000] {dag.py:4138} INFO - Setting next_dagrun for latest_only_with_trigger to 2024-08-24 04:00:00+00:00, run_after=2024-08-24 08:00:00+00:00
[2024-08-24T11:48:31.026+0000] {processor.py:208} INFO - Processing /home/airflow/.local/lib/python3.12/site-packages/airflow/example_dags/example_latest_only_with_trigger.py took 0.056 seconds
[2024-08-24T11:49:01.295+0000] {processor.py:186} INFO - Started process (PID=3478) to work on /home/airflow/.local/lib/python3.12/site-packages/airflow/example_dags/example_latest_only_with_trigger.py
[2024-08-24T11:49:01.296+0000] {processor.py:914} INFO - Processing file /home/airflow/.local/lib/python3.12/site-packages/airflow/example_dags/example_latest_only_with_trigger.py for tasks to queue
[2024-08-24T11:49:01.297+0000] {logging_mixin.py:190} INFO - [2024-08-24T11:49:01.297+0000] {dagbag.py:587} INFO - Filling up the DagBag from /home/airflow/.local/lib/python3.12/site-packages/airflow/example_dags/example_latest_only_with_trigger.py
[2024-08-24T11:49:01.302+0000] {processor.py:925} INFO - DAG(s) 'latest_only_with_trigger' retrieved from /home/airflow/.local/lib/python3.12/site-packages/airflow/example_dags/example_latest_only_with_trigger.py
[2024-08-24T11:49:01.327+0000] {logging_mixin.py:190} INFO - [2024-08-24T11:49:01.327+0000] {dag.py:3211} INFO - Sync 1 DAGs
[2024-08-24T11:49:01.343+0000] {logging_mixin.py:190} INFO - [2024-08-24T11:49:01.343+0000] {dag.py:4138} INFO - Setting next_dagrun for latest_only_with_trigger to 2024-08-24 04:00:00+00:00, run_after=2024-08-24 08:00:00+00:00
[2024-08-24T11:49:01.352+0000] {processor.py:208} INFO - Processing /home/airflow/.local/lib/python3.12/site-packages/airflow/example_dags/example_latest_only_with_trigger.py took 0.060 seconds
[2024-08-24T11:49:31.608+0000] {processor.py:186} INFO - Started process (PID=3540) to work on /home/airflow/.local/lib/python3.12/site-packages/airflow/example_dags/example_latest_only_with_trigger.py
[2024-08-24T11:49:31.608+0000] {processor.py:914} INFO - Processing file /home/airflow/.local/lib/python3.12/site-packages/airflow/example_dags/example_latest_only_with_trigger.py for tasks to queue
[2024-08-24T11:49:31.610+0000] {logging_mixin.py:190} INFO - [2024-08-24T11:49:31.610+0000] {dagbag.py:587} INFO - Filling up the DagBag from /home/airflow/.local/lib/python3.12/site-packages/airflow/example_dags/example_latest_only_with_trigger.py
[2024-08-24T11:49:31.614+0000] {processor.py:925} INFO - DAG(s) 'latest_only_with_trigger' retrieved from /home/airflow/.local/lib/python3.12/site-packages/airflow/example_dags/example_latest_only_with_trigger.py
[2024-08-24T11:49:31.632+0000] {logging_mixin.py:190} INFO - [2024-08-24T11:49:31.632+0000] {dag.py:3211} INFO - Sync 1 DAGs
[2024-08-24T11:49:31.668+0000] {logging_mixin.py:190} INFO - [2024-08-24T11:49:31.668+0000] {dag.py:4138} INFO - Setting next_dagrun for latest_only_with_trigger to 2024-08-24 04:00:00+00:00, run_after=2024-08-24 08:00:00+00:00
[2024-08-24T11:49:31.683+0000] {processor.py:208} INFO - Processing /home/airflow/.local/lib/python3.12/site-packages/airflow/example_dags/example_latest_only_with_trigger.py took 0.079 seconds
[2024-08-24T11:50:01.855+0000] {processor.py:186} INFO - Started process (PID=3602) to work on /home/airflow/.local/lib/python3.12/site-packages/airflow/example_dags/example_latest_only_with_trigger.py
[2024-08-24T11:50:01.856+0000] {processor.py:914} INFO - Processing file /home/airflow/.local/lib/python3.12/site-packages/airflow/example_dags/example_latest_only_with_trigger.py for tasks to queue
[2024-08-24T11:50:01.857+0000] {logging_mixin.py:190} INFO - [2024-08-24T11:50:01.857+0000] {dagbag.py:587} INFO - Filling up the DagBag from /home/airflow/.local/lib/python3.12/site-packages/airflow/example_dags/example_latest_only_with_trigger.py
[2024-08-24T11:50:01.861+0000] {processor.py:925} INFO - DAG(s) 'latest_only_with_trigger' retrieved from /home/airflow/.local/lib/python3.12/site-packages/airflow/example_dags/example_latest_only_with_trigger.py
[2024-08-24T11:50:01.877+0000] {logging_mixin.py:190} INFO - [2024-08-24T11:50:01.877+0000] {dag.py:3211} INFO - Sync 1 DAGs
[2024-08-24T11:50:01.895+0000] {logging_mixin.py:190} INFO - [2024-08-24T11:50:01.895+0000] {dag.py:4138} INFO - Setting next_dagrun for latest_only_with_trigger to 2024-08-24 04:00:00+00:00, run_after=2024-08-24 08:00:00+00:00
[2024-08-24T11:50:01.907+0000] {processor.py:208} INFO - Processing /home/airflow/.local/lib/python3.12/site-packages/airflow/example_dags/example_latest_only_with_trigger.py took 0.055 seconds
[2024-08-24T11:50:32.195+0000] {processor.py:186} INFO - Started process (PID=3664) to work on /home/airflow/.local/lib/python3.12/site-packages/airflow/example_dags/example_latest_only_with_trigger.py
[2024-08-24T11:50:32.196+0000] {processor.py:914} INFO - Processing file /home/airflow/.local/lib/python3.12/site-packages/airflow/example_dags/example_latest_only_with_trigger.py for tasks to queue
[2024-08-24T11:50:32.197+0000] {logging_mixin.py:190} INFO - [2024-08-24T11:50:32.197+0000] {dagbag.py:587} INFO - Filling up the DagBag from /home/airflow/.local/lib/python3.12/site-packages/airflow/example_dags/example_latest_only_with_trigger.py
[2024-08-24T11:50:32.202+0000] {processor.py:925} INFO - DAG(s) 'latest_only_with_trigger' retrieved from /home/airflow/.local/lib/python3.12/site-packages/airflow/example_dags/example_latest_only_with_trigger.py
[2024-08-24T11:50:32.216+0000] {logging_mixin.py:190} INFO - [2024-08-24T11:50:32.216+0000] {dag.py:3211} INFO - Sync 1 DAGs
[2024-08-24T11:50:32.230+0000] {logging_mixin.py:190} INFO - [2024-08-24T11:50:32.230+0000] {dag.py:4138} INFO - Setting next_dagrun for latest_only_with_trigger to 2024-08-24 04:00:00+00:00, run_after=2024-08-24 08:00:00+00:00
[2024-08-24T11:50:32.240+0000] {processor.py:208} INFO - Processing /home/airflow/.local/lib/python3.12/site-packages/airflow/example_dags/example_latest_only_with_trigger.py took 0.048 seconds
[2024-08-24T11:51:02.739+0000] {processor.py:186} INFO - Started process (PID=3726) to work on /home/airflow/.local/lib/python3.12/site-packages/airflow/example_dags/example_latest_only_with_trigger.py
[2024-08-24T11:51:02.740+0000] {processor.py:914} INFO - Processing file /home/airflow/.local/lib/python3.12/site-packages/airflow/example_dags/example_latest_only_with_trigger.py for tasks to queue
[2024-08-24T11:51:02.742+0000] {logging_mixin.py:190} INFO - [2024-08-24T11:51:02.742+0000] {dagbag.py:587} INFO - Filling up the DagBag from /home/airflow/.local/lib/python3.12/site-packages/airflow/example_dags/example_latest_only_with_trigger.py
[2024-08-24T11:51:02.748+0000] {processor.py:925} INFO - DAG(s) 'latest_only_with_trigger' retrieved from /home/airflow/.local/lib/python3.12/site-packages/airflow/example_dags/example_latest_only_with_trigger.py
[2024-08-24T11:51:02.763+0000] {logging_mixin.py:190} INFO - [2024-08-24T11:51:02.763+0000] {dag.py:3211} INFO - Sync 1 DAGs
[2024-08-24T11:51:02.779+0000] {logging_mixin.py:190} INFO - [2024-08-24T11:51:02.779+0000] {dag.py:4138} INFO - Setting next_dagrun for latest_only_with_trigger to 2024-08-24 04:00:00+00:00, run_after=2024-08-24 08:00:00+00:00
[2024-08-24T11:51:02.793+0000] {processor.py:208} INFO - Processing /home/airflow/.local/lib/python3.12/site-packages/airflow/example_dags/example_latest_only_with_trigger.py took 0.059 seconds
[2024-08-24T11:51:33.157+0000] {processor.py:186} INFO - Started process (PID=3788) to work on /home/airflow/.local/lib/python3.12/site-packages/airflow/example_dags/example_latest_only_with_trigger.py
[2024-08-24T11:51:33.158+0000] {processor.py:914} INFO - Processing file /home/airflow/.local/lib/python3.12/site-packages/airflow/example_dags/example_latest_only_with_trigger.py for tasks to queue
[2024-08-24T11:51:33.160+0000] {logging_mixin.py:190} INFO - [2024-08-24T11:51:33.160+0000] {dagbag.py:587} INFO - Filling up the DagBag from /home/airflow/.local/lib/python3.12/site-packages/airflow/example_dags/example_latest_only_with_trigger.py
[2024-08-24T11:51:33.166+0000] {processor.py:925} INFO - DAG(s) 'latest_only_with_trigger' retrieved from /home/airflow/.local/lib/python3.12/site-packages/airflow/example_dags/example_latest_only_with_trigger.py
[2024-08-24T11:51:33.179+0000] {logging_mixin.py:190} INFO - [2024-08-24T11:51:33.178+0000] {dag.py:3211} INFO - Sync 1 DAGs
[2024-08-24T11:51:33.192+0000] {logging_mixin.py:190} INFO - [2024-08-24T11:51:33.192+0000] {dag.py:4138} INFO - Setting next_dagrun for latest_only_with_trigger to 2024-08-24 04:00:00+00:00, run_after=2024-08-24 08:00:00+00:00
[2024-08-24T11:51:33.205+0000] {processor.py:208} INFO - Processing /home/airflow/.local/lib/python3.12/site-packages/airflow/example_dags/example_latest_only_with_trigger.py took 0.052 seconds
[2024-08-24T11:52:03.294+0000] {processor.py:186} INFO - Started process (PID=3850) to work on /home/airflow/.local/lib/python3.12/site-packages/airflow/example_dags/example_latest_only_with_trigger.py
[2024-08-24T11:52:03.295+0000] {processor.py:914} INFO - Processing file /home/airflow/.local/lib/python3.12/site-packages/airflow/example_dags/example_latest_only_with_trigger.py for tasks to queue
[2024-08-24T11:52:03.297+0000] {logging_mixin.py:190} INFO - [2024-08-24T11:52:03.297+0000] {dagbag.py:587} INFO - Filling up the DagBag from /home/airflow/.local/lib/python3.12/site-packages/airflow/example_dags/example_latest_only_with_trigger.py
[2024-08-24T11:52:03.301+0000] {processor.py:925} INFO - DAG(s) 'latest_only_with_trigger' retrieved from /home/airflow/.local/lib/python3.12/site-packages/airflow/example_dags/example_latest_only_with_trigger.py
[2024-08-24T11:52:03.314+0000] {logging_mixin.py:190} INFO - [2024-08-24T11:52:03.314+0000] {dag.py:3211} INFO - Sync 1 DAGs
[2024-08-24T11:52:03.327+0000] {logging_mixin.py:190} INFO - [2024-08-24T11:52:03.327+0000] {dag.py:4138} INFO - Setting next_dagrun for latest_only_with_trigger to 2024-08-24 04:00:00+00:00, run_after=2024-08-24 08:00:00+00:00
[2024-08-24T11:52:03.347+0000] {processor.py:208} INFO - Processing /home/airflow/.local/lib/python3.12/site-packages/airflow/example_dags/example_latest_only_with_trigger.py took 0.056 seconds
[2024-08-24T11:52:33.580+0000] {processor.py:186} INFO - Started process (PID=3912) to work on /home/airflow/.local/lib/python3.12/site-packages/airflow/example_dags/example_latest_only_with_trigger.py
[2024-08-24T11:52:33.580+0000] {processor.py:914} INFO - Processing file /home/airflow/.local/lib/python3.12/site-packages/airflow/example_dags/example_latest_only_with_trigger.py for tasks to queue
[2024-08-24T11:52:33.582+0000] {logging_mixin.py:190} INFO - [2024-08-24T11:52:33.581+0000] {dagbag.py:587} INFO - Filling up the DagBag from /home/airflow/.local/lib/python3.12/site-packages/airflow/example_dags/example_latest_only_with_trigger.py
[2024-08-24T11:52:33.585+0000] {processor.py:925} INFO - DAG(s) 'latest_only_with_trigger' retrieved from /home/airflow/.local/lib/python3.12/site-packages/airflow/example_dags/example_latest_only_with_trigger.py
[2024-08-24T11:52:33.599+0000] {logging_mixin.py:190} INFO - [2024-08-24T11:52:33.599+0000] {dag.py:3211} INFO - Sync 1 DAGs
[2024-08-24T11:52:33.642+0000] {logging_mixin.py:190} INFO - [2024-08-24T11:52:33.642+0000] {dag.py:4138} INFO - Setting next_dagrun for latest_only_with_trigger to 2024-08-24 04:00:00+00:00, run_after=2024-08-24 08:00:00+00:00
[2024-08-24T11:52:33.655+0000] {processor.py:208} INFO - Processing /home/airflow/.local/lib/python3.12/site-packages/airflow/example_dags/example_latest_only_with_trigger.py took 0.078 seconds
[2024-08-24T11:53:03.990+0000] {processor.py:186} INFO - Started process (PID=3974) to work on /home/airflow/.local/lib/python3.12/site-packages/airflow/example_dags/example_latest_only_with_trigger.py
[2024-08-24T11:53:03.991+0000] {processor.py:914} INFO - Processing file /home/airflow/.local/lib/python3.12/site-packages/airflow/example_dags/example_latest_only_with_trigger.py for tasks to queue
[2024-08-24T11:53:03.992+0000] {logging_mixin.py:190} INFO - [2024-08-24T11:53:03.992+0000] {dagbag.py:587} INFO - Filling up the DagBag from /home/airflow/.local/lib/python3.12/site-packages/airflow/example_dags/example_latest_only_with_trigger.py
[2024-08-24T11:53:03.996+0000] {processor.py:925} INFO - DAG(s) 'latest_only_with_trigger' retrieved from /home/airflow/.local/lib/python3.12/site-packages/airflow/example_dags/example_latest_only_with_trigger.py
[2024-08-24T11:53:04.010+0000] {logging_mixin.py:190} INFO - [2024-08-24T11:53:04.009+0000] {dag.py:3211} INFO - Sync 1 DAGs
[2024-08-24T11:53:04.027+0000] {logging_mixin.py:190} INFO - [2024-08-24T11:53:04.027+0000] {dag.py:4138} INFO - Setting next_dagrun for latest_only_with_trigger to 2024-08-24 04:00:00+00:00, run_after=2024-08-24 08:00:00+00:00
[2024-08-24T11:53:04.036+0000] {processor.py:208} INFO - Processing /home/airflow/.local/lib/python3.12/site-packages/airflow/example_dags/example_latest_only_with_trigger.py took 0.048 seconds
[2024-08-24T11:53:34.313+0000] {processor.py:186} INFO - Started process (PID=4037) to work on /home/airflow/.local/lib/python3.12/site-packages/airflow/example_dags/example_latest_only_with_trigger.py
[2024-08-24T11:53:34.314+0000] {processor.py:914} INFO - Processing file /home/airflow/.local/lib/python3.12/site-packages/airflow/example_dags/example_latest_only_with_trigger.py for tasks to queue
[2024-08-24T11:53:34.316+0000] {logging_mixin.py:190} INFO - [2024-08-24T11:53:34.315+0000] {dagbag.py:587} INFO - Filling up the DagBag from /home/airflow/.local/lib/python3.12/site-packages/airflow/example_dags/example_latest_only_with_trigger.py
[2024-08-24T11:53:34.320+0000] {processor.py:925} INFO - DAG(s) 'latest_only_with_trigger' retrieved from /home/airflow/.local/lib/python3.12/site-packages/airflow/example_dags/example_latest_only_with_trigger.py
[2024-08-24T11:53:34.338+0000] {logging_mixin.py:190} INFO - [2024-08-24T11:53:34.337+0000] {dag.py:3211} INFO - Sync 1 DAGs
[2024-08-24T11:53:34.353+0000] {logging_mixin.py:190} INFO - [2024-08-24T11:53:34.353+0000] {dag.py:4138} INFO - Setting next_dagrun for latest_only_with_trigger to 2024-08-24 04:00:00+00:00, run_after=2024-08-24 08:00:00+00:00
[2024-08-24T11:53:34.366+0000] {processor.py:208} INFO - Processing /home/airflow/.local/lib/python3.12/site-packages/airflow/example_dags/example_latest_only_with_trigger.py took 0.057 seconds
[2024-08-24T11:54:04.584+0000] {processor.py:186} INFO - Started process (PID=4099) to work on /home/airflow/.local/lib/python3.12/site-packages/airflow/example_dags/example_latest_only_with_trigger.py
[2024-08-24T11:54:04.585+0000] {processor.py:914} INFO - Processing file /home/airflow/.local/lib/python3.12/site-packages/airflow/example_dags/example_latest_only_with_trigger.py for tasks to queue
[2024-08-24T11:54:04.587+0000] {logging_mixin.py:190} INFO - [2024-08-24T11:54:04.587+0000] {dagbag.py:587} INFO - Filling up the DagBag from /home/airflow/.local/lib/python3.12/site-packages/airflow/example_dags/example_latest_only_with_trigger.py
[2024-08-24T11:54:04.592+0000] {processor.py:925} INFO - DAG(s) 'latest_only_with_trigger' retrieved from /home/airflow/.local/lib/python3.12/site-packages/airflow/example_dags/example_latest_only_with_trigger.py
[2024-08-24T11:54:04.606+0000] {logging_mixin.py:190} INFO - [2024-08-24T11:54:04.605+0000] {dag.py:3211} INFO - Sync 1 DAGs
[2024-08-24T11:54:04.618+0000] {logging_mixin.py:190} INFO - [2024-08-24T11:54:04.618+0000] {dag.py:4138} INFO - Setting next_dagrun for latest_only_with_trigger to 2024-08-24 04:00:00+00:00, run_after=2024-08-24 08:00:00+00:00
[2024-08-24T11:54:04.627+0000] {processor.py:208} INFO - Processing /home/airflow/.local/lib/python3.12/site-packages/airflow/example_dags/example_latest_only_with_trigger.py took 0.047 seconds
[2024-08-24T11:54:34.943+0000] {processor.py:186} INFO - Started process (PID=4161) to work on /home/airflow/.local/lib/python3.12/site-packages/airflow/example_dags/example_latest_only_with_trigger.py
[2024-08-24T11:54:34.943+0000] {processor.py:914} INFO - Processing file /home/airflow/.local/lib/python3.12/site-packages/airflow/example_dags/example_latest_only_with_trigger.py for tasks to queue
[2024-08-24T11:54:34.944+0000] {logging_mixin.py:190} INFO - [2024-08-24T11:54:34.944+0000] {dagbag.py:587} INFO - Filling up the DagBag from /home/airflow/.local/lib/python3.12/site-packages/airflow/example_dags/example_latest_only_with_trigger.py
[2024-08-24T11:54:34.948+0000] {processor.py:925} INFO - DAG(s) 'latest_only_with_trigger' retrieved from /home/airflow/.local/lib/python3.12/site-packages/airflow/example_dags/example_latest_only_with_trigger.py
[2024-08-24T11:54:34.959+0000] {logging_mixin.py:190} INFO - [2024-08-24T11:54:34.958+0000] {dag.py:3211} INFO - Sync 1 DAGs
[2024-08-24T11:54:34.970+0000] {logging_mixin.py:190} INFO - [2024-08-24T11:54:34.970+0000] {dag.py:4138} INFO - Setting next_dagrun for latest_only_with_trigger to 2024-08-24 04:00:00+00:00, run_after=2024-08-24 08:00:00+00:00
[2024-08-24T11:54:34.979+0000] {processor.py:208} INFO - Processing /home/airflow/.local/lib/python3.12/site-packages/airflow/example_dags/example_latest_only_with_trigger.py took 0.039 seconds
[2024-08-24T11:55:05.257+0000] {processor.py:186} INFO - Started process (PID=4223) to work on /home/airflow/.local/lib/python3.12/site-packages/airflow/example_dags/example_latest_only_with_trigger.py
[2024-08-24T11:55:05.258+0000] {processor.py:914} INFO - Processing file /home/airflow/.local/lib/python3.12/site-packages/airflow/example_dags/example_latest_only_with_trigger.py for tasks to queue
[2024-08-24T11:55:05.259+0000] {logging_mixin.py:190} INFO - [2024-08-24T11:55:05.259+0000] {dagbag.py:587} INFO - Filling up the DagBag from /home/airflow/.local/lib/python3.12/site-packages/airflow/example_dags/example_latest_only_with_trigger.py
[2024-08-24T11:55:05.263+0000] {processor.py:925} INFO - DAG(s) 'latest_only_with_trigger' retrieved from /home/airflow/.local/lib/python3.12/site-packages/airflow/example_dags/example_latest_only_with_trigger.py
[2024-08-24T11:55:05.273+0000] {logging_mixin.py:190} INFO - [2024-08-24T11:55:05.273+0000] {dag.py:3211} INFO - Sync 1 DAGs
[2024-08-24T11:55:05.285+0000] {logging_mixin.py:190} INFO - [2024-08-24T11:55:05.285+0000] {dag.py:4138} INFO - Setting next_dagrun for latest_only_with_trigger to 2024-08-24 04:00:00+00:00, run_after=2024-08-24 08:00:00+00:00
[2024-08-24T11:55:05.294+0000] {processor.py:208} INFO - Processing /home/airflow/.local/lib/python3.12/site-packages/airflow/example_dags/example_latest_only_with_trigger.py took 0.040 seconds
[2024-08-24T11:55:35.693+0000] {processor.py:186} INFO - Started process (PID=4285) to work on /home/airflow/.local/lib/python3.12/site-packages/airflow/example_dags/example_latest_only_with_trigger.py
[2024-08-24T11:55:35.694+0000] {processor.py:914} INFO - Processing file /home/airflow/.local/lib/python3.12/site-packages/airflow/example_dags/example_latest_only_with_trigger.py for tasks to queue
[2024-08-24T11:55:35.696+0000] {logging_mixin.py:190} INFO - [2024-08-24T11:55:35.695+0000] {dagbag.py:587} INFO - Filling up the DagBag from /home/airflow/.local/lib/python3.12/site-packages/airflow/example_dags/example_latest_only_with_trigger.py
[2024-08-24T11:55:35.701+0000] {processor.py:925} INFO - DAG(s) 'latest_only_with_trigger' retrieved from /home/airflow/.local/lib/python3.12/site-packages/airflow/example_dags/example_latest_only_with_trigger.py
[2024-08-24T11:55:35.716+0000] {logging_mixin.py:190} INFO - [2024-08-24T11:55:35.716+0000] {dag.py:3211} INFO - Sync 1 DAGs
[2024-08-24T11:55:35.732+0000] {logging_mixin.py:190} INFO - [2024-08-24T11:55:35.732+0000] {dag.py:4138} INFO - Setting next_dagrun for latest_only_with_trigger to 2024-08-24 04:00:00+00:00, run_after=2024-08-24 08:00:00+00:00
[2024-08-24T11:55:35.745+0000] {processor.py:208} INFO - Processing /home/airflow/.local/lib/python3.12/site-packages/airflow/example_dags/example_latest_only_with_trigger.py took 0.058 seconds
[2024-08-24T11:56:06.181+0000] {processor.py:186} INFO - Started process (PID=4347) to work on /home/airflow/.local/lib/python3.12/site-packages/airflow/example_dags/example_latest_only_with_trigger.py
[2024-08-24T11:56:06.181+0000] {processor.py:914} INFO - Processing file /home/airflow/.local/lib/python3.12/site-packages/airflow/example_dags/example_latest_only_with_trigger.py for tasks to queue
[2024-08-24T11:56:06.183+0000] {logging_mixin.py:190} INFO - [2024-08-24T11:56:06.182+0000] {dagbag.py:587} INFO - Filling up the DagBag from /home/airflow/.local/lib/python3.12/site-packages/airflow/example_dags/example_latest_only_with_trigger.py
[2024-08-24T11:56:06.187+0000] {processor.py:925} INFO - DAG(s) 'latest_only_with_trigger' retrieved from /home/airflow/.local/lib/python3.12/site-packages/airflow/example_dags/example_latest_only_with_trigger.py
[2024-08-24T11:56:06.202+0000] {logging_mixin.py:190} INFO - [2024-08-24T11:56:06.202+0000] {dag.py:3211} INFO - Sync 1 DAGs
[2024-08-24T11:56:06.220+0000] {logging_mixin.py:190} INFO - [2024-08-24T11:56:06.220+0000] {dag.py:4138} INFO - Setting next_dagrun for latest_only_with_trigger to 2024-08-24 04:00:00+00:00, run_after=2024-08-24 08:00:00+00:00
[2024-08-24T11:56:06.234+0000] {processor.py:208} INFO - Processing /home/airflow/.local/lib/python3.12/site-packages/airflow/example_dags/example_latest_only_with_trigger.py took 0.056 seconds
