[2024-08-24T11:21:06.596+0000] {processor.py:186} INFO - Started process (PID=61) to work on /home/airflow/.local/lib/python3.12/site-packages/airflow/example_dags/example_display_name.py
[2024-08-24T11:21:06.596+0000] {processor.py:914} INFO - Processing file /home/airflow/.local/lib/python3.12/site-packages/airflow/example_dags/example_display_name.py for tasks to queue
[2024-08-24T11:21:06.598+0000] {logging_mixin.py:190} INFO - [2024-08-24T11:21:06.598+0000] {dagbag.py:587} INFO - Filling up the DagBag from /home/airflow/.local/lib/python3.12/site-packages/airflow/example_dags/example_display_name.py
[2024-08-24T11:21:06.603+0000] {processor.py:925} INFO - DAG(s) 'example_display_name' retrieved from /home/airflow/.local/lib/python3.12/site-packages/airflow/example_dags/example_display_name.py
[2024-08-24T11:21:06.664+0000] {logging_mixin.py:190} INFO - [2024-08-24T11:21:06.664+0000] {override.py:1858} INFO - Created Permission View: can edit on DAG:example_display_name
[2024-08-24T11:21:06.673+0000] {logging_mixin.py:190} INFO - [2024-08-24T11:21:06.673+0000] {override.py:1858} INFO - Created Permission View: can read on DAG:example_display_name
[2024-08-24T11:21:06.678+0000] {logging_mixin.py:190} INFO - [2024-08-24T11:21:06.678+0000] {override.py:1858} INFO - Created Permission View: can delete on DAG:example_display_name
[2024-08-24T11:21:06.679+0000] {logging_mixin.py:190} INFO - [2024-08-24T11:21:06.678+0000] {dag.py:3211} INFO - Sync 1 DAGs
[2024-08-24T11:21:06.687+0000] {logging_mixin.py:190} INFO - [2024-08-24T11:21:06.687+0000] {dag.py:3234} INFO - Creating ORM DAG for example_display_name
[2024-08-24T11:21:06.687+0000] {logging_mixin.py:190} INFO - [2024-08-24T11:21:06.687+0000] {dag.py:4138} INFO - Setting next_dagrun for example_display_name to None, run_after=None
[2024-08-24T11:21:06.695+0000] {processor.py:208} INFO - Processing /home/airflow/.local/lib/python3.12/site-packages/airflow/example_dags/example_display_name.py took 0.104 seconds
[2024-08-24T11:21:37.042+0000] {processor.py:186} INFO - Started process (PID=123) to work on /home/airflow/.local/lib/python3.12/site-packages/airflow/example_dags/example_display_name.py
[2024-08-24T11:21:37.042+0000] {processor.py:914} INFO - Processing file /home/airflow/.local/lib/python3.12/site-packages/airflow/example_dags/example_display_name.py for tasks to queue
[2024-08-24T11:21:37.043+0000] {logging_mixin.py:190} INFO - [2024-08-24T11:21:37.043+0000] {dagbag.py:587} INFO - Filling up the DagBag from /home/airflow/.local/lib/python3.12/site-packages/airflow/example_dags/example_display_name.py
[2024-08-24T11:21:37.047+0000] {processor.py:925} INFO - DAG(s) 'example_display_name' retrieved from /home/airflow/.local/lib/python3.12/site-packages/airflow/example_dags/example_display_name.py
[2024-08-24T11:21:37.059+0000] {logging_mixin.py:190} INFO - [2024-08-24T11:21:37.059+0000] {dag.py:3211} INFO - Sync 1 DAGs
[2024-08-24T11:21:37.067+0000] {logging_mixin.py:190} INFO - [2024-08-24T11:21:37.067+0000] {dag.py:4138} INFO - Setting next_dagrun for example_display_name to None, run_after=None
[2024-08-24T11:21:37.081+0000] {processor.py:208} INFO - Processing /home/airflow/.local/lib/python3.12/site-packages/airflow/example_dags/example_display_name.py took 0.042 seconds
[2024-08-24T11:22:07.210+0000] {processor.py:186} INFO - Started process (PID=185) to work on /home/airflow/.local/lib/python3.12/site-packages/airflow/example_dags/example_display_name.py
[2024-08-24T11:22:07.210+0000] {processor.py:914} INFO - Processing file /home/airflow/.local/lib/python3.12/site-packages/airflow/example_dags/example_display_name.py for tasks to queue
[2024-08-24T11:22:07.211+0000] {logging_mixin.py:190} INFO - [2024-08-24T11:22:07.211+0000] {dagbag.py:587} INFO - Filling up the DagBag from /home/airflow/.local/lib/python3.12/site-packages/airflow/example_dags/example_display_name.py
[2024-08-24T11:22:07.215+0000] {processor.py:925} INFO - DAG(s) 'example_display_name' retrieved from /home/airflow/.local/lib/python3.12/site-packages/airflow/example_dags/example_display_name.py
[2024-08-24T11:22:07.225+0000] {logging_mixin.py:190} INFO - [2024-08-24T11:22:07.225+0000] {dag.py:3211} INFO - Sync 1 DAGs
[2024-08-24T11:22:07.233+0000] {logging_mixin.py:190} INFO - [2024-08-24T11:22:07.233+0000] {dag.py:4138} INFO - Setting next_dagrun for example_display_name to None, run_after=None
[2024-08-24T11:22:07.242+0000] {processor.py:208} INFO - Processing /home/airflow/.local/lib/python3.12/site-packages/airflow/example_dags/example_display_name.py took 0.036 seconds
[2024-08-24T11:22:37.389+0000] {processor.py:186} INFO - Started process (PID=247) to work on /home/airflow/.local/lib/python3.12/site-packages/airflow/example_dags/example_display_name.py
[2024-08-24T11:22:37.389+0000] {processor.py:914} INFO - Processing file /home/airflow/.local/lib/python3.12/site-packages/airflow/example_dags/example_display_name.py for tasks to queue
[2024-08-24T11:22:37.390+0000] {logging_mixin.py:190} INFO - [2024-08-24T11:22:37.390+0000] {dagbag.py:587} INFO - Filling up the DagBag from /home/airflow/.local/lib/python3.12/site-packages/airflow/example_dags/example_display_name.py
[2024-08-24T11:22:37.394+0000] {processor.py:925} INFO - DAG(s) 'example_display_name' retrieved from /home/airflow/.local/lib/python3.12/site-packages/airflow/example_dags/example_display_name.py
[2024-08-24T11:22:37.407+0000] {logging_mixin.py:190} INFO - [2024-08-24T11:22:37.406+0000] {dag.py:3211} INFO - Sync 1 DAGs
[2024-08-24T11:22:37.416+0000] {logging_mixin.py:190} INFO - [2024-08-24T11:22:37.416+0000] {dag.py:4138} INFO - Setting next_dagrun for example_display_name to None, run_after=None
[2024-08-24T11:22:37.428+0000] {processor.py:208} INFO - Processing /home/airflow/.local/lib/python3.12/site-packages/airflow/example_dags/example_display_name.py took 0.042 seconds
[2024-08-24T11:23:07.570+0000] {processor.py:186} INFO - Started process (PID=309) to work on /home/airflow/.local/lib/python3.12/site-packages/airflow/example_dags/example_display_name.py
[2024-08-24T11:23:07.571+0000] {processor.py:914} INFO - Processing file /home/airflow/.local/lib/python3.12/site-packages/airflow/example_dags/example_display_name.py for tasks to queue
[2024-08-24T11:23:07.572+0000] {logging_mixin.py:190} INFO - [2024-08-24T11:23:07.572+0000] {dagbag.py:587} INFO - Filling up the DagBag from /home/airflow/.local/lib/python3.12/site-packages/airflow/example_dags/example_display_name.py
[2024-08-24T11:23:07.576+0000] {processor.py:925} INFO - DAG(s) 'example_display_name' retrieved from /home/airflow/.local/lib/python3.12/site-packages/airflow/example_dags/example_display_name.py
[2024-08-24T11:23:07.586+0000] {logging_mixin.py:190} INFO - [2024-08-24T11:23:07.586+0000] {dag.py:3211} INFO - Sync 1 DAGs
[2024-08-24T11:23:07.593+0000] {logging_mixin.py:190} INFO - [2024-08-24T11:23:07.593+0000] {dag.py:4138} INFO - Setting next_dagrun for example_display_name to None, run_after=None
[2024-08-24T11:23:07.602+0000] {processor.py:208} INFO - Processing /home/airflow/.local/lib/python3.12/site-packages/airflow/example_dags/example_display_name.py took 0.035 seconds
[2024-08-24T11:23:37.816+0000] {processor.py:186} INFO - Started process (PID=371) to work on /home/airflow/.local/lib/python3.12/site-packages/airflow/example_dags/example_display_name.py
[2024-08-24T11:23:37.817+0000] {processor.py:914} INFO - Processing file /home/airflow/.local/lib/python3.12/site-packages/airflow/example_dags/example_display_name.py for tasks to queue
[2024-08-24T11:23:37.818+0000] {logging_mixin.py:190} INFO - [2024-08-24T11:23:37.817+0000] {dagbag.py:587} INFO - Filling up the DagBag from /home/airflow/.local/lib/python3.12/site-packages/airflow/example_dags/example_display_name.py
[2024-08-24T11:23:37.821+0000] {processor.py:925} INFO - DAG(s) 'example_display_name' retrieved from /home/airflow/.local/lib/python3.12/site-packages/airflow/example_dags/example_display_name.py
[2024-08-24T11:23:37.833+0000] {logging_mixin.py:190} INFO - [2024-08-24T11:23:37.833+0000] {dag.py:3211} INFO - Sync 1 DAGs
[2024-08-24T11:23:37.840+0000] {logging_mixin.py:190} INFO - [2024-08-24T11:23:37.840+0000] {dag.py:4138} INFO - Setting next_dagrun for example_display_name to None, run_after=None
[2024-08-24T11:23:37.850+0000] {processor.py:208} INFO - Processing /home/airflow/.local/lib/python3.12/site-packages/airflow/example_dags/example_display_name.py took 0.037 seconds
[2024-08-24T11:24:08.158+0000] {processor.py:186} INFO - Started process (PID=433) to work on /home/airflow/.local/lib/python3.12/site-packages/airflow/example_dags/example_display_name.py
[2024-08-24T11:24:08.158+0000] {processor.py:914} INFO - Processing file /home/airflow/.local/lib/python3.12/site-packages/airflow/example_dags/example_display_name.py for tasks to queue
[2024-08-24T11:24:08.159+0000] {logging_mixin.py:190} INFO - [2024-08-24T11:24:08.159+0000] {dagbag.py:587} INFO - Filling up the DagBag from /home/airflow/.local/lib/python3.12/site-packages/airflow/example_dags/example_display_name.py
[2024-08-24T11:24:08.163+0000] {processor.py:925} INFO - DAG(s) 'example_display_name' retrieved from /home/airflow/.local/lib/python3.12/site-packages/airflow/example_dags/example_display_name.py
[2024-08-24T11:24:08.177+0000] {logging_mixin.py:190} INFO - [2024-08-24T11:24:08.176+0000] {dag.py:3211} INFO - Sync 1 DAGs
[2024-08-24T11:24:08.184+0000] {logging_mixin.py:190} INFO - [2024-08-24T11:24:08.184+0000] {dag.py:4138} INFO - Setting next_dagrun for example_display_name to None, run_after=None
[2024-08-24T11:24:08.193+0000] {processor.py:208} INFO - Processing /home/airflow/.local/lib/python3.12/site-packages/airflow/example_dags/example_display_name.py took 0.038 seconds
[2024-08-24T11:24:38.360+0000] {processor.py:186} INFO - Started process (PID=495) to work on /home/airflow/.local/lib/python3.12/site-packages/airflow/example_dags/example_display_name.py
[2024-08-24T11:24:38.361+0000] {processor.py:914} INFO - Processing file /home/airflow/.local/lib/python3.12/site-packages/airflow/example_dags/example_display_name.py for tasks to queue
[2024-08-24T11:24:38.362+0000] {logging_mixin.py:190} INFO - [2024-08-24T11:24:38.362+0000] {dagbag.py:587} INFO - Filling up the DagBag from /home/airflow/.local/lib/python3.12/site-packages/airflow/example_dags/example_display_name.py
[2024-08-24T11:24:38.367+0000] {processor.py:925} INFO - DAG(s) 'example_display_name' retrieved from /home/airflow/.local/lib/python3.12/site-packages/airflow/example_dags/example_display_name.py
[2024-08-24T11:24:38.381+0000] {logging_mixin.py:190} INFO - [2024-08-24T11:24:38.381+0000] {dag.py:3211} INFO - Sync 1 DAGs
[2024-08-24T11:24:38.389+0000] {logging_mixin.py:190} INFO - [2024-08-24T11:24:38.388+0000] {dag.py:4138} INFO - Setting next_dagrun for example_display_name to None, run_after=None
[2024-08-24T11:24:38.398+0000] {processor.py:208} INFO - Processing /home/airflow/.local/lib/python3.12/site-packages/airflow/example_dags/example_display_name.py took 0.043 seconds
[2024-08-24T11:25:08.557+0000] {processor.py:186} INFO - Started process (PID=557) to work on /home/airflow/.local/lib/python3.12/site-packages/airflow/example_dags/example_display_name.py
[2024-08-24T11:25:08.557+0000] {processor.py:914} INFO - Processing file /home/airflow/.local/lib/python3.12/site-packages/airflow/example_dags/example_display_name.py for tasks to queue
[2024-08-24T11:25:08.559+0000] {logging_mixin.py:190} INFO - [2024-08-24T11:25:08.558+0000] {dagbag.py:587} INFO - Filling up the DagBag from /home/airflow/.local/lib/python3.12/site-packages/airflow/example_dags/example_display_name.py
[2024-08-24T11:25:08.562+0000] {processor.py:925} INFO - DAG(s) 'example_display_name' retrieved from /home/airflow/.local/lib/python3.12/site-packages/airflow/example_dags/example_display_name.py
[2024-08-24T11:25:08.572+0000] {logging_mixin.py:190} INFO - [2024-08-24T11:25:08.572+0000] {dag.py:3211} INFO - Sync 1 DAGs
[2024-08-24T11:25:08.579+0000] {logging_mixin.py:190} INFO - [2024-08-24T11:25:08.579+0000] {dag.py:4138} INFO - Setting next_dagrun for example_display_name to None, run_after=None
[2024-08-24T11:25:08.588+0000] {processor.py:208} INFO - Processing /home/airflow/.local/lib/python3.12/site-packages/airflow/example_dags/example_display_name.py took 0.034 seconds
[2024-08-24T11:25:38.822+0000] {processor.py:186} INFO - Started process (PID=619) to work on /home/airflow/.local/lib/python3.12/site-packages/airflow/example_dags/example_display_name.py
[2024-08-24T11:25:38.823+0000] {processor.py:914} INFO - Processing file /home/airflow/.local/lib/python3.12/site-packages/airflow/example_dags/example_display_name.py for tasks to queue
[2024-08-24T11:25:38.824+0000] {logging_mixin.py:190} INFO - [2024-08-24T11:25:38.823+0000] {dagbag.py:587} INFO - Filling up the DagBag from /home/airflow/.local/lib/python3.12/site-packages/airflow/example_dags/example_display_name.py
[2024-08-24T11:25:38.828+0000] {processor.py:925} INFO - DAG(s) 'example_display_name' retrieved from /home/airflow/.local/lib/python3.12/site-packages/airflow/example_dags/example_display_name.py
[2024-08-24T11:25:38.839+0000] {logging_mixin.py:190} INFO - [2024-08-24T11:25:38.839+0000] {dag.py:3211} INFO - Sync 1 DAGs
[2024-08-24T11:25:38.852+0000] {logging_mixin.py:190} INFO - [2024-08-24T11:25:38.852+0000] {dag.py:4138} INFO - Setting next_dagrun for example_display_name to None, run_after=None
[2024-08-24T11:25:38.866+0000] {processor.py:208} INFO - Processing /home/airflow/.local/lib/python3.12/site-packages/airflow/example_dags/example_display_name.py took 0.047 seconds
[2024-08-24T11:26:09.900+0000] {processor.py:186} INFO - Started process (PID=687) to work on /home/airflow/.local/lib/python3.12/site-packages/airflow/example_dags/example_display_name.py
[2024-08-24T11:26:09.901+0000] {processor.py:914} INFO - Processing file /home/airflow/.local/lib/python3.12/site-packages/airflow/example_dags/example_display_name.py for tasks to queue
[2024-08-24T11:26:09.902+0000] {logging_mixin.py:190} INFO - [2024-08-24T11:26:09.902+0000] {dagbag.py:587} INFO - Filling up the DagBag from /home/airflow/.local/lib/python3.12/site-packages/airflow/example_dags/example_display_name.py
[2024-08-24T11:26:09.906+0000] {processor.py:925} INFO - DAG(s) 'example_display_name' retrieved from /home/airflow/.local/lib/python3.12/site-packages/airflow/example_dags/example_display_name.py
[2024-08-24T11:26:09.915+0000] {logging_mixin.py:190} INFO - [2024-08-24T11:26:09.915+0000] {dag.py:3211} INFO - Sync 1 DAGs
[2024-08-24T11:26:09.924+0000] {logging_mixin.py:190} INFO - [2024-08-24T11:26:09.924+0000] {dag.py:4138} INFO - Setting next_dagrun for example_display_name to None, run_after=None
[2024-08-24T11:26:09.934+0000] {processor.py:208} INFO - Processing /home/airflow/.local/lib/python3.12/site-packages/airflow/example_dags/example_display_name.py took 0.037 seconds
[2024-08-24T11:26:40.220+0000] {processor.py:186} INFO - Started process (PID=749) to work on /home/airflow/.local/lib/python3.12/site-packages/airflow/example_dags/example_display_name.py
[2024-08-24T11:26:40.220+0000] {processor.py:914} INFO - Processing file /home/airflow/.local/lib/python3.12/site-packages/airflow/example_dags/example_display_name.py for tasks to queue
[2024-08-24T11:26:40.222+0000] {logging_mixin.py:190} INFO - [2024-08-24T11:26:40.222+0000] {dagbag.py:587} INFO - Filling up the DagBag from /home/airflow/.local/lib/python3.12/site-packages/airflow/example_dags/example_display_name.py
[2024-08-24T11:26:40.228+0000] {processor.py:925} INFO - DAG(s) 'example_display_name' retrieved from /home/airflow/.local/lib/python3.12/site-packages/airflow/example_dags/example_display_name.py
[2024-08-24T11:26:40.237+0000] {logging_mixin.py:190} INFO - [2024-08-24T11:26:40.237+0000] {dag.py:3211} INFO - Sync 1 DAGs
[2024-08-24T11:26:40.245+0000] {logging_mixin.py:190} INFO - [2024-08-24T11:26:40.245+0000] {dag.py:4138} INFO - Setting next_dagrun for example_display_name to None, run_after=None
[2024-08-24T11:26:40.257+0000] {processor.py:208} INFO - Processing /home/airflow/.local/lib/python3.12/site-packages/airflow/example_dags/example_display_name.py took 0.042 seconds
[2024-08-24T11:27:10.361+0000] {processor.py:186} INFO - Started process (PID=811) to work on /home/airflow/.local/lib/python3.12/site-packages/airflow/example_dags/example_display_name.py
[2024-08-24T11:27:10.362+0000] {processor.py:914} INFO - Processing file /home/airflow/.local/lib/python3.12/site-packages/airflow/example_dags/example_display_name.py for tasks to queue
[2024-08-24T11:27:10.364+0000] {logging_mixin.py:190} INFO - [2024-08-24T11:27:10.364+0000] {dagbag.py:587} INFO - Filling up the DagBag from /home/airflow/.local/lib/python3.12/site-packages/airflow/example_dags/example_display_name.py
[2024-08-24T11:27:10.369+0000] {processor.py:925} INFO - DAG(s) 'example_display_name' retrieved from /home/airflow/.local/lib/python3.12/site-packages/airflow/example_dags/example_display_name.py
[2024-08-24T11:27:10.380+0000] {logging_mixin.py:190} INFO - [2024-08-24T11:27:10.380+0000] {dag.py:3211} INFO - Sync 1 DAGs
[2024-08-24T11:27:10.388+0000] {logging_mixin.py:190} INFO - [2024-08-24T11:27:10.388+0000] {dag.py:4138} INFO - Setting next_dagrun for example_display_name to None, run_after=None
[2024-08-24T11:27:10.397+0000] {processor.py:208} INFO - Processing /home/airflow/.local/lib/python3.12/site-packages/airflow/example_dags/example_display_name.py took 0.040 seconds
[2024-08-24T11:27:40.713+0000] {processor.py:186} INFO - Started process (PID=873) to work on /home/airflow/.local/lib/python3.12/site-packages/airflow/example_dags/example_display_name.py
[2024-08-24T11:27:40.714+0000] {processor.py:914} INFO - Processing file /home/airflow/.local/lib/python3.12/site-packages/airflow/example_dags/example_display_name.py for tasks to queue
[2024-08-24T11:27:40.715+0000] {logging_mixin.py:190} INFO - [2024-08-24T11:27:40.715+0000] {dagbag.py:587} INFO - Filling up the DagBag from /home/airflow/.local/lib/python3.12/site-packages/airflow/example_dags/example_display_name.py
[2024-08-24T11:27:40.719+0000] {processor.py:925} INFO - DAG(s) 'example_display_name' retrieved from /home/airflow/.local/lib/python3.12/site-packages/airflow/example_dags/example_display_name.py
[2024-08-24T11:27:40.729+0000] {logging_mixin.py:190} INFO - [2024-08-24T11:27:40.729+0000] {dag.py:3211} INFO - Sync 1 DAGs
[2024-08-24T11:27:40.736+0000] {logging_mixin.py:190} INFO - [2024-08-24T11:27:40.736+0000] {dag.py:4138} INFO - Setting next_dagrun for example_display_name to None, run_after=None
[2024-08-24T11:27:40.745+0000] {processor.py:208} INFO - Processing /home/airflow/.local/lib/python3.12/site-packages/airflow/example_dags/example_display_name.py took 0.034 seconds
[2024-08-24T11:28:10.956+0000] {processor.py:186} INFO - Started process (PID=935) to work on /home/airflow/.local/lib/python3.12/site-packages/airflow/example_dags/example_display_name.py
[2024-08-24T11:28:10.957+0000] {processor.py:914} INFO - Processing file /home/airflow/.local/lib/python3.12/site-packages/airflow/example_dags/example_display_name.py for tasks to queue
[2024-08-24T11:28:10.958+0000] {logging_mixin.py:190} INFO - [2024-08-24T11:28:10.958+0000] {dagbag.py:587} INFO - Filling up the DagBag from /home/airflow/.local/lib/python3.12/site-packages/airflow/example_dags/example_display_name.py
[2024-08-24T11:28:10.962+0000] {processor.py:925} INFO - DAG(s) 'example_display_name' retrieved from /home/airflow/.local/lib/python3.12/site-packages/airflow/example_dags/example_display_name.py
[2024-08-24T11:28:10.975+0000] {logging_mixin.py:190} INFO - [2024-08-24T11:28:10.975+0000] {dag.py:3211} INFO - Sync 1 DAGs
[2024-08-24T11:28:10.982+0000] {logging_mixin.py:190} INFO - [2024-08-24T11:28:10.982+0000] {dag.py:4138} INFO - Setting next_dagrun for example_display_name to None, run_after=None
[2024-08-24T11:28:10.992+0000] {processor.py:208} INFO - Processing /home/airflow/.local/lib/python3.12/site-packages/airflow/example_dags/example_display_name.py took 0.040 seconds
[2024-08-24T11:28:41.893+0000] {processor.py:186} INFO - Started process (PID=997) to work on /home/airflow/.local/lib/python3.12/site-packages/airflow/example_dags/example_display_name.py
[2024-08-24T11:28:41.893+0000] {processor.py:914} INFO - Processing file /home/airflow/.local/lib/python3.12/site-packages/airflow/example_dags/example_display_name.py for tasks to queue
[2024-08-24T11:28:41.895+0000] {logging_mixin.py:190} INFO - [2024-08-24T11:28:41.895+0000] {dagbag.py:587} INFO - Filling up the DagBag from /home/airflow/.local/lib/python3.12/site-packages/airflow/example_dags/example_display_name.py
[2024-08-24T11:28:41.900+0000] {processor.py:925} INFO - DAG(s) 'example_display_name' retrieved from /home/airflow/.local/lib/python3.12/site-packages/airflow/example_dags/example_display_name.py
[2024-08-24T11:28:41.911+0000] {logging_mixin.py:190} INFO - [2024-08-24T11:28:41.911+0000] {dag.py:3211} INFO - Sync 1 DAGs
[2024-08-24T11:28:41.918+0000] {logging_mixin.py:190} INFO - [2024-08-24T11:28:41.918+0000] {dag.py:4138} INFO - Setting next_dagrun for example_display_name to None, run_after=None
[2024-08-24T11:28:41.927+0000] {processor.py:208} INFO - Processing /home/airflow/.local/lib/python3.12/site-packages/airflow/example_dags/example_display_name.py took 0.038 seconds
[2024-08-24T11:29:12.031+0000] {processor.py:186} INFO - Started process (PID=1059) to work on /home/airflow/.local/lib/python3.12/site-packages/airflow/example_dags/example_display_name.py
[2024-08-24T11:29:12.031+0000] {processor.py:914} INFO - Processing file /home/airflow/.local/lib/python3.12/site-packages/airflow/example_dags/example_display_name.py for tasks to queue
[2024-08-24T11:29:12.033+0000] {logging_mixin.py:190} INFO - [2024-08-24T11:29:12.033+0000] {dagbag.py:587} INFO - Filling up the DagBag from /home/airflow/.local/lib/python3.12/site-packages/airflow/example_dags/example_display_name.py
[2024-08-24T11:29:12.039+0000] {processor.py:925} INFO - DAG(s) 'example_display_name' retrieved from /home/airflow/.local/lib/python3.12/site-packages/airflow/example_dags/example_display_name.py
[2024-08-24T11:29:12.049+0000] {logging_mixin.py:190} INFO - [2024-08-24T11:29:12.049+0000] {dag.py:3211} INFO - Sync 1 DAGs
[2024-08-24T11:29:12.057+0000] {logging_mixin.py:190} INFO - [2024-08-24T11:29:12.057+0000] {dag.py:4138} INFO - Setting next_dagrun for example_display_name to None, run_after=None
[2024-08-24T11:29:12.065+0000] {processor.py:208} INFO - Processing /home/airflow/.local/lib/python3.12/site-packages/airflow/example_dags/example_display_name.py took 0.039 seconds
[2024-08-24T11:29:42.236+0000] {processor.py:186} INFO - Started process (PID=1121) to work on /home/airflow/.local/lib/python3.12/site-packages/airflow/example_dags/example_display_name.py
[2024-08-24T11:29:42.236+0000] {processor.py:914} INFO - Processing file /home/airflow/.local/lib/python3.12/site-packages/airflow/example_dags/example_display_name.py for tasks to queue
[2024-08-24T11:29:42.238+0000] {logging_mixin.py:190} INFO - [2024-08-24T11:29:42.238+0000] {dagbag.py:587} INFO - Filling up the DagBag from /home/airflow/.local/lib/python3.12/site-packages/airflow/example_dags/example_display_name.py
[2024-08-24T11:29:42.241+0000] {processor.py:925} INFO - DAG(s) 'example_display_name' retrieved from /home/airflow/.local/lib/python3.12/site-packages/airflow/example_dags/example_display_name.py
[2024-08-24T11:29:42.256+0000] {logging_mixin.py:190} INFO - [2024-08-24T11:29:42.255+0000] {dag.py:3211} INFO - Sync 1 DAGs
[2024-08-24T11:29:42.266+0000] {logging_mixin.py:190} INFO - [2024-08-24T11:29:42.266+0000] {dag.py:4138} INFO - Setting next_dagrun for example_display_name to None, run_after=None
[2024-08-24T11:29:42.277+0000] {processor.py:208} INFO - Processing /home/airflow/.local/lib/python3.12/site-packages/airflow/example_dags/example_display_name.py took 0.045 seconds
[2024-08-24T11:30:13.266+0000] {processor.py:186} INFO - Started process (PID=1183) to work on /home/airflow/.local/lib/python3.12/site-packages/airflow/example_dags/example_display_name.py
[2024-08-24T11:30:13.267+0000] {processor.py:914} INFO - Processing file /home/airflow/.local/lib/python3.12/site-packages/airflow/example_dags/example_display_name.py for tasks to queue
[2024-08-24T11:30:13.268+0000] {logging_mixin.py:190} INFO - [2024-08-24T11:30:13.268+0000] {dagbag.py:587} INFO - Filling up the DagBag from /home/airflow/.local/lib/python3.12/site-packages/airflow/example_dags/example_display_name.py
[2024-08-24T11:30:13.272+0000] {processor.py:925} INFO - DAG(s) 'example_display_name' retrieved from /home/airflow/.local/lib/python3.12/site-packages/airflow/example_dags/example_display_name.py
[2024-08-24T11:30:13.282+0000] {logging_mixin.py:190} INFO - [2024-08-24T11:30:13.282+0000] {dag.py:3211} INFO - Sync 1 DAGs
[2024-08-24T11:30:13.289+0000] {logging_mixin.py:190} INFO - [2024-08-24T11:30:13.289+0000] {dag.py:4138} INFO - Setting next_dagrun for example_display_name to None, run_after=None
[2024-08-24T11:30:13.299+0000] {processor.py:208} INFO - Processing /home/airflow/.local/lib/python3.12/site-packages/airflow/example_dags/example_display_name.py took 0.035 seconds
[2024-08-24T11:30:44.262+0000] {processor.py:186} INFO - Started process (PID=1245) to work on /home/airflow/.local/lib/python3.12/site-packages/airflow/example_dags/example_display_name.py
[2024-08-24T11:30:44.262+0000] {processor.py:914} INFO - Processing file /home/airflow/.local/lib/python3.12/site-packages/airflow/example_dags/example_display_name.py for tasks to queue
[2024-08-24T11:30:44.263+0000] {logging_mixin.py:190} INFO - [2024-08-24T11:30:44.263+0000] {dagbag.py:587} INFO - Filling up the DagBag from /home/airflow/.local/lib/python3.12/site-packages/airflow/example_dags/example_display_name.py
[2024-08-24T11:30:44.267+0000] {processor.py:925} INFO - DAG(s) 'example_display_name' retrieved from /home/airflow/.local/lib/python3.12/site-packages/airflow/example_dags/example_display_name.py
[2024-08-24T11:30:44.276+0000] {logging_mixin.py:190} INFO - [2024-08-24T11:30:44.276+0000] {dag.py:3211} INFO - Sync 1 DAGs
[2024-08-24T11:30:44.283+0000] {logging_mixin.py:190} INFO - [2024-08-24T11:30:44.283+0000] {dag.py:4138} INFO - Setting next_dagrun for example_display_name to None, run_after=None
[2024-08-24T11:30:44.292+0000] {processor.py:208} INFO - Processing /home/airflow/.local/lib/python3.12/site-packages/airflow/example_dags/example_display_name.py took 0.033 seconds
[2024-08-24T11:31:15.312+0000] {processor.py:186} INFO - Started process (PID=1307) to work on /home/airflow/.local/lib/python3.12/site-packages/airflow/example_dags/example_display_name.py
[2024-08-24T11:31:15.313+0000] {processor.py:914} INFO - Processing file /home/airflow/.local/lib/python3.12/site-packages/airflow/example_dags/example_display_name.py for tasks to queue
[2024-08-24T11:31:15.314+0000] {logging_mixin.py:190} INFO - [2024-08-24T11:31:15.314+0000] {dagbag.py:587} INFO - Filling up the DagBag from /home/airflow/.local/lib/python3.12/site-packages/airflow/example_dags/example_display_name.py
[2024-08-24T11:31:15.320+0000] {processor.py:925} INFO - DAG(s) 'example_display_name' retrieved from /home/airflow/.local/lib/python3.12/site-packages/airflow/example_dags/example_display_name.py
[2024-08-24T11:31:15.334+0000] {logging_mixin.py:190} INFO - [2024-08-24T11:31:15.334+0000] {dag.py:3211} INFO - Sync 1 DAGs
[2024-08-24T11:31:15.343+0000] {logging_mixin.py:190} INFO - [2024-08-24T11:31:15.342+0000] {dag.py:4138} INFO - Setting next_dagrun for example_display_name to None, run_after=None
[2024-08-24T11:31:15.356+0000] {processor.py:208} INFO - Processing /home/airflow/.local/lib/python3.12/site-packages/airflow/example_dags/example_display_name.py took 0.048 seconds
[2024-08-24T11:31:46.290+0000] {processor.py:186} INFO - Started process (PID=1369) to work on /home/airflow/.local/lib/python3.12/site-packages/airflow/example_dags/example_display_name.py
[2024-08-24T11:31:46.291+0000] {processor.py:914} INFO - Processing file /home/airflow/.local/lib/python3.12/site-packages/airflow/example_dags/example_display_name.py for tasks to queue
[2024-08-24T11:31:46.292+0000] {logging_mixin.py:190} INFO - [2024-08-24T11:31:46.291+0000] {dagbag.py:587} INFO - Filling up the DagBag from /home/airflow/.local/lib/python3.12/site-packages/airflow/example_dags/example_display_name.py
[2024-08-24T11:31:46.296+0000] {processor.py:925} INFO - DAG(s) 'example_display_name' retrieved from /home/airflow/.local/lib/python3.12/site-packages/airflow/example_dags/example_display_name.py
[2024-08-24T11:31:46.306+0000] {logging_mixin.py:190} INFO - [2024-08-24T11:31:46.306+0000] {dag.py:3211} INFO - Sync 1 DAGs
[2024-08-24T11:31:46.313+0000] {logging_mixin.py:190} INFO - [2024-08-24T11:31:46.313+0000] {dag.py:4138} INFO - Setting next_dagrun for example_display_name to None, run_after=None
[2024-08-24T11:31:46.323+0000] {processor.py:208} INFO - Processing /home/airflow/.local/lib/python3.12/site-packages/airflow/example_dags/example_display_name.py took 0.037 seconds
[2024-08-24T11:32:16.459+0000] {processor.py:186} INFO - Started process (PID=1431) to work on /home/airflow/.local/lib/python3.12/site-packages/airflow/example_dags/example_display_name.py
[2024-08-24T11:32:16.459+0000] {processor.py:914} INFO - Processing file /home/airflow/.local/lib/python3.12/site-packages/airflow/example_dags/example_display_name.py for tasks to queue
[2024-08-24T11:32:16.461+0000] {logging_mixin.py:190} INFO - [2024-08-24T11:32:16.460+0000] {dagbag.py:587} INFO - Filling up the DagBag from /home/airflow/.local/lib/python3.12/site-packages/airflow/example_dags/example_display_name.py
[2024-08-24T11:32:16.464+0000] {processor.py:925} INFO - DAG(s) 'example_display_name' retrieved from /home/airflow/.local/lib/python3.12/site-packages/airflow/example_dags/example_display_name.py
[2024-08-24T11:32:16.479+0000] {logging_mixin.py:190} INFO - [2024-08-24T11:32:16.479+0000] {dag.py:3211} INFO - Sync 1 DAGs
[2024-08-24T11:32:16.489+0000] {logging_mixin.py:190} INFO - [2024-08-24T11:32:16.489+0000] {dag.py:4138} INFO - Setting next_dagrun for example_display_name to None, run_after=None
[2024-08-24T11:32:16.502+0000] {processor.py:208} INFO - Processing /home/airflow/.local/lib/python3.12/site-packages/airflow/example_dags/example_display_name.py took 0.046 seconds
[2024-08-24T11:32:46.724+0000] {processor.py:186} INFO - Started process (PID=1493) to work on /home/airflow/.local/lib/python3.12/site-packages/airflow/example_dags/example_display_name.py
[2024-08-24T11:32:46.724+0000] {processor.py:914} INFO - Processing file /home/airflow/.local/lib/python3.12/site-packages/airflow/example_dags/example_display_name.py for tasks to queue
[2024-08-24T11:32:46.725+0000] {logging_mixin.py:190} INFO - [2024-08-24T11:32:46.725+0000] {dagbag.py:587} INFO - Filling up the DagBag from /home/airflow/.local/lib/python3.12/site-packages/airflow/example_dags/example_display_name.py
[2024-08-24T11:32:46.729+0000] {processor.py:925} INFO - DAG(s) 'example_display_name' retrieved from /home/airflow/.local/lib/python3.12/site-packages/airflow/example_dags/example_display_name.py
[2024-08-24T11:32:46.741+0000] {logging_mixin.py:190} INFO - [2024-08-24T11:32:46.741+0000] {dag.py:3211} INFO - Sync 1 DAGs
[2024-08-24T11:32:46.753+0000] {logging_mixin.py:190} INFO - [2024-08-24T11:32:46.753+0000] {dag.py:4138} INFO - Setting next_dagrun for example_display_name to None, run_after=None
[2024-08-24T11:32:46.766+0000] {processor.py:208} INFO - Processing /home/airflow/.local/lib/python3.12/site-packages/airflow/example_dags/example_display_name.py took 0.046 seconds
[2024-08-24T11:33:16.864+0000] {processor.py:186} INFO - Started process (PID=1555) to work on /home/airflow/.local/lib/python3.12/site-packages/airflow/example_dags/example_display_name.py
[2024-08-24T11:33:16.865+0000] {processor.py:914} INFO - Processing file /home/airflow/.local/lib/python3.12/site-packages/airflow/example_dags/example_display_name.py for tasks to queue
[2024-08-24T11:33:16.866+0000] {logging_mixin.py:190} INFO - [2024-08-24T11:33:16.866+0000] {dagbag.py:587} INFO - Filling up the DagBag from /home/airflow/.local/lib/python3.12/site-packages/airflow/example_dags/example_display_name.py
[2024-08-24T11:33:16.869+0000] {processor.py:925} INFO - DAG(s) 'example_display_name' retrieved from /home/airflow/.local/lib/python3.12/site-packages/airflow/example_dags/example_display_name.py
[2024-08-24T11:33:16.879+0000] {logging_mixin.py:190} INFO - [2024-08-24T11:33:16.879+0000] {dag.py:3211} INFO - Sync 1 DAGs
[2024-08-24T11:33:16.886+0000] {logging_mixin.py:190} INFO - [2024-08-24T11:33:16.886+0000] {dag.py:4138} INFO - Setting next_dagrun for example_display_name to None, run_after=None
[2024-08-24T11:33:16.894+0000] {processor.py:208} INFO - Processing /home/airflow/.local/lib/python3.12/site-packages/airflow/example_dags/example_display_name.py took 0.032 seconds
[2024-08-24T11:33:47.008+0000] {processor.py:186} INFO - Started process (PID=1617) to work on /home/airflow/.local/lib/python3.12/site-packages/airflow/example_dags/example_display_name.py
[2024-08-24T11:33:47.008+0000] {processor.py:914} INFO - Processing file /home/airflow/.local/lib/python3.12/site-packages/airflow/example_dags/example_display_name.py for tasks to queue
[2024-08-24T11:33:47.010+0000] {logging_mixin.py:190} INFO - [2024-08-24T11:33:47.009+0000] {dagbag.py:587} INFO - Filling up the DagBag from /home/airflow/.local/lib/python3.12/site-packages/airflow/example_dags/example_display_name.py
[2024-08-24T11:33:47.015+0000] {processor.py:925} INFO - DAG(s) 'example_display_name' retrieved from /home/airflow/.local/lib/python3.12/site-packages/airflow/example_dags/example_display_name.py
[2024-08-24T11:33:47.029+0000] {logging_mixin.py:190} INFO - [2024-08-24T11:33:47.029+0000] {dag.py:3211} INFO - Sync 1 DAGs
[2024-08-24T11:33:47.038+0000] {logging_mixin.py:190} INFO - [2024-08-24T11:33:47.038+0000] {dag.py:4138} INFO - Setting next_dagrun for example_display_name to None, run_after=None
[2024-08-24T11:33:47.051+0000] {processor.py:208} INFO - Processing /home/airflow/.local/lib/python3.12/site-packages/airflow/example_dags/example_display_name.py took 0.046 seconds
[2024-08-24T11:34:17.278+0000] {processor.py:186} INFO - Started process (PID=1679) to work on /home/airflow/.local/lib/python3.12/site-packages/airflow/example_dags/example_display_name.py
[2024-08-24T11:34:17.278+0000] {processor.py:914} INFO - Processing file /home/airflow/.local/lib/python3.12/site-packages/airflow/example_dags/example_display_name.py for tasks to queue
[2024-08-24T11:34:17.279+0000] {logging_mixin.py:190} INFO - [2024-08-24T11:34:17.279+0000] {dagbag.py:587} INFO - Filling up the DagBag from /home/airflow/.local/lib/python3.12/site-packages/airflow/example_dags/example_display_name.py
[2024-08-24T11:34:17.283+0000] {processor.py:925} INFO - DAG(s) 'example_display_name' retrieved from /home/airflow/.local/lib/python3.12/site-packages/airflow/example_dags/example_display_name.py
[2024-08-24T11:34:17.295+0000] {logging_mixin.py:190} INFO - [2024-08-24T11:34:17.295+0000] {dag.py:3211} INFO - Sync 1 DAGs
[2024-08-24T11:34:17.304+0000] {logging_mixin.py:190} INFO - [2024-08-24T11:34:17.304+0000] {dag.py:4138} INFO - Setting next_dagrun for example_display_name to None, run_after=None
[2024-08-24T11:34:17.318+0000] {processor.py:208} INFO - Processing /home/airflow/.local/lib/python3.12/site-packages/airflow/example_dags/example_display_name.py took 0.044 seconds
[2024-08-24T11:34:47.593+0000] {processor.py:186} INFO - Started process (PID=1741) to work on /home/airflow/.local/lib/python3.12/site-packages/airflow/example_dags/example_display_name.py
[2024-08-24T11:34:47.593+0000] {processor.py:914} INFO - Processing file /home/airflow/.local/lib/python3.12/site-packages/airflow/example_dags/example_display_name.py for tasks to queue
[2024-08-24T11:34:47.594+0000] {logging_mixin.py:190} INFO - [2024-08-24T11:34:47.594+0000] {dagbag.py:587} INFO - Filling up the DagBag from /home/airflow/.local/lib/python3.12/site-packages/airflow/example_dags/example_display_name.py
[2024-08-24T11:34:47.598+0000] {processor.py:925} INFO - DAG(s) 'example_display_name' retrieved from /home/airflow/.local/lib/python3.12/site-packages/airflow/example_dags/example_display_name.py
[2024-08-24T11:34:47.608+0000] {logging_mixin.py:190} INFO - [2024-08-24T11:34:47.608+0000] {dag.py:3211} INFO - Sync 1 DAGs
[2024-08-24T11:34:47.615+0000] {logging_mixin.py:190} INFO - [2024-08-24T11:34:47.615+0000] {dag.py:4138} INFO - Setting next_dagrun for example_display_name to None, run_after=None
[2024-08-24T11:34:47.624+0000] {processor.py:208} INFO - Processing /home/airflow/.local/lib/python3.12/site-packages/airflow/example_dags/example_display_name.py took 0.035 seconds
[2024-08-24T11:35:17.913+0000] {processor.py:186} INFO - Started process (PID=1803) to work on /home/airflow/.local/lib/python3.12/site-packages/airflow/example_dags/example_display_name.py
[2024-08-24T11:35:17.913+0000] {processor.py:914} INFO - Processing file /home/airflow/.local/lib/python3.12/site-packages/airflow/example_dags/example_display_name.py for tasks to queue
[2024-08-24T11:35:17.915+0000] {logging_mixin.py:190} INFO - [2024-08-24T11:35:17.915+0000] {dagbag.py:587} INFO - Filling up the DagBag from /home/airflow/.local/lib/python3.12/site-packages/airflow/example_dags/example_display_name.py
[2024-08-24T11:35:17.919+0000] {processor.py:925} INFO - DAG(s) 'example_display_name' retrieved from /home/airflow/.local/lib/python3.12/site-packages/airflow/example_dags/example_display_name.py
[2024-08-24T11:35:17.929+0000] {logging_mixin.py:190} INFO - [2024-08-24T11:35:17.928+0000] {dag.py:3211} INFO - Sync 1 DAGs
[2024-08-24T11:35:17.936+0000] {logging_mixin.py:190} INFO - [2024-08-24T11:35:17.936+0000] {dag.py:4138} INFO - Setting next_dagrun for example_display_name to None, run_after=None
[2024-08-24T11:35:17.945+0000] {processor.py:208} INFO - Processing /home/airflow/.local/lib/python3.12/site-packages/airflow/example_dags/example_display_name.py took 0.035 seconds
[2024-08-24T11:35:48.149+0000] {processor.py:186} INFO - Started process (PID=1865) to work on /home/airflow/.local/lib/python3.12/site-packages/airflow/example_dags/example_display_name.py
[2024-08-24T11:35:48.150+0000] {processor.py:914} INFO - Processing file /home/airflow/.local/lib/python3.12/site-packages/airflow/example_dags/example_display_name.py for tasks to queue
[2024-08-24T11:35:48.151+0000] {logging_mixin.py:190} INFO - [2024-08-24T11:35:48.151+0000] {dagbag.py:587} INFO - Filling up the DagBag from /home/airflow/.local/lib/python3.12/site-packages/airflow/example_dags/example_display_name.py
[2024-08-24T11:35:48.155+0000] {processor.py:925} INFO - DAG(s) 'example_display_name' retrieved from /home/airflow/.local/lib/python3.12/site-packages/airflow/example_dags/example_display_name.py
[2024-08-24T11:35:48.168+0000] {logging_mixin.py:190} INFO - [2024-08-24T11:35:48.167+0000] {dag.py:3211} INFO - Sync 1 DAGs
[2024-08-24T11:35:48.177+0000] {logging_mixin.py:190} INFO - [2024-08-24T11:35:48.176+0000] {dag.py:4138} INFO - Setting next_dagrun for example_display_name to None, run_after=None
[2024-08-24T11:35:48.189+0000] {processor.py:208} INFO - Processing /home/airflow/.local/lib/python3.12/site-packages/airflow/example_dags/example_display_name.py took 0.043 seconds
[2024-08-24T11:36:18.460+0000] {processor.py:186} INFO - Started process (PID=1927) to work on /home/airflow/.local/lib/python3.12/site-packages/airflow/example_dags/example_display_name.py
[2024-08-24T11:36:18.461+0000] {processor.py:914} INFO - Processing file /home/airflow/.local/lib/python3.12/site-packages/airflow/example_dags/example_display_name.py for tasks to queue
[2024-08-24T11:36:18.462+0000] {logging_mixin.py:190} INFO - [2024-08-24T11:36:18.462+0000] {dagbag.py:587} INFO - Filling up the DagBag from /home/airflow/.local/lib/python3.12/site-packages/airflow/example_dags/example_display_name.py
[2024-08-24T11:36:18.466+0000] {processor.py:925} INFO - DAG(s) 'example_display_name' retrieved from /home/airflow/.local/lib/python3.12/site-packages/airflow/example_dags/example_display_name.py
[2024-08-24T11:36:18.475+0000] {logging_mixin.py:190} INFO - [2024-08-24T11:36:18.475+0000] {dag.py:3211} INFO - Sync 1 DAGs
[2024-08-24T11:36:18.483+0000] {logging_mixin.py:190} INFO - [2024-08-24T11:36:18.483+0000] {dag.py:4138} INFO - Setting next_dagrun for example_display_name to None, run_after=None
[2024-08-24T11:36:18.491+0000] {processor.py:208} INFO - Processing /home/airflow/.local/lib/python3.12/site-packages/airflow/example_dags/example_display_name.py took 0.034 seconds
[2024-08-24T11:36:48.910+0000] {processor.py:186} INFO - Started process (PID=1989) to work on /home/airflow/.local/lib/python3.12/site-packages/airflow/example_dags/example_display_name.py
[2024-08-24T11:36:48.911+0000] {processor.py:914} INFO - Processing file /home/airflow/.local/lib/python3.12/site-packages/airflow/example_dags/example_display_name.py for tasks to queue
[2024-08-24T11:36:48.912+0000] {logging_mixin.py:190} INFO - [2024-08-24T11:36:48.912+0000] {dagbag.py:587} INFO - Filling up the DagBag from /home/airflow/.local/lib/python3.12/site-packages/airflow/example_dags/example_display_name.py
[2024-08-24T11:36:48.916+0000] {processor.py:925} INFO - DAG(s) 'example_display_name' retrieved from /home/airflow/.local/lib/python3.12/site-packages/airflow/example_dags/example_display_name.py
[2024-08-24T11:36:48.929+0000] {logging_mixin.py:190} INFO - [2024-08-24T11:36:48.929+0000] {dag.py:3211} INFO - Sync 1 DAGs
[2024-08-24T11:36:48.937+0000] {logging_mixin.py:190} INFO - [2024-08-24T11:36:48.937+0000] {dag.py:4138} INFO - Setting next_dagrun for example_display_name to None, run_after=None
[2024-08-24T11:36:48.952+0000] {processor.py:208} INFO - Processing /home/airflow/.local/lib/python3.12/site-packages/airflow/example_dags/example_display_name.py took 0.045 seconds
[2024-08-24T11:37:19.204+0000] {processor.py:186} INFO - Started process (PID=2051) to work on /home/airflow/.local/lib/python3.12/site-packages/airflow/example_dags/example_display_name.py
[2024-08-24T11:37:19.204+0000] {processor.py:914} INFO - Processing file /home/airflow/.local/lib/python3.12/site-packages/airflow/example_dags/example_display_name.py for tasks to queue
[2024-08-24T11:37:19.206+0000] {logging_mixin.py:190} INFO - [2024-08-24T11:37:19.205+0000] {dagbag.py:587} INFO - Filling up the DagBag from /home/airflow/.local/lib/python3.12/site-packages/airflow/example_dags/example_display_name.py
[2024-08-24T11:37:19.210+0000] {processor.py:925} INFO - DAG(s) 'example_display_name' retrieved from /home/airflow/.local/lib/python3.12/site-packages/airflow/example_dags/example_display_name.py
[2024-08-24T11:37:19.220+0000] {logging_mixin.py:190} INFO - [2024-08-24T11:37:19.220+0000] {dag.py:3211} INFO - Sync 1 DAGs
[2024-08-24T11:37:19.228+0000] {logging_mixin.py:190} INFO - [2024-08-24T11:37:19.228+0000] {dag.py:4138} INFO - Setting next_dagrun for example_display_name to None, run_after=None
[2024-08-24T11:37:19.237+0000] {processor.py:208} INFO - Processing /home/airflow/.local/lib/python3.12/site-packages/airflow/example_dags/example_display_name.py took 0.036 seconds
[2024-08-24T11:37:49.633+0000] {processor.py:186} INFO - Started process (PID=2114) to work on /home/airflow/.local/lib/python3.12/site-packages/airflow/example_dags/example_display_name.py
[2024-08-24T11:37:49.633+0000] {processor.py:914} INFO - Processing file /home/airflow/.local/lib/python3.12/site-packages/airflow/example_dags/example_display_name.py for tasks to queue
[2024-08-24T11:37:49.634+0000] {logging_mixin.py:190} INFO - [2024-08-24T11:37:49.634+0000] {dagbag.py:587} INFO - Filling up the DagBag from /home/airflow/.local/lib/python3.12/site-packages/airflow/example_dags/example_display_name.py
[2024-08-24T11:37:49.638+0000] {processor.py:925} INFO - DAG(s) 'example_display_name' retrieved from /home/airflow/.local/lib/python3.12/site-packages/airflow/example_dags/example_display_name.py
[2024-08-24T11:37:49.648+0000] {logging_mixin.py:190} INFO - [2024-08-24T11:37:49.648+0000] {dag.py:3211} INFO - Sync 1 DAGs
[2024-08-24T11:37:49.655+0000] {logging_mixin.py:190} INFO - [2024-08-24T11:37:49.655+0000] {dag.py:4138} INFO - Setting next_dagrun for example_display_name to None, run_after=None
[2024-08-24T11:37:49.665+0000] {processor.py:208} INFO - Processing /home/airflow/.local/lib/python3.12/site-packages/airflow/example_dags/example_display_name.py took 0.035 seconds
[2024-08-24T11:38:20.283+0000] {processor.py:186} INFO - Started process (PID=2176) to work on /home/airflow/.local/lib/python3.12/site-packages/airflow/example_dags/example_display_name.py
[2024-08-24T11:38:20.283+0000] {processor.py:914} INFO - Processing file /home/airflow/.local/lib/python3.12/site-packages/airflow/example_dags/example_display_name.py for tasks to queue
[2024-08-24T11:38:20.285+0000] {logging_mixin.py:190} INFO - [2024-08-24T11:38:20.285+0000] {dagbag.py:587} INFO - Filling up the DagBag from /home/airflow/.local/lib/python3.12/site-packages/airflow/example_dags/example_display_name.py
[2024-08-24T11:38:20.289+0000] {processor.py:925} INFO - DAG(s) 'example_display_name' retrieved from /home/airflow/.local/lib/python3.12/site-packages/airflow/example_dags/example_display_name.py
[2024-08-24T11:38:20.300+0000] {logging_mixin.py:190} INFO - [2024-08-24T11:38:20.300+0000] {dag.py:3211} INFO - Sync 1 DAGs
[2024-08-24T11:38:20.307+0000] {logging_mixin.py:190} INFO - [2024-08-24T11:38:20.307+0000] {dag.py:4138} INFO - Setting next_dagrun for example_display_name to None, run_after=None
[2024-08-24T11:38:20.316+0000] {processor.py:208} INFO - Processing /home/airflow/.local/lib/python3.12/site-packages/airflow/example_dags/example_display_name.py took 0.038 seconds
[2024-08-24T11:38:50.797+0000] {processor.py:186} INFO - Started process (PID=2237) to work on /home/airflow/.local/lib/python3.12/site-packages/airflow/example_dags/example_display_name.py
[2024-08-24T11:38:50.797+0000] {processor.py:914} INFO - Processing file /home/airflow/.local/lib/python3.12/site-packages/airflow/example_dags/example_display_name.py for tasks to queue
[2024-08-24T11:38:50.799+0000] {logging_mixin.py:190} INFO - [2024-08-24T11:38:50.799+0000] {dagbag.py:587} INFO - Filling up the DagBag from /home/airflow/.local/lib/python3.12/site-packages/airflow/example_dags/example_display_name.py
[2024-08-24T11:38:50.804+0000] {processor.py:925} INFO - DAG(s) 'example_display_name' retrieved from /home/airflow/.local/lib/python3.12/site-packages/airflow/example_dags/example_display_name.py
[2024-08-24T11:38:50.822+0000] {logging_mixin.py:190} INFO - [2024-08-24T11:38:50.821+0000] {dag.py:3211} INFO - Sync 1 DAGs
[2024-08-24T11:38:50.830+0000] {logging_mixin.py:190} INFO - [2024-08-24T11:38:50.830+0000] {dag.py:4138} INFO - Setting next_dagrun for example_display_name to None, run_after=None
[2024-08-24T11:38:50.839+0000] {processor.py:208} INFO - Processing /home/airflow/.local/lib/python3.12/site-packages/airflow/example_dags/example_display_name.py took 0.047 seconds
[2024-08-24T11:39:21.214+0000] {processor.py:186} INFO - Started process (PID=2299) to work on /home/airflow/.local/lib/python3.12/site-packages/airflow/example_dags/example_display_name.py
[2024-08-24T11:39:21.214+0000] {processor.py:914} INFO - Processing file /home/airflow/.local/lib/python3.12/site-packages/airflow/example_dags/example_display_name.py for tasks to queue
[2024-08-24T11:39:21.216+0000] {logging_mixin.py:190} INFO - [2024-08-24T11:39:21.215+0000] {dagbag.py:587} INFO - Filling up the DagBag from /home/airflow/.local/lib/python3.12/site-packages/airflow/example_dags/example_display_name.py
[2024-08-24T11:39:21.221+0000] {processor.py:925} INFO - DAG(s) 'example_display_name' retrieved from /home/airflow/.local/lib/python3.12/site-packages/airflow/example_dags/example_display_name.py
[2024-08-24T11:39:21.238+0000] {logging_mixin.py:190} INFO - [2024-08-24T11:39:21.238+0000] {dag.py:3211} INFO - Sync 1 DAGs
[2024-08-24T11:39:21.246+0000] {logging_mixin.py:190} INFO - [2024-08-24T11:39:21.246+0000] {dag.py:4138} INFO - Setting next_dagrun for example_display_name to None, run_after=None
[2024-08-24T11:39:21.256+0000] {processor.py:208} INFO - Processing /home/airflow/.local/lib/python3.12/site-packages/airflow/example_dags/example_display_name.py took 0.046 seconds
[2024-08-24T11:39:51.972+0000] {processor.py:186} INFO - Started process (PID=2361) to work on /home/airflow/.local/lib/python3.12/site-packages/airflow/example_dags/example_display_name.py
[2024-08-24T11:39:51.972+0000] {processor.py:914} INFO - Processing file /home/airflow/.local/lib/python3.12/site-packages/airflow/example_dags/example_display_name.py for tasks to queue
[2024-08-24T11:39:51.973+0000] {logging_mixin.py:190} INFO - [2024-08-24T11:39:51.973+0000] {dagbag.py:587} INFO - Filling up the DagBag from /home/airflow/.local/lib/python3.12/site-packages/airflow/example_dags/example_display_name.py
[2024-08-24T11:39:51.977+0000] {processor.py:925} INFO - DAG(s) 'example_display_name' retrieved from /home/airflow/.local/lib/python3.12/site-packages/airflow/example_dags/example_display_name.py
[2024-08-24T11:39:51.988+0000] {logging_mixin.py:190} INFO - [2024-08-24T11:39:51.988+0000] {dag.py:3211} INFO - Sync 1 DAGs
[2024-08-24T11:39:51.996+0000] {logging_mixin.py:190} INFO - [2024-08-24T11:39:51.996+0000] {dag.py:4138} INFO - Setting next_dagrun for example_display_name to None, run_after=None
[2024-08-24T11:39:52.004+0000] {processor.py:208} INFO - Processing /home/airflow/.local/lib/python3.12/site-packages/airflow/example_dags/example_display_name.py took 0.036 seconds
[2024-08-24T11:40:22.377+0000] {processor.py:186} INFO - Started process (PID=2423) to work on /home/airflow/.local/lib/python3.12/site-packages/airflow/example_dags/example_display_name.py
[2024-08-24T11:40:22.378+0000] {processor.py:914} INFO - Processing file /home/airflow/.local/lib/python3.12/site-packages/airflow/example_dags/example_display_name.py for tasks to queue
[2024-08-24T11:40:22.379+0000] {logging_mixin.py:190} INFO - [2024-08-24T11:40:22.379+0000] {dagbag.py:587} INFO - Filling up the DagBag from /home/airflow/.local/lib/python3.12/site-packages/airflow/example_dags/example_display_name.py
[2024-08-24T11:40:22.383+0000] {processor.py:925} INFO - DAG(s) 'example_display_name' retrieved from /home/airflow/.local/lib/python3.12/site-packages/airflow/example_dags/example_display_name.py
[2024-08-24T11:40:22.395+0000] {logging_mixin.py:190} INFO - [2024-08-24T11:40:22.395+0000] {dag.py:3211} INFO - Sync 1 DAGs
[2024-08-24T11:40:22.402+0000] {logging_mixin.py:190} INFO - [2024-08-24T11:40:22.402+0000] {dag.py:4138} INFO - Setting next_dagrun for example_display_name to None, run_after=None
[2024-08-24T11:40:22.412+0000] {processor.py:208} INFO - Processing /home/airflow/.local/lib/python3.12/site-packages/airflow/example_dags/example_display_name.py took 0.039 seconds
[2024-08-24T11:40:53.098+0000] {processor.py:186} INFO - Started process (PID=2485) to work on /home/airflow/.local/lib/python3.12/site-packages/airflow/example_dags/example_display_name.py
[2024-08-24T11:40:53.098+0000] {processor.py:914} INFO - Processing file /home/airflow/.local/lib/python3.12/site-packages/airflow/example_dags/example_display_name.py for tasks to queue
[2024-08-24T11:40:53.100+0000] {logging_mixin.py:190} INFO - [2024-08-24T11:40:53.099+0000] {dagbag.py:587} INFO - Filling up the DagBag from /home/airflow/.local/lib/python3.12/site-packages/airflow/example_dags/example_display_name.py
[2024-08-24T11:40:53.103+0000] {processor.py:925} INFO - DAG(s) 'example_display_name' retrieved from /home/airflow/.local/lib/python3.12/site-packages/airflow/example_dags/example_display_name.py
[2024-08-24T11:40:53.116+0000] {logging_mixin.py:190} INFO - [2024-08-24T11:40:53.116+0000] {dag.py:3211} INFO - Sync 1 DAGs
[2024-08-24T11:40:53.123+0000] {logging_mixin.py:190} INFO - [2024-08-24T11:40:53.123+0000] {dag.py:4138} INFO - Setting next_dagrun for example_display_name to None, run_after=None
[2024-08-24T11:40:53.134+0000] {processor.py:208} INFO - Processing /home/airflow/.local/lib/python3.12/site-packages/airflow/example_dags/example_display_name.py took 0.040 seconds
[2024-08-24T11:41:23.591+0000] {processor.py:186} INFO - Started process (PID=2547) to work on /home/airflow/.local/lib/python3.12/site-packages/airflow/example_dags/example_display_name.py
[2024-08-24T11:41:23.591+0000] {processor.py:914} INFO - Processing file /home/airflow/.local/lib/python3.12/site-packages/airflow/example_dags/example_display_name.py for tasks to queue
[2024-08-24T11:41:23.592+0000] {logging_mixin.py:190} INFO - [2024-08-24T11:41:23.592+0000] {dagbag.py:587} INFO - Filling up the DagBag from /home/airflow/.local/lib/python3.12/site-packages/airflow/example_dags/example_display_name.py
[2024-08-24T11:41:23.596+0000] {processor.py:925} INFO - DAG(s) 'example_display_name' retrieved from /home/airflow/.local/lib/python3.12/site-packages/airflow/example_dags/example_display_name.py
[2024-08-24T11:41:23.611+0000] {logging_mixin.py:190} INFO - [2024-08-24T11:41:23.611+0000] {dag.py:3211} INFO - Sync 1 DAGs
[2024-08-24T11:41:23.624+0000] {logging_mixin.py:190} INFO - [2024-08-24T11:41:23.624+0000] {dag.py:4138} INFO - Setting next_dagrun for example_display_name to None, run_after=None
[2024-08-24T11:41:23.638+0000] {processor.py:208} INFO - Processing /home/airflow/.local/lib/python3.12/site-packages/airflow/example_dags/example_display_name.py took 0.053 seconds
[2024-08-24T11:41:54.112+0000] {processor.py:186} INFO - Started process (PID=2609) to work on /home/airflow/.local/lib/python3.12/site-packages/airflow/example_dags/example_display_name.py
[2024-08-24T11:41:54.113+0000] {processor.py:914} INFO - Processing file /home/airflow/.local/lib/python3.12/site-packages/airflow/example_dags/example_display_name.py for tasks to queue
[2024-08-24T11:41:54.114+0000] {logging_mixin.py:190} INFO - [2024-08-24T11:41:54.114+0000] {dagbag.py:587} INFO - Filling up the DagBag from /home/airflow/.local/lib/python3.12/site-packages/airflow/example_dags/example_display_name.py
[2024-08-24T11:41:54.118+0000] {processor.py:925} INFO - DAG(s) 'example_display_name' retrieved from /home/airflow/.local/lib/python3.12/site-packages/airflow/example_dags/example_display_name.py
[2024-08-24T11:41:54.127+0000] {logging_mixin.py:190} INFO - [2024-08-24T11:41:54.127+0000] {dag.py:3211} INFO - Sync 1 DAGs
[2024-08-24T11:41:54.135+0000] {logging_mixin.py:190} INFO - [2024-08-24T11:41:54.134+0000] {dag.py:4138} INFO - Setting next_dagrun for example_display_name to None, run_after=None
[2024-08-24T11:41:54.144+0000] {processor.py:208} INFO - Processing /home/airflow/.local/lib/python3.12/site-packages/airflow/example_dags/example_display_name.py took 0.035 seconds
[2024-08-24T11:42:24.564+0000] {processor.py:186} INFO - Started process (PID=2671) to work on /home/airflow/.local/lib/python3.12/site-packages/airflow/example_dags/example_display_name.py
[2024-08-24T11:42:24.564+0000] {processor.py:914} INFO - Processing file /home/airflow/.local/lib/python3.12/site-packages/airflow/example_dags/example_display_name.py for tasks to queue
[2024-08-24T11:42:24.565+0000] {logging_mixin.py:190} INFO - [2024-08-24T11:42:24.565+0000] {dagbag.py:587} INFO - Filling up the DagBag from /home/airflow/.local/lib/python3.12/site-packages/airflow/example_dags/example_display_name.py
[2024-08-24T11:42:24.570+0000] {processor.py:925} INFO - DAG(s) 'example_display_name' retrieved from /home/airflow/.local/lib/python3.12/site-packages/airflow/example_dags/example_display_name.py
[2024-08-24T11:42:24.582+0000] {logging_mixin.py:190} INFO - [2024-08-24T11:42:24.582+0000] {dag.py:3211} INFO - Sync 1 DAGs
[2024-08-24T11:42:24.595+0000] {logging_mixin.py:190} INFO - [2024-08-24T11:42:24.595+0000] {dag.py:4138} INFO - Setting next_dagrun for example_display_name to None, run_after=None
[2024-08-24T11:42:24.606+0000] {processor.py:208} INFO - Processing /home/airflow/.local/lib/python3.12/site-packages/airflow/example_dags/example_display_name.py took 0.046 seconds
[2024-08-24T11:42:55.069+0000] {processor.py:186} INFO - Started process (PID=2733) to work on /home/airflow/.local/lib/python3.12/site-packages/airflow/example_dags/example_display_name.py
[2024-08-24T11:42:55.070+0000] {processor.py:914} INFO - Processing file /home/airflow/.local/lib/python3.12/site-packages/airflow/example_dags/example_display_name.py for tasks to queue
[2024-08-24T11:42:55.071+0000] {logging_mixin.py:190} INFO - [2024-08-24T11:42:55.070+0000] {dagbag.py:587} INFO - Filling up the DagBag from /home/airflow/.local/lib/python3.12/site-packages/airflow/example_dags/example_display_name.py
[2024-08-24T11:42:55.074+0000] {processor.py:925} INFO - DAG(s) 'example_display_name' retrieved from /home/airflow/.local/lib/python3.12/site-packages/airflow/example_dags/example_display_name.py
[2024-08-24T11:42:55.087+0000] {logging_mixin.py:190} INFO - [2024-08-24T11:42:55.087+0000] {dag.py:3211} INFO - Sync 1 DAGs
[2024-08-24T11:42:55.097+0000] {logging_mixin.py:190} INFO - [2024-08-24T11:42:55.097+0000] {dag.py:4138} INFO - Setting next_dagrun for example_display_name to None, run_after=None
[2024-08-24T11:42:55.115+0000] {processor.py:208} INFO - Processing /home/airflow/.local/lib/python3.12/site-packages/airflow/example_dags/example_display_name.py took 0.049 seconds
[2024-08-24T11:43:25.490+0000] {processor.py:186} INFO - Started process (PID=2795) to work on /home/airflow/.local/lib/python3.12/site-packages/airflow/example_dags/example_display_name.py
[2024-08-24T11:43:25.490+0000] {processor.py:914} INFO - Processing file /home/airflow/.local/lib/python3.12/site-packages/airflow/example_dags/example_display_name.py for tasks to queue
[2024-08-24T11:43:25.491+0000] {logging_mixin.py:190} INFO - [2024-08-24T11:43:25.491+0000] {dagbag.py:587} INFO - Filling up the DagBag from /home/airflow/.local/lib/python3.12/site-packages/airflow/example_dags/example_display_name.py
[2024-08-24T11:43:25.495+0000] {processor.py:925} INFO - DAG(s) 'example_display_name' retrieved from /home/airflow/.local/lib/python3.12/site-packages/airflow/example_dags/example_display_name.py
[2024-08-24T11:43:25.506+0000] {logging_mixin.py:190} INFO - [2024-08-24T11:43:25.506+0000] {dag.py:3211} INFO - Sync 1 DAGs
[2024-08-24T11:43:25.518+0000] {logging_mixin.py:190} INFO - [2024-08-24T11:43:25.517+0000] {dag.py:4138} INFO - Setting next_dagrun for example_display_name to None, run_after=None
[2024-08-24T11:43:25.532+0000] {processor.py:208} INFO - Processing /home/airflow/.local/lib/python3.12/site-packages/airflow/example_dags/example_display_name.py took 0.045 seconds
[2024-08-24T11:43:56.017+0000] {processor.py:186} INFO - Started process (PID=2857) to work on /home/airflow/.local/lib/python3.12/site-packages/airflow/example_dags/example_display_name.py
[2024-08-24T11:43:56.017+0000] {processor.py:914} INFO - Processing file /home/airflow/.local/lib/python3.12/site-packages/airflow/example_dags/example_display_name.py for tasks to queue
[2024-08-24T11:43:56.018+0000] {logging_mixin.py:190} INFO - [2024-08-24T11:43:56.018+0000] {dagbag.py:587} INFO - Filling up the DagBag from /home/airflow/.local/lib/python3.12/site-packages/airflow/example_dags/example_display_name.py
[2024-08-24T11:43:56.022+0000] {processor.py:925} INFO - DAG(s) 'example_display_name' retrieved from /home/airflow/.local/lib/python3.12/site-packages/airflow/example_dags/example_display_name.py
[2024-08-24T11:43:56.033+0000] {logging_mixin.py:190} INFO - [2024-08-24T11:43:56.033+0000] {dag.py:3211} INFO - Sync 1 DAGs
[2024-08-24T11:43:56.041+0000] {logging_mixin.py:190} INFO - [2024-08-24T11:43:56.041+0000] {dag.py:4138} INFO - Setting next_dagrun for example_display_name to None, run_after=None
[2024-08-24T11:43:56.050+0000] {processor.py:208} INFO - Processing /home/airflow/.local/lib/python3.12/site-packages/airflow/example_dags/example_display_name.py took 0.037 seconds
[2024-08-24T11:44:26.953+0000] {processor.py:186} INFO - Started process (PID=2919) to work on /home/airflow/.local/lib/python3.12/site-packages/airflow/example_dags/example_display_name.py
[2024-08-24T11:44:26.954+0000] {processor.py:914} INFO - Processing file /home/airflow/.local/lib/python3.12/site-packages/airflow/example_dags/example_display_name.py for tasks to queue
[2024-08-24T11:44:26.955+0000] {logging_mixin.py:190} INFO - [2024-08-24T11:44:26.955+0000] {dagbag.py:587} INFO - Filling up the DagBag from /home/airflow/.local/lib/python3.12/site-packages/airflow/example_dags/example_display_name.py
[2024-08-24T11:44:26.959+0000] {processor.py:925} INFO - DAG(s) 'example_display_name' retrieved from /home/airflow/.local/lib/python3.12/site-packages/airflow/example_dags/example_display_name.py
[2024-08-24T11:44:26.968+0000] {logging_mixin.py:190} INFO - [2024-08-24T11:44:26.968+0000] {dag.py:3211} INFO - Sync 1 DAGs
[2024-08-24T11:44:26.976+0000] {logging_mixin.py:190} INFO - [2024-08-24T11:44:26.975+0000] {dag.py:4138} INFO - Setting next_dagrun for example_display_name to None, run_after=None
[2024-08-24T11:44:26.985+0000] {processor.py:208} INFO - Processing /home/airflow/.local/lib/python3.12/site-packages/airflow/example_dags/example_display_name.py took 0.035 seconds
[2024-08-24T11:44:58.014+0000] {processor.py:186} INFO - Started process (PID=2982) to work on /home/airflow/.local/lib/python3.12/site-packages/airflow/example_dags/example_display_name.py
[2024-08-24T11:44:58.015+0000] {processor.py:914} INFO - Processing file /home/airflow/.local/lib/python3.12/site-packages/airflow/example_dags/example_display_name.py for tasks to queue
[2024-08-24T11:44:58.017+0000] {logging_mixin.py:190} INFO - [2024-08-24T11:44:58.016+0000] {dagbag.py:587} INFO - Filling up the DagBag from /home/airflow/.local/lib/python3.12/site-packages/airflow/example_dags/example_display_name.py
[2024-08-24T11:44:58.022+0000] {processor.py:925} INFO - DAG(s) 'example_display_name' retrieved from /home/airflow/.local/lib/python3.12/site-packages/airflow/example_dags/example_display_name.py
[2024-08-24T11:44:58.034+0000] {logging_mixin.py:190} INFO - [2024-08-24T11:44:58.033+0000] {dag.py:3211} INFO - Sync 1 DAGs
[2024-08-24T11:44:58.041+0000] {logging_mixin.py:190} INFO - [2024-08-24T11:44:58.041+0000] {dag.py:4138} INFO - Setting next_dagrun for example_display_name to None, run_after=None
[2024-08-24T11:44:58.049+0000] {processor.py:208} INFO - Processing /home/airflow/.local/lib/python3.12/site-packages/airflow/example_dags/example_display_name.py took 0.040 seconds
[2024-08-24T11:45:28.422+0000] {processor.py:186} INFO - Started process (PID=3045) to work on /home/airflow/.local/lib/python3.12/site-packages/airflow/example_dags/example_display_name.py
[2024-08-24T11:45:28.422+0000] {processor.py:914} INFO - Processing file /home/airflow/.local/lib/python3.12/site-packages/airflow/example_dags/example_display_name.py for tasks to queue
[2024-08-24T11:45:28.423+0000] {logging_mixin.py:190} INFO - [2024-08-24T11:45:28.423+0000] {dagbag.py:587} INFO - Filling up the DagBag from /home/airflow/.local/lib/python3.12/site-packages/airflow/example_dags/example_display_name.py
[2024-08-24T11:45:28.427+0000] {processor.py:925} INFO - DAG(s) 'example_display_name' retrieved from /home/airflow/.local/lib/python3.12/site-packages/airflow/example_dags/example_display_name.py
[2024-08-24T11:45:28.440+0000] {logging_mixin.py:190} INFO - [2024-08-24T11:45:28.439+0000] {dag.py:3211} INFO - Sync 1 DAGs
[2024-08-24T11:45:28.450+0000] {logging_mixin.py:190} INFO - [2024-08-24T11:45:28.449+0000] {dag.py:4138} INFO - Setting next_dagrun for example_display_name to None, run_after=None
[2024-08-24T11:45:28.472+0000] {processor.py:208} INFO - Processing /home/airflow/.local/lib/python3.12/site-packages/airflow/example_dags/example_display_name.py took 0.053 seconds
[2024-08-24T11:45:59.250+0000] {processor.py:186} INFO - Started process (PID=3107) to work on /home/airflow/.local/lib/python3.12/site-packages/airflow/example_dags/example_display_name.py
[2024-08-24T11:45:59.250+0000] {processor.py:914} INFO - Processing file /home/airflow/.local/lib/python3.12/site-packages/airflow/example_dags/example_display_name.py for tasks to queue
[2024-08-24T11:45:59.252+0000] {logging_mixin.py:190} INFO - [2024-08-24T11:45:59.251+0000] {dagbag.py:587} INFO - Filling up the DagBag from /home/airflow/.local/lib/python3.12/site-packages/airflow/example_dags/example_display_name.py
[2024-08-24T11:45:59.256+0000] {processor.py:925} INFO - DAG(s) 'example_display_name' retrieved from /home/airflow/.local/lib/python3.12/site-packages/airflow/example_dags/example_display_name.py
[2024-08-24T11:45:59.269+0000] {logging_mixin.py:190} INFO - [2024-08-24T11:45:59.269+0000] {dag.py:3211} INFO - Sync 1 DAGs
[2024-08-24T11:45:59.375+0000] {logging_mixin.py:190} INFO - [2024-08-24T11:45:59.374+0000] {dag.py:4138} INFO - Setting next_dagrun for example_display_name to None, run_after=None
[2024-08-24T11:45:59.384+0000] {processor.py:208} INFO - Processing /home/airflow/.local/lib/python3.12/site-packages/airflow/example_dags/example_display_name.py took 0.138 seconds
[2024-08-24T11:46:29.588+0000] {processor.py:186} INFO - Started process (PID=3169) to work on /home/airflow/.local/lib/python3.12/site-packages/airflow/example_dags/example_display_name.py
[2024-08-24T11:46:29.589+0000] {processor.py:914} INFO - Processing file /home/airflow/.local/lib/python3.12/site-packages/airflow/example_dags/example_display_name.py for tasks to queue
[2024-08-24T11:46:29.591+0000] {logging_mixin.py:190} INFO - [2024-08-24T11:46:29.591+0000] {dagbag.py:587} INFO - Filling up the DagBag from /home/airflow/.local/lib/python3.12/site-packages/airflow/example_dags/example_display_name.py
[2024-08-24T11:46:29.595+0000] {processor.py:925} INFO - DAG(s) 'example_display_name' retrieved from /home/airflow/.local/lib/python3.12/site-packages/airflow/example_dags/example_display_name.py
[2024-08-24T11:46:29.609+0000] {logging_mixin.py:190} INFO - [2024-08-24T11:46:29.608+0000] {dag.py:3211} INFO - Sync 1 DAGs
[2024-08-24T11:46:29.713+0000] {logging_mixin.py:190} INFO - [2024-08-24T11:46:29.713+0000] {dag.py:4138} INFO - Setting next_dagrun for example_display_name to None, run_after=None
[2024-08-24T11:46:29.726+0000] {processor.py:208} INFO - Processing /home/airflow/.local/lib/python3.12/site-packages/airflow/example_dags/example_display_name.py took 0.143 seconds
[2024-08-24T11:47:00.156+0000] {processor.py:186} INFO - Started process (PID=3231) to work on /home/airflow/.local/lib/python3.12/site-packages/airflow/example_dags/example_display_name.py
[2024-08-24T11:47:00.157+0000] {processor.py:914} INFO - Processing file /home/airflow/.local/lib/python3.12/site-packages/airflow/example_dags/example_display_name.py for tasks to queue
[2024-08-24T11:47:00.159+0000] {logging_mixin.py:190} INFO - [2024-08-24T11:47:00.158+0000] {dagbag.py:587} INFO - Filling up the DagBag from /home/airflow/.local/lib/python3.12/site-packages/airflow/example_dags/example_display_name.py
[2024-08-24T11:47:00.163+0000] {processor.py:925} INFO - DAG(s) 'example_display_name' retrieved from /home/airflow/.local/lib/python3.12/site-packages/airflow/example_dags/example_display_name.py
[2024-08-24T11:47:00.177+0000] {logging_mixin.py:190} INFO - [2024-08-24T11:47:00.177+0000] {dag.py:3211} INFO - Sync 1 DAGs
[2024-08-24T11:47:00.184+0000] {logging_mixin.py:190} INFO - [2024-08-24T11:47:00.184+0000] {dag.py:4138} INFO - Setting next_dagrun for example_display_name to None, run_after=None
[2024-08-24T11:47:00.285+0000] {processor.py:208} INFO - Processing /home/airflow/.local/lib/python3.12/site-packages/airflow/example_dags/example_display_name.py took 0.132 seconds
[2024-08-24T11:47:30.369+0000] {processor.py:186} INFO - Started process (PID=3293) to work on /home/airflow/.local/lib/python3.12/site-packages/airflow/example_dags/example_display_name.py
[2024-08-24T11:47:30.370+0000] {processor.py:914} INFO - Processing file /home/airflow/.local/lib/python3.12/site-packages/airflow/example_dags/example_display_name.py for tasks to queue
[2024-08-24T11:47:30.371+0000] {logging_mixin.py:190} INFO - [2024-08-24T11:47:30.371+0000] {dagbag.py:587} INFO - Filling up the DagBag from /home/airflow/.local/lib/python3.12/site-packages/airflow/example_dags/example_display_name.py
[2024-08-24T11:47:30.376+0000] {processor.py:925} INFO - DAG(s) 'example_display_name' retrieved from /home/airflow/.local/lib/python3.12/site-packages/airflow/example_dags/example_display_name.py
[2024-08-24T11:47:30.386+0000] {logging_mixin.py:190} INFO - [2024-08-24T11:47:30.385+0000] {dag.py:3211} INFO - Sync 1 DAGs
[2024-08-24T11:47:30.393+0000] {logging_mixin.py:190} INFO - [2024-08-24T11:47:30.393+0000] {dag.py:4138} INFO - Setting next_dagrun for example_display_name to None, run_after=None
[2024-08-24T11:47:30.402+0000] {processor.py:208} INFO - Processing /home/airflow/.local/lib/python3.12/site-packages/airflow/example_dags/example_display_name.py took 0.037 seconds
[2024-08-24T11:48:00.633+0000] {processor.py:186} INFO - Started process (PID=3355) to work on /home/airflow/.local/lib/python3.12/site-packages/airflow/example_dags/example_display_name.py
[2024-08-24T11:48:00.634+0000] {processor.py:914} INFO - Processing file /home/airflow/.local/lib/python3.12/site-packages/airflow/example_dags/example_display_name.py for tasks to queue
[2024-08-24T11:48:00.635+0000] {logging_mixin.py:190} INFO - [2024-08-24T11:48:00.635+0000] {dagbag.py:587} INFO - Filling up the DagBag from /home/airflow/.local/lib/python3.12/site-packages/airflow/example_dags/example_display_name.py
[2024-08-24T11:48:00.639+0000] {processor.py:925} INFO - DAG(s) 'example_display_name' retrieved from /home/airflow/.local/lib/python3.12/site-packages/airflow/example_dags/example_display_name.py
[2024-08-24T11:48:00.649+0000] {logging_mixin.py:190} INFO - [2024-08-24T11:48:00.649+0000] {dag.py:3211} INFO - Sync 1 DAGs
[2024-08-24T11:48:00.656+0000] {logging_mixin.py:190} INFO - [2024-08-24T11:48:00.656+0000] {dag.py:4138} INFO - Setting next_dagrun for example_display_name to None, run_after=None
[2024-08-24T11:48:00.666+0000] {processor.py:208} INFO - Processing /home/airflow/.local/lib/python3.12/site-packages/airflow/example_dags/example_display_name.py took 0.036 seconds
[2024-08-24T11:48:31.034+0000] {processor.py:186} INFO - Started process (PID=3417) to work on /home/airflow/.local/lib/python3.12/site-packages/airflow/example_dags/example_display_name.py
[2024-08-24T11:48:31.035+0000] {processor.py:914} INFO - Processing file /home/airflow/.local/lib/python3.12/site-packages/airflow/example_dags/example_display_name.py for tasks to queue
[2024-08-24T11:48:31.036+0000] {logging_mixin.py:190} INFO - [2024-08-24T11:48:31.036+0000] {dagbag.py:587} INFO - Filling up the DagBag from /home/airflow/.local/lib/python3.12/site-packages/airflow/example_dags/example_display_name.py
[2024-08-24T11:48:31.041+0000] {processor.py:925} INFO - DAG(s) 'example_display_name' retrieved from /home/airflow/.local/lib/python3.12/site-packages/airflow/example_dags/example_display_name.py
[2024-08-24T11:48:31.060+0000] {logging_mixin.py:190} INFO - [2024-08-24T11:48:31.060+0000] {dag.py:3211} INFO - Sync 1 DAGs
[2024-08-24T11:48:31.067+0000] {logging_mixin.py:190} INFO - [2024-08-24T11:48:31.067+0000] {dag.py:4138} INFO - Setting next_dagrun for example_display_name to None, run_after=None
[2024-08-24T11:48:31.076+0000] {processor.py:208} INFO - Processing /home/airflow/.local/lib/python3.12/site-packages/airflow/example_dags/example_display_name.py took 0.045 seconds
[2024-08-24T11:49:01.370+0000] {processor.py:186} INFO - Started process (PID=3479) to work on /home/airflow/.local/lib/python3.12/site-packages/airflow/example_dags/example_display_name.py
[2024-08-24T11:49:01.371+0000] {processor.py:914} INFO - Processing file /home/airflow/.local/lib/python3.12/site-packages/airflow/example_dags/example_display_name.py for tasks to queue
[2024-08-24T11:49:01.373+0000] {logging_mixin.py:190} INFO - [2024-08-24T11:49:01.373+0000] {dagbag.py:587} INFO - Filling up the DagBag from /home/airflow/.local/lib/python3.12/site-packages/airflow/example_dags/example_display_name.py
[2024-08-24T11:49:01.378+0000] {processor.py:925} INFO - DAG(s) 'example_display_name' retrieved from /home/airflow/.local/lib/python3.12/site-packages/airflow/example_dags/example_display_name.py
[2024-08-24T11:49:01.393+0000] {logging_mixin.py:190} INFO - [2024-08-24T11:49:01.393+0000] {dag.py:3211} INFO - Sync 1 DAGs
[2024-08-24T11:49:01.402+0000] {logging_mixin.py:190} INFO - [2024-08-24T11:49:01.402+0000] {dag.py:4138} INFO - Setting next_dagrun for example_display_name to None, run_after=None
[2024-08-24T11:49:01.411+0000] {processor.py:208} INFO - Processing /home/airflow/.local/lib/python3.12/site-packages/airflow/example_dags/example_display_name.py took 0.046 seconds
[2024-08-24T11:49:31.699+0000] {processor.py:186} INFO - Started process (PID=3541) to work on /home/airflow/.local/lib/python3.12/site-packages/airflow/example_dags/example_display_name.py
[2024-08-24T11:49:31.699+0000] {processor.py:914} INFO - Processing file /home/airflow/.local/lib/python3.12/site-packages/airflow/example_dags/example_display_name.py for tasks to queue
[2024-08-24T11:49:31.701+0000] {logging_mixin.py:190} INFO - [2024-08-24T11:49:31.701+0000] {dagbag.py:587} INFO - Filling up the DagBag from /home/airflow/.local/lib/python3.12/site-packages/airflow/example_dags/example_display_name.py
[2024-08-24T11:49:31.705+0000] {processor.py:925} INFO - DAG(s) 'example_display_name' retrieved from /home/airflow/.local/lib/python3.12/site-packages/airflow/example_dags/example_display_name.py
[2024-08-24T11:49:31.720+0000] {logging_mixin.py:190} INFO - [2024-08-24T11:49:31.719+0000] {dag.py:3211} INFO - Sync 1 DAGs
[2024-08-24T11:49:31.732+0000] {logging_mixin.py:190} INFO - [2024-08-24T11:49:31.731+0000] {dag.py:4138} INFO - Setting next_dagrun for example_display_name to None, run_after=None
[2024-08-24T11:49:31.742+0000] {processor.py:208} INFO - Processing /home/airflow/.local/lib/python3.12/site-packages/airflow/example_dags/example_display_name.py took 0.047 seconds
[2024-08-24T11:50:01.890+0000] {processor.py:186} INFO - Started process (PID=3603) to work on /home/airflow/.local/lib/python3.12/site-packages/airflow/example_dags/example_display_name.py
[2024-08-24T11:50:01.890+0000] {processor.py:914} INFO - Processing file /home/airflow/.local/lib/python3.12/site-packages/airflow/example_dags/example_display_name.py for tasks to queue
[2024-08-24T11:50:01.891+0000] {logging_mixin.py:190} INFO - [2024-08-24T11:50:01.891+0000] {dagbag.py:587} INFO - Filling up the DagBag from /home/airflow/.local/lib/python3.12/site-packages/airflow/example_dags/example_display_name.py
[2024-08-24T11:50:01.895+0000] {processor.py:925} INFO - DAG(s) 'example_display_name' retrieved from /home/airflow/.local/lib/python3.12/site-packages/airflow/example_dags/example_display_name.py
[2024-08-24T11:50:01.905+0000] {logging_mixin.py:190} INFO - [2024-08-24T11:50:01.905+0000] {dag.py:3211} INFO - Sync 1 DAGs
[2024-08-24T11:50:01.912+0000] {logging_mixin.py:190} INFO - [2024-08-24T11:50:01.912+0000] {dag.py:4138} INFO - Setting next_dagrun for example_display_name to None, run_after=None
[2024-08-24T11:50:01.921+0000] {processor.py:208} INFO - Processing /home/airflow/.local/lib/python3.12/site-packages/airflow/example_dags/example_display_name.py took 0.035 seconds
[2024-08-24T11:50:32.198+0000] {processor.py:186} INFO - Started process (PID=3665) to work on /home/airflow/.local/lib/python3.12/site-packages/airflow/example_dags/example_display_name.py
[2024-08-24T11:50:32.199+0000] {processor.py:914} INFO - Processing file /home/airflow/.local/lib/python3.12/site-packages/airflow/example_dags/example_display_name.py for tasks to queue
[2024-08-24T11:50:32.200+0000] {logging_mixin.py:190} INFO - [2024-08-24T11:50:32.200+0000] {dagbag.py:587} INFO - Filling up the DagBag from /home/airflow/.local/lib/python3.12/site-packages/airflow/example_dags/example_display_name.py
[2024-08-24T11:50:32.205+0000] {processor.py:925} INFO - DAG(s) 'example_display_name' retrieved from /home/airflow/.local/lib/python3.12/site-packages/airflow/example_dags/example_display_name.py
[2024-08-24T11:50:32.222+0000] {logging_mixin.py:190} INFO - [2024-08-24T11:50:32.222+0000] {dag.py:3211} INFO - Sync 1 DAGs
[2024-08-24T11:50:32.230+0000] {logging_mixin.py:190} INFO - [2024-08-24T11:50:32.229+0000] {dag.py:4138} INFO - Setting next_dagrun for example_display_name to None, run_after=None
[2024-08-24T11:50:32.238+0000] {processor.py:208} INFO - Processing /home/airflow/.local/lib/python3.12/site-packages/airflow/example_dags/example_display_name.py took 0.043 seconds
[2024-08-24T11:51:02.742+0000] {processor.py:186} INFO - Started process (PID=3727) to work on /home/airflow/.local/lib/python3.12/site-packages/airflow/example_dags/example_display_name.py
[2024-08-24T11:51:02.743+0000] {processor.py:914} INFO - Processing file /home/airflow/.local/lib/python3.12/site-packages/airflow/example_dags/example_display_name.py for tasks to queue
[2024-08-24T11:51:02.745+0000] {logging_mixin.py:190} INFO - [2024-08-24T11:51:02.745+0000] {dagbag.py:587} INFO - Filling up the DagBag from /home/airflow/.local/lib/python3.12/site-packages/airflow/example_dags/example_display_name.py
[2024-08-24T11:51:02.750+0000] {processor.py:925} INFO - DAG(s) 'example_display_name' retrieved from /home/airflow/.local/lib/python3.12/site-packages/airflow/example_dags/example_display_name.py
[2024-08-24T11:51:02.759+0000] {logging_mixin.py:190} INFO - [2024-08-24T11:51:02.759+0000] {dag.py:3211} INFO - Sync 1 DAGs
[2024-08-24T11:51:02.767+0000] {logging_mixin.py:190} INFO - [2024-08-24T11:51:02.767+0000] {dag.py:4138} INFO - Setting next_dagrun for example_display_name to None, run_after=None
[2024-08-24T11:51:02.779+0000] {processor.py:208} INFO - Processing /home/airflow/.local/lib/python3.12/site-packages/airflow/example_dags/example_display_name.py took 0.041 seconds
[2024-08-24T11:51:33.160+0000] {processor.py:186} INFO - Started process (PID=3789) to work on /home/airflow/.local/lib/python3.12/site-packages/airflow/example_dags/example_display_name.py
[2024-08-24T11:51:33.161+0000] {processor.py:914} INFO - Processing file /home/airflow/.local/lib/python3.12/site-packages/airflow/example_dags/example_display_name.py for tasks to queue
[2024-08-24T11:51:33.163+0000] {logging_mixin.py:190} INFO - [2024-08-24T11:51:33.163+0000] {dagbag.py:587} INFO - Filling up the DagBag from /home/airflow/.local/lib/python3.12/site-packages/airflow/example_dags/example_display_name.py
[2024-08-24T11:51:33.167+0000] {processor.py:925} INFO - DAG(s) 'example_display_name' retrieved from /home/airflow/.local/lib/python3.12/site-packages/airflow/example_dags/example_display_name.py
[2024-08-24T11:51:33.177+0000] {logging_mixin.py:190} INFO - [2024-08-24T11:51:33.177+0000] {dag.py:3211} INFO - Sync 1 DAGs
[2024-08-24T11:51:33.185+0000] {logging_mixin.py:190} INFO - [2024-08-24T11:51:33.185+0000] {dag.py:4138} INFO - Setting next_dagrun for example_display_name to None, run_after=None
[2024-08-24T11:51:33.194+0000] {processor.py:208} INFO - Processing /home/airflow/.local/lib/python3.12/site-packages/airflow/example_dags/example_display_name.py took 0.038 seconds
[2024-08-24T11:52:03.341+0000] {processor.py:186} INFO - Started process (PID=3851) to work on /home/airflow/.local/lib/python3.12/site-packages/airflow/example_dags/example_display_name.py
[2024-08-24T11:52:03.342+0000] {processor.py:914} INFO - Processing file /home/airflow/.local/lib/python3.12/site-packages/airflow/example_dags/example_display_name.py for tasks to queue
[2024-08-24T11:52:03.345+0000] {logging_mixin.py:190} INFO - [2024-08-24T11:52:03.344+0000] {dagbag.py:587} INFO - Filling up the DagBag from /home/airflow/.local/lib/python3.12/site-packages/airflow/example_dags/example_display_name.py
[2024-08-24T11:52:03.350+0000] {processor.py:925} INFO - DAG(s) 'example_display_name' retrieved from /home/airflow/.local/lib/python3.12/site-packages/airflow/example_dags/example_display_name.py
[2024-08-24T11:52:03.363+0000] {logging_mixin.py:190} INFO - [2024-08-24T11:52:03.363+0000] {dag.py:3211} INFO - Sync 1 DAGs
[2024-08-24T11:52:03.371+0000] {logging_mixin.py:190} INFO - [2024-08-24T11:52:03.371+0000] {dag.py:4138} INFO - Setting next_dagrun for example_display_name to None, run_after=None
[2024-08-24T11:52:03.384+0000] {processor.py:208} INFO - Processing /home/airflow/.local/lib/python3.12/site-packages/airflow/example_dags/example_display_name.py took 0.048 seconds
[2024-08-24T11:52:33.671+0000] {processor.py:186} INFO - Started process (PID=3913) to work on /home/airflow/.local/lib/python3.12/site-packages/airflow/example_dags/example_display_name.py
[2024-08-24T11:52:33.672+0000] {processor.py:914} INFO - Processing file /home/airflow/.local/lib/python3.12/site-packages/airflow/example_dags/example_display_name.py for tasks to queue
[2024-08-24T11:52:33.673+0000] {logging_mixin.py:190} INFO - [2024-08-24T11:52:33.673+0000] {dagbag.py:587} INFO - Filling up the DagBag from /home/airflow/.local/lib/python3.12/site-packages/airflow/example_dags/example_display_name.py
[2024-08-24T11:52:33.677+0000] {processor.py:925} INFO - DAG(s) 'example_display_name' retrieved from /home/airflow/.local/lib/python3.12/site-packages/airflow/example_dags/example_display_name.py
[2024-08-24T11:52:33.698+0000] {logging_mixin.py:190} INFO - [2024-08-24T11:52:33.697+0000] {dag.py:3211} INFO - Sync 1 DAGs
[2024-08-24T11:52:33.709+0000] {logging_mixin.py:190} INFO - [2024-08-24T11:52:33.709+0000] {dag.py:4138} INFO - Setting next_dagrun for example_display_name to None, run_after=None
[2024-08-24T11:52:33.718+0000] {processor.py:208} INFO - Processing /home/airflow/.local/lib/python3.12/site-packages/airflow/example_dags/example_display_name.py took 0.052 seconds
[2024-08-24T11:53:03.995+0000] {processor.py:186} INFO - Started process (PID=3975) to work on /home/airflow/.local/lib/python3.12/site-packages/airflow/example_dags/example_display_name.py
[2024-08-24T11:53:03.996+0000] {processor.py:914} INFO - Processing file /home/airflow/.local/lib/python3.12/site-packages/airflow/example_dags/example_display_name.py for tasks to queue
[2024-08-24T11:53:03.998+0000] {logging_mixin.py:190} INFO - [2024-08-24T11:53:03.998+0000] {dagbag.py:587} INFO - Filling up the DagBag from /home/airflow/.local/lib/python3.12/site-packages/airflow/example_dags/example_display_name.py
[2024-08-24T11:53:04.002+0000] {processor.py:925} INFO - DAG(s) 'example_display_name' retrieved from /home/airflow/.local/lib/python3.12/site-packages/airflow/example_dags/example_display_name.py
[2024-08-24T11:53:04.013+0000] {logging_mixin.py:190} INFO - [2024-08-24T11:53:04.012+0000] {dag.py:3211} INFO - Sync 1 DAGs
[2024-08-24T11:53:04.020+0000] {logging_mixin.py:190} INFO - [2024-08-24T11:53:04.020+0000] {dag.py:4138} INFO - Setting next_dagrun for example_display_name to None, run_after=None
[2024-08-24T11:53:04.029+0000] {processor.py:208} INFO - Processing /home/airflow/.local/lib/python3.12/site-packages/airflow/example_dags/example_display_name.py took 0.038 seconds
[2024-08-24T11:53:34.317+0000] {processor.py:186} INFO - Started process (PID=4038) to work on /home/airflow/.local/lib/python3.12/site-packages/airflow/example_dags/example_display_name.py
[2024-08-24T11:53:34.318+0000] {processor.py:914} INFO - Processing file /home/airflow/.local/lib/python3.12/site-packages/airflow/example_dags/example_display_name.py for tasks to queue
[2024-08-24T11:53:34.319+0000] {logging_mixin.py:190} INFO - [2024-08-24T11:53:34.319+0000] {dagbag.py:587} INFO - Filling up the DagBag from /home/airflow/.local/lib/python3.12/site-packages/airflow/example_dags/example_display_name.py
[2024-08-24T11:53:34.324+0000] {processor.py:925} INFO - DAG(s) 'example_display_name' retrieved from /home/airflow/.local/lib/python3.12/site-packages/airflow/example_dags/example_display_name.py
[2024-08-24T11:53:34.335+0000] {logging_mixin.py:190} INFO - [2024-08-24T11:53:34.335+0000] {dag.py:3211} INFO - Sync 1 DAGs
[2024-08-24T11:53:34.343+0000] {logging_mixin.py:190} INFO - [2024-08-24T11:53:34.342+0000] {dag.py:4138} INFO - Setting next_dagrun for example_display_name to None, run_after=None
[2024-08-24T11:53:34.351+0000] {processor.py:208} INFO - Processing /home/airflow/.local/lib/python3.12/site-packages/airflow/example_dags/example_display_name.py took 0.037 seconds
[2024-08-24T11:54:04.632+0000] {processor.py:186} INFO - Started process (PID=4100) to work on /home/airflow/.local/lib/python3.12/site-packages/airflow/example_dags/example_display_name.py
[2024-08-24T11:54:04.632+0000] {processor.py:914} INFO - Processing file /home/airflow/.local/lib/python3.12/site-packages/airflow/example_dags/example_display_name.py for tasks to queue
[2024-08-24T11:54:04.634+0000] {logging_mixin.py:190} INFO - [2024-08-24T11:54:04.634+0000] {dagbag.py:587} INFO - Filling up the DagBag from /home/airflow/.local/lib/python3.12/site-packages/airflow/example_dags/example_display_name.py
[2024-08-24T11:54:04.638+0000] {processor.py:925} INFO - DAG(s) 'example_display_name' retrieved from /home/airflow/.local/lib/python3.12/site-packages/airflow/example_dags/example_display_name.py
[2024-08-24T11:54:04.655+0000] {logging_mixin.py:190} INFO - [2024-08-24T11:54:04.655+0000] {dag.py:3211} INFO - Sync 1 DAGs
[2024-08-24T11:54:04.667+0000] {logging_mixin.py:190} INFO - [2024-08-24T11:54:04.667+0000] {dag.py:4138} INFO - Setting next_dagrun for example_display_name to None, run_after=None
[2024-08-24T11:54:04.676+0000] {processor.py:208} INFO - Processing /home/airflow/.local/lib/python3.12/site-packages/airflow/example_dags/example_display_name.py took 0.049 seconds
[2024-08-24T11:54:34.989+0000] {processor.py:186} INFO - Started process (PID=4162) to work on /home/airflow/.local/lib/python3.12/site-packages/airflow/example_dags/example_display_name.py
[2024-08-24T11:54:34.990+0000] {processor.py:914} INFO - Processing file /home/airflow/.local/lib/python3.12/site-packages/airflow/example_dags/example_display_name.py for tasks to queue
[2024-08-24T11:54:34.991+0000] {logging_mixin.py:190} INFO - [2024-08-24T11:54:34.991+0000] {dagbag.py:587} INFO - Filling up the DagBag from /home/airflow/.local/lib/python3.12/site-packages/airflow/example_dags/example_display_name.py
[2024-08-24T11:54:34.995+0000] {processor.py:925} INFO - DAG(s) 'example_display_name' retrieved from /home/airflow/.local/lib/python3.12/site-packages/airflow/example_dags/example_display_name.py
[2024-08-24T11:54:35.010+0000] {logging_mixin.py:190} INFO - [2024-08-24T11:54:35.010+0000] {dag.py:3211} INFO - Sync 1 DAGs
[2024-08-24T11:54:35.022+0000] {logging_mixin.py:190} INFO - [2024-08-24T11:54:35.022+0000] {dag.py:4138} INFO - Setting next_dagrun for example_display_name to None, run_after=None
[2024-08-24T11:54:35.042+0000] {processor.py:208} INFO - Processing /home/airflow/.local/lib/python3.12/site-packages/airflow/example_dags/example_display_name.py took 0.056 seconds
[2024-08-24T11:55:05.309+0000] {processor.py:186} INFO - Started process (PID=4224) to work on /home/airflow/.local/lib/python3.12/site-packages/airflow/example_dags/example_display_name.py
[2024-08-24T11:55:05.309+0000] {processor.py:914} INFO - Processing file /home/airflow/.local/lib/python3.12/site-packages/airflow/example_dags/example_display_name.py for tasks to queue
[2024-08-24T11:55:05.311+0000] {logging_mixin.py:190} INFO - [2024-08-24T11:55:05.310+0000] {dagbag.py:587} INFO - Filling up the DagBag from /home/airflow/.local/lib/python3.12/site-packages/airflow/example_dags/example_display_name.py
[2024-08-24T11:55:05.314+0000] {processor.py:925} INFO - DAG(s) 'example_display_name' retrieved from /home/airflow/.local/lib/python3.12/site-packages/airflow/example_dags/example_display_name.py
[2024-08-24T11:55:05.324+0000] {logging_mixin.py:190} INFO - [2024-08-24T11:55:05.324+0000] {dag.py:3211} INFO - Sync 1 DAGs
[2024-08-24T11:55:05.333+0000] {logging_mixin.py:190} INFO - [2024-08-24T11:55:05.333+0000] {dag.py:4138} INFO - Setting next_dagrun for example_display_name to None, run_after=None
[2024-08-24T11:55:05.341+0000] {processor.py:208} INFO - Processing /home/airflow/.local/lib/python3.12/site-packages/airflow/example_dags/example_display_name.py took 0.036 seconds
[2024-08-24T11:55:35.745+0000] {processor.py:186} INFO - Started process (PID=4286) to work on /home/airflow/.local/lib/python3.12/site-packages/airflow/example_dags/example_display_name.py
[2024-08-24T11:55:35.746+0000] {processor.py:914} INFO - Processing file /home/airflow/.local/lib/python3.12/site-packages/airflow/example_dags/example_display_name.py for tasks to queue
[2024-08-24T11:55:35.748+0000] {logging_mixin.py:190} INFO - [2024-08-24T11:55:35.748+0000] {dagbag.py:587} INFO - Filling up the DagBag from /home/airflow/.local/lib/python3.12/site-packages/airflow/example_dags/example_display_name.py
[2024-08-24T11:55:35.753+0000] {processor.py:925} INFO - DAG(s) 'example_display_name' retrieved from /home/airflow/.local/lib/python3.12/site-packages/airflow/example_dags/example_display_name.py
[2024-08-24T11:55:35.764+0000] {logging_mixin.py:190} INFO - [2024-08-24T11:55:35.764+0000] {dag.py:3211} INFO - Sync 1 DAGs
[2024-08-24T11:55:35.771+0000] {logging_mixin.py:190} INFO - [2024-08-24T11:55:35.771+0000] {dag.py:4138} INFO - Setting next_dagrun for example_display_name to None, run_after=None
[2024-08-24T11:55:35.779+0000] {processor.py:208} INFO - Processing /home/airflow/.local/lib/python3.12/site-packages/airflow/example_dags/example_display_name.py took 0.038 seconds
[2024-08-24T11:56:06.243+0000] {processor.py:186} INFO - Started process (PID=4348) to work on /home/airflow/.local/lib/python3.12/site-packages/airflow/example_dags/example_display_name.py
[2024-08-24T11:56:06.243+0000] {processor.py:914} INFO - Processing file /home/airflow/.local/lib/python3.12/site-packages/airflow/example_dags/example_display_name.py for tasks to queue
[2024-08-24T11:56:06.245+0000] {logging_mixin.py:190} INFO - [2024-08-24T11:56:06.245+0000] {dagbag.py:587} INFO - Filling up the DagBag from /home/airflow/.local/lib/python3.12/site-packages/airflow/example_dags/example_display_name.py
[2024-08-24T11:56:06.248+0000] {processor.py:925} INFO - DAG(s) 'example_display_name' retrieved from /home/airflow/.local/lib/python3.12/site-packages/airflow/example_dags/example_display_name.py
[2024-08-24T11:56:06.265+0000] {logging_mixin.py:190} INFO - [2024-08-24T11:56:06.265+0000] {dag.py:3211} INFO - Sync 1 DAGs
[2024-08-24T11:56:06.275+0000] {logging_mixin.py:190} INFO - [2024-08-24T11:56:06.275+0000] {dag.py:4138} INFO - Setting next_dagrun for example_display_name to None, run_after=None
[2024-08-24T11:56:06.295+0000] {processor.py:208} INFO - Processing /home/airflow/.local/lib/python3.12/site-packages/airflow/example_dags/example_display_name.py took 0.056 seconds
