[2024-08-24T11:21:08.909+0000] {processor.py:186} INFO - Started process (PID=100) to work on /home/airflow/.local/lib/python3.12/site-packages/airflow/example_dags/example_setup_teardown.py
[2024-08-24T11:21:08.909+0000] {processor.py:914} INFO - Processing file /home/airflow/.local/lib/python3.12/site-packages/airflow/example_dags/example_setup_teardown.py for tasks to queue
[2024-08-24T11:21:08.910+0000] {logging_mixin.py:190} INFO - [2024-08-24T11:21:08.910+0000] {dagbag.py:587} INFO - Filling up the DagBag from /home/airflow/.local/lib/python3.12/site-packages/airflow/example_dags/example_setup_teardown.py
[2024-08-24T11:21:08.915+0000] {processor.py:925} INFO - DAG(s) 'example_setup_teardown' retrieved from /home/airflow/.local/lib/python3.12/site-packages/airflow/example_dags/example_setup_teardown.py
[2024-08-24T11:21:08.967+0000] {logging_mixin.py:190} INFO - [2024-08-24T11:21:08.967+0000] {override.py:1858} INFO - Created Permission View: can edit on DAG:example_setup_teardown
[2024-08-24T11:21:08.975+0000] {logging_mixin.py:190} INFO - [2024-08-24T11:21:08.974+0000] {override.py:1858} INFO - Created Permission View: can read on DAG:example_setup_teardown
[2024-08-24T11:21:08.980+0000] {logging_mixin.py:190} INFO - [2024-08-24T11:21:08.979+0000] {override.py:1858} INFO - Created Permission View: can delete on DAG:example_setup_teardown
[2024-08-24T11:21:08.980+0000] {logging_mixin.py:190} INFO - [2024-08-24T11:21:08.980+0000] {dag.py:3211} INFO - Sync 1 DAGs
[2024-08-24T11:21:08.989+0000] {logging_mixin.py:190} INFO - [2024-08-24T11:21:08.988+0000] {dag.py:3234} INFO - Creating ORM DAG for example_setup_teardown
[2024-08-24T11:21:08.997+0000] {logging_mixin.py:190} INFO - [2024-08-24T11:21:08.997+0000] {dag.py:4138} INFO - Setting next_dagrun for example_setup_teardown to 2024-08-23 00:00:00+00:00, run_after=2024-08-24 00:00:00+00:00
[2024-08-24T11:21:09.009+0000] {processor.py:208} INFO - Processing /home/airflow/.local/lib/python3.12/site-packages/airflow/example_dags/example_setup_teardown.py took 0.103 seconds
[2024-08-24T11:21:39.256+0000] {processor.py:186} INFO - Started process (PID=162) to work on /home/airflow/.local/lib/python3.12/site-packages/airflow/example_dags/example_setup_teardown.py
[2024-08-24T11:21:39.257+0000] {processor.py:914} INFO - Processing file /home/airflow/.local/lib/python3.12/site-packages/airflow/example_dags/example_setup_teardown.py for tasks to queue
[2024-08-24T11:21:39.258+0000] {logging_mixin.py:190} INFO - [2024-08-24T11:21:39.258+0000] {dagbag.py:587} INFO - Filling up the DagBag from /home/airflow/.local/lib/python3.12/site-packages/airflow/example_dags/example_setup_teardown.py
[2024-08-24T11:21:39.262+0000] {processor.py:925} INFO - DAG(s) 'example_setup_teardown' retrieved from /home/airflow/.local/lib/python3.12/site-packages/airflow/example_dags/example_setup_teardown.py
[2024-08-24T11:21:39.273+0000] {logging_mixin.py:190} INFO - [2024-08-24T11:21:39.273+0000] {dag.py:3211} INFO - Sync 1 DAGs
[2024-08-24T11:21:39.287+0000] {logging_mixin.py:190} INFO - [2024-08-24T11:21:39.287+0000] {dag.py:4138} INFO - Setting next_dagrun for example_setup_teardown to 2024-08-23 00:00:00+00:00, run_after=2024-08-24 00:00:00+00:00
[2024-08-24T11:21:39.296+0000] {processor.py:208} INFO - Processing /home/airflow/.local/lib/python3.12/site-packages/airflow/example_dags/example_setup_teardown.py took 0.043 seconds
[2024-08-24T11:22:09.474+0000] {processor.py:186} INFO - Started process (PID=224) to work on /home/airflow/.local/lib/python3.12/site-packages/airflow/example_dags/example_setup_teardown.py
[2024-08-24T11:22:09.475+0000] {processor.py:914} INFO - Processing file /home/airflow/.local/lib/python3.12/site-packages/airflow/example_dags/example_setup_teardown.py for tasks to queue
[2024-08-24T11:22:09.476+0000] {logging_mixin.py:190} INFO - [2024-08-24T11:22:09.476+0000] {dagbag.py:587} INFO - Filling up the DagBag from /home/airflow/.local/lib/python3.12/site-packages/airflow/example_dags/example_setup_teardown.py
[2024-08-24T11:22:09.480+0000] {processor.py:925} INFO - DAG(s) 'example_setup_teardown' retrieved from /home/airflow/.local/lib/python3.12/site-packages/airflow/example_dags/example_setup_teardown.py
[2024-08-24T11:22:09.491+0000] {logging_mixin.py:190} INFO - [2024-08-24T11:22:09.491+0000] {dag.py:3211} INFO - Sync 1 DAGs
[2024-08-24T11:22:09.504+0000] {logging_mixin.py:190} INFO - [2024-08-24T11:22:09.504+0000] {dag.py:4138} INFO - Setting next_dagrun for example_setup_teardown to 2024-08-23 00:00:00+00:00, run_after=2024-08-24 00:00:00+00:00
[2024-08-24T11:22:09.516+0000] {processor.py:208} INFO - Processing /home/airflow/.local/lib/python3.12/site-packages/airflow/example_dags/example_setup_teardown.py took 0.044 seconds
[2024-08-24T11:22:39.611+0000] {processor.py:186} INFO - Started process (PID=286) to work on /home/airflow/.local/lib/python3.12/site-packages/airflow/example_dags/example_setup_teardown.py
[2024-08-24T11:22:39.612+0000] {processor.py:914} INFO - Processing file /home/airflow/.local/lib/python3.12/site-packages/airflow/example_dags/example_setup_teardown.py for tasks to queue
[2024-08-24T11:22:39.613+0000] {logging_mixin.py:190} INFO - [2024-08-24T11:22:39.613+0000] {dagbag.py:587} INFO - Filling up the DagBag from /home/airflow/.local/lib/python3.12/site-packages/airflow/example_dags/example_setup_teardown.py
[2024-08-24T11:22:39.617+0000] {processor.py:925} INFO - DAG(s) 'example_setup_teardown' retrieved from /home/airflow/.local/lib/python3.12/site-packages/airflow/example_dags/example_setup_teardown.py
[2024-08-24T11:22:39.629+0000] {logging_mixin.py:190} INFO - [2024-08-24T11:22:39.629+0000] {dag.py:3211} INFO - Sync 1 DAGs
[2024-08-24T11:22:39.644+0000] {logging_mixin.py:190} INFO - [2024-08-24T11:22:39.644+0000] {dag.py:4138} INFO - Setting next_dagrun for example_setup_teardown to 2024-08-23 00:00:00+00:00, run_after=2024-08-24 00:00:00+00:00
[2024-08-24T11:22:39.653+0000] {processor.py:208} INFO - Processing /home/airflow/.local/lib/python3.12/site-packages/airflow/example_dags/example_setup_teardown.py took 0.044 seconds
[2024-08-24T11:23:09.911+0000] {processor.py:186} INFO - Started process (PID=348) to work on /home/airflow/.local/lib/python3.12/site-packages/airflow/example_dags/example_setup_teardown.py
[2024-08-24T11:23:09.911+0000] {processor.py:914} INFO - Processing file /home/airflow/.local/lib/python3.12/site-packages/airflow/example_dags/example_setup_teardown.py for tasks to queue
[2024-08-24T11:23:09.912+0000] {logging_mixin.py:190} INFO - [2024-08-24T11:23:09.912+0000] {dagbag.py:587} INFO - Filling up the DagBag from /home/airflow/.local/lib/python3.12/site-packages/airflow/example_dags/example_setup_teardown.py
[2024-08-24T11:23:09.917+0000] {processor.py:925} INFO - DAG(s) 'example_setup_teardown' retrieved from /home/airflow/.local/lib/python3.12/site-packages/airflow/example_dags/example_setup_teardown.py
[2024-08-24T11:23:09.928+0000] {logging_mixin.py:190} INFO - [2024-08-24T11:23:09.928+0000] {dag.py:3211} INFO - Sync 1 DAGs
[2024-08-24T11:23:09.941+0000] {logging_mixin.py:190} INFO - [2024-08-24T11:23:09.940+0000] {dag.py:4138} INFO - Setting next_dagrun for example_setup_teardown to 2024-08-23 00:00:00+00:00, run_after=2024-08-24 00:00:00+00:00
[2024-08-24T11:23:09.950+0000] {processor.py:208} INFO - Processing /home/airflow/.local/lib/python3.12/site-packages/airflow/example_dags/example_setup_teardown.py took 0.042 seconds
[2024-08-24T11:23:40.213+0000] {processor.py:186} INFO - Started process (PID=410) to work on /home/airflow/.local/lib/python3.12/site-packages/airflow/example_dags/example_setup_teardown.py
[2024-08-24T11:23:40.214+0000] {processor.py:914} INFO - Processing file /home/airflow/.local/lib/python3.12/site-packages/airflow/example_dags/example_setup_teardown.py for tasks to queue
[2024-08-24T11:23:40.215+0000] {logging_mixin.py:190} INFO - [2024-08-24T11:23:40.215+0000] {dagbag.py:587} INFO - Filling up the DagBag from /home/airflow/.local/lib/python3.12/site-packages/airflow/example_dags/example_setup_teardown.py
[2024-08-24T11:23:40.219+0000] {processor.py:925} INFO - DAG(s) 'example_setup_teardown' retrieved from /home/airflow/.local/lib/python3.12/site-packages/airflow/example_dags/example_setup_teardown.py
[2024-08-24T11:23:40.235+0000] {logging_mixin.py:190} INFO - [2024-08-24T11:23:40.235+0000] {dag.py:3211} INFO - Sync 1 DAGs
[2024-08-24T11:23:40.250+0000] {logging_mixin.py:190} INFO - [2024-08-24T11:23:40.250+0000] {dag.py:4138} INFO - Setting next_dagrun for example_setup_teardown to 2024-08-23 00:00:00+00:00, run_after=2024-08-24 00:00:00+00:00
[2024-08-24T11:23:40.264+0000] {processor.py:208} INFO - Processing /home/airflow/.local/lib/python3.12/site-packages/airflow/example_dags/example_setup_teardown.py took 0.054 seconds
[2024-08-24T11:24:10.452+0000] {processor.py:186} INFO - Started process (PID=472) to work on /home/airflow/.local/lib/python3.12/site-packages/airflow/example_dags/example_setup_teardown.py
[2024-08-24T11:24:10.453+0000] {processor.py:914} INFO - Processing file /home/airflow/.local/lib/python3.12/site-packages/airflow/example_dags/example_setup_teardown.py for tasks to queue
[2024-08-24T11:24:10.454+0000] {logging_mixin.py:190} INFO - [2024-08-24T11:24:10.454+0000] {dagbag.py:587} INFO - Filling up the DagBag from /home/airflow/.local/lib/python3.12/site-packages/airflow/example_dags/example_setup_teardown.py
[2024-08-24T11:24:10.458+0000] {processor.py:925} INFO - DAG(s) 'example_setup_teardown' retrieved from /home/airflow/.local/lib/python3.12/site-packages/airflow/example_dags/example_setup_teardown.py
[2024-08-24T11:24:10.469+0000] {logging_mixin.py:190} INFO - [2024-08-24T11:24:10.469+0000] {dag.py:3211} INFO - Sync 1 DAGs
[2024-08-24T11:24:10.482+0000] {logging_mixin.py:190} INFO - [2024-08-24T11:24:10.482+0000] {dag.py:4138} INFO - Setting next_dagrun for example_setup_teardown to 2024-08-23 00:00:00+00:00, run_after=2024-08-24 00:00:00+00:00
[2024-08-24T11:24:10.491+0000] {processor.py:208} INFO - Processing /home/airflow/.local/lib/python3.12/site-packages/airflow/example_dags/example_setup_teardown.py took 0.042 seconds
[2024-08-24T11:24:40.664+0000] {processor.py:186} INFO - Started process (PID=534) to work on /home/airflow/.local/lib/python3.12/site-packages/airflow/example_dags/example_setup_teardown.py
[2024-08-24T11:24:40.664+0000] {processor.py:914} INFO - Processing file /home/airflow/.local/lib/python3.12/site-packages/airflow/example_dags/example_setup_teardown.py for tasks to queue
[2024-08-24T11:24:40.665+0000] {logging_mixin.py:190} INFO - [2024-08-24T11:24:40.665+0000] {dagbag.py:587} INFO - Filling up the DagBag from /home/airflow/.local/lib/python3.12/site-packages/airflow/example_dags/example_setup_teardown.py
[2024-08-24T11:24:40.670+0000] {processor.py:925} INFO - DAG(s) 'example_setup_teardown' retrieved from /home/airflow/.local/lib/python3.12/site-packages/airflow/example_dags/example_setup_teardown.py
[2024-08-24T11:24:40.680+0000] {logging_mixin.py:190} INFO - [2024-08-24T11:24:40.680+0000] {dag.py:3211} INFO - Sync 1 DAGs
[2024-08-24T11:24:40.693+0000] {logging_mixin.py:190} INFO - [2024-08-24T11:24:40.693+0000] {dag.py:4138} INFO - Setting next_dagrun for example_setup_teardown to 2024-08-23 00:00:00+00:00, run_after=2024-08-24 00:00:00+00:00
[2024-08-24T11:24:40.702+0000] {processor.py:208} INFO - Processing /home/airflow/.local/lib/python3.12/site-packages/airflow/example_dags/example_setup_teardown.py took 0.042 seconds
[2024-08-24T11:25:10.876+0000] {processor.py:186} INFO - Started process (PID=596) to work on /home/airflow/.local/lib/python3.12/site-packages/airflow/example_dags/example_setup_teardown.py
[2024-08-24T11:25:10.877+0000] {processor.py:914} INFO - Processing file /home/airflow/.local/lib/python3.12/site-packages/airflow/example_dags/example_setup_teardown.py for tasks to queue
[2024-08-24T11:25:10.878+0000] {logging_mixin.py:190} INFO - [2024-08-24T11:25:10.878+0000] {dagbag.py:587} INFO - Filling up the DagBag from /home/airflow/.local/lib/python3.12/site-packages/airflow/example_dags/example_setup_teardown.py
[2024-08-24T11:25:10.883+0000] {processor.py:925} INFO - DAG(s) 'example_setup_teardown' retrieved from /home/airflow/.local/lib/python3.12/site-packages/airflow/example_dags/example_setup_teardown.py
[2024-08-24T11:25:10.898+0000] {logging_mixin.py:190} INFO - [2024-08-24T11:25:10.897+0000] {dag.py:3211} INFO - Sync 1 DAGs
[2024-08-24T11:25:10.916+0000] {logging_mixin.py:190} INFO - [2024-08-24T11:25:10.916+0000] {dag.py:4138} INFO - Setting next_dagrun for example_setup_teardown to 2024-08-23 00:00:00+00:00, run_after=2024-08-24 00:00:00+00:00
[2024-08-24T11:25:10.928+0000] {processor.py:208} INFO - Processing /home/airflow/.local/lib/python3.12/site-packages/airflow/example_dags/example_setup_teardown.py took 0.056 seconds
[2024-08-24T11:25:40.975+0000] {processor.py:186} INFO - Started process (PID=658) to work on /home/airflow/.local/lib/python3.12/site-packages/airflow/example_dags/example_setup_teardown.py
[2024-08-24T11:25:40.975+0000] {processor.py:914} INFO - Processing file /home/airflow/.local/lib/python3.12/site-packages/airflow/example_dags/example_setup_teardown.py for tasks to queue
[2024-08-24T11:25:40.976+0000] {logging_mixin.py:190} INFO - [2024-08-24T11:25:40.976+0000] {dagbag.py:587} INFO - Filling up the DagBag from /home/airflow/.local/lib/python3.12/site-packages/airflow/example_dags/example_setup_teardown.py
[2024-08-24T11:25:40.981+0000] {processor.py:925} INFO - DAG(s) 'example_setup_teardown' retrieved from /home/airflow/.local/lib/python3.12/site-packages/airflow/example_dags/example_setup_teardown.py
[2024-08-24T11:25:40.991+0000] {logging_mixin.py:190} INFO - [2024-08-24T11:25:40.990+0000] {dag.py:3211} INFO - Sync 1 DAGs
[2024-08-24T11:25:41.002+0000] {logging_mixin.py:190} INFO - [2024-08-24T11:25:41.002+0000] {dag.py:4138} INFO - Setting next_dagrun for example_setup_teardown to 2024-08-23 00:00:00+00:00, run_after=2024-08-24 00:00:00+00:00
[2024-08-24T11:25:41.011+0000] {processor.py:208} INFO - Processing /home/airflow/.local/lib/python3.12/site-packages/airflow/example_dags/example_setup_teardown.py took 0.039 seconds
[2024-08-24T11:26:11.319+0000] {processor.py:186} INFO - Started process (PID=720) to work on /home/airflow/.local/lib/python3.12/site-packages/airflow/example_dags/example_setup_teardown.py
[2024-08-24T11:26:11.319+0000] {processor.py:914} INFO - Processing file /home/airflow/.local/lib/python3.12/site-packages/airflow/example_dags/example_setup_teardown.py for tasks to queue
[2024-08-24T11:26:11.320+0000] {logging_mixin.py:190} INFO - [2024-08-24T11:26:11.320+0000] {dagbag.py:587} INFO - Filling up the DagBag from /home/airflow/.local/lib/python3.12/site-packages/airflow/example_dags/example_setup_teardown.py
[2024-08-24T11:26:11.325+0000] {processor.py:925} INFO - DAG(s) 'example_setup_teardown' retrieved from /home/airflow/.local/lib/python3.12/site-packages/airflow/example_dags/example_setup_teardown.py
[2024-08-24T11:26:11.336+0000] {logging_mixin.py:190} INFO - [2024-08-24T11:26:11.336+0000] {dag.py:3211} INFO - Sync 1 DAGs
[2024-08-24T11:26:11.349+0000] {logging_mixin.py:190} INFO - [2024-08-24T11:26:11.349+0000] {dag.py:4138} INFO - Setting next_dagrun for example_setup_teardown to 2024-08-23 00:00:00+00:00, run_after=2024-08-24 00:00:00+00:00
[2024-08-24T11:26:11.359+0000] {processor.py:208} INFO - Processing /home/airflow/.local/lib/python3.12/site-packages/airflow/example_dags/example_setup_teardown.py took 0.043 seconds
[2024-08-24T11:26:41.469+0000] {processor.py:186} INFO - Started process (PID=781) to work on /home/airflow/.local/lib/python3.12/site-packages/airflow/example_dags/example_setup_teardown.py
[2024-08-24T11:26:41.470+0000] {processor.py:914} INFO - Processing file /home/airflow/.local/lib/python3.12/site-packages/airflow/example_dags/example_setup_teardown.py for tasks to queue
[2024-08-24T11:26:41.471+0000] {logging_mixin.py:190} INFO - [2024-08-24T11:26:41.471+0000] {dagbag.py:587} INFO - Filling up the DagBag from /home/airflow/.local/lib/python3.12/site-packages/airflow/example_dags/example_setup_teardown.py
[2024-08-24T11:26:41.475+0000] {processor.py:925} INFO - DAG(s) 'example_setup_teardown' retrieved from /home/airflow/.local/lib/python3.12/site-packages/airflow/example_dags/example_setup_teardown.py
[2024-08-24T11:26:41.485+0000] {logging_mixin.py:190} INFO - [2024-08-24T11:26:41.485+0000] {dag.py:3211} INFO - Sync 1 DAGs
[2024-08-24T11:26:41.497+0000] {logging_mixin.py:190} INFO - [2024-08-24T11:26:41.497+0000] {dag.py:4138} INFO - Setting next_dagrun for example_setup_teardown to 2024-08-23 00:00:00+00:00, run_after=2024-08-24 00:00:00+00:00
[2024-08-24T11:26:41.506+0000] {processor.py:208} INFO - Processing /home/airflow/.local/lib/python3.12/site-packages/airflow/example_dags/example_setup_teardown.py took 0.040 seconds
[2024-08-24T11:27:11.795+0000] {processor.py:186} INFO - Started process (PID=844) to work on /home/airflow/.local/lib/python3.12/site-packages/airflow/example_dags/example_setup_teardown.py
[2024-08-24T11:27:11.796+0000] {processor.py:914} INFO - Processing file /home/airflow/.local/lib/python3.12/site-packages/airflow/example_dags/example_setup_teardown.py for tasks to queue
[2024-08-24T11:27:11.797+0000] {logging_mixin.py:190} INFO - [2024-08-24T11:27:11.797+0000] {dagbag.py:587} INFO - Filling up the DagBag from /home/airflow/.local/lib/python3.12/site-packages/airflow/example_dags/example_setup_teardown.py
[2024-08-24T11:27:11.801+0000] {processor.py:925} INFO - DAG(s) 'example_setup_teardown' retrieved from /home/airflow/.local/lib/python3.12/site-packages/airflow/example_dags/example_setup_teardown.py
[2024-08-24T11:27:11.813+0000] {logging_mixin.py:190} INFO - [2024-08-24T11:27:11.813+0000] {dag.py:3211} INFO - Sync 1 DAGs
[2024-08-24T11:27:11.826+0000] {logging_mixin.py:190} INFO - [2024-08-24T11:27:11.825+0000] {dag.py:4138} INFO - Setting next_dagrun for example_setup_teardown to 2024-08-23 00:00:00+00:00, run_after=2024-08-24 00:00:00+00:00
[2024-08-24T11:27:11.835+0000] {processor.py:208} INFO - Processing /home/airflow/.local/lib/python3.12/site-packages/airflow/example_dags/example_setup_teardown.py took 0.043 seconds
[2024-08-24T11:27:42.103+0000] {processor.py:186} INFO - Started process (PID=906) to work on /home/airflow/.local/lib/python3.12/site-packages/airflow/example_dags/example_setup_teardown.py
[2024-08-24T11:27:42.104+0000] {processor.py:914} INFO - Processing file /home/airflow/.local/lib/python3.12/site-packages/airflow/example_dags/example_setup_teardown.py for tasks to queue
[2024-08-24T11:27:42.106+0000] {logging_mixin.py:190} INFO - [2024-08-24T11:27:42.105+0000] {dagbag.py:587} INFO - Filling up the DagBag from /home/airflow/.local/lib/python3.12/site-packages/airflow/example_dags/example_setup_teardown.py
[2024-08-24T11:27:42.112+0000] {processor.py:925} INFO - DAG(s) 'example_setup_teardown' retrieved from /home/airflow/.local/lib/python3.12/site-packages/airflow/example_dags/example_setup_teardown.py
[2024-08-24T11:27:42.124+0000] {logging_mixin.py:190} INFO - [2024-08-24T11:27:42.124+0000] {dag.py:3211} INFO - Sync 1 DAGs
[2024-08-24T11:27:42.136+0000] {logging_mixin.py:190} INFO - [2024-08-24T11:27:42.136+0000] {dag.py:4138} INFO - Setting next_dagrun for example_setup_teardown to 2024-08-23 00:00:00+00:00, run_after=2024-08-24 00:00:00+00:00
[2024-08-24T11:27:42.146+0000] {processor.py:208} INFO - Processing /home/airflow/.local/lib/python3.12/site-packages/airflow/example_dags/example_setup_teardown.py took 0.048 seconds
[2024-08-24T11:28:13.073+0000] {processor.py:186} INFO - Started process (PID=968) to work on /home/airflow/.local/lib/python3.12/site-packages/airflow/example_dags/example_setup_teardown.py
[2024-08-24T11:28:13.074+0000] {processor.py:914} INFO - Processing file /home/airflow/.local/lib/python3.12/site-packages/airflow/example_dags/example_setup_teardown.py for tasks to queue
[2024-08-24T11:28:13.075+0000] {logging_mixin.py:190} INFO - [2024-08-24T11:28:13.075+0000] {dagbag.py:587} INFO - Filling up the DagBag from /home/airflow/.local/lib/python3.12/site-packages/airflow/example_dags/example_setup_teardown.py
[2024-08-24T11:28:13.079+0000] {processor.py:925} INFO - DAG(s) 'example_setup_teardown' retrieved from /home/airflow/.local/lib/python3.12/site-packages/airflow/example_dags/example_setup_teardown.py
[2024-08-24T11:28:13.088+0000] {logging_mixin.py:190} INFO - [2024-08-24T11:28:13.088+0000] {dag.py:3211} INFO - Sync 1 DAGs
[2024-08-24T11:28:13.101+0000] {logging_mixin.py:190} INFO - [2024-08-24T11:28:13.101+0000] {dag.py:4138} INFO - Setting next_dagrun for example_setup_teardown to 2024-08-23 00:00:00+00:00, run_after=2024-08-24 00:00:00+00:00
[2024-08-24T11:28:13.109+0000] {processor.py:208} INFO - Processing /home/airflow/.local/lib/python3.12/site-packages/airflow/example_dags/example_setup_teardown.py took 0.039 seconds
[2024-08-24T11:28:44.129+0000] {processor.py:186} INFO - Started process (PID=1030) to work on /home/airflow/.local/lib/python3.12/site-packages/airflow/example_dags/example_setup_teardown.py
[2024-08-24T11:28:44.129+0000] {processor.py:914} INFO - Processing file /home/airflow/.local/lib/python3.12/site-packages/airflow/example_dags/example_setup_teardown.py for tasks to queue
[2024-08-24T11:28:44.130+0000] {logging_mixin.py:190} INFO - [2024-08-24T11:28:44.130+0000] {dagbag.py:587} INFO - Filling up the DagBag from /home/airflow/.local/lib/python3.12/site-packages/airflow/example_dags/example_setup_teardown.py
[2024-08-24T11:28:44.135+0000] {processor.py:925} INFO - DAG(s) 'example_setup_teardown' retrieved from /home/airflow/.local/lib/python3.12/site-packages/airflow/example_dags/example_setup_teardown.py
[2024-08-24T11:28:44.146+0000] {logging_mixin.py:190} INFO - [2024-08-24T11:28:44.146+0000] {dag.py:3211} INFO - Sync 1 DAGs
[2024-08-24T11:28:44.160+0000] {logging_mixin.py:190} INFO - [2024-08-24T11:28:44.160+0000] {dag.py:4138} INFO - Setting next_dagrun for example_setup_teardown to 2024-08-23 00:00:00+00:00, run_after=2024-08-24 00:00:00+00:00
[2024-08-24T11:28:44.173+0000] {processor.py:208} INFO - Processing /home/airflow/.local/lib/python3.12/site-packages/airflow/example_dags/example_setup_teardown.py took 0.048 seconds
[2024-08-24T11:29:15.245+0000] {processor.py:186} INFO - Started process (PID=1092) to work on /home/airflow/.local/lib/python3.12/site-packages/airflow/example_dags/example_setup_teardown.py
[2024-08-24T11:29:15.245+0000] {processor.py:914} INFO - Processing file /home/airflow/.local/lib/python3.12/site-packages/airflow/example_dags/example_setup_teardown.py for tasks to queue
[2024-08-24T11:29:15.246+0000] {logging_mixin.py:190} INFO - [2024-08-24T11:29:15.246+0000] {dagbag.py:587} INFO - Filling up the DagBag from /home/airflow/.local/lib/python3.12/site-packages/airflow/example_dags/example_setup_teardown.py
[2024-08-24T11:29:15.251+0000] {processor.py:925} INFO - DAG(s) 'example_setup_teardown' retrieved from /home/airflow/.local/lib/python3.12/site-packages/airflow/example_dags/example_setup_teardown.py
[2024-08-24T11:29:15.262+0000] {logging_mixin.py:190} INFO - [2024-08-24T11:29:15.262+0000] {dag.py:3211} INFO - Sync 1 DAGs
[2024-08-24T11:29:15.274+0000] {logging_mixin.py:190} INFO - [2024-08-24T11:29:15.273+0000] {dag.py:4138} INFO - Setting next_dagrun for example_setup_teardown to 2024-08-23 00:00:00+00:00, run_after=2024-08-24 00:00:00+00:00
[2024-08-24T11:29:15.282+0000] {processor.py:208} INFO - Processing /home/airflow/.local/lib/python3.12/site-packages/airflow/example_dags/example_setup_teardown.py took 0.043 seconds
[2024-08-24T11:29:45.395+0000] {processor.py:186} INFO - Started process (PID=1154) to work on /home/airflow/.local/lib/python3.12/site-packages/airflow/example_dags/example_setup_teardown.py
[2024-08-24T11:29:45.396+0000] {processor.py:914} INFO - Processing file /home/airflow/.local/lib/python3.12/site-packages/airflow/example_dags/example_setup_teardown.py for tasks to queue
[2024-08-24T11:29:45.397+0000] {logging_mixin.py:190} INFO - [2024-08-24T11:29:45.397+0000] {dagbag.py:587} INFO - Filling up the DagBag from /home/airflow/.local/lib/python3.12/site-packages/airflow/example_dags/example_setup_teardown.py
[2024-08-24T11:29:45.402+0000] {processor.py:925} INFO - DAG(s) 'example_setup_teardown' retrieved from /home/airflow/.local/lib/python3.12/site-packages/airflow/example_dags/example_setup_teardown.py
[2024-08-24T11:29:45.413+0000] {logging_mixin.py:190} INFO - [2024-08-24T11:29:45.413+0000] {dag.py:3211} INFO - Sync 1 DAGs
[2024-08-24T11:29:45.424+0000] {logging_mixin.py:190} INFO - [2024-08-24T11:29:45.424+0000] {dag.py:4138} INFO - Setting next_dagrun for example_setup_teardown to 2024-08-23 00:00:00+00:00, run_after=2024-08-24 00:00:00+00:00
[2024-08-24T11:29:45.432+0000] {processor.py:208} INFO - Processing /home/airflow/.local/lib/python3.12/site-packages/airflow/example_dags/example_setup_teardown.py took 0.041 seconds
[2024-08-24T11:30:16.391+0000] {processor.py:186} INFO - Started process (PID=1216) to work on /home/airflow/.local/lib/python3.12/site-packages/airflow/example_dags/example_setup_teardown.py
[2024-08-24T11:30:16.391+0000] {processor.py:914} INFO - Processing file /home/airflow/.local/lib/python3.12/site-packages/airflow/example_dags/example_setup_teardown.py for tasks to queue
[2024-08-24T11:30:16.393+0000] {logging_mixin.py:190} INFO - [2024-08-24T11:30:16.392+0000] {dagbag.py:587} INFO - Filling up the DagBag from /home/airflow/.local/lib/python3.12/site-packages/airflow/example_dags/example_setup_teardown.py
[2024-08-24T11:30:16.399+0000] {processor.py:925} INFO - DAG(s) 'example_setup_teardown' retrieved from /home/airflow/.local/lib/python3.12/site-packages/airflow/example_dags/example_setup_teardown.py
[2024-08-24T11:30:16.414+0000] {logging_mixin.py:190} INFO - [2024-08-24T11:30:16.414+0000] {dag.py:3211} INFO - Sync 1 DAGs
[2024-08-24T11:30:16.428+0000] {logging_mixin.py:190} INFO - [2024-08-24T11:30:16.428+0000] {dag.py:4138} INFO - Setting next_dagrun for example_setup_teardown to 2024-08-23 00:00:00+00:00, run_after=2024-08-24 00:00:00+00:00
[2024-08-24T11:30:16.438+0000] {processor.py:208} INFO - Processing /home/airflow/.local/lib/python3.12/site-packages/airflow/example_dags/example_setup_teardown.py took 0.052 seconds
[2024-08-24T11:30:47.450+0000] {processor.py:186} INFO - Started process (PID=1278) to work on /home/airflow/.local/lib/python3.12/site-packages/airflow/example_dags/example_setup_teardown.py
[2024-08-24T11:30:47.450+0000] {processor.py:914} INFO - Processing file /home/airflow/.local/lib/python3.12/site-packages/airflow/example_dags/example_setup_teardown.py for tasks to queue
[2024-08-24T11:30:47.451+0000] {logging_mixin.py:190} INFO - [2024-08-24T11:30:47.451+0000] {dagbag.py:587} INFO - Filling up the DagBag from /home/airflow/.local/lib/python3.12/site-packages/airflow/example_dags/example_setup_teardown.py
[2024-08-24T11:30:47.455+0000] {processor.py:925} INFO - DAG(s) 'example_setup_teardown' retrieved from /home/airflow/.local/lib/python3.12/site-packages/airflow/example_dags/example_setup_teardown.py
[2024-08-24T11:30:47.467+0000] {logging_mixin.py:190} INFO - [2024-08-24T11:30:47.467+0000] {dag.py:3211} INFO - Sync 1 DAGs
[2024-08-24T11:30:47.481+0000] {logging_mixin.py:190} INFO - [2024-08-24T11:30:47.481+0000] {dag.py:4138} INFO - Setting next_dagrun for example_setup_teardown to 2024-08-23 00:00:00+00:00, run_after=2024-08-24 00:00:00+00:00
[2024-08-24T11:30:47.490+0000] {processor.py:208} INFO - Processing /home/airflow/.local/lib/python3.12/site-packages/airflow/example_dags/example_setup_teardown.py took 0.043 seconds
[2024-08-24T11:31:18.504+0000] {processor.py:186} INFO - Started process (PID=1340) to work on /home/airflow/.local/lib/python3.12/site-packages/airflow/example_dags/example_setup_teardown.py
[2024-08-24T11:31:18.505+0000] {processor.py:914} INFO - Processing file /home/airflow/.local/lib/python3.12/site-packages/airflow/example_dags/example_setup_teardown.py for tasks to queue
[2024-08-24T11:31:18.506+0000] {logging_mixin.py:190} INFO - [2024-08-24T11:31:18.506+0000] {dagbag.py:587} INFO - Filling up the DagBag from /home/airflow/.local/lib/python3.12/site-packages/airflow/example_dags/example_setup_teardown.py
[2024-08-24T11:31:18.510+0000] {processor.py:925} INFO - DAG(s) 'example_setup_teardown' retrieved from /home/airflow/.local/lib/python3.12/site-packages/airflow/example_dags/example_setup_teardown.py
[2024-08-24T11:31:18.521+0000] {logging_mixin.py:190} INFO - [2024-08-24T11:31:18.521+0000] {dag.py:3211} INFO - Sync 1 DAGs
[2024-08-24T11:31:18.533+0000] {logging_mixin.py:190} INFO - [2024-08-24T11:31:18.533+0000] {dag.py:4138} INFO - Setting next_dagrun for example_setup_teardown to 2024-08-23 00:00:00+00:00, run_after=2024-08-24 00:00:00+00:00
[2024-08-24T11:31:18.542+0000] {processor.py:208} INFO - Processing /home/airflow/.local/lib/python3.12/site-packages/airflow/example_dags/example_setup_teardown.py took 0.042 seconds
[2024-08-24T11:31:49.641+0000] {processor.py:186} INFO - Started process (PID=1402) to work on /home/airflow/.local/lib/python3.12/site-packages/airflow/example_dags/example_setup_teardown.py
[2024-08-24T11:31:49.641+0000] {processor.py:914} INFO - Processing file /home/airflow/.local/lib/python3.12/site-packages/airflow/example_dags/example_setup_teardown.py for tasks to queue
[2024-08-24T11:31:49.643+0000] {logging_mixin.py:190} INFO - [2024-08-24T11:31:49.643+0000] {dagbag.py:587} INFO - Filling up the DagBag from /home/airflow/.local/lib/python3.12/site-packages/airflow/example_dags/example_setup_teardown.py
[2024-08-24T11:31:49.648+0000] {processor.py:925} INFO - DAG(s) 'example_setup_teardown' retrieved from /home/airflow/.local/lib/python3.12/site-packages/airflow/example_dags/example_setup_teardown.py
[2024-08-24T11:31:49.659+0000] {logging_mixin.py:190} INFO - [2024-08-24T11:31:49.658+0000] {dag.py:3211} INFO - Sync 1 DAGs
[2024-08-24T11:31:49.671+0000] {logging_mixin.py:190} INFO - [2024-08-24T11:31:49.671+0000] {dag.py:4138} INFO - Setting next_dagrun for example_setup_teardown to 2024-08-23 00:00:00+00:00, run_after=2024-08-24 00:00:00+00:00
[2024-08-24T11:31:49.679+0000] {processor.py:208} INFO - Processing /home/airflow/.local/lib/python3.12/site-packages/airflow/example_dags/example_setup_teardown.py took 0.043 seconds
[2024-08-24T11:32:19.754+0000] {processor.py:186} INFO - Started process (PID=1464) to work on /home/airflow/.local/lib/python3.12/site-packages/airflow/example_dags/example_setup_teardown.py
[2024-08-24T11:32:19.754+0000] {processor.py:914} INFO - Processing file /home/airflow/.local/lib/python3.12/site-packages/airflow/example_dags/example_setup_teardown.py for tasks to queue
[2024-08-24T11:32:19.755+0000] {logging_mixin.py:190} INFO - [2024-08-24T11:32:19.755+0000] {dagbag.py:587} INFO - Filling up the DagBag from /home/airflow/.local/lib/python3.12/site-packages/airflow/example_dags/example_setup_teardown.py
[2024-08-24T11:32:19.760+0000] {processor.py:925} INFO - DAG(s) 'example_setup_teardown' retrieved from /home/airflow/.local/lib/python3.12/site-packages/airflow/example_dags/example_setup_teardown.py
[2024-08-24T11:32:19.775+0000] {logging_mixin.py:190} INFO - [2024-08-24T11:32:19.775+0000] {dag.py:3211} INFO - Sync 1 DAGs
[2024-08-24T11:32:19.793+0000] {logging_mixin.py:190} INFO - [2024-08-24T11:32:19.793+0000] {dag.py:4138} INFO - Setting next_dagrun for example_setup_teardown to 2024-08-23 00:00:00+00:00, run_after=2024-08-24 00:00:00+00:00
[2024-08-24T11:32:19.807+0000] {processor.py:208} INFO - Processing /home/airflow/.local/lib/python3.12/site-packages/airflow/example_dags/example_setup_teardown.py took 0.056 seconds
[2024-08-24T11:32:50.014+0000] {processor.py:186} INFO - Started process (PID=1526) to work on /home/airflow/.local/lib/python3.12/site-packages/airflow/example_dags/example_setup_teardown.py
[2024-08-24T11:32:50.014+0000] {processor.py:914} INFO - Processing file /home/airflow/.local/lib/python3.12/site-packages/airflow/example_dags/example_setup_teardown.py for tasks to queue
[2024-08-24T11:32:50.016+0000] {logging_mixin.py:190} INFO - [2024-08-24T11:32:50.016+0000] {dagbag.py:587} INFO - Filling up the DagBag from /home/airflow/.local/lib/python3.12/site-packages/airflow/example_dags/example_setup_teardown.py
[2024-08-24T11:32:50.022+0000] {processor.py:925} INFO - DAG(s) 'example_setup_teardown' retrieved from /home/airflow/.local/lib/python3.12/site-packages/airflow/example_dags/example_setup_teardown.py
[2024-08-24T11:32:50.033+0000] {logging_mixin.py:190} INFO - [2024-08-24T11:32:50.033+0000] {dag.py:3211} INFO - Sync 1 DAGs
[2024-08-24T11:32:50.045+0000] {logging_mixin.py:190} INFO - [2024-08-24T11:32:50.045+0000] {dag.py:4138} INFO - Setting next_dagrun for example_setup_teardown to 2024-08-23 00:00:00+00:00, run_after=2024-08-24 00:00:00+00:00
[2024-08-24T11:32:50.054+0000] {processor.py:208} INFO - Processing /home/airflow/.local/lib/python3.12/site-packages/airflow/example_dags/example_setup_teardown.py took 0.045 seconds
[2024-08-24T11:33:20.169+0000] {processor.py:186} INFO - Started process (PID=1588) to work on /home/airflow/.local/lib/python3.12/site-packages/airflow/example_dags/example_setup_teardown.py
[2024-08-24T11:33:20.169+0000] {processor.py:914} INFO - Processing file /home/airflow/.local/lib/python3.12/site-packages/airflow/example_dags/example_setup_teardown.py for tasks to queue
[2024-08-24T11:33:20.170+0000] {logging_mixin.py:190} INFO - [2024-08-24T11:33:20.170+0000] {dagbag.py:587} INFO - Filling up the DagBag from /home/airflow/.local/lib/python3.12/site-packages/airflow/example_dags/example_setup_teardown.py
[2024-08-24T11:33:20.175+0000] {processor.py:925} INFO - DAG(s) 'example_setup_teardown' retrieved from /home/airflow/.local/lib/python3.12/site-packages/airflow/example_dags/example_setup_teardown.py
[2024-08-24T11:33:20.184+0000] {logging_mixin.py:190} INFO - [2024-08-24T11:33:20.184+0000] {dag.py:3211} INFO - Sync 1 DAGs
[2024-08-24T11:33:20.197+0000] {logging_mixin.py:190} INFO - [2024-08-24T11:33:20.197+0000] {dag.py:4138} INFO - Setting next_dagrun for example_setup_teardown to 2024-08-23 00:00:00+00:00, run_after=2024-08-24 00:00:00+00:00
[2024-08-24T11:33:20.206+0000] {processor.py:208} INFO - Processing /home/airflow/.local/lib/python3.12/site-packages/airflow/example_dags/example_setup_teardown.py took 0.040 seconds
[2024-08-24T11:33:50.450+0000] {processor.py:186} INFO - Started process (PID=1650) to work on /home/airflow/.local/lib/python3.12/site-packages/airflow/example_dags/example_setup_teardown.py
[2024-08-24T11:33:50.450+0000] {processor.py:914} INFO - Processing file /home/airflow/.local/lib/python3.12/site-packages/airflow/example_dags/example_setup_teardown.py for tasks to queue
[2024-08-24T11:33:50.451+0000] {logging_mixin.py:190} INFO - [2024-08-24T11:33:50.451+0000] {dagbag.py:587} INFO - Filling up the DagBag from /home/airflow/.local/lib/python3.12/site-packages/airflow/example_dags/example_setup_teardown.py
[2024-08-24T11:33:50.455+0000] {processor.py:925} INFO - DAG(s) 'example_setup_teardown' retrieved from /home/airflow/.local/lib/python3.12/site-packages/airflow/example_dags/example_setup_teardown.py
[2024-08-24T11:33:50.469+0000] {logging_mixin.py:190} INFO - [2024-08-24T11:33:50.469+0000] {dag.py:3211} INFO - Sync 1 DAGs
[2024-08-24T11:33:50.485+0000] {logging_mixin.py:190} INFO - [2024-08-24T11:33:50.485+0000] {dag.py:4138} INFO - Setting next_dagrun for example_setup_teardown to 2024-08-23 00:00:00+00:00, run_after=2024-08-24 00:00:00+00:00
[2024-08-24T11:33:50.499+0000] {processor.py:208} INFO - Processing /home/airflow/.local/lib/python3.12/site-packages/airflow/example_dags/example_setup_teardown.py took 0.053 seconds
[2024-08-24T11:34:20.726+0000] {processor.py:186} INFO - Started process (PID=1712) to work on /home/airflow/.local/lib/python3.12/site-packages/airflow/example_dags/example_setup_teardown.py
[2024-08-24T11:34:20.726+0000] {processor.py:914} INFO - Processing file /home/airflow/.local/lib/python3.12/site-packages/airflow/example_dags/example_setup_teardown.py for tasks to queue
[2024-08-24T11:34:20.728+0000] {logging_mixin.py:190} INFO - [2024-08-24T11:34:20.727+0000] {dagbag.py:587} INFO - Filling up the DagBag from /home/airflow/.local/lib/python3.12/site-packages/airflow/example_dags/example_setup_teardown.py
[2024-08-24T11:34:20.732+0000] {processor.py:925} INFO - DAG(s) 'example_setup_teardown' retrieved from /home/airflow/.local/lib/python3.12/site-packages/airflow/example_dags/example_setup_teardown.py
[2024-08-24T11:34:20.742+0000] {logging_mixin.py:190} INFO - [2024-08-24T11:34:20.742+0000] {dag.py:3211} INFO - Sync 1 DAGs
[2024-08-24T11:34:20.754+0000] {logging_mixin.py:190} INFO - [2024-08-24T11:34:20.754+0000] {dag.py:4138} INFO - Setting next_dagrun for example_setup_teardown to 2024-08-23 00:00:00+00:00, run_after=2024-08-24 00:00:00+00:00
[2024-08-24T11:34:20.763+0000] {processor.py:208} INFO - Processing /home/airflow/.local/lib/python3.12/site-packages/airflow/example_dags/example_setup_teardown.py took 0.040 seconds
[2024-08-24T11:34:50.925+0000] {processor.py:186} INFO - Started process (PID=1774) to work on /home/airflow/.local/lib/python3.12/site-packages/airflow/example_dags/example_setup_teardown.py
[2024-08-24T11:34:50.926+0000] {processor.py:914} INFO - Processing file /home/airflow/.local/lib/python3.12/site-packages/airflow/example_dags/example_setup_teardown.py for tasks to queue
[2024-08-24T11:34:50.927+0000] {logging_mixin.py:190} INFO - [2024-08-24T11:34:50.927+0000] {dagbag.py:587} INFO - Filling up the DagBag from /home/airflow/.local/lib/python3.12/site-packages/airflow/example_dags/example_setup_teardown.py
[2024-08-24T11:34:50.932+0000] {processor.py:925} INFO - DAG(s) 'example_setup_teardown' retrieved from /home/airflow/.local/lib/python3.12/site-packages/airflow/example_dags/example_setup_teardown.py
[2024-08-24T11:34:50.945+0000] {logging_mixin.py:190} INFO - [2024-08-24T11:34:50.944+0000] {dag.py:3211} INFO - Sync 1 DAGs
[2024-08-24T11:34:50.963+0000] {logging_mixin.py:190} INFO - [2024-08-24T11:34:50.963+0000] {dag.py:4138} INFO - Setting next_dagrun for example_setup_teardown to 2024-08-23 00:00:00+00:00, run_after=2024-08-24 00:00:00+00:00
[2024-08-24T11:34:50.976+0000] {processor.py:208} INFO - Processing /home/airflow/.local/lib/python3.12/site-packages/airflow/example_dags/example_setup_teardown.py took 0.055 seconds
[2024-08-24T11:35:21.155+0000] {processor.py:186} INFO - Started process (PID=1836) to work on /home/airflow/.local/lib/python3.12/site-packages/airflow/example_dags/example_setup_teardown.py
[2024-08-24T11:35:21.155+0000] {processor.py:914} INFO - Processing file /home/airflow/.local/lib/python3.12/site-packages/airflow/example_dags/example_setup_teardown.py for tasks to queue
[2024-08-24T11:35:21.156+0000] {logging_mixin.py:190} INFO - [2024-08-24T11:35:21.156+0000] {dagbag.py:587} INFO - Filling up the DagBag from /home/airflow/.local/lib/python3.12/site-packages/airflow/example_dags/example_setup_teardown.py
[2024-08-24T11:35:21.161+0000] {processor.py:925} INFO - DAG(s) 'example_setup_teardown' retrieved from /home/airflow/.local/lib/python3.12/site-packages/airflow/example_dags/example_setup_teardown.py
[2024-08-24T11:35:21.176+0000] {logging_mixin.py:190} INFO - [2024-08-24T11:35:21.176+0000] {dag.py:3211} INFO - Sync 1 DAGs
[2024-08-24T11:35:21.190+0000] {logging_mixin.py:190} INFO - [2024-08-24T11:35:21.190+0000] {dag.py:4138} INFO - Setting next_dagrun for example_setup_teardown to 2024-08-23 00:00:00+00:00, run_after=2024-08-24 00:00:00+00:00
[2024-08-24T11:35:21.204+0000] {processor.py:208} INFO - Processing /home/airflow/.local/lib/python3.12/site-packages/airflow/example_dags/example_setup_teardown.py took 0.053 seconds
[2024-08-24T11:35:51.479+0000] {processor.py:186} INFO - Started process (PID=1898) to work on /home/airflow/.local/lib/python3.12/site-packages/airflow/example_dags/example_setup_teardown.py
[2024-08-24T11:35:51.479+0000] {processor.py:914} INFO - Processing file /home/airflow/.local/lib/python3.12/site-packages/airflow/example_dags/example_setup_teardown.py for tasks to queue
[2024-08-24T11:35:51.480+0000] {logging_mixin.py:190} INFO - [2024-08-24T11:35:51.480+0000] {dagbag.py:587} INFO - Filling up the DagBag from /home/airflow/.local/lib/python3.12/site-packages/airflow/example_dags/example_setup_teardown.py
[2024-08-24T11:35:51.486+0000] {processor.py:925} INFO - DAG(s) 'example_setup_teardown' retrieved from /home/airflow/.local/lib/python3.12/site-packages/airflow/example_dags/example_setup_teardown.py
[2024-08-24T11:35:51.496+0000] {logging_mixin.py:190} INFO - [2024-08-24T11:35:51.496+0000] {dag.py:3211} INFO - Sync 1 DAGs
[2024-08-24T11:35:51.508+0000] {logging_mixin.py:190} INFO - [2024-08-24T11:35:51.508+0000] {dag.py:4138} INFO - Setting next_dagrun for example_setup_teardown to 2024-08-23 00:00:00+00:00, run_after=2024-08-24 00:00:00+00:00
[2024-08-24T11:35:51.518+0000] {processor.py:208} INFO - Processing /home/airflow/.local/lib/python3.12/site-packages/airflow/example_dags/example_setup_teardown.py took 0.044 seconds
[2024-08-24T11:36:21.962+0000] {processor.py:186} INFO - Started process (PID=1960) to work on /home/airflow/.local/lib/python3.12/site-packages/airflow/example_dags/example_setup_teardown.py
[2024-08-24T11:36:21.963+0000] {processor.py:914} INFO - Processing file /home/airflow/.local/lib/python3.12/site-packages/airflow/example_dags/example_setup_teardown.py for tasks to queue
[2024-08-24T11:36:21.964+0000] {logging_mixin.py:190} INFO - [2024-08-24T11:36:21.964+0000] {dagbag.py:587} INFO - Filling up the DagBag from /home/airflow/.local/lib/python3.12/site-packages/airflow/example_dags/example_setup_teardown.py
[2024-08-24T11:36:21.968+0000] {processor.py:925} INFO - DAG(s) 'example_setup_teardown' retrieved from /home/airflow/.local/lib/python3.12/site-packages/airflow/example_dags/example_setup_teardown.py
[2024-08-24T11:36:21.981+0000] {logging_mixin.py:190} INFO - [2024-08-24T11:36:21.980+0000] {dag.py:3211} INFO - Sync 1 DAGs
[2024-08-24T11:36:21.993+0000] {logging_mixin.py:190} INFO - [2024-08-24T11:36:21.993+0000] {dag.py:4138} INFO - Setting next_dagrun for example_setup_teardown to 2024-08-23 00:00:00+00:00, run_after=2024-08-24 00:00:00+00:00
[2024-08-24T11:36:22.002+0000] {processor.py:208} INFO - Processing /home/airflow/.local/lib/python3.12/site-packages/airflow/example_dags/example_setup_teardown.py took 0.045 seconds
[2024-08-24T11:36:52.135+0000] {processor.py:186} INFO - Started process (PID=2022) to work on /home/airflow/.local/lib/python3.12/site-packages/airflow/example_dags/example_setup_teardown.py
[2024-08-24T11:36:52.135+0000] {processor.py:914} INFO - Processing file /home/airflow/.local/lib/python3.12/site-packages/airflow/example_dags/example_setup_teardown.py for tasks to queue
[2024-08-24T11:36:52.137+0000] {logging_mixin.py:190} INFO - [2024-08-24T11:36:52.136+0000] {dagbag.py:587} INFO - Filling up the DagBag from /home/airflow/.local/lib/python3.12/site-packages/airflow/example_dags/example_setup_teardown.py
[2024-08-24T11:36:52.141+0000] {processor.py:925} INFO - DAG(s) 'example_setup_teardown' retrieved from /home/airflow/.local/lib/python3.12/site-packages/airflow/example_dags/example_setup_teardown.py
[2024-08-24T11:36:52.156+0000] {logging_mixin.py:190} INFO - [2024-08-24T11:36:52.155+0000] {dag.py:3211} INFO - Sync 1 DAGs
[2024-08-24T11:36:52.172+0000] {logging_mixin.py:190} INFO - [2024-08-24T11:36:52.171+0000] {dag.py:4138} INFO - Setting next_dagrun for example_setup_teardown to 2024-08-23 00:00:00+00:00, run_after=2024-08-24 00:00:00+00:00
[2024-08-24T11:36:52.185+0000] {processor.py:208} INFO - Processing /home/airflow/.local/lib/python3.12/site-packages/airflow/example_dags/example_setup_teardown.py took 0.053 seconds
[2024-08-24T11:37:22.503+0000] {processor.py:186} INFO - Started process (PID=2084) to work on /home/airflow/.local/lib/python3.12/site-packages/airflow/example_dags/example_setup_teardown.py
[2024-08-24T11:37:22.504+0000] {processor.py:914} INFO - Processing file /home/airflow/.local/lib/python3.12/site-packages/airflow/example_dags/example_setup_teardown.py for tasks to queue
[2024-08-24T11:37:22.505+0000] {logging_mixin.py:190} INFO - [2024-08-24T11:37:22.505+0000] {dagbag.py:587} INFO - Filling up the DagBag from /home/airflow/.local/lib/python3.12/site-packages/airflow/example_dags/example_setup_teardown.py
[2024-08-24T11:37:22.511+0000] {processor.py:925} INFO - DAG(s) 'example_setup_teardown' retrieved from /home/airflow/.local/lib/python3.12/site-packages/airflow/example_dags/example_setup_teardown.py
[2024-08-24T11:37:22.522+0000] {logging_mixin.py:190} INFO - [2024-08-24T11:37:22.522+0000] {dag.py:3211} INFO - Sync 1 DAGs
[2024-08-24T11:37:22.535+0000] {logging_mixin.py:190} INFO - [2024-08-24T11:37:22.535+0000] {dag.py:4138} INFO - Setting next_dagrun for example_setup_teardown to 2024-08-23 00:00:00+00:00, run_after=2024-08-24 00:00:00+00:00
[2024-08-24T11:37:22.544+0000] {processor.py:208} INFO - Processing /home/airflow/.local/lib/python3.12/site-packages/airflow/example_dags/example_setup_teardown.py took 0.045 seconds
[2024-08-24T11:37:53.057+0000] {processor.py:186} INFO - Started process (PID=2147) to work on /home/airflow/.local/lib/python3.12/site-packages/airflow/example_dags/example_setup_teardown.py
[2024-08-24T11:37:53.057+0000] {processor.py:914} INFO - Processing file /home/airflow/.local/lib/python3.12/site-packages/airflow/example_dags/example_setup_teardown.py for tasks to queue
[2024-08-24T11:37:53.058+0000] {logging_mixin.py:190} INFO - [2024-08-24T11:37:53.058+0000] {dagbag.py:587} INFO - Filling up the DagBag from /home/airflow/.local/lib/python3.12/site-packages/airflow/example_dags/example_setup_teardown.py
[2024-08-24T11:37:53.062+0000] {processor.py:925} INFO - DAG(s) 'example_setup_teardown' retrieved from /home/airflow/.local/lib/python3.12/site-packages/airflow/example_dags/example_setup_teardown.py
[2024-08-24T11:37:53.076+0000] {logging_mixin.py:190} INFO - [2024-08-24T11:37:53.076+0000] {dag.py:3211} INFO - Sync 1 DAGs
[2024-08-24T11:37:53.102+0000] {logging_mixin.py:190} INFO - [2024-08-24T11:37:53.102+0000] {dag.py:4138} INFO - Setting next_dagrun for example_setup_teardown to 2024-08-23 00:00:00+00:00, run_after=2024-08-24 00:00:00+00:00
[2024-08-24T11:37:53.119+0000] {processor.py:208} INFO - Processing /home/airflow/.local/lib/python3.12/site-packages/airflow/example_dags/example_setup_teardown.py took 0.066 seconds
[2024-08-24T11:38:23.632+0000] {processor.py:186} INFO - Started process (PID=2209) to work on /home/airflow/.local/lib/python3.12/site-packages/airflow/example_dags/example_setup_teardown.py
[2024-08-24T11:38:23.633+0000] {processor.py:914} INFO - Processing file /home/airflow/.local/lib/python3.12/site-packages/airflow/example_dags/example_setup_teardown.py for tasks to queue
[2024-08-24T11:38:23.634+0000] {logging_mixin.py:190} INFO - [2024-08-24T11:38:23.634+0000] {dagbag.py:587} INFO - Filling up the DagBag from /home/airflow/.local/lib/python3.12/site-packages/airflow/example_dags/example_setup_teardown.py
[2024-08-24T11:38:23.640+0000] {processor.py:925} INFO - DAG(s) 'example_setup_teardown' retrieved from /home/airflow/.local/lib/python3.12/site-packages/airflow/example_dags/example_setup_teardown.py
[2024-08-24T11:38:23.652+0000] {logging_mixin.py:190} INFO - [2024-08-24T11:38:23.652+0000] {dag.py:3211} INFO - Sync 1 DAGs
[2024-08-24T11:38:23.665+0000] {logging_mixin.py:190} INFO - [2024-08-24T11:38:23.665+0000] {dag.py:4138} INFO - Setting next_dagrun for example_setup_teardown to 2024-08-23 00:00:00+00:00, run_after=2024-08-24 00:00:00+00:00
[2024-08-24T11:38:23.673+0000] {processor.py:208} INFO - Processing /home/airflow/.local/lib/python3.12/site-packages/airflow/example_dags/example_setup_teardown.py took 0.047 seconds
[2024-08-24T11:38:54.063+0000] {processor.py:186} INFO - Started process (PID=2270) to work on /home/airflow/.local/lib/python3.12/site-packages/airflow/example_dags/example_setup_teardown.py
[2024-08-24T11:38:54.064+0000] {processor.py:914} INFO - Processing file /home/airflow/.local/lib/python3.12/site-packages/airflow/example_dags/example_setup_teardown.py for tasks to queue
[2024-08-24T11:38:54.065+0000] {logging_mixin.py:190} INFO - [2024-08-24T11:38:54.064+0000] {dagbag.py:587} INFO - Filling up the DagBag from /home/airflow/.local/lib/python3.12/site-packages/airflow/example_dags/example_setup_teardown.py
[2024-08-24T11:38:54.069+0000] {processor.py:925} INFO - DAG(s) 'example_setup_teardown' retrieved from /home/airflow/.local/lib/python3.12/site-packages/airflow/example_dags/example_setup_teardown.py
[2024-08-24T11:38:54.081+0000] {logging_mixin.py:190} INFO - [2024-08-24T11:38:54.081+0000] {dag.py:3211} INFO - Sync 1 DAGs
[2024-08-24T11:38:54.093+0000] {logging_mixin.py:190} INFO - [2024-08-24T11:38:54.092+0000] {dag.py:4138} INFO - Setting next_dagrun for example_setup_teardown to 2024-08-23 00:00:00+00:00, run_after=2024-08-24 00:00:00+00:00
[2024-08-24T11:38:54.101+0000] {processor.py:208} INFO - Processing /home/airflow/.local/lib/python3.12/site-packages/airflow/example_dags/example_setup_teardown.py took 0.041 seconds
[2024-08-24T11:39:24.826+0000] {processor.py:186} INFO - Started process (PID=2332) to work on /home/airflow/.local/lib/python3.12/site-packages/airflow/example_dags/example_setup_teardown.py
[2024-08-24T11:39:24.827+0000] {processor.py:914} INFO - Processing file /home/airflow/.local/lib/python3.12/site-packages/airflow/example_dags/example_setup_teardown.py for tasks to queue
[2024-08-24T11:39:24.828+0000] {logging_mixin.py:190} INFO - [2024-08-24T11:39:24.828+0000] {dagbag.py:587} INFO - Filling up the DagBag from /home/airflow/.local/lib/python3.12/site-packages/airflow/example_dags/example_setup_teardown.py
[2024-08-24T11:39:24.834+0000] {processor.py:925} INFO - DAG(s) 'example_setup_teardown' retrieved from /home/airflow/.local/lib/python3.12/site-packages/airflow/example_dags/example_setup_teardown.py
[2024-08-24T11:39:24.852+0000] {logging_mixin.py:190} INFO - [2024-08-24T11:39:24.852+0000] {dag.py:3211} INFO - Sync 1 DAGs
[2024-08-24T11:39:24.866+0000] {logging_mixin.py:190} INFO - [2024-08-24T11:39:24.866+0000] {dag.py:4138} INFO - Setting next_dagrun for example_setup_teardown to 2024-08-23 00:00:00+00:00, run_after=2024-08-24 00:00:00+00:00
[2024-08-24T11:39:24.874+0000] {processor.py:208} INFO - Processing /home/airflow/.local/lib/python3.12/site-packages/airflow/example_dags/example_setup_teardown.py took 0.053 seconds
[2024-08-24T11:39:55.260+0000] {processor.py:186} INFO - Started process (PID=2394) to work on /home/airflow/.local/lib/python3.12/site-packages/airflow/example_dags/example_setup_teardown.py
[2024-08-24T11:39:55.260+0000] {processor.py:914} INFO - Processing file /home/airflow/.local/lib/python3.12/site-packages/airflow/example_dags/example_setup_teardown.py for tasks to queue
[2024-08-24T11:39:55.261+0000] {logging_mixin.py:190} INFO - [2024-08-24T11:39:55.261+0000] {dagbag.py:587} INFO - Filling up the DagBag from /home/airflow/.local/lib/python3.12/site-packages/airflow/example_dags/example_setup_teardown.py
[2024-08-24T11:39:55.266+0000] {processor.py:925} INFO - DAG(s) 'example_setup_teardown' retrieved from /home/airflow/.local/lib/python3.12/site-packages/airflow/example_dags/example_setup_teardown.py
[2024-08-24T11:39:55.278+0000] {logging_mixin.py:190} INFO - [2024-08-24T11:39:55.278+0000] {dag.py:3211} INFO - Sync 1 DAGs
[2024-08-24T11:39:55.289+0000] {logging_mixin.py:190} INFO - [2024-08-24T11:39:55.289+0000] {dag.py:4138} INFO - Setting next_dagrun for example_setup_teardown to 2024-08-23 00:00:00+00:00, run_after=2024-08-24 00:00:00+00:00
[2024-08-24T11:39:55.298+0000] {processor.py:208} INFO - Processing /home/airflow/.local/lib/python3.12/site-packages/airflow/example_dags/example_setup_teardown.py took 0.041 seconds
[2024-08-24T11:40:25.852+0000] {processor.py:186} INFO - Started process (PID=2456) to work on /home/airflow/.local/lib/python3.12/site-packages/airflow/example_dags/example_setup_teardown.py
[2024-08-24T11:40:25.853+0000] {processor.py:914} INFO - Processing file /home/airflow/.local/lib/python3.12/site-packages/airflow/example_dags/example_setup_teardown.py for tasks to queue
[2024-08-24T11:40:25.855+0000] {logging_mixin.py:190} INFO - [2024-08-24T11:40:25.855+0000] {dagbag.py:587} INFO - Filling up the DagBag from /home/airflow/.local/lib/python3.12/site-packages/airflow/example_dags/example_setup_teardown.py
[2024-08-24T11:40:25.861+0000] {processor.py:925} INFO - DAG(s) 'example_setup_teardown' retrieved from /home/airflow/.local/lib/python3.12/site-packages/airflow/example_dags/example_setup_teardown.py
[2024-08-24T11:40:25.876+0000] {logging_mixin.py:190} INFO - [2024-08-24T11:40:25.876+0000] {dag.py:3211} INFO - Sync 1 DAGs
[2024-08-24T11:40:25.905+0000] {logging_mixin.py:190} INFO - [2024-08-24T11:40:25.905+0000] {dag.py:4138} INFO - Setting next_dagrun for example_setup_teardown to 2024-08-23 00:00:00+00:00, run_after=2024-08-24 00:00:00+00:00
[2024-08-24T11:40:25.914+0000] {processor.py:208} INFO - Processing /home/airflow/.local/lib/python3.12/site-packages/airflow/example_dags/example_setup_teardown.py took 0.066 seconds
[2024-08-24T11:40:56.483+0000] {processor.py:186} INFO - Started process (PID=2518) to work on /home/airflow/.local/lib/python3.12/site-packages/airflow/example_dags/example_setup_teardown.py
[2024-08-24T11:40:56.483+0000] {processor.py:914} INFO - Processing file /home/airflow/.local/lib/python3.12/site-packages/airflow/example_dags/example_setup_teardown.py for tasks to queue
[2024-08-24T11:40:56.484+0000] {logging_mixin.py:190} INFO - [2024-08-24T11:40:56.484+0000] {dagbag.py:587} INFO - Filling up the DagBag from /home/airflow/.local/lib/python3.12/site-packages/airflow/example_dags/example_setup_teardown.py
[2024-08-24T11:40:56.489+0000] {processor.py:925} INFO - DAG(s) 'example_setup_teardown' retrieved from /home/airflow/.local/lib/python3.12/site-packages/airflow/example_dags/example_setup_teardown.py
[2024-08-24T11:40:56.501+0000] {logging_mixin.py:190} INFO - [2024-08-24T11:40:56.501+0000] {dag.py:3211} INFO - Sync 1 DAGs
[2024-08-24T11:40:56.520+0000] {logging_mixin.py:190} INFO - [2024-08-24T11:40:56.519+0000] {dag.py:4138} INFO - Setting next_dagrun for example_setup_teardown to 2024-08-23 00:00:00+00:00, run_after=2024-08-24 00:00:00+00:00
[2024-08-24T11:40:56.534+0000] {processor.py:208} INFO - Processing /home/airflow/.local/lib/python3.12/site-packages/airflow/example_dags/example_setup_teardown.py took 0.054 seconds
[2024-08-24T11:41:27.064+0000] {processor.py:186} INFO - Started process (PID=2580) to work on /home/airflow/.local/lib/python3.12/site-packages/airflow/example_dags/example_setup_teardown.py
[2024-08-24T11:41:27.065+0000] {processor.py:914} INFO - Processing file /home/airflow/.local/lib/python3.12/site-packages/airflow/example_dags/example_setup_teardown.py for tasks to queue
[2024-08-24T11:41:27.066+0000] {logging_mixin.py:190} INFO - [2024-08-24T11:41:27.066+0000] {dagbag.py:587} INFO - Filling up the DagBag from /home/airflow/.local/lib/python3.12/site-packages/airflow/example_dags/example_setup_teardown.py
[2024-08-24T11:41:27.070+0000] {processor.py:925} INFO - DAG(s) 'example_setup_teardown' retrieved from /home/airflow/.local/lib/python3.12/site-packages/airflow/example_dags/example_setup_teardown.py
[2024-08-24T11:41:27.082+0000] {logging_mixin.py:190} INFO - [2024-08-24T11:41:27.082+0000] {dag.py:3211} INFO - Sync 1 DAGs
[2024-08-24T11:41:27.094+0000] {logging_mixin.py:190} INFO - [2024-08-24T11:41:27.094+0000] {dag.py:4138} INFO - Setting next_dagrun for example_setup_teardown to 2024-08-23 00:00:00+00:00, run_after=2024-08-24 00:00:00+00:00
[2024-08-24T11:41:27.102+0000] {processor.py:208} INFO - Processing /home/airflow/.local/lib/python3.12/site-packages/airflow/example_dags/example_setup_teardown.py took 0.043 seconds
[2024-08-24T11:41:57.529+0000] {processor.py:186} INFO - Started process (PID=2642) to work on /home/airflow/.local/lib/python3.12/site-packages/airflow/example_dags/example_setup_teardown.py
[2024-08-24T11:41:57.529+0000] {processor.py:914} INFO - Processing file /home/airflow/.local/lib/python3.12/site-packages/airflow/example_dags/example_setup_teardown.py for tasks to queue
[2024-08-24T11:41:57.531+0000] {logging_mixin.py:190} INFO - [2024-08-24T11:41:57.530+0000] {dagbag.py:587} INFO - Filling up the DagBag from /home/airflow/.local/lib/python3.12/site-packages/airflow/example_dags/example_setup_teardown.py
[2024-08-24T11:41:57.537+0000] {processor.py:925} INFO - DAG(s) 'example_setup_teardown' retrieved from /home/airflow/.local/lib/python3.12/site-packages/airflow/example_dags/example_setup_teardown.py
[2024-08-24T11:41:57.548+0000] {logging_mixin.py:190} INFO - [2024-08-24T11:41:57.548+0000] {dag.py:3211} INFO - Sync 1 DAGs
[2024-08-24T11:41:57.560+0000] {logging_mixin.py:190} INFO - [2024-08-24T11:41:57.559+0000] {dag.py:4138} INFO - Setting next_dagrun for example_setup_teardown to 2024-08-23 00:00:00+00:00, run_after=2024-08-24 00:00:00+00:00
[2024-08-24T11:41:57.568+0000] {processor.py:208} INFO - Processing /home/airflow/.local/lib/python3.12/site-packages/airflow/example_dags/example_setup_teardown.py took 0.044 seconds
[2024-08-24T11:42:27.953+0000] {processor.py:186} INFO - Started process (PID=2704) to work on /home/airflow/.local/lib/python3.12/site-packages/airflow/example_dags/example_setup_teardown.py
[2024-08-24T11:42:27.953+0000] {processor.py:914} INFO - Processing file /home/airflow/.local/lib/python3.12/site-packages/airflow/example_dags/example_setup_teardown.py for tasks to queue
[2024-08-24T11:42:27.955+0000] {logging_mixin.py:190} INFO - [2024-08-24T11:42:27.955+0000] {dagbag.py:587} INFO - Filling up the DagBag from /home/airflow/.local/lib/python3.12/site-packages/airflow/example_dags/example_setup_teardown.py
[2024-08-24T11:42:27.960+0000] {processor.py:925} INFO - DAG(s) 'example_setup_teardown' retrieved from /home/airflow/.local/lib/python3.12/site-packages/airflow/example_dags/example_setup_teardown.py
[2024-08-24T11:42:27.974+0000] {logging_mixin.py:190} INFO - [2024-08-24T11:42:27.974+0000] {dag.py:3211} INFO - Sync 1 DAGs
[2024-08-24T11:42:27.994+0000] {logging_mixin.py:190} INFO - [2024-08-24T11:42:27.994+0000] {dag.py:4138} INFO - Setting next_dagrun for example_setup_teardown to 2024-08-23 00:00:00+00:00, run_after=2024-08-24 00:00:00+00:00
[2024-08-24T11:42:28.009+0000] {processor.py:208} INFO - Processing /home/airflow/.local/lib/python3.12/site-packages/airflow/example_dags/example_setup_teardown.py took 0.061 seconds
[2024-08-24T11:42:58.433+0000] {processor.py:186} INFO - Started process (PID=2766) to work on /home/airflow/.local/lib/python3.12/site-packages/airflow/example_dags/example_setup_teardown.py
[2024-08-24T11:42:58.434+0000] {processor.py:914} INFO - Processing file /home/airflow/.local/lib/python3.12/site-packages/airflow/example_dags/example_setup_teardown.py for tasks to queue
[2024-08-24T11:42:58.435+0000] {logging_mixin.py:190} INFO - [2024-08-24T11:42:58.435+0000] {dagbag.py:587} INFO - Filling up the DagBag from /home/airflow/.local/lib/python3.12/site-packages/airflow/example_dags/example_setup_teardown.py
[2024-08-24T11:42:58.440+0000] {processor.py:925} INFO - DAG(s) 'example_setup_teardown' retrieved from /home/airflow/.local/lib/python3.12/site-packages/airflow/example_dags/example_setup_teardown.py
[2024-08-24T11:42:58.454+0000] {logging_mixin.py:190} INFO - [2024-08-24T11:42:58.454+0000] {dag.py:3211} INFO - Sync 1 DAGs
[2024-08-24T11:42:58.472+0000] {logging_mixin.py:190} INFO - [2024-08-24T11:42:58.472+0000] {dag.py:4138} INFO - Setting next_dagrun for example_setup_teardown to 2024-08-23 00:00:00+00:00, run_after=2024-08-24 00:00:00+00:00
[2024-08-24T11:42:58.480+0000] {processor.py:208} INFO - Processing /home/airflow/.local/lib/python3.12/site-packages/airflow/example_dags/example_setup_teardown.py took 0.051 seconds
[2024-08-24T11:43:28.849+0000] {processor.py:186} INFO - Started process (PID=2828) to work on /home/airflow/.local/lib/python3.12/site-packages/airflow/example_dags/example_setup_teardown.py
[2024-08-24T11:43:28.850+0000] {processor.py:914} INFO - Processing file /home/airflow/.local/lib/python3.12/site-packages/airflow/example_dags/example_setup_teardown.py for tasks to queue
[2024-08-24T11:43:28.851+0000] {logging_mixin.py:190} INFO - [2024-08-24T11:43:28.851+0000] {dagbag.py:587} INFO - Filling up the DagBag from /home/airflow/.local/lib/python3.12/site-packages/airflow/example_dags/example_setup_teardown.py
[2024-08-24T11:43:28.855+0000] {processor.py:925} INFO - DAG(s) 'example_setup_teardown' retrieved from /home/airflow/.local/lib/python3.12/site-packages/airflow/example_dags/example_setup_teardown.py
[2024-08-24T11:43:28.868+0000] {logging_mixin.py:190} INFO - [2024-08-24T11:43:28.867+0000] {dag.py:3211} INFO - Sync 1 DAGs
[2024-08-24T11:43:28.884+0000] {logging_mixin.py:190} INFO - [2024-08-24T11:43:28.883+0000] {dag.py:4138} INFO - Setting next_dagrun for example_setup_teardown to 2024-08-23 00:00:00+00:00, run_after=2024-08-24 00:00:00+00:00
[2024-08-24T11:43:28.897+0000] {processor.py:208} INFO - Processing /home/airflow/.local/lib/python3.12/site-packages/airflow/example_dags/example_setup_teardown.py took 0.050 seconds
[2024-08-24T11:43:59.509+0000] {processor.py:186} INFO - Started process (PID=2890) to work on /home/airflow/.local/lib/python3.12/site-packages/airflow/example_dags/example_setup_teardown.py
[2024-08-24T11:43:59.510+0000] {processor.py:914} INFO - Processing file /home/airflow/.local/lib/python3.12/site-packages/airflow/example_dags/example_setup_teardown.py for tasks to queue
[2024-08-24T11:43:59.511+0000] {logging_mixin.py:190} INFO - [2024-08-24T11:43:59.511+0000] {dagbag.py:587} INFO - Filling up the DagBag from /home/airflow/.local/lib/python3.12/site-packages/airflow/example_dags/example_setup_teardown.py
[2024-08-24T11:43:59.517+0000] {processor.py:925} INFO - DAG(s) 'example_setup_teardown' retrieved from /home/airflow/.local/lib/python3.12/site-packages/airflow/example_dags/example_setup_teardown.py
[2024-08-24T11:43:59.530+0000] {logging_mixin.py:190} INFO - [2024-08-24T11:43:59.530+0000] {dag.py:3211} INFO - Sync 1 DAGs
[2024-08-24T11:43:59.546+0000] {logging_mixin.py:190} INFO - [2024-08-24T11:43:59.546+0000] {dag.py:4138} INFO - Setting next_dagrun for example_setup_teardown to 2024-08-23 00:00:00+00:00, run_after=2024-08-24 00:00:00+00:00
[2024-08-24T11:43:59.559+0000] {processor.py:208} INFO - Processing /home/airflow/.local/lib/python3.12/site-packages/airflow/example_dags/example_setup_teardown.py took 0.054 seconds
[2024-08-24T11:44:29.831+0000] {processor.py:186} INFO - Started process (PID=2952) to work on /home/airflow/.local/lib/python3.12/site-packages/airflow/example_dags/example_setup_teardown.py
[2024-08-24T11:44:29.832+0000] {processor.py:914} INFO - Processing file /home/airflow/.local/lib/python3.12/site-packages/airflow/example_dags/example_setup_teardown.py for tasks to queue
[2024-08-24T11:44:29.833+0000] {logging_mixin.py:190} INFO - [2024-08-24T11:44:29.833+0000] {dagbag.py:587} INFO - Filling up the DagBag from /home/airflow/.local/lib/python3.12/site-packages/airflow/example_dags/example_setup_teardown.py
[2024-08-24T11:44:29.840+0000] {processor.py:925} INFO - DAG(s) 'example_setup_teardown' retrieved from /home/airflow/.local/lib/python3.12/site-packages/airflow/example_dags/example_setup_teardown.py
[2024-08-24T11:44:29.853+0000] {logging_mixin.py:190} INFO - [2024-08-24T11:44:29.853+0000] {dag.py:3211} INFO - Sync 1 DAGs
[2024-08-24T11:44:29.871+0000] {logging_mixin.py:190} INFO - [2024-08-24T11:44:29.871+0000] {dag.py:4138} INFO - Setting next_dagrun for example_setup_teardown to 2024-08-23 00:00:00+00:00, run_after=2024-08-24 00:00:00+00:00
[2024-08-24T11:44:29.886+0000] {processor.py:208} INFO - Processing /home/airflow/.local/lib/python3.12/site-packages/airflow/example_dags/example_setup_teardown.py took 0.059 seconds
[2024-08-24T11:45:00.874+0000] {processor.py:186} INFO - Started process (PID=3015) to work on /home/airflow/.local/lib/python3.12/site-packages/airflow/example_dags/example_setup_teardown.py
[2024-08-24T11:45:00.874+0000] {processor.py:914} INFO - Processing file /home/airflow/.local/lib/python3.12/site-packages/airflow/example_dags/example_setup_teardown.py for tasks to queue
[2024-08-24T11:45:00.876+0000] {logging_mixin.py:190} INFO - [2024-08-24T11:45:00.876+0000] {dagbag.py:587} INFO - Filling up the DagBag from /home/airflow/.local/lib/python3.12/site-packages/airflow/example_dags/example_setup_teardown.py
[2024-08-24T11:45:00.881+0000] {processor.py:925} INFO - DAG(s) 'example_setup_teardown' retrieved from /home/airflow/.local/lib/python3.12/site-packages/airflow/example_dags/example_setup_teardown.py
[2024-08-24T11:45:00.897+0000] {logging_mixin.py:190} INFO - [2024-08-24T11:45:00.896+0000] {dag.py:3211} INFO - Sync 1 DAGs
[2024-08-24T11:45:01.005+0000] {logging_mixin.py:190} INFO - [2024-08-24T11:45:01.005+0000] {dag.py:4138} INFO - Setting next_dagrun for example_setup_teardown to 2024-08-23 00:00:00+00:00, run_after=2024-08-24 00:00:00+00:00
[2024-08-24T11:45:01.014+0000] {processor.py:208} INFO - Processing /home/airflow/.local/lib/python3.12/site-packages/airflow/example_dags/example_setup_teardown.py took 0.144 seconds
[2024-08-24T11:45:31.714+0000] {processor.py:186} INFO - Started process (PID=3078) to work on /home/airflow/.local/lib/python3.12/site-packages/airflow/example_dags/example_setup_teardown.py
[2024-08-24T11:45:31.714+0000] {processor.py:914} INFO - Processing file /home/airflow/.local/lib/python3.12/site-packages/airflow/example_dags/example_setup_teardown.py for tasks to queue
[2024-08-24T11:45:31.715+0000] {logging_mixin.py:190} INFO - [2024-08-24T11:45:31.715+0000] {dagbag.py:587} INFO - Filling up the DagBag from /home/airflow/.local/lib/python3.12/site-packages/airflow/example_dags/example_setup_teardown.py
[2024-08-24T11:45:31.719+0000] {processor.py:925} INFO - DAG(s) 'example_setup_teardown' retrieved from /home/airflow/.local/lib/python3.12/site-packages/airflow/example_dags/example_setup_teardown.py
[2024-08-24T11:45:31.734+0000] {logging_mixin.py:190} INFO - [2024-08-24T11:45:31.734+0000] {dag.py:3211} INFO - Sync 1 DAGs
[2024-08-24T11:45:31.753+0000] {logging_mixin.py:190} INFO - [2024-08-24T11:45:31.753+0000] {dag.py:4138} INFO - Setting next_dagrun for example_setup_teardown to 2024-08-23 00:00:00+00:00, run_after=2024-08-24 00:00:00+00:00
[2024-08-24T11:45:31.768+0000] {processor.py:208} INFO - Processing /home/airflow/.local/lib/python3.12/site-packages/airflow/example_dags/example_setup_teardown.py took 0.058 seconds
[2024-08-24T11:46:01.866+0000] {processor.py:186} INFO - Started process (PID=3139) to work on /home/airflow/.local/lib/python3.12/site-packages/airflow/example_dags/example_setup_teardown.py
[2024-08-24T11:46:01.867+0000] {processor.py:914} INFO - Processing file /home/airflow/.local/lib/python3.12/site-packages/airflow/example_dags/example_setup_teardown.py for tasks to queue
[2024-08-24T11:46:01.868+0000] {logging_mixin.py:190} INFO - [2024-08-24T11:46:01.867+0000] {dagbag.py:587} INFO - Filling up the DagBag from /home/airflow/.local/lib/python3.12/site-packages/airflow/example_dags/example_setup_teardown.py
[2024-08-24T11:46:01.872+0000] {processor.py:925} INFO - DAG(s) 'example_setup_teardown' retrieved from /home/airflow/.local/lib/python3.12/site-packages/airflow/example_dags/example_setup_teardown.py
[2024-08-24T11:46:01.882+0000] {logging_mixin.py:190} INFO - [2024-08-24T11:46:01.882+0000] {dag.py:3211} INFO - Sync 1 DAGs
[2024-08-24T11:46:01.894+0000] {logging_mixin.py:190} INFO - [2024-08-24T11:46:01.894+0000] {dag.py:4138} INFO - Setting next_dagrun for example_setup_teardown to 2024-08-23 00:00:00+00:00, run_after=2024-08-24 00:00:00+00:00
[2024-08-24T11:46:01.903+0000] {processor.py:208} INFO - Processing /home/airflow/.local/lib/python3.12/site-packages/airflow/example_dags/example_setup_teardown.py took 0.041 seconds
[2024-08-24T11:46:32.810+0000] {processor.py:186} INFO - Started process (PID=3202) to work on /home/airflow/.local/lib/python3.12/site-packages/airflow/example_dags/example_setup_teardown.py
[2024-08-24T11:46:32.811+0000] {processor.py:914} INFO - Processing file /home/airflow/.local/lib/python3.12/site-packages/airflow/example_dags/example_setup_teardown.py for tasks to queue
[2024-08-24T11:46:32.812+0000] {logging_mixin.py:190} INFO - [2024-08-24T11:46:32.812+0000] {dagbag.py:587} INFO - Filling up the DagBag from /home/airflow/.local/lib/python3.12/site-packages/airflow/example_dags/example_setup_teardown.py
[2024-08-24T11:46:32.816+0000] {processor.py:925} INFO - DAG(s) 'example_setup_teardown' retrieved from /home/airflow/.local/lib/python3.12/site-packages/airflow/example_dags/example_setup_teardown.py
[2024-08-24T11:46:32.830+0000] {logging_mixin.py:190} INFO - [2024-08-24T11:46:32.830+0000] {dag.py:3211} INFO - Sync 1 DAGs
[2024-08-24T11:46:32.844+0000] {logging_mixin.py:190} INFO - [2024-08-24T11:46:32.844+0000] {dag.py:4138} INFO - Setting next_dagrun for example_setup_teardown to 2024-08-23 00:00:00+00:00, run_after=2024-08-24 00:00:00+00:00
[2024-08-24T11:46:32.853+0000] {processor.py:208} INFO - Processing /home/airflow/.local/lib/python3.12/site-packages/airflow/example_dags/example_setup_teardown.py took 0.046 seconds
[2024-08-24T11:47:03.992+0000] {processor.py:186} INFO - Started process (PID=3264) to work on /home/airflow/.local/lib/python3.12/site-packages/airflow/example_dags/example_setup_teardown.py
[2024-08-24T11:47:03.992+0000] {processor.py:914} INFO - Processing file /home/airflow/.local/lib/python3.12/site-packages/airflow/example_dags/example_setup_teardown.py for tasks to queue
[2024-08-24T11:47:03.994+0000] {logging_mixin.py:190} INFO - [2024-08-24T11:47:03.993+0000] {dagbag.py:587} INFO - Filling up the DagBag from /home/airflow/.local/lib/python3.12/site-packages/airflow/example_dags/example_setup_teardown.py
[2024-08-24T11:47:04.093+0000] {processor.py:925} INFO - DAG(s) 'example_setup_teardown' retrieved from /home/airflow/.local/lib/python3.12/site-packages/airflow/example_dags/example_setup_teardown.py
[2024-08-24T11:47:04.103+0000] {logging_mixin.py:190} INFO - [2024-08-24T11:47:04.103+0000] {dag.py:3211} INFO - Sync 1 DAGs
[2024-08-24T11:47:04.115+0000] {logging_mixin.py:190} INFO - [2024-08-24T11:47:04.114+0000] {dag.py:4138} INFO - Setting next_dagrun for example_setup_teardown to 2024-08-23 00:00:00+00:00, run_after=2024-08-24 00:00:00+00:00
[2024-08-24T11:47:04.124+0000] {processor.py:208} INFO - Processing /home/airflow/.local/lib/python3.12/site-packages/airflow/example_dags/example_setup_teardown.py took 0.138 seconds
[2024-08-24T11:47:34.635+0000] {processor.py:186} INFO - Started process (PID=3326) to work on /home/airflow/.local/lib/python3.12/site-packages/airflow/example_dags/example_setup_teardown.py
[2024-08-24T11:47:34.636+0000] {processor.py:914} INFO - Processing file /home/airflow/.local/lib/python3.12/site-packages/airflow/example_dags/example_setup_teardown.py for tasks to queue
[2024-08-24T11:47:34.637+0000] {logging_mixin.py:190} INFO - [2024-08-24T11:47:34.637+0000] {dagbag.py:587} INFO - Filling up the DagBag from /home/airflow/.local/lib/python3.12/site-packages/airflow/example_dags/example_setup_teardown.py
[2024-08-24T11:47:34.643+0000] {processor.py:925} INFO - DAG(s) 'example_setup_teardown' retrieved from /home/airflow/.local/lib/python3.12/site-packages/airflow/example_dags/example_setup_teardown.py
[2024-08-24T11:47:34.655+0000] {logging_mixin.py:190} INFO - [2024-08-24T11:47:34.655+0000] {dag.py:3211} INFO - Sync 1 DAGs
[2024-08-24T11:47:34.667+0000] {logging_mixin.py:190} INFO - [2024-08-24T11:47:34.667+0000] {dag.py:4138} INFO - Setting next_dagrun for example_setup_teardown to 2024-08-23 00:00:00+00:00, run_after=2024-08-24 00:00:00+00:00
[2024-08-24T11:47:34.679+0000] {processor.py:208} INFO - Processing /home/airflow/.local/lib/python3.12/site-packages/airflow/example_dags/example_setup_teardown.py took 0.047 seconds
[2024-08-24T11:48:05.001+0000] {processor.py:186} INFO - Started process (PID=3388) to work on /home/airflow/.local/lib/python3.12/site-packages/airflow/example_dags/example_setup_teardown.py
[2024-08-24T11:48:05.002+0000] {processor.py:914} INFO - Processing file /home/airflow/.local/lib/python3.12/site-packages/airflow/example_dags/example_setup_teardown.py for tasks to queue
[2024-08-24T11:48:05.004+0000] {logging_mixin.py:190} INFO - [2024-08-24T11:48:05.004+0000] {dagbag.py:587} INFO - Filling up the DagBag from /home/airflow/.local/lib/python3.12/site-packages/airflow/example_dags/example_setup_teardown.py
[2024-08-24T11:48:05.011+0000] {processor.py:925} INFO - DAG(s) 'example_setup_teardown' retrieved from /home/airflow/.local/lib/python3.12/site-packages/airflow/example_dags/example_setup_teardown.py
[2024-08-24T11:48:05.027+0000] {logging_mixin.py:190} INFO - [2024-08-24T11:48:05.027+0000] {dag.py:3211} INFO - Sync 1 DAGs
[2024-08-24T11:48:05.046+0000] {logging_mixin.py:190} INFO - [2024-08-24T11:48:05.045+0000] {dag.py:4138} INFO - Setting next_dagrun for example_setup_teardown to 2024-08-23 00:00:00+00:00, run_after=2024-08-24 00:00:00+00:00
[2024-08-24T11:48:05.059+0000] {processor.py:208} INFO - Processing /home/airflow/.local/lib/python3.12/site-packages/airflow/example_dags/example_setup_teardown.py took 0.065 seconds
[2024-08-24T11:48:35.242+0000] {processor.py:186} INFO - Started process (PID=3450) to work on /home/airflow/.local/lib/python3.12/site-packages/airflow/example_dags/example_setup_teardown.py
[2024-08-24T11:48:35.243+0000] {processor.py:914} INFO - Processing file /home/airflow/.local/lib/python3.12/site-packages/airflow/example_dags/example_setup_teardown.py for tasks to queue
[2024-08-24T11:48:35.245+0000] {logging_mixin.py:190} INFO - [2024-08-24T11:48:35.244+0000] {dagbag.py:587} INFO - Filling up the DagBag from /home/airflow/.local/lib/python3.12/site-packages/airflow/example_dags/example_setup_teardown.py
[2024-08-24T11:48:35.249+0000] {processor.py:925} INFO - DAG(s) 'example_setup_teardown' retrieved from /home/airflow/.local/lib/python3.12/site-packages/airflow/example_dags/example_setup_teardown.py
[2024-08-24T11:48:35.260+0000] {logging_mixin.py:190} INFO - [2024-08-24T11:48:35.260+0000] {dag.py:3211} INFO - Sync 1 DAGs
[2024-08-24T11:48:35.272+0000] {logging_mixin.py:190} INFO - [2024-08-24T11:48:35.272+0000] {dag.py:4138} INFO - Setting next_dagrun for example_setup_teardown to 2024-08-23 00:00:00+00:00, run_after=2024-08-24 00:00:00+00:00
[2024-08-24T11:48:35.281+0000] {processor.py:208} INFO - Processing /home/airflow/.local/lib/python3.12/site-packages/airflow/example_dags/example_setup_teardown.py took 0.044 seconds
[2024-08-24T11:49:05.539+0000] {processor.py:186} INFO - Started process (PID=3512) to work on /home/airflow/.local/lib/python3.12/site-packages/airflow/example_dags/example_setup_teardown.py
[2024-08-24T11:49:05.539+0000] {processor.py:914} INFO - Processing file /home/airflow/.local/lib/python3.12/site-packages/airflow/example_dags/example_setup_teardown.py for tasks to queue
[2024-08-24T11:49:05.540+0000] {logging_mixin.py:190} INFO - [2024-08-24T11:49:05.540+0000] {dagbag.py:587} INFO - Filling up the DagBag from /home/airflow/.local/lib/python3.12/site-packages/airflow/example_dags/example_setup_teardown.py
[2024-08-24T11:49:05.545+0000] {processor.py:925} INFO - DAG(s) 'example_setup_teardown' retrieved from /home/airflow/.local/lib/python3.12/site-packages/airflow/example_dags/example_setup_teardown.py
[2024-08-24T11:49:05.560+0000] {logging_mixin.py:190} INFO - [2024-08-24T11:49:05.560+0000] {dag.py:3211} INFO - Sync 1 DAGs
[2024-08-24T11:49:05.577+0000] {logging_mixin.py:190} INFO - [2024-08-24T11:49:05.577+0000] {dag.py:4138} INFO - Setting next_dagrun for example_setup_teardown to 2024-08-23 00:00:00+00:00, run_after=2024-08-24 00:00:00+00:00
[2024-08-24T11:49:05.587+0000] {processor.py:208} INFO - Processing /home/airflow/.local/lib/python3.12/site-packages/airflow/example_dags/example_setup_teardown.py took 0.052 seconds
[2024-08-24T11:49:35.890+0000] {processor.py:186} INFO - Started process (PID=3574) to work on /home/airflow/.local/lib/python3.12/site-packages/airflow/example_dags/example_setup_teardown.py
[2024-08-24T11:49:35.890+0000] {processor.py:914} INFO - Processing file /home/airflow/.local/lib/python3.12/site-packages/airflow/example_dags/example_setup_teardown.py for tasks to queue
[2024-08-24T11:49:35.891+0000] {logging_mixin.py:190} INFO - [2024-08-24T11:49:35.891+0000] {dagbag.py:587} INFO - Filling up the DagBag from /home/airflow/.local/lib/python3.12/site-packages/airflow/example_dags/example_setup_teardown.py
[2024-08-24T11:49:35.896+0000] {processor.py:925} INFO - DAG(s) 'example_setup_teardown' retrieved from /home/airflow/.local/lib/python3.12/site-packages/airflow/example_dags/example_setup_teardown.py
[2024-08-24T11:49:35.910+0000] {logging_mixin.py:190} INFO - [2024-08-24T11:49:35.910+0000] {dag.py:3211} INFO - Sync 1 DAGs
[2024-08-24T11:49:35.926+0000] {logging_mixin.py:190} INFO - [2024-08-24T11:49:35.926+0000] {dag.py:4138} INFO - Setting next_dagrun for example_setup_teardown to 2024-08-23 00:00:00+00:00, run_after=2024-08-24 00:00:00+00:00
[2024-08-24T11:49:35.940+0000] {processor.py:208} INFO - Processing /home/airflow/.local/lib/python3.12/site-packages/airflow/example_dags/example_setup_teardown.py took 0.054 seconds
[2024-08-24T11:50:06.196+0000] {processor.py:186} INFO - Started process (PID=3636) to work on /home/airflow/.local/lib/python3.12/site-packages/airflow/example_dags/example_setup_teardown.py
[2024-08-24T11:50:06.197+0000] {processor.py:914} INFO - Processing file /home/airflow/.local/lib/python3.12/site-packages/airflow/example_dags/example_setup_teardown.py for tasks to queue
[2024-08-24T11:50:06.198+0000] {logging_mixin.py:190} INFO - [2024-08-24T11:50:06.198+0000] {dagbag.py:587} INFO - Filling up the DagBag from /home/airflow/.local/lib/python3.12/site-packages/airflow/example_dags/example_setup_teardown.py
[2024-08-24T11:50:06.202+0000] {processor.py:925} INFO - DAG(s) 'example_setup_teardown' retrieved from /home/airflow/.local/lib/python3.12/site-packages/airflow/example_dags/example_setup_teardown.py
[2024-08-24T11:50:06.214+0000] {logging_mixin.py:190} INFO - [2024-08-24T11:50:06.214+0000] {dag.py:3211} INFO - Sync 1 DAGs
[2024-08-24T11:50:06.227+0000] {logging_mixin.py:190} INFO - [2024-08-24T11:50:06.226+0000] {dag.py:4138} INFO - Setting next_dagrun for example_setup_teardown to 2024-08-23 00:00:00+00:00, run_after=2024-08-24 00:00:00+00:00
[2024-08-24T11:50:06.238+0000] {processor.py:208} INFO - Processing /home/airflow/.local/lib/python3.12/site-packages/airflow/example_dags/example_setup_teardown.py took 0.045 seconds
[2024-08-24T11:50:36.634+0000] {processor.py:186} INFO - Started process (PID=3698) to work on /home/airflow/.local/lib/python3.12/site-packages/airflow/example_dags/example_setup_teardown.py
[2024-08-24T11:50:36.635+0000] {processor.py:914} INFO - Processing file /home/airflow/.local/lib/python3.12/site-packages/airflow/example_dags/example_setup_teardown.py for tasks to queue
[2024-08-24T11:50:36.637+0000] {logging_mixin.py:190} INFO - [2024-08-24T11:50:36.637+0000] {dagbag.py:587} INFO - Filling up the DagBag from /home/airflow/.local/lib/python3.12/site-packages/airflow/example_dags/example_setup_teardown.py
[2024-08-24T11:50:36.642+0000] {processor.py:925} INFO - DAG(s) 'example_setup_teardown' retrieved from /home/airflow/.local/lib/python3.12/site-packages/airflow/example_dags/example_setup_teardown.py
[2024-08-24T11:50:36.653+0000] {logging_mixin.py:190} INFO - [2024-08-24T11:50:36.653+0000] {dag.py:3211} INFO - Sync 1 DAGs
[2024-08-24T11:50:36.665+0000] {logging_mixin.py:190} INFO - [2024-08-24T11:50:36.665+0000] {dag.py:4138} INFO - Setting next_dagrun for example_setup_teardown to 2024-08-23 00:00:00+00:00, run_after=2024-08-24 00:00:00+00:00
[2024-08-24T11:50:36.674+0000] {processor.py:208} INFO - Processing /home/airflow/.local/lib/python3.12/site-packages/airflow/example_dags/example_setup_teardown.py took 0.045 seconds
[2024-08-24T11:51:07.102+0000] {processor.py:186} INFO - Started process (PID=3760) to work on /home/airflow/.local/lib/python3.12/site-packages/airflow/example_dags/example_setup_teardown.py
[2024-08-24T11:51:07.103+0000] {processor.py:914} INFO - Processing file /home/airflow/.local/lib/python3.12/site-packages/airflow/example_dags/example_setup_teardown.py for tasks to queue
[2024-08-24T11:51:07.104+0000] {logging_mixin.py:190} INFO - [2024-08-24T11:51:07.104+0000] {dagbag.py:587} INFO - Filling up the DagBag from /home/airflow/.local/lib/python3.12/site-packages/airflow/example_dags/example_setup_teardown.py
[2024-08-24T11:51:07.108+0000] {processor.py:925} INFO - DAG(s) 'example_setup_teardown' retrieved from /home/airflow/.local/lib/python3.12/site-packages/airflow/example_dags/example_setup_teardown.py
[2024-08-24T11:51:07.121+0000] {logging_mixin.py:190} INFO - [2024-08-24T11:51:07.121+0000] {dag.py:3211} INFO - Sync 1 DAGs
[2024-08-24T11:51:07.136+0000] {logging_mixin.py:190} INFO - [2024-08-24T11:51:07.135+0000] {dag.py:4138} INFO - Setting next_dagrun for example_setup_teardown to 2024-08-23 00:00:00+00:00, run_after=2024-08-24 00:00:00+00:00
[2024-08-24T11:51:07.151+0000] {processor.py:208} INFO - Processing /home/airflow/.local/lib/python3.12/site-packages/airflow/example_dags/example_setup_teardown.py took 0.052 seconds
[2024-08-24T11:51:37.396+0000] {processor.py:186} INFO - Started process (PID=3822) to work on /home/airflow/.local/lib/python3.12/site-packages/airflow/example_dags/example_setup_teardown.py
[2024-08-24T11:51:37.396+0000] {processor.py:914} INFO - Processing file /home/airflow/.local/lib/python3.12/site-packages/airflow/example_dags/example_setup_teardown.py for tasks to queue
[2024-08-24T11:51:37.397+0000] {logging_mixin.py:190} INFO - [2024-08-24T11:51:37.397+0000] {dagbag.py:587} INFO - Filling up the DagBag from /home/airflow/.local/lib/python3.12/site-packages/airflow/example_dags/example_setup_teardown.py
[2024-08-24T11:51:37.402+0000] {processor.py:925} INFO - DAG(s) 'example_setup_teardown' retrieved from /home/airflow/.local/lib/python3.12/site-packages/airflow/example_dags/example_setup_teardown.py
[2024-08-24T11:51:37.412+0000] {logging_mixin.py:190} INFO - [2024-08-24T11:51:37.412+0000] {dag.py:3211} INFO - Sync 1 DAGs
[2024-08-24T11:51:37.424+0000] {logging_mixin.py:190} INFO - [2024-08-24T11:51:37.424+0000] {dag.py:4138} INFO - Setting next_dagrun for example_setup_teardown to 2024-08-23 00:00:00+00:00, run_after=2024-08-24 00:00:00+00:00
[2024-08-24T11:51:37.433+0000] {processor.py:208} INFO - Processing /home/airflow/.local/lib/python3.12/site-packages/airflow/example_dags/example_setup_teardown.py took 0.040 seconds
[2024-08-24T11:52:07.577+0000] {processor.py:186} INFO - Started process (PID=3884) to work on /home/airflow/.local/lib/python3.12/site-packages/airflow/example_dags/example_setup_teardown.py
[2024-08-24T11:52:07.577+0000] {processor.py:914} INFO - Processing file /home/airflow/.local/lib/python3.12/site-packages/airflow/example_dags/example_setup_teardown.py for tasks to queue
[2024-08-24T11:52:07.579+0000] {logging_mixin.py:190} INFO - [2024-08-24T11:52:07.578+0000] {dagbag.py:587} INFO - Filling up the DagBag from /home/airflow/.local/lib/python3.12/site-packages/airflow/example_dags/example_setup_teardown.py
[2024-08-24T11:52:07.583+0000] {processor.py:925} INFO - DAG(s) 'example_setup_teardown' retrieved from /home/airflow/.local/lib/python3.12/site-packages/airflow/example_dags/example_setup_teardown.py
[2024-08-24T11:52:07.597+0000] {logging_mixin.py:190} INFO - [2024-08-24T11:52:07.597+0000] {dag.py:3211} INFO - Sync 1 DAGs
[2024-08-24T11:52:07.614+0000] {logging_mixin.py:190} INFO - [2024-08-24T11:52:07.613+0000] {dag.py:4138} INFO - Setting next_dagrun for example_setup_teardown to 2024-08-23 00:00:00+00:00, run_after=2024-08-24 00:00:00+00:00
[2024-08-24T11:52:07.626+0000] {processor.py:208} INFO - Processing /home/airflow/.local/lib/python3.12/site-packages/airflow/example_dags/example_setup_teardown.py took 0.052 seconds
[2024-08-24T11:52:37.962+0000] {processor.py:186} INFO - Started process (PID=3946) to work on /home/airflow/.local/lib/python3.12/site-packages/airflow/example_dags/example_setup_teardown.py
[2024-08-24T11:52:37.963+0000] {processor.py:914} INFO - Processing file /home/airflow/.local/lib/python3.12/site-packages/airflow/example_dags/example_setup_teardown.py for tasks to queue
[2024-08-24T11:52:37.964+0000] {logging_mixin.py:190} INFO - [2024-08-24T11:52:37.964+0000] {dagbag.py:587} INFO - Filling up the DagBag from /home/airflow/.local/lib/python3.12/site-packages/airflow/example_dags/example_setup_teardown.py
[2024-08-24T11:52:37.969+0000] {processor.py:925} INFO - DAG(s) 'example_setup_teardown' retrieved from /home/airflow/.local/lib/python3.12/site-packages/airflow/example_dags/example_setup_teardown.py
[2024-08-24T11:52:37.983+0000] {logging_mixin.py:190} INFO - [2024-08-24T11:52:37.983+0000] {dag.py:3211} INFO - Sync 1 DAGs
[2024-08-24T11:52:38.002+0000] {logging_mixin.py:190} INFO - [2024-08-24T11:52:38.002+0000] {dag.py:4138} INFO - Setting next_dagrun for example_setup_teardown to 2024-08-23 00:00:00+00:00, run_after=2024-08-24 00:00:00+00:00
[2024-08-24T11:52:38.013+0000] {processor.py:208} INFO - Processing /home/airflow/.local/lib/python3.12/site-packages/airflow/example_dags/example_setup_teardown.py took 0.054 seconds
[2024-08-24T11:53:08.274+0000] {processor.py:186} INFO - Started process (PID=4008) to work on /home/airflow/.local/lib/python3.12/site-packages/airflow/example_dags/example_setup_teardown.py
[2024-08-24T11:53:08.275+0000] {processor.py:914} INFO - Processing file /home/airflow/.local/lib/python3.12/site-packages/airflow/example_dags/example_setup_teardown.py for tasks to queue
[2024-08-24T11:53:08.276+0000] {logging_mixin.py:190} INFO - [2024-08-24T11:53:08.275+0000] {dagbag.py:587} INFO - Filling up the DagBag from /home/airflow/.local/lib/python3.12/site-packages/airflow/example_dags/example_setup_teardown.py
[2024-08-24T11:53:08.280+0000] {processor.py:925} INFO - DAG(s) 'example_setup_teardown' retrieved from /home/airflow/.local/lib/python3.12/site-packages/airflow/example_dags/example_setup_teardown.py
[2024-08-24T11:53:08.293+0000] {logging_mixin.py:190} INFO - [2024-08-24T11:53:08.293+0000] {dag.py:3211} INFO - Sync 1 DAGs
[2024-08-24T11:53:08.313+0000] {logging_mixin.py:190} INFO - [2024-08-24T11:53:08.312+0000] {dag.py:4138} INFO - Setting next_dagrun for example_setup_teardown to 2024-08-23 00:00:00+00:00, run_after=2024-08-24 00:00:00+00:00
[2024-08-24T11:53:08.328+0000] {processor.py:208} INFO - Processing /home/airflow/.local/lib/python3.12/site-packages/airflow/example_dags/example_setup_teardown.py took 0.057 seconds
[2024-08-24T11:53:38.668+0000] {processor.py:186} INFO - Started process (PID=4071) to work on /home/airflow/.local/lib/python3.12/site-packages/airflow/example_dags/example_setup_teardown.py
[2024-08-24T11:53:38.669+0000] {processor.py:914} INFO - Processing file /home/airflow/.local/lib/python3.12/site-packages/airflow/example_dags/example_setup_teardown.py for tasks to queue
[2024-08-24T11:53:38.670+0000] {logging_mixin.py:190} INFO - [2024-08-24T11:53:38.670+0000] {dagbag.py:587} INFO - Filling up the DagBag from /home/airflow/.local/lib/python3.12/site-packages/airflow/example_dags/example_setup_teardown.py
[2024-08-24T11:53:38.674+0000] {processor.py:925} INFO - DAG(s) 'example_setup_teardown' retrieved from /home/airflow/.local/lib/python3.12/site-packages/airflow/example_dags/example_setup_teardown.py
[2024-08-24T11:53:38.685+0000] {logging_mixin.py:190} INFO - [2024-08-24T11:53:38.685+0000] {dag.py:3211} INFO - Sync 1 DAGs
[2024-08-24T11:53:38.697+0000] {logging_mixin.py:190} INFO - [2024-08-24T11:53:38.697+0000] {dag.py:4138} INFO - Setting next_dagrun for example_setup_teardown to 2024-08-23 00:00:00+00:00, run_after=2024-08-24 00:00:00+00:00
[2024-08-24T11:53:38.706+0000] {processor.py:208} INFO - Processing /home/airflow/.local/lib/python3.12/site-packages/airflow/example_dags/example_setup_teardown.py took 0.042 seconds
[2024-08-24T11:54:08.960+0000] {processor.py:186} INFO - Started process (PID=4133) to work on /home/airflow/.local/lib/python3.12/site-packages/airflow/example_dags/example_setup_teardown.py
[2024-08-24T11:54:08.960+0000] {processor.py:914} INFO - Processing file /home/airflow/.local/lib/python3.12/site-packages/airflow/example_dags/example_setup_teardown.py for tasks to queue
[2024-08-24T11:54:08.961+0000] {logging_mixin.py:190} INFO - [2024-08-24T11:54:08.961+0000] {dagbag.py:587} INFO - Filling up the DagBag from /home/airflow/.local/lib/python3.12/site-packages/airflow/example_dags/example_setup_teardown.py
[2024-08-24T11:54:08.966+0000] {processor.py:925} INFO - DAG(s) 'example_setup_teardown' retrieved from /home/airflow/.local/lib/python3.12/site-packages/airflow/example_dags/example_setup_teardown.py
[2024-08-24T11:54:08.978+0000] {logging_mixin.py:190} INFO - [2024-08-24T11:54:08.978+0000] {dag.py:3211} INFO - Sync 1 DAGs
[2024-08-24T11:54:08.995+0000] {logging_mixin.py:190} INFO - [2024-08-24T11:54:08.994+0000] {dag.py:4138} INFO - Setting next_dagrun for example_setup_teardown to 2024-08-23 00:00:00+00:00, run_after=2024-08-24 00:00:00+00:00
[2024-08-24T11:54:09.008+0000] {processor.py:208} INFO - Processing /home/airflow/.local/lib/python3.12/site-packages/airflow/example_dags/example_setup_teardown.py took 0.051 seconds
[2024-08-24T11:54:39.239+0000] {processor.py:186} INFO - Started process (PID=4195) to work on /home/airflow/.local/lib/python3.12/site-packages/airflow/example_dags/example_setup_teardown.py
[2024-08-24T11:54:39.239+0000] {processor.py:914} INFO - Processing file /home/airflow/.local/lib/python3.12/site-packages/airflow/example_dags/example_setup_teardown.py for tasks to queue
[2024-08-24T11:54:39.240+0000] {logging_mixin.py:190} INFO - [2024-08-24T11:54:39.240+0000] {dagbag.py:587} INFO - Filling up the DagBag from /home/airflow/.local/lib/python3.12/site-packages/airflow/example_dags/example_setup_teardown.py
[2024-08-24T11:54:39.245+0000] {processor.py:925} INFO - DAG(s) 'example_setup_teardown' retrieved from /home/airflow/.local/lib/python3.12/site-packages/airflow/example_dags/example_setup_teardown.py
[2024-08-24T11:54:39.255+0000] {logging_mixin.py:190} INFO - [2024-08-24T11:54:39.255+0000] {dag.py:3211} INFO - Sync 1 DAGs
[2024-08-24T11:54:39.269+0000] {logging_mixin.py:190} INFO - [2024-08-24T11:54:39.268+0000] {dag.py:4138} INFO - Setting next_dagrun for example_setup_teardown to 2024-08-23 00:00:00+00:00, run_after=2024-08-24 00:00:00+00:00
[2024-08-24T11:54:39.284+0000] {processor.py:208} INFO - Processing /home/airflow/.local/lib/python3.12/site-packages/airflow/example_dags/example_setup_teardown.py took 0.048 seconds
[2024-08-24T11:55:09.662+0000] {processor.py:186} INFO - Started process (PID=4257) to work on /home/airflow/.local/lib/python3.12/site-packages/airflow/example_dags/example_setup_teardown.py
[2024-08-24T11:55:09.663+0000] {processor.py:914} INFO - Processing file /home/airflow/.local/lib/python3.12/site-packages/airflow/example_dags/example_setup_teardown.py for tasks to queue
[2024-08-24T11:55:09.664+0000] {logging_mixin.py:190} INFO - [2024-08-24T11:55:09.664+0000] {dagbag.py:587} INFO - Filling up the DagBag from /home/airflow/.local/lib/python3.12/site-packages/airflow/example_dags/example_setup_teardown.py
[2024-08-24T11:55:09.668+0000] {processor.py:925} INFO - DAG(s) 'example_setup_teardown' retrieved from /home/airflow/.local/lib/python3.12/site-packages/airflow/example_dags/example_setup_teardown.py
[2024-08-24T11:55:09.681+0000] {logging_mixin.py:190} INFO - [2024-08-24T11:55:09.681+0000] {dag.py:3211} INFO - Sync 1 DAGs
[2024-08-24T11:55:09.699+0000] {logging_mixin.py:190} INFO - [2024-08-24T11:55:09.698+0000] {dag.py:4138} INFO - Setting next_dagrun for example_setup_teardown to 2024-08-23 00:00:00+00:00, run_after=2024-08-24 00:00:00+00:00
[2024-08-24T11:55:09.712+0000] {processor.py:208} INFO - Processing /home/airflow/.local/lib/python3.12/site-packages/airflow/example_dags/example_setup_teardown.py took 0.054 seconds
[2024-08-24T11:55:40.099+0000] {processor.py:186} INFO - Started process (PID=4319) to work on /home/airflow/.local/lib/python3.12/site-packages/airflow/example_dags/example_setup_teardown.py
[2024-08-24T11:55:40.099+0000] {processor.py:914} INFO - Processing file /home/airflow/.local/lib/python3.12/site-packages/airflow/example_dags/example_setup_teardown.py for tasks to queue
[2024-08-24T11:55:40.100+0000] {logging_mixin.py:190} INFO - [2024-08-24T11:55:40.100+0000] {dagbag.py:587} INFO - Filling up the DagBag from /home/airflow/.local/lib/python3.12/site-packages/airflow/example_dags/example_setup_teardown.py
[2024-08-24T11:55:40.104+0000] {processor.py:925} INFO - DAG(s) 'example_setup_teardown' retrieved from /home/airflow/.local/lib/python3.12/site-packages/airflow/example_dags/example_setup_teardown.py
[2024-08-24T11:55:40.118+0000] {logging_mixin.py:190} INFO - [2024-08-24T11:55:40.118+0000] {dag.py:3211} INFO - Sync 1 DAGs
[2024-08-24T11:55:40.133+0000] {logging_mixin.py:190} INFO - [2024-08-24T11:55:40.133+0000] {dag.py:4138} INFO - Setting next_dagrun for example_setup_teardown to 2024-08-23 00:00:00+00:00, run_after=2024-08-24 00:00:00+00:00
[2024-08-24T11:55:40.142+0000] {processor.py:208} INFO - Processing /home/airflow/.local/lib/python3.12/site-packages/airflow/example_dags/example_setup_teardown.py took 0.047 seconds
[2024-08-24T11:56:10.494+0000] {processor.py:186} INFO - Started process (PID=4381) to work on /home/airflow/.local/lib/python3.12/site-packages/airflow/example_dags/example_setup_teardown.py
[2024-08-24T11:56:10.494+0000] {processor.py:914} INFO - Processing file /home/airflow/.local/lib/python3.12/site-packages/airflow/example_dags/example_setup_teardown.py for tasks to queue
[2024-08-24T11:56:10.495+0000] {logging_mixin.py:190} INFO - [2024-08-24T11:56:10.495+0000] {dagbag.py:587} INFO - Filling up the DagBag from /home/airflow/.local/lib/python3.12/site-packages/airflow/example_dags/example_setup_teardown.py
[2024-08-24T11:56:10.499+0000] {processor.py:925} INFO - DAG(s) 'example_setup_teardown' retrieved from /home/airflow/.local/lib/python3.12/site-packages/airflow/example_dags/example_setup_teardown.py
[2024-08-24T11:56:10.510+0000] {logging_mixin.py:190} INFO - [2024-08-24T11:56:10.510+0000] {dag.py:3211} INFO - Sync 1 DAGs
[2024-08-24T11:56:10.522+0000] {logging_mixin.py:190} INFO - [2024-08-24T11:56:10.522+0000] {dag.py:4138} INFO - Setting next_dagrun for example_setup_teardown to 2024-08-23 00:00:00+00:00, run_after=2024-08-24 00:00:00+00:00
[2024-08-24T11:56:10.530+0000] {processor.py:208} INFO - Processing /home/airflow/.local/lib/python3.12/site-packages/airflow/example_dags/example_setup_teardown.py took 0.039 seconds
