[2024-08-24T11:21:08.753+0000] {processor.py:186} INFO - Started process (PID=97) to work on /home/airflow/.local/lib/python3.12/site-packages/airflow/example_dags/example_sensors.py
[2024-08-24T11:21:08.754+0000] {processor.py:914} INFO - Processing file /home/airflow/.local/lib/python3.12/site-packages/airflow/example_dags/example_sensors.py for tasks to queue
[2024-08-24T11:21:08.755+0000] {logging_mixin.py:190} INFO - [2024-08-24T11:21:08.755+0000] {dagbag.py:587} INFO - Filling up the DagBag from /home/airflow/.local/lib/python3.12/site-packages/airflow/example_dags/example_sensors.py
[2024-08-24T11:21:08.761+0000] {processor.py:925} INFO - DAG(s) 'example_sensors' retrieved from /home/airflow/.local/lib/python3.12/site-packages/airflow/example_dags/example_sensors.py
[2024-08-24T11:21:08.821+0000] {logging_mixin.py:190} INFO - [2024-08-24T11:21:08.820+0000] {override.py:1858} INFO - Created Permission View: can edit on DAG:example_sensors
[2024-08-24T11:21:08.826+0000] {logging_mixin.py:190} INFO - [2024-08-24T11:21:08.825+0000] {override.py:1858} INFO - Created Permission View: can read on DAG:example_sensors
[2024-08-24T11:21:08.829+0000] {logging_mixin.py:190} INFO - [2024-08-24T11:21:08.829+0000] {override.py:1858} INFO - Created Permission View: can delete on DAG:example_sensors
[2024-08-24T11:21:08.829+0000] {logging_mixin.py:190} INFO - [2024-08-24T11:21:08.829+0000] {dag.py:3211} INFO - Sync 1 DAGs
[2024-08-24T11:21:08.837+0000] {logging_mixin.py:190} INFO - [2024-08-24T11:21:08.837+0000] {dag.py:3234} INFO - Creating ORM DAG for example_sensors
[2024-08-24T11:21:08.838+0000] {logging_mixin.py:190} INFO - [2024-08-24T11:21:08.838+0000] {dag.py:4138} INFO - Setting next_dagrun for example_sensors to None, run_after=None
[2024-08-24T11:21:08.851+0000] {processor.py:208} INFO - Processing /home/airflow/.local/lib/python3.12/site-packages/airflow/example_dags/example_sensors.py took 0.102 seconds
[2024-08-24T11:21:39.169+0000] {processor.py:186} INFO - Started process (PID=159) to work on /home/airflow/.local/lib/python3.12/site-packages/airflow/example_dags/example_sensors.py
[2024-08-24T11:21:39.170+0000] {processor.py:914} INFO - Processing file /home/airflow/.local/lib/python3.12/site-packages/airflow/example_dags/example_sensors.py for tasks to queue
[2024-08-24T11:21:39.172+0000] {logging_mixin.py:190} INFO - [2024-08-24T11:21:39.171+0000] {dagbag.py:587} INFO - Filling up the DagBag from /home/airflow/.local/lib/python3.12/site-packages/airflow/example_dags/example_sensors.py
[2024-08-24T11:21:39.177+0000] {processor.py:925} INFO - DAG(s) 'example_sensors' retrieved from /home/airflow/.local/lib/python3.12/site-packages/airflow/example_dags/example_sensors.py
[2024-08-24T11:21:39.194+0000] {logging_mixin.py:190} INFO - [2024-08-24T11:21:39.194+0000] {dag.py:3211} INFO - Sync 1 DAGs
[2024-08-24T11:21:39.203+0000] {logging_mixin.py:190} INFO - [2024-08-24T11:21:39.203+0000] {dag.py:4138} INFO - Setting next_dagrun for example_sensors to None, run_after=None
[2024-08-24T11:21:39.214+0000] {processor.py:208} INFO - Processing /home/airflow/.local/lib/python3.12/site-packages/airflow/example_dags/example_sensors.py took 0.049 seconds
[2024-08-24T11:22:09.377+0000] {processor.py:186} INFO - Started process (PID=221) to work on /home/airflow/.local/lib/python3.12/site-packages/airflow/example_dags/example_sensors.py
[2024-08-24T11:22:09.378+0000] {processor.py:914} INFO - Processing file /home/airflow/.local/lib/python3.12/site-packages/airflow/example_dags/example_sensors.py for tasks to queue
[2024-08-24T11:22:09.379+0000] {logging_mixin.py:190} INFO - [2024-08-24T11:22:09.379+0000] {dagbag.py:587} INFO - Filling up the DagBag from /home/airflow/.local/lib/python3.12/site-packages/airflow/example_dags/example_sensors.py
[2024-08-24T11:22:09.388+0000] {processor.py:925} INFO - DAG(s) 'example_sensors' retrieved from /home/airflow/.local/lib/python3.12/site-packages/airflow/example_dags/example_sensors.py
[2024-08-24T11:22:09.403+0000] {logging_mixin.py:190} INFO - [2024-08-24T11:22:09.403+0000] {dag.py:3211} INFO - Sync 1 DAGs
[2024-08-24T11:22:09.410+0000] {logging_mixin.py:190} INFO - [2024-08-24T11:22:09.410+0000] {dag.py:4138} INFO - Setting next_dagrun for example_sensors to None, run_after=None
[2024-08-24T11:22:09.424+0000] {processor.py:208} INFO - Processing /home/airflow/.local/lib/python3.12/site-packages/airflow/example_dags/example_sensors.py took 0.051 seconds
[2024-08-24T11:22:39.525+0000] {processor.py:186} INFO - Started process (PID=283) to work on /home/airflow/.local/lib/python3.12/site-packages/airflow/example_dags/example_sensors.py
[2024-08-24T11:22:39.525+0000] {processor.py:914} INFO - Processing file /home/airflow/.local/lib/python3.12/site-packages/airflow/example_dags/example_sensors.py for tasks to queue
[2024-08-24T11:22:39.527+0000] {logging_mixin.py:190} INFO - [2024-08-24T11:22:39.526+0000] {dagbag.py:587} INFO - Filling up the DagBag from /home/airflow/.local/lib/python3.12/site-packages/airflow/example_dags/example_sensors.py
[2024-08-24T11:22:39.532+0000] {processor.py:925} INFO - DAG(s) 'example_sensors' retrieved from /home/airflow/.local/lib/python3.12/site-packages/airflow/example_dags/example_sensors.py
[2024-08-24T11:22:39.546+0000] {logging_mixin.py:190} INFO - [2024-08-24T11:22:39.546+0000] {dag.py:3211} INFO - Sync 1 DAGs
[2024-08-24T11:22:39.555+0000] {logging_mixin.py:190} INFO - [2024-08-24T11:22:39.554+0000] {dag.py:4138} INFO - Setting next_dagrun for example_sensors to None, run_after=None
[2024-08-24T11:22:39.564+0000] {processor.py:208} INFO - Processing /home/airflow/.local/lib/python3.12/site-packages/airflow/example_dags/example_sensors.py took 0.042 seconds
[2024-08-24T11:23:09.805+0000] {processor.py:186} INFO - Started process (PID=345) to work on /home/airflow/.local/lib/python3.12/site-packages/airflow/example_dags/example_sensors.py
[2024-08-24T11:23:09.805+0000] {processor.py:914} INFO - Processing file /home/airflow/.local/lib/python3.12/site-packages/airflow/example_dags/example_sensors.py for tasks to queue
[2024-08-24T11:23:09.806+0000] {logging_mixin.py:190} INFO - [2024-08-24T11:23:09.806+0000] {dagbag.py:587} INFO - Filling up the DagBag from /home/airflow/.local/lib/python3.12/site-packages/airflow/example_dags/example_sensors.py
[2024-08-24T11:23:09.812+0000] {processor.py:925} INFO - DAG(s) 'example_sensors' retrieved from /home/airflow/.local/lib/python3.12/site-packages/airflow/example_dags/example_sensors.py
[2024-08-24T11:23:09.827+0000] {logging_mixin.py:190} INFO - [2024-08-24T11:23:09.827+0000] {dag.py:3211} INFO - Sync 1 DAGs
[2024-08-24T11:23:09.835+0000] {logging_mixin.py:190} INFO - [2024-08-24T11:23:09.835+0000] {dag.py:4138} INFO - Setting next_dagrun for example_sensors to None, run_after=None
[2024-08-24T11:23:09.844+0000] {processor.py:208} INFO - Processing /home/airflow/.local/lib/python3.12/site-packages/airflow/example_dags/example_sensors.py took 0.043 seconds
[2024-08-24T11:23:40.096+0000] {processor.py:186} INFO - Started process (PID=407) to work on /home/airflow/.local/lib/python3.12/site-packages/airflow/example_dags/example_sensors.py
[2024-08-24T11:23:40.096+0000] {processor.py:914} INFO - Processing file /home/airflow/.local/lib/python3.12/site-packages/airflow/example_dags/example_sensors.py for tasks to queue
[2024-08-24T11:23:40.098+0000] {logging_mixin.py:190} INFO - [2024-08-24T11:23:40.098+0000] {dagbag.py:587} INFO - Filling up the DagBag from /home/airflow/.local/lib/python3.12/site-packages/airflow/example_dags/example_sensors.py
[2024-08-24T11:23:40.103+0000] {processor.py:925} INFO - DAG(s) 'example_sensors' retrieved from /home/airflow/.local/lib/python3.12/site-packages/airflow/example_dags/example_sensors.py
[2024-08-24T11:23:40.120+0000] {logging_mixin.py:190} INFO - [2024-08-24T11:23:40.119+0000] {dag.py:3211} INFO - Sync 1 DAGs
[2024-08-24T11:23:40.131+0000] {logging_mixin.py:190} INFO - [2024-08-24T11:23:40.131+0000] {dag.py:4138} INFO - Setting next_dagrun for example_sensors to None, run_after=None
[2024-08-24T11:23:40.144+0000] {processor.py:208} INFO - Processing /home/airflow/.local/lib/python3.12/site-packages/airflow/example_dags/example_sensors.py took 0.052 seconds
[2024-08-24T11:24:10.362+0000] {processor.py:186} INFO - Started process (PID=469) to work on /home/airflow/.local/lib/python3.12/site-packages/airflow/example_dags/example_sensors.py
[2024-08-24T11:24:10.362+0000] {processor.py:914} INFO - Processing file /home/airflow/.local/lib/python3.12/site-packages/airflow/example_dags/example_sensors.py for tasks to queue
[2024-08-24T11:24:10.363+0000] {logging_mixin.py:190} INFO - [2024-08-24T11:24:10.363+0000] {dagbag.py:587} INFO - Filling up the DagBag from /home/airflow/.local/lib/python3.12/site-packages/airflow/example_dags/example_sensors.py
[2024-08-24T11:24:10.368+0000] {processor.py:925} INFO - DAG(s) 'example_sensors' retrieved from /home/airflow/.local/lib/python3.12/site-packages/airflow/example_dags/example_sensors.py
[2024-08-24T11:24:10.383+0000] {logging_mixin.py:190} INFO - [2024-08-24T11:24:10.382+0000] {dag.py:3211} INFO - Sync 1 DAGs
[2024-08-24T11:24:10.390+0000] {logging_mixin.py:190} INFO - [2024-08-24T11:24:10.389+0000] {dag.py:4138} INFO - Setting next_dagrun for example_sensors to None, run_after=None
[2024-08-24T11:24:10.399+0000] {processor.py:208} INFO - Processing /home/airflow/.local/lib/python3.12/site-packages/airflow/example_dags/example_sensors.py took 0.041 seconds
[2024-08-24T11:24:40.547+0000] {processor.py:186} INFO - Started process (PID=531) to work on /home/airflow/.local/lib/python3.12/site-packages/airflow/example_dags/example_sensors.py
[2024-08-24T11:24:40.547+0000] {processor.py:914} INFO - Processing file /home/airflow/.local/lib/python3.12/site-packages/airflow/example_dags/example_sensors.py for tasks to queue
[2024-08-24T11:24:40.548+0000] {logging_mixin.py:190} INFO - [2024-08-24T11:24:40.548+0000] {dagbag.py:587} INFO - Filling up the DagBag from /home/airflow/.local/lib/python3.12/site-packages/airflow/example_dags/example_sensors.py
[2024-08-24T11:24:40.554+0000] {processor.py:925} INFO - DAG(s) 'example_sensors' retrieved from /home/airflow/.local/lib/python3.12/site-packages/airflow/example_dags/example_sensors.py
[2024-08-24T11:24:40.572+0000] {logging_mixin.py:190} INFO - [2024-08-24T11:24:40.572+0000] {dag.py:3211} INFO - Sync 1 DAGs
[2024-08-24T11:24:40.584+0000] {logging_mixin.py:190} INFO - [2024-08-24T11:24:40.584+0000] {dag.py:4138} INFO - Setting next_dagrun for example_sensors to None, run_after=None
[2024-08-24T11:24:40.600+0000] {processor.py:208} INFO - Processing /home/airflow/.local/lib/python3.12/site-packages/airflow/example_dags/example_sensors.py took 0.057 seconds
[2024-08-24T11:25:10.755+0000] {processor.py:186} INFO - Started process (PID=593) to work on /home/airflow/.local/lib/python3.12/site-packages/airflow/example_dags/example_sensors.py
[2024-08-24T11:25:10.755+0000] {processor.py:914} INFO - Processing file /home/airflow/.local/lib/python3.12/site-packages/airflow/example_dags/example_sensors.py for tasks to queue
[2024-08-24T11:25:10.757+0000] {logging_mixin.py:190} INFO - [2024-08-24T11:25:10.757+0000] {dagbag.py:587} INFO - Filling up the DagBag from /home/airflow/.local/lib/python3.12/site-packages/airflow/example_dags/example_sensors.py
[2024-08-24T11:25:10.763+0000] {processor.py:925} INFO - DAG(s) 'example_sensors' retrieved from /home/airflow/.local/lib/python3.12/site-packages/airflow/example_dags/example_sensors.py
[2024-08-24T11:25:10.784+0000] {logging_mixin.py:190} INFO - [2024-08-24T11:25:10.783+0000] {dag.py:3211} INFO - Sync 1 DAGs
[2024-08-24T11:25:10.796+0000] {logging_mixin.py:190} INFO - [2024-08-24T11:25:10.795+0000] {dag.py:4138} INFO - Setting next_dagrun for example_sensors to None, run_after=None
[2024-08-24T11:25:10.810+0000] {processor.py:208} INFO - Processing /home/airflow/.local/lib/python3.12/site-packages/airflow/example_dags/example_sensors.py took 0.058 seconds
[2024-08-24T11:25:40.917+0000] {processor.py:186} INFO - Started process (PID=655) to work on /home/airflow/.local/lib/python3.12/site-packages/airflow/example_dags/example_sensors.py
[2024-08-24T11:25:40.918+0000] {processor.py:914} INFO - Processing file /home/airflow/.local/lib/python3.12/site-packages/airflow/example_dags/example_sensors.py for tasks to queue
[2024-08-24T11:25:40.919+0000] {logging_mixin.py:190} INFO - [2024-08-24T11:25:40.919+0000] {dagbag.py:587} INFO - Filling up the DagBag from /home/airflow/.local/lib/python3.12/site-packages/airflow/example_dags/example_sensors.py
[2024-08-24T11:25:40.924+0000] {processor.py:925} INFO - DAG(s) 'example_sensors' retrieved from /home/airflow/.local/lib/python3.12/site-packages/airflow/example_dags/example_sensors.py
[2024-08-24T11:25:40.937+0000] {logging_mixin.py:190} INFO - [2024-08-24T11:25:40.937+0000] {dag.py:3211} INFO - Sync 1 DAGs
[2024-08-24T11:25:40.945+0000] {logging_mixin.py:190} INFO - [2024-08-24T11:25:40.945+0000] {dag.py:4138} INFO - Setting next_dagrun for example_sensors to None, run_after=None
[2024-08-24T11:25:40.954+0000] {processor.py:208} INFO - Processing /home/airflow/.local/lib/python3.12/site-packages/airflow/example_dags/example_sensors.py took 0.040 seconds
[2024-08-24T11:26:11.208+0000] {processor.py:186} INFO - Started process (PID=717) to work on /home/airflow/.local/lib/python3.12/site-packages/airflow/example_dags/example_sensors.py
[2024-08-24T11:26:11.209+0000] {processor.py:914} INFO - Processing file /home/airflow/.local/lib/python3.12/site-packages/airflow/example_dags/example_sensors.py for tasks to queue
[2024-08-24T11:26:11.210+0000] {logging_mixin.py:190} INFO - [2024-08-24T11:26:11.210+0000] {dagbag.py:587} INFO - Filling up the DagBag from /home/airflow/.local/lib/python3.12/site-packages/airflow/example_dags/example_sensors.py
[2024-08-24T11:26:11.216+0000] {processor.py:925} INFO - DAG(s) 'example_sensors' retrieved from /home/airflow/.local/lib/python3.12/site-packages/airflow/example_dags/example_sensors.py
[2024-08-24T11:26:11.231+0000] {logging_mixin.py:190} INFO - [2024-08-24T11:26:11.231+0000] {dag.py:3211} INFO - Sync 1 DAGs
[2024-08-24T11:26:11.239+0000] {logging_mixin.py:190} INFO - [2024-08-24T11:26:11.239+0000] {dag.py:4138} INFO - Setting next_dagrun for example_sensors to None, run_after=None
[2024-08-24T11:26:11.249+0000] {processor.py:208} INFO - Processing /home/airflow/.local/lib/python3.12/site-packages/airflow/example_dags/example_sensors.py took 0.044 seconds
[2024-08-24T11:26:41.406+0000] {processor.py:186} INFO - Started process (PID=779) to work on /home/airflow/.local/lib/python3.12/site-packages/airflow/example_dags/example_sensors.py
[2024-08-24T11:26:41.407+0000] {processor.py:914} INFO - Processing file /home/airflow/.local/lib/python3.12/site-packages/airflow/example_dags/example_sensors.py for tasks to queue
[2024-08-24T11:26:41.408+0000] {logging_mixin.py:190} INFO - [2024-08-24T11:26:41.408+0000] {dagbag.py:587} INFO - Filling up the DagBag from /home/airflow/.local/lib/python3.12/site-packages/airflow/example_dags/example_sensors.py
[2024-08-24T11:26:41.413+0000] {processor.py:925} INFO - DAG(s) 'example_sensors' retrieved from /home/airflow/.local/lib/python3.12/site-packages/airflow/example_dags/example_sensors.py
[2024-08-24T11:26:41.429+0000] {logging_mixin.py:190} INFO - [2024-08-24T11:26:41.429+0000] {dag.py:3211} INFO - Sync 1 DAGs
[2024-08-24T11:26:41.440+0000] {logging_mixin.py:190} INFO - [2024-08-24T11:26:41.439+0000] {dag.py:4138} INFO - Setting next_dagrun for example_sensors to None, run_after=None
[2024-08-24T11:26:41.453+0000] {processor.py:208} INFO - Processing /home/airflow/.local/lib/python3.12/site-packages/airflow/example_dags/example_sensors.py took 0.050 seconds
[2024-08-24T11:27:11.727+0000] {processor.py:186} INFO - Started process (PID=841) to work on /home/airflow/.local/lib/python3.12/site-packages/airflow/example_dags/example_sensors.py
[2024-08-24T11:27:11.727+0000] {processor.py:914} INFO - Processing file /home/airflow/.local/lib/python3.12/site-packages/airflow/example_dags/example_sensors.py for tasks to queue
[2024-08-24T11:27:11.729+0000] {logging_mixin.py:190} INFO - [2024-08-24T11:27:11.729+0000] {dagbag.py:587} INFO - Filling up the DagBag from /home/airflow/.local/lib/python3.12/site-packages/airflow/example_dags/example_sensors.py
[2024-08-24T11:27:11.739+0000] {processor.py:925} INFO - DAG(s) 'example_sensors' retrieved from /home/airflow/.local/lib/python3.12/site-packages/airflow/example_dags/example_sensors.py
[2024-08-24T11:27:11.757+0000] {logging_mixin.py:190} INFO - [2024-08-24T11:27:11.757+0000] {dag.py:3211} INFO - Sync 1 DAGs
[2024-08-24T11:27:11.766+0000] {logging_mixin.py:190} INFO - [2024-08-24T11:27:11.765+0000] {dag.py:4138} INFO - Setting next_dagrun for example_sensors to None, run_after=None
[2024-08-24T11:27:11.780+0000] {processor.py:208} INFO - Processing /home/airflow/.local/lib/python3.12/site-packages/airflow/example_dags/example_sensors.py took 0.058 seconds
[2024-08-24T11:27:42.015+0000] {processor.py:186} INFO - Started process (PID=903) to work on /home/airflow/.local/lib/python3.12/site-packages/airflow/example_dags/example_sensors.py
[2024-08-24T11:27:42.015+0000] {processor.py:914} INFO - Processing file /home/airflow/.local/lib/python3.12/site-packages/airflow/example_dags/example_sensors.py for tasks to queue
[2024-08-24T11:27:42.016+0000] {logging_mixin.py:190} INFO - [2024-08-24T11:27:42.016+0000] {dagbag.py:587} INFO - Filling up the DagBag from /home/airflow/.local/lib/python3.12/site-packages/airflow/example_dags/example_sensors.py
[2024-08-24T11:27:42.022+0000] {processor.py:925} INFO - DAG(s) 'example_sensors' retrieved from /home/airflow/.local/lib/python3.12/site-packages/airflow/example_dags/example_sensors.py
[2024-08-24T11:27:42.036+0000] {logging_mixin.py:190} INFO - [2024-08-24T11:27:42.035+0000] {dag.py:3211} INFO - Sync 1 DAGs
[2024-08-24T11:27:42.043+0000] {logging_mixin.py:190} INFO - [2024-08-24T11:27:42.043+0000] {dag.py:4138} INFO - Setting next_dagrun for example_sensors to None, run_after=None
[2024-08-24T11:27:42.052+0000] {processor.py:208} INFO - Processing /home/airflow/.local/lib/python3.12/site-packages/airflow/example_dags/example_sensors.py took 0.040 seconds
[2024-08-24T11:28:12.978+0000] {processor.py:186} INFO - Started process (PID=965) to work on /home/airflow/.local/lib/python3.12/site-packages/airflow/example_dags/example_sensors.py
[2024-08-24T11:28:12.979+0000] {processor.py:914} INFO - Processing file /home/airflow/.local/lib/python3.12/site-packages/airflow/example_dags/example_sensors.py for tasks to queue
[2024-08-24T11:28:12.980+0000] {logging_mixin.py:190} INFO - [2024-08-24T11:28:12.980+0000] {dagbag.py:587} INFO - Filling up the DagBag from /home/airflow/.local/lib/python3.12/site-packages/airflow/example_dags/example_sensors.py
[2024-08-24T11:28:12.985+0000] {processor.py:925} INFO - DAG(s) 'example_sensors' retrieved from /home/airflow/.local/lib/python3.12/site-packages/airflow/example_dags/example_sensors.py
[2024-08-24T11:28:12.999+0000] {logging_mixin.py:190} INFO - [2024-08-24T11:28:12.999+0000] {dag.py:3211} INFO - Sync 1 DAGs
[2024-08-24T11:28:13.006+0000] {logging_mixin.py:190} INFO - [2024-08-24T11:28:13.006+0000] {dag.py:4138} INFO - Setting next_dagrun for example_sensors to None, run_after=None
[2024-08-24T11:28:13.015+0000] {processor.py:208} INFO - Processing /home/airflow/.local/lib/python3.12/site-packages/airflow/example_dags/example_sensors.py took 0.040 seconds
[2024-08-24T11:28:44.011+0000] {processor.py:186} INFO - Started process (PID=1027) to work on /home/airflow/.local/lib/python3.12/site-packages/airflow/example_dags/example_sensors.py
[2024-08-24T11:28:44.012+0000] {processor.py:914} INFO - Processing file /home/airflow/.local/lib/python3.12/site-packages/airflow/example_dags/example_sensors.py for tasks to queue
[2024-08-24T11:28:44.014+0000] {logging_mixin.py:190} INFO - [2024-08-24T11:28:44.013+0000] {dagbag.py:587} INFO - Filling up the DagBag from /home/airflow/.local/lib/python3.12/site-packages/airflow/example_dags/example_sensors.py
[2024-08-24T11:28:44.019+0000] {processor.py:925} INFO - DAG(s) 'example_sensors' retrieved from /home/airflow/.local/lib/python3.12/site-packages/airflow/example_dags/example_sensors.py
[2024-08-24T11:28:44.032+0000] {logging_mixin.py:190} INFO - [2024-08-24T11:28:44.032+0000] {dag.py:3211} INFO - Sync 1 DAGs
[2024-08-24T11:28:44.039+0000] {logging_mixin.py:190} INFO - [2024-08-24T11:28:44.039+0000] {dag.py:4138} INFO - Setting next_dagrun for example_sensors to None, run_after=None
[2024-08-24T11:28:44.049+0000] {processor.py:208} INFO - Processing /home/airflow/.local/lib/python3.12/site-packages/airflow/example_dags/example_sensors.py took 0.042 seconds
[2024-08-24T11:29:15.151+0000] {processor.py:186} INFO - Started process (PID=1089) to work on /home/airflow/.local/lib/python3.12/site-packages/airflow/example_dags/example_sensors.py
[2024-08-24T11:29:15.152+0000] {processor.py:914} INFO - Processing file /home/airflow/.local/lib/python3.12/site-packages/airflow/example_dags/example_sensors.py for tasks to queue
[2024-08-24T11:29:15.153+0000] {logging_mixin.py:190} INFO - [2024-08-24T11:29:15.153+0000] {dagbag.py:587} INFO - Filling up the DagBag from /home/airflow/.local/lib/python3.12/site-packages/airflow/example_dags/example_sensors.py
[2024-08-24T11:29:15.159+0000] {processor.py:925} INFO - DAG(s) 'example_sensors' retrieved from /home/airflow/.local/lib/python3.12/site-packages/airflow/example_dags/example_sensors.py
[2024-08-24T11:29:15.175+0000] {logging_mixin.py:190} INFO - [2024-08-24T11:29:15.175+0000] {dag.py:3211} INFO - Sync 1 DAGs
[2024-08-24T11:29:15.188+0000] {logging_mixin.py:190} INFO - [2024-08-24T11:29:15.188+0000] {dag.py:4138} INFO - Setting next_dagrun for example_sensors to None, run_after=None
[2024-08-24T11:29:15.201+0000] {processor.py:208} INFO - Processing /home/airflow/.local/lib/python3.12/site-packages/airflow/example_dags/example_sensors.py took 0.054 seconds
[2024-08-24T11:29:45.306+0000] {processor.py:186} INFO - Started process (PID=1151) to work on /home/airflow/.local/lib/python3.12/site-packages/airflow/example_dags/example_sensors.py
[2024-08-24T11:29:45.306+0000] {processor.py:914} INFO - Processing file /home/airflow/.local/lib/python3.12/site-packages/airflow/example_dags/example_sensors.py for tasks to queue
[2024-08-24T11:29:45.307+0000] {logging_mixin.py:190} INFO - [2024-08-24T11:29:45.307+0000] {dagbag.py:587} INFO - Filling up the DagBag from /home/airflow/.local/lib/python3.12/site-packages/airflow/example_dags/example_sensors.py
[2024-08-24T11:29:45.313+0000] {processor.py:925} INFO - DAG(s) 'example_sensors' retrieved from /home/airflow/.local/lib/python3.12/site-packages/airflow/example_dags/example_sensors.py
[2024-08-24T11:29:45.333+0000] {logging_mixin.py:190} INFO - [2024-08-24T11:29:45.333+0000] {dag.py:3211} INFO - Sync 1 DAGs
[2024-08-24T11:29:45.344+0000] {logging_mixin.py:190} INFO - [2024-08-24T11:29:45.344+0000] {dag.py:4138} INFO - Setting next_dagrun for example_sensors to None, run_after=None
[2024-08-24T11:29:45.357+0000] {processor.py:208} INFO - Processing /home/airflow/.local/lib/python3.12/site-packages/airflow/example_dags/example_sensors.py took 0.054 seconds
[2024-08-24T11:30:16.286+0000] {processor.py:186} INFO - Started process (PID=1213) to work on /home/airflow/.local/lib/python3.12/site-packages/airflow/example_dags/example_sensors.py
[2024-08-24T11:30:16.286+0000] {processor.py:914} INFO - Processing file /home/airflow/.local/lib/python3.12/site-packages/airflow/example_dags/example_sensors.py for tasks to queue
[2024-08-24T11:30:16.287+0000] {logging_mixin.py:190} INFO - [2024-08-24T11:30:16.287+0000] {dagbag.py:587} INFO - Filling up the DagBag from /home/airflow/.local/lib/python3.12/site-packages/airflow/example_dags/example_sensors.py
[2024-08-24T11:30:16.293+0000] {processor.py:925} INFO - DAG(s) 'example_sensors' retrieved from /home/airflow/.local/lib/python3.12/site-packages/airflow/example_dags/example_sensors.py
[2024-08-24T11:30:16.308+0000] {logging_mixin.py:190} INFO - [2024-08-24T11:30:16.308+0000] {dag.py:3211} INFO - Sync 1 DAGs
[2024-08-24T11:30:16.317+0000] {logging_mixin.py:190} INFO - [2024-08-24T11:30:16.316+0000] {dag.py:4138} INFO - Setting next_dagrun for example_sensors to None, run_after=None
[2024-08-24T11:30:16.326+0000] {processor.py:208} INFO - Processing /home/airflow/.local/lib/python3.12/site-packages/airflow/example_dags/example_sensors.py took 0.043 seconds
[2024-08-24T11:30:47.349+0000] {processor.py:186} INFO - Started process (PID=1275) to work on /home/airflow/.local/lib/python3.12/site-packages/airflow/example_dags/example_sensors.py
[2024-08-24T11:30:47.350+0000] {processor.py:914} INFO - Processing file /home/airflow/.local/lib/python3.12/site-packages/airflow/example_dags/example_sensors.py for tasks to queue
[2024-08-24T11:30:47.351+0000] {logging_mixin.py:190} INFO - [2024-08-24T11:30:47.351+0000] {dagbag.py:587} INFO - Filling up the DagBag from /home/airflow/.local/lib/python3.12/site-packages/airflow/example_dags/example_sensors.py
[2024-08-24T11:30:47.356+0000] {processor.py:925} INFO - DAG(s) 'example_sensors' retrieved from /home/airflow/.local/lib/python3.12/site-packages/airflow/example_dags/example_sensors.py
[2024-08-24T11:30:47.374+0000] {logging_mixin.py:190} INFO - [2024-08-24T11:30:47.374+0000] {dag.py:3211} INFO - Sync 1 DAGs
[2024-08-24T11:30:47.384+0000] {logging_mixin.py:190} INFO - [2024-08-24T11:30:47.384+0000] {dag.py:4138} INFO - Setting next_dagrun for example_sensors to None, run_after=None
[2024-08-24T11:30:47.397+0000] {processor.py:208} INFO - Processing /home/airflow/.local/lib/python3.12/site-packages/airflow/example_dags/example_sensors.py took 0.051 seconds
[2024-08-24T11:31:18.405+0000] {processor.py:186} INFO - Started process (PID=1337) to work on /home/airflow/.local/lib/python3.12/site-packages/airflow/example_dags/example_sensors.py
[2024-08-24T11:31:18.405+0000] {processor.py:914} INFO - Processing file /home/airflow/.local/lib/python3.12/site-packages/airflow/example_dags/example_sensors.py for tasks to queue
[2024-08-24T11:31:18.406+0000] {logging_mixin.py:190} INFO - [2024-08-24T11:31:18.406+0000] {dagbag.py:587} INFO - Filling up the DagBag from /home/airflow/.local/lib/python3.12/site-packages/airflow/example_dags/example_sensors.py
[2024-08-24T11:31:18.412+0000] {processor.py:925} INFO - DAG(s) 'example_sensors' retrieved from /home/airflow/.local/lib/python3.12/site-packages/airflow/example_dags/example_sensors.py
[2024-08-24T11:31:18.427+0000] {logging_mixin.py:190} INFO - [2024-08-24T11:31:18.427+0000] {dag.py:3211} INFO - Sync 1 DAGs
[2024-08-24T11:31:18.436+0000] {logging_mixin.py:190} INFO - [2024-08-24T11:31:18.435+0000] {dag.py:4138} INFO - Setting next_dagrun for example_sensors to None, run_after=None
[2024-08-24T11:31:18.449+0000] {processor.py:208} INFO - Processing /home/airflow/.local/lib/python3.12/site-packages/airflow/example_dags/example_sensors.py took 0.048 seconds
[2024-08-24T11:31:49.520+0000] {processor.py:186} INFO - Started process (PID=1399) to work on /home/airflow/.local/lib/python3.12/site-packages/airflow/example_dags/example_sensors.py
[2024-08-24T11:31:49.520+0000] {processor.py:914} INFO - Processing file /home/airflow/.local/lib/python3.12/site-packages/airflow/example_dags/example_sensors.py for tasks to queue
[2024-08-24T11:31:49.521+0000] {logging_mixin.py:190} INFO - [2024-08-24T11:31:49.521+0000] {dagbag.py:587} INFO - Filling up the DagBag from /home/airflow/.local/lib/python3.12/site-packages/airflow/example_dags/example_sensors.py
[2024-08-24T11:31:49.527+0000] {processor.py:925} INFO - DAG(s) 'example_sensors' retrieved from /home/airflow/.local/lib/python3.12/site-packages/airflow/example_dags/example_sensors.py
[2024-08-24T11:31:49.544+0000] {logging_mixin.py:190} INFO - [2024-08-24T11:31:49.543+0000] {dag.py:3211} INFO - Sync 1 DAGs
[2024-08-24T11:31:49.555+0000] {logging_mixin.py:190} INFO - [2024-08-24T11:31:49.554+0000] {dag.py:4138} INFO - Setting next_dagrun for example_sensors to None, run_after=None
[2024-08-24T11:31:49.564+0000] {processor.py:208} INFO - Processing /home/airflow/.local/lib/python3.12/site-packages/airflow/example_dags/example_sensors.py took 0.047 seconds
[2024-08-24T11:32:19.618+0000] {processor.py:186} INFO - Started process (PID=1461) to work on /home/airflow/.local/lib/python3.12/site-packages/airflow/example_dags/example_sensors.py
[2024-08-24T11:32:19.618+0000] {processor.py:914} INFO - Processing file /home/airflow/.local/lib/python3.12/site-packages/airflow/example_dags/example_sensors.py for tasks to queue
[2024-08-24T11:32:19.619+0000] {logging_mixin.py:190} INFO - [2024-08-24T11:32:19.619+0000] {dagbag.py:587} INFO - Filling up the DagBag from /home/airflow/.local/lib/python3.12/site-packages/airflow/example_dags/example_sensors.py
[2024-08-24T11:32:19.625+0000] {processor.py:925} INFO - DAG(s) 'example_sensors' retrieved from /home/airflow/.local/lib/python3.12/site-packages/airflow/example_dags/example_sensors.py
[2024-08-24T11:32:19.640+0000] {logging_mixin.py:190} INFO - [2024-08-24T11:32:19.640+0000] {dag.py:3211} INFO - Sync 1 DAGs
[2024-08-24T11:32:19.652+0000] {logging_mixin.py:190} INFO - [2024-08-24T11:32:19.652+0000] {dag.py:4138} INFO - Setting next_dagrun for example_sensors to None, run_after=None
[2024-08-24T11:32:19.668+0000] {processor.py:208} INFO - Processing /home/airflow/.local/lib/python3.12/site-packages/airflow/example_dags/example_sensors.py took 0.053 seconds
[2024-08-24T11:32:49.927+0000] {processor.py:186} INFO - Started process (PID=1523) to work on /home/airflow/.local/lib/python3.12/site-packages/airflow/example_dags/example_sensors.py
[2024-08-24T11:32:49.928+0000] {processor.py:914} INFO - Processing file /home/airflow/.local/lib/python3.12/site-packages/airflow/example_dags/example_sensors.py for tasks to queue
[2024-08-24T11:32:49.929+0000] {logging_mixin.py:190} INFO - [2024-08-24T11:32:49.929+0000] {dagbag.py:587} INFO - Filling up the DagBag from /home/airflow/.local/lib/python3.12/site-packages/airflow/example_dags/example_sensors.py
[2024-08-24T11:32:49.934+0000] {processor.py:925} INFO - DAG(s) 'example_sensors' retrieved from /home/airflow/.local/lib/python3.12/site-packages/airflow/example_dags/example_sensors.py
[2024-08-24T11:32:49.947+0000] {logging_mixin.py:190} INFO - [2024-08-24T11:32:49.947+0000] {dag.py:3211} INFO - Sync 1 DAGs
[2024-08-24T11:32:49.954+0000] {logging_mixin.py:190} INFO - [2024-08-24T11:32:49.954+0000] {dag.py:4138} INFO - Setting next_dagrun for example_sensors to None, run_after=None
[2024-08-24T11:32:49.963+0000] {processor.py:208} INFO - Processing /home/airflow/.local/lib/python3.12/site-packages/airflow/example_dags/example_sensors.py took 0.040 seconds
[2024-08-24T11:33:20.096+0000] {processor.py:186} INFO - Started process (PID=1585) to work on /home/airflow/.local/lib/python3.12/site-packages/airflow/example_dags/example_sensors.py
[2024-08-24T11:33:20.097+0000] {processor.py:914} INFO - Processing file /home/airflow/.local/lib/python3.12/site-packages/airflow/example_dags/example_sensors.py for tasks to queue
[2024-08-24T11:33:20.098+0000] {logging_mixin.py:190} INFO - [2024-08-24T11:33:20.098+0000] {dagbag.py:587} INFO - Filling up the DagBag from /home/airflow/.local/lib/python3.12/site-packages/airflow/example_dags/example_sensors.py
[2024-08-24T11:33:20.104+0000] {processor.py:925} INFO - DAG(s) 'example_sensors' retrieved from /home/airflow/.local/lib/python3.12/site-packages/airflow/example_dags/example_sensors.py
[2024-08-24T11:33:20.123+0000] {logging_mixin.py:190} INFO - [2024-08-24T11:33:20.123+0000] {dag.py:3211} INFO - Sync 1 DAGs
[2024-08-24T11:33:20.134+0000] {logging_mixin.py:190} INFO - [2024-08-24T11:33:20.134+0000] {dag.py:4138} INFO - Setting next_dagrun for example_sensors to None, run_after=None
[2024-08-24T11:33:20.147+0000] {processor.py:208} INFO - Processing /home/airflow/.local/lib/python3.12/site-packages/airflow/example_dags/example_sensors.py took 0.054 seconds
[2024-08-24T11:33:50.369+0000] {processor.py:186} INFO - Started process (PID=1647) to work on /home/airflow/.local/lib/python3.12/site-packages/airflow/example_dags/example_sensors.py
[2024-08-24T11:33:50.370+0000] {processor.py:914} INFO - Processing file /home/airflow/.local/lib/python3.12/site-packages/airflow/example_dags/example_sensors.py for tasks to queue
[2024-08-24T11:33:50.371+0000] {logging_mixin.py:190} INFO - [2024-08-24T11:33:50.371+0000] {dagbag.py:587} INFO - Filling up the DagBag from /home/airflow/.local/lib/python3.12/site-packages/airflow/example_dags/example_sensors.py
[2024-08-24T11:33:50.377+0000] {processor.py:925} INFO - DAG(s) 'example_sensors' retrieved from /home/airflow/.local/lib/python3.12/site-packages/airflow/example_dags/example_sensors.py
[2024-08-24T11:33:50.391+0000] {logging_mixin.py:190} INFO - [2024-08-24T11:33:50.391+0000] {dag.py:3211} INFO - Sync 1 DAGs
[2024-08-24T11:33:50.398+0000] {logging_mixin.py:190} INFO - [2024-08-24T11:33:50.398+0000] {dag.py:4138} INFO - Setting next_dagrun for example_sensors to None, run_after=None
[2024-08-24T11:33:50.410+0000] {processor.py:208} INFO - Processing /home/airflow/.local/lib/python3.12/site-packages/airflow/example_dags/example_sensors.py took 0.045 seconds
[2024-08-24T11:34:20.583+0000] {processor.py:186} INFO - Started process (PID=1709) to work on /home/airflow/.local/lib/python3.12/site-packages/airflow/example_dags/example_sensors.py
[2024-08-24T11:34:20.584+0000] {processor.py:914} INFO - Processing file /home/airflow/.local/lib/python3.12/site-packages/airflow/example_dags/example_sensors.py for tasks to queue
[2024-08-24T11:34:20.585+0000] {logging_mixin.py:190} INFO - [2024-08-24T11:34:20.585+0000] {dagbag.py:587} INFO - Filling up the DagBag from /home/airflow/.local/lib/python3.12/site-packages/airflow/example_dags/example_sensors.py
[2024-08-24T11:34:20.591+0000] {processor.py:925} INFO - DAG(s) 'example_sensors' retrieved from /home/airflow/.local/lib/python3.12/site-packages/airflow/example_dags/example_sensors.py
[2024-08-24T11:34:20.610+0000] {logging_mixin.py:190} INFO - [2024-08-24T11:34:20.610+0000] {dag.py:3211} INFO - Sync 1 DAGs
[2024-08-24T11:34:20.620+0000] {logging_mixin.py:190} INFO - [2024-08-24T11:34:20.620+0000] {dag.py:4138} INFO - Setting next_dagrun for example_sensors to None, run_after=None
[2024-08-24T11:34:20.633+0000] {processor.py:208} INFO - Processing /home/airflow/.local/lib/python3.12/site-packages/airflow/example_dags/example_sensors.py took 0.053 seconds
[2024-08-24T11:34:50.784+0000] {processor.py:186} INFO - Started process (PID=1771) to work on /home/airflow/.local/lib/python3.12/site-packages/airflow/example_dags/example_sensors.py
[2024-08-24T11:34:50.784+0000] {processor.py:914} INFO - Processing file /home/airflow/.local/lib/python3.12/site-packages/airflow/example_dags/example_sensors.py for tasks to queue
[2024-08-24T11:34:50.786+0000] {logging_mixin.py:190} INFO - [2024-08-24T11:34:50.786+0000] {dagbag.py:587} INFO - Filling up the DagBag from /home/airflow/.local/lib/python3.12/site-packages/airflow/example_dags/example_sensors.py
[2024-08-24T11:34:50.792+0000] {processor.py:925} INFO - DAG(s) 'example_sensors' retrieved from /home/airflow/.local/lib/python3.12/site-packages/airflow/example_dags/example_sensors.py
[2024-08-24T11:34:50.810+0000] {logging_mixin.py:190} INFO - [2024-08-24T11:34:50.809+0000] {dag.py:3211} INFO - Sync 1 DAGs
[2024-08-24T11:34:50.823+0000] {logging_mixin.py:190} INFO - [2024-08-24T11:34:50.822+0000] {dag.py:4138} INFO - Setting next_dagrun for example_sensors to None, run_after=None
[2024-08-24T11:34:50.838+0000] {processor.py:208} INFO - Processing /home/airflow/.local/lib/python3.12/site-packages/airflow/example_dags/example_sensors.py took 0.058 seconds
[2024-08-24T11:35:21.069+0000] {processor.py:186} INFO - Started process (PID=1833) to work on /home/airflow/.local/lib/python3.12/site-packages/airflow/example_dags/example_sensors.py
[2024-08-24T11:35:21.070+0000] {processor.py:914} INFO - Processing file /home/airflow/.local/lib/python3.12/site-packages/airflow/example_dags/example_sensors.py for tasks to queue
[2024-08-24T11:35:21.072+0000] {logging_mixin.py:190} INFO - [2024-08-24T11:35:21.071+0000] {dagbag.py:587} INFO - Filling up the DagBag from /home/airflow/.local/lib/python3.12/site-packages/airflow/example_dags/example_sensors.py
[2024-08-24T11:35:21.078+0000] {processor.py:925} INFO - DAG(s) 'example_sensors' retrieved from /home/airflow/.local/lib/python3.12/site-packages/airflow/example_dags/example_sensors.py
[2024-08-24T11:35:21.092+0000] {logging_mixin.py:190} INFO - [2024-08-24T11:35:21.091+0000] {dag.py:3211} INFO - Sync 1 DAGs
[2024-08-24T11:35:21.099+0000] {logging_mixin.py:190} INFO - [2024-08-24T11:35:21.099+0000] {dag.py:4138} INFO - Setting next_dagrun for example_sensors to None, run_after=None
[2024-08-24T11:35:21.108+0000] {processor.py:208} INFO - Processing /home/airflow/.local/lib/python3.12/site-packages/airflow/example_dags/example_sensors.py took 0.043 seconds
[2024-08-24T11:35:51.373+0000] {processor.py:186} INFO - Started process (PID=1895) to work on /home/airflow/.local/lib/python3.12/site-packages/airflow/example_dags/example_sensors.py
[2024-08-24T11:35:51.374+0000] {processor.py:914} INFO - Processing file /home/airflow/.local/lib/python3.12/site-packages/airflow/example_dags/example_sensors.py for tasks to queue
[2024-08-24T11:35:51.375+0000] {logging_mixin.py:190} INFO - [2024-08-24T11:35:51.374+0000] {dagbag.py:587} INFO - Filling up the DagBag from /home/airflow/.local/lib/python3.12/site-packages/airflow/example_dags/example_sensors.py
[2024-08-24T11:35:51.380+0000] {processor.py:925} INFO - DAG(s) 'example_sensors' retrieved from /home/airflow/.local/lib/python3.12/site-packages/airflow/example_dags/example_sensors.py
[2024-08-24T11:35:51.394+0000] {logging_mixin.py:190} INFO - [2024-08-24T11:35:51.394+0000] {dag.py:3211} INFO - Sync 1 DAGs
[2024-08-24T11:35:51.402+0000] {logging_mixin.py:190} INFO - [2024-08-24T11:35:51.402+0000] {dag.py:4138} INFO - Setting next_dagrun for example_sensors to None, run_after=None
[2024-08-24T11:35:51.412+0000] {processor.py:208} INFO - Processing /home/airflow/.local/lib/python3.12/site-packages/airflow/example_dags/example_sensors.py took 0.043 seconds
[2024-08-24T11:36:21.843+0000] {processor.py:186} INFO - Started process (PID=1957) to work on /home/airflow/.local/lib/python3.12/site-packages/airflow/example_dags/example_sensors.py
[2024-08-24T11:36:21.844+0000] {processor.py:914} INFO - Processing file /home/airflow/.local/lib/python3.12/site-packages/airflow/example_dags/example_sensors.py for tasks to queue
[2024-08-24T11:36:21.845+0000] {logging_mixin.py:190} INFO - [2024-08-24T11:36:21.845+0000] {dagbag.py:587} INFO - Filling up the DagBag from /home/airflow/.local/lib/python3.12/site-packages/airflow/example_dags/example_sensors.py
[2024-08-24T11:36:21.850+0000] {processor.py:925} INFO - DAG(s) 'example_sensors' retrieved from /home/airflow/.local/lib/python3.12/site-packages/airflow/example_dags/example_sensors.py
[2024-08-24T11:36:21.865+0000] {logging_mixin.py:190} INFO - [2024-08-24T11:36:21.865+0000] {dag.py:3211} INFO - Sync 1 DAGs
[2024-08-24T11:36:21.875+0000] {logging_mixin.py:190} INFO - [2024-08-24T11:36:21.875+0000] {dag.py:4138} INFO - Setting next_dagrun for example_sensors to None, run_after=None
[2024-08-24T11:36:21.885+0000] {processor.py:208} INFO - Processing /home/airflow/.local/lib/python3.12/site-packages/airflow/example_dags/example_sensors.py took 0.044 seconds
[2024-08-24T11:36:52.061+0000] {processor.py:186} INFO - Started process (PID=2019) to work on /home/airflow/.local/lib/python3.12/site-packages/airflow/example_dags/example_sensors.py
[2024-08-24T11:36:52.061+0000] {processor.py:914} INFO - Processing file /home/airflow/.local/lib/python3.12/site-packages/airflow/example_dags/example_sensors.py for tasks to queue
[2024-08-24T11:36:52.062+0000] {logging_mixin.py:190} INFO - [2024-08-24T11:36:52.062+0000] {dagbag.py:587} INFO - Filling up the DagBag from /home/airflow/.local/lib/python3.12/site-packages/airflow/example_dags/example_sensors.py
[2024-08-24T11:36:52.068+0000] {processor.py:925} INFO - DAG(s) 'example_sensors' retrieved from /home/airflow/.local/lib/python3.12/site-packages/airflow/example_dags/example_sensors.py
[2024-08-24T11:36:52.087+0000] {logging_mixin.py:190} INFO - [2024-08-24T11:36:52.087+0000] {dag.py:3211} INFO - Sync 1 DAGs
[2024-08-24T11:36:52.096+0000] {logging_mixin.py:190} INFO - [2024-08-24T11:36:52.096+0000] {dag.py:4138} INFO - Setting next_dagrun for example_sensors to None, run_after=None
[2024-08-24T11:36:52.108+0000] {processor.py:208} INFO - Processing /home/airflow/.local/lib/python3.12/site-packages/airflow/example_dags/example_sensors.py took 0.050 seconds
[2024-08-24T11:37:22.414+0000] {processor.py:186} INFO - Started process (PID=2081) to work on /home/airflow/.local/lib/python3.12/site-packages/airflow/example_dags/example_sensors.py
[2024-08-24T11:37:22.415+0000] {processor.py:914} INFO - Processing file /home/airflow/.local/lib/python3.12/site-packages/airflow/example_dags/example_sensors.py for tasks to queue
[2024-08-24T11:37:22.416+0000] {logging_mixin.py:190} INFO - [2024-08-24T11:37:22.416+0000] {dagbag.py:587} INFO - Filling up the DagBag from /home/airflow/.local/lib/python3.12/site-packages/airflow/example_dags/example_sensors.py
[2024-08-24T11:37:22.421+0000] {processor.py:925} INFO - DAG(s) 'example_sensors' retrieved from /home/airflow/.local/lib/python3.12/site-packages/airflow/example_dags/example_sensors.py
[2024-08-24T11:37:22.437+0000] {logging_mixin.py:190} INFO - [2024-08-24T11:37:22.437+0000] {dag.py:3211} INFO - Sync 1 DAGs
[2024-08-24T11:37:22.450+0000] {logging_mixin.py:190} INFO - [2024-08-24T11:37:22.450+0000] {dag.py:4138} INFO - Setting next_dagrun for example_sensors to None, run_after=None
[2024-08-24T11:37:22.459+0000] {processor.py:208} INFO - Processing /home/airflow/.local/lib/python3.12/site-packages/airflow/example_dags/example_sensors.py took 0.049 seconds
[2024-08-24T11:37:52.993+0000] {processor.py:186} INFO - Started process (PID=2144) to work on /home/airflow/.local/lib/python3.12/site-packages/airflow/example_dags/example_sensors.py
[2024-08-24T11:37:52.994+0000] {processor.py:914} INFO - Processing file /home/airflow/.local/lib/python3.12/site-packages/airflow/example_dags/example_sensors.py for tasks to queue
[2024-08-24T11:37:52.995+0000] {logging_mixin.py:190} INFO - [2024-08-24T11:37:52.995+0000] {dagbag.py:587} INFO - Filling up the DagBag from /home/airflow/.local/lib/python3.12/site-packages/airflow/example_dags/example_sensors.py
[2024-08-24T11:37:53.003+0000] {processor.py:925} INFO - DAG(s) 'example_sensors' retrieved from /home/airflow/.local/lib/python3.12/site-packages/airflow/example_dags/example_sensors.py
[2024-08-24T11:37:53.019+0000] {logging_mixin.py:190} INFO - [2024-08-24T11:37:53.019+0000] {dag.py:3211} INFO - Sync 1 DAGs
[2024-08-24T11:37:53.029+0000] {logging_mixin.py:190} INFO - [2024-08-24T11:37:53.028+0000] {dag.py:4138} INFO - Setting next_dagrun for example_sensors to None, run_after=None
[2024-08-24T11:37:53.040+0000] {processor.py:208} INFO - Processing /home/airflow/.local/lib/python3.12/site-packages/airflow/example_dags/example_sensors.py took 0.051 seconds
[2024-08-24T11:38:23.516+0000] {processor.py:186} INFO - Started process (PID=2206) to work on /home/airflow/.local/lib/python3.12/site-packages/airflow/example_dags/example_sensors.py
[2024-08-24T11:38:23.517+0000] {processor.py:914} INFO - Processing file /home/airflow/.local/lib/python3.12/site-packages/airflow/example_dags/example_sensors.py for tasks to queue
[2024-08-24T11:38:23.518+0000] {logging_mixin.py:190} INFO - [2024-08-24T11:38:23.518+0000] {dagbag.py:587} INFO - Filling up the DagBag from /home/airflow/.local/lib/python3.12/site-packages/airflow/example_dags/example_sensors.py
[2024-08-24T11:38:23.523+0000] {processor.py:925} INFO - DAG(s) 'example_sensors' retrieved from /home/airflow/.local/lib/python3.12/site-packages/airflow/example_dags/example_sensors.py
[2024-08-24T11:38:23.537+0000] {logging_mixin.py:190} INFO - [2024-08-24T11:38:23.537+0000] {dag.py:3211} INFO - Sync 1 DAGs
[2024-08-24T11:38:23.544+0000] {logging_mixin.py:190} INFO - [2024-08-24T11:38:23.543+0000] {dag.py:4138} INFO - Setting next_dagrun for example_sensors to None, run_after=None
[2024-08-24T11:38:23.553+0000] {processor.py:208} INFO - Processing /home/airflow/.local/lib/python3.12/site-packages/airflow/example_dags/example_sensors.py took 0.039 seconds
[2024-08-24T11:38:53.990+0000] {processor.py:186} INFO - Started process (PID=2267) to work on /home/airflow/.local/lib/python3.12/site-packages/airflow/example_dags/example_sensors.py
[2024-08-24T11:38:53.990+0000] {processor.py:914} INFO - Processing file /home/airflow/.local/lib/python3.12/site-packages/airflow/example_dags/example_sensors.py for tasks to queue
[2024-08-24T11:38:53.991+0000] {logging_mixin.py:190} INFO - [2024-08-24T11:38:53.991+0000] {dagbag.py:587} INFO - Filling up the DagBag from /home/airflow/.local/lib/python3.12/site-packages/airflow/example_dags/example_sensors.py
[2024-08-24T11:38:53.997+0000] {processor.py:925} INFO - DAG(s) 'example_sensors' retrieved from /home/airflow/.local/lib/python3.12/site-packages/airflow/example_dags/example_sensors.py
[2024-08-24T11:38:54.012+0000] {logging_mixin.py:190} INFO - [2024-08-24T11:38:54.012+0000] {dag.py:3211} INFO - Sync 1 DAGs
[2024-08-24T11:38:54.019+0000] {logging_mixin.py:190} INFO - [2024-08-24T11:38:54.019+0000] {dag.py:4138} INFO - Setting next_dagrun for example_sensors to None, run_after=None
[2024-08-24T11:38:54.028+0000] {processor.py:208} INFO - Processing /home/airflow/.local/lib/python3.12/site-packages/airflow/example_dags/example_sensors.py took 0.041 seconds
[2024-08-24T11:39:24.672+0000] {processor.py:186} INFO - Started process (PID=2329) to work on /home/airflow/.local/lib/python3.12/site-packages/airflow/example_dags/example_sensors.py
[2024-08-24T11:39:24.673+0000] {processor.py:914} INFO - Processing file /home/airflow/.local/lib/python3.12/site-packages/airflow/example_dags/example_sensors.py for tasks to queue
[2024-08-24T11:39:24.674+0000] {logging_mixin.py:190} INFO - [2024-08-24T11:39:24.674+0000] {dagbag.py:587} INFO - Filling up the DagBag from /home/airflow/.local/lib/python3.12/site-packages/airflow/example_dags/example_sensors.py
[2024-08-24T11:39:24.679+0000] {processor.py:925} INFO - DAG(s) 'example_sensors' retrieved from /home/airflow/.local/lib/python3.12/site-packages/airflow/example_dags/example_sensors.py
[2024-08-24T11:39:24.698+0000] {logging_mixin.py:190} INFO - [2024-08-24T11:39:24.698+0000] {dag.py:3211} INFO - Sync 1 DAGs
[2024-08-24T11:39:24.706+0000] {logging_mixin.py:190} INFO - [2024-08-24T11:39:24.706+0000] {dag.py:4138} INFO - Setting next_dagrun for example_sensors to None, run_after=None
[2024-08-24T11:39:24.716+0000] {processor.py:208} INFO - Processing /home/airflow/.local/lib/python3.12/site-packages/airflow/example_dags/example_sensors.py took 0.048 seconds
[2024-08-24T11:39:55.184+0000] {processor.py:186} INFO - Started process (PID=2391) to work on /home/airflow/.local/lib/python3.12/site-packages/airflow/example_dags/example_sensors.py
[2024-08-24T11:39:55.184+0000] {processor.py:914} INFO - Processing file /home/airflow/.local/lib/python3.12/site-packages/airflow/example_dags/example_sensors.py for tasks to queue
[2024-08-24T11:39:55.186+0000] {logging_mixin.py:190} INFO - [2024-08-24T11:39:55.185+0000] {dagbag.py:587} INFO - Filling up the DagBag from /home/airflow/.local/lib/python3.12/site-packages/airflow/example_dags/example_sensors.py
[2024-08-24T11:39:55.191+0000] {processor.py:925} INFO - DAG(s) 'example_sensors' retrieved from /home/airflow/.local/lib/python3.12/site-packages/airflow/example_dags/example_sensors.py
[2024-08-24T11:39:55.204+0000] {logging_mixin.py:190} INFO - [2024-08-24T11:39:55.204+0000] {dag.py:3211} INFO - Sync 1 DAGs
[2024-08-24T11:39:55.212+0000] {logging_mixin.py:190} INFO - [2024-08-24T11:39:55.212+0000] {dag.py:4138} INFO - Setting next_dagrun for example_sensors to None, run_after=None
[2024-08-24T11:39:55.225+0000] {processor.py:208} INFO - Processing /home/airflow/.local/lib/python3.12/site-packages/airflow/example_dags/example_sensors.py took 0.046 seconds
[2024-08-24T11:40:25.734+0000] {processor.py:186} INFO - Started process (PID=2453) to work on /home/airflow/.local/lib/python3.12/site-packages/airflow/example_dags/example_sensors.py
[2024-08-24T11:40:25.735+0000] {processor.py:914} INFO - Processing file /home/airflow/.local/lib/python3.12/site-packages/airflow/example_dags/example_sensors.py for tasks to queue
[2024-08-24T11:40:25.736+0000] {logging_mixin.py:190} INFO - [2024-08-24T11:40:25.736+0000] {dagbag.py:587} INFO - Filling up the DagBag from /home/airflow/.local/lib/python3.12/site-packages/airflow/example_dags/example_sensors.py
[2024-08-24T11:40:25.741+0000] {processor.py:925} INFO - DAG(s) 'example_sensors' retrieved from /home/airflow/.local/lib/python3.12/site-packages/airflow/example_dags/example_sensors.py
[2024-08-24T11:40:25.754+0000] {logging_mixin.py:190} INFO - [2024-08-24T11:40:25.754+0000] {dag.py:3211} INFO - Sync 1 DAGs
[2024-08-24T11:40:25.761+0000] {logging_mixin.py:190} INFO - [2024-08-24T11:40:25.761+0000] {dag.py:4138} INFO - Setting next_dagrun for example_sensors to None, run_after=None
[2024-08-24T11:40:25.770+0000] {processor.py:208} INFO - Processing /home/airflow/.local/lib/python3.12/site-packages/airflow/example_dags/example_sensors.py took 0.040 seconds
[2024-08-24T11:40:56.412+0000] {processor.py:186} INFO - Started process (PID=2515) to work on /home/airflow/.local/lib/python3.12/site-packages/airflow/example_dags/example_sensors.py
[2024-08-24T11:40:56.413+0000] {processor.py:914} INFO - Processing file /home/airflow/.local/lib/python3.12/site-packages/airflow/example_dags/example_sensors.py for tasks to queue
[2024-08-24T11:40:56.414+0000] {logging_mixin.py:190} INFO - [2024-08-24T11:40:56.414+0000] {dagbag.py:587} INFO - Filling up the DagBag from /home/airflow/.local/lib/python3.12/site-packages/airflow/example_dags/example_sensors.py
[2024-08-24T11:40:56.419+0000] {processor.py:925} INFO - DAG(s) 'example_sensors' retrieved from /home/airflow/.local/lib/python3.12/site-packages/airflow/example_dags/example_sensors.py
[2024-08-24T11:40:56.433+0000] {logging_mixin.py:190} INFO - [2024-08-24T11:40:56.433+0000] {dag.py:3211} INFO - Sync 1 DAGs
[2024-08-24T11:40:56.440+0000] {logging_mixin.py:190} INFO - [2024-08-24T11:40:56.440+0000] {dag.py:4138} INFO - Setting next_dagrun for example_sensors to None, run_after=None
[2024-08-24T11:40:56.449+0000] {processor.py:208} INFO - Processing /home/airflow/.local/lib/python3.12/site-packages/airflow/example_dags/example_sensors.py took 0.041 seconds
[2024-08-24T11:41:26.939+0000] {processor.py:186} INFO - Started process (PID=2577) to work on /home/airflow/.local/lib/python3.12/site-packages/airflow/example_dags/example_sensors.py
[2024-08-24T11:41:26.939+0000] {processor.py:914} INFO - Processing file /home/airflow/.local/lib/python3.12/site-packages/airflow/example_dags/example_sensors.py for tasks to queue
[2024-08-24T11:41:26.941+0000] {logging_mixin.py:190} INFO - [2024-08-24T11:41:26.940+0000] {dagbag.py:587} INFO - Filling up the DagBag from /home/airflow/.local/lib/python3.12/site-packages/airflow/example_dags/example_sensors.py
[2024-08-24T11:41:26.946+0000] {processor.py:925} INFO - DAG(s) 'example_sensors' retrieved from /home/airflow/.local/lib/python3.12/site-packages/airflow/example_dags/example_sensors.py
[2024-08-24T11:41:26.962+0000] {logging_mixin.py:190} INFO - [2024-08-24T11:41:26.961+0000] {dag.py:3211} INFO - Sync 1 DAGs
[2024-08-24T11:41:26.970+0000] {logging_mixin.py:190} INFO - [2024-08-24T11:41:26.970+0000] {dag.py:4138} INFO - Setting next_dagrun for example_sensors to None, run_after=None
[2024-08-24T11:41:26.979+0000] {processor.py:208} INFO - Processing /home/airflow/.local/lib/python3.12/site-packages/airflow/example_dags/example_sensors.py took 0.044 seconds
[2024-08-24T11:41:57.447+0000] {processor.py:186} INFO - Started process (PID=2639) to work on /home/airflow/.local/lib/python3.12/site-packages/airflow/example_dags/example_sensors.py
[2024-08-24T11:41:57.447+0000] {processor.py:914} INFO - Processing file /home/airflow/.local/lib/python3.12/site-packages/airflow/example_dags/example_sensors.py for tasks to queue
[2024-08-24T11:41:57.449+0000] {logging_mixin.py:190} INFO - [2024-08-24T11:41:57.448+0000] {dagbag.py:587} INFO - Filling up the DagBag from /home/airflow/.local/lib/python3.12/site-packages/airflow/example_dags/example_sensors.py
[2024-08-24T11:41:57.455+0000] {processor.py:925} INFO - DAG(s) 'example_sensors' retrieved from /home/airflow/.local/lib/python3.12/site-packages/airflow/example_dags/example_sensors.py
[2024-08-24T11:41:57.473+0000] {logging_mixin.py:190} INFO - [2024-08-24T11:41:57.473+0000] {dag.py:3211} INFO - Sync 1 DAGs
[2024-08-24T11:41:57.482+0000] {logging_mixin.py:190} INFO - [2024-08-24T11:41:57.482+0000] {dag.py:4138} INFO - Setting next_dagrun for example_sensors to None, run_after=None
[2024-08-24T11:41:57.494+0000] {processor.py:208} INFO - Processing /home/airflow/.local/lib/python3.12/site-packages/airflow/example_dags/example_sensors.py took 0.052 seconds
[2024-08-24T11:42:27.885+0000] {processor.py:186} INFO - Started process (PID=2701) to work on /home/airflow/.local/lib/python3.12/site-packages/airflow/example_dags/example_sensors.py
[2024-08-24T11:42:27.886+0000] {processor.py:914} INFO - Processing file /home/airflow/.local/lib/python3.12/site-packages/airflow/example_dags/example_sensors.py for tasks to queue
[2024-08-24T11:42:27.887+0000] {logging_mixin.py:190} INFO - [2024-08-24T11:42:27.887+0000] {dagbag.py:587} INFO - Filling up the DagBag from /home/airflow/.local/lib/python3.12/site-packages/airflow/example_dags/example_sensors.py
[2024-08-24T11:42:27.893+0000] {processor.py:925} INFO - DAG(s) 'example_sensors' retrieved from /home/airflow/.local/lib/python3.12/site-packages/airflow/example_dags/example_sensors.py
[2024-08-24T11:42:27.912+0000] {logging_mixin.py:190} INFO - [2024-08-24T11:42:27.912+0000] {dag.py:3211} INFO - Sync 1 DAGs
[2024-08-24T11:42:27.920+0000] {logging_mixin.py:190} INFO - [2024-08-24T11:42:27.920+0000] {dag.py:4138} INFO - Setting next_dagrun for example_sensors to None, run_after=None
[2024-08-24T11:42:27.929+0000] {processor.py:208} INFO - Processing /home/airflow/.local/lib/python3.12/site-packages/airflow/example_dags/example_sensors.py took 0.049 seconds
[2024-08-24T11:42:58.321+0000] {processor.py:186} INFO - Started process (PID=2763) to work on /home/airflow/.local/lib/python3.12/site-packages/airflow/example_dags/example_sensors.py
[2024-08-24T11:42:58.321+0000] {processor.py:914} INFO - Processing file /home/airflow/.local/lib/python3.12/site-packages/airflow/example_dags/example_sensors.py for tasks to queue
[2024-08-24T11:42:58.322+0000] {logging_mixin.py:190} INFO - [2024-08-24T11:42:58.322+0000] {dagbag.py:587} INFO - Filling up the DagBag from /home/airflow/.local/lib/python3.12/site-packages/airflow/example_dags/example_sensors.py
[2024-08-24T11:42:58.327+0000] {processor.py:925} INFO - DAG(s) 'example_sensors' retrieved from /home/airflow/.local/lib/python3.12/site-packages/airflow/example_dags/example_sensors.py
[2024-08-24T11:42:58.344+0000] {logging_mixin.py:190} INFO - [2024-08-24T11:42:58.344+0000] {dag.py:3211} INFO - Sync 1 DAGs
[2024-08-24T11:42:58.352+0000] {logging_mixin.py:190} INFO - [2024-08-24T11:42:58.351+0000] {dag.py:4138} INFO - Setting next_dagrun for example_sensors to None, run_after=None
[2024-08-24T11:42:58.361+0000] {processor.py:208} INFO - Processing /home/airflow/.local/lib/python3.12/site-packages/airflow/example_dags/example_sensors.py took 0.045 seconds
[2024-08-24T11:43:28.787+0000] {processor.py:186} INFO - Started process (PID=2825) to work on /home/airflow/.local/lib/python3.12/site-packages/airflow/example_dags/example_sensors.py
[2024-08-24T11:43:28.788+0000] {processor.py:914} INFO - Processing file /home/airflow/.local/lib/python3.12/site-packages/airflow/example_dags/example_sensors.py for tasks to queue
[2024-08-24T11:43:28.789+0000] {logging_mixin.py:190} INFO - [2024-08-24T11:43:28.789+0000] {dagbag.py:587} INFO - Filling up the DagBag from /home/airflow/.local/lib/python3.12/site-packages/airflow/example_dags/example_sensors.py
[2024-08-24T11:43:28.795+0000] {processor.py:925} INFO - DAG(s) 'example_sensors' retrieved from /home/airflow/.local/lib/python3.12/site-packages/airflow/example_dags/example_sensors.py
[2024-08-24T11:43:28.811+0000] {logging_mixin.py:190} INFO - [2024-08-24T11:43:28.811+0000] {dag.py:3211} INFO - Sync 1 DAGs
[2024-08-24T11:43:28.821+0000] {logging_mixin.py:190} INFO - [2024-08-24T11:43:28.821+0000] {dag.py:4138} INFO - Setting next_dagrun for example_sensors to None, run_after=None
[2024-08-24T11:43:28.834+0000] {processor.py:208} INFO - Processing /home/airflow/.local/lib/python3.12/site-packages/airflow/example_dags/example_sensors.py took 0.049 seconds
[2024-08-24T11:43:59.387+0000] {processor.py:186} INFO - Started process (PID=2887) to work on /home/airflow/.local/lib/python3.12/site-packages/airflow/example_dags/example_sensors.py
[2024-08-24T11:43:59.388+0000] {processor.py:914} INFO - Processing file /home/airflow/.local/lib/python3.12/site-packages/airflow/example_dags/example_sensors.py for tasks to queue
[2024-08-24T11:43:59.389+0000] {logging_mixin.py:190} INFO - [2024-08-24T11:43:59.388+0000] {dagbag.py:587} INFO - Filling up the DagBag from /home/airflow/.local/lib/python3.12/site-packages/airflow/example_dags/example_sensors.py
[2024-08-24T11:43:59.394+0000] {processor.py:925} INFO - DAG(s) 'example_sensors' retrieved from /home/airflow/.local/lib/python3.12/site-packages/airflow/example_dags/example_sensors.py
[2024-08-24T11:43:59.410+0000] {logging_mixin.py:190} INFO - [2024-08-24T11:43:59.410+0000] {dag.py:3211} INFO - Sync 1 DAGs
[2024-08-24T11:43:59.418+0000] {logging_mixin.py:190} INFO - [2024-08-24T11:43:59.417+0000] {dag.py:4138} INFO - Setting next_dagrun for example_sensors to None, run_after=None
[2024-08-24T11:43:59.426+0000] {processor.py:208} INFO - Processing /home/airflow/.local/lib/python3.12/site-packages/airflow/example_dags/example_sensors.py took 0.042 seconds
[2024-08-24T11:44:29.693+0000] {processor.py:186} INFO - Started process (PID=2949) to work on /home/airflow/.local/lib/python3.12/site-packages/airflow/example_dags/example_sensors.py
[2024-08-24T11:44:29.693+0000] {processor.py:914} INFO - Processing file /home/airflow/.local/lib/python3.12/site-packages/airflow/example_dags/example_sensors.py for tasks to queue
[2024-08-24T11:44:29.694+0000] {logging_mixin.py:190} INFO - [2024-08-24T11:44:29.694+0000] {dagbag.py:587} INFO - Filling up the DagBag from /home/airflow/.local/lib/python3.12/site-packages/airflow/example_dags/example_sensors.py
[2024-08-24T11:44:29.700+0000] {processor.py:925} INFO - DAG(s) 'example_sensors' retrieved from /home/airflow/.local/lib/python3.12/site-packages/airflow/example_dags/example_sensors.py
[2024-08-24T11:44:29.717+0000] {logging_mixin.py:190} INFO - [2024-08-24T11:44:29.716+0000] {dag.py:3211} INFO - Sync 1 DAGs
[2024-08-24T11:44:29.729+0000] {logging_mixin.py:190} INFO - [2024-08-24T11:44:29.729+0000] {dag.py:4138} INFO - Setting next_dagrun for example_sensors to None, run_after=None
[2024-08-24T11:44:29.739+0000] {processor.py:208} INFO - Processing /home/airflow/.local/lib/python3.12/site-packages/airflow/example_dags/example_sensors.py took 0.050 seconds
[2024-08-24T11:45:00.640+0000] {processor.py:186} INFO - Started process (PID=3012) to work on /home/airflow/.local/lib/python3.12/site-packages/airflow/example_dags/example_sensors.py
[2024-08-24T11:45:00.641+0000] {processor.py:914} INFO - Processing file /home/airflow/.local/lib/python3.12/site-packages/airflow/example_dags/example_sensors.py for tasks to queue
[2024-08-24T11:45:00.642+0000] {logging_mixin.py:190} INFO - [2024-08-24T11:45:00.642+0000] {dagbag.py:587} INFO - Filling up the DagBag from /home/airflow/.local/lib/python3.12/site-packages/airflow/example_dags/example_sensors.py
[2024-08-24T11:45:00.648+0000] {processor.py:925} INFO - DAG(s) 'example_sensors' retrieved from /home/airflow/.local/lib/python3.12/site-packages/airflow/example_dags/example_sensors.py
[2024-08-24T11:45:00.668+0000] {logging_mixin.py:190} INFO - [2024-08-24T11:45:00.668+0000] {dag.py:3211} INFO - Sync 1 DAGs
[2024-08-24T11:45:00.773+0000] {logging_mixin.py:190} INFO - [2024-08-24T11:45:00.772+0000] {dag.py:4138} INFO - Setting next_dagrun for example_sensors to None, run_after=None
[2024-08-24T11:45:00.786+0000] {processor.py:208} INFO - Processing /home/airflow/.local/lib/python3.12/site-packages/airflow/example_dags/example_sensors.py took 0.149 seconds
[2024-08-24T11:45:31.621+0000] {processor.py:186} INFO - Started process (PID=3075) to work on /home/airflow/.local/lib/python3.12/site-packages/airflow/example_dags/example_sensors.py
[2024-08-24T11:45:31.622+0000] {processor.py:914} INFO - Processing file /home/airflow/.local/lib/python3.12/site-packages/airflow/example_dags/example_sensors.py for tasks to queue
[2024-08-24T11:45:31.623+0000] {logging_mixin.py:190} INFO - [2024-08-24T11:45:31.623+0000] {dagbag.py:587} INFO - Filling up the DagBag from /home/airflow/.local/lib/python3.12/site-packages/airflow/example_dags/example_sensors.py
[2024-08-24T11:45:31.628+0000] {processor.py:925} INFO - DAG(s) 'example_sensors' retrieved from /home/airflow/.local/lib/python3.12/site-packages/airflow/example_dags/example_sensors.py
[2024-08-24T11:45:31.643+0000] {logging_mixin.py:190} INFO - [2024-08-24T11:45:31.642+0000] {dag.py:3211} INFO - Sync 1 DAGs
[2024-08-24T11:45:31.650+0000] {logging_mixin.py:190} INFO - [2024-08-24T11:45:31.650+0000] {dag.py:4138} INFO - Setting next_dagrun for example_sensors to None, run_after=None
[2024-08-24T11:45:31.660+0000] {processor.py:208} INFO - Processing /home/airflow/.local/lib/python3.12/site-packages/airflow/example_dags/example_sensors.py took 0.043 seconds
[2024-08-24T11:46:01.809+0000] {processor.py:186} INFO - Started process (PID=3137) to work on /home/airflow/.local/lib/python3.12/site-packages/airflow/example_dags/example_sensors.py
[2024-08-24T11:46:01.809+0000] {processor.py:914} INFO - Processing file /home/airflow/.local/lib/python3.12/site-packages/airflow/example_dags/example_sensors.py for tasks to queue
[2024-08-24T11:46:01.811+0000] {logging_mixin.py:190} INFO - [2024-08-24T11:46:01.810+0000] {dagbag.py:587} INFO - Filling up the DagBag from /home/airflow/.local/lib/python3.12/site-packages/airflow/example_dags/example_sensors.py
[2024-08-24T11:46:01.816+0000] {processor.py:925} INFO - DAG(s) 'example_sensors' retrieved from /home/airflow/.local/lib/python3.12/site-packages/airflow/example_dags/example_sensors.py
[2024-08-24T11:46:01.832+0000] {logging_mixin.py:190} INFO - [2024-08-24T11:46:01.832+0000] {dag.py:3211} INFO - Sync 1 DAGs
[2024-08-24T11:46:01.841+0000] {logging_mixin.py:190} INFO - [2024-08-24T11:46:01.841+0000] {dag.py:4138} INFO - Setting next_dagrun for example_sensors to None, run_after=None
[2024-08-24T11:46:01.850+0000] {processor.py:208} INFO - Processing /home/airflow/.local/lib/python3.12/site-packages/airflow/example_dags/example_sensors.py took 0.045 seconds
[2024-08-24T11:46:32.727+0000] {processor.py:186} INFO - Started process (PID=3199) to work on /home/airflow/.local/lib/python3.12/site-packages/airflow/example_dags/example_sensors.py
[2024-08-24T11:46:32.728+0000] {processor.py:914} INFO - Processing file /home/airflow/.local/lib/python3.12/site-packages/airflow/example_dags/example_sensors.py for tasks to queue
[2024-08-24T11:46:32.729+0000] {logging_mixin.py:190} INFO - [2024-08-24T11:46:32.728+0000] {dagbag.py:587} INFO - Filling up the DagBag from /home/airflow/.local/lib/python3.12/site-packages/airflow/example_dags/example_sensors.py
[2024-08-24T11:46:32.734+0000] {processor.py:925} INFO - DAG(s) 'example_sensors' retrieved from /home/airflow/.local/lib/python3.12/site-packages/airflow/example_dags/example_sensors.py
[2024-08-24T11:46:32.749+0000] {logging_mixin.py:190} INFO - [2024-08-24T11:46:32.749+0000] {dag.py:3211} INFO - Sync 1 DAGs
[2024-08-24T11:46:32.757+0000] {logging_mixin.py:190} INFO - [2024-08-24T11:46:32.756+0000] {dag.py:4138} INFO - Setting next_dagrun for example_sensors to None, run_after=None
[2024-08-24T11:46:32.766+0000] {processor.py:208} INFO - Processing /home/airflow/.local/lib/python3.12/site-packages/airflow/example_dags/example_sensors.py took 0.042 seconds
[2024-08-24T11:47:03.705+0000] {processor.py:186} INFO - Started process (PID=3261) to work on /home/airflow/.local/lib/python3.12/site-packages/airflow/example_dags/example_sensors.py
[2024-08-24T11:47:03.706+0000] {processor.py:914} INFO - Processing file /home/airflow/.local/lib/python3.12/site-packages/airflow/example_dags/example_sensors.py for tasks to queue
[2024-08-24T11:47:03.708+0000] {logging_mixin.py:190} INFO - [2024-08-24T11:47:03.708+0000] {dagbag.py:587} INFO - Filling up the DagBag from /home/airflow/.local/lib/python3.12/site-packages/airflow/example_dags/example_sensors.py
[2024-08-24T11:47:03.811+0000] {processor.py:925} INFO - DAG(s) 'example_sensors' retrieved from /home/airflow/.local/lib/python3.12/site-packages/airflow/example_dags/example_sensors.py
[2024-08-24T11:47:03.823+0000] {logging_mixin.py:190} INFO - [2024-08-24T11:47:03.822+0000] {dag.py:3211} INFO - Sync 1 DAGs
[2024-08-24T11:47:03.830+0000] {logging_mixin.py:190} INFO - [2024-08-24T11:47:03.829+0000] {dag.py:4138} INFO - Setting next_dagrun for example_sensors to None, run_after=None
[2024-08-24T11:47:03.838+0000] {processor.py:208} INFO - Processing /home/airflow/.local/lib/python3.12/site-packages/airflow/example_dags/example_sensors.py took 0.135 seconds
[2024-08-24T11:47:34.527+0000] {processor.py:186} INFO - Started process (PID=3323) to work on /home/airflow/.local/lib/python3.12/site-packages/airflow/example_dags/example_sensors.py
[2024-08-24T11:47:34.528+0000] {processor.py:914} INFO - Processing file /home/airflow/.local/lib/python3.12/site-packages/airflow/example_dags/example_sensors.py for tasks to queue
[2024-08-24T11:47:34.529+0000] {logging_mixin.py:190} INFO - [2024-08-24T11:47:34.529+0000] {dagbag.py:587} INFO - Filling up the DagBag from /home/airflow/.local/lib/python3.12/site-packages/airflow/example_dags/example_sensors.py
[2024-08-24T11:47:34.538+0000] {processor.py:925} INFO - DAG(s) 'example_sensors' retrieved from /home/airflow/.local/lib/python3.12/site-packages/airflow/example_dags/example_sensors.py
[2024-08-24T11:47:34.554+0000] {logging_mixin.py:190} INFO - [2024-08-24T11:47:34.554+0000] {dag.py:3211} INFO - Sync 1 DAGs
[2024-08-24T11:47:34.562+0000] {logging_mixin.py:190} INFO - [2024-08-24T11:47:34.562+0000] {dag.py:4138} INFO - Setting next_dagrun for example_sensors to None, run_after=None
[2024-08-24T11:47:34.574+0000] {processor.py:208} INFO - Processing /home/airflow/.local/lib/python3.12/site-packages/airflow/example_dags/example_sensors.py took 0.052 seconds
[2024-08-24T11:48:04.879+0000] {processor.py:186} INFO - Started process (PID=3385) to work on /home/airflow/.local/lib/python3.12/site-packages/airflow/example_dags/example_sensors.py
[2024-08-24T11:48:04.880+0000] {processor.py:914} INFO - Processing file /home/airflow/.local/lib/python3.12/site-packages/airflow/example_dags/example_sensors.py for tasks to queue
[2024-08-24T11:48:04.881+0000] {logging_mixin.py:190} INFO - [2024-08-24T11:48:04.881+0000] {dagbag.py:587} INFO - Filling up the DagBag from /home/airflow/.local/lib/python3.12/site-packages/airflow/example_dags/example_sensors.py
[2024-08-24T11:48:04.887+0000] {processor.py:925} INFO - DAG(s) 'example_sensors' retrieved from /home/airflow/.local/lib/python3.12/site-packages/airflow/example_dags/example_sensors.py
[2024-08-24T11:48:04.901+0000] {logging_mixin.py:190} INFO - [2024-08-24T11:48:04.901+0000] {dag.py:3211} INFO - Sync 1 DAGs
[2024-08-24T11:48:04.909+0000] {logging_mixin.py:190} INFO - [2024-08-24T11:48:04.909+0000] {dag.py:4138} INFO - Setting next_dagrun for example_sensors to None, run_after=None
[2024-08-24T11:48:04.917+0000] {processor.py:208} INFO - Processing /home/airflow/.local/lib/python3.12/site-packages/airflow/example_dags/example_sensors.py took 0.042 seconds
[2024-08-24T11:48:35.126+0000] {processor.py:186} INFO - Started process (PID=3447) to work on /home/airflow/.local/lib/python3.12/site-packages/airflow/example_dags/example_sensors.py
[2024-08-24T11:48:35.126+0000] {processor.py:914} INFO - Processing file /home/airflow/.local/lib/python3.12/site-packages/airflow/example_dags/example_sensors.py for tasks to queue
[2024-08-24T11:48:35.128+0000] {logging_mixin.py:190} INFO - [2024-08-24T11:48:35.127+0000] {dagbag.py:587} INFO - Filling up the DagBag from /home/airflow/.local/lib/python3.12/site-packages/airflow/example_dags/example_sensors.py
[2024-08-24T11:48:35.133+0000] {processor.py:925} INFO - DAG(s) 'example_sensors' retrieved from /home/airflow/.local/lib/python3.12/site-packages/airflow/example_dags/example_sensors.py
[2024-08-24T11:48:35.150+0000] {logging_mixin.py:190} INFO - [2024-08-24T11:48:35.150+0000] {dag.py:3211} INFO - Sync 1 DAGs
[2024-08-24T11:48:35.161+0000] {logging_mixin.py:190} INFO - [2024-08-24T11:48:35.161+0000] {dag.py:4138} INFO - Setting next_dagrun for example_sensors to None, run_after=None
[2024-08-24T11:48:35.175+0000] {processor.py:208} INFO - Processing /home/airflow/.local/lib/python3.12/site-packages/airflow/example_dags/example_sensors.py took 0.052 seconds
[2024-08-24T11:49:05.441+0000] {processor.py:186} INFO - Started process (PID=3509) to work on /home/airflow/.local/lib/python3.12/site-packages/airflow/example_dags/example_sensors.py
[2024-08-24T11:49:05.442+0000] {processor.py:914} INFO - Processing file /home/airflow/.local/lib/python3.12/site-packages/airflow/example_dags/example_sensors.py for tasks to queue
[2024-08-24T11:49:05.443+0000] {logging_mixin.py:190} INFO - [2024-08-24T11:49:05.443+0000] {dagbag.py:587} INFO - Filling up the DagBag from /home/airflow/.local/lib/python3.12/site-packages/airflow/example_dags/example_sensors.py
[2024-08-24T11:49:05.449+0000] {processor.py:925} INFO - DAG(s) 'example_sensors' retrieved from /home/airflow/.local/lib/python3.12/site-packages/airflow/example_dags/example_sensors.py
[2024-08-24T11:49:05.462+0000] {logging_mixin.py:190} INFO - [2024-08-24T11:49:05.462+0000] {dag.py:3211} INFO - Sync 1 DAGs
[2024-08-24T11:49:05.471+0000] {logging_mixin.py:190} INFO - [2024-08-24T11:49:05.470+0000] {dag.py:4138} INFO - Setting next_dagrun for example_sensors to None, run_after=None
[2024-08-24T11:49:05.482+0000] {processor.py:208} INFO - Processing /home/airflow/.local/lib/python3.12/site-packages/airflow/example_dags/example_sensors.py took 0.046 seconds
[2024-08-24T11:49:35.772+0000] {processor.py:186} INFO - Started process (PID=3571) to work on /home/airflow/.local/lib/python3.12/site-packages/airflow/example_dags/example_sensors.py
[2024-08-24T11:49:35.772+0000] {processor.py:914} INFO - Processing file /home/airflow/.local/lib/python3.12/site-packages/airflow/example_dags/example_sensors.py for tasks to queue
[2024-08-24T11:49:35.773+0000] {logging_mixin.py:190} INFO - [2024-08-24T11:49:35.773+0000] {dagbag.py:587} INFO - Filling up the DagBag from /home/airflow/.local/lib/python3.12/site-packages/airflow/example_dags/example_sensors.py
[2024-08-24T11:49:35.779+0000] {processor.py:925} INFO - DAG(s) 'example_sensors' retrieved from /home/airflow/.local/lib/python3.12/site-packages/airflow/example_dags/example_sensors.py
[2024-08-24T11:49:35.795+0000] {logging_mixin.py:190} INFO - [2024-08-24T11:49:35.794+0000] {dag.py:3211} INFO - Sync 1 DAGs
[2024-08-24T11:49:35.806+0000] {logging_mixin.py:190} INFO - [2024-08-24T11:49:35.806+0000] {dag.py:4138} INFO - Setting next_dagrun for example_sensors to None, run_after=None
[2024-08-24T11:49:35.815+0000] {processor.py:208} INFO - Processing /home/airflow/.local/lib/python3.12/site-packages/airflow/example_dags/example_sensors.py took 0.046 seconds
[2024-08-24T11:50:06.093+0000] {processor.py:186} INFO - Started process (PID=3633) to work on /home/airflow/.local/lib/python3.12/site-packages/airflow/example_dags/example_sensors.py
[2024-08-24T11:50:06.094+0000] {processor.py:914} INFO - Processing file /home/airflow/.local/lib/python3.12/site-packages/airflow/example_dags/example_sensors.py for tasks to queue
[2024-08-24T11:50:06.095+0000] {logging_mixin.py:190} INFO - [2024-08-24T11:50:06.095+0000] {dagbag.py:587} INFO - Filling up the DagBag from /home/airflow/.local/lib/python3.12/site-packages/airflow/example_dags/example_sensors.py
[2024-08-24T11:50:06.101+0000] {processor.py:925} INFO - DAG(s) 'example_sensors' retrieved from /home/airflow/.local/lib/python3.12/site-packages/airflow/example_dags/example_sensors.py
[2024-08-24T11:50:06.115+0000] {logging_mixin.py:190} INFO - [2024-08-24T11:50:06.115+0000] {dag.py:3211} INFO - Sync 1 DAGs
[2024-08-24T11:50:06.122+0000] {logging_mixin.py:190} INFO - [2024-08-24T11:50:06.122+0000] {dag.py:4138} INFO - Setting next_dagrun for example_sensors to None, run_after=None
[2024-08-24T11:50:06.132+0000] {processor.py:208} INFO - Processing /home/airflow/.local/lib/python3.12/site-packages/airflow/example_dags/example_sensors.py took 0.042 seconds
[2024-08-24T11:50:36.466+0000] {processor.py:186} INFO - Started process (PID=3695) to work on /home/airflow/.local/lib/python3.12/site-packages/airflow/example_dags/example_sensors.py
[2024-08-24T11:50:36.466+0000] {processor.py:914} INFO - Processing file /home/airflow/.local/lib/python3.12/site-packages/airflow/example_dags/example_sensors.py for tasks to queue
[2024-08-24T11:50:36.468+0000] {logging_mixin.py:190} INFO - [2024-08-24T11:50:36.467+0000] {dagbag.py:587} INFO - Filling up the DagBag from /home/airflow/.local/lib/python3.12/site-packages/airflow/example_dags/example_sensors.py
[2024-08-24T11:50:36.473+0000] {processor.py:925} INFO - DAG(s) 'example_sensors' retrieved from /home/airflow/.local/lib/python3.12/site-packages/airflow/example_dags/example_sensors.py
[2024-08-24T11:50:36.489+0000] {logging_mixin.py:190} INFO - [2024-08-24T11:50:36.489+0000] {dag.py:3211} INFO - Sync 1 DAGs
[2024-08-24T11:50:36.496+0000] {logging_mixin.py:190} INFO - [2024-08-24T11:50:36.496+0000] {dag.py:4138} INFO - Setting next_dagrun for example_sensors to None, run_after=None
[2024-08-24T11:50:36.505+0000] {processor.py:208} INFO - Processing /home/airflow/.local/lib/python3.12/site-packages/airflow/example_dags/example_sensors.py took 0.044 seconds
[2024-08-24T11:51:06.985+0000] {processor.py:186} INFO - Started process (PID=3757) to work on /home/airflow/.local/lib/python3.12/site-packages/airflow/example_dags/example_sensors.py
[2024-08-24T11:51:06.985+0000] {processor.py:914} INFO - Processing file /home/airflow/.local/lib/python3.12/site-packages/airflow/example_dags/example_sensors.py for tasks to queue
[2024-08-24T11:51:06.986+0000] {logging_mixin.py:190} INFO - [2024-08-24T11:51:06.986+0000] {dagbag.py:587} INFO - Filling up the DagBag from /home/airflow/.local/lib/python3.12/site-packages/airflow/example_dags/example_sensors.py
[2024-08-24T11:51:06.992+0000] {processor.py:925} INFO - DAG(s) 'example_sensors' retrieved from /home/airflow/.local/lib/python3.12/site-packages/airflow/example_dags/example_sensors.py
[2024-08-24T11:51:07.005+0000] {logging_mixin.py:190} INFO - [2024-08-24T11:51:07.005+0000] {dag.py:3211} INFO - Sync 1 DAGs
[2024-08-24T11:51:07.013+0000] {logging_mixin.py:190} INFO - [2024-08-24T11:51:07.013+0000] {dag.py:4138} INFO - Setting next_dagrun for example_sensors to None, run_after=None
[2024-08-24T11:51:07.022+0000] {processor.py:208} INFO - Processing /home/airflow/.local/lib/python3.12/site-packages/airflow/example_dags/example_sensors.py took 0.040 seconds
[2024-08-24T11:51:37.291+0000] {processor.py:186} INFO - Started process (PID=3819) to work on /home/airflow/.local/lib/python3.12/site-packages/airflow/example_dags/example_sensors.py
[2024-08-24T11:51:37.291+0000] {processor.py:914} INFO - Processing file /home/airflow/.local/lib/python3.12/site-packages/airflow/example_dags/example_sensors.py for tasks to queue
[2024-08-24T11:51:37.293+0000] {logging_mixin.py:190} INFO - [2024-08-24T11:51:37.292+0000] {dagbag.py:587} INFO - Filling up the DagBag from /home/airflow/.local/lib/python3.12/site-packages/airflow/example_dags/example_sensors.py
[2024-08-24T11:51:37.298+0000] {processor.py:925} INFO - DAG(s) 'example_sensors' retrieved from /home/airflow/.local/lib/python3.12/site-packages/airflow/example_dags/example_sensors.py
[2024-08-24T11:51:37.317+0000] {logging_mixin.py:190} INFO - [2024-08-24T11:51:37.316+0000] {dag.py:3211} INFO - Sync 1 DAGs
[2024-08-24T11:51:37.329+0000] {logging_mixin.py:190} INFO - [2024-08-24T11:51:37.329+0000] {dag.py:4138} INFO - Setting next_dagrun for example_sensors to None, run_after=None
[2024-08-24T11:51:37.342+0000] {processor.py:208} INFO - Processing /home/airflow/.local/lib/python3.12/site-packages/airflow/example_dags/example_sensors.py took 0.054 seconds
[2024-08-24T11:52:07.483+0000] {processor.py:186} INFO - Started process (PID=3881) to work on /home/airflow/.local/lib/python3.12/site-packages/airflow/example_dags/example_sensors.py
[2024-08-24T11:52:07.484+0000] {processor.py:914} INFO - Processing file /home/airflow/.local/lib/python3.12/site-packages/airflow/example_dags/example_sensors.py for tasks to queue
[2024-08-24T11:52:07.486+0000] {logging_mixin.py:190} INFO - [2024-08-24T11:52:07.485+0000] {dagbag.py:587} INFO - Filling up the DagBag from /home/airflow/.local/lib/python3.12/site-packages/airflow/example_dags/example_sensors.py
[2024-08-24T11:52:07.494+0000] {processor.py:925} INFO - DAG(s) 'example_sensors' retrieved from /home/airflow/.local/lib/python3.12/site-packages/airflow/example_dags/example_sensors.py
[2024-08-24T11:52:07.508+0000] {logging_mixin.py:190} INFO - [2024-08-24T11:52:07.508+0000] {dag.py:3211} INFO - Sync 1 DAGs
[2024-08-24T11:52:07.516+0000] {logging_mixin.py:190} INFO - [2024-08-24T11:52:07.516+0000] {dag.py:4138} INFO - Setting next_dagrun for example_sensors to None, run_after=None
[2024-08-24T11:52:07.525+0000] {processor.py:208} INFO - Processing /home/airflow/.local/lib/python3.12/site-packages/airflow/example_dags/example_sensors.py took 0.049 seconds
[2024-08-24T11:52:37.857+0000] {processor.py:186} INFO - Started process (PID=3943) to work on /home/airflow/.local/lib/python3.12/site-packages/airflow/example_dags/example_sensors.py
[2024-08-24T11:52:37.857+0000] {processor.py:914} INFO - Processing file /home/airflow/.local/lib/python3.12/site-packages/airflow/example_dags/example_sensors.py for tasks to queue
[2024-08-24T11:52:37.858+0000] {logging_mixin.py:190} INFO - [2024-08-24T11:52:37.858+0000] {dagbag.py:587} INFO - Filling up the DagBag from /home/airflow/.local/lib/python3.12/site-packages/airflow/example_dags/example_sensors.py
[2024-08-24T11:52:37.864+0000] {processor.py:925} INFO - DAG(s) 'example_sensors' retrieved from /home/airflow/.local/lib/python3.12/site-packages/airflow/example_dags/example_sensors.py
[2024-08-24T11:52:37.877+0000] {logging_mixin.py:190} INFO - [2024-08-24T11:52:37.877+0000] {dag.py:3211} INFO - Sync 1 DAGs
[2024-08-24T11:52:37.884+0000] {logging_mixin.py:190} INFO - [2024-08-24T11:52:37.884+0000] {dag.py:4138} INFO - Setting next_dagrun for example_sensors to None, run_after=None
[2024-08-24T11:52:37.894+0000] {processor.py:208} INFO - Processing /home/airflow/.local/lib/python3.12/site-packages/airflow/example_dags/example_sensors.py took 0.040 seconds
[2024-08-24T11:53:08.206+0000] {processor.py:186} INFO - Started process (PID=4005) to work on /home/airflow/.local/lib/python3.12/site-packages/airflow/example_dags/example_sensors.py
[2024-08-24T11:53:08.206+0000] {processor.py:914} INFO - Processing file /home/airflow/.local/lib/python3.12/site-packages/airflow/example_dags/example_sensors.py for tasks to queue
[2024-08-24T11:53:08.207+0000] {logging_mixin.py:190} INFO - [2024-08-24T11:53:08.207+0000] {dagbag.py:587} INFO - Filling up the DagBag from /home/airflow/.local/lib/python3.12/site-packages/airflow/example_dags/example_sensors.py
[2024-08-24T11:53:08.213+0000] {processor.py:925} INFO - DAG(s) 'example_sensors' retrieved from /home/airflow/.local/lib/python3.12/site-packages/airflow/example_dags/example_sensors.py
[2024-08-24T11:53:08.227+0000] {logging_mixin.py:190} INFO - [2024-08-24T11:53:08.227+0000] {dag.py:3211} INFO - Sync 1 DAGs
[2024-08-24T11:53:08.234+0000] {logging_mixin.py:190} INFO - [2024-08-24T11:53:08.234+0000] {dag.py:4138} INFO - Setting next_dagrun for example_sensors to None, run_after=None
[2024-08-24T11:53:08.243+0000] {processor.py:208} INFO - Processing /home/airflow/.local/lib/python3.12/site-packages/airflow/example_dags/example_sensors.py took 0.040 seconds
[2024-08-24T11:53:38.521+0000] {processor.py:186} INFO - Started process (PID=4068) to work on /home/airflow/.local/lib/python3.12/site-packages/airflow/example_dags/example_sensors.py
[2024-08-24T11:53:38.522+0000] {processor.py:914} INFO - Processing file /home/airflow/.local/lib/python3.12/site-packages/airflow/example_dags/example_sensors.py for tasks to queue
[2024-08-24T11:53:38.523+0000] {logging_mixin.py:190} INFO - [2024-08-24T11:53:38.523+0000] {dagbag.py:587} INFO - Filling up the DagBag from /home/airflow/.local/lib/python3.12/site-packages/airflow/example_dags/example_sensors.py
[2024-08-24T11:53:38.529+0000] {processor.py:925} INFO - DAG(s) 'example_sensors' retrieved from /home/airflow/.local/lib/python3.12/site-packages/airflow/example_dags/example_sensors.py
[2024-08-24T11:53:38.549+0000] {logging_mixin.py:190} INFO - [2024-08-24T11:53:38.549+0000] {dag.py:3211} INFO - Sync 1 DAGs
[2024-08-24T11:53:38.557+0000] {logging_mixin.py:190} INFO - [2024-08-24T11:53:38.556+0000] {dag.py:4138} INFO - Setting next_dagrun for example_sensors to None, run_after=None
[2024-08-24T11:53:38.565+0000] {processor.py:208} INFO - Processing /home/airflow/.local/lib/python3.12/site-packages/airflow/example_dags/example_sensors.py took 0.047 seconds
[2024-08-24T11:54:08.901+0000] {processor.py:186} INFO - Started process (PID=4130) to work on /home/airflow/.local/lib/python3.12/site-packages/airflow/example_dags/example_sensors.py
[2024-08-24T11:54:08.902+0000] {processor.py:914} INFO - Processing file /home/airflow/.local/lib/python3.12/site-packages/airflow/example_dags/example_sensors.py for tasks to queue
[2024-08-24T11:54:08.903+0000] {logging_mixin.py:190} INFO - [2024-08-24T11:54:08.903+0000] {dagbag.py:587} INFO - Filling up the DagBag from /home/airflow/.local/lib/python3.12/site-packages/airflow/example_dags/example_sensors.py
[2024-08-24T11:54:08.908+0000] {processor.py:925} INFO - DAG(s) 'example_sensors' retrieved from /home/airflow/.local/lib/python3.12/site-packages/airflow/example_dags/example_sensors.py
[2024-08-24T11:54:08.922+0000] {logging_mixin.py:190} INFO - [2024-08-24T11:54:08.922+0000] {dag.py:3211} INFO - Sync 1 DAGs
[2024-08-24T11:54:08.930+0000] {logging_mixin.py:190} INFO - [2024-08-24T11:54:08.929+0000] {dag.py:4138} INFO - Setting next_dagrun for example_sensors to None, run_after=None
[2024-08-24T11:54:08.938+0000] {processor.py:208} INFO - Processing /home/airflow/.local/lib/python3.12/site-packages/airflow/example_dags/example_sensors.py took 0.040 seconds
[2024-08-24T11:54:39.163+0000] {processor.py:186} INFO - Started process (PID=4192) to work on /home/airflow/.local/lib/python3.12/site-packages/airflow/example_dags/example_sensors.py
[2024-08-24T11:54:39.163+0000] {processor.py:914} INFO - Processing file /home/airflow/.local/lib/python3.12/site-packages/airflow/example_dags/example_sensors.py for tasks to queue
[2024-08-24T11:54:39.165+0000] {logging_mixin.py:190} INFO - [2024-08-24T11:54:39.164+0000] {dagbag.py:587} INFO - Filling up the DagBag from /home/airflow/.local/lib/python3.12/site-packages/airflow/example_dags/example_sensors.py
[2024-08-24T11:54:39.171+0000] {processor.py:925} INFO - DAG(s) 'example_sensors' retrieved from /home/airflow/.local/lib/python3.12/site-packages/airflow/example_dags/example_sensors.py
[2024-08-24T11:54:39.188+0000] {logging_mixin.py:190} INFO - [2024-08-24T11:54:39.188+0000] {dag.py:3211} INFO - Sync 1 DAGs
[2024-08-24T11:54:39.197+0000] {logging_mixin.py:190} INFO - [2024-08-24T11:54:39.197+0000] {dag.py:4138} INFO - Setting next_dagrun for example_sensors to None, run_after=None
[2024-08-24T11:54:39.213+0000] {processor.py:208} INFO - Processing /home/airflow/.local/lib/python3.12/site-packages/airflow/example_dags/example_sensors.py took 0.054 seconds
[2024-08-24T11:55:09.520+0000] {processor.py:186} INFO - Started process (PID=4254) to work on /home/airflow/.local/lib/python3.12/site-packages/airflow/example_dags/example_sensors.py
[2024-08-24T11:55:09.521+0000] {processor.py:914} INFO - Processing file /home/airflow/.local/lib/python3.12/site-packages/airflow/example_dags/example_sensors.py for tasks to queue
[2024-08-24T11:55:09.522+0000] {logging_mixin.py:190} INFO - [2024-08-24T11:55:09.522+0000] {dagbag.py:587} INFO - Filling up the DagBag from /home/airflow/.local/lib/python3.12/site-packages/airflow/example_dags/example_sensors.py
[2024-08-24T11:55:09.527+0000] {processor.py:925} INFO - DAG(s) 'example_sensors' retrieved from /home/airflow/.local/lib/python3.12/site-packages/airflow/example_dags/example_sensors.py
[2024-08-24T11:55:09.543+0000] {logging_mixin.py:190} INFO - [2024-08-24T11:55:09.543+0000] {dag.py:3211} INFO - Sync 1 DAGs
[2024-08-24T11:55:09.556+0000] {logging_mixin.py:190} INFO - [2024-08-24T11:55:09.556+0000] {dag.py:4138} INFO - Setting next_dagrun for example_sensors to None, run_after=None
[2024-08-24T11:55:09.569+0000] {processor.py:208} INFO - Processing /home/airflow/.local/lib/python3.12/site-packages/airflow/example_dags/example_sensors.py took 0.054 seconds
[2024-08-24T11:55:39.929+0000] {processor.py:186} INFO - Started process (PID=4316) to work on /home/airflow/.local/lib/python3.12/site-packages/airflow/example_dags/example_sensors.py
[2024-08-24T11:55:39.930+0000] {processor.py:914} INFO - Processing file /home/airflow/.local/lib/python3.12/site-packages/airflow/example_dags/example_sensors.py for tasks to queue
[2024-08-24T11:55:39.931+0000] {logging_mixin.py:190} INFO - [2024-08-24T11:55:39.931+0000] {dagbag.py:587} INFO - Filling up the DagBag from /home/airflow/.local/lib/python3.12/site-packages/airflow/example_dags/example_sensors.py
[2024-08-24T11:55:39.938+0000] {processor.py:925} INFO - DAG(s) 'example_sensors' retrieved from /home/airflow/.local/lib/python3.12/site-packages/airflow/example_dags/example_sensors.py
[2024-08-24T11:55:39.965+0000] {logging_mixin.py:190} INFO - [2024-08-24T11:55:39.965+0000] {dag.py:3211} INFO - Sync 1 DAGs
[2024-08-24T11:55:39.977+0000] {logging_mixin.py:190} INFO - [2024-08-24T11:55:39.977+0000] {dag.py:4138} INFO - Setting next_dagrun for example_sensors to None, run_after=None
[2024-08-24T11:55:39.989+0000] {processor.py:208} INFO - Processing /home/airflow/.local/lib/python3.12/site-packages/airflow/example_dags/example_sensors.py took 0.064 seconds
[2024-08-24T11:56:10.372+0000] {processor.py:186} INFO - Started process (PID=4378) to work on /home/airflow/.local/lib/python3.12/site-packages/airflow/example_dags/example_sensors.py
[2024-08-24T11:56:10.373+0000] {processor.py:914} INFO - Processing file /home/airflow/.local/lib/python3.12/site-packages/airflow/example_dags/example_sensors.py for tasks to queue
[2024-08-24T11:56:10.374+0000] {logging_mixin.py:190} INFO - [2024-08-24T11:56:10.374+0000] {dagbag.py:587} INFO - Filling up the DagBag from /home/airflow/.local/lib/python3.12/site-packages/airflow/example_dags/example_sensors.py
[2024-08-24T11:56:10.379+0000] {processor.py:925} INFO - DAG(s) 'example_sensors' retrieved from /home/airflow/.local/lib/python3.12/site-packages/airflow/example_dags/example_sensors.py
[2024-08-24T11:56:10.393+0000] {logging_mixin.py:190} INFO - [2024-08-24T11:56:10.392+0000] {dag.py:3211} INFO - Sync 1 DAGs
[2024-08-24T11:56:10.399+0000] {logging_mixin.py:190} INFO - [2024-08-24T11:56:10.399+0000] {dag.py:4138} INFO - Setting next_dagrun for example_sensors to None, run_after=None
[2024-08-24T11:56:10.413+0000] {processor.py:208} INFO - Processing /home/airflow/.local/lib/python3.12/site-packages/airflow/example_dags/example_sensors.py took 0.043 seconds
