[2024-08-24T11:21:08.685+0000] {processor.py:186} INFO - Started process (PID=96) to work on /home/airflow/.local/lib/python3.12/site-packages/airflow/example_dags/example_xcom.py
[2024-08-24T11:21:08.686+0000] {processor.py:914} INFO - Processing file /home/airflow/.local/lib/python3.12/site-packages/airflow/example_dags/example_xcom.py for tasks to queue
[2024-08-24T11:21:08.687+0000] {logging_mixin.py:190} INFO - [2024-08-24T11:21:08.687+0000] {dagbag.py:587} INFO - Filling up the DagBag from /home/airflow/.local/lib/python3.12/site-packages/airflow/example_dags/example_xcom.py
[2024-08-24T11:21:08.692+0000] {processor.py:925} INFO - DAG(s) 'example_xcom' retrieved from /home/airflow/.local/lib/python3.12/site-packages/airflow/example_dags/example_xcom.py
[2024-08-24T11:21:08.750+0000] {logging_mixin.py:190} INFO - [2024-08-24T11:21:08.749+0000] {override.py:1858} INFO - Created Permission View: can edit on DAG:example_xcom
[2024-08-24T11:21:08.757+0000] {logging_mixin.py:190} INFO - [2024-08-24T11:21:08.756+0000] {override.py:1858} INFO - Created Permission View: can read on DAG:example_xcom
[2024-08-24T11:21:08.760+0000] {logging_mixin.py:190} INFO - [2024-08-24T11:21:08.759+0000] {override.py:1858} INFO - Created Permission View: can delete on DAG:example_xcom
[2024-08-24T11:21:08.760+0000] {logging_mixin.py:190} INFO - [2024-08-24T11:21:08.760+0000] {dag.py:3211} INFO - Sync 1 DAGs
[2024-08-24T11:21:08.767+0000] {logging_mixin.py:190} INFO - [2024-08-24T11:21:08.767+0000] {dag.py:3234} INFO - Creating ORM DAG for example_xcom
[2024-08-24T11:21:08.772+0000] {logging_mixin.py:190} INFO - [2024-08-24T11:21:08.772+0000] {dag.py:4138} INFO - Setting next_dagrun for example_xcom to 2021-01-01 00:00:00+00:00, run_after=2021-01-01 00:00:00+00:00
[2024-08-24T11:21:08.784+0000] {processor.py:208} INFO - Processing /home/airflow/.local/lib/python3.12/site-packages/airflow/example_dags/example_xcom.py took 0.102 seconds
[2024-08-24T11:21:39.150+0000] {processor.py:186} INFO - Started process (PID=158) to work on /home/airflow/.local/lib/python3.12/site-packages/airflow/example_dags/example_xcom.py
[2024-08-24T11:21:39.150+0000] {processor.py:914} INFO - Processing file /home/airflow/.local/lib/python3.12/site-packages/airflow/example_dags/example_xcom.py for tasks to queue
[2024-08-24T11:21:39.151+0000] {logging_mixin.py:190} INFO - [2024-08-24T11:21:39.151+0000] {dagbag.py:587} INFO - Filling up the DagBag from /home/airflow/.local/lib/python3.12/site-packages/airflow/example_dags/example_xcom.py
[2024-08-24T11:21:39.156+0000] {processor.py:925} INFO - DAG(s) 'example_xcom' retrieved from /home/airflow/.local/lib/python3.12/site-packages/airflow/example_dags/example_xcom.py
[2024-08-24T11:21:39.167+0000] {logging_mixin.py:190} INFO - [2024-08-24T11:21:39.167+0000] {dag.py:3211} INFO - Sync 1 DAGs
[2024-08-24T11:21:39.179+0000] {logging_mixin.py:190} INFO - [2024-08-24T11:21:39.179+0000] {dag.py:4138} INFO - Setting next_dagrun for example_xcom to 2021-01-01 00:00:00+00:00, run_after=2021-01-01 00:00:00+00:00
[2024-08-24T11:21:39.188+0000] {processor.py:208} INFO - Processing /home/airflow/.local/lib/python3.12/site-packages/airflow/example_dags/example_xcom.py took 0.041 seconds
[2024-08-24T11:22:09.350+0000] {processor.py:186} INFO - Started process (PID=220) to work on /home/airflow/.local/lib/python3.12/site-packages/airflow/example_dags/example_xcom.py
[2024-08-24T11:22:09.350+0000] {processor.py:914} INFO - Processing file /home/airflow/.local/lib/python3.12/site-packages/airflow/example_dags/example_xcom.py for tasks to queue
[2024-08-24T11:22:09.351+0000] {logging_mixin.py:190} INFO - [2024-08-24T11:22:09.351+0000] {dagbag.py:587} INFO - Filling up the DagBag from /home/airflow/.local/lib/python3.12/site-packages/airflow/example_dags/example_xcom.py
[2024-08-24T11:22:09.358+0000] {processor.py:925} INFO - DAG(s) 'example_xcom' retrieved from /home/airflow/.local/lib/python3.12/site-packages/airflow/example_dags/example_xcom.py
[2024-08-24T11:22:09.372+0000] {logging_mixin.py:190} INFO - [2024-08-24T11:22:09.372+0000] {dag.py:3211} INFO - Sync 1 DAGs
[2024-08-24T11:22:09.391+0000] {logging_mixin.py:190} INFO - [2024-08-24T11:22:09.391+0000] {dag.py:4138} INFO - Setting next_dagrun for example_xcom to 2021-01-01 00:00:00+00:00, run_after=2021-01-01 00:00:00+00:00
[2024-08-24T11:22:09.407+0000] {processor.py:208} INFO - Processing /home/airflow/.local/lib/python3.12/site-packages/airflow/example_dags/example_xcom.py took 0.060 seconds
[2024-08-24T11:22:39.503+0000] {processor.py:186} INFO - Started process (PID=282) to work on /home/airflow/.local/lib/python3.12/site-packages/airflow/example_dags/example_xcom.py
[2024-08-24T11:22:39.503+0000] {processor.py:914} INFO - Processing file /home/airflow/.local/lib/python3.12/site-packages/airflow/example_dags/example_xcom.py for tasks to queue
[2024-08-24T11:22:39.505+0000] {logging_mixin.py:190} INFO - [2024-08-24T11:22:39.504+0000] {dagbag.py:587} INFO - Filling up the DagBag from /home/airflow/.local/lib/python3.12/site-packages/airflow/example_dags/example_xcom.py
[2024-08-24T11:22:39.509+0000] {processor.py:925} INFO - DAG(s) 'example_xcom' retrieved from /home/airflow/.local/lib/python3.12/site-packages/airflow/example_dags/example_xcom.py
[2024-08-24T11:22:39.520+0000] {logging_mixin.py:190} INFO - [2024-08-24T11:22:39.520+0000] {dag.py:3211} INFO - Sync 1 DAGs
[2024-08-24T11:22:39.531+0000] {logging_mixin.py:190} INFO - [2024-08-24T11:22:39.531+0000] {dag.py:4138} INFO - Setting next_dagrun for example_xcom to 2021-01-01 00:00:00+00:00, run_after=2021-01-01 00:00:00+00:00
[2024-08-24T11:22:39.540+0000] {processor.py:208} INFO - Processing /home/airflow/.local/lib/python3.12/site-packages/airflow/example_dags/example_xcom.py took 0.041 seconds
[2024-08-24T11:23:09.791+0000] {processor.py:186} INFO - Started process (PID=344) to work on /home/airflow/.local/lib/python3.12/site-packages/airflow/example_dags/example_xcom.py
[2024-08-24T11:23:09.791+0000] {processor.py:914} INFO - Processing file /home/airflow/.local/lib/python3.12/site-packages/airflow/example_dags/example_xcom.py for tasks to queue
[2024-08-24T11:23:09.792+0000] {logging_mixin.py:190} INFO - [2024-08-24T11:23:09.792+0000] {dagbag.py:587} INFO - Filling up the DagBag from /home/airflow/.local/lib/python3.12/site-packages/airflow/example_dags/example_xcom.py
[2024-08-24T11:23:09.797+0000] {processor.py:925} INFO - DAG(s) 'example_xcom' retrieved from /home/airflow/.local/lib/python3.12/site-packages/airflow/example_dags/example_xcom.py
[2024-08-24T11:23:09.813+0000] {logging_mixin.py:190} INFO - [2024-08-24T11:23:09.812+0000] {dag.py:3211} INFO - Sync 1 DAGs
[2024-08-24T11:23:09.832+0000] {logging_mixin.py:190} INFO - [2024-08-24T11:23:09.831+0000] {dag.py:4138} INFO - Setting next_dagrun for example_xcom to 2021-01-01 00:00:00+00:00, run_after=2021-01-01 00:00:00+00:00
[2024-08-24T11:23:09.845+0000] {processor.py:208} INFO - Processing /home/airflow/.local/lib/python3.12/site-packages/airflow/example_dags/example_xcom.py took 0.058 seconds
[2024-08-24T11:23:40.043+0000] {processor.py:186} INFO - Started process (PID=406) to work on /home/airflow/.local/lib/python3.12/site-packages/airflow/example_dags/example_xcom.py
[2024-08-24T11:23:40.043+0000] {processor.py:914} INFO - Processing file /home/airflow/.local/lib/python3.12/site-packages/airflow/example_dags/example_xcom.py for tasks to queue
[2024-08-24T11:23:40.044+0000] {logging_mixin.py:190} INFO - [2024-08-24T11:23:40.044+0000] {dagbag.py:587} INFO - Filling up the DagBag from /home/airflow/.local/lib/python3.12/site-packages/airflow/example_dags/example_xcom.py
[2024-08-24T11:23:40.049+0000] {processor.py:925} INFO - DAG(s) 'example_xcom' retrieved from /home/airflow/.local/lib/python3.12/site-packages/airflow/example_dags/example_xcom.py
[2024-08-24T11:23:40.060+0000] {logging_mixin.py:190} INFO - [2024-08-24T11:23:40.060+0000] {dag.py:3211} INFO - Sync 1 DAGs
[2024-08-24T11:23:40.072+0000] {logging_mixin.py:190} INFO - [2024-08-24T11:23:40.072+0000] {dag.py:4138} INFO - Setting next_dagrun for example_xcom to 2021-01-01 00:00:00+00:00, run_after=2021-01-01 00:00:00+00:00
[2024-08-24T11:23:40.081+0000] {processor.py:208} INFO - Processing /home/airflow/.local/lib/python3.12/site-packages/airflow/example_dags/example_xcom.py took 0.041 seconds
[2024-08-24T11:24:10.355+0000] {processor.py:186} INFO - Started process (PID=468) to work on /home/airflow/.local/lib/python3.12/site-packages/airflow/example_dags/example_xcom.py
[2024-08-24T11:24:10.355+0000] {processor.py:914} INFO - Processing file /home/airflow/.local/lib/python3.12/site-packages/airflow/example_dags/example_xcom.py for tasks to queue
[2024-08-24T11:24:10.357+0000] {logging_mixin.py:190} INFO - [2024-08-24T11:24:10.356+0000] {dagbag.py:587} INFO - Filling up the DagBag from /home/airflow/.local/lib/python3.12/site-packages/airflow/example_dags/example_xcom.py
[2024-08-24T11:24:10.361+0000] {processor.py:925} INFO - DAG(s) 'example_xcom' retrieved from /home/airflow/.local/lib/python3.12/site-packages/airflow/example_dags/example_xcom.py
[2024-08-24T11:24:10.371+0000] {logging_mixin.py:190} INFO - [2024-08-24T11:24:10.371+0000] {dag.py:3211} INFO - Sync 1 DAGs
[2024-08-24T11:24:10.382+0000] {logging_mixin.py:190} INFO - [2024-08-24T11:24:10.382+0000] {dag.py:4138} INFO - Setting next_dagrun for example_xcom to 2021-01-01 00:00:00+00:00, run_after=2021-01-01 00:00:00+00:00
[2024-08-24T11:24:10.391+0000] {processor.py:208} INFO - Processing /home/airflow/.local/lib/python3.12/site-packages/airflow/example_dags/example_xcom.py took 0.040 seconds
[2024-08-24T11:24:40.532+0000] {processor.py:186} INFO - Started process (PID=530) to work on /home/airflow/.local/lib/python3.12/site-packages/airflow/example_dags/example_xcom.py
[2024-08-24T11:24:40.533+0000] {processor.py:914} INFO - Processing file /home/airflow/.local/lib/python3.12/site-packages/airflow/example_dags/example_xcom.py for tasks to queue
[2024-08-24T11:24:40.534+0000] {logging_mixin.py:190} INFO - [2024-08-24T11:24:40.534+0000] {dagbag.py:587} INFO - Filling up the DagBag from /home/airflow/.local/lib/python3.12/site-packages/airflow/example_dags/example_xcom.py
[2024-08-24T11:24:40.540+0000] {processor.py:925} INFO - DAG(s) 'example_xcom' retrieved from /home/airflow/.local/lib/python3.12/site-packages/airflow/example_dags/example_xcom.py
[2024-08-24T11:24:40.556+0000] {logging_mixin.py:190} INFO - [2024-08-24T11:24:40.555+0000] {dag.py:3211} INFO - Sync 1 DAGs
[2024-08-24T11:24:40.572+0000] {logging_mixin.py:190} INFO - [2024-08-24T11:24:40.572+0000] {dag.py:4138} INFO - Setting next_dagrun for example_xcom to 2021-01-01 00:00:00+00:00, run_after=2021-01-01 00:00:00+00:00
[2024-08-24T11:24:40.586+0000] {processor.py:208} INFO - Processing /home/airflow/.local/lib/python3.12/site-packages/airflow/example_dags/example_xcom.py took 0.059 seconds
[2024-08-24T11:25:10.753+0000] {processor.py:186} INFO - Started process (PID=592) to work on /home/airflow/.local/lib/python3.12/site-packages/airflow/example_dags/example_xcom.py
[2024-08-24T11:25:10.753+0000] {processor.py:914} INFO - Processing file /home/airflow/.local/lib/python3.12/site-packages/airflow/example_dags/example_xcom.py for tasks to queue
[2024-08-24T11:25:10.754+0000] {logging_mixin.py:190} INFO - [2024-08-24T11:25:10.754+0000] {dagbag.py:587} INFO - Filling up the DagBag from /home/airflow/.local/lib/python3.12/site-packages/airflow/example_dags/example_xcom.py
[2024-08-24T11:25:10.760+0000] {processor.py:925} INFO - DAG(s) 'example_xcom' retrieved from /home/airflow/.local/lib/python3.12/site-packages/airflow/example_dags/example_xcom.py
[2024-08-24T11:25:10.778+0000] {logging_mixin.py:190} INFO - [2024-08-24T11:25:10.778+0000] {dag.py:3211} INFO - Sync 1 DAGs
[2024-08-24T11:25:10.796+0000] {logging_mixin.py:190} INFO - [2024-08-24T11:25:10.796+0000] {dag.py:4138} INFO - Setting next_dagrun for example_xcom to 2021-01-01 00:00:00+00:00, run_after=2021-01-01 00:00:00+00:00
[2024-08-24T11:25:10.810+0000] {processor.py:208} INFO - Processing /home/airflow/.local/lib/python3.12/site-packages/airflow/example_dags/example_xcom.py took 0.061 seconds
[2024-08-24T11:25:40.876+0000] {processor.py:186} INFO - Started process (PID=654) to work on /home/airflow/.local/lib/python3.12/site-packages/airflow/example_dags/example_xcom.py
[2024-08-24T11:25:40.877+0000] {processor.py:914} INFO - Processing file /home/airflow/.local/lib/python3.12/site-packages/airflow/example_dags/example_xcom.py for tasks to queue
[2024-08-24T11:25:40.878+0000] {logging_mixin.py:190} INFO - [2024-08-24T11:25:40.877+0000] {dagbag.py:587} INFO - Filling up the DagBag from /home/airflow/.local/lib/python3.12/site-packages/airflow/example_dags/example_xcom.py
[2024-08-24T11:25:40.882+0000] {processor.py:925} INFO - DAG(s) 'example_xcom' retrieved from /home/airflow/.local/lib/python3.12/site-packages/airflow/example_dags/example_xcom.py
[2024-08-24T11:25:40.892+0000] {logging_mixin.py:190} INFO - [2024-08-24T11:25:40.891+0000] {dag.py:3211} INFO - Sync 1 DAGs
[2024-08-24T11:25:40.902+0000] {logging_mixin.py:190} INFO - [2024-08-24T11:25:40.902+0000] {dag.py:4138} INFO - Setting next_dagrun for example_xcom to 2021-01-01 00:00:00+00:00, run_after=2021-01-01 00:00:00+00:00
[2024-08-24T11:25:40.913+0000] {processor.py:208} INFO - Processing /home/airflow/.local/lib/python3.12/site-packages/airflow/example_dags/example_xcom.py took 0.040 seconds
[2024-08-24T11:26:11.205+0000] {processor.py:186} INFO - Started process (PID=716) to work on /home/airflow/.local/lib/python3.12/site-packages/airflow/example_dags/example_xcom.py
[2024-08-24T11:26:11.206+0000] {processor.py:914} INFO - Processing file /home/airflow/.local/lib/python3.12/site-packages/airflow/example_dags/example_xcom.py for tasks to queue
[2024-08-24T11:26:11.207+0000] {logging_mixin.py:190} INFO - [2024-08-24T11:26:11.207+0000] {dagbag.py:587} INFO - Filling up the DagBag from /home/airflow/.local/lib/python3.12/site-packages/airflow/example_dags/example_xcom.py
[2024-08-24T11:26:11.212+0000] {processor.py:925} INFO - DAG(s) 'example_xcom' retrieved from /home/airflow/.local/lib/python3.12/site-packages/airflow/example_dags/example_xcom.py
[2024-08-24T11:26:11.226+0000] {logging_mixin.py:190} INFO - [2024-08-24T11:26:11.226+0000] {dag.py:3211} INFO - Sync 1 DAGs
[2024-08-24T11:26:11.242+0000] {logging_mixin.py:190} INFO - [2024-08-24T11:26:11.242+0000] {dag.py:4138} INFO - Setting next_dagrun for example_xcom to 2021-01-01 00:00:00+00:00, run_after=2021-01-01 00:00:00+00:00
[2024-08-24T11:26:11.255+0000] {processor.py:208} INFO - Processing /home/airflow/.local/lib/python3.12/site-packages/airflow/example_dags/example_xcom.py took 0.052 seconds
[2024-08-24T11:26:41.392+0000] {processor.py:186} INFO - Started process (PID=778) to work on /home/airflow/.local/lib/python3.12/site-packages/airflow/example_dags/example_xcom.py
[2024-08-24T11:26:41.392+0000] {processor.py:914} INFO - Processing file /home/airflow/.local/lib/python3.12/site-packages/airflow/example_dags/example_xcom.py for tasks to queue
[2024-08-24T11:26:41.393+0000] {logging_mixin.py:190} INFO - [2024-08-24T11:26:41.393+0000] {dagbag.py:587} INFO - Filling up the DagBag from /home/airflow/.local/lib/python3.12/site-packages/airflow/example_dags/example_xcom.py
[2024-08-24T11:26:41.398+0000] {processor.py:925} INFO - DAG(s) 'example_xcom' retrieved from /home/airflow/.local/lib/python3.12/site-packages/airflow/example_dags/example_xcom.py
[2024-08-24T11:26:41.410+0000] {logging_mixin.py:190} INFO - [2024-08-24T11:26:41.410+0000] {dag.py:3211} INFO - Sync 1 DAGs
[2024-08-24T11:26:41.422+0000] {logging_mixin.py:190} INFO - [2024-08-24T11:26:41.422+0000] {dag.py:4138} INFO - Setting next_dagrun for example_xcom to 2021-01-01 00:00:00+00:00, run_after=2021-01-01 00:00:00+00:00
[2024-08-24T11:26:41.431+0000] {processor.py:208} INFO - Processing /home/airflow/.local/lib/python3.12/site-packages/airflow/example_dags/example_xcom.py took 0.042 seconds
[2024-08-24T11:27:11.667+0000] {processor.py:186} INFO - Started process (PID=840) to work on /home/airflow/.local/lib/python3.12/site-packages/airflow/example_dags/example_xcom.py
[2024-08-24T11:27:11.668+0000] {processor.py:914} INFO - Processing file /home/airflow/.local/lib/python3.12/site-packages/airflow/example_dags/example_xcom.py for tasks to queue
[2024-08-24T11:27:11.669+0000] {logging_mixin.py:190} INFO - [2024-08-24T11:27:11.669+0000] {dagbag.py:587} INFO - Filling up the DagBag from /home/airflow/.local/lib/python3.12/site-packages/airflow/example_dags/example_xcom.py
[2024-08-24T11:27:11.674+0000] {processor.py:925} INFO - DAG(s) 'example_xcom' retrieved from /home/airflow/.local/lib/python3.12/site-packages/airflow/example_dags/example_xcom.py
[2024-08-24T11:27:11.687+0000] {logging_mixin.py:190} INFO - [2024-08-24T11:27:11.687+0000] {dag.py:3211} INFO - Sync 1 DAGs
[2024-08-24T11:27:11.703+0000] {logging_mixin.py:190} INFO - [2024-08-24T11:27:11.703+0000] {dag.py:4138} INFO - Setting next_dagrun for example_xcom to 2021-01-01 00:00:00+00:00, run_after=2021-01-01 00:00:00+00:00
[2024-08-24T11:27:11.711+0000] {processor.py:208} INFO - Processing /home/airflow/.local/lib/python3.12/site-packages/airflow/example_dags/example_xcom.py took 0.047 seconds
[2024-08-24T11:27:41.995+0000] {processor.py:186} INFO - Started process (PID=902) to work on /home/airflow/.local/lib/python3.12/site-packages/airflow/example_dags/example_xcom.py
[2024-08-24T11:27:41.996+0000] {processor.py:914} INFO - Processing file /home/airflow/.local/lib/python3.12/site-packages/airflow/example_dags/example_xcom.py for tasks to queue
[2024-08-24T11:27:41.997+0000] {logging_mixin.py:190} INFO - [2024-08-24T11:27:41.996+0000] {dagbag.py:587} INFO - Filling up the DagBag from /home/airflow/.local/lib/python3.12/site-packages/airflow/example_dags/example_xcom.py
[2024-08-24T11:27:42.001+0000] {processor.py:925} INFO - DAG(s) 'example_xcom' retrieved from /home/airflow/.local/lib/python3.12/site-packages/airflow/example_dags/example_xcom.py
[2024-08-24T11:27:42.012+0000] {logging_mixin.py:190} INFO - [2024-08-24T11:27:42.012+0000] {dag.py:3211} INFO - Sync 1 DAGs
[2024-08-24T11:27:42.026+0000] {logging_mixin.py:190} INFO - [2024-08-24T11:27:42.025+0000] {dag.py:4138} INFO - Setting next_dagrun for example_xcom to 2021-01-01 00:00:00+00:00, run_after=2021-01-01 00:00:00+00:00
[2024-08-24T11:27:42.034+0000] {processor.py:208} INFO - Processing /home/airflow/.local/lib/python3.12/site-packages/airflow/example_dags/example_xcom.py took 0.042 seconds
[2024-08-24T11:28:12.963+0000] {processor.py:186} INFO - Started process (PID=964) to work on /home/airflow/.local/lib/python3.12/site-packages/airflow/example_dags/example_xcom.py
[2024-08-24T11:28:12.964+0000] {processor.py:914} INFO - Processing file /home/airflow/.local/lib/python3.12/site-packages/airflow/example_dags/example_xcom.py for tasks to queue
[2024-08-24T11:28:12.965+0000] {logging_mixin.py:190} INFO - [2024-08-24T11:28:12.965+0000] {dagbag.py:587} INFO - Filling up the DagBag from /home/airflow/.local/lib/python3.12/site-packages/airflow/example_dags/example_xcom.py
[2024-08-24T11:28:12.970+0000] {processor.py:925} INFO - DAG(s) 'example_xcom' retrieved from /home/airflow/.local/lib/python3.12/site-packages/airflow/example_dags/example_xcom.py
[2024-08-24T11:28:12.980+0000] {logging_mixin.py:190} INFO - [2024-08-24T11:28:12.980+0000] {dag.py:3211} INFO - Sync 1 DAGs
[2024-08-24T11:28:12.992+0000] {logging_mixin.py:190} INFO - [2024-08-24T11:28:12.992+0000] {dag.py:4138} INFO - Setting next_dagrun for example_xcom to 2021-01-01 00:00:00+00:00, run_after=2021-01-01 00:00:00+00:00
[2024-08-24T11:28:13.001+0000] {processor.py:208} INFO - Processing /home/airflow/.local/lib/python3.12/site-packages/airflow/example_dags/example_xcom.py took 0.040 seconds
[2024-08-24T11:28:43.957+0000] {processor.py:186} INFO - Started process (PID=1026) to work on /home/airflow/.local/lib/python3.12/site-packages/airflow/example_dags/example_xcom.py
[2024-08-24T11:28:43.957+0000] {processor.py:914} INFO - Processing file /home/airflow/.local/lib/python3.12/site-packages/airflow/example_dags/example_xcom.py for tasks to queue
[2024-08-24T11:28:43.959+0000] {logging_mixin.py:190} INFO - [2024-08-24T11:28:43.958+0000] {dagbag.py:587} INFO - Filling up the DagBag from /home/airflow/.local/lib/python3.12/site-packages/airflow/example_dags/example_xcom.py
[2024-08-24T11:28:43.963+0000] {processor.py:925} INFO - DAG(s) 'example_xcom' retrieved from /home/airflow/.local/lib/python3.12/site-packages/airflow/example_dags/example_xcom.py
[2024-08-24T11:28:43.976+0000] {logging_mixin.py:190} INFO - [2024-08-24T11:28:43.976+0000] {dag.py:3211} INFO - Sync 1 DAGs
[2024-08-24T11:28:43.988+0000] {logging_mixin.py:190} INFO - [2024-08-24T11:28:43.987+0000] {dag.py:4138} INFO - Setting next_dagrun for example_xcom to 2021-01-01 00:00:00+00:00, run_after=2021-01-01 00:00:00+00:00
[2024-08-24T11:28:43.996+0000] {processor.py:208} INFO - Processing /home/airflow/.local/lib/python3.12/site-packages/airflow/example_dags/example_xcom.py took 0.042 seconds
[2024-08-24T11:29:15.127+0000] {processor.py:186} INFO - Started process (PID=1088) to work on /home/airflow/.local/lib/python3.12/site-packages/airflow/example_dags/example_xcom.py
[2024-08-24T11:29:15.128+0000] {processor.py:914} INFO - Processing file /home/airflow/.local/lib/python3.12/site-packages/airflow/example_dags/example_xcom.py for tasks to queue
[2024-08-24T11:29:15.129+0000] {logging_mixin.py:190} INFO - [2024-08-24T11:29:15.129+0000] {dagbag.py:587} INFO - Filling up the DagBag from /home/airflow/.local/lib/python3.12/site-packages/airflow/example_dags/example_xcom.py
[2024-08-24T11:29:15.134+0000] {processor.py:925} INFO - DAG(s) 'example_xcom' retrieved from /home/airflow/.local/lib/python3.12/site-packages/airflow/example_dags/example_xcom.py
[2024-08-24T11:29:15.145+0000] {logging_mixin.py:190} INFO - [2024-08-24T11:29:15.144+0000] {dag.py:3211} INFO - Sync 1 DAGs
[2024-08-24T11:29:15.158+0000] {logging_mixin.py:190} INFO - [2024-08-24T11:29:15.158+0000] {dag.py:4138} INFO - Setting next_dagrun for example_xcom to 2021-01-01 00:00:00+00:00, run_after=2021-01-01 00:00:00+00:00
[2024-08-24T11:29:15.168+0000] {processor.py:208} INFO - Processing /home/airflow/.local/lib/python3.12/site-packages/airflow/example_dags/example_xcom.py took 0.044 seconds
[2024-08-24T11:29:45.282+0000] {processor.py:186} INFO - Started process (PID=1150) to work on /home/airflow/.local/lib/python3.12/site-packages/airflow/example_dags/example_xcom.py
[2024-08-24T11:29:45.283+0000] {processor.py:914} INFO - Processing file /home/airflow/.local/lib/python3.12/site-packages/airflow/example_dags/example_xcom.py for tasks to queue
[2024-08-24T11:29:45.284+0000] {logging_mixin.py:190} INFO - [2024-08-24T11:29:45.284+0000] {dagbag.py:587} INFO - Filling up the DagBag from /home/airflow/.local/lib/python3.12/site-packages/airflow/example_dags/example_xcom.py
[2024-08-24T11:29:45.289+0000] {processor.py:925} INFO - DAG(s) 'example_xcom' retrieved from /home/airflow/.local/lib/python3.12/site-packages/airflow/example_dags/example_xcom.py
[2024-08-24T11:29:45.301+0000] {logging_mixin.py:190} INFO - [2024-08-24T11:29:45.301+0000] {dag.py:3211} INFO - Sync 1 DAGs
[2024-08-24T11:29:45.313+0000] {logging_mixin.py:190} INFO - [2024-08-24T11:29:45.313+0000] {dag.py:4138} INFO - Setting next_dagrun for example_xcom to 2021-01-01 00:00:00+00:00, run_after=2021-01-01 00:00:00+00:00
[2024-08-24T11:29:45.323+0000] {processor.py:208} INFO - Processing /home/airflow/.local/lib/python3.12/site-packages/airflow/example_dags/example_xcom.py took 0.044 seconds
[2024-08-24T11:30:16.278+0000] {processor.py:186} INFO - Started process (PID=1212) to work on /home/airflow/.local/lib/python3.12/site-packages/airflow/example_dags/example_xcom.py
[2024-08-24T11:30:16.278+0000] {processor.py:914} INFO - Processing file /home/airflow/.local/lib/python3.12/site-packages/airflow/example_dags/example_xcom.py for tasks to queue
[2024-08-24T11:30:16.279+0000] {logging_mixin.py:190} INFO - [2024-08-24T11:30:16.279+0000] {dagbag.py:587} INFO - Filling up the DagBag from /home/airflow/.local/lib/python3.12/site-packages/airflow/example_dags/example_xcom.py
[2024-08-24T11:30:16.284+0000] {processor.py:925} INFO - DAG(s) 'example_xcom' retrieved from /home/airflow/.local/lib/python3.12/site-packages/airflow/example_dags/example_xcom.py
[2024-08-24T11:30:16.296+0000] {logging_mixin.py:190} INFO - [2024-08-24T11:30:16.296+0000] {dag.py:3211} INFO - Sync 1 DAGs
[2024-08-24T11:30:16.313+0000] {logging_mixin.py:190} INFO - [2024-08-24T11:30:16.313+0000] {dag.py:4138} INFO - Setting next_dagrun for example_xcom to 2021-01-01 00:00:00+00:00, run_after=2021-01-01 00:00:00+00:00
[2024-08-24T11:30:16.324+0000] {processor.py:208} INFO - Processing /home/airflow/.local/lib/python3.12/site-packages/airflow/example_dags/example_xcom.py took 0.049 seconds
[2024-08-24T11:30:47.331+0000] {processor.py:186} INFO - Started process (PID=1274) to work on /home/airflow/.local/lib/python3.12/site-packages/airflow/example_dags/example_xcom.py
[2024-08-24T11:30:47.331+0000] {processor.py:914} INFO - Processing file /home/airflow/.local/lib/python3.12/site-packages/airflow/example_dags/example_xcom.py for tasks to queue
[2024-08-24T11:30:47.332+0000] {logging_mixin.py:190} INFO - [2024-08-24T11:30:47.332+0000] {dagbag.py:587} INFO - Filling up the DagBag from /home/airflow/.local/lib/python3.12/site-packages/airflow/example_dags/example_xcom.py
[2024-08-24T11:30:47.337+0000] {processor.py:925} INFO - DAG(s) 'example_xcom' retrieved from /home/airflow/.local/lib/python3.12/site-packages/airflow/example_dags/example_xcom.py
[2024-08-24T11:30:47.353+0000] {logging_mixin.py:190} INFO - [2024-08-24T11:30:47.353+0000] {dag.py:3211} INFO - Sync 1 DAGs
[2024-08-24T11:30:47.366+0000] {logging_mixin.py:190} INFO - [2024-08-24T11:30:47.366+0000] {dag.py:4138} INFO - Setting next_dagrun for example_xcom to 2021-01-01 00:00:00+00:00, run_after=2021-01-01 00:00:00+00:00
[2024-08-24T11:30:47.375+0000] {processor.py:208} INFO - Processing /home/airflow/.local/lib/python3.12/site-packages/airflow/example_dags/example_xcom.py took 0.049 seconds
[2024-08-24T11:31:18.394+0000] {processor.py:186} INFO - Started process (PID=1336) to work on /home/airflow/.local/lib/python3.12/site-packages/airflow/example_dags/example_xcom.py
[2024-08-24T11:31:18.395+0000] {processor.py:914} INFO - Processing file /home/airflow/.local/lib/python3.12/site-packages/airflow/example_dags/example_xcom.py for tasks to queue
[2024-08-24T11:31:18.396+0000] {logging_mixin.py:190} INFO - [2024-08-24T11:31:18.396+0000] {dagbag.py:587} INFO - Filling up the DagBag from /home/airflow/.local/lib/python3.12/site-packages/airflow/example_dags/example_xcom.py
[2024-08-24T11:31:18.401+0000] {processor.py:925} INFO - DAG(s) 'example_xcom' retrieved from /home/airflow/.local/lib/python3.12/site-packages/airflow/example_dags/example_xcom.py
[2024-08-24T11:31:18.413+0000] {logging_mixin.py:190} INFO - [2024-08-24T11:31:18.412+0000] {dag.py:3211} INFO - Sync 1 DAGs
[2024-08-24T11:31:18.424+0000] {logging_mixin.py:190} INFO - [2024-08-24T11:31:18.424+0000] {dag.py:4138} INFO - Setting next_dagrun for example_xcom to 2021-01-01 00:00:00+00:00, run_after=2021-01-01 00:00:00+00:00
[2024-08-24T11:31:18.433+0000] {processor.py:208} INFO - Processing /home/airflow/.local/lib/python3.12/site-packages/airflow/example_dags/example_xcom.py took 0.042 seconds
[2024-08-24T11:31:49.466+0000] {processor.py:186} INFO - Started process (PID=1398) to work on /home/airflow/.local/lib/python3.12/site-packages/airflow/example_dags/example_xcom.py
[2024-08-24T11:31:49.466+0000] {processor.py:914} INFO - Processing file /home/airflow/.local/lib/python3.12/site-packages/airflow/example_dags/example_xcom.py for tasks to queue
[2024-08-24T11:31:49.467+0000] {logging_mixin.py:190} INFO - [2024-08-24T11:31:49.467+0000] {dagbag.py:587} INFO - Filling up the DagBag from /home/airflow/.local/lib/python3.12/site-packages/airflow/example_dags/example_xcom.py
[2024-08-24T11:31:49.471+0000] {processor.py:925} INFO - DAG(s) 'example_xcom' retrieved from /home/airflow/.local/lib/python3.12/site-packages/airflow/example_dags/example_xcom.py
[2024-08-24T11:31:49.483+0000] {logging_mixin.py:190} INFO - [2024-08-24T11:31:49.482+0000] {dag.py:3211} INFO - Sync 1 DAGs
[2024-08-24T11:31:49.494+0000] {logging_mixin.py:190} INFO - [2024-08-24T11:31:49.494+0000] {dag.py:4138} INFO - Setting next_dagrun for example_xcom to 2021-01-01 00:00:00+00:00, run_after=2021-01-01 00:00:00+00:00
[2024-08-24T11:31:49.503+0000] {processor.py:208} INFO - Processing /home/airflow/.local/lib/python3.12/site-packages/airflow/example_dags/example_xcom.py took 0.040 seconds
[2024-08-24T11:32:19.567+0000] {processor.py:186} INFO - Started process (PID=1460) to work on /home/airflow/.local/lib/python3.12/site-packages/airflow/example_dags/example_xcom.py
[2024-08-24T11:32:19.567+0000] {processor.py:914} INFO - Processing file /home/airflow/.local/lib/python3.12/site-packages/airflow/example_dags/example_xcom.py for tasks to queue
[2024-08-24T11:32:19.569+0000] {logging_mixin.py:190} INFO - [2024-08-24T11:32:19.569+0000] {dagbag.py:587} INFO - Filling up the DagBag from /home/airflow/.local/lib/python3.12/site-packages/airflow/example_dags/example_xcom.py
[2024-08-24T11:32:19.574+0000] {processor.py:925} INFO - DAG(s) 'example_xcom' retrieved from /home/airflow/.local/lib/python3.12/site-packages/airflow/example_dags/example_xcom.py
[2024-08-24T11:32:19.589+0000] {logging_mixin.py:190} INFO - [2024-08-24T11:32:19.589+0000] {dag.py:3211} INFO - Sync 1 DAGs
[2024-08-24T11:32:19.601+0000] {logging_mixin.py:190} INFO - [2024-08-24T11:32:19.601+0000] {dag.py:4138} INFO - Setting next_dagrun for example_xcom to 2021-01-01 00:00:00+00:00, run_after=2021-01-01 00:00:00+00:00
[2024-08-24T11:32:19.610+0000] {processor.py:208} INFO - Processing /home/airflow/.local/lib/python3.12/site-packages/airflow/example_dags/example_xcom.py took 0.048 seconds
[2024-08-24T11:32:49.915+0000] {processor.py:186} INFO - Started process (PID=1522) to work on /home/airflow/.local/lib/python3.12/site-packages/airflow/example_dags/example_xcom.py
[2024-08-24T11:32:49.916+0000] {processor.py:914} INFO - Processing file /home/airflow/.local/lib/python3.12/site-packages/airflow/example_dags/example_xcom.py for tasks to queue
[2024-08-24T11:32:49.917+0000] {logging_mixin.py:190} INFO - [2024-08-24T11:32:49.917+0000] {dagbag.py:587} INFO - Filling up the DagBag from /home/airflow/.local/lib/python3.12/site-packages/airflow/example_dags/example_xcom.py
[2024-08-24T11:32:49.921+0000] {processor.py:925} INFO - DAG(s) 'example_xcom' retrieved from /home/airflow/.local/lib/python3.12/site-packages/airflow/example_dags/example_xcom.py
[2024-08-24T11:32:49.932+0000] {logging_mixin.py:190} INFO - [2024-08-24T11:32:49.932+0000] {dag.py:3211} INFO - Sync 1 DAGs
[2024-08-24T11:32:49.943+0000] {logging_mixin.py:190} INFO - [2024-08-24T11:32:49.943+0000] {dag.py:4138} INFO - Setting next_dagrun for example_xcom to 2021-01-01 00:00:00+00:00, run_after=2021-01-01 00:00:00+00:00
[2024-08-24T11:32:49.952+0000] {processor.py:208} INFO - Processing /home/airflow/.local/lib/python3.12/site-packages/airflow/example_dags/example_xcom.py took 0.040 seconds
[2024-08-24T11:33:20.074+0000] {processor.py:186} INFO - Started process (PID=1584) to work on /home/airflow/.local/lib/python3.12/site-packages/airflow/example_dags/example_xcom.py
[2024-08-24T11:33:20.074+0000] {processor.py:914} INFO - Processing file /home/airflow/.local/lib/python3.12/site-packages/airflow/example_dags/example_xcom.py for tasks to queue
[2024-08-24T11:33:20.075+0000] {logging_mixin.py:190} INFO - [2024-08-24T11:33:20.075+0000] {dagbag.py:587} INFO - Filling up the DagBag from /home/airflow/.local/lib/python3.12/site-packages/airflow/example_dags/example_xcom.py
[2024-08-24T11:33:20.080+0000] {processor.py:925} INFO - DAG(s) 'example_xcom' retrieved from /home/airflow/.local/lib/python3.12/site-packages/airflow/example_dags/example_xcom.py
[2024-08-24T11:33:20.091+0000] {logging_mixin.py:190} INFO - [2024-08-24T11:33:20.090+0000] {dag.py:3211} INFO - Sync 1 DAGs
[2024-08-24T11:33:20.101+0000] {logging_mixin.py:190} INFO - [2024-08-24T11:33:20.101+0000] {dag.py:4138} INFO - Setting next_dagrun for example_xcom to 2021-01-01 00:00:00+00:00, run_after=2021-01-01 00:00:00+00:00
[2024-08-24T11:33:20.109+0000] {processor.py:208} INFO - Processing /home/airflow/.local/lib/python3.12/site-packages/airflow/example_dags/example_xcom.py took 0.039 seconds
[2024-08-24T11:33:50.346+0000] {processor.py:186} INFO - Started process (PID=1646) to work on /home/airflow/.local/lib/python3.12/site-packages/airflow/example_dags/example_xcom.py
[2024-08-24T11:33:50.347+0000] {processor.py:914} INFO - Processing file /home/airflow/.local/lib/python3.12/site-packages/airflow/example_dags/example_xcom.py for tasks to queue
[2024-08-24T11:33:50.348+0000] {logging_mixin.py:190} INFO - [2024-08-24T11:33:50.347+0000] {dagbag.py:587} INFO - Filling up the DagBag from /home/airflow/.local/lib/python3.12/site-packages/airflow/example_dags/example_xcom.py
[2024-08-24T11:33:50.353+0000] {processor.py:925} INFO - DAG(s) 'example_xcom' retrieved from /home/airflow/.local/lib/python3.12/site-packages/airflow/example_dags/example_xcom.py
[2024-08-24T11:33:50.366+0000] {logging_mixin.py:190} INFO - [2024-08-24T11:33:50.365+0000] {dag.py:3211} INFO - Sync 1 DAGs
[2024-08-24T11:33:50.378+0000] {logging_mixin.py:190} INFO - [2024-08-24T11:33:50.377+0000] {dag.py:4138} INFO - Setting next_dagrun for example_xcom to 2021-01-01 00:00:00+00:00, run_after=2021-01-01 00:00:00+00:00
[2024-08-24T11:33:50.386+0000] {processor.py:208} INFO - Processing /home/airflow/.local/lib/python3.12/site-packages/airflow/example_dags/example_xcom.py took 0.043 seconds
[2024-08-24T11:34:20.532+0000] {processor.py:186} INFO - Started process (PID=1708) to work on /home/airflow/.local/lib/python3.12/site-packages/airflow/example_dags/example_xcom.py
[2024-08-24T11:34:20.532+0000] {processor.py:914} INFO - Processing file /home/airflow/.local/lib/python3.12/site-packages/airflow/example_dags/example_xcom.py for tasks to queue
[2024-08-24T11:34:20.534+0000] {logging_mixin.py:190} INFO - [2024-08-24T11:34:20.534+0000] {dagbag.py:587} INFO - Filling up the DagBag from /home/airflow/.local/lib/python3.12/site-packages/airflow/example_dags/example_xcom.py
[2024-08-24T11:34:20.539+0000] {processor.py:925} INFO - DAG(s) 'example_xcom' retrieved from /home/airflow/.local/lib/python3.12/site-packages/airflow/example_dags/example_xcom.py
[2024-08-24T11:34:20.551+0000] {logging_mixin.py:190} INFO - [2024-08-24T11:34:20.551+0000] {dag.py:3211} INFO - Sync 1 DAGs
[2024-08-24T11:34:20.568+0000] {logging_mixin.py:190} INFO - [2024-08-24T11:34:20.568+0000] {dag.py:4138} INFO - Setting next_dagrun for example_xcom to 2021-01-01 00:00:00+00:00, run_after=2021-01-01 00:00:00+00:00
[2024-08-24T11:34:20.581+0000] {processor.py:208} INFO - Processing /home/airflow/.local/lib/python3.12/site-packages/airflow/example_dags/example_xcom.py took 0.054 seconds
[2024-08-24T11:34:50.743+0000] {processor.py:186} INFO - Started process (PID=1770) to work on /home/airflow/.local/lib/python3.12/site-packages/airflow/example_dags/example_xcom.py
[2024-08-24T11:34:50.744+0000] {processor.py:914} INFO - Processing file /home/airflow/.local/lib/python3.12/site-packages/airflow/example_dags/example_xcom.py for tasks to queue
[2024-08-24T11:34:50.745+0000] {logging_mixin.py:190} INFO - [2024-08-24T11:34:50.745+0000] {dagbag.py:587} INFO - Filling up the DagBag from /home/airflow/.local/lib/python3.12/site-packages/airflow/example_dags/example_xcom.py
[2024-08-24T11:34:50.750+0000] {processor.py:925} INFO - DAG(s) 'example_xcom' retrieved from /home/airflow/.local/lib/python3.12/site-packages/airflow/example_dags/example_xcom.py
[2024-08-24T11:34:50.763+0000] {logging_mixin.py:190} INFO - [2024-08-24T11:34:50.763+0000] {dag.py:3211} INFO - Sync 1 DAGs
[2024-08-24T11:34:50.776+0000] {logging_mixin.py:190} INFO - [2024-08-24T11:34:50.776+0000] {dag.py:4138} INFO - Setting next_dagrun for example_xcom to 2021-01-01 00:00:00+00:00, run_after=2021-01-01 00:00:00+00:00
[2024-08-24T11:34:50.785+0000] {processor.py:208} INFO - Processing /home/airflow/.local/lib/python3.12/site-packages/airflow/example_dags/example_xcom.py took 0.046 seconds
[2024-08-24T11:35:21.040+0000] {processor.py:186} INFO - Started process (PID=1832) to work on /home/airflow/.local/lib/python3.12/site-packages/airflow/example_dags/example_xcom.py
[2024-08-24T11:35:21.041+0000] {processor.py:914} INFO - Processing file /home/airflow/.local/lib/python3.12/site-packages/airflow/example_dags/example_xcom.py for tasks to queue
[2024-08-24T11:35:21.042+0000] {logging_mixin.py:190} INFO - [2024-08-24T11:35:21.042+0000] {dagbag.py:587} INFO - Filling up the DagBag from /home/airflow/.local/lib/python3.12/site-packages/airflow/example_dags/example_xcom.py
[2024-08-24T11:35:21.046+0000] {processor.py:925} INFO - DAG(s) 'example_xcom' retrieved from /home/airflow/.local/lib/python3.12/site-packages/airflow/example_dags/example_xcom.py
[2024-08-24T11:35:21.058+0000] {logging_mixin.py:190} INFO - [2024-08-24T11:35:21.058+0000] {dag.py:3211} INFO - Sync 1 DAGs
[2024-08-24T11:35:21.070+0000] {logging_mixin.py:190} INFO - [2024-08-24T11:35:21.070+0000] {dag.py:4138} INFO - Setting next_dagrun for example_xcom to 2021-01-01 00:00:00+00:00, run_after=2021-01-01 00:00:00+00:00
[2024-08-24T11:35:21.078+0000] {processor.py:208} INFO - Processing /home/airflow/.local/lib/python3.12/site-packages/airflow/example_dags/example_xcom.py took 0.041 seconds
[2024-08-24T11:35:51.347+0000] {processor.py:186} INFO - Started process (PID=1894) to work on /home/airflow/.local/lib/python3.12/site-packages/airflow/example_dags/example_xcom.py
[2024-08-24T11:35:51.348+0000] {processor.py:914} INFO - Processing file /home/airflow/.local/lib/python3.12/site-packages/airflow/example_dags/example_xcom.py for tasks to queue
[2024-08-24T11:35:51.350+0000] {logging_mixin.py:190} INFO - [2024-08-24T11:35:51.349+0000] {dagbag.py:587} INFO - Filling up the DagBag from /home/airflow/.local/lib/python3.12/site-packages/airflow/example_dags/example_xcom.py
[2024-08-24T11:35:51.355+0000] {processor.py:925} INFO - DAG(s) 'example_xcom' retrieved from /home/airflow/.local/lib/python3.12/site-packages/airflow/example_dags/example_xcom.py
[2024-08-24T11:35:51.369+0000] {logging_mixin.py:190} INFO - [2024-08-24T11:35:51.369+0000] {dag.py:3211} INFO - Sync 1 DAGs
[2024-08-24T11:35:51.389+0000] {logging_mixin.py:190} INFO - [2024-08-24T11:35:51.389+0000] {dag.py:4138} INFO - Setting next_dagrun for example_xcom to 2021-01-01 00:00:00+00:00, run_after=2021-01-01 00:00:00+00:00
[2024-08-24T11:35:51.401+0000] {processor.py:208} INFO - Processing /home/airflow/.local/lib/python3.12/site-packages/airflow/example_dags/example_xcom.py took 0.058 seconds
[2024-08-24T11:36:21.808+0000] {processor.py:186} INFO - Started process (PID=1956) to work on /home/airflow/.local/lib/python3.12/site-packages/airflow/example_dags/example_xcom.py
[2024-08-24T11:36:21.808+0000] {processor.py:914} INFO - Processing file /home/airflow/.local/lib/python3.12/site-packages/airflow/example_dags/example_xcom.py for tasks to queue
[2024-08-24T11:36:21.810+0000] {logging_mixin.py:190} INFO - [2024-08-24T11:36:21.809+0000] {dagbag.py:587} INFO - Filling up the DagBag from /home/airflow/.local/lib/python3.12/site-packages/airflow/example_dags/example_xcom.py
[2024-08-24T11:36:21.814+0000] {processor.py:925} INFO - DAG(s) 'example_xcom' retrieved from /home/airflow/.local/lib/python3.12/site-packages/airflow/example_dags/example_xcom.py
[2024-08-24T11:36:21.824+0000] {logging_mixin.py:190} INFO - [2024-08-24T11:36:21.824+0000] {dag.py:3211} INFO - Sync 1 DAGs
[2024-08-24T11:36:21.835+0000] {logging_mixin.py:190} INFO - [2024-08-24T11:36:21.835+0000] {dag.py:4138} INFO - Setting next_dagrun for example_xcom to 2021-01-01 00:00:00+00:00, run_after=2021-01-01 00:00:00+00:00
[2024-08-24T11:36:21.844+0000] {processor.py:208} INFO - Processing /home/airflow/.local/lib/python3.12/site-packages/airflow/example_dags/example_xcom.py took 0.039 seconds
[2024-08-24T11:36:52.021+0000] {processor.py:186} INFO - Started process (PID=2018) to work on /home/airflow/.local/lib/python3.12/site-packages/airflow/example_dags/example_xcom.py
[2024-08-24T11:36:52.022+0000] {processor.py:914} INFO - Processing file /home/airflow/.local/lib/python3.12/site-packages/airflow/example_dags/example_xcom.py for tasks to queue
[2024-08-24T11:36:52.023+0000] {logging_mixin.py:190} INFO - [2024-08-24T11:36:52.023+0000] {dagbag.py:587} INFO - Filling up the DagBag from /home/airflow/.local/lib/python3.12/site-packages/airflow/example_dags/example_xcom.py
[2024-08-24T11:36:52.028+0000] {processor.py:925} INFO - DAG(s) 'example_xcom' retrieved from /home/airflow/.local/lib/python3.12/site-packages/airflow/example_dags/example_xcom.py
[2024-08-24T11:36:52.039+0000] {logging_mixin.py:190} INFO - [2024-08-24T11:36:52.039+0000] {dag.py:3211} INFO - Sync 1 DAGs
[2024-08-24T11:36:52.051+0000] {logging_mixin.py:190} INFO - [2024-08-24T11:36:52.051+0000] {dag.py:4138} INFO - Setting next_dagrun for example_xcom to 2021-01-01 00:00:00+00:00, run_after=2021-01-01 00:00:00+00:00
[2024-08-24T11:36:52.060+0000] {processor.py:208} INFO - Processing /home/airflow/.local/lib/python3.12/site-packages/airflow/example_dags/example_xcom.py took 0.043 seconds
[2024-08-24T11:37:22.391+0000] {processor.py:186} INFO - Started process (PID=2080) to work on /home/airflow/.local/lib/python3.12/site-packages/airflow/example_dags/example_xcom.py
[2024-08-24T11:37:22.391+0000] {processor.py:914} INFO - Processing file /home/airflow/.local/lib/python3.12/site-packages/airflow/example_dags/example_xcom.py for tasks to queue
[2024-08-24T11:37:22.392+0000] {logging_mixin.py:190} INFO - [2024-08-24T11:37:22.392+0000] {dagbag.py:587} INFO - Filling up the DagBag from /home/airflow/.local/lib/python3.12/site-packages/airflow/example_dags/example_xcom.py
[2024-08-24T11:37:22.397+0000] {processor.py:925} INFO - DAG(s) 'example_xcom' retrieved from /home/airflow/.local/lib/python3.12/site-packages/airflow/example_dags/example_xcom.py
[2024-08-24T11:37:22.410+0000] {logging_mixin.py:190} INFO - [2024-08-24T11:37:22.409+0000] {dag.py:3211} INFO - Sync 1 DAGs
[2024-08-24T11:37:22.422+0000] {logging_mixin.py:190} INFO - [2024-08-24T11:37:22.422+0000] {dag.py:4138} INFO - Setting next_dagrun for example_xcom to 2021-01-01 00:00:00+00:00, run_after=2021-01-01 00:00:00+00:00
[2024-08-24T11:37:22.431+0000] {processor.py:208} INFO - Processing /home/airflow/.local/lib/python3.12/site-packages/airflow/example_dags/example_xcom.py took 0.043 seconds
[2024-08-24T11:37:52.948+0000] {processor.py:186} INFO - Started process (PID=2143) to work on /home/airflow/.local/lib/python3.12/site-packages/airflow/example_dags/example_xcom.py
[2024-08-24T11:37:52.949+0000] {processor.py:914} INFO - Processing file /home/airflow/.local/lib/python3.12/site-packages/airflow/example_dags/example_xcom.py for tasks to queue
[2024-08-24T11:37:52.950+0000] {logging_mixin.py:190} INFO - [2024-08-24T11:37:52.950+0000] {dagbag.py:587} INFO - Filling up the DagBag from /home/airflow/.local/lib/python3.12/site-packages/airflow/example_dags/example_xcom.py
[2024-08-24T11:37:52.955+0000] {processor.py:925} INFO - DAG(s) 'example_xcom' retrieved from /home/airflow/.local/lib/python3.12/site-packages/airflow/example_dags/example_xcom.py
[2024-08-24T11:37:52.967+0000] {logging_mixin.py:190} INFO - [2024-08-24T11:37:52.967+0000] {dag.py:3211} INFO - Sync 1 DAGs
[2024-08-24T11:37:52.978+0000] {logging_mixin.py:190} INFO - [2024-08-24T11:37:52.978+0000] {dag.py:4138} INFO - Setting next_dagrun for example_xcom to 2021-01-01 00:00:00+00:00, run_after=2021-01-01 00:00:00+00:00
[2024-08-24T11:37:52.987+0000] {processor.py:208} INFO - Processing /home/airflow/.local/lib/python3.12/site-packages/airflow/example_dags/example_xcom.py took 0.041 seconds
[2024-08-24T11:38:23.509+0000] {processor.py:186} INFO - Started process (PID=2205) to work on /home/airflow/.local/lib/python3.12/site-packages/airflow/example_dags/example_xcom.py
[2024-08-24T11:38:23.510+0000] {processor.py:914} INFO - Processing file /home/airflow/.local/lib/python3.12/site-packages/airflow/example_dags/example_xcom.py for tasks to queue
[2024-08-24T11:38:23.512+0000] {logging_mixin.py:190} INFO - [2024-08-24T11:38:23.511+0000] {dagbag.py:587} INFO - Filling up the DagBag from /home/airflow/.local/lib/python3.12/site-packages/airflow/example_dags/example_xcom.py
[2024-08-24T11:38:23.519+0000] {processor.py:925} INFO - DAG(s) 'example_xcom' retrieved from /home/airflow/.local/lib/python3.12/site-packages/airflow/example_dags/example_xcom.py
[2024-08-24T11:38:23.529+0000] {logging_mixin.py:190} INFO - [2024-08-24T11:38:23.529+0000] {dag.py:3211} INFO - Sync 1 DAGs
[2024-08-24T11:38:23.541+0000] {logging_mixin.py:190} INFO - [2024-08-24T11:38:23.540+0000] {dag.py:4138} INFO - Setting next_dagrun for example_xcom to 2021-01-01 00:00:00+00:00, run_after=2021-01-01 00:00:00+00:00
[2024-08-24T11:38:23.549+0000] {processor.py:208} INFO - Processing /home/airflow/.local/lib/python3.12/site-packages/airflow/example_dags/example_xcom.py took 0.045 seconds
[2024-08-24T11:38:53.947+0000] {processor.py:186} INFO - Started process (PID=2266) to work on /home/airflow/.local/lib/python3.12/site-packages/airflow/example_dags/example_xcom.py
[2024-08-24T11:38:53.948+0000] {processor.py:914} INFO - Processing file /home/airflow/.local/lib/python3.12/site-packages/airflow/example_dags/example_xcom.py for tasks to queue
[2024-08-24T11:38:53.950+0000] {logging_mixin.py:190} INFO - [2024-08-24T11:38:53.949+0000] {dagbag.py:587} INFO - Filling up the DagBag from /home/airflow/.local/lib/python3.12/site-packages/airflow/example_dags/example_xcom.py
[2024-08-24T11:38:53.957+0000] {processor.py:925} INFO - DAG(s) 'example_xcom' retrieved from /home/airflow/.local/lib/python3.12/site-packages/airflow/example_dags/example_xcom.py
[2024-08-24T11:38:53.970+0000] {logging_mixin.py:190} INFO - [2024-08-24T11:38:53.970+0000] {dag.py:3211} INFO - Sync 1 DAGs
[2024-08-24T11:38:53.982+0000] {logging_mixin.py:190} INFO - [2024-08-24T11:38:53.982+0000] {dag.py:4138} INFO - Setting next_dagrun for example_xcom to 2021-01-01 00:00:00+00:00, run_after=2021-01-01 00:00:00+00:00
[2024-08-24T11:38:53.991+0000] {processor.py:208} INFO - Processing /home/airflow/.local/lib/python3.12/site-packages/airflow/example_dags/example_xcom.py took 0.049 seconds
[2024-08-24T11:39:24.617+0000] {processor.py:186} INFO - Started process (PID=2328) to work on /home/airflow/.local/lib/python3.12/site-packages/airflow/example_dags/example_xcom.py
[2024-08-24T11:39:24.618+0000] {processor.py:914} INFO - Processing file /home/airflow/.local/lib/python3.12/site-packages/airflow/example_dags/example_xcom.py for tasks to queue
[2024-08-24T11:39:24.620+0000] {logging_mixin.py:190} INFO - [2024-08-24T11:39:24.619+0000] {dagbag.py:587} INFO - Filling up the DagBag from /home/airflow/.local/lib/python3.12/site-packages/airflow/example_dags/example_xcom.py
[2024-08-24T11:39:24.627+0000] {processor.py:925} INFO - DAG(s) 'example_xcom' retrieved from /home/airflow/.local/lib/python3.12/site-packages/airflow/example_dags/example_xcom.py
[2024-08-24T11:39:24.638+0000] {logging_mixin.py:190} INFO - [2024-08-24T11:39:24.638+0000] {dag.py:3211} INFO - Sync 1 DAGs
[2024-08-24T11:39:24.649+0000] {logging_mixin.py:190} INFO - [2024-08-24T11:39:24.649+0000] {dag.py:4138} INFO - Setting next_dagrun for example_xcom to 2021-01-01 00:00:00+00:00, run_after=2021-01-01 00:00:00+00:00
[2024-08-24T11:39:24.656+0000] {processor.py:208} INFO - Processing /home/airflow/.local/lib/python3.12/site-packages/airflow/example_dags/example_xcom.py took 0.046 seconds
[2024-08-24T11:39:55.158+0000] {processor.py:186} INFO - Started process (PID=2390) to work on /home/airflow/.local/lib/python3.12/site-packages/airflow/example_dags/example_xcom.py
[2024-08-24T11:39:55.159+0000] {processor.py:914} INFO - Processing file /home/airflow/.local/lib/python3.12/site-packages/airflow/example_dags/example_xcom.py for tasks to queue
[2024-08-24T11:39:55.160+0000] {logging_mixin.py:190} INFO - [2024-08-24T11:39:55.160+0000] {dagbag.py:587} INFO - Filling up the DagBag from /home/airflow/.local/lib/python3.12/site-packages/airflow/example_dags/example_xcom.py
[2024-08-24T11:39:55.165+0000] {processor.py:925} INFO - DAG(s) 'example_xcom' retrieved from /home/airflow/.local/lib/python3.12/site-packages/airflow/example_dags/example_xcom.py
[2024-08-24T11:39:55.177+0000] {logging_mixin.py:190} INFO - [2024-08-24T11:39:55.176+0000] {dag.py:3211} INFO - Sync 1 DAGs
[2024-08-24T11:39:55.189+0000] {logging_mixin.py:190} INFO - [2024-08-24T11:39:55.189+0000] {dag.py:4138} INFO - Setting next_dagrun for example_xcom to 2021-01-01 00:00:00+00:00, run_after=2021-01-01 00:00:00+00:00
[2024-08-24T11:39:55.198+0000] {processor.py:208} INFO - Processing /home/airflow/.local/lib/python3.12/site-packages/airflow/example_dags/example_xcom.py took 0.043 seconds
[2024-08-24T11:40:25.675+0000] {processor.py:186} INFO - Started process (PID=2452) to work on /home/airflow/.local/lib/python3.12/site-packages/airflow/example_dags/example_xcom.py
[2024-08-24T11:40:25.675+0000] {processor.py:914} INFO - Processing file /home/airflow/.local/lib/python3.12/site-packages/airflow/example_dags/example_xcom.py for tasks to queue
[2024-08-24T11:40:25.676+0000] {logging_mixin.py:190} INFO - [2024-08-24T11:40:25.676+0000] {dagbag.py:587} INFO - Filling up the DagBag from /home/airflow/.local/lib/python3.12/site-packages/airflow/example_dags/example_xcom.py
[2024-08-24T11:40:25.681+0000] {processor.py:925} INFO - DAG(s) 'example_xcom' retrieved from /home/airflow/.local/lib/python3.12/site-packages/airflow/example_dags/example_xcom.py
[2024-08-24T11:40:25.697+0000] {logging_mixin.py:190} INFO - [2024-08-24T11:40:25.697+0000] {dag.py:3211} INFO - Sync 1 DAGs
[2024-08-24T11:40:25.713+0000] {logging_mixin.py:190} INFO - [2024-08-24T11:40:25.713+0000] {dag.py:4138} INFO - Setting next_dagrun for example_xcom to 2021-01-01 00:00:00+00:00, run_after=2021-01-01 00:00:00+00:00
[2024-08-24T11:40:25.727+0000] {processor.py:208} INFO - Processing /home/airflow/.local/lib/python3.12/site-packages/airflow/example_dags/example_xcom.py took 0.056 seconds
[2024-08-24T11:40:56.377+0000] {processor.py:186} INFO - Started process (PID=2514) to work on /home/airflow/.local/lib/python3.12/site-packages/airflow/example_dags/example_xcom.py
[2024-08-24T11:40:56.378+0000] {processor.py:914} INFO - Processing file /home/airflow/.local/lib/python3.12/site-packages/airflow/example_dags/example_xcom.py for tasks to queue
[2024-08-24T11:40:56.379+0000] {logging_mixin.py:190} INFO - [2024-08-24T11:40:56.379+0000] {dagbag.py:587} INFO - Filling up the DagBag from /home/airflow/.local/lib/python3.12/site-packages/airflow/example_dags/example_xcom.py
[2024-08-24T11:40:56.384+0000] {processor.py:925} INFO - DAG(s) 'example_xcom' retrieved from /home/airflow/.local/lib/python3.12/site-packages/airflow/example_dags/example_xcom.py
[2024-08-24T11:40:56.396+0000] {logging_mixin.py:190} INFO - [2024-08-24T11:40:56.396+0000] {dag.py:3211} INFO - Sync 1 DAGs
[2024-08-24T11:40:56.408+0000] {logging_mixin.py:190} INFO - [2024-08-24T11:40:56.407+0000] {dag.py:4138} INFO - Setting next_dagrun for example_xcom to 2021-01-01 00:00:00+00:00, run_after=2021-01-01 00:00:00+00:00
[2024-08-24T11:40:56.416+0000] {processor.py:208} INFO - Processing /home/airflow/.local/lib/python3.12/site-packages/airflow/example_dags/example_xcom.py took 0.043 seconds
[2024-08-24T11:41:26.869+0000] {processor.py:186} INFO - Started process (PID=2576) to work on /home/airflow/.local/lib/python3.12/site-packages/airflow/example_dags/example_xcom.py
[2024-08-24T11:41:26.869+0000] {processor.py:914} INFO - Processing file /home/airflow/.local/lib/python3.12/site-packages/airflow/example_dags/example_xcom.py for tasks to queue
[2024-08-24T11:41:26.871+0000] {logging_mixin.py:190} INFO - [2024-08-24T11:41:26.870+0000] {dagbag.py:587} INFO - Filling up the DagBag from /home/airflow/.local/lib/python3.12/site-packages/airflow/example_dags/example_xcom.py
[2024-08-24T11:41:26.875+0000] {processor.py:925} INFO - DAG(s) 'example_xcom' retrieved from /home/airflow/.local/lib/python3.12/site-packages/airflow/example_dags/example_xcom.py
[2024-08-24T11:41:26.891+0000] {logging_mixin.py:190} INFO - [2024-08-24T11:41:26.891+0000] {dag.py:3211} INFO - Sync 1 DAGs
[2024-08-24T11:41:26.908+0000] {logging_mixin.py:190} INFO - [2024-08-24T11:41:26.907+0000] {dag.py:4138} INFO - Setting next_dagrun for example_xcom to 2021-01-01 00:00:00+00:00, run_after=2021-01-01 00:00:00+00:00
[2024-08-24T11:41:26.921+0000] {processor.py:208} INFO - Processing /home/airflow/.local/lib/python3.12/site-packages/airflow/example_dags/example_xcom.py took 0.057 seconds
[2024-08-24T11:41:57.409+0000] {processor.py:186} INFO - Started process (PID=2638) to work on /home/airflow/.local/lib/python3.12/site-packages/airflow/example_dags/example_xcom.py
[2024-08-24T11:41:57.410+0000] {processor.py:914} INFO - Processing file /home/airflow/.local/lib/python3.12/site-packages/airflow/example_dags/example_xcom.py for tasks to queue
[2024-08-24T11:41:57.411+0000] {logging_mixin.py:190} INFO - [2024-08-24T11:41:57.411+0000] {dagbag.py:587} INFO - Filling up the DagBag from /home/airflow/.local/lib/python3.12/site-packages/airflow/example_dags/example_xcom.py
[2024-08-24T11:41:57.415+0000] {processor.py:925} INFO - DAG(s) 'example_xcom' retrieved from /home/airflow/.local/lib/python3.12/site-packages/airflow/example_dags/example_xcom.py
[2024-08-24T11:41:57.429+0000] {logging_mixin.py:190} INFO - [2024-08-24T11:41:57.429+0000] {dag.py:3211} INFO - Sync 1 DAGs
[2024-08-24T11:41:57.443+0000] {logging_mixin.py:190} INFO - [2024-08-24T11:41:57.443+0000] {dag.py:4138} INFO - Setting next_dagrun for example_xcom to 2021-01-01 00:00:00+00:00, run_after=2021-01-01 00:00:00+00:00
[2024-08-24T11:41:57.454+0000] {processor.py:208} INFO - Processing /home/airflow/.local/lib/python3.12/site-packages/airflow/example_dags/example_xcom.py took 0.048 seconds
[2024-08-24T11:42:27.810+0000] {processor.py:186} INFO - Started process (PID=2700) to work on /home/airflow/.local/lib/python3.12/site-packages/airflow/example_dags/example_xcom.py
[2024-08-24T11:42:27.811+0000] {processor.py:914} INFO - Processing file /home/airflow/.local/lib/python3.12/site-packages/airflow/example_dags/example_xcom.py for tasks to queue
[2024-08-24T11:42:27.812+0000] {logging_mixin.py:190} INFO - [2024-08-24T11:42:27.812+0000] {dagbag.py:587} INFO - Filling up the DagBag from /home/airflow/.local/lib/python3.12/site-packages/airflow/example_dags/example_xcom.py
[2024-08-24T11:42:27.820+0000] {processor.py:925} INFO - DAG(s) 'example_xcom' retrieved from /home/airflow/.local/lib/python3.12/site-packages/airflow/example_dags/example_xcom.py
[2024-08-24T11:42:27.837+0000] {logging_mixin.py:190} INFO - [2024-08-24T11:42:27.837+0000] {dag.py:3211} INFO - Sync 1 DAGs
[2024-08-24T11:42:27.857+0000] {logging_mixin.py:190} INFO - [2024-08-24T11:42:27.856+0000] {dag.py:4138} INFO - Setting next_dagrun for example_xcom to 2021-01-01 00:00:00+00:00, run_after=2021-01-01 00:00:00+00:00
[2024-08-24T11:42:27.869+0000] {processor.py:208} INFO - Processing /home/airflow/.local/lib/python3.12/site-packages/airflow/example_dags/example_xcom.py took 0.063 seconds
[2024-08-24T11:42:58.266+0000] {processor.py:186} INFO - Started process (PID=2762) to work on /home/airflow/.local/lib/python3.12/site-packages/airflow/example_dags/example_xcom.py
[2024-08-24T11:42:58.266+0000] {processor.py:914} INFO - Processing file /home/airflow/.local/lib/python3.12/site-packages/airflow/example_dags/example_xcom.py for tasks to queue
[2024-08-24T11:42:58.268+0000] {logging_mixin.py:190} INFO - [2024-08-24T11:42:58.267+0000] {dagbag.py:587} INFO - Filling up the DagBag from /home/airflow/.local/lib/python3.12/site-packages/airflow/example_dags/example_xcom.py
[2024-08-24T11:42:58.272+0000] {processor.py:925} INFO - DAG(s) 'example_xcom' retrieved from /home/airflow/.local/lib/python3.12/site-packages/airflow/example_dags/example_xcom.py
[2024-08-24T11:42:58.283+0000] {logging_mixin.py:190} INFO - [2024-08-24T11:42:58.283+0000] {dag.py:3211} INFO - Sync 1 DAGs
[2024-08-24T11:42:58.294+0000] {logging_mixin.py:190} INFO - [2024-08-24T11:42:58.294+0000] {dag.py:4138} INFO - Setting next_dagrun for example_xcom to 2021-01-01 00:00:00+00:00, run_after=2021-01-01 00:00:00+00:00
[2024-08-24T11:42:58.304+0000] {processor.py:208} INFO - Processing /home/airflow/.local/lib/python3.12/site-packages/airflow/example_dags/example_xcom.py took 0.042 seconds
[2024-08-24T11:43:28.724+0000] {processor.py:186} INFO - Started process (PID=2824) to work on /home/airflow/.local/lib/python3.12/site-packages/airflow/example_dags/example_xcom.py
[2024-08-24T11:43:28.725+0000] {processor.py:914} INFO - Processing file /home/airflow/.local/lib/python3.12/site-packages/airflow/example_dags/example_xcom.py for tasks to queue
[2024-08-24T11:43:28.727+0000] {logging_mixin.py:190} INFO - [2024-08-24T11:43:28.726+0000] {dagbag.py:587} INFO - Filling up the DagBag from /home/airflow/.local/lib/python3.12/site-packages/airflow/example_dags/example_xcom.py
[2024-08-24T11:43:28.733+0000] {processor.py:925} INFO - DAG(s) 'example_xcom' retrieved from /home/airflow/.local/lib/python3.12/site-packages/airflow/example_dags/example_xcom.py
[2024-08-24T11:43:28.749+0000] {logging_mixin.py:190} INFO - [2024-08-24T11:43:28.749+0000] {dag.py:3211} INFO - Sync 1 DAGs
[2024-08-24T11:43:28.766+0000] {logging_mixin.py:190} INFO - [2024-08-24T11:43:28.766+0000] {dag.py:4138} INFO - Setting next_dagrun for example_xcom to 2021-01-01 00:00:00+00:00, run_after=2021-01-01 00:00:00+00:00
[2024-08-24T11:43:28.779+0000] {processor.py:208} INFO - Processing /home/airflow/.local/lib/python3.12/site-packages/airflow/example_dags/example_xcom.py took 0.059 seconds
[2024-08-24T11:43:59.343+0000] {processor.py:186} INFO - Started process (PID=2886) to work on /home/airflow/.local/lib/python3.12/site-packages/airflow/example_dags/example_xcom.py
[2024-08-24T11:43:59.343+0000] {processor.py:914} INFO - Processing file /home/airflow/.local/lib/python3.12/site-packages/airflow/example_dags/example_xcom.py for tasks to queue
[2024-08-24T11:43:59.344+0000] {logging_mixin.py:190} INFO - [2024-08-24T11:43:59.344+0000] {dagbag.py:587} INFO - Filling up the DagBag from /home/airflow/.local/lib/python3.12/site-packages/airflow/example_dags/example_xcom.py
[2024-08-24T11:43:59.349+0000] {processor.py:925} INFO - DAG(s) 'example_xcom' retrieved from /home/airflow/.local/lib/python3.12/site-packages/airflow/example_dags/example_xcom.py
[2024-08-24T11:43:59.362+0000] {logging_mixin.py:190} INFO - [2024-08-24T11:43:59.362+0000] {dag.py:3211} INFO - Sync 1 DAGs
[2024-08-24T11:43:59.374+0000] {logging_mixin.py:190} INFO - [2024-08-24T11:43:59.374+0000] {dag.py:4138} INFO - Setting next_dagrun for example_xcom to 2021-01-01 00:00:00+00:00, run_after=2021-01-01 00:00:00+00:00
[2024-08-24T11:43:59.382+0000] {processor.py:208} INFO - Processing /home/airflow/.local/lib/python3.12/site-packages/airflow/example_dags/example_xcom.py took 0.043 seconds
[2024-08-24T11:44:29.645+0000] {processor.py:186} INFO - Started process (PID=2948) to work on /home/airflow/.local/lib/python3.12/site-packages/airflow/example_dags/example_xcom.py
[2024-08-24T11:44:29.646+0000] {processor.py:914} INFO - Processing file /home/airflow/.local/lib/python3.12/site-packages/airflow/example_dags/example_xcom.py for tasks to queue
[2024-08-24T11:44:29.648+0000] {logging_mixin.py:190} INFO - [2024-08-24T11:44:29.647+0000] {dagbag.py:587} INFO - Filling up the DagBag from /home/airflow/.local/lib/python3.12/site-packages/airflow/example_dags/example_xcom.py
[2024-08-24T11:44:29.654+0000] {processor.py:925} INFO - DAG(s) 'example_xcom' retrieved from /home/airflow/.local/lib/python3.12/site-packages/airflow/example_dags/example_xcom.py
[2024-08-24T11:44:29.665+0000] {logging_mixin.py:190} INFO - [2024-08-24T11:44:29.665+0000] {dag.py:3211} INFO - Sync 1 DAGs
[2024-08-24T11:44:29.676+0000] {logging_mixin.py:190} INFO - [2024-08-24T11:44:29.676+0000] {dag.py:4138} INFO - Setting next_dagrun for example_xcom to 2021-01-01 00:00:00+00:00, run_after=2021-01-01 00:00:00+00:00
[2024-08-24T11:44:29.685+0000] {processor.py:208} INFO - Processing /home/airflow/.local/lib/python3.12/site-packages/airflow/example_dags/example_xcom.py took 0.045 seconds
[2024-08-24T11:45:00.576+0000] {processor.py:186} INFO - Started process (PID=3011) to work on /home/airflow/.local/lib/python3.12/site-packages/airflow/example_dags/example_xcom.py
[2024-08-24T11:45:00.577+0000] {processor.py:914} INFO - Processing file /home/airflow/.local/lib/python3.12/site-packages/airflow/example_dags/example_xcom.py for tasks to queue
[2024-08-24T11:45:00.578+0000] {logging_mixin.py:190} INFO - [2024-08-24T11:45:00.578+0000] {dagbag.py:587} INFO - Filling up the DagBag from /home/airflow/.local/lib/python3.12/site-packages/airflow/example_dags/example_xcom.py
[2024-08-24T11:45:00.582+0000] {processor.py:925} INFO - DAG(s) 'example_xcom' retrieved from /home/airflow/.local/lib/python3.12/site-packages/airflow/example_dags/example_xcom.py
[2024-08-24T11:45:00.595+0000] {logging_mixin.py:190} INFO - [2024-08-24T11:45:00.595+0000] {dag.py:3211} INFO - Sync 1 DAGs
[2024-08-24T11:45:00.700+0000] {logging_mixin.py:190} INFO - [2024-08-24T11:45:00.700+0000] {dag.py:4138} INFO - Setting next_dagrun for example_xcom to 2021-01-01 00:00:00+00:00, run_after=2021-01-01 00:00:00+00:00
[2024-08-24T11:45:00.709+0000] {processor.py:208} INFO - Processing /home/airflow/.local/lib/python3.12/site-packages/airflow/example_dags/example_xcom.py took 0.136 seconds
[2024-08-24T11:45:31.608+0000] {processor.py:186} INFO - Started process (PID=3074) to work on /home/airflow/.local/lib/python3.12/site-packages/airflow/example_dags/example_xcom.py
[2024-08-24T11:45:31.608+0000] {processor.py:914} INFO - Processing file /home/airflow/.local/lib/python3.12/site-packages/airflow/example_dags/example_xcom.py for tasks to queue
[2024-08-24T11:45:31.609+0000] {logging_mixin.py:190} INFO - [2024-08-24T11:45:31.609+0000] {dagbag.py:587} INFO - Filling up the DagBag from /home/airflow/.local/lib/python3.12/site-packages/airflow/example_dags/example_xcom.py
[2024-08-24T11:45:31.614+0000] {processor.py:925} INFO - DAG(s) 'example_xcom' retrieved from /home/airflow/.local/lib/python3.12/site-packages/airflow/example_dags/example_xcom.py
[2024-08-24T11:45:31.626+0000] {logging_mixin.py:190} INFO - [2024-08-24T11:45:31.626+0000] {dag.py:3211} INFO - Sync 1 DAGs
[2024-08-24T11:45:31.638+0000] {logging_mixin.py:190} INFO - [2024-08-24T11:45:31.638+0000] {dag.py:4138} INFO - Setting next_dagrun for example_xcom to 2021-01-01 00:00:00+00:00, run_after=2021-01-01 00:00:00+00:00
[2024-08-24T11:45:31.647+0000] {processor.py:208} INFO - Processing /home/airflow/.local/lib/python3.12/site-packages/airflow/example_dags/example_xcom.py took 0.042 seconds
[2024-08-24T11:46:01.804+0000] {processor.py:186} INFO - Started process (PID=3136) to work on /home/airflow/.local/lib/python3.12/site-packages/airflow/example_dags/example_xcom.py
[2024-08-24T11:46:01.805+0000] {processor.py:914} INFO - Processing file /home/airflow/.local/lib/python3.12/site-packages/airflow/example_dags/example_xcom.py for tasks to queue
[2024-08-24T11:46:01.806+0000] {logging_mixin.py:190} INFO - [2024-08-24T11:46:01.806+0000] {dagbag.py:587} INFO - Filling up the DagBag from /home/airflow/.local/lib/python3.12/site-packages/airflow/example_dags/example_xcom.py
[2024-08-24T11:46:01.811+0000] {processor.py:925} INFO - DAG(s) 'example_xcom' retrieved from /home/airflow/.local/lib/python3.12/site-packages/airflow/example_dags/example_xcom.py
[2024-08-24T11:46:01.823+0000] {logging_mixin.py:190} INFO - [2024-08-24T11:46:01.823+0000] {dag.py:3211} INFO - Sync 1 DAGs
[2024-08-24T11:46:01.835+0000] {logging_mixin.py:190} INFO - [2024-08-24T11:46:01.835+0000] {dag.py:4138} INFO - Setting next_dagrun for example_xcom to 2021-01-01 00:00:00+00:00, run_after=2021-01-01 00:00:00+00:00
[2024-08-24T11:46:01.844+0000] {processor.py:208} INFO - Processing /home/airflow/.local/lib/python3.12/site-packages/airflow/example_dags/example_xcom.py took 0.043 seconds
[2024-08-24T11:46:32.697+0000] {processor.py:186} INFO - Started process (PID=3198) to work on /home/airflow/.local/lib/python3.12/site-packages/airflow/example_dags/example_xcom.py
[2024-08-24T11:46:32.697+0000] {processor.py:914} INFO - Processing file /home/airflow/.local/lib/python3.12/site-packages/airflow/example_dags/example_xcom.py for tasks to queue
[2024-08-24T11:46:32.698+0000] {logging_mixin.py:190} INFO - [2024-08-24T11:46:32.698+0000] {dagbag.py:587} INFO - Filling up the DagBag from /home/airflow/.local/lib/python3.12/site-packages/airflow/example_dags/example_xcom.py
[2024-08-24T11:46:32.703+0000] {processor.py:925} INFO - DAG(s) 'example_xcom' retrieved from /home/airflow/.local/lib/python3.12/site-packages/airflow/example_dags/example_xcom.py
[2024-08-24T11:46:32.715+0000] {logging_mixin.py:190} INFO - [2024-08-24T11:46:32.714+0000] {dag.py:3211} INFO - Sync 1 DAGs
[2024-08-24T11:46:32.727+0000] {logging_mixin.py:190} INFO - [2024-08-24T11:46:32.727+0000] {dag.py:4138} INFO - Setting next_dagrun for example_xcom to 2021-01-01 00:00:00+00:00, run_after=2021-01-01 00:00:00+00:00
[2024-08-24T11:46:32.735+0000] {processor.py:208} INFO - Processing /home/airflow/.local/lib/python3.12/site-packages/airflow/example_dags/example_xcom.py took 0.041 seconds
[2024-08-24T11:47:03.687+0000] {processor.py:186} INFO - Started process (PID=3260) to work on /home/airflow/.local/lib/python3.12/site-packages/airflow/example_dags/example_xcom.py
[2024-08-24T11:47:03.688+0000] {processor.py:914} INFO - Processing file /home/airflow/.local/lib/python3.12/site-packages/airflow/example_dags/example_xcom.py for tasks to queue
[2024-08-24T11:47:03.689+0000] {logging_mixin.py:190} INFO - [2024-08-24T11:47:03.689+0000] {dagbag.py:587} INFO - Filling up the DagBag from /home/airflow/.local/lib/python3.12/site-packages/airflow/example_dags/example_xcom.py
[2024-08-24T11:47:03.694+0000] {processor.py:925} INFO - DAG(s) 'example_xcom' retrieved from /home/airflow/.local/lib/python3.12/site-packages/airflow/example_dags/example_xcom.py
[2024-08-24T11:47:03.804+0000] {logging_mixin.py:190} INFO - [2024-08-24T11:47:03.804+0000] {dag.py:3211} INFO - Sync 1 DAGs
[2024-08-24T11:47:03.819+0000] {logging_mixin.py:190} INFO - [2024-08-24T11:47:03.819+0000] {dag.py:4138} INFO - Setting next_dagrun for example_xcom to 2021-01-01 00:00:00+00:00, run_after=2021-01-01 00:00:00+00:00
[2024-08-24T11:47:03.828+0000] {processor.py:208} INFO - Processing /home/airflow/.local/lib/python3.12/site-packages/airflow/example_dags/example_xcom.py took 0.144 seconds
[2024-08-24T11:47:34.523+0000] {processor.py:186} INFO - Started process (PID=3322) to work on /home/airflow/.local/lib/python3.12/site-packages/airflow/example_dags/example_xcom.py
[2024-08-24T11:47:34.524+0000] {processor.py:914} INFO - Processing file /home/airflow/.local/lib/python3.12/site-packages/airflow/example_dags/example_xcom.py for tasks to queue
[2024-08-24T11:47:34.525+0000] {logging_mixin.py:190} INFO - [2024-08-24T11:47:34.525+0000] {dagbag.py:587} INFO - Filling up the DagBag from /home/airflow/.local/lib/python3.12/site-packages/airflow/example_dags/example_xcom.py
[2024-08-24T11:47:34.531+0000] {processor.py:925} INFO - DAG(s) 'example_xcom' retrieved from /home/airflow/.local/lib/python3.12/site-packages/airflow/example_dags/example_xcom.py
[2024-08-24T11:47:34.545+0000] {logging_mixin.py:190} INFO - [2024-08-24T11:47:34.545+0000] {dag.py:3211} INFO - Sync 1 DAGs
[2024-08-24T11:47:34.561+0000] {logging_mixin.py:190} INFO - [2024-08-24T11:47:34.560+0000] {dag.py:4138} INFO - Setting next_dagrun for example_xcom to 2021-01-01 00:00:00+00:00, run_after=2021-01-01 00:00:00+00:00
[2024-08-24T11:47:34.569+0000] {processor.py:208} INFO - Processing /home/airflow/.local/lib/python3.12/site-packages/airflow/example_dags/example_xcom.py took 0.051 seconds
[2024-08-24T11:48:04.874+0000] {processor.py:186} INFO - Started process (PID=3384) to work on /home/airflow/.local/lib/python3.12/site-packages/airflow/example_dags/example_xcom.py
[2024-08-24T11:48:04.875+0000] {processor.py:914} INFO - Processing file /home/airflow/.local/lib/python3.12/site-packages/airflow/example_dags/example_xcom.py for tasks to queue
[2024-08-24T11:48:04.876+0000] {logging_mixin.py:190} INFO - [2024-08-24T11:48:04.876+0000] {dagbag.py:587} INFO - Filling up the DagBag from /home/airflow/.local/lib/python3.12/site-packages/airflow/example_dags/example_xcom.py
[2024-08-24T11:48:04.882+0000] {processor.py:925} INFO - DAG(s) 'example_xcom' retrieved from /home/airflow/.local/lib/python3.12/site-packages/airflow/example_dags/example_xcom.py
[2024-08-24T11:48:04.893+0000] {logging_mixin.py:190} INFO - [2024-08-24T11:48:04.893+0000] {dag.py:3211} INFO - Sync 1 DAGs
[2024-08-24T11:48:04.905+0000] {logging_mixin.py:190} INFO - [2024-08-24T11:48:04.905+0000] {dag.py:4138} INFO - Setting next_dagrun for example_xcom to 2021-01-01 00:00:00+00:00, run_after=2021-01-01 00:00:00+00:00
[2024-08-24T11:48:04.914+0000] {processor.py:208} INFO - Processing /home/airflow/.local/lib/python3.12/site-packages/airflow/example_dags/example_xcom.py took 0.043 seconds
[2024-08-24T11:48:35.122+0000] {processor.py:186} INFO - Started process (PID=3446) to work on /home/airflow/.local/lib/python3.12/site-packages/airflow/example_dags/example_xcom.py
[2024-08-24T11:48:35.122+0000] {processor.py:914} INFO - Processing file /home/airflow/.local/lib/python3.12/site-packages/airflow/example_dags/example_xcom.py for tasks to queue
[2024-08-24T11:48:35.123+0000] {logging_mixin.py:190} INFO - [2024-08-24T11:48:35.123+0000] {dagbag.py:587} INFO - Filling up the DagBag from /home/airflow/.local/lib/python3.12/site-packages/airflow/example_dags/example_xcom.py
[2024-08-24T11:48:35.128+0000] {processor.py:925} INFO - DAG(s) 'example_xcom' retrieved from /home/airflow/.local/lib/python3.12/site-packages/airflow/example_dags/example_xcom.py
[2024-08-24T11:48:35.145+0000] {logging_mixin.py:190} INFO - [2024-08-24T11:48:35.145+0000] {dag.py:3211} INFO - Sync 1 DAGs
[2024-08-24T11:48:35.160+0000] {logging_mixin.py:190} INFO - [2024-08-24T11:48:35.159+0000] {dag.py:4138} INFO - Setting next_dagrun for example_xcom to 2021-01-01 00:00:00+00:00, run_after=2021-01-01 00:00:00+00:00
[2024-08-24T11:48:35.174+0000] {processor.py:208} INFO - Processing /home/airflow/.local/lib/python3.12/site-packages/airflow/example_dags/example_xcom.py took 0.055 seconds
[2024-08-24T11:49:05.423+0000] {processor.py:186} INFO - Started process (PID=3508) to work on /home/airflow/.local/lib/python3.12/site-packages/airflow/example_dags/example_xcom.py
[2024-08-24T11:49:05.423+0000] {processor.py:914} INFO - Processing file /home/airflow/.local/lib/python3.12/site-packages/airflow/example_dags/example_xcom.py for tasks to queue
[2024-08-24T11:49:05.424+0000] {logging_mixin.py:190} INFO - [2024-08-24T11:49:05.424+0000] {dagbag.py:587} INFO - Filling up the DagBag from /home/airflow/.local/lib/python3.12/site-packages/airflow/example_dags/example_xcom.py
[2024-08-24T11:49:05.429+0000] {processor.py:925} INFO - DAG(s) 'example_xcom' retrieved from /home/airflow/.local/lib/python3.12/site-packages/airflow/example_dags/example_xcom.py
[2024-08-24T11:49:05.440+0000] {logging_mixin.py:190} INFO - [2024-08-24T11:49:05.440+0000] {dag.py:3211} INFO - Sync 1 DAGs
[2024-08-24T11:49:05.452+0000] {logging_mixin.py:190} INFO - [2024-08-24T11:49:05.452+0000] {dag.py:4138} INFO - Setting next_dagrun for example_xcom to 2021-01-01 00:00:00+00:00, run_after=2021-01-01 00:00:00+00:00
[2024-08-24T11:49:05.463+0000] {processor.py:208} INFO - Processing /home/airflow/.local/lib/python3.12/site-packages/airflow/example_dags/example_xcom.py took 0.043 seconds
[2024-08-24T11:49:35.720+0000] {processor.py:186} INFO - Started process (PID=3570) to work on /home/airflow/.local/lib/python3.12/site-packages/airflow/example_dags/example_xcom.py
[2024-08-24T11:49:35.720+0000] {processor.py:914} INFO - Processing file /home/airflow/.local/lib/python3.12/site-packages/airflow/example_dags/example_xcom.py for tasks to queue
[2024-08-24T11:49:35.721+0000] {logging_mixin.py:190} INFO - [2024-08-24T11:49:35.721+0000] {dagbag.py:587} INFO - Filling up the DagBag from /home/airflow/.local/lib/python3.12/site-packages/airflow/example_dags/example_xcom.py
[2024-08-24T11:49:35.726+0000] {processor.py:925} INFO - DAG(s) 'example_xcom' retrieved from /home/airflow/.local/lib/python3.12/site-packages/airflow/example_dags/example_xcom.py
[2024-08-24T11:49:35.737+0000] {logging_mixin.py:190} INFO - [2024-08-24T11:49:35.737+0000] {dag.py:3211} INFO - Sync 1 DAGs
[2024-08-24T11:49:35.749+0000] {logging_mixin.py:190} INFO - [2024-08-24T11:49:35.749+0000] {dag.py:4138} INFO - Setting next_dagrun for example_xcom to 2021-01-01 00:00:00+00:00, run_after=2021-01-01 00:00:00+00:00
[2024-08-24T11:49:35.758+0000] {processor.py:208} INFO - Processing /home/airflow/.local/lib/python3.12/site-packages/airflow/example_dags/example_xcom.py took 0.041 seconds
[2024-08-24T11:50:06.080+0000] {processor.py:186} INFO - Started process (PID=3632) to work on /home/airflow/.local/lib/python3.12/site-packages/airflow/example_dags/example_xcom.py
[2024-08-24T11:50:06.080+0000] {processor.py:914} INFO - Processing file /home/airflow/.local/lib/python3.12/site-packages/airflow/example_dags/example_xcom.py for tasks to queue
[2024-08-24T11:50:06.081+0000] {logging_mixin.py:190} INFO - [2024-08-24T11:50:06.081+0000] {dagbag.py:587} INFO - Filling up the DagBag from /home/airflow/.local/lib/python3.12/site-packages/airflow/example_dags/example_xcom.py
[2024-08-24T11:50:06.086+0000] {processor.py:925} INFO - DAG(s) 'example_xcom' retrieved from /home/airflow/.local/lib/python3.12/site-packages/airflow/example_dags/example_xcom.py
[2024-08-24T11:50:06.101+0000] {logging_mixin.py:190} INFO - [2024-08-24T11:50:06.101+0000] {dag.py:3211} INFO - Sync 1 DAGs
[2024-08-24T11:50:06.117+0000] {logging_mixin.py:190} INFO - [2024-08-24T11:50:06.117+0000] {dag.py:4138} INFO - Setting next_dagrun for example_xcom to 2021-01-01 00:00:00+00:00, run_after=2021-01-01 00:00:00+00:00
[2024-08-24T11:50:06.131+0000] {processor.py:208} INFO - Processing /home/airflow/.local/lib/python3.12/site-packages/airflow/example_dags/example_xcom.py took 0.056 seconds
[2024-08-24T11:50:36.459+0000] {processor.py:186} INFO - Started process (PID=3694) to work on /home/airflow/.local/lib/python3.12/site-packages/airflow/example_dags/example_xcom.py
[2024-08-24T11:50:36.460+0000] {processor.py:914} INFO - Processing file /home/airflow/.local/lib/python3.12/site-packages/airflow/example_dags/example_xcom.py for tasks to queue
[2024-08-24T11:50:36.462+0000] {logging_mixin.py:190} INFO - [2024-08-24T11:50:36.462+0000] {dagbag.py:587} INFO - Filling up the DagBag from /home/airflow/.local/lib/python3.12/site-packages/airflow/example_dags/example_xcom.py
[2024-08-24T11:50:36.468+0000] {processor.py:925} INFO - DAG(s) 'example_xcom' retrieved from /home/airflow/.local/lib/python3.12/site-packages/airflow/example_dags/example_xcom.py
[2024-08-24T11:50:36.480+0000] {logging_mixin.py:190} INFO - [2024-08-24T11:50:36.480+0000] {dag.py:3211} INFO - Sync 1 DAGs
[2024-08-24T11:50:36.493+0000] {logging_mixin.py:190} INFO - [2024-08-24T11:50:36.493+0000] {dag.py:4138} INFO - Setting next_dagrun for example_xcom to 2021-01-01 00:00:00+00:00, run_after=2021-01-01 00:00:00+00:00
[2024-08-24T11:50:36.502+0000] {processor.py:208} INFO - Processing /home/airflow/.local/lib/python3.12/site-packages/airflow/example_dags/example_xcom.py took 0.047 seconds
[2024-08-24T11:51:06.922+0000] {processor.py:186} INFO - Started process (PID=3756) to work on /home/airflow/.local/lib/python3.12/site-packages/airflow/example_dags/example_xcom.py
[2024-08-24T11:51:06.922+0000] {processor.py:914} INFO - Processing file /home/airflow/.local/lib/python3.12/site-packages/airflow/example_dags/example_xcom.py for tasks to queue
[2024-08-24T11:51:06.923+0000] {logging_mixin.py:190} INFO - [2024-08-24T11:51:06.923+0000] {dagbag.py:587} INFO - Filling up the DagBag from /home/airflow/.local/lib/python3.12/site-packages/airflow/example_dags/example_xcom.py
[2024-08-24T11:51:06.928+0000] {processor.py:925} INFO - DAG(s) 'example_xcom' retrieved from /home/airflow/.local/lib/python3.12/site-packages/airflow/example_dags/example_xcom.py
[2024-08-24T11:51:06.943+0000] {logging_mixin.py:190} INFO - [2024-08-24T11:51:06.943+0000] {dag.py:3211} INFO - Sync 1 DAGs
[2024-08-24T11:51:06.960+0000] {logging_mixin.py:190} INFO - [2024-08-24T11:51:06.960+0000] {dag.py:4138} INFO - Setting next_dagrun for example_xcom to 2021-01-01 00:00:00+00:00, run_after=2021-01-01 00:00:00+00:00
[2024-08-24T11:51:06.974+0000] {processor.py:208} INFO - Processing /home/airflow/.local/lib/python3.12/site-packages/airflow/example_dags/example_xcom.py took 0.057 seconds
[2024-08-24T11:51:37.281+0000] {processor.py:186} INFO - Started process (PID=3818) to work on /home/airflow/.local/lib/python3.12/site-packages/airflow/example_dags/example_xcom.py
[2024-08-24T11:51:37.282+0000] {processor.py:914} INFO - Processing file /home/airflow/.local/lib/python3.12/site-packages/airflow/example_dags/example_xcom.py for tasks to queue
[2024-08-24T11:51:37.283+0000] {logging_mixin.py:190} INFO - [2024-08-24T11:51:37.283+0000] {dagbag.py:587} INFO - Filling up the DagBag from /home/airflow/.local/lib/python3.12/site-packages/airflow/example_dags/example_xcom.py
[2024-08-24T11:51:37.288+0000] {processor.py:925} INFO - DAG(s) 'example_xcom' retrieved from /home/airflow/.local/lib/python3.12/site-packages/airflow/example_dags/example_xcom.py
[2024-08-24T11:51:37.302+0000] {logging_mixin.py:190} INFO - [2024-08-24T11:51:37.302+0000] {dag.py:3211} INFO - Sync 1 DAGs
[2024-08-24T11:51:37.322+0000] {logging_mixin.py:190} INFO - [2024-08-24T11:51:37.322+0000] {dag.py:4138} INFO - Setting next_dagrun for example_xcom to 2021-01-01 00:00:00+00:00, run_after=2021-01-01 00:00:00+00:00
[2024-08-24T11:51:37.333+0000] {processor.py:208} INFO - Processing /home/airflow/.local/lib/python3.12/site-packages/airflow/example_dags/example_xcom.py took 0.056 seconds
[2024-08-24T11:52:07.458+0000] {processor.py:186} INFO - Started process (PID=3880) to work on /home/airflow/.local/lib/python3.12/site-packages/airflow/example_dags/example_xcom.py
[2024-08-24T11:52:07.458+0000] {processor.py:914} INFO - Processing file /home/airflow/.local/lib/python3.12/site-packages/airflow/example_dags/example_xcom.py for tasks to queue
[2024-08-24T11:52:07.459+0000] {logging_mixin.py:190} INFO - [2024-08-24T11:52:07.459+0000] {dagbag.py:587} INFO - Filling up the DagBag from /home/airflow/.local/lib/python3.12/site-packages/airflow/example_dags/example_xcom.py
[2024-08-24T11:52:07.465+0000] {processor.py:925} INFO - DAG(s) 'example_xcom' retrieved from /home/airflow/.local/lib/python3.12/site-packages/airflow/example_dags/example_xcom.py
[2024-08-24T11:52:07.483+0000] {logging_mixin.py:190} INFO - [2024-08-24T11:52:07.482+0000] {dag.py:3211} INFO - Sync 1 DAGs
[2024-08-24T11:52:07.498+0000] {logging_mixin.py:190} INFO - [2024-08-24T11:52:07.498+0000] {dag.py:4138} INFO - Setting next_dagrun for example_xcom to 2021-01-01 00:00:00+00:00, run_after=2021-01-01 00:00:00+00:00
[2024-08-24T11:52:07.509+0000] {processor.py:208} INFO - Processing /home/airflow/.local/lib/python3.12/site-packages/airflow/example_dags/example_xcom.py took 0.054 seconds
[2024-08-24T11:52:37.852+0000] {processor.py:186} INFO - Started process (PID=3942) to work on /home/airflow/.local/lib/python3.12/site-packages/airflow/example_dags/example_xcom.py
[2024-08-24T11:52:37.853+0000] {processor.py:914} INFO - Processing file /home/airflow/.local/lib/python3.12/site-packages/airflow/example_dags/example_xcom.py for tasks to queue
[2024-08-24T11:52:37.854+0000] {logging_mixin.py:190} INFO - [2024-08-24T11:52:37.853+0000] {dagbag.py:587} INFO - Filling up the DagBag from /home/airflow/.local/lib/python3.12/site-packages/airflow/example_dags/example_xcom.py
[2024-08-24T11:52:37.858+0000] {processor.py:925} INFO - DAG(s) 'example_xcom' retrieved from /home/airflow/.local/lib/python3.12/site-packages/airflow/example_dags/example_xcom.py
[2024-08-24T11:52:37.869+0000] {logging_mixin.py:190} INFO - [2024-08-24T11:52:37.869+0000] {dag.py:3211} INFO - Sync 1 DAGs
[2024-08-24T11:52:37.880+0000] {logging_mixin.py:190} INFO - [2024-08-24T11:52:37.880+0000] {dag.py:4138} INFO - Setting next_dagrun for example_xcom to 2021-01-01 00:00:00+00:00, run_after=2021-01-01 00:00:00+00:00
[2024-08-24T11:52:37.888+0000] {processor.py:208} INFO - Processing /home/airflow/.local/lib/python3.12/site-packages/airflow/example_dags/example_xcom.py took 0.039 seconds
[2024-08-24T11:53:08.162+0000] {processor.py:186} INFO - Started process (PID=4004) to work on /home/airflow/.local/lib/python3.12/site-packages/airflow/example_dags/example_xcom.py
[2024-08-24T11:53:08.163+0000] {processor.py:914} INFO - Processing file /home/airflow/.local/lib/python3.12/site-packages/airflow/example_dags/example_xcom.py for tasks to queue
[2024-08-24T11:53:08.164+0000] {logging_mixin.py:190} INFO - [2024-08-24T11:53:08.164+0000] {dagbag.py:587} INFO - Filling up the DagBag from /home/airflow/.local/lib/python3.12/site-packages/airflow/example_dags/example_xcom.py
[2024-08-24T11:53:08.168+0000] {processor.py:925} INFO - DAG(s) 'example_xcom' retrieved from /home/airflow/.local/lib/python3.12/site-packages/airflow/example_dags/example_xcom.py
[2024-08-24T11:53:08.179+0000] {logging_mixin.py:190} INFO - [2024-08-24T11:53:08.179+0000] {dag.py:3211} INFO - Sync 1 DAGs
[2024-08-24T11:53:08.191+0000] {logging_mixin.py:190} INFO - [2024-08-24T11:53:08.191+0000] {dag.py:4138} INFO - Setting next_dagrun for example_xcom to 2021-01-01 00:00:00+00:00, run_after=2021-01-01 00:00:00+00:00
[2024-08-24T11:53:08.200+0000] {processor.py:208} INFO - Processing /home/airflow/.local/lib/python3.12/site-packages/airflow/example_dags/example_xcom.py took 0.041 seconds
[2024-08-24T11:53:38.460+0000] {processor.py:186} INFO - Started process (PID=4067) to work on /home/airflow/.local/lib/python3.12/site-packages/airflow/example_dags/example_xcom.py
[2024-08-24T11:53:38.460+0000] {processor.py:914} INFO - Processing file /home/airflow/.local/lib/python3.12/site-packages/airflow/example_dags/example_xcom.py for tasks to queue
[2024-08-24T11:53:38.461+0000] {logging_mixin.py:190} INFO - [2024-08-24T11:53:38.461+0000] {dagbag.py:587} INFO - Filling up the DagBag from /home/airflow/.local/lib/python3.12/site-packages/airflow/example_dags/example_xcom.py
[2024-08-24T11:53:38.466+0000] {processor.py:925} INFO - DAG(s) 'example_xcom' retrieved from /home/airflow/.local/lib/python3.12/site-packages/airflow/example_dags/example_xcom.py
[2024-08-24T11:53:38.480+0000] {logging_mixin.py:190} INFO - [2024-08-24T11:53:38.479+0000] {dag.py:3211} INFO - Sync 1 DAGs
[2024-08-24T11:53:38.494+0000] {logging_mixin.py:190} INFO - [2024-08-24T11:53:38.494+0000] {dag.py:4138} INFO - Setting next_dagrun for example_xcom to 2021-01-01 00:00:00+00:00, run_after=2021-01-01 00:00:00+00:00
[2024-08-24T11:53:38.507+0000] {processor.py:208} INFO - Processing /home/airflow/.local/lib/python3.12/site-packages/airflow/example_dags/example_xcom.py took 0.050 seconds
[2024-08-24T11:54:08.850+0000] {processor.py:186} INFO - Started process (PID=4129) to work on /home/airflow/.local/lib/python3.12/site-packages/airflow/example_dags/example_xcom.py
[2024-08-24T11:54:08.851+0000] {processor.py:914} INFO - Processing file /home/airflow/.local/lib/python3.12/site-packages/airflow/example_dags/example_xcom.py for tasks to queue
[2024-08-24T11:54:08.852+0000] {logging_mixin.py:190} INFO - [2024-08-24T11:54:08.852+0000] {dagbag.py:587} INFO - Filling up the DagBag from /home/airflow/.local/lib/python3.12/site-packages/airflow/example_dags/example_xcom.py
[2024-08-24T11:54:08.857+0000] {processor.py:925} INFO - DAG(s) 'example_xcom' retrieved from /home/airflow/.local/lib/python3.12/site-packages/airflow/example_dags/example_xcom.py
[2024-08-24T11:54:08.871+0000] {logging_mixin.py:190} INFO - [2024-08-24T11:54:08.871+0000] {dag.py:3211} INFO - Sync 1 DAGs
[2024-08-24T11:54:08.884+0000] {logging_mixin.py:190} INFO - [2024-08-24T11:54:08.884+0000] {dag.py:4138} INFO - Setting next_dagrun for example_xcom to 2021-01-01 00:00:00+00:00, run_after=2021-01-01 00:00:00+00:00
[2024-08-24T11:54:08.894+0000] {processor.py:208} INFO - Processing /home/airflow/.local/lib/python3.12/site-packages/airflow/example_dags/example_xcom.py took 0.046 seconds
[2024-08-24T11:54:39.128+0000] {processor.py:186} INFO - Started process (PID=4191) to work on /home/airflow/.local/lib/python3.12/site-packages/airflow/example_dags/example_xcom.py
[2024-08-24T11:54:39.129+0000] {processor.py:914} INFO - Processing file /home/airflow/.local/lib/python3.12/site-packages/airflow/example_dags/example_xcom.py for tasks to queue
[2024-08-24T11:54:39.130+0000] {logging_mixin.py:190} INFO - [2024-08-24T11:54:39.130+0000] {dagbag.py:587} INFO - Filling up the DagBag from /home/airflow/.local/lib/python3.12/site-packages/airflow/example_dags/example_xcom.py
[2024-08-24T11:54:39.136+0000] {processor.py:925} INFO - DAG(s) 'example_xcom' retrieved from /home/airflow/.local/lib/python3.12/site-packages/airflow/example_dags/example_xcom.py
[2024-08-24T11:54:39.146+0000] {logging_mixin.py:190} INFO - [2024-08-24T11:54:39.146+0000] {dag.py:3211} INFO - Sync 1 DAGs
[2024-08-24T11:54:39.157+0000] {logging_mixin.py:190} INFO - [2024-08-24T11:54:39.157+0000] {dag.py:4138} INFO - Setting next_dagrun for example_xcom to 2021-01-01 00:00:00+00:00, run_after=2021-01-01 00:00:00+00:00
[2024-08-24T11:54:39.167+0000] {processor.py:208} INFO - Processing /home/airflow/.local/lib/python3.12/site-packages/airflow/example_dags/example_xcom.py took 0.043 seconds
[2024-08-24T11:55:09.514+0000] {processor.py:186} INFO - Started process (PID=4253) to work on /home/airflow/.local/lib/python3.12/site-packages/airflow/example_dags/example_xcom.py
[2024-08-24T11:55:09.514+0000] {processor.py:914} INFO - Processing file /home/airflow/.local/lib/python3.12/site-packages/airflow/example_dags/example_xcom.py for tasks to queue
[2024-08-24T11:55:09.516+0000] {logging_mixin.py:190} INFO - [2024-08-24T11:55:09.516+0000] {dagbag.py:587} INFO - Filling up the DagBag from /home/airflow/.local/lib/python3.12/site-packages/airflow/example_dags/example_xcom.py
[2024-08-24T11:55:09.522+0000] {processor.py:925} INFO - DAG(s) 'example_xcom' retrieved from /home/airflow/.local/lib/python3.12/site-packages/airflow/example_dags/example_xcom.py
[2024-08-24T11:55:09.538+0000] {logging_mixin.py:190} INFO - [2024-08-24T11:55:09.537+0000] {dag.py:3211} INFO - Sync 1 DAGs
[2024-08-24T11:55:09.554+0000] {logging_mixin.py:190} INFO - [2024-08-24T11:55:09.554+0000] {dag.py:4138} INFO - Setting next_dagrun for example_xcom to 2021-01-01 00:00:00+00:00, run_after=2021-01-01 00:00:00+00:00
[2024-08-24T11:55:09.564+0000] {processor.py:208} INFO - Processing /home/airflow/.local/lib/python3.12/site-packages/airflow/example_dags/example_xcom.py took 0.053 seconds
[2024-08-24T11:55:39.879+0000] {processor.py:186} INFO - Started process (PID=4315) to work on /home/airflow/.local/lib/python3.12/site-packages/airflow/example_dags/example_xcom.py
[2024-08-24T11:55:39.880+0000] {processor.py:914} INFO - Processing file /home/airflow/.local/lib/python3.12/site-packages/airflow/example_dags/example_xcom.py for tasks to queue
[2024-08-24T11:55:39.881+0000] {logging_mixin.py:190} INFO - [2024-08-24T11:55:39.881+0000] {dagbag.py:587} INFO - Filling up the DagBag from /home/airflow/.local/lib/python3.12/site-packages/airflow/example_dags/example_xcom.py
[2024-08-24T11:55:39.886+0000] {processor.py:925} INFO - DAG(s) 'example_xcom' retrieved from /home/airflow/.local/lib/python3.12/site-packages/airflow/example_dags/example_xcom.py
[2024-08-24T11:55:39.897+0000] {logging_mixin.py:190} INFO - [2024-08-24T11:55:39.896+0000] {dag.py:3211} INFO - Sync 1 DAGs
[2024-08-24T11:55:39.908+0000] {logging_mixin.py:190} INFO - [2024-08-24T11:55:39.908+0000] {dag.py:4138} INFO - Setting next_dagrun for example_xcom to 2021-01-01 00:00:00+00:00, run_after=2021-01-01 00:00:00+00:00
[2024-08-24T11:55:39.917+0000] {processor.py:208} INFO - Processing /home/airflow/.local/lib/python3.12/site-packages/airflow/example_dags/example_xcom.py took 0.042 seconds
[2024-08-24T11:56:10.361+0000] {processor.py:186} INFO - Started process (PID=4377) to work on /home/airflow/.local/lib/python3.12/site-packages/airflow/example_dags/example_xcom.py
[2024-08-24T11:56:10.362+0000] {processor.py:914} INFO - Processing file /home/airflow/.local/lib/python3.12/site-packages/airflow/example_dags/example_xcom.py for tasks to queue
[2024-08-24T11:56:10.363+0000] {logging_mixin.py:190} INFO - [2024-08-24T11:56:10.363+0000] {dagbag.py:587} INFO - Filling up the DagBag from /home/airflow/.local/lib/python3.12/site-packages/airflow/example_dags/example_xcom.py
[2024-08-24T11:56:10.370+0000] {processor.py:925} INFO - DAG(s) 'example_xcom' retrieved from /home/airflow/.local/lib/python3.12/site-packages/airflow/example_dags/example_xcom.py
[2024-08-24T11:56:10.385+0000] {logging_mixin.py:190} INFO - [2024-08-24T11:56:10.385+0000] {dag.py:3211} INFO - Sync 1 DAGs
[2024-08-24T11:56:10.401+0000] {logging_mixin.py:190} INFO - [2024-08-24T11:56:10.401+0000] {dag.py:4138} INFO - Setting next_dagrun for example_xcom to 2021-01-01 00:00:00+00:00, run_after=2021-01-01 00:00:00+00:00
[2024-08-24T11:56:10.415+0000] {processor.py:208} INFO - Processing /home/airflow/.local/lib/python3.12/site-packages/airflow/example_dags/example_xcom.py took 0.058 seconds
