[2024-08-24T11:21:09.260+0000] {processor.py:186} INFO - Started process (PID=106) to work on /home/airflow/.local/lib/python3.12/site-packages/airflow/example_dags/example_task_group_decorator.py
[2024-08-24T11:21:09.260+0000] {processor.py:914} INFO - Processing file /home/airflow/.local/lib/python3.12/site-packages/airflow/example_dags/example_task_group_decorator.py for tasks to queue
[2024-08-24T11:21:09.262+0000] {logging_mixin.py:190} INFO - [2024-08-24T11:21:09.262+0000] {dagbag.py:587} INFO - Filling up the DagBag from /home/airflow/.local/lib/python3.12/site-packages/airflow/example_dags/example_task_group_decorator.py
[2024-08-24T11:21:09.271+0000] {processor.py:925} INFO - DAG(s) 'example_task_group_decorator' retrieved from /home/airflow/.local/lib/python3.12/site-packages/airflow/example_dags/example_task_group_decorator.py
[2024-08-24T11:21:09.331+0000] {logging_mixin.py:190} INFO - [2024-08-24T11:21:09.330+0000] {override.py:1858} INFO - Created Permission View: can edit on DAG:example_task_group_decorator
[2024-08-24T11:21:09.339+0000] {logging_mixin.py:190} INFO - [2024-08-24T11:21:09.338+0000] {override.py:1858} INFO - Created Permission View: can read on DAG:example_task_group_decorator
[2024-08-24T11:21:09.344+0000] {logging_mixin.py:190} INFO - [2024-08-24T11:21:09.343+0000] {override.py:1858} INFO - Created Permission View: can delete on DAG:example_task_group_decorator
[2024-08-24T11:21:09.344+0000] {logging_mixin.py:190} INFO - [2024-08-24T11:21:09.344+0000] {dag.py:3211} INFO - Sync 1 DAGs
[2024-08-24T11:21:09.353+0000] {logging_mixin.py:190} INFO - [2024-08-24T11:21:09.353+0000] {dag.py:3234} INFO - Creating ORM DAG for example_task_group_decorator
[2024-08-24T11:21:09.360+0000] {logging_mixin.py:190} INFO - [2024-08-24T11:21:09.360+0000] {dag.py:4138} INFO - Setting next_dagrun for example_task_group_decorator to 2024-08-23 00:00:00+00:00, run_after=2024-08-24 00:00:00+00:00
[2024-08-24T11:21:09.368+0000] {processor.py:208} INFO - Processing /home/airflow/.local/lib/python3.12/site-packages/airflow/example_dags/example_task_group_decorator.py took 0.113 seconds
[2024-08-24T11:21:39.432+0000] {processor.py:186} INFO - Started process (PID=168) to work on /home/airflow/.local/lib/python3.12/site-packages/airflow/example_dags/example_task_group_decorator.py
[2024-08-24T11:21:39.432+0000] {processor.py:914} INFO - Processing file /home/airflow/.local/lib/python3.12/site-packages/airflow/example_dags/example_task_group_decorator.py for tasks to queue
[2024-08-24T11:21:39.433+0000] {logging_mixin.py:190} INFO - [2024-08-24T11:21:39.433+0000] {dagbag.py:587} INFO - Filling up the DagBag from /home/airflow/.local/lib/python3.12/site-packages/airflow/example_dags/example_task_group_decorator.py
[2024-08-24T11:21:39.441+0000] {processor.py:925} INFO - DAG(s) 'example_task_group_decorator' retrieved from /home/airflow/.local/lib/python3.12/site-packages/airflow/example_dags/example_task_group_decorator.py
[2024-08-24T11:21:39.457+0000] {logging_mixin.py:190} INFO - [2024-08-24T11:21:39.456+0000] {dag.py:3211} INFO - Sync 1 DAGs
[2024-08-24T11:21:39.474+0000] {logging_mixin.py:190} INFO - [2024-08-24T11:21:39.474+0000] {dag.py:4138} INFO - Setting next_dagrun for example_task_group_decorator to 2024-08-23 00:00:00+00:00, run_after=2024-08-24 00:00:00+00:00
[2024-08-24T11:21:39.490+0000] {processor.py:208} INFO - Processing /home/airflow/.local/lib/python3.12/site-packages/airflow/example_dags/example_task_group_decorator.py took 0.061 seconds
[2024-08-24T11:22:09.667+0000] {processor.py:186} INFO - Started process (PID=230) to work on /home/airflow/.local/lib/python3.12/site-packages/airflow/example_dags/example_task_group_decorator.py
[2024-08-24T11:22:09.667+0000] {processor.py:914} INFO - Processing file /home/airflow/.local/lib/python3.12/site-packages/airflow/example_dags/example_task_group_decorator.py for tasks to queue
[2024-08-24T11:22:09.669+0000] {logging_mixin.py:190} INFO - [2024-08-24T11:22:09.668+0000] {dagbag.py:587} INFO - Filling up the DagBag from /home/airflow/.local/lib/python3.12/site-packages/airflow/example_dags/example_task_group_decorator.py
[2024-08-24T11:22:09.677+0000] {processor.py:925} INFO - DAG(s) 'example_task_group_decorator' retrieved from /home/airflow/.local/lib/python3.12/site-packages/airflow/example_dags/example_task_group_decorator.py
[2024-08-24T11:22:09.690+0000] {logging_mixin.py:190} INFO - [2024-08-24T11:22:09.689+0000] {dag.py:3211} INFO - Sync 1 DAGs
[2024-08-24T11:22:09.702+0000] {logging_mixin.py:190} INFO - [2024-08-24T11:22:09.702+0000] {dag.py:4138} INFO - Setting next_dagrun for example_task_group_decorator to 2024-08-23 00:00:00+00:00, run_after=2024-08-24 00:00:00+00:00
[2024-08-24T11:22:09.712+0000] {processor.py:208} INFO - Processing /home/airflow/.local/lib/python3.12/site-packages/airflow/example_dags/example_task_group_decorator.py took 0.048 seconds
[2024-08-24T11:22:39.792+0000] {processor.py:186} INFO - Started process (PID=292) to work on /home/airflow/.local/lib/python3.12/site-packages/airflow/example_dags/example_task_group_decorator.py
[2024-08-24T11:22:39.793+0000] {processor.py:914} INFO - Processing file /home/airflow/.local/lib/python3.12/site-packages/airflow/example_dags/example_task_group_decorator.py for tasks to queue
[2024-08-24T11:22:39.794+0000] {logging_mixin.py:190} INFO - [2024-08-24T11:22:39.794+0000] {dagbag.py:587} INFO - Filling up the DagBag from /home/airflow/.local/lib/python3.12/site-packages/airflow/example_dags/example_task_group_decorator.py
[2024-08-24T11:22:39.803+0000] {processor.py:925} INFO - DAG(s) 'example_task_group_decorator' retrieved from /home/airflow/.local/lib/python3.12/site-packages/airflow/example_dags/example_task_group_decorator.py
[2024-08-24T11:22:39.817+0000] {logging_mixin.py:190} INFO - [2024-08-24T11:22:39.816+0000] {dag.py:3211} INFO - Sync 1 DAGs
[2024-08-24T11:22:39.829+0000] {logging_mixin.py:190} INFO - [2024-08-24T11:22:39.828+0000] {dag.py:4138} INFO - Setting next_dagrun for example_task_group_decorator to 2024-08-23 00:00:00+00:00, run_after=2024-08-24 00:00:00+00:00
[2024-08-24T11:22:39.837+0000] {processor.py:208} INFO - Processing /home/airflow/.local/lib/python3.12/site-packages/airflow/example_dags/example_task_group_decorator.py took 0.049 seconds
[2024-08-24T11:23:10.115+0000] {processor.py:186} INFO - Started process (PID=354) to work on /home/airflow/.local/lib/python3.12/site-packages/airflow/example_dags/example_task_group_decorator.py
[2024-08-24T11:23:10.115+0000] {processor.py:914} INFO - Processing file /home/airflow/.local/lib/python3.12/site-packages/airflow/example_dags/example_task_group_decorator.py for tasks to queue
[2024-08-24T11:23:10.117+0000] {logging_mixin.py:190} INFO - [2024-08-24T11:23:10.117+0000] {dagbag.py:587} INFO - Filling up the DagBag from /home/airflow/.local/lib/python3.12/site-packages/airflow/example_dags/example_task_group_decorator.py
[2024-08-24T11:23:10.126+0000] {processor.py:925} INFO - DAG(s) 'example_task_group_decorator' retrieved from /home/airflow/.local/lib/python3.12/site-packages/airflow/example_dags/example_task_group_decorator.py
[2024-08-24T11:23:10.140+0000] {logging_mixin.py:190} INFO - [2024-08-24T11:23:10.140+0000] {dag.py:3211} INFO - Sync 1 DAGs
[2024-08-24T11:23:10.152+0000] {logging_mixin.py:190} INFO - [2024-08-24T11:23:10.152+0000] {dag.py:4138} INFO - Setting next_dagrun for example_task_group_decorator to 2024-08-23 00:00:00+00:00, run_after=2024-08-24 00:00:00+00:00
[2024-08-24T11:23:10.162+0000] {processor.py:208} INFO - Processing /home/airflow/.local/lib/python3.12/site-packages/airflow/example_dags/example_task_group_decorator.py took 0.051 seconds
[2024-08-24T11:23:40.400+0000] {processor.py:186} INFO - Started process (PID=416) to work on /home/airflow/.local/lib/python3.12/site-packages/airflow/example_dags/example_task_group_decorator.py
[2024-08-24T11:23:40.400+0000] {processor.py:914} INFO - Processing file /home/airflow/.local/lib/python3.12/site-packages/airflow/example_dags/example_task_group_decorator.py for tasks to queue
[2024-08-24T11:23:40.402+0000] {logging_mixin.py:190} INFO - [2024-08-24T11:23:40.402+0000] {dagbag.py:587} INFO - Filling up the DagBag from /home/airflow/.local/lib/python3.12/site-packages/airflow/example_dags/example_task_group_decorator.py
[2024-08-24T11:23:40.411+0000] {processor.py:925} INFO - DAG(s) 'example_task_group_decorator' retrieved from /home/airflow/.local/lib/python3.12/site-packages/airflow/example_dags/example_task_group_decorator.py
[2024-08-24T11:23:40.431+0000] {logging_mixin.py:190} INFO - [2024-08-24T11:23:40.430+0000] {dag.py:3211} INFO - Sync 1 DAGs
[2024-08-24T11:23:40.446+0000] {logging_mixin.py:190} INFO - [2024-08-24T11:23:40.446+0000] {dag.py:4138} INFO - Setting next_dagrun for example_task_group_decorator to 2024-08-23 00:00:00+00:00, run_after=2024-08-24 00:00:00+00:00
[2024-08-24T11:23:40.456+0000] {processor.py:208} INFO - Processing /home/airflow/.local/lib/python3.12/site-packages/airflow/example_dags/example_task_group_decorator.py took 0.060 seconds
[2024-08-24T11:24:10.624+0000] {processor.py:186} INFO - Started process (PID=478) to work on /home/airflow/.local/lib/python3.12/site-packages/airflow/example_dags/example_task_group_decorator.py
[2024-08-24T11:24:10.624+0000] {processor.py:914} INFO - Processing file /home/airflow/.local/lib/python3.12/site-packages/airflow/example_dags/example_task_group_decorator.py for tasks to queue
[2024-08-24T11:24:10.626+0000] {logging_mixin.py:190} INFO - [2024-08-24T11:24:10.625+0000] {dagbag.py:587} INFO - Filling up the DagBag from /home/airflow/.local/lib/python3.12/site-packages/airflow/example_dags/example_task_group_decorator.py
[2024-08-24T11:24:10.634+0000] {processor.py:925} INFO - DAG(s) 'example_task_group_decorator' retrieved from /home/airflow/.local/lib/python3.12/site-packages/airflow/example_dags/example_task_group_decorator.py
[2024-08-24T11:24:10.647+0000] {logging_mixin.py:190} INFO - [2024-08-24T11:24:10.647+0000] {dag.py:3211} INFO - Sync 1 DAGs
[2024-08-24T11:24:10.663+0000] {logging_mixin.py:190} INFO - [2024-08-24T11:24:10.662+0000] {dag.py:4138} INFO - Setting next_dagrun for example_task_group_decorator to 2024-08-23 00:00:00+00:00, run_after=2024-08-24 00:00:00+00:00
[2024-08-24T11:24:10.672+0000] {processor.py:208} INFO - Processing /home/airflow/.local/lib/python3.12/site-packages/airflow/example_dags/example_task_group_decorator.py took 0.051 seconds
[2024-08-24T11:24:40.843+0000] {processor.py:186} INFO - Started process (PID=540) to work on /home/airflow/.local/lib/python3.12/site-packages/airflow/example_dags/example_task_group_decorator.py
[2024-08-24T11:24:40.843+0000] {processor.py:914} INFO - Processing file /home/airflow/.local/lib/python3.12/site-packages/airflow/example_dags/example_task_group_decorator.py for tasks to queue
[2024-08-24T11:24:40.844+0000] {logging_mixin.py:190} INFO - [2024-08-24T11:24:40.844+0000] {dagbag.py:587} INFO - Filling up the DagBag from /home/airflow/.local/lib/python3.12/site-packages/airflow/example_dags/example_task_group_decorator.py
[2024-08-24T11:24:40.853+0000] {processor.py:925} INFO - DAG(s) 'example_task_group_decorator' retrieved from /home/airflow/.local/lib/python3.12/site-packages/airflow/example_dags/example_task_group_decorator.py
[2024-08-24T11:24:40.865+0000] {logging_mixin.py:190} INFO - [2024-08-24T11:24:40.865+0000] {dag.py:3211} INFO - Sync 1 DAGs
[2024-08-24T11:24:40.877+0000] {logging_mixin.py:190} INFO - [2024-08-24T11:24:40.877+0000] {dag.py:4138} INFO - Setting next_dagrun for example_task_group_decorator to 2024-08-23 00:00:00+00:00, run_after=2024-08-24 00:00:00+00:00
[2024-08-24T11:24:40.886+0000] {processor.py:208} INFO - Processing /home/airflow/.local/lib/python3.12/site-packages/airflow/example_dags/example_task_group_decorator.py took 0.047 seconds
[2024-08-24T11:25:11.140+0000] {processor.py:186} INFO - Started process (PID=602) to work on /home/airflow/.local/lib/python3.12/site-packages/airflow/example_dags/example_task_group_decorator.py
[2024-08-24T11:25:11.141+0000] {processor.py:914} INFO - Processing file /home/airflow/.local/lib/python3.12/site-packages/airflow/example_dags/example_task_group_decorator.py for tasks to queue
[2024-08-24T11:25:11.142+0000] {logging_mixin.py:190} INFO - [2024-08-24T11:25:11.142+0000] {dagbag.py:587} INFO - Filling up the DagBag from /home/airflow/.local/lib/python3.12/site-packages/airflow/example_dags/example_task_group_decorator.py
[2024-08-24T11:25:11.150+0000] {processor.py:925} INFO - DAG(s) 'example_task_group_decorator' retrieved from /home/airflow/.local/lib/python3.12/site-packages/airflow/example_dags/example_task_group_decorator.py
[2024-08-24T11:25:11.164+0000] {logging_mixin.py:190} INFO - [2024-08-24T11:25:11.164+0000] {dag.py:3211} INFO - Sync 1 DAGs
[2024-08-24T11:25:11.175+0000] {logging_mixin.py:190} INFO - [2024-08-24T11:25:11.175+0000] {dag.py:4138} INFO - Setting next_dagrun for example_task_group_decorator to 2024-08-23 00:00:00+00:00, run_after=2024-08-24 00:00:00+00:00
[2024-08-24T11:25:11.183+0000] {processor.py:208} INFO - Processing /home/airflow/.local/lib/python3.12/site-packages/airflow/example_dags/example_task_group_decorator.py took 0.047 seconds
[2024-08-24T11:25:41.223+0000] {processor.py:186} INFO - Started process (PID=664) to work on /home/airflow/.local/lib/python3.12/site-packages/airflow/example_dags/example_task_group_decorator.py
[2024-08-24T11:25:41.223+0000] {processor.py:914} INFO - Processing file /home/airflow/.local/lib/python3.12/site-packages/airflow/example_dags/example_task_group_decorator.py for tasks to queue
[2024-08-24T11:25:41.224+0000] {logging_mixin.py:190} INFO - [2024-08-24T11:25:41.224+0000] {dagbag.py:587} INFO - Filling up the DagBag from /home/airflow/.local/lib/python3.12/site-packages/airflow/example_dags/example_task_group_decorator.py
[2024-08-24T11:25:41.232+0000] {processor.py:925} INFO - DAG(s) 'example_task_group_decorator' retrieved from /home/airflow/.local/lib/python3.12/site-packages/airflow/example_dags/example_task_group_decorator.py
[2024-08-24T11:25:41.247+0000] {logging_mixin.py:190} INFO - [2024-08-24T11:25:41.247+0000] {dag.py:3211} INFO - Sync 1 DAGs
[2024-08-24T11:25:41.258+0000] {logging_mixin.py:190} INFO - [2024-08-24T11:25:41.258+0000] {dag.py:4138} INFO - Setting next_dagrun for example_task_group_decorator to 2024-08-23 00:00:00+00:00, run_after=2024-08-24 00:00:00+00:00
[2024-08-24T11:25:41.266+0000] {processor.py:208} INFO - Processing /home/airflow/.local/lib/python3.12/site-packages/airflow/example_dags/example_task_group_decorator.py took 0.047 seconds
[2024-08-24T11:26:11.523+0000] {processor.py:186} INFO - Started process (PID=726) to work on /home/airflow/.local/lib/python3.12/site-packages/airflow/example_dags/example_task_group_decorator.py
[2024-08-24T11:26:11.523+0000] {processor.py:914} INFO - Processing file /home/airflow/.local/lib/python3.12/site-packages/airflow/example_dags/example_task_group_decorator.py for tasks to queue
[2024-08-24T11:26:11.524+0000] {logging_mixin.py:190} INFO - [2024-08-24T11:26:11.524+0000] {dagbag.py:587} INFO - Filling up the DagBag from /home/airflow/.local/lib/python3.12/site-packages/airflow/example_dags/example_task_group_decorator.py
[2024-08-24T11:26:11.534+0000] {processor.py:925} INFO - DAG(s) 'example_task_group_decorator' retrieved from /home/airflow/.local/lib/python3.12/site-packages/airflow/example_dags/example_task_group_decorator.py
[2024-08-24T11:26:11.552+0000] {logging_mixin.py:190} INFO - [2024-08-24T11:26:11.551+0000] {dag.py:3211} INFO - Sync 1 DAGs
[2024-08-24T11:26:11.570+0000] {logging_mixin.py:190} INFO - [2024-08-24T11:26:11.570+0000] {dag.py:4138} INFO - Setting next_dagrun for example_task_group_decorator to 2024-08-23 00:00:00+00:00, run_after=2024-08-24 00:00:00+00:00
[2024-08-24T11:26:11.586+0000] {processor.py:208} INFO - Processing /home/airflow/.local/lib/python3.12/site-packages/airflow/example_dags/example_task_group_decorator.py took 0.067 seconds
[2024-08-24T11:26:41.693+0000] {processor.py:186} INFO - Started process (PID=788) to work on /home/airflow/.local/lib/python3.12/site-packages/airflow/example_dags/example_task_group_decorator.py
[2024-08-24T11:26:41.694+0000] {processor.py:914} INFO - Processing file /home/airflow/.local/lib/python3.12/site-packages/airflow/example_dags/example_task_group_decorator.py for tasks to queue
[2024-08-24T11:26:41.695+0000] {logging_mixin.py:190} INFO - [2024-08-24T11:26:41.695+0000] {dagbag.py:587} INFO - Filling up the DagBag from /home/airflow/.local/lib/python3.12/site-packages/airflow/example_dags/example_task_group_decorator.py
[2024-08-24T11:26:41.702+0000] {processor.py:925} INFO - DAG(s) 'example_task_group_decorator' retrieved from /home/airflow/.local/lib/python3.12/site-packages/airflow/example_dags/example_task_group_decorator.py
[2024-08-24T11:26:41.714+0000] {logging_mixin.py:190} INFO - [2024-08-24T11:26:41.714+0000] {dag.py:3211} INFO - Sync 1 DAGs
[2024-08-24T11:26:41.725+0000] {logging_mixin.py:190} INFO - [2024-08-24T11:26:41.725+0000] {dag.py:4138} INFO - Setting next_dagrun for example_task_group_decorator to 2024-08-23 00:00:00+00:00, run_after=2024-08-24 00:00:00+00:00
[2024-08-24T11:26:41.734+0000] {processor.py:208} INFO - Processing /home/airflow/.local/lib/python3.12/site-packages/airflow/example_dags/example_task_group_decorator.py took 0.043 seconds
[2024-08-24T11:27:11.984+0000] {processor.py:186} INFO - Started process (PID=850) to work on /home/airflow/.local/lib/python3.12/site-packages/airflow/example_dags/example_task_group_decorator.py
[2024-08-24T11:27:11.985+0000] {processor.py:914} INFO - Processing file /home/airflow/.local/lib/python3.12/site-packages/airflow/example_dags/example_task_group_decorator.py for tasks to queue
[2024-08-24T11:27:11.986+0000] {logging_mixin.py:190} INFO - [2024-08-24T11:27:11.986+0000] {dagbag.py:587} INFO - Filling up the DagBag from /home/airflow/.local/lib/python3.12/site-packages/airflow/example_dags/example_task_group_decorator.py
[2024-08-24T11:27:11.994+0000] {processor.py:925} INFO - DAG(s) 'example_task_group_decorator' retrieved from /home/airflow/.local/lib/python3.12/site-packages/airflow/example_dags/example_task_group_decorator.py
[2024-08-24T11:27:12.008+0000] {logging_mixin.py:190} INFO - [2024-08-24T11:27:12.007+0000] {dag.py:3211} INFO - Sync 1 DAGs
[2024-08-24T11:27:12.019+0000] {logging_mixin.py:190} INFO - [2024-08-24T11:27:12.019+0000] {dag.py:4138} INFO - Setting next_dagrun for example_task_group_decorator to 2024-08-23 00:00:00+00:00, run_after=2024-08-24 00:00:00+00:00
[2024-08-24T11:27:12.028+0000] {processor.py:208} INFO - Processing /home/airflow/.local/lib/python3.12/site-packages/airflow/example_dags/example_task_group_decorator.py took 0.046 seconds
[2024-08-24T11:27:42.303+0000] {processor.py:186} INFO - Started process (PID=912) to work on /home/airflow/.local/lib/python3.12/site-packages/airflow/example_dags/example_task_group_decorator.py
[2024-08-24T11:27:42.304+0000] {processor.py:914} INFO - Processing file /home/airflow/.local/lib/python3.12/site-packages/airflow/example_dags/example_task_group_decorator.py for tasks to queue
[2024-08-24T11:27:42.305+0000] {logging_mixin.py:190} INFO - [2024-08-24T11:27:42.305+0000] {dagbag.py:587} INFO - Filling up the DagBag from /home/airflow/.local/lib/python3.12/site-packages/airflow/example_dags/example_task_group_decorator.py
[2024-08-24T11:27:42.313+0000] {processor.py:925} INFO - DAG(s) 'example_task_group_decorator' retrieved from /home/airflow/.local/lib/python3.12/site-packages/airflow/example_dags/example_task_group_decorator.py
[2024-08-24T11:27:42.332+0000] {logging_mixin.py:190} INFO - [2024-08-24T11:27:42.331+0000] {dag.py:3211} INFO - Sync 1 DAGs
[2024-08-24T11:27:42.347+0000] {logging_mixin.py:190} INFO - [2024-08-24T11:27:42.347+0000] {dag.py:4138} INFO - Setting next_dagrun for example_task_group_decorator to 2024-08-23 00:00:00+00:00, run_after=2024-08-24 00:00:00+00:00
[2024-08-24T11:27:42.357+0000] {processor.py:208} INFO - Processing /home/airflow/.local/lib/python3.12/site-packages/airflow/example_dags/example_task_group_decorator.py took 0.057 seconds
[2024-08-24T11:28:13.247+0000] {processor.py:186} INFO - Started process (PID=974) to work on /home/airflow/.local/lib/python3.12/site-packages/airflow/example_dags/example_task_group_decorator.py
[2024-08-24T11:28:13.247+0000] {processor.py:914} INFO - Processing file /home/airflow/.local/lib/python3.12/site-packages/airflow/example_dags/example_task_group_decorator.py for tasks to queue
[2024-08-24T11:28:13.248+0000] {logging_mixin.py:190} INFO - [2024-08-24T11:28:13.248+0000] {dagbag.py:587} INFO - Filling up the DagBag from /home/airflow/.local/lib/python3.12/site-packages/airflow/example_dags/example_task_group_decorator.py
[2024-08-24T11:28:13.256+0000] {processor.py:925} INFO - DAG(s) 'example_task_group_decorator' retrieved from /home/airflow/.local/lib/python3.12/site-packages/airflow/example_dags/example_task_group_decorator.py
[2024-08-24T11:28:13.269+0000] {logging_mixin.py:190} INFO - [2024-08-24T11:28:13.269+0000] {dag.py:3211} INFO - Sync 1 DAGs
[2024-08-24T11:28:13.282+0000] {logging_mixin.py:190} INFO - [2024-08-24T11:28:13.281+0000] {dag.py:4138} INFO - Setting next_dagrun for example_task_group_decorator to 2024-08-23 00:00:00+00:00, run_after=2024-08-24 00:00:00+00:00
[2024-08-24T11:28:13.290+0000] {processor.py:208} INFO - Processing /home/airflow/.local/lib/python3.12/site-packages/airflow/example_dags/example_task_group_decorator.py took 0.048 seconds
[2024-08-24T11:28:44.308+0000] {processor.py:186} INFO - Started process (PID=1036) to work on /home/airflow/.local/lib/python3.12/site-packages/airflow/example_dags/example_task_group_decorator.py
[2024-08-24T11:28:44.309+0000] {processor.py:914} INFO - Processing file /home/airflow/.local/lib/python3.12/site-packages/airflow/example_dags/example_task_group_decorator.py for tasks to queue
[2024-08-24T11:28:44.310+0000] {logging_mixin.py:190} INFO - [2024-08-24T11:28:44.310+0000] {dagbag.py:587} INFO - Filling up the DagBag from /home/airflow/.local/lib/python3.12/site-packages/airflow/example_dags/example_task_group_decorator.py
[2024-08-24T11:28:44.321+0000] {processor.py:925} INFO - DAG(s) 'example_task_group_decorator' retrieved from /home/airflow/.local/lib/python3.12/site-packages/airflow/example_dags/example_task_group_decorator.py
[2024-08-24T11:28:44.333+0000] {logging_mixin.py:190} INFO - [2024-08-24T11:28:44.333+0000] {dag.py:3211} INFO - Sync 1 DAGs
[2024-08-24T11:28:44.346+0000] {logging_mixin.py:190} INFO - [2024-08-24T11:28:44.346+0000] {dag.py:4138} INFO - Setting next_dagrun for example_task_group_decorator to 2024-08-23 00:00:00+00:00, run_after=2024-08-24 00:00:00+00:00
[2024-08-24T11:28:44.354+0000] {processor.py:208} INFO - Processing /home/airflow/.local/lib/python3.12/site-packages/airflow/example_dags/example_task_group_decorator.py took 0.051 seconds
[2024-08-24T11:29:15.480+0000] {processor.py:186} INFO - Started process (PID=1098) to work on /home/airflow/.local/lib/python3.12/site-packages/airflow/example_dags/example_task_group_decorator.py
[2024-08-24T11:29:15.481+0000] {processor.py:914} INFO - Processing file /home/airflow/.local/lib/python3.12/site-packages/airflow/example_dags/example_task_group_decorator.py for tasks to queue
[2024-08-24T11:29:15.482+0000] {logging_mixin.py:190} INFO - [2024-08-24T11:29:15.482+0000] {dagbag.py:587} INFO - Filling up the DagBag from /home/airflow/.local/lib/python3.12/site-packages/airflow/example_dags/example_task_group_decorator.py
[2024-08-24T11:29:15.491+0000] {processor.py:925} INFO - DAG(s) 'example_task_group_decorator' retrieved from /home/airflow/.local/lib/python3.12/site-packages/airflow/example_dags/example_task_group_decorator.py
[2024-08-24T11:29:15.509+0000] {logging_mixin.py:190} INFO - [2024-08-24T11:29:15.509+0000] {dag.py:3211} INFO - Sync 1 DAGs
[2024-08-24T11:29:15.528+0000] {logging_mixin.py:190} INFO - [2024-08-24T11:29:15.527+0000] {dag.py:4138} INFO - Setting next_dagrun for example_task_group_decorator to 2024-08-23 00:00:00+00:00, run_after=2024-08-24 00:00:00+00:00
[2024-08-24T11:29:15.543+0000] {processor.py:208} INFO - Processing /home/airflow/.local/lib/python3.12/site-packages/airflow/example_dags/example_task_group_decorator.py took 0.067 seconds
[2024-08-24T11:29:45.616+0000] {processor.py:186} INFO - Started process (PID=1160) to work on /home/airflow/.local/lib/python3.12/site-packages/airflow/example_dags/example_task_group_decorator.py
[2024-08-24T11:29:45.617+0000] {processor.py:914} INFO - Processing file /home/airflow/.local/lib/python3.12/site-packages/airflow/example_dags/example_task_group_decorator.py for tasks to queue
[2024-08-24T11:29:45.618+0000] {logging_mixin.py:190} INFO - [2024-08-24T11:29:45.618+0000] {dagbag.py:587} INFO - Filling up the DagBag from /home/airflow/.local/lib/python3.12/site-packages/airflow/example_dags/example_task_group_decorator.py
[2024-08-24T11:29:45.626+0000] {processor.py:925} INFO - DAG(s) 'example_task_group_decorator' retrieved from /home/airflow/.local/lib/python3.12/site-packages/airflow/example_dags/example_task_group_decorator.py
[2024-08-24T11:29:45.637+0000] {logging_mixin.py:190} INFO - [2024-08-24T11:29:45.637+0000] {dag.py:3211} INFO - Sync 1 DAGs
[2024-08-24T11:29:45.649+0000] {logging_mixin.py:190} INFO - [2024-08-24T11:29:45.649+0000] {dag.py:4138} INFO - Setting next_dagrun for example_task_group_decorator to 2024-08-23 00:00:00+00:00, run_after=2024-08-24 00:00:00+00:00
[2024-08-24T11:29:45.660+0000] {processor.py:208} INFO - Processing /home/airflow/.local/lib/python3.12/site-packages/airflow/example_dags/example_task_group_decorator.py took 0.047 seconds
[2024-08-24T11:30:16.596+0000] {processor.py:186} INFO - Started process (PID=1222) to work on /home/airflow/.local/lib/python3.12/site-packages/airflow/example_dags/example_task_group_decorator.py
[2024-08-24T11:30:16.596+0000] {processor.py:914} INFO - Processing file /home/airflow/.local/lib/python3.12/site-packages/airflow/example_dags/example_task_group_decorator.py for tasks to queue
[2024-08-24T11:30:16.598+0000] {logging_mixin.py:190} INFO - [2024-08-24T11:30:16.597+0000] {dagbag.py:587} INFO - Filling up the DagBag from /home/airflow/.local/lib/python3.12/site-packages/airflow/example_dags/example_task_group_decorator.py
[2024-08-24T11:30:16.606+0000] {processor.py:925} INFO - DAG(s) 'example_task_group_decorator' retrieved from /home/airflow/.local/lib/python3.12/site-packages/airflow/example_dags/example_task_group_decorator.py
[2024-08-24T11:30:16.618+0000] {logging_mixin.py:190} INFO - [2024-08-24T11:30:16.618+0000] {dag.py:3211} INFO - Sync 1 DAGs
[2024-08-24T11:30:16.631+0000] {logging_mixin.py:190} INFO - [2024-08-24T11:30:16.630+0000] {dag.py:4138} INFO - Setting next_dagrun for example_task_group_decorator to 2024-08-23 00:00:00+00:00, run_after=2024-08-24 00:00:00+00:00
[2024-08-24T11:30:16.644+0000] {processor.py:208} INFO - Processing /home/airflow/.local/lib/python3.12/site-packages/airflow/example_dags/example_task_group_decorator.py took 0.052 seconds
[2024-08-24T11:30:47.648+0000] {processor.py:186} INFO - Started process (PID=1284) to work on /home/airflow/.local/lib/python3.12/site-packages/airflow/example_dags/example_task_group_decorator.py
[2024-08-24T11:30:47.648+0000] {processor.py:914} INFO - Processing file /home/airflow/.local/lib/python3.12/site-packages/airflow/example_dags/example_task_group_decorator.py for tasks to queue
[2024-08-24T11:30:47.650+0000] {logging_mixin.py:190} INFO - [2024-08-24T11:30:47.649+0000] {dagbag.py:587} INFO - Filling up the DagBag from /home/airflow/.local/lib/python3.12/site-packages/airflow/example_dags/example_task_group_decorator.py
[2024-08-24T11:30:47.657+0000] {processor.py:925} INFO - DAG(s) 'example_task_group_decorator' retrieved from /home/airflow/.local/lib/python3.12/site-packages/airflow/example_dags/example_task_group_decorator.py
[2024-08-24T11:30:47.673+0000] {logging_mixin.py:190} INFO - [2024-08-24T11:30:47.672+0000] {dag.py:3211} INFO - Sync 1 DAGs
[2024-08-24T11:30:47.690+0000] {logging_mixin.py:190} INFO - [2024-08-24T11:30:47.690+0000] {dag.py:4138} INFO - Setting next_dagrun for example_task_group_decorator to 2024-08-23 00:00:00+00:00, run_after=2024-08-24 00:00:00+00:00
[2024-08-24T11:30:47.705+0000] {processor.py:208} INFO - Processing /home/airflow/.local/lib/python3.12/site-packages/airflow/example_dags/example_task_group_decorator.py took 0.060 seconds
[2024-08-24T11:31:18.690+0000] {processor.py:186} INFO - Started process (PID=1346) to work on /home/airflow/.local/lib/python3.12/site-packages/airflow/example_dags/example_task_group_decorator.py
[2024-08-24T11:31:18.690+0000] {processor.py:914} INFO - Processing file /home/airflow/.local/lib/python3.12/site-packages/airflow/example_dags/example_task_group_decorator.py for tasks to queue
[2024-08-24T11:31:18.692+0000] {logging_mixin.py:190} INFO - [2024-08-24T11:31:18.691+0000] {dagbag.py:587} INFO - Filling up the DagBag from /home/airflow/.local/lib/python3.12/site-packages/airflow/example_dags/example_task_group_decorator.py
[2024-08-24T11:31:18.700+0000] {processor.py:925} INFO - DAG(s) 'example_task_group_decorator' retrieved from /home/airflow/.local/lib/python3.12/site-packages/airflow/example_dags/example_task_group_decorator.py
[2024-08-24T11:31:18.714+0000] {logging_mixin.py:190} INFO - [2024-08-24T11:31:18.714+0000] {dag.py:3211} INFO - Sync 1 DAGs
[2024-08-24T11:31:18.726+0000] {logging_mixin.py:190} INFO - [2024-08-24T11:31:18.726+0000] {dag.py:4138} INFO - Setting next_dagrun for example_task_group_decorator to 2024-08-23 00:00:00+00:00, run_after=2024-08-24 00:00:00+00:00
[2024-08-24T11:31:18.736+0000] {processor.py:208} INFO - Processing /home/airflow/.local/lib/python3.12/site-packages/airflow/example_dags/example_task_group_decorator.py took 0.050 seconds
[2024-08-24T11:31:49.808+0000] {processor.py:186} INFO - Started process (PID=1408) to work on /home/airflow/.local/lib/python3.12/site-packages/airflow/example_dags/example_task_group_decorator.py
[2024-08-24T11:31:49.808+0000] {processor.py:914} INFO - Processing file /home/airflow/.local/lib/python3.12/site-packages/airflow/example_dags/example_task_group_decorator.py for tasks to queue
[2024-08-24T11:31:49.810+0000] {logging_mixin.py:190} INFO - [2024-08-24T11:31:49.809+0000] {dagbag.py:587} INFO - Filling up the DagBag from /home/airflow/.local/lib/python3.12/site-packages/airflow/example_dags/example_task_group_decorator.py
[2024-08-24T11:31:49.818+0000] {processor.py:925} INFO - DAG(s) 'example_task_group_decorator' retrieved from /home/airflow/.local/lib/python3.12/site-packages/airflow/example_dags/example_task_group_decorator.py
[2024-08-24T11:31:49.834+0000] {logging_mixin.py:190} INFO - [2024-08-24T11:31:49.834+0000] {dag.py:3211} INFO - Sync 1 DAGs
[2024-08-24T11:31:49.855+0000] {logging_mixin.py:190} INFO - [2024-08-24T11:31:49.855+0000] {dag.py:4138} INFO - Setting next_dagrun for example_task_group_decorator to 2024-08-23 00:00:00+00:00, run_after=2024-08-24 00:00:00+00:00
[2024-08-24T11:31:49.869+0000] {processor.py:208} INFO - Processing /home/airflow/.local/lib/python3.12/site-packages/airflow/example_dags/example_task_group_decorator.py took 0.064 seconds
[2024-08-24T11:32:19.962+0000] {processor.py:186} INFO - Started process (PID=1470) to work on /home/airflow/.local/lib/python3.12/site-packages/airflow/example_dags/example_task_group_decorator.py
[2024-08-24T11:32:19.962+0000] {processor.py:914} INFO - Processing file /home/airflow/.local/lib/python3.12/site-packages/airflow/example_dags/example_task_group_decorator.py for tasks to queue
[2024-08-24T11:32:19.964+0000] {logging_mixin.py:190} INFO - [2024-08-24T11:32:19.964+0000] {dagbag.py:587} INFO - Filling up the DagBag from /home/airflow/.local/lib/python3.12/site-packages/airflow/example_dags/example_task_group_decorator.py
[2024-08-24T11:32:19.977+0000] {processor.py:925} INFO - DAG(s) 'example_task_group_decorator' retrieved from /home/airflow/.local/lib/python3.12/site-packages/airflow/example_dags/example_task_group_decorator.py
[2024-08-24T11:32:19.993+0000] {logging_mixin.py:190} INFO - [2024-08-24T11:32:19.992+0000] {dag.py:3211} INFO - Sync 1 DAGs
[2024-08-24T11:32:20.004+0000] {logging_mixin.py:190} INFO - [2024-08-24T11:32:20.004+0000] {dag.py:4138} INFO - Setting next_dagrun for example_task_group_decorator to 2024-08-23 00:00:00+00:00, run_after=2024-08-24 00:00:00+00:00
[2024-08-24T11:32:20.016+0000] {processor.py:208} INFO - Processing /home/airflow/.local/lib/python3.12/site-packages/airflow/example_dags/example_task_group_decorator.py took 0.059 seconds
[2024-08-24T11:32:50.201+0000] {processor.py:186} INFO - Started process (PID=1532) to work on /home/airflow/.local/lib/python3.12/site-packages/airflow/example_dags/example_task_group_decorator.py
[2024-08-24T11:32:50.202+0000] {processor.py:914} INFO - Processing file /home/airflow/.local/lib/python3.12/site-packages/airflow/example_dags/example_task_group_decorator.py for tasks to queue
[2024-08-24T11:32:50.203+0000] {logging_mixin.py:190} INFO - [2024-08-24T11:32:50.203+0000] {dagbag.py:587} INFO - Filling up the DagBag from /home/airflow/.local/lib/python3.12/site-packages/airflow/example_dags/example_task_group_decorator.py
[2024-08-24T11:32:50.211+0000] {processor.py:925} INFO - DAG(s) 'example_task_group_decorator' retrieved from /home/airflow/.local/lib/python3.12/site-packages/airflow/example_dags/example_task_group_decorator.py
[2024-08-24T11:32:50.224+0000] {logging_mixin.py:190} INFO - [2024-08-24T11:32:50.224+0000] {dag.py:3211} INFO - Sync 1 DAGs
[2024-08-24T11:32:50.236+0000] {logging_mixin.py:190} INFO - [2024-08-24T11:32:50.236+0000] {dag.py:4138} INFO - Setting next_dagrun for example_task_group_decorator to 2024-08-23 00:00:00+00:00, run_after=2024-08-24 00:00:00+00:00
[2024-08-24T11:32:50.245+0000] {processor.py:208} INFO - Processing /home/airflow/.local/lib/python3.12/site-packages/airflow/example_dags/example_task_group_decorator.py took 0.046 seconds
[2024-08-24T11:33:20.358+0000] {processor.py:186} INFO - Started process (PID=1594) to work on /home/airflow/.local/lib/python3.12/site-packages/airflow/example_dags/example_task_group_decorator.py
[2024-08-24T11:33:20.359+0000] {processor.py:914} INFO - Processing file /home/airflow/.local/lib/python3.12/site-packages/airflow/example_dags/example_task_group_decorator.py for tasks to queue
[2024-08-24T11:33:20.361+0000] {logging_mixin.py:190} INFO - [2024-08-24T11:33:20.360+0000] {dagbag.py:587} INFO - Filling up the DagBag from /home/airflow/.local/lib/python3.12/site-packages/airflow/example_dags/example_task_group_decorator.py
[2024-08-24T11:33:20.370+0000] {processor.py:925} INFO - DAG(s) 'example_task_group_decorator' retrieved from /home/airflow/.local/lib/python3.12/site-packages/airflow/example_dags/example_task_group_decorator.py
[2024-08-24T11:33:20.383+0000] {logging_mixin.py:190} INFO - [2024-08-24T11:33:20.383+0000] {dag.py:3211} INFO - Sync 1 DAGs
[2024-08-24T11:33:20.395+0000] {logging_mixin.py:190} INFO - [2024-08-24T11:33:20.395+0000] {dag.py:4138} INFO - Setting next_dagrun for example_task_group_decorator to 2024-08-23 00:00:00+00:00, run_after=2024-08-24 00:00:00+00:00
[2024-08-24T11:33:20.404+0000] {processor.py:208} INFO - Processing /home/airflow/.local/lib/python3.12/site-packages/airflow/example_dags/example_task_group_decorator.py took 0.050 seconds
[2024-08-24T11:33:50.640+0000] {processor.py:186} INFO - Started process (PID=1656) to work on /home/airflow/.local/lib/python3.12/site-packages/airflow/example_dags/example_task_group_decorator.py
[2024-08-24T11:33:50.640+0000] {processor.py:914} INFO - Processing file /home/airflow/.local/lib/python3.12/site-packages/airflow/example_dags/example_task_group_decorator.py for tasks to queue
[2024-08-24T11:33:50.642+0000] {logging_mixin.py:190} INFO - [2024-08-24T11:33:50.641+0000] {dagbag.py:587} INFO - Filling up the DagBag from /home/airflow/.local/lib/python3.12/site-packages/airflow/example_dags/example_task_group_decorator.py
[2024-08-24T11:33:50.650+0000] {processor.py:925} INFO - DAG(s) 'example_task_group_decorator' retrieved from /home/airflow/.local/lib/python3.12/site-packages/airflow/example_dags/example_task_group_decorator.py
[2024-08-24T11:33:50.663+0000] {logging_mixin.py:190} INFO - [2024-08-24T11:33:50.663+0000] {dag.py:3211} INFO - Sync 1 DAGs
[2024-08-24T11:33:50.675+0000] {logging_mixin.py:190} INFO - [2024-08-24T11:33:50.675+0000] {dag.py:4138} INFO - Setting next_dagrun for example_task_group_decorator to 2024-08-23 00:00:00+00:00, run_after=2024-08-24 00:00:00+00:00
[2024-08-24T11:33:50.688+0000] {processor.py:208} INFO - Processing /home/airflow/.local/lib/python3.12/site-packages/airflow/example_dags/example_task_group_decorator.py took 0.053 seconds
[2024-08-24T11:34:20.906+0000] {processor.py:186} INFO - Started process (PID=1718) to work on /home/airflow/.local/lib/python3.12/site-packages/airflow/example_dags/example_task_group_decorator.py
[2024-08-24T11:34:20.906+0000] {processor.py:914} INFO - Processing file /home/airflow/.local/lib/python3.12/site-packages/airflow/example_dags/example_task_group_decorator.py for tasks to queue
[2024-08-24T11:34:20.908+0000] {logging_mixin.py:190} INFO - [2024-08-24T11:34:20.907+0000] {dagbag.py:587} INFO - Filling up the DagBag from /home/airflow/.local/lib/python3.12/site-packages/airflow/example_dags/example_task_group_decorator.py
[2024-08-24T11:34:20.915+0000] {processor.py:925} INFO - DAG(s) 'example_task_group_decorator' retrieved from /home/airflow/.local/lib/python3.12/site-packages/airflow/example_dags/example_task_group_decorator.py
[2024-08-24T11:34:20.928+0000] {logging_mixin.py:190} INFO - [2024-08-24T11:34:20.928+0000] {dag.py:3211} INFO - Sync 1 DAGs
[2024-08-24T11:34:20.940+0000] {logging_mixin.py:190} INFO - [2024-08-24T11:34:20.940+0000] {dag.py:4138} INFO - Setting next_dagrun for example_task_group_decorator to 2024-08-23 00:00:00+00:00, run_after=2024-08-24 00:00:00+00:00
[2024-08-24T11:34:20.948+0000] {processor.py:208} INFO - Processing /home/airflow/.local/lib/python3.12/site-packages/airflow/example_dags/example_task_group_decorator.py took 0.045 seconds
[2024-08-24T11:34:51.184+0000] {processor.py:186} INFO - Started process (PID=1780) to work on /home/airflow/.local/lib/python3.12/site-packages/airflow/example_dags/example_task_group_decorator.py
[2024-08-24T11:34:51.184+0000] {processor.py:914} INFO - Processing file /home/airflow/.local/lib/python3.12/site-packages/airflow/example_dags/example_task_group_decorator.py for tasks to queue
[2024-08-24T11:34:51.186+0000] {logging_mixin.py:190} INFO - [2024-08-24T11:34:51.185+0000] {dagbag.py:587} INFO - Filling up the DagBag from /home/airflow/.local/lib/python3.12/site-packages/airflow/example_dags/example_task_group_decorator.py
[2024-08-24T11:34:51.194+0000] {processor.py:925} INFO - DAG(s) 'example_task_group_decorator' retrieved from /home/airflow/.local/lib/python3.12/site-packages/airflow/example_dags/example_task_group_decorator.py
[2024-08-24T11:34:51.207+0000] {logging_mixin.py:190} INFO - [2024-08-24T11:34:51.207+0000] {dag.py:3211} INFO - Sync 1 DAGs
[2024-08-24T11:34:51.219+0000] {logging_mixin.py:190} INFO - [2024-08-24T11:34:51.219+0000] {dag.py:4138} INFO - Setting next_dagrun for example_task_group_decorator to 2024-08-23 00:00:00+00:00, run_after=2024-08-24 00:00:00+00:00
[2024-08-24T11:34:51.228+0000] {processor.py:208} INFO - Processing /home/airflow/.local/lib/python3.12/site-packages/airflow/example_dags/example_task_group_decorator.py took 0.047 seconds
[2024-08-24T11:35:21.348+0000] {processor.py:186} INFO - Started process (PID=1842) to work on /home/airflow/.local/lib/python3.12/site-packages/airflow/example_dags/example_task_group_decorator.py
[2024-08-24T11:35:21.348+0000] {processor.py:914} INFO - Processing file /home/airflow/.local/lib/python3.12/site-packages/airflow/example_dags/example_task_group_decorator.py for tasks to queue
[2024-08-24T11:35:21.350+0000] {logging_mixin.py:190} INFO - [2024-08-24T11:35:21.349+0000] {dagbag.py:587} INFO - Filling up the DagBag from /home/airflow/.local/lib/python3.12/site-packages/airflow/example_dags/example_task_group_decorator.py
[2024-08-24T11:35:21.358+0000] {processor.py:925} INFO - DAG(s) 'example_task_group_decorator' retrieved from /home/airflow/.local/lib/python3.12/site-packages/airflow/example_dags/example_task_group_decorator.py
[2024-08-24T11:35:21.372+0000] {logging_mixin.py:190} INFO - [2024-08-24T11:35:21.371+0000] {dag.py:3211} INFO - Sync 1 DAGs
[2024-08-24T11:35:21.383+0000] {logging_mixin.py:190} INFO - [2024-08-24T11:35:21.383+0000] {dag.py:4138} INFO - Setting next_dagrun for example_task_group_decorator to 2024-08-23 00:00:00+00:00, run_after=2024-08-24 00:00:00+00:00
[2024-08-24T11:35:21.393+0000] {processor.py:208} INFO - Processing /home/airflow/.local/lib/python3.12/site-packages/airflow/example_dags/example_task_group_decorator.py took 0.048 seconds
[2024-08-24T11:35:51.658+0000] {processor.py:186} INFO - Started process (PID=1904) to work on /home/airflow/.local/lib/python3.12/site-packages/airflow/example_dags/example_task_group_decorator.py
[2024-08-24T11:35:51.658+0000] {processor.py:914} INFO - Processing file /home/airflow/.local/lib/python3.12/site-packages/airflow/example_dags/example_task_group_decorator.py for tasks to queue
[2024-08-24T11:35:51.659+0000] {logging_mixin.py:190} INFO - [2024-08-24T11:35:51.659+0000] {dagbag.py:587} INFO - Filling up the DagBag from /home/airflow/.local/lib/python3.12/site-packages/airflow/example_dags/example_task_group_decorator.py
[2024-08-24T11:35:51.667+0000] {processor.py:925} INFO - DAG(s) 'example_task_group_decorator' retrieved from /home/airflow/.local/lib/python3.12/site-packages/airflow/example_dags/example_task_group_decorator.py
[2024-08-24T11:35:51.687+0000] {logging_mixin.py:190} INFO - [2024-08-24T11:35:51.687+0000] {dag.py:3211} INFO - Sync 1 DAGs
[2024-08-24T11:35:51.702+0000] {logging_mixin.py:190} INFO - [2024-08-24T11:35:51.702+0000] {dag.py:4138} INFO - Setting next_dagrun for example_task_group_decorator to 2024-08-23 00:00:00+00:00, run_after=2024-08-24 00:00:00+00:00
[2024-08-24T11:35:51.711+0000] {processor.py:208} INFO - Processing /home/airflow/.local/lib/python3.12/site-packages/airflow/example_dags/example_task_group_decorator.py took 0.056 seconds
[2024-08-24T11:36:22.126+0000] {processor.py:186} INFO - Started process (PID=1966) to work on /home/airflow/.local/lib/python3.12/site-packages/airflow/example_dags/example_task_group_decorator.py
[2024-08-24T11:36:22.127+0000] {processor.py:914} INFO - Processing file /home/airflow/.local/lib/python3.12/site-packages/airflow/example_dags/example_task_group_decorator.py for tasks to queue
[2024-08-24T11:36:22.128+0000] {logging_mixin.py:190} INFO - [2024-08-24T11:36:22.127+0000] {dagbag.py:587} INFO - Filling up the DagBag from /home/airflow/.local/lib/python3.12/site-packages/airflow/example_dags/example_task_group_decorator.py
[2024-08-24T11:36:22.136+0000] {processor.py:925} INFO - DAG(s) 'example_task_group_decorator' retrieved from /home/airflow/.local/lib/python3.12/site-packages/airflow/example_dags/example_task_group_decorator.py
[2024-08-24T11:36:22.149+0000] {logging_mixin.py:190} INFO - [2024-08-24T11:36:22.148+0000] {dag.py:3211} INFO - Sync 1 DAGs
[2024-08-24T11:36:22.160+0000] {logging_mixin.py:190} INFO - [2024-08-24T11:36:22.160+0000] {dag.py:4138} INFO - Setting next_dagrun for example_task_group_decorator to 2024-08-23 00:00:00+00:00, run_after=2024-08-24 00:00:00+00:00
[2024-08-24T11:36:22.168+0000] {processor.py:208} INFO - Processing /home/airflow/.local/lib/python3.12/site-packages/airflow/example_dags/example_task_group_decorator.py took 0.046 seconds
[2024-08-24T11:36:52.336+0000] {processor.py:186} INFO - Started process (PID=2028) to work on /home/airflow/.local/lib/python3.12/site-packages/airflow/example_dags/example_task_group_decorator.py
[2024-08-24T11:36:52.336+0000] {processor.py:914} INFO - Processing file /home/airflow/.local/lib/python3.12/site-packages/airflow/example_dags/example_task_group_decorator.py for tasks to queue
[2024-08-24T11:36:52.338+0000] {logging_mixin.py:190} INFO - [2024-08-24T11:36:52.338+0000] {dagbag.py:587} INFO - Filling up the DagBag from /home/airflow/.local/lib/python3.12/site-packages/airflow/example_dags/example_task_group_decorator.py
[2024-08-24T11:36:52.348+0000] {processor.py:925} INFO - DAG(s) 'example_task_group_decorator' retrieved from /home/airflow/.local/lib/python3.12/site-packages/airflow/example_dags/example_task_group_decorator.py
[2024-08-24T11:36:52.367+0000] {logging_mixin.py:190} INFO - [2024-08-24T11:36:52.367+0000] {dag.py:3211} INFO - Sync 1 DAGs
[2024-08-24T11:36:52.384+0000] {logging_mixin.py:190} INFO - [2024-08-24T11:36:52.384+0000] {dag.py:4138} INFO - Setting next_dagrun for example_task_group_decorator to 2024-08-23 00:00:00+00:00, run_after=2024-08-24 00:00:00+00:00
[2024-08-24T11:36:52.398+0000] {processor.py:208} INFO - Processing /home/airflow/.local/lib/python3.12/site-packages/airflow/example_dags/example_task_group_decorator.py took 0.067 seconds
[2024-08-24T11:37:22.697+0000] {processor.py:186} INFO - Started process (PID=2090) to work on /home/airflow/.local/lib/python3.12/site-packages/airflow/example_dags/example_task_group_decorator.py
[2024-08-24T11:37:22.698+0000] {processor.py:914} INFO - Processing file /home/airflow/.local/lib/python3.12/site-packages/airflow/example_dags/example_task_group_decorator.py for tasks to queue
[2024-08-24T11:37:22.699+0000] {logging_mixin.py:190} INFO - [2024-08-24T11:37:22.699+0000] {dagbag.py:587} INFO - Filling up the DagBag from /home/airflow/.local/lib/python3.12/site-packages/airflow/example_dags/example_task_group_decorator.py
[2024-08-24T11:37:22.707+0000] {processor.py:925} INFO - DAG(s) 'example_task_group_decorator' retrieved from /home/airflow/.local/lib/python3.12/site-packages/airflow/example_dags/example_task_group_decorator.py
[2024-08-24T11:37:22.720+0000] {logging_mixin.py:190} INFO - [2024-08-24T11:37:22.720+0000] {dag.py:3211} INFO - Sync 1 DAGs
[2024-08-24T11:37:22.732+0000] {logging_mixin.py:190} INFO - [2024-08-24T11:37:22.732+0000] {dag.py:4138} INFO - Setting next_dagrun for example_task_group_decorator to 2024-08-23 00:00:00+00:00, run_after=2024-08-24 00:00:00+00:00
[2024-08-24T11:37:22.741+0000] {processor.py:208} INFO - Processing /home/airflow/.local/lib/python3.12/site-packages/airflow/example_dags/example_task_group_decorator.py took 0.047 seconds
[2024-08-24T11:37:53.361+0000] {processor.py:186} INFO - Started process (PID=2153) to work on /home/airflow/.local/lib/python3.12/site-packages/airflow/example_dags/example_task_group_decorator.py
[2024-08-24T11:37:53.361+0000] {processor.py:914} INFO - Processing file /home/airflow/.local/lib/python3.12/site-packages/airflow/example_dags/example_task_group_decorator.py for tasks to queue
[2024-08-24T11:37:53.363+0000] {logging_mixin.py:190} INFO - [2024-08-24T11:37:53.363+0000] {dagbag.py:587} INFO - Filling up the DagBag from /home/airflow/.local/lib/python3.12/site-packages/airflow/example_dags/example_task_group_decorator.py
[2024-08-24T11:37:53.371+0000] {processor.py:925} INFO - DAG(s) 'example_task_group_decorator' retrieved from /home/airflow/.local/lib/python3.12/site-packages/airflow/example_dags/example_task_group_decorator.py
[2024-08-24T11:37:53.390+0000] {logging_mixin.py:190} INFO - [2024-08-24T11:37:53.390+0000] {dag.py:3211} INFO - Sync 1 DAGs
[2024-08-24T11:37:53.405+0000] {logging_mixin.py:190} INFO - [2024-08-24T11:37:53.405+0000] {dag.py:4138} INFO - Setting next_dagrun for example_task_group_decorator to 2024-08-23 00:00:00+00:00, run_after=2024-08-24 00:00:00+00:00
[2024-08-24T11:37:53.417+0000] {processor.py:208} INFO - Processing /home/airflow/.local/lib/python3.12/site-packages/airflow/example_dags/example_task_group_decorator.py took 0.061 seconds
[2024-08-24T11:38:23.835+0000] {processor.py:186} INFO - Started process (PID=2215) to work on /home/airflow/.local/lib/python3.12/site-packages/airflow/example_dags/example_task_group_decorator.py
[2024-08-24T11:38:23.836+0000] {processor.py:914} INFO - Processing file /home/airflow/.local/lib/python3.12/site-packages/airflow/example_dags/example_task_group_decorator.py for tasks to queue
[2024-08-24T11:38:23.837+0000] {logging_mixin.py:190} INFO - [2024-08-24T11:38:23.837+0000] {dagbag.py:587} INFO - Filling up the DagBag from /home/airflow/.local/lib/python3.12/site-packages/airflow/example_dags/example_task_group_decorator.py
[2024-08-24T11:38:23.845+0000] {processor.py:925} INFO - DAG(s) 'example_task_group_decorator' retrieved from /home/airflow/.local/lib/python3.12/site-packages/airflow/example_dags/example_task_group_decorator.py
[2024-08-24T11:38:23.857+0000] {logging_mixin.py:190} INFO - [2024-08-24T11:38:23.857+0000] {dag.py:3211} INFO - Sync 1 DAGs
[2024-08-24T11:38:23.869+0000] {logging_mixin.py:190} INFO - [2024-08-24T11:38:23.869+0000] {dag.py:4138} INFO - Setting next_dagrun for example_task_group_decorator to 2024-08-23 00:00:00+00:00, run_after=2024-08-24 00:00:00+00:00
[2024-08-24T11:38:23.878+0000] {processor.py:208} INFO - Processing /home/airflow/.local/lib/python3.12/site-packages/airflow/example_dags/example_task_group_decorator.py took 0.047 seconds
[2024-08-24T11:38:54.288+0000] {processor.py:186} INFO - Started process (PID=2276) to work on /home/airflow/.local/lib/python3.12/site-packages/airflow/example_dags/example_task_group_decorator.py
[2024-08-24T11:38:54.288+0000] {processor.py:914} INFO - Processing file /home/airflow/.local/lib/python3.12/site-packages/airflow/example_dags/example_task_group_decorator.py for tasks to queue
[2024-08-24T11:38:54.289+0000] {logging_mixin.py:190} INFO - [2024-08-24T11:38:54.289+0000] {dagbag.py:587} INFO - Filling up the DagBag from /home/airflow/.local/lib/python3.12/site-packages/airflow/example_dags/example_task_group_decorator.py
[2024-08-24T11:38:54.297+0000] {processor.py:925} INFO - DAG(s) 'example_task_group_decorator' retrieved from /home/airflow/.local/lib/python3.12/site-packages/airflow/example_dags/example_task_group_decorator.py
[2024-08-24T11:38:54.314+0000] {logging_mixin.py:190} INFO - [2024-08-24T11:38:54.314+0000] {dag.py:3211} INFO - Sync 1 DAGs
[2024-08-24T11:38:54.328+0000] {logging_mixin.py:190} INFO - [2024-08-24T11:38:54.328+0000] {dag.py:4138} INFO - Setting next_dagrun for example_task_group_decorator to 2024-08-23 00:00:00+00:00, run_after=2024-08-24 00:00:00+00:00
[2024-08-24T11:38:54.337+0000] {processor.py:208} INFO - Processing /home/airflow/.local/lib/python3.12/site-packages/airflow/example_dags/example_task_group_decorator.py took 0.052 seconds
[2024-08-24T11:39:25.105+0000] {processor.py:186} INFO - Started process (PID=2338) to work on /home/airflow/.local/lib/python3.12/site-packages/airflow/example_dags/example_task_group_decorator.py
[2024-08-24T11:39:25.106+0000] {processor.py:914} INFO - Processing file /home/airflow/.local/lib/python3.12/site-packages/airflow/example_dags/example_task_group_decorator.py for tasks to queue
[2024-08-24T11:39:25.107+0000] {logging_mixin.py:190} INFO - [2024-08-24T11:39:25.107+0000] {dagbag.py:587} INFO - Filling up the DagBag from /home/airflow/.local/lib/python3.12/site-packages/airflow/example_dags/example_task_group_decorator.py
[2024-08-24T11:39:25.115+0000] {processor.py:925} INFO - DAG(s) 'example_task_group_decorator' retrieved from /home/airflow/.local/lib/python3.12/site-packages/airflow/example_dags/example_task_group_decorator.py
[2024-08-24T11:39:25.131+0000] {logging_mixin.py:190} INFO - [2024-08-24T11:39:25.130+0000] {dag.py:3211} INFO - Sync 1 DAGs
[2024-08-24T11:39:25.146+0000] {logging_mixin.py:190} INFO - [2024-08-24T11:39:25.146+0000] {dag.py:4138} INFO - Setting next_dagrun for example_task_group_decorator to 2024-08-23 00:00:00+00:00, run_after=2024-08-24 00:00:00+00:00
[2024-08-24T11:39:25.155+0000] {processor.py:208} INFO - Processing /home/airflow/.local/lib/python3.12/site-packages/airflow/example_dags/example_task_group_decorator.py took 0.053 seconds
[2024-08-24T11:39:55.478+0000] {processor.py:186} INFO - Started process (PID=2400) to work on /home/airflow/.local/lib/python3.12/site-packages/airflow/example_dags/example_task_group_decorator.py
[2024-08-24T11:39:55.479+0000] {processor.py:914} INFO - Processing file /home/airflow/.local/lib/python3.12/site-packages/airflow/example_dags/example_task_group_decorator.py for tasks to queue
[2024-08-24T11:39:55.480+0000] {logging_mixin.py:190} INFO - [2024-08-24T11:39:55.480+0000] {dagbag.py:587} INFO - Filling up the DagBag from /home/airflow/.local/lib/python3.12/site-packages/airflow/example_dags/example_task_group_decorator.py
[2024-08-24T11:39:55.488+0000] {processor.py:925} INFO - DAG(s) 'example_task_group_decorator' retrieved from /home/airflow/.local/lib/python3.12/site-packages/airflow/example_dags/example_task_group_decorator.py
[2024-08-24T11:39:55.501+0000] {logging_mixin.py:190} INFO - [2024-08-24T11:39:55.501+0000] {dag.py:3211} INFO - Sync 1 DAGs
[2024-08-24T11:39:55.513+0000] {logging_mixin.py:190} INFO - [2024-08-24T11:39:55.513+0000] {dag.py:4138} INFO - Setting next_dagrun for example_task_group_decorator to 2024-08-23 00:00:00+00:00, run_after=2024-08-24 00:00:00+00:00
[2024-08-24T11:39:55.523+0000] {processor.py:208} INFO - Processing /home/airflow/.local/lib/python3.12/site-packages/airflow/example_dags/example_task_group_decorator.py took 0.047 seconds
[2024-08-24T11:40:26.103+0000] {processor.py:186} INFO - Started process (PID=2462) to work on /home/airflow/.local/lib/python3.12/site-packages/airflow/example_dags/example_task_group_decorator.py
[2024-08-24T11:40:26.104+0000] {processor.py:914} INFO - Processing file /home/airflow/.local/lib/python3.12/site-packages/airflow/example_dags/example_task_group_decorator.py for tasks to queue
[2024-08-24T11:40:26.105+0000] {logging_mixin.py:190} INFO - [2024-08-24T11:40:26.105+0000] {dagbag.py:587} INFO - Filling up the DagBag from /home/airflow/.local/lib/python3.12/site-packages/airflow/example_dags/example_task_group_decorator.py
[2024-08-24T11:40:26.114+0000] {processor.py:925} INFO - DAG(s) 'example_task_group_decorator' retrieved from /home/airflow/.local/lib/python3.12/site-packages/airflow/example_dags/example_task_group_decorator.py
[2024-08-24T11:40:26.130+0000] {logging_mixin.py:190} INFO - [2024-08-24T11:40:26.130+0000] {dag.py:3211} INFO - Sync 1 DAGs
[2024-08-24T11:40:26.152+0000] {logging_mixin.py:190} INFO - [2024-08-24T11:40:26.152+0000] {dag.py:4138} INFO - Setting next_dagrun for example_task_group_decorator to 2024-08-23 00:00:00+00:00, run_after=2024-08-24 00:00:00+00:00
[2024-08-24T11:40:26.167+0000] {processor.py:208} INFO - Processing /home/airflow/.local/lib/python3.12/site-packages/airflow/example_dags/example_task_group_decorator.py took 0.067 seconds
[2024-08-24T11:40:56.675+0000] {processor.py:186} INFO - Started process (PID=2524) to work on /home/airflow/.local/lib/python3.12/site-packages/airflow/example_dags/example_task_group_decorator.py
[2024-08-24T11:40:56.676+0000] {processor.py:914} INFO - Processing file /home/airflow/.local/lib/python3.12/site-packages/airflow/example_dags/example_task_group_decorator.py for tasks to queue
[2024-08-24T11:40:56.677+0000] {logging_mixin.py:190} INFO - [2024-08-24T11:40:56.677+0000] {dagbag.py:587} INFO - Filling up the DagBag from /home/airflow/.local/lib/python3.12/site-packages/airflow/example_dags/example_task_group_decorator.py
[2024-08-24T11:40:56.687+0000] {processor.py:925} INFO - DAG(s) 'example_task_group_decorator' retrieved from /home/airflow/.local/lib/python3.12/site-packages/airflow/example_dags/example_task_group_decorator.py
[2024-08-24T11:40:56.704+0000] {logging_mixin.py:190} INFO - [2024-08-24T11:40:56.704+0000] {dag.py:3211} INFO - Sync 1 DAGs
[2024-08-24T11:40:56.716+0000] {logging_mixin.py:190} INFO - [2024-08-24T11:40:56.716+0000] {dag.py:4138} INFO - Setting next_dagrun for example_task_group_decorator to 2024-08-23 00:00:00+00:00, run_after=2024-08-24 00:00:00+00:00
[2024-08-24T11:40:56.725+0000] {processor.py:208} INFO - Processing /home/airflow/.local/lib/python3.12/site-packages/airflow/example_dags/example_task_group_decorator.py took 0.055 seconds
[2024-08-24T11:41:27.254+0000] {processor.py:186} INFO - Started process (PID=2586) to work on /home/airflow/.local/lib/python3.12/site-packages/airflow/example_dags/example_task_group_decorator.py
[2024-08-24T11:41:27.255+0000] {processor.py:914} INFO - Processing file /home/airflow/.local/lib/python3.12/site-packages/airflow/example_dags/example_task_group_decorator.py for tasks to queue
[2024-08-24T11:41:27.257+0000] {logging_mixin.py:190} INFO - [2024-08-24T11:41:27.256+0000] {dagbag.py:587} INFO - Filling up the DagBag from /home/airflow/.local/lib/python3.12/site-packages/airflow/example_dags/example_task_group_decorator.py
[2024-08-24T11:41:27.265+0000] {processor.py:925} INFO - DAG(s) 'example_task_group_decorator' retrieved from /home/airflow/.local/lib/python3.12/site-packages/airflow/example_dags/example_task_group_decorator.py
[2024-08-24T11:41:27.281+0000] {logging_mixin.py:190} INFO - [2024-08-24T11:41:27.281+0000] {dag.py:3211} INFO - Sync 1 DAGs
[2024-08-24T11:41:27.298+0000] {logging_mixin.py:190} INFO - [2024-08-24T11:41:27.297+0000] {dag.py:4138} INFO - Setting next_dagrun for example_task_group_decorator to 2024-08-23 00:00:00+00:00, run_after=2024-08-24 00:00:00+00:00
[2024-08-24T11:41:27.307+0000] {processor.py:208} INFO - Processing /home/airflow/.local/lib/python3.12/site-packages/airflow/example_dags/example_task_group_decorator.py took 0.057 seconds
[2024-08-24T11:41:57.720+0000] {processor.py:186} INFO - Started process (PID=2648) to work on /home/airflow/.local/lib/python3.12/site-packages/airflow/example_dags/example_task_group_decorator.py
[2024-08-24T11:41:57.721+0000] {processor.py:914} INFO - Processing file /home/airflow/.local/lib/python3.12/site-packages/airflow/example_dags/example_task_group_decorator.py for tasks to queue
[2024-08-24T11:41:57.722+0000] {logging_mixin.py:190} INFO - [2024-08-24T11:41:57.722+0000] {dagbag.py:587} INFO - Filling up the DagBag from /home/airflow/.local/lib/python3.12/site-packages/airflow/example_dags/example_task_group_decorator.py
[2024-08-24T11:41:57.731+0000] {processor.py:925} INFO - DAG(s) 'example_task_group_decorator' retrieved from /home/airflow/.local/lib/python3.12/site-packages/airflow/example_dags/example_task_group_decorator.py
[2024-08-24T11:41:57.745+0000] {logging_mixin.py:190} INFO - [2024-08-24T11:41:57.745+0000] {dag.py:3211} INFO - Sync 1 DAGs
[2024-08-24T11:41:57.757+0000] {logging_mixin.py:190} INFO - [2024-08-24T11:41:57.757+0000] {dag.py:4138} INFO - Setting next_dagrun for example_task_group_decorator to 2024-08-23 00:00:00+00:00, run_after=2024-08-24 00:00:00+00:00
[2024-08-24T11:41:57.766+0000] {processor.py:208} INFO - Processing /home/airflow/.local/lib/python3.12/site-packages/airflow/example_dags/example_task_group_decorator.py took 0.048 seconds
[2024-08-24T11:42:28.204+0000] {processor.py:186} INFO - Started process (PID=2710) to work on /home/airflow/.local/lib/python3.12/site-packages/airflow/example_dags/example_task_group_decorator.py
[2024-08-24T11:42:28.205+0000] {processor.py:914} INFO - Processing file /home/airflow/.local/lib/python3.12/site-packages/airflow/example_dags/example_task_group_decorator.py for tasks to queue
[2024-08-24T11:42:28.206+0000] {logging_mixin.py:190} INFO - [2024-08-24T11:42:28.206+0000] {dagbag.py:587} INFO - Filling up the DagBag from /home/airflow/.local/lib/python3.12/site-packages/airflow/example_dags/example_task_group_decorator.py
[2024-08-24T11:42:28.214+0000] {processor.py:925} INFO - DAG(s) 'example_task_group_decorator' retrieved from /home/airflow/.local/lib/python3.12/site-packages/airflow/example_dags/example_task_group_decorator.py
[2024-08-24T11:42:28.227+0000] {logging_mixin.py:190} INFO - [2024-08-24T11:42:28.227+0000] {dag.py:3211} INFO - Sync 1 DAGs
[2024-08-24T11:42:28.239+0000] {logging_mixin.py:190} INFO - [2024-08-24T11:42:28.239+0000] {dag.py:4138} INFO - Setting next_dagrun for example_task_group_decorator to 2024-08-23 00:00:00+00:00, run_after=2024-08-24 00:00:00+00:00
[2024-08-24T11:42:28.247+0000] {processor.py:208} INFO - Processing /home/airflow/.local/lib/python3.12/site-packages/airflow/example_dags/example_task_group_decorator.py took 0.047 seconds
[2024-08-24T11:42:58.623+0000] {processor.py:186} INFO - Started process (PID=2772) to work on /home/airflow/.local/lib/python3.12/site-packages/airflow/example_dags/example_task_group_decorator.py
[2024-08-24T11:42:58.624+0000] {processor.py:914} INFO - Processing file /home/airflow/.local/lib/python3.12/site-packages/airflow/example_dags/example_task_group_decorator.py for tasks to queue
[2024-08-24T11:42:58.625+0000] {logging_mixin.py:190} INFO - [2024-08-24T11:42:58.625+0000] {dagbag.py:587} INFO - Filling up the DagBag from /home/airflow/.local/lib/python3.12/site-packages/airflow/example_dags/example_task_group_decorator.py
[2024-08-24T11:42:58.634+0000] {processor.py:925} INFO - DAG(s) 'example_task_group_decorator' retrieved from /home/airflow/.local/lib/python3.12/site-packages/airflow/example_dags/example_task_group_decorator.py
[2024-08-24T11:42:58.653+0000] {logging_mixin.py:190} INFO - [2024-08-24T11:42:58.653+0000] {dag.py:3211} INFO - Sync 1 DAGs
[2024-08-24T11:42:58.666+0000] {logging_mixin.py:190} INFO - [2024-08-24T11:42:58.665+0000] {dag.py:4138} INFO - Setting next_dagrun for example_task_group_decorator to 2024-08-23 00:00:00+00:00, run_after=2024-08-24 00:00:00+00:00
[2024-08-24T11:42:58.675+0000] {processor.py:208} INFO - Processing /home/airflow/.local/lib/python3.12/site-packages/airflow/example_dags/example_task_group_decorator.py took 0.055 seconds
[2024-08-24T11:43:29.105+0000] {processor.py:186} INFO - Started process (PID=2834) to work on /home/airflow/.local/lib/python3.12/site-packages/airflow/example_dags/example_task_group_decorator.py
[2024-08-24T11:43:29.105+0000] {processor.py:914} INFO - Processing file /home/airflow/.local/lib/python3.12/site-packages/airflow/example_dags/example_task_group_decorator.py for tasks to queue
[2024-08-24T11:43:29.106+0000] {logging_mixin.py:190} INFO - [2024-08-24T11:43:29.106+0000] {dagbag.py:587} INFO - Filling up the DagBag from /home/airflow/.local/lib/python3.12/site-packages/airflow/example_dags/example_task_group_decorator.py
[2024-08-24T11:43:29.114+0000] {processor.py:925} INFO - DAG(s) 'example_task_group_decorator' retrieved from /home/airflow/.local/lib/python3.12/site-packages/airflow/example_dags/example_task_group_decorator.py
[2024-08-24T11:43:29.137+0000] {logging_mixin.py:190} INFO - [2024-08-24T11:43:29.136+0000] {dag.py:3211} INFO - Sync 1 DAGs
[2024-08-24T11:43:29.157+0000] {logging_mixin.py:190} INFO - [2024-08-24T11:43:29.157+0000] {dag.py:4138} INFO - Setting next_dagrun for example_task_group_decorator to 2024-08-23 00:00:00+00:00, run_after=2024-08-24 00:00:00+00:00
[2024-08-24T11:43:29.170+0000] {processor.py:208} INFO - Processing /home/airflow/.local/lib/python3.12/site-packages/airflow/example_dags/example_task_group_decorator.py took 0.070 seconds
[2024-08-24T11:43:59.704+0000] {processor.py:186} INFO - Started process (PID=2896) to work on /home/airflow/.local/lib/python3.12/site-packages/airflow/example_dags/example_task_group_decorator.py
[2024-08-24T11:43:59.705+0000] {processor.py:914} INFO - Processing file /home/airflow/.local/lib/python3.12/site-packages/airflow/example_dags/example_task_group_decorator.py for tasks to queue
[2024-08-24T11:43:59.706+0000] {logging_mixin.py:190} INFO - [2024-08-24T11:43:59.706+0000] {dagbag.py:587} INFO - Filling up the DagBag from /home/airflow/.local/lib/python3.12/site-packages/airflow/example_dags/example_task_group_decorator.py
[2024-08-24T11:43:59.716+0000] {processor.py:925} INFO - DAG(s) 'example_task_group_decorator' retrieved from /home/airflow/.local/lib/python3.12/site-packages/airflow/example_dags/example_task_group_decorator.py
[2024-08-24T11:43:59.733+0000] {logging_mixin.py:190} INFO - [2024-08-24T11:43:59.733+0000] {dag.py:3211} INFO - Sync 1 DAGs
[2024-08-24T11:43:59.748+0000] {logging_mixin.py:190} INFO - [2024-08-24T11:43:59.748+0000] {dag.py:4138} INFO - Setting next_dagrun for example_task_group_decorator to 2024-08-23 00:00:00+00:00, run_after=2024-08-24 00:00:00+00:00
[2024-08-24T11:43:59.757+0000] {processor.py:208} INFO - Processing /home/airflow/.local/lib/python3.12/site-packages/airflow/example_dags/example_task_group_decorator.py took 0.059 seconds
[2024-08-24T11:44:30.082+0000] {processor.py:186} INFO - Started process (PID=2958) to work on /home/airflow/.local/lib/python3.12/site-packages/airflow/example_dags/example_task_group_decorator.py
[2024-08-24T11:44:30.082+0000] {processor.py:914} INFO - Processing file /home/airflow/.local/lib/python3.12/site-packages/airflow/example_dags/example_task_group_decorator.py for tasks to queue
[2024-08-24T11:44:30.083+0000] {logging_mixin.py:190} INFO - [2024-08-24T11:44:30.083+0000] {dagbag.py:587} INFO - Filling up the DagBag from /home/airflow/.local/lib/python3.12/site-packages/airflow/example_dags/example_task_group_decorator.py
[2024-08-24T11:44:30.092+0000] {processor.py:925} INFO - DAG(s) 'example_task_group_decorator' retrieved from /home/airflow/.local/lib/python3.12/site-packages/airflow/example_dags/example_task_group_decorator.py
[2024-08-24T11:44:30.107+0000] {logging_mixin.py:190} INFO - [2024-08-24T11:44:30.107+0000] {dag.py:3211} INFO - Sync 1 DAGs
[2024-08-24T11:44:30.123+0000] {logging_mixin.py:190} INFO - [2024-08-24T11:44:30.123+0000] {dag.py:4138} INFO - Setting next_dagrun for example_task_group_decorator to 2024-08-23 00:00:00+00:00, run_after=2024-08-24 00:00:00+00:00
[2024-08-24T11:44:30.133+0000] {processor.py:208} INFO - Processing /home/airflow/.local/lib/python3.12/site-packages/airflow/example_dags/example_task_group_decorator.py took 0.054 seconds
[2024-08-24T11:45:01.344+0000] {processor.py:186} INFO - Started process (PID=3021) to work on /home/airflow/.local/lib/python3.12/site-packages/airflow/example_dags/example_task_group_decorator.py
[2024-08-24T11:45:01.345+0000] {processor.py:914} INFO - Processing file /home/airflow/.local/lib/python3.12/site-packages/airflow/example_dags/example_task_group_decorator.py for tasks to queue
[2024-08-24T11:45:01.346+0000] {logging_mixin.py:190} INFO - [2024-08-24T11:45:01.346+0000] {dagbag.py:587} INFO - Filling up the DagBag from /home/airflow/.local/lib/python3.12/site-packages/airflow/example_dags/example_task_group_decorator.py
[2024-08-24T11:45:01.354+0000] {processor.py:925} INFO - DAG(s) 'example_task_group_decorator' retrieved from /home/airflow/.local/lib/python3.12/site-packages/airflow/example_dags/example_task_group_decorator.py
[2024-08-24T11:45:01.373+0000] {logging_mixin.py:190} INFO - [2024-08-24T11:45:01.372+0000] {dag.py:3211} INFO - Sync 1 DAGs
[2024-08-24T11:45:01.483+0000] {logging_mixin.py:190} INFO - [2024-08-24T11:45:01.482+0000] {dag.py:4138} INFO - Setting next_dagrun for example_task_group_decorator to 2024-08-23 00:00:00+00:00, run_after=2024-08-24 00:00:00+00:00
[2024-08-24T11:45:01.495+0000] {processor.py:208} INFO - Processing /home/airflow/.local/lib/python3.12/site-packages/airflow/example_dags/example_task_group_decorator.py took 0.155 seconds
[2024-08-24T11:45:32.002+0000] {processor.py:186} INFO - Started process (PID=3084) to work on /home/airflow/.local/lib/python3.12/site-packages/airflow/example_dags/example_task_group_decorator.py
[2024-08-24T11:45:32.002+0000] {processor.py:914} INFO - Processing file /home/airflow/.local/lib/python3.12/site-packages/airflow/example_dags/example_task_group_decorator.py for tasks to queue
[2024-08-24T11:45:32.003+0000] {logging_mixin.py:190} INFO - [2024-08-24T11:45:32.003+0000] {dagbag.py:587} INFO - Filling up the DagBag from /home/airflow/.local/lib/python3.12/site-packages/airflow/example_dags/example_task_group_decorator.py
[2024-08-24T11:45:32.011+0000] {processor.py:925} INFO - DAG(s) 'example_task_group_decorator' retrieved from /home/airflow/.local/lib/python3.12/site-packages/airflow/example_dags/example_task_group_decorator.py
[2024-08-24T11:45:32.024+0000] {logging_mixin.py:190} INFO - [2024-08-24T11:45:32.024+0000] {dag.py:3211} INFO - Sync 1 DAGs
[2024-08-24T11:45:32.037+0000] {logging_mixin.py:190} INFO - [2024-08-24T11:45:32.037+0000] {dag.py:4138} INFO - Setting next_dagrun for example_task_group_decorator to 2024-08-23 00:00:00+00:00, run_after=2024-08-24 00:00:00+00:00
[2024-08-24T11:45:32.140+0000] {processor.py:208} INFO - Processing /home/airflow/.local/lib/python3.12/site-packages/airflow/example_dags/example_task_group_decorator.py took 0.141 seconds
[2024-08-24T11:46:02.357+0000] {processor.py:186} INFO - Started process (PID=3147) to work on /home/airflow/.local/lib/python3.12/site-packages/airflow/example_dags/example_task_group_decorator.py
[2024-08-24T11:46:02.358+0000] {processor.py:914} INFO - Processing file /home/airflow/.local/lib/python3.12/site-packages/airflow/example_dags/example_task_group_decorator.py for tasks to queue
[2024-08-24T11:46:02.359+0000] {logging_mixin.py:190} INFO - [2024-08-24T11:46:02.359+0000] {dagbag.py:587} INFO - Filling up the DagBag from /home/airflow/.local/lib/python3.12/site-packages/airflow/example_dags/example_task_group_decorator.py
[2024-08-24T11:46:02.367+0000] {processor.py:925} INFO - DAG(s) 'example_task_group_decorator' retrieved from /home/airflow/.local/lib/python3.12/site-packages/airflow/example_dags/example_task_group_decorator.py
[2024-08-24T11:46:02.387+0000] {logging_mixin.py:190} INFO - [2024-08-24T11:46:02.387+0000] {dag.py:3211} INFO - Sync 1 DAGs
[2024-08-24T11:46:02.402+0000] {logging_mixin.py:190} INFO - [2024-08-24T11:46:02.402+0000] {dag.py:4138} INFO - Setting next_dagrun for example_task_group_decorator to 2024-08-23 00:00:00+00:00, run_after=2024-08-24 00:00:00+00:00
[2024-08-24T11:46:02.513+0000] {processor.py:208} INFO - Processing /home/airflow/.local/lib/python3.12/site-packages/airflow/example_dags/example_task_group_decorator.py took 0.160 seconds
[2024-08-24T11:46:32.994+0000] {processor.py:186} INFO - Started process (PID=3208) to work on /home/airflow/.local/lib/python3.12/site-packages/airflow/example_dags/example_task_group_decorator.py
[2024-08-24T11:46:32.994+0000] {processor.py:914} INFO - Processing file /home/airflow/.local/lib/python3.12/site-packages/airflow/example_dags/example_task_group_decorator.py for tasks to queue
[2024-08-24T11:46:32.996+0000] {logging_mixin.py:190} INFO - [2024-08-24T11:46:32.995+0000] {dagbag.py:587} INFO - Filling up the DagBag from /home/airflow/.local/lib/python3.12/site-packages/airflow/example_dags/example_task_group_decorator.py
[2024-08-24T11:46:33.004+0000] {processor.py:925} INFO - DAG(s) 'example_task_group_decorator' retrieved from /home/airflow/.local/lib/python3.12/site-packages/airflow/example_dags/example_task_group_decorator.py
[2024-08-24T11:46:33.021+0000] {logging_mixin.py:190} INFO - [2024-08-24T11:46:33.021+0000] {dag.py:3211} INFO - Sync 1 DAGs
[2024-08-24T11:46:33.041+0000] {logging_mixin.py:190} INFO - [2024-08-24T11:46:33.041+0000] {dag.py:4138} INFO - Setting next_dagrun for example_task_group_decorator to 2024-08-23 00:00:00+00:00, run_after=2024-08-24 00:00:00+00:00
[2024-08-24T11:46:33.051+0000] {processor.py:208} INFO - Processing /home/airflow/.local/lib/python3.12/site-packages/airflow/example_dags/example_task_group_decorator.py took 0.060 seconds
[2024-08-24T11:47:04.457+0000] {processor.py:186} INFO - Started process (PID=3270) to work on /home/airflow/.local/lib/python3.12/site-packages/airflow/example_dags/example_task_group_decorator.py
[2024-08-24T11:47:04.458+0000] {processor.py:914} INFO - Processing file /home/airflow/.local/lib/python3.12/site-packages/airflow/example_dags/example_task_group_decorator.py for tasks to queue
[2024-08-24T11:47:04.459+0000] {logging_mixin.py:190} INFO - [2024-08-24T11:47:04.459+0000] {dagbag.py:587} INFO - Filling up the DagBag from /home/airflow/.local/lib/python3.12/site-packages/airflow/example_dags/example_task_group_decorator.py
[2024-08-24T11:47:04.561+0000] {processor.py:925} INFO - DAG(s) 'example_task_group_decorator' retrieved from /home/airflow/.local/lib/python3.12/site-packages/airflow/example_dags/example_task_group_decorator.py
[2024-08-24T11:47:04.575+0000] {logging_mixin.py:190} INFO - [2024-08-24T11:47:04.575+0000] {dag.py:3211} INFO - Sync 1 DAGs
[2024-08-24T11:47:04.587+0000] {logging_mixin.py:190} INFO - [2024-08-24T11:47:04.587+0000] {dag.py:4138} INFO - Setting next_dagrun for example_task_group_decorator to 2024-08-23 00:00:00+00:00, run_after=2024-08-24 00:00:00+00:00
[2024-08-24T11:47:04.595+0000] {processor.py:208} INFO - Processing /home/airflow/.local/lib/python3.12/site-packages/airflow/example_dags/example_task_group_decorator.py took 0.141 seconds
[2024-08-24T11:47:34.842+0000] {processor.py:186} INFO - Started process (PID=3332) to work on /home/airflow/.local/lib/python3.12/site-packages/airflow/example_dags/example_task_group_decorator.py
[2024-08-24T11:47:34.843+0000] {processor.py:914} INFO - Processing file /home/airflow/.local/lib/python3.12/site-packages/airflow/example_dags/example_task_group_decorator.py for tasks to queue
[2024-08-24T11:47:34.844+0000] {logging_mixin.py:190} INFO - [2024-08-24T11:47:34.844+0000] {dagbag.py:587} INFO - Filling up the DagBag from /home/airflow/.local/lib/python3.12/site-packages/airflow/example_dags/example_task_group_decorator.py
[2024-08-24T11:47:34.852+0000] {processor.py:925} INFO - DAG(s) 'example_task_group_decorator' retrieved from /home/airflow/.local/lib/python3.12/site-packages/airflow/example_dags/example_task_group_decorator.py
[2024-08-24T11:47:34.871+0000] {logging_mixin.py:190} INFO - [2024-08-24T11:47:34.871+0000] {dag.py:3211} INFO - Sync 1 DAGs
[2024-08-24T11:47:34.885+0000] {logging_mixin.py:190} INFO - [2024-08-24T11:47:34.885+0000] {dag.py:4138} INFO - Setting next_dagrun for example_task_group_decorator to 2024-08-23 00:00:00+00:00, run_after=2024-08-24 00:00:00+00:00
[2024-08-24T11:47:34.896+0000] {processor.py:208} INFO - Processing /home/airflow/.local/lib/python3.12/site-packages/airflow/example_dags/example_task_group_decorator.py took 0.057 seconds
[2024-08-24T11:48:05.216+0000] {processor.py:186} INFO - Started process (PID=3394) to work on /home/airflow/.local/lib/python3.12/site-packages/airflow/example_dags/example_task_group_decorator.py
[2024-08-24T11:48:05.216+0000] {processor.py:914} INFO - Processing file /home/airflow/.local/lib/python3.12/site-packages/airflow/example_dags/example_task_group_decorator.py for tasks to queue
[2024-08-24T11:48:05.217+0000] {logging_mixin.py:190} INFO - [2024-08-24T11:48:05.217+0000] {dagbag.py:587} INFO - Filling up the DagBag from /home/airflow/.local/lib/python3.12/site-packages/airflow/example_dags/example_task_group_decorator.py
[2024-08-24T11:48:05.225+0000] {processor.py:925} INFO - DAG(s) 'example_task_group_decorator' retrieved from /home/airflow/.local/lib/python3.12/site-packages/airflow/example_dags/example_task_group_decorator.py
[2024-08-24T11:48:05.237+0000] {logging_mixin.py:190} INFO - [2024-08-24T11:48:05.237+0000] {dag.py:3211} INFO - Sync 1 DAGs
[2024-08-24T11:48:05.249+0000] {logging_mixin.py:190} INFO - [2024-08-24T11:48:05.249+0000] {dag.py:4138} INFO - Setting next_dagrun for example_task_group_decorator to 2024-08-23 00:00:00+00:00, run_after=2024-08-24 00:00:00+00:00
[2024-08-24T11:48:05.258+0000] {processor.py:208} INFO - Processing /home/airflow/.local/lib/python3.12/site-packages/airflow/example_dags/example_task_group_decorator.py took 0.045 seconds
[2024-08-24T11:48:35.440+0000] {processor.py:186} INFO - Started process (PID=3456) to work on /home/airflow/.local/lib/python3.12/site-packages/airflow/example_dags/example_task_group_decorator.py
[2024-08-24T11:48:35.440+0000] {processor.py:914} INFO - Processing file /home/airflow/.local/lib/python3.12/site-packages/airflow/example_dags/example_task_group_decorator.py for tasks to queue
[2024-08-24T11:48:35.441+0000] {logging_mixin.py:190} INFO - [2024-08-24T11:48:35.441+0000] {dagbag.py:587} INFO - Filling up the DagBag from /home/airflow/.local/lib/python3.12/site-packages/airflow/example_dags/example_task_group_decorator.py
[2024-08-24T11:48:35.449+0000] {processor.py:925} INFO - DAG(s) 'example_task_group_decorator' retrieved from /home/airflow/.local/lib/python3.12/site-packages/airflow/example_dags/example_task_group_decorator.py
[2024-08-24T11:48:35.463+0000] {logging_mixin.py:190} INFO - [2024-08-24T11:48:35.463+0000] {dag.py:3211} INFO - Sync 1 DAGs
[2024-08-24T11:48:35.475+0000] {logging_mixin.py:190} INFO - [2024-08-24T11:48:35.475+0000] {dag.py:4138} INFO - Setting next_dagrun for example_task_group_decorator to 2024-08-23 00:00:00+00:00, run_after=2024-08-24 00:00:00+00:00
[2024-08-24T11:48:35.484+0000] {processor.py:208} INFO - Processing /home/airflow/.local/lib/python3.12/site-packages/airflow/example_dags/example_task_group_decorator.py took 0.047 seconds
[2024-08-24T11:49:05.726+0000] {processor.py:186} INFO - Started process (PID=3518) to work on /home/airflow/.local/lib/python3.12/site-packages/airflow/example_dags/example_task_group_decorator.py
[2024-08-24T11:49:05.726+0000] {processor.py:914} INFO - Processing file /home/airflow/.local/lib/python3.12/site-packages/airflow/example_dags/example_task_group_decorator.py for tasks to queue
[2024-08-24T11:49:05.727+0000] {logging_mixin.py:190} INFO - [2024-08-24T11:49:05.727+0000] {dagbag.py:587} INFO - Filling up the DagBag from /home/airflow/.local/lib/python3.12/site-packages/airflow/example_dags/example_task_group_decorator.py
[2024-08-24T11:49:05.736+0000] {processor.py:925} INFO - DAG(s) 'example_task_group_decorator' retrieved from /home/airflow/.local/lib/python3.12/site-packages/airflow/example_dags/example_task_group_decorator.py
[2024-08-24T11:49:05.756+0000] {logging_mixin.py:190} INFO - [2024-08-24T11:49:05.755+0000] {dag.py:3211} INFO - Sync 1 DAGs
[2024-08-24T11:49:05.773+0000] {logging_mixin.py:190} INFO - [2024-08-24T11:49:05.772+0000] {dag.py:4138} INFO - Setting next_dagrun for example_task_group_decorator to 2024-08-23 00:00:00+00:00, run_after=2024-08-24 00:00:00+00:00
[2024-08-24T11:49:05.783+0000] {processor.py:208} INFO - Processing /home/airflow/.local/lib/python3.12/site-packages/airflow/example_dags/example_task_group_decorator.py took 0.061 seconds
[2024-08-24T11:49:36.143+0000] {processor.py:186} INFO - Started process (PID=3580) to work on /home/airflow/.local/lib/python3.12/site-packages/airflow/example_dags/example_task_group_decorator.py
[2024-08-24T11:49:36.144+0000] {processor.py:914} INFO - Processing file /home/airflow/.local/lib/python3.12/site-packages/airflow/example_dags/example_task_group_decorator.py for tasks to queue
[2024-08-24T11:49:36.145+0000] {logging_mixin.py:190} INFO - [2024-08-24T11:49:36.145+0000] {dagbag.py:587} INFO - Filling up the DagBag from /home/airflow/.local/lib/python3.12/site-packages/airflow/example_dags/example_task_group_decorator.py
[2024-08-24T11:49:36.153+0000] {processor.py:925} INFO - DAG(s) 'example_task_group_decorator' retrieved from /home/airflow/.local/lib/python3.12/site-packages/airflow/example_dags/example_task_group_decorator.py
[2024-08-24T11:49:36.166+0000] {logging_mixin.py:190} INFO - [2024-08-24T11:49:36.166+0000] {dag.py:3211} INFO - Sync 1 DAGs
[2024-08-24T11:49:36.178+0000] {logging_mixin.py:190} INFO - [2024-08-24T11:49:36.178+0000] {dag.py:4138} INFO - Setting next_dagrun for example_task_group_decorator to 2024-08-23 00:00:00+00:00, run_after=2024-08-24 00:00:00+00:00
[2024-08-24T11:49:36.188+0000] {processor.py:208} INFO - Processing /home/airflow/.local/lib/python3.12/site-packages/airflow/example_dags/example_task_group_decorator.py took 0.049 seconds
[2024-08-24T11:50:06.417+0000] {processor.py:186} INFO - Started process (PID=3642) to work on /home/airflow/.local/lib/python3.12/site-packages/airflow/example_dags/example_task_group_decorator.py
[2024-08-24T11:50:06.418+0000] {processor.py:914} INFO - Processing file /home/airflow/.local/lib/python3.12/site-packages/airflow/example_dags/example_task_group_decorator.py for tasks to queue
[2024-08-24T11:50:06.419+0000] {logging_mixin.py:190} INFO - [2024-08-24T11:50:06.419+0000] {dagbag.py:587} INFO - Filling up the DagBag from /home/airflow/.local/lib/python3.12/site-packages/airflow/example_dags/example_task_group_decorator.py
[2024-08-24T11:50:06.427+0000] {processor.py:925} INFO - DAG(s) 'example_task_group_decorator' retrieved from /home/airflow/.local/lib/python3.12/site-packages/airflow/example_dags/example_task_group_decorator.py
[2024-08-24T11:50:06.441+0000] {logging_mixin.py:190} INFO - [2024-08-24T11:50:06.441+0000] {dag.py:3211} INFO - Sync 1 DAGs
[2024-08-24T11:50:06.453+0000] {logging_mixin.py:190} INFO - [2024-08-24T11:50:06.453+0000] {dag.py:4138} INFO - Setting next_dagrun for example_task_group_decorator to 2024-08-23 00:00:00+00:00, run_after=2024-08-24 00:00:00+00:00
[2024-08-24T11:50:06.462+0000] {processor.py:208} INFO - Processing /home/airflow/.local/lib/python3.12/site-packages/airflow/example_dags/example_task_group_decorator.py took 0.049 seconds
[2024-08-24T11:50:36.818+0000] {processor.py:186} INFO - Started process (PID=3704) to work on /home/airflow/.local/lib/python3.12/site-packages/airflow/example_dags/example_task_group_decorator.py
[2024-08-24T11:50:36.819+0000] {processor.py:914} INFO - Processing file /home/airflow/.local/lib/python3.12/site-packages/airflow/example_dags/example_task_group_decorator.py for tasks to queue
[2024-08-24T11:50:36.820+0000] {logging_mixin.py:190} INFO - [2024-08-24T11:50:36.820+0000] {dagbag.py:587} INFO - Filling up the DagBag from /home/airflow/.local/lib/python3.12/site-packages/airflow/example_dags/example_task_group_decorator.py
[2024-08-24T11:50:36.828+0000] {processor.py:925} INFO - DAG(s) 'example_task_group_decorator' retrieved from /home/airflow/.local/lib/python3.12/site-packages/airflow/example_dags/example_task_group_decorator.py
[2024-08-24T11:50:36.846+0000] {logging_mixin.py:190} INFO - [2024-08-24T11:50:36.846+0000] {dag.py:3211} INFO - Sync 1 DAGs
[2024-08-24T11:50:36.868+0000] {logging_mixin.py:190} INFO - [2024-08-24T11:50:36.868+0000] {dag.py:4138} INFO - Setting next_dagrun for example_task_group_decorator to 2024-08-23 00:00:00+00:00, run_after=2024-08-24 00:00:00+00:00
[2024-08-24T11:50:36.883+0000] {processor.py:208} INFO - Processing /home/airflow/.local/lib/python3.12/site-packages/airflow/example_dags/example_task_group_decorator.py took 0.067 seconds
[2024-08-24T11:51:07.293+0000] {processor.py:186} INFO - Started process (PID=3766) to work on /home/airflow/.local/lib/python3.12/site-packages/airflow/example_dags/example_task_group_decorator.py
[2024-08-24T11:51:07.293+0000] {processor.py:914} INFO - Processing file /home/airflow/.local/lib/python3.12/site-packages/airflow/example_dags/example_task_group_decorator.py for tasks to queue
[2024-08-24T11:51:07.295+0000] {logging_mixin.py:190} INFO - [2024-08-24T11:51:07.294+0000] {dagbag.py:587} INFO - Filling up the DagBag from /home/airflow/.local/lib/python3.12/site-packages/airflow/example_dags/example_task_group_decorator.py
[2024-08-24T11:51:07.303+0000] {processor.py:925} INFO - DAG(s) 'example_task_group_decorator' retrieved from /home/airflow/.local/lib/python3.12/site-packages/airflow/example_dags/example_task_group_decorator.py
[2024-08-24T11:51:07.321+0000] {logging_mixin.py:190} INFO - [2024-08-24T11:51:07.320+0000] {dag.py:3211} INFO - Sync 1 DAGs
[2024-08-24T11:51:07.332+0000] {logging_mixin.py:190} INFO - [2024-08-24T11:51:07.332+0000] {dag.py:4138} INFO - Setting next_dagrun for example_task_group_decorator to 2024-08-23 00:00:00+00:00, run_after=2024-08-24 00:00:00+00:00
[2024-08-24T11:51:07.341+0000] {processor.py:208} INFO - Processing /home/airflow/.local/lib/python3.12/site-packages/airflow/example_dags/example_task_group_decorator.py took 0.051 seconds
[2024-08-24T11:51:37.574+0000] {processor.py:186} INFO - Started process (PID=3828) to work on /home/airflow/.local/lib/python3.12/site-packages/airflow/example_dags/example_task_group_decorator.py
[2024-08-24T11:51:37.574+0000] {processor.py:914} INFO - Processing file /home/airflow/.local/lib/python3.12/site-packages/airflow/example_dags/example_task_group_decorator.py for tasks to queue
[2024-08-24T11:51:37.575+0000] {logging_mixin.py:190} INFO - [2024-08-24T11:51:37.575+0000] {dagbag.py:587} INFO - Filling up the DagBag from /home/airflow/.local/lib/python3.12/site-packages/airflow/example_dags/example_task_group_decorator.py
[2024-08-24T11:51:37.583+0000] {processor.py:925} INFO - DAG(s) 'example_task_group_decorator' retrieved from /home/airflow/.local/lib/python3.12/site-packages/airflow/example_dags/example_task_group_decorator.py
[2024-08-24T11:51:37.602+0000] {logging_mixin.py:190} INFO - [2024-08-24T11:51:37.602+0000] {dag.py:3211} INFO - Sync 1 DAGs
[2024-08-24T11:51:37.624+0000] {logging_mixin.py:190} INFO - [2024-08-24T11:51:37.624+0000] {dag.py:4138} INFO - Setting next_dagrun for example_task_group_decorator to 2024-08-23 00:00:00+00:00, run_after=2024-08-24 00:00:00+00:00
[2024-08-24T11:51:37.638+0000] {processor.py:208} INFO - Processing /home/airflow/.local/lib/python3.12/site-packages/airflow/example_dags/example_task_group_decorator.py took 0.068 seconds
[2024-08-24T11:52:07.783+0000] {processor.py:186} INFO - Started process (PID=3890) to work on /home/airflow/.local/lib/python3.12/site-packages/airflow/example_dags/example_task_group_decorator.py
[2024-08-24T11:52:07.784+0000] {processor.py:914} INFO - Processing file /home/airflow/.local/lib/python3.12/site-packages/airflow/example_dags/example_task_group_decorator.py for tasks to queue
[2024-08-24T11:52:07.785+0000] {logging_mixin.py:190} INFO - [2024-08-24T11:52:07.784+0000] {dagbag.py:587} INFO - Filling up the DagBag from /home/airflow/.local/lib/python3.12/site-packages/airflow/example_dags/example_task_group_decorator.py
[2024-08-24T11:52:07.793+0000] {processor.py:925} INFO - DAG(s) 'example_task_group_decorator' retrieved from /home/airflow/.local/lib/python3.12/site-packages/airflow/example_dags/example_task_group_decorator.py
[2024-08-24T11:52:07.806+0000] {logging_mixin.py:190} INFO - [2024-08-24T11:52:07.806+0000] {dag.py:3211} INFO - Sync 1 DAGs
[2024-08-24T11:52:07.819+0000] {logging_mixin.py:190} INFO - [2024-08-24T11:52:07.819+0000] {dag.py:4138} INFO - Setting next_dagrun for example_task_group_decorator to 2024-08-23 00:00:00+00:00, run_after=2024-08-24 00:00:00+00:00
[2024-08-24T11:52:07.829+0000] {processor.py:208} INFO - Processing /home/airflow/.local/lib/python3.12/site-packages/airflow/example_dags/example_task_group_decorator.py took 0.049 seconds
[2024-08-24T11:52:38.157+0000] {processor.py:186} INFO - Started process (PID=3952) to work on /home/airflow/.local/lib/python3.12/site-packages/airflow/example_dags/example_task_group_decorator.py
[2024-08-24T11:52:38.157+0000] {processor.py:914} INFO - Processing file /home/airflow/.local/lib/python3.12/site-packages/airflow/example_dags/example_task_group_decorator.py for tasks to queue
[2024-08-24T11:52:38.159+0000] {logging_mixin.py:190} INFO - [2024-08-24T11:52:38.159+0000] {dagbag.py:587} INFO - Filling up the DagBag from /home/airflow/.local/lib/python3.12/site-packages/airflow/example_dags/example_task_group_decorator.py
[2024-08-24T11:52:38.169+0000] {processor.py:925} INFO - DAG(s) 'example_task_group_decorator' retrieved from /home/airflow/.local/lib/python3.12/site-packages/airflow/example_dags/example_task_group_decorator.py
[2024-08-24T11:52:38.181+0000] {logging_mixin.py:190} INFO - [2024-08-24T11:52:38.181+0000] {dag.py:3211} INFO - Sync 1 DAGs
[2024-08-24T11:52:38.193+0000] {logging_mixin.py:190} INFO - [2024-08-24T11:52:38.192+0000] {dag.py:4138} INFO - Setting next_dagrun for example_task_group_decorator to 2024-08-23 00:00:00+00:00, run_after=2024-08-24 00:00:00+00:00
[2024-08-24T11:52:38.201+0000] {processor.py:208} INFO - Processing /home/airflow/.local/lib/python3.12/site-packages/airflow/example_dags/example_task_group_decorator.py took 0.049 seconds
[2024-08-24T11:53:08.517+0000] {processor.py:186} INFO - Started process (PID=4014) to work on /home/airflow/.local/lib/python3.12/site-packages/airflow/example_dags/example_task_group_decorator.py
[2024-08-24T11:53:08.518+0000] {processor.py:914} INFO - Processing file /home/airflow/.local/lib/python3.12/site-packages/airflow/example_dags/example_task_group_decorator.py for tasks to queue
[2024-08-24T11:53:08.519+0000] {logging_mixin.py:190} INFO - [2024-08-24T11:53:08.519+0000] {dagbag.py:587} INFO - Filling up the DagBag from /home/airflow/.local/lib/python3.12/site-packages/airflow/example_dags/example_task_group_decorator.py
[2024-08-24T11:53:08.527+0000] {processor.py:925} INFO - DAG(s) 'example_task_group_decorator' retrieved from /home/airflow/.local/lib/python3.12/site-packages/airflow/example_dags/example_task_group_decorator.py
[2024-08-24T11:53:08.541+0000] {logging_mixin.py:190} INFO - [2024-08-24T11:53:08.540+0000] {dag.py:3211} INFO - Sync 1 DAGs
[2024-08-24T11:53:08.552+0000] {logging_mixin.py:190} INFO - [2024-08-24T11:53:08.552+0000] {dag.py:4138} INFO - Setting next_dagrun for example_task_group_decorator to 2024-08-23 00:00:00+00:00, run_after=2024-08-24 00:00:00+00:00
[2024-08-24T11:53:08.561+0000] {processor.py:208} INFO - Processing /home/airflow/.local/lib/python3.12/site-packages/airflow/example_dags/example_task_group_decorator.py took 0.046 seconds
[2024-08-24T11:53:38.860+0000] {processor.py:186} INFO - Started process (PID=4077) to work on /home/airflow/.local/lib/python3.12/site-packages/airflow/example_dags/example_task_group_decorator.py
[2024-08-24T11:53:38.860+0000] {processor.py:914} INFO - Processing file /home/airflow/.local/lib/python3.12/site-packages/airflow/example_dags/example_task_group_decorator.py for tasks to queue
[2024-08-24T11:53:38.861+0000] {logging_mixin.py:190} INFO - [2024-08-24T11:53:38.861+0000] {dagbag.py:587} INFO - Filling up the DagBag from /home/airflow/.local/lib/python3.12/site-packages/airflow/example_dags/example_task_group_decorator.py
[2024-08-24T11:53:38.871+0000] {processor.py:925} INFO - DAG(s) 'example_task_group_decorator' retrieved from /home/airflow/.local/lib/python3.12/site-packages/airflow/example_dags/example_task_group_decorator.py
[2024-08-24T11:53:38.884+0000] {logging_mixin.py:190} INFO - [2024-08-24T11:53:38.884+0000] {dag.py:3211} INFO - Sync 1 DAGs
[2024-08-24T11:53:38.896+0000] {logging_mixin.py:190} INFO - [2024-08-24T11:53:38.896+0000] {dag.py:4138} INFO - Setting next_dagrun for example_task_group_decorator to 2024-08-23 00:00:00+00:00, run_after=2024-08-24 00:00:00+00:00
[2024-08-24T11:53:38.905+0000] {processor.py:208} INFO - Processing /home/airflow/.local/lib/python3.12/site-packages/airflow/example_dags/example_task_group_decorator.py took 0.049 seconds
[2024-08-24T11:54:09.159+0000] {processor.py:186} INFO - Started process (PID=4139) to work on /home/airflow/.local/lib/python3.12/site-packages/airflow/example_dags/example_task_group_decorator.py
[2024-08-24T11:54:09.159+0000] {processor.py:914} INFO - Processing file /home/airflow/.local/lib/python3.12/site-packages/airflow/example_dags/example_task_group_decorator.py for tasks to queue
[2024-08-24T11:54:09.161+0000] {logging_mixin.py:190} INFO - [2024-08-24T11:54:09.160+0000] {dagbag.py:587} INFO - Filling up the DagBag from /home/airflow/.local/lib/python3.12/site-packages/airflow/example_dags/example_task_group_decorator.py
[2024-08-24T11:54:09.169+0000] {processor.py:925} INFO - DAG(s) 'example_task_group_decorator' retrieved from /home/airflow/.local/lib/python3.12/site-packages/airflow/example_dags/example_task_group_decorator.py
[2024-08-24T11:54:09.184+0000] {logging_mixin.py:190} INFO - [2024-08-24T11:54:09.184+0000] {dag.py:3211} INFO - Sync 1 DAGs
[2024-08-24T11:54:09.204+0000] {logging_mixin.py:190} INFO - [2024-08-24T11:54:09.204+0000] {dag.py:4138} INFO - Setting next_dagrun for example_task_group_decorator to 2024-08-23 00:00:00+00:00, run_after=2024-08-24 00:00:00+00:00
[2024-08-24T11:54:09.217+0000] {processor.py:208} INFO - Processing /home/airflow/.local/lib/python3.12/site-packages/airflow/example_dags/example_task_group_decorator.py took 0.061 seconds
[2024-08-24T11:54:39.507+0000] {processor.py:186} INFO - Started process (PID=4201) to work on /home/airflow/.local/lib/python3.12/site-packages/airflow/example_dags/example_task_group_decorator.py
[2024-08-24T11:54:39.507+0000] {processor.py:914} INFO - Processing file /home/airflow/.local/lib/python3.12/site-packages/airflow/example_dags/example_task_group_decorator.py for tasks to queue
[2024-08-24T11:54:39.509+0000] {logging_mixin.py:190} INFO - [2024-08-24T11:54:39.509+0000] {dagbag.py:587} INFO - Filling up the DagBag from /home/airflow/.local/lib/python3.12/site-packages/airflow/example_dags/example_task_group_decorator.py
[2024-08-24T11:54:39.518+0000] {processor.py:925} INFO - DAG(s) 'example_task_group_decorator' retrieved from /home/airflow/.local/lib/python3.12/site-packages/airflow/example_dags/example_task_group_decorator.py
[2024-08-24T11:54:39.531+0000] {logging_mixin.py:190} INFO - [2024-08-24T11:54:39.531+0000] {dag.py:3211} INFO - Sync 1 DAGs
[2024-08-24T11:54:39.543+0000] {logging_mixin.py:190} INFO - [2024-08-24T11:54:39.543+0000] {dag.py:4138} INFO - Setting next_dagrun for example_task_group_decorator to 2024-08-23 00:00:00+00:00, run_after=2024-08-24 00:00:00+00:00
[2024-08-24T11:54:39.553+0000] {processor.py:208} INFO - Processing /home/airflow/.local/lib/python3.12/site-packages/airflow/example_dags/example_task_group_decorator.py took 0.051 seconds
[2024-08-24T11:55:09.960+0000] {processor.py:186} INFO - Started process (PID=4263) to work on /home/airflow/.local/lib/python3.12/site-packages/airflow/example_dags/example_task_group_decorator.py
[2024-08-24T11:55:09.960+0000] {processor.py:914} INFO - Processing file /home/airflow/.local/lib/python3.12/site-packages/airflow/example_dags/example_task_group_decorator.py for tasks to queue
[2024-08-24T11:55:09.961+0000] {logging_mixin.py:190} INFO - [2024-08-24T11:55:09.961+0000] {dagbag.py:587} INFO - Filling up the DagBag from /home/airflow/.local/lib/python3.12/site-packages/airflow/example_dags/example_task_group_decorator.py
[2024-08-24T11:55:09.970+0000] {processor.py:925} INFO - DAG(s) 'example_task_group_decorator' retrieved from /home/airflow/.local/lib/python3.12/site-packages/airflow/example_dags/example_task_group_decorator.py
[2024-08-24T11:55:09.982+0000] {logging_mixin.py:190} INFO - [2024-08-24T11:55:09.982+0000] {dag.py:3211} INFO - Sync 1 DAGs
[2024-08-24T11:55:09.994+0000] {logging_mixin.py:190} INFO - [2024-08-24T11:55:09.994+0000] {dag.py:4138} INFO - Setting next_dagrun for example_task_group_decorator to 2024-08-23 00:00:00+00:00, run_after=2024-08-24 00:00:00+00:00
[2024-08-24T11:55:10.004+0000] {processor.py:208} INFO - Processing /home/airflow/.local/lib/python3.12/site-packages/airflow/example_dags/example_task_group_decorator.py took 0.047 seconds
[2024-08-24T11:55:40.380+0000] {processor.py:186} INFO - Started process (PID=4325) to work on /home/airflow/.local/lib/python3.12/site-packages/airflow/example_dags/example_task_group_decorator.py
[2024-08-24T11:55:40.380+0000] {processor.py:914} INFO - Processing file /home/airflow/.local/lib/python3.12/site-packages/airflow/example_dags/example_task_group_decorator.py for tasks to queue
[2024-08-24T11:55:40.381+0000] {logging_mixin.py:190} INFO - [2024-08-24T11:55:40.381+0000] {dagbag.py:587} INFO - Filling up the DagBag from /home/airflow/.local/lib/python3.12/site-packages/airflow/example_dags/example_task_group_decorator.py
[2024-08-24T11:55:40.390+0000] {processor.py:925} INFO - DAG(s) 'example_task_group_decorator' retrieved from /home/airflow/.local/lib/python3.12/site-packages/airflow/example_dags/example_task_group_decorator.py
[2024-08-24T11:55:40.402+0000] {logging_mixin.py:190} INFO - [2024-08-24T11:55:40.402+0000] {dag.py:3211} INFO - Sync 1 DAGs
[2024-08-24T11:55:40.414+0000] {logging_mixin.py:190} INFO - [2024-08-24T11:55:40.413+0000] {dag.py:4138} INFO - Setting next_dagrun for example_task_group_decorator to 2024-08-23 00:00:00+00:00, run_after=2024-08-24 00:00:00+00:00
[2024-08-24T11:55:40.422+0000] {processor.py:208} INFO - Processing /home/airflow/.local/lib/python3.12/site-packages/airflow/example_dags/example_task_group_decorator.py took 0.045 seconds
[2024-08-24T11:56:10.698+0000] {processor.py:186} INFO - Started process (PID=4387) to work on /home/airflow/.local/lib/python3.12/site-packages/airflow/example_dags/example_task_group_decorator.py
[2024-08-24T11:56:10.699+0000] {processor.py:914} INFO - Processing file /home/airflow/.local/lib/python3.12/site-packages/airflow/example_dags/example_task_group_decorator.py for tasks to queue
[2024-08-24T11:56:10.701+0000] {logging_mixin.py:190} INFO - [2024-08-24T11:56:10.701+0000] {dagbag.py:587} INFO - Filling up the DagBag from /home/airflow/.local/lib/python3.12/site-packages/airflow/example_dags/example_task_group_decorator.py
[2024-08-24T11:56:10.711+0000] {processor.py:925} INFO - DAG(s) 'example_task_group_decorator' retrieved from /home/airflow/.local/lib/python3.12/site-packages/airflow/example_dags/example_task_group_decorator.py
[2024-08-24T11:56:10.723+0000] {logging_mixin.py:190} INFO - [2024-08-24T11:56:10.723+0000] {dag.py:3211} INFO - Sync 1 DAGs
[2024-08-24T11:56:10.735+0000] {logging_mixin.py:190} INFO - [2024-08-24T11:56:10.735+0000] {dag.py:4138} INFO - Setting next_dagrun for example_task_group_decorator to 2024-08-23 00:00:00+00:00, run_after=2024-08-24 00:00:00+00:00
[2024-08-24T11:56:10.745+0000] {processor.py:208} INFO - Processing /home/airflow/.local/lib/python3.12/site-packages/airflow/example_dags/example_task_group_decorator.py took 0.051 seconds
