[2024-08-24T11:21:06.015+0000] {processor.py:186} INFO - Started process (PID=55) to work on /home/airflow/.local/lib/python3.12/site-packages/airflow/example_dags/example_latest_only.py
[2024-08-24T11:21:06.016+0000] {processor.py:914} INFO - Processing file /home/airflow/.local/lib/python3.12/site-packages/airflow/example_dags/example_latest_only.py for tasks to queue
[2024-08-24T11:21:06.017+0000] {logging_mixin.py:190} INFO - [2024-08-24T11:21:06.017+0000] {dagbag.py:587} INFO - Filling up the DagBag from /home/airflow/.local/lib/python3.12/site-packages/airflow/example_dags/example_latest_only.py
[2024-08-24T11:21:06.021+0000] {processor.py:925} INFO - DAG(s) 'latest_only' retrieved from /home/airflow/.local/lib/python3.12/site-packages/airflow/example_dags/example_latest_only.py
[2024-08-24T11:21:06.081+0000] {logging_mixin.py:190} INFO - [2024-08-24T11:21:06.081+0000] {override.py:1858} INFO - Created Permission View: can edit on DAG:latest_only
[2024-08-24T11:21:06.088+0000] {logging_mixin.py:190} INFO - [2024-08-24T11:21:06.088+0000] {override.py:1858} INFO - Created Permission View: can read on DAG:latest_only
[2024-08-24T11:21:06.091+0000] {logging_mixin.py:190} INFO - [2024-08-24T11:21:06.091+0000] {override.py:1858} INFO - Created Permission View: can delete on DAG:latest_only
[2024-08-24T11:21:06.092+0000] {logging_mixin.py:190} INFO - [2024-08-24T11:21:06.092+0000] {dag.py:3211} INFO - Sync 1 DAGs
[2024-08-24T11:21:06.098+0000] {logging_mixin.py:190} INFO - [2024-08-24T11:21:06.098+0000] {dag.py:3234} INFO - Creating ORM DAG for latest_only
[2024-08-24T11:21:06.103+0000] {logging_mixin.py:190} INFO - [2024-08-24T11:21:06.103+0000] {dag.py:4138} INFO - Setting next_dagrun for latest_only to 2024-08-24 04:00:00+00:00, run_after=2024-08-24 08:00:00+00:00
[2024-08-24T11:21:06.113+0000] {processor.py:208} INFO - Processing /home/airflow/.local/lib/python3.12/site-packages/airflow/example_dags/example_latest_only.py took 0.101 seconds
[2024-08-24T11:21:36.790+0000] {processor.py:186} INFO - Started process (PID=117) to work on /home/airflow/.local/lib/python3.12/site-packages/airflow/example_dags/example_latest_only.py
[2024-08-24T11:21:36.790+0000] {processor.py:914} INFO - Processing file /home/airflow/.local/lib/python3.12/site-packages/airflow/example_dags/example_latest_only.py for tasks to queue
[2024-08-24T11:21:36.791+0000] {logging_mixin.py:190} INFO - [2024-08-24T11:21:36.791+0000] {dagbag.py:587} INFO - Filling up the DagBag from /home/airflow/.local/lib/python3.12/site-packages/airflow/example_dags/example_latest_only.py
[2024-08-24T11:21:36.795+0000] {processor.py:925} INFO - DAG(s) 'latest_only' retrieved from /home/airflow/.local/lib/python3.12/site-packages/airflow/example_dags/example_latest_only.py
[2024-08-24T11:21:36.805+0000] {logging_mixin.py:190} INFO - [2024-08-24T11:21:36.805+0000] {dag.py:3211} INFO - Sync 1 DAGs
[2024-08-24T11:21:36.816+0000] {logging_mixin.py:190} INFO - [2024-08-24T11:21:36.816+0000] {dag.py:4138} INFO - Setting next_dagrun for latest_only to 2024-08-24 04:00:00+00:00, run_after=2024-08-24 08:00:00+00:00
[2024-08-24T11:21:36.825+0000] {processor.py:208} INFO - Processing /home/airflow/.local/lib/python3.12/site-packages/airflow/example_dags/example_latest_only.py took 0.038 seconds
[2024-08-24T11:22:06.890+0000] {processor.py:186} INFO - Started process (PID=179) to work on /home/airflow/.local/lib/python3.12/site-packages/airflow/example_dags/example_latest_only.py
[2024-08-24T11:22:06.890+0000] {processor.py:914} INFO - Processing file /home/airflow/.local/lib/python3.12/site-packages/airflow/example_dags/example_latest_only.py for tasks to queue
[2024-08-24T11:22:06.892+0000] {logging_mixin.py:190} INFO - [2024-08-24T11:22:06.891+0000] {dagbag.py:587} INFO - Filling up the DagBag from /home/airflow/.local/lib/python3.12/site-packages/airflow/example_dags/example_latest_only.py
[2024-08-24T11:22:06.896+0000] {processor.py:925} INFO - DAG(s) 'latest_only' retrieved from /home/airflow/.local/lib/python3.12/site-packages/airflow/example_dags/example_latest_only.py
[2024-08-24T11:22:06.907+0000] {logging_mixin.py:190} INFO - [2024-08-24T11:22:06.907+0000] {dag.py:3211} INFO - Sync 1 DAGs
[2024-08-24T11:22:06.919+0000] {logging_mixin.py:190} INFO - [2024-08-24T11:22:06.919+0000] {dag.py:4138} INFO - Setting next_dagrun for latest_only to 2024-08-24 04:00:00+00:00, run_after=2024-08-24 08:00:00+00:00
[2024-08-24T11:22:06.928+0000] {processor.py:208} INFO - Processing /home/airflow/.local/lib/python3.12/site-packages/airflow/example_dags/example_latest_only.py took 0.041 seconds
[2024-08-24T11:22:37.067+0000] {processor.py:186} INFO - Started process (PID=241) to work on /home/airflow/.local/lib/python3.12/site-packages/airflow/example_dags/example_latest_only.py
[2024-08-24T11:22:37.068+0000] {processor.py:914} INFO - Processing file /home/airflow/.local/lib/python3.12/site-packages/airflow/example_dags/example_latest_only.py for tasks to queue
[2024-08-24T11:22:37.069+0000] {logging_mixin.py:190} INFO - [2024-08-24T11:22:37.069+0000] {dagbag.py:587} INFO - Filling up the DagBag from /home/airflow/.local/lib/python3.12/site-packages/airflow/example_dags/example_latest_only.py
[2024-08-24T11:22:37.073+0000] {processor.py:925} INFO - DAG(s) 'latest_only' retrieved from /home/airflow/.local/lib/python3.12/site-packages/airflow/example_dags/example_latest_only.py
[2024-08-24T11:22:37.086+0000] {logging_mixin.py:190} INFO - [2024-08-24T11:22:37.086+0000] {dag.py:3211} INFO - Sync 1 DAGs
[2024-08-24T11:22:37.099+0000] {logging_mixin.py:190} INFO - [2024-08-24T11:22:37.098+0000] {dag.py:4138} INFO - Setting next_dagrun for latest_only to 2024-08-24 04:00:00+00:00, run_after=2024-08-24 08:00:00+00:00
[2024-08-24T11:22:37.107+0000] {processor.py:208} INFO - Processing /home/airflow/.local/lib/python3.12/site-packages/airflow/example_dags/example_latest_only.py took 0.044 seconds
[2024-08-24T11:23:07.185+0000] {processor.py:186} INFO - Started process (PID=303) to work on /home/airflow/.local/lib/python3.12/site-packages/airflow/example_dags/example_latest_only.py
[2024-08-24T11:23:07.185+0000] {processor.py:914} INFO - Processing file /home/airflow/.local/lib/python3.12/site-packages/airflow/example_dags/example_latest_only.py for tasks to queue
[2024-08-24T11:23:07.186+0000] {logging_mixin.py:190} INFO - [2024-08-24T11:23:07.186+0000] {dagbag.py:587} INFO - Filling up the DagBag from /home/airflow/.local/lib/python3.12/site-packages/airflow/example_dags/example_latest_only.py
[2024-08-24T11:23:07.190+0000] {processor.py:925} INFO - DAG(s) 'latest_only' retrieved from /home/airflow/.local/lib/python3.12/site-packages/airflow/example_dags/example_latest_only.py
[2024-08-24T11:23:07.201+0000] {logging_mixin.py:190} INFO - [2024-08-24T11:23:07.200+0000] {dag.py:3211} INFO - Sync 1 DAGs
[2024-08-24T11:23:07.213+0000] {logging_mixin.py:190} INFO - [2024-08-24T11:23:07.213+0000] {dag.py:4138} INFO - Setting next_dagrun for latest_only to 2024-08-24 04:00:00+00:00, run_after=2024-08-24 08:00:00+00:00
[2024-08-24T11:23:07.222+0000] {processor.py:208} INFO - Processing /home/airflow/.local/lib/python3.12/site-packages/airflow/example_dags/example_latest_only.py took 0.041 seconds
[2024-08-24T11:23:37.491+0000] {processor.py:186} INFO - Started process (PID=365) to work on /home/airflow/.local/lib/python3.12/site-packages/airflow/example_dags/example_latest_only.py
[2024-08-24T11:23:37.492+0000] {processor.py:914} INFO - Processing file /home/airflow/.local/lib/python3.12/site-packages/airflow/example_dags/example_latest_only.py for tasks to queue
[2024-08-24T11:23:37.493+0000] {logging_mixin.py:190} INFO - [2024-08-24T11:23:37.493+0000] {dagbag.py:587} INFO - Filling up the DagBag from /home/airflow/.local/lib/python3.12/site-packages/airflow/example_dags/example_latest_only.py
[2024-08-24T11:23:37.498+0000] {processor.py:925} INFO - DAG(s) 'latest_only' retrieved from /home/airflow/.local/lib/python3.12/site-packages/airflow/example_dags/example_latest_only.py
[2024-08-24T11:23:37.512+0000] {logging_mixin.py:190} INFO - [2024-08-24T11:23:37.512+0000] {dag.py:3211} INFO - Sync 1 DAGs
[2024-08-24T11:23:37.527+0000] {logging_mixin.py:190} INFO - [2024-08-24T11:23:37.527+0000] {dag.py:4138} INFO - Setting next_dagrun for latest_only to 2024-08-24 04:00:00+00:00, run_after=2024-08-24 08:00:00+00:00
[2024-08-24T11:23:37.540+0000] {processor.py:208} INFO - Processing /home/airflow/.local/lib/python3.12/site-packages/airflow/example_dags/example_latest_only.py took 0.054 seconds
[2024-08-24T11:24:07.805+0000] {processor.py:186} INFO - Started process (PID=427) to work on /home/airflow/.local/lib/python3.12/site-packages/airflow/example_dags/example_latest_only.py
[2024-08-24T11:24:07.806+0000] {processor.py:914} INFO - Processing file /home/airflow/.local/lib/python3.12/site-packages/airflow/example_dags/example_latest_only.py for tasks to queue
[2024-08-24T11:24:07.807+0000] {logging_mixin.py:190} INFO - [2024-08-24T11:24:07.807+0000] {dagbag.py:587} INFO - Filling up the DagBag from /home/airflow/.local/lib/python3.12/site-packages/airflow/example_dags/example_latest_only.py
[2024-08-24T11:24:07.812+0000] {processor.py:925} INFO - DAG(s) 'latest_only' retrieved from /home/airflow/.local/lib/python3.12/site-packages/airflow/example_dags/example_latest_only.py
[2024-08-24T11:24:07.825+0000] {logging_mixin.py:190} INFO - [2024-08-24T11:24:07.825+0000] {dag.py:3211} INFO - Sync 1 DAGs
[2024-08-24T11:24:07.847+0000] {logging_mixin.py:190} INFO - [2024-08-24T11:24:07.847+0000] {dag.py:4138} INFO - Setting next_dagrun for latest_only to 2024-08-24 04:00:00+00:00, run_after=2024-08-24 08:00:00+00:00
[2024-08-24T11:24:07.865+0000] {processor.py:208} INFO - Processing /home/airflow/.local/lib/python3.12/site-packages/airflow/example_dags/example_latest_only.py took 0.064 seconds
[2024-08-24T11:24:38.065+0000] {processor.py:186} INFO - Started process (PID=489) to work on /home/airflow/.local/lib/python3.12/site-packages/airflow/example_dags/example_latest_only.py
[2024-08-24T11:24:38.065+0000] {processor.py:914} INFO - Processing file /home/airflow/.local/lib/python3.12/site-packages/airflow/example_dags/example_latest_only.py for tasks to queue
[2024-08-24T11:24:38.067+0000] {logging_mixin.py:190} INFO - [2024-08-24T11:24:38.067+0000] {dagbag.py:587} INFO - Filling up the DagBag from /home/airflow/.local/lib/python3.12/site-packages/airflow/example_dags/example_latest_only.py
[2024-08-24T11:24:38.072+0000] {processor.py:925} INFO - DAG(s) 'latest_only' retrieved from /home/airflow/.local/lib/python3.12/site-packages/airflow/example_dags/example_latest_only.py
[2024-08-24T11:24:38.086+0000] {logging_mixin.py:190} INFO - [2024-08-24T11:24:38.086+0000] {dag.py:3211} INFO - Sync 1 DAGs
[2024-08-24T11:24:38.103+0000] {logging_mixin.py:190} INFO - [2024-08-24T11:24:38.103+0000] {dag.py:4138} INFO - Setting next_dagrun for latest_only to 2024-08-24 04:00:00+00:00, run_after=2024-08-24 08:00:00+00:00
[2024-08-24T11:24:38.116+0000] {processor.py:208} INFO - Processing /home/airflow/.local/lib/python3.12/site-packages/airflow/example_dags/example_latest_only.py took 0.055 seconds
[2024-08-24T11:25:08.303+0000] {processor.py:186} INFO - Started process (PID=551) to work on /home/airflow/.local/lib/python3.12/site-packages/airflow/example_dags/example_latest_only.py
[2024-08-24T11:25:08.304+0000] {processor.py:914} INFO - Processing file /home/airflow/.local/lib/python3.12/site-packages/airflow/example_dags/example_latest_only.py for tasks to queue
[2024-08-24T11:25:08.305+0000] {logging_mixin.py:190} INFO - [2024-08-24T11:25:08.305+0000] {dagbag.py:587} INFO - Filling up the DagBag from /home/airflow/.local/lib/python3.12/site-packages/airflow/example_dags/example_latest_only.py
[2024-08-24T11:25:08.308+0000] {processor.py:925} INFO - DAG(s) 'latest_only' retrieved from /home/airflow/.local/lib/python3.12/site-packages/airflow/example_dags/example_latest_only.py
[2024-08-24T11:25:08.321+0000] {logging_mixin.py:190} INFO - [2024-08-24T11:25:08.321+0000] {dag.py:3211} INFO - Sync 1 DAGs
[2024-08-24T11:25:08.333+0000] {logging_mixin.py:190} INFO - [2024-08-24T11:25:08.333+0000] {dag.py:4138} INFO - Setting next_dagrun for latest_only to 2024-08-24 04:00:00+00:00, run_after=2024-08-24 08:00:00+00:00
[2024-08-24T11:25:08.341+0000] {processor.py:208} INFO - Processing /home/airflow/.local/lib/python3.12/site-packages/airflow/example_dags/example_latest_only.py took 0.041 seconds
[2024-08-24T11:25:38.547+0000] {processor.py:186} INFO - Started process (PID=613) to work on /home/airflow/.local/lib/python3.12/site-packages/airflow/example_dags/example_latest_only.py
[2024-08-24T11:25:38.548+0000] {processor.py:914} INFO - Processing file /home/airflow/.local/lib/python3.12/site-packages/airflow/example_dags/example_latest_only.py for tasks to queue
[2024-08-24T11:25:38.549+0000] {logging_mixin.py:190} INFO - [2024-08-24T11:25:38.549+0000] {dagbag.py:587} INFO - Filling up the DagBag from /home/airflow/.local/lib/python3.12/site-packages/airflow/example_dags/example_latest_only.py
[2024-08-24T11:25:38.552+0000] {processor.py:925} INFO - DAG(s) 'latest_only' retrieved from /home/airflow/.local/lib/python3.12/site-packages/airflow/example_dags/example_latest_only.py
[2024-08-24T11:25:38.565+0000] {logging_mixin.py:190} INFO - [2024-08-24T11:25:38.565+0000] {dag.py:3211} INFO - Sync 1 DAGs
[2024-08-24T11:25:38.578+0000] {logging_mixin.py:190} INFO - [2024-08-24T11:25:38.577+0000] {dag.py:4138} INFO - Setting next_dagrun for latest_only to 2024-08-24 04:00:00+00:00, run_after=2024-08-24 08:00:00+00:00
[2024-08-24T11:25:38.586+0000] {processor.py:208} INFO - Processing /home/airflow/.local/lib/python3.12/site-packages/airflow/example_dags/example_latest_only.py took 0.043 seconds
[2024-08-24T11:26:08.612+0000] {processor.py:186} INFO - Started process (PID=675) to work on /home/airflow/.local/lib/python3.12/site-packages/airflow/example_dags/example_latest_only.py
[2024-08-24T11:26:08.613+0000] {processor.py:914} INFO - Processing file /home/airflow/.local/lib/python3.12/site-packages/airflow/example_dags/example_latest_only.py for tasks to queue
[2024-08-24T11:26:08.614+0000] {logging_mixin.py:190} INFO - [2024-08-24T11:26:08.614+0000] {dagbag.py:587} INFO - Filling up the DagBag from /home/airflow/.local/lib/python3.12/site-packages/airflow/example_dags/example_latest_only.py
[2024-08-24T11:26:08.617+0000] {processor.py:925} INFO - DAG(s) 'latest_only' retrieved from /home/airflow/.local/lib/python3.12/site-packages/airflow/example_dags/example_latest_only.py
[2024-08-24T11:26:08.631+0000] {logging_mixin.py:190} INFO - [2024-08-24T11:26:08.631+0000] {dag.py:3211} INFO - Sync 1 DAGs
[2024-08-24T11:26:08.650+0000] {logging_mixin.py:190} INFO - [2024-08-24T11:26:08.650+0000] {dag.py:4138} INFO - Setting next_dagrun for latest_only to 2024-08-24 04:00:00+00:00, run_after=2024-08-24 08:00:00+00:00
[2024-08-24T11:26:08.662+0000] {processor.py:208} INFO - Processing /home/airflow/.local/lib/python3.12/site-packages/airflow/example_dags/example_latest_only.py took 0.054 seconds
[2024-08-24T11:26:38.954+0000] {processor.py:186} INFO - Started process (PID=737) to work on /home/airflow/.local/lib/python3.12/site-packages/airflow/example_dags/example_latest_only.py
[2024-08-24T11:26:38.955+0000] {processor.py:914} INFO - Processing file /home/airflow/.local/lib/python3.12/site-packages/airflow/example_dags/example_latest_only.py for tasks to queue
[2024-08-24T11:26:38.956+0000] {logging_mixin.py:190} INFO - [2024-08-24T11:26:38.956+0000] {dagbag.py:587} INFO - Filling up the DagBag from /home/airflow/.local/lib/python3.12/site-packages/airflow/example_dags/example_latest_only.py
[2024-08-24T11:26:38.960+0000] {processor.py:925} INFO - DAG(s) 'latest_only' retrieved from /home/airflow/.local/lib/python3.12/site-packages/airflow/example_dags/example_latest_only.py
[2024-08-24T11:26:38.975+0000] {logging_mixin.py:190} INFO - [2024-08-24T11:26:38.975+0000] {dag.py:3211} INFO - Sync 1 DAGs
[2024-08-24T11:26:38.988+0000] {logging_mixin.py:190} INFO - [2024-08-24T11:26:38.988+0000] {dag.py:4138} INFO - Setting next_dagrun for latest_only to 2024-08-24 04:00:00+00:00, run_after=2024-08-24 08:00:00+00:00
[2024-08-24T11:26:38.999+0000] {processor.py:208} INFO - Processing /home/airflow/.local/lib/python3.12/site-packages/airflow/example_dags/example_latest_only.py took 0.048 seconds
[2024-08-24T11:27:09.107+0000] {processor.py:186} INFO - Started process (PID=805) to work on /home/airflow/.local/lib/python3.12/site-packages/airflow/example_dags/example_latest_only.py
[2024-08-24T11:27:09.108+0000] {processor.py:914} INFO - Processing file /home/airflow/.local/lib/python3.12/site-packages/airflow/example_dags/example_latest_only.py for tasks to queue
[2024-08-24T11:27:09.109+0000] {logging_mixin.py:190} INFO - [2024-08-24T11:27:09.109+0000] {dagbag.py:587} INFO - Filling up the DagBag from /home/airflow/.local/lib/python3.12/site-packages/airflow/example_dags/example_latest_only.py
[2024-08-24T11:27:09.113+0000] {processor.py:925} INFO - DAG(s) 'latest_only' retrieved from /home/airflow/.local/lib/python3.12/site-packages/airflow/example_dags/example_latest_only.py
[2024-08-24T11:27:09.126+0000] {logging_mixin.py:190} INFO - [2024-08-24T11:27:09.126+0000] {dag.py:3211} INFO - Sync 1 DAGs
[2024-08-24T11:27:09.143+0000] {logging_mixin.py:190} INFO - [2024-08-24T11:27:09.143+0000] {dag.py:4138} INFO - Setting next_dagrun for latest_only to 2024-08-24 04:00:00+00:00, run_after=2024-08-24 08:00:00+00:00
[2024-08-24T11:27:09.156+0000] {processor.py:208} INFO - Processing /home/airflow/.local/lib/python3.12/site-packages/airflow/example_dags/example_latest_only.py took 0.053 seconds
[2024-08-24T11:27:39.429+0000] {processor.py:186} INFO - Started process (PID=867) to work on /home/airflow/.local/lib/python3.12/site-packages/airflow/example_dags/example_latest_only.py
[2024-08-24T11:27:39.430+0000] {processor.py:914} INFO - Processing file /home/airflow/.local/lib/python3.12/site-packages/airflow/example_dags/example_latest_only.py for tasks to queue
[2024-08-24T11:27:39.431+0000] {logging_mixin.py:190} INFO - [2024-08-24T11:27:39.430+0000] {dagbag.py:587} INFO - Filling up the DagBag from /home/airflow/.local/lib/python3.12/site-packages/airflow/example_dags/example_latest_only.py
[2024-08-24T11:27:39.435+0000] {processor.py:925} INFO - DAG(s) 'latest_only' retrieved from /home/airflow/.local/lib/python3.12/site-packages/airflow/example_dags/example_latest_only.py
[2024-08-24T11:27:39.450+0000] {logging_mixin.py:190} INFO - [2024-08-24T11:27:39.450+0000] {dag.py:3211} INFO - Sync 1 DAGs
[2024-08-24T11:27:39.464+0000] {logging_mixin.py:190} INFO - [2024-08-24T11:27:39.464+0000] {dag.py:4138} INFO - Setting next_dagrun for latest_only to 2024-08-24 04:00:00+00:00, run_after=2024-08-24 08:00:00+00:00
[2024-08-24T11:27:39.479+0000] {processor.py:208} INFO - Processing /home/airflow/.local/lib/python3.12/site-packages/airflow/example_dags/example_latest_only.py took 0.053 seconds
[2024-08-24T11:28:09.709+0000] {processor.py:186} INFO - Started process (PID=929) to work on /home/airflow/.local/lib/python3.12/site-packages/airflow/example_dags/example_latest_only.py
[2024-08-24T11:28:09.709+0000] {processor.py:914} INFO - Processing file /home/airflow/.local/lib/python3.12/site-packages/airflow/example_dags/example_latest_only.py for tasks to queue
[2024-08-24T11:28:09.711+0000] {logging_mixin.py:190} INFO - [2024-08-24T11:28:09.711+0000] {dagbag.py:587} INFO - Filling up the DagBag from /home/airflow/.local/lib/python3.12/site-packages/airflow/example_dags/example_latest_only.py
[2024-08-24T11:28:09.716+0000] {processor.py:925} INFO - DAG(s) 'latest_only' retrieved from /home/airflow/.local/lib/python3.12/site-packages/airflow/example_dags/example_latest_only.py
[2024-08-24T11:28:09.727+0000] {logging_mixin.py:190} INFO - [2024-08-24T11:28:09.727+0000] {dag.py:3211} INFO - Sync 1 DAGs
[2024-08-24T11:28:09.739+0000] {logging_mixin.py:190} INFO - [2024-08-24T11:28:09.739+0000] {dag.py:4138} INFO - Setting next_dagrun for latest_only to 2024-08-24 04:00:00+00:00, run_after=2024-08-24 08:00:00+00:00
[2024-08-24T11:28:09.747+0000] {processor.py:208} INFO - Processing /home/airflow/.local/lib/python3.12/site-packages/airflow/example_dags/example_latest_only.py took 0.042 seconds
[2024-08-24T11:28:40.613+0000] {processor.py:186} INFO - Started process (PID=991) to work on /home/airflow/.local/lib/python3.12/site-packages/airflow/example_dags/example_latest_only.py
[2024-08-24T11:28:40.614+0000] {processor.py:914} INFO - Processing file /home/airflow/.local/lib/python3.12/site-packages/airflow/example_dags/example_latest_only.py for tasks to queue
[2024-08-24T11:28:40.615+0000] {logging_mixin.py:190} INFO - [2024-08-24T11:28:40.615+0000] {dagbag.py:587} INFO - Filling up the DagBag from /home/airflow/.local/lib/python3.12/site-packages/airflow/example_dags/example_latest_only.py
[2024-08-24T11:28:40.620+0000] {processor.py:925} INFO - DAG(s) 'latest_only' retrieved from /home/airflow/.local/lib/python3.12/site-packages/airflow/example_dags/example_latest_only.py
[2024-08-24T11:28:40.635+0000] {logging_mixin.py:190} INFO - [2024-08-24T11:28:40.634+0000] {dag.py:3211} INFO - Sync 1 DAGs
[2024-08-24T11:28:40.649+0000] {logging_mixin.py:190} INFO - [2024-08-24T11:28:40.649+0000] {dag.py:4138} INFO - Setting next_dagrun for latest_only to 2024-08-24 04:00:00+00:00, run_after=2024-08-24 08:00:00+00:00
[2024-08-24T11:28:40.657+0000] {processor.py:208} INFO - Processing /home/airflow/.local/lib/python3.12/site-packages/airflow/example_dags/example_latest_only.py took 0.049 seconds
[2024-08-24T11:29:10.702+0000] {processor.py:186} INFO - Started process (PID=1053) to work on /home/airflow/.local/lib/python3.12/site-packages/airflow/example_dags/example_latest_only.py
[2024-08-24T11:29:10.703+0000] {processor.py:914} INFO - Processing file /home/airflow/.local/lib/python3.12/site-packages/airflow/example_dags/example_latest_only.py for tasks to queue
[2024-08-24T11:29:10.704+0000] {logging_mixin.py:190} INFO - [2024-08-24T11:29:10.704+0000] {dagbag.py:587} INFO - Filling up the DagBag from /home/airflow/.local/lib/python3.12/site-packages/airflow/example_dags/example_latest_only.py
[2024-08-24T11:29:10.707+0000] {processor.py:925} INFO - DAG(s) 'latest_only' retrieved from /home/airflow/.local/lib/python3.12/site-packages/airflow/example_dags/example_latest_only.py
[2024-08-24T11:29:10.720+0000] {logging_mixin.py:190} INFO - [2024-08-24T11:29:10.720+0000] {dag.py:3211} INFO - Sync 1 DAGs
[2024-08-24T11:29:10.737+0000] {logging_mixin.py:190} INFO - [2024-08-24T11:29:10.737+0000] {dag.py:4138} INFO - Setting next_dagrun for latest_only to 2024-08-24 04:00:00+00:00, run_after=2024-08-24 08:00:00+00:00
[2024-08-24T11:29:10.747+0000] {processor.py:208} INFO - Processing /home/airflow/.local/lib/python3.12/site-packages/airflow/example_dags/example_latest_only.py took 0.048 seconds
[2024-08-24T11:29:40.952+0000] {processor.py:186} INFO - Started process (PID=1115) to work on /home/airflow/.local/lib/python3.12/site-packages/airflow/example_dags/example_latest_only.py
[2024-08-24T11:29:40.952+0000] {processor.py:914} INFO - Processing file /home/airflow/.local/lib/python3.12/site-packages/airflow/example_dags/example_latest_only.py for tasks to queue
[2024-08-24T11:29:40.954+0000] {logging_mixin.py:190} INFO - [2024-08-24T11:29:40.953+0000] {dagbag.py:587} INFO - Filling up the DagBag from /home/airflow/.local/lib/python3.12/site-packages/airflow/example_dags/example_latest_only.py
[2024-08-24T11:29:40.958+0000] {processor.py:925} INFO - DAG(s) 'latest_only' retrieved from /home/airflow/.local/lib/python3.12/site-packages/airflow/example_dags/example_latest_only.py
[2024-08-24T11:29:40.972+0000] {logging_mixin.py:190} INFO - [2024-08-24T11:29:40.972+0000] {dag.py:3211} INFO - Sync 1 DAGs
[2024-08-24T11:29:40.993+0000] {logging_mixin.py:190} INFO - [2024-08-24T11:29:40.993+0000] {dag.py:4138} INFO - Setting next_dagrun for latest_only to 2024-08-24 04:00:00+00:00, run_after=2024-08-24 08:00:00+00:00
[2024-08-24T11:29:41.009+0000] {processor.py:208} INFO - Processing /home/airflow/.local/lib/python3.12/site-packages/airflow/example_dags/example_latest_only.py took 0.060 seconds
[2024-08-24T11:30:12.004+0000] {processor.py:186} INFO - Started process (PID=1177) to work on /home/airflow/.local/lib/python3.12/site-packages/airflow/example_dags/example_latest_only.py
[2024-08-24T11:30:12.004+0000] {processor.py:914} INFO - Processing file /home/airflow/.local/lib/python3.12/site-packages/airflow/example_dags/example_latest_only.py for tasks to queue
[2024-08-24T11:30:12.006+0000] {logging_mixin.py:190} INFO - [2024-08-24T11:30:12.005+0000] {dagbag.py:587} INFO - Filling up the DagBag from /home/airflow/.local/lib/python3.12/site-packages/airflow/example_dags/example_latest_only.py
[2024-08-24T11:30:12.009+0000] {processor.py:925} INFO - DAG(s) 'latest_only' retrieved from /home/airflow/.local/lib/python3.12/site-packages/airflow/example_dags/example_latest_only.py
[2024-08-24T11:30:12.020+0000] {logging_mixin.py:190} INFO - [2024-08-24T11:30:12.020+0000] {dag.py:3211} INFO - Sync 1 DAGs
[2024-08-24T11:30:12.032+0000] {logging_mixin.py:190} INFO - [2024-08-24T11:30:12.031+0000] {dag.py:4138} INFO - Setting next_dagrun for latest_only to 2024-08-24 04:00:00+00:00, run_after=2024-08-24 08:00:00+00:00
[2024-08-24T11:30:12.040+0000] {processor.py:208} INFO - Processing /home/airflow/.local/lib/python3.12/site-packages/airflow/example_dags/example_latest_only.py took 0.041 seconds
[2024-08-24T11:30:42.997+0000] {processor.py:186} INFO - Started process (PID=1239) to work on /home/airflow/.local/lib/python3.12/site-packages/airflow/example_dags/example_latest_only.py
[2024-08-24T11:30:42.998+0000] {processor.py:914} INFO - Processing file /home/airflow/.local/lib/python3.12/site-packages/airflow/example_dags/example_latest_only.py for tasks to queue
[2024-08-24T11:30:42.999+0000] {logging_mixin.py:190} INFO - [2024-08-24T11:30:42.999+0000] {dagbag.py:587} INFO - Filling up the DagBag from /home/airflow/.local/lib/python3.12/site-packages/airflow/example_dags/example_latest_only.py
[2024-08-24T11:30:43.003+0000] {processor.py:925} INFO - DAG(s) 'latest_only' retrieved from /home/airflow/.local/lib/python3.12/site-packages/airflow/example_dags/example_latest_only.py
[2024-08-24T11:30:43.013+0000] {logging_mixin.py:190} INFO - [2024-08-24T11:30:43.013+0000] {dag.py:3211} INFO - Sync 1 DAGs
[2024-08-24T11:30:43.025+0000] {logging_mixin.py:190} INFO - [2024-08-24T11:30:43.024+0000] {dag.py:4138} INFO - Setting next_dagrun for latest_only to 2024-08-24 04:00:00+00:00, run_after=2024-08-24 08:00:00+00:00
[2024-08-24T11:30:43.034+0000] {processor.py:208} INFO - Processing /home/airflow/.local/lib/python3.12/site-packages/airflow/example_dags/example_latest_only.py took 0.042 seconds
[2024-08-24T11:31:14.042+0000] {processor.py:186} INFO - Started process (PID=1301) to work on /home/airflow/.local/lib/python3.12/site-packages/airflow/example_dags/example_latest_only.py
[2024-08-24T11:31:14.043+0000] {processor.py:914} INFO - Processing file /home/airflow/.local/lib/python3.12/site-packages/airflow/example_dags/example_latest_only.py for tasks to queue
[2024-08-24T11:31:14.044+0000] {logging_mixin.py:190} INFO - [2024-08-24T11:31:14.044+0000] {dagbag.py:587} INFO - Filling up the DagBag from /home/airflow/.local/lib/python3.12/site-packages/airflow/example_dags/example_latest_only.py
[2024-08-24T11:31:14.047+0000] {processor.py:925} INFO - DAG(s) 'latest_only' retrieved from /home/airflow/.local/lib/python3.12/site-packages/airflow/example_dags/example_latest_only.py
[2024-08-24T11:31:14.063+0000] {logging_mixin.py:190} INFO - [2024-08-24T11:31:14.063+0000] {dag.py:3211} INFO - Sync 1 DAGs
[2024-08-24T11:31:14.081+0000] {logging_mixin.py:190} INFO - [2024-08-24T11:31:14.081+0000] {dag.py:4138} INFO - Setting next_dagrun for latest_only to 2024-08-24 04:00:00+00:00, run_after=2024-08-24 08:00:00+00:00
[2024-08-24T11:31:14.094+0000] {processor.py:208} INFO - Processing /home/airflow/.local/lib/python3.12/site-packages/airflow/example_dags/example_latest_only.py took 0.056 seconds
[2024-08-24T11:31:45.048+0000] {processor.py:186} INFO - Started process (PID=1363) to work on /home/airflow/.local/lib/python3.12/site-packages/airflow/example_dags/example_latest_only.py
[2024-08-24T11:31:45.048+0000] {processor.py:914} INFO - Processing file /home/airflow/.local/lib/python3.12/site-packages/airflow/example_dags/example_latest_only.py for tasks to queue
[2024-08-24T11:31:45.049+0000] {logging_mixin.py:190} INFO - [2024-08-24T11:31:45.049+0000] {dagbag.py:587} INFO - Filling up the DagBag from /home/airflow/.local/lib/python3.12/site-packages/airflow/example_dags/example_latest_only.py
[2024-08-24T11:31:45.053+0000] {processor.py:925} INFO - DAG(s) 'latest_only' retrieved from /home/airflow/.local/lib/python3.12/site-packages/airflow/example_dags/example_latest_only.py
[2024-08-24T11:31:45.065+0000] {logging_mixin.py:190} INFO - [2024-08-24T11:31:45.065+0000] {dag.py:3211} INFO - Sync 1 DAGs
[2024-08-24T11:31:45.076+0000] {logging_mixin.py:190} INFO - [2024-08-24T11:31:45.076+0000] {dag.py:4138} INFO - Setting next_dagrun for latest_only to 2024-08-24 04:00:00+00:00, run_after=2024-08-24 08:00:00+00:00
[2024-08-24T11:31:45.085+0000] {processor.py:208} INFO - Processing /home/airflow/.local/lib/python3.12/site-packages/airflow/example_dags/example_latest_only.py took 0.040 seconds
[2024-08-24T11:32:15.188+0000] {processor.py:186} INFO - Started process (PID=1425) to work on /home/airflow/.local/lib/python3.12/site-packages/airflow/example_dags/example_latest_only.py
[2024-08-24T11:32:15.189+0000] {processor.py:914} INFO - Processing file /home/airflow/.local/lib/python3.12/site-packages/airflow/example_dags/example_latest_only.py for tasks to queue
[2024-08-24T11:32:15.190+0000] {logging_mixin.py:190} INFO - [2024-08-24T11:32:15.190+0000] {dagbag.py:587} INFO - Filling up the DagBag from /home/airflow/.local/lib/python3.12/site-packages/airflow/example_dags/example_latest_only.py
[2024-08-24T11:32:15.194+0000] {processor.py:925} INFO - DAG(s) 'latest_only' retrieved from /home/airflow/.local/lib/python3.12/site-packages/airflow/example_dags/example_latest_only.py
[2024-08-24T11:32:15.206+0000] {logging_mixin.py:190} INFO - [2024-08-24T11:32:15.206+0000] {dag.py:3211} INFO - Sync 1 DAGs
[2024-08-24T11:32:15.224+0000] {logging_mixin.py:190} INFO - [2024-08-24T11:32:15.223+0000] {dag.py:4138} INFO - Setting next_dagrun for latest_only to 2024-08-24 04:00:00+00:00, run_after=2024-08-24 08:00:00+00:00
[2024-08-24T11:32:15.237+0000] {processor.py:208} INFO - Processing /home/airflow/.local/lib/python3.12/site-packages/airflow/example_dags/example_latest_only.py took 0.051 seconds
[2024-08-24T11:32:45.415+0000] {processor.py:186} INFO - Started process (PID=1487) to work on /home/airflow/.local/lib/python3.12/site-packages/airflow/example_dags/example_latest_only.py
[2024-08-24T11:32:45.416+0000] {processor.py:914} INFO - Processing file /home/airflow/.local/lib/python3.12/site-packages/airflow/example_dags/example_latest_only.py for tasks to queue
[2024-08-24T11:32:45.417+0000] {logging_mixin.py:190} INFO - [2024-08-24T11:32:45.417+0000] {dagbag.py:587} INFO - Filling up the DagBag from /home/airflow/.local/lib/python3.12/site-packages/airflow/example_dags/example_latest_only.py
[2024-08-24T11:32:45.420+0000] {processor.py:925} INFO - DAG(s) 'latest_only' retrieved from /home/airflow/.local/lib/python3.12/site-packages/airflow/example_dags/example_latest_only.py
[2024-08-24T11:32:45.430+0000] {logging_mixin.py:190} INFO - [2024-08-24T11:32:45.430+0000] {dag.py:3211} INFO - Sync 1 DAGs
[2024-08-24T11:32:45.442+0000] {logging_mixin.py:190} INFO - [2024-08-24T11:32:45.442+0000] {dag.py:4138} INFO - Setting next_dagrun for latest_only to 2024-08-24 04:00:00+00:00, run_after=2024-08-24 08:00:00+00:00
[2024-08-24T11:32:45.451+0000] {processor.py:208} INFO - Processing /home/airflow/.local/lib/python3.12/site-packages/airflow/example_dags/example_latest_only.py took 0.039 seconds
[2024-08-24T11:33:15.594+0000] {processor.py:186} INFO - Started process (PID=1549) to work on /home/airflow/.local/lib/python3.12/site-packages/airflow/example_dags/example_latest_only.py
[2024-08-24T11:33:15.595+0000] {processor.py:914} INFO - Processing file /home/airflow/.local/lib/python3.12/site-packages/airflow/example_dags/example_latest_only.py for tasks to queue
[2024-08-24T11:33:15.596+0000] {logging_mixin.py:190} INFO - [2024-08-24T11:33:15.596+0000] {dagbag.py:587} INFO - Filling up the DagBag from /home/airflow/.local/lib/python3.12/site-packages/airflow/example_dags/example_latest_only.py
[2024-08-24T11:33:15.601+0000] {processor.py:925} INFO - DAG(s) 'latest_only' retrieved from /home/airflow/.local/lib/python3.12/site-packages/airflow/example_dags/example_latest_only.py
[2024-08-24T11:33:15.612+0000] {logging_mixin.py:190} INFO - [2024-08-24T11:33:15.612+0000] {dag.py:3211} INFO - Sync 1 DAGs
[2024-08-24T11:33:15.627+0000] {logging_mixin.py:190} INFO - [2024-08-24T11:33:15.626+0000] {dag.py:4138} INFO - Setting next_dagrun for latest_only to 2024-08-24 04:00:00+00:00, run_after=2024-08-24 08:00:00+00:00
[2024-08-24T11:33:15.638+0000] {processor.py:208} INFO - Processing /home/airflow/.local/lib/python3.12/site-packages/airflow/example_dags/example_latest_only.py took 0.048 seconds
[2024-08-24T11:33:45.736+0000] {processor.py:186} INFO - Started process (PID=1611) to work on /home/airflow/.local/lib/python3.12/site-packages/airflow/example_dags/example_latest_only.py
[2024-08-24T11:33:45.736+0000] {processor.py:914} INFO - Processing file /home/airflow/.local/lib/python3.12/site-packages/airflow/example_dags/example_latest_only.py for tasks to queue
[2024-08-24T11:33:45.738+0000] {logging_mixin.py:190} INFO - [2024-08-24T11:33:45.737+0000] {dagbag.py:587} INFO - Filling up the DagBag from /home/airflow/.local/lib/python3.12/site-packages/airflow/example_dags/example_latest_only.py
[2024-08-24T11:33:45.741+0000] {processor.py:925} INFO - DAG(s) 'latest_only' retrieved from /home/airflow/.local/lib/python3.12/site-packages/airflow/example_dags/example_latest_only.py
[2024-08-24T11:33:45.755+0000] {logging_mixin.py:190} INFO - [2024-08-24T11:33:45.755+0000] {dag.py:3211} INFO - Sync 1 DAGs
[2024-08-24T11:33:45.768+0000] {logging_mixin.py:190} INFO - [2024-08-24T11:33:45.768+0000] {dag.py:4138} INFO - Setting next_dagrun for latest_only to 2024-08-24 04:00:00+00:00, run_after=2024-08-24 08:00:00+00:00
[2024-08-24T11:33:45.778+0000] {processor.py:208} INFO - Processing /home/airflow/.local/lib/python3.12/site-packages/airflow/example_dags/example_latest_only.py took 0.045 seconds
[2024-08-24T11:34:16.032+0000] {processor.py:186} INFO - Started process (PID=1673) to work on /home/airflow/.local/lib/python3.12/site-packages/airflow/example_dags/example_latest_only.py
[2024-08-24T11:34:16.032+0000] {processor.py:914} INFO - Processing file /home/airflow/.local/lib/python3.12/site-packages/airflow/example_dags/example_latest_only.py for tasks to queue
[2024-08-24T11:34:16.033+0000] {logging_mixin.py:190} INFO - [2024-08-24T11:34:16.033+0000] {dagbag.py:587} INFO - Filling up the DagBag from /home/airflow/.local/lib/python3.12/site-packages/airflow/example_dags/example_latest_only.py
[2024-08-24T11:34:16.036+0000] {processor.py:925} INFO - DAG(s) 'latest_only' retrieved from /home/airflow/.local/lib/python3.12/site-packages/airflow/example_dags/example_latest_only.py
[2024-08-24T11:34:16.048+0000] {logging_mixin.py:190} INFO - [2024-08-24T11:34:16.048+0000] {dag.py:3211} INFO - Sync 1 DAGs
[2024-08-24T11:34:16.060+0000] {logging_mixin.py:190} INFO - [2024-08-24T11:34:16.060+0000] {dag.py:4138} INFO - Setting next_dagrun for latest_only to 2024-08-24 04:00:00+00:00, run_after=2024-08-24 08:00:00+00:00
[2024-08-24T11:34:16.069+0000] {processor.py:208} INFO - Processing /home/airflow/.local/lib/python3.12/site-packages/airflow/example_dags/example_latest_only.py took 0.040 seconds
[2024-08-24T11:34:46.315+0000] {processor.py:186} INFO - Started process (PID=1735) to work on /home/airflow/.local/lib/python3.12/site-packages/airflow/example_dags/example_latest_only.py
[2024-08-24T11:34:46.316+0000] {processor.py:914} INFO - Processing file /home/airflow/.local/lib/python3.12/site-packages/airflow/example_dags/example_latest_only.py for tasks to queue
[2024-08-24T11:34:46.317+0000] {logging_mixin.py:190} INFO - [2024-08-24T11:34:46.317+0000] {dagbag.py:587} INFO - Filling up the DagBag from /home/airflow/.local/lib/python3.12/site-packages/airflow/example_dags/example_latest_only.py
[2024-08-24T11:34:46.321+0000] {processor.py:925} INFO - DAG(s) 'latest_only' retrieved from /home/airflow/.local/lib/python3.12/site-packages/airflow/example_dags/example_latest_only.py
[2024-08-24T11:34:46.338+0000] {logging_mixin.py:190} INFO - [2024-08-24T11:34:46.337+0000] {dag.py:3211} INFO - Sync 1 DAGs
[2024-08-24T11:34:46.356+0000] {logging_mixin.py:190} INFO - [2024-08-24T11:34:46.356+0000] {dag.py:4138} INFO - Setting next_dagrun for latest_only to 2024-08-24 04:00:00+00:00, run_after=2024-08-24 08:00:00+00:00
[2024-08-24T11:34:46.364+0000] {processor.py:208} INFO - Processing /home/airflow/.local/lib/python3.12/site-packages/airflow/example_dags/example_latest_only.py took 0.052 seconds
[2024-08-24T11:35:16.554+0000] {processor.py:186} INFO - Started process (PID=1797) to work on /home/airflow/.local/lib/python3.12/site-packages/airflow/example_dags/example_latest_only.py
[2024-08-24T11:35:16.554+0000] {processor.py:914} INFO - Processing file /home/airflow/.local/lib/python3.12/site-packages/airflow/example_dags/example_latest_only.py for tasks to queue
[2024-08-24T11:35:16.556+0000] {logging_mixin.py:190} INFO - [2024-08-24T11:35:16.556+0000] {dagbag.py:587} INFO - Filling up the DagBag from /home/airflow/.local/lib/python3.12/site-packages/airflow/example_dags/example_latest_only.py
[2024-08-24T11:35:16.561+0000] {processor.py:925} INFO - DAG(s) 'latest_only' retrieved from /home/airflow/.local/lib/python3.12/site-packages/airflow/example_dags/example_latest_only.py
[2024-08-24T11:35:16.576+0000] {logging_mixin.py:190} INFO - [2024-08-24T11:35:16.575+0000] {dag.py:3211} INFO - Sync 1 DAGs
[2024-08-24T11:35:16.589+0000] {logging_mixin.py:190} INFO - [2024-08-24T11:35:16.589+0000] {dag.py:4138} INFO - Setting next_dagrun for latest_only to 2024-08-24 04:00:00+00:00, run_after=2024-08-24 08:00:00+00:00
[2024-08-24T11:35:16.597+0000] {processor.py:208} INFO - Processing /home/airflow/.local/lib/python3.12/site-packages/airflow/example_dags/example_latest_only.py took 0.048 seconds
[2024-08-24T11:35:46.841+0000] {processor.py:186} INFO - Started process (PID=1859) to work on /home/airflow/.local/lib/python3.12/site-packages/airflow/example_dags/example_latest_only.py
[2024-08-24T11:35:46.842+0000] {processor.py:914} INFO - Processing file /home/airflow/.local/lib/python3.12/site-packages/airflow/example_dags/example_latest_only.py for tasks to queue
[2024-08-24T11:35:46.845+0000] {logging_mixin.py:190} INFO - [2024-08-24T11:35:46.844+0000] {dagbag.py:587} INFO - Filling up the DagBag from /home/airflow/.local/lib/python3.12/site-packages/airflow/example_dags/example_latest_only.py
[2024-08-24T11:35:46.850+0000] {processor.py:925} INFO - DAG(s) 'latest_only' retrieved from /home/airflow/.local/lib/python3.12/site-packages/airflow/example_dags/example_latest_only.py
[2024-08-24T11:35:46.864+0000] {logging_mixin.py:190} INFO - [2024-08-24T11:35:46.864+0000] {dag.py:3211} INFO - Sync 1 DAGs
[2024-08-24T11:35:46.880+0000] {logging_mixin.py:190} INFO - [2024-08-24T11:35:46.880+0000] {dag.py:4138} INFO - Setting next_dagrun for latest_only to 2024-08-24 04:00:00+00:00, run_after=2024-08-24 08:00:00+00:00
[2024-08-24T11:35:46.892+0000] {processor.py:208} INFO - Processing /home/airflow/.local/lib/python3.12/site-packages/airflow/example_dags/example_latest_only.py took 0.057 seconds
[2024-08-24T11:36:17.185+0000] {processor.py:186} INFO - Started process (PID=1921) to work on /home/airflow/.local/lib/python3.12/site-packages/airflow/example_dags/example_latest_only.py
[2024-08-24T11:36:17.186+0000] {processor.py:914} INFO - Processing file /home/airflow/.local/lib/python3.12/site-packages/airflow/example_dags/example_latest_only.py for tasks to queue
[2024-08-24T11:36:17.187+0000] {logging_mixin.py:190} INFO - [2024-08-24T11:36:17.187+0000] {dagbag.py:587} INFO - Filling up the DagBag from /home/airflow/.local/lib/python3.12/site-packages/airflow/example_dags/example_latest_only.py
[2024-08-24T11:36:17.190+0000] {processor.py:925} INFO - DAG(s) 'latest_only' retrieved from /home/airflow/.local/lib/python3.12/site-packages/airflow/example_dags/example_latest_only.py
[2024-08-24T11:36:17.202+0000] {logging_mixin.py:190} INFO - [2024-08-24T11:36:17.202+0000] {dag.py:3211} INFO - Sync 1 DAGs
[2024-08-24T11:36:17.217+0000] {logging_mixin.py:190} INFO - [2024-08-24T11:36:17.217+0000] {dag.py:4138} INFO - Setting next_dagrun for latest_only to 2024-08-24 04:00:00+00:00, run_after=2024-08-24 08:00:00+00:00
[2024-08-24T11:36:17.227+0000] {processor.py:208} INFO - Processing /home/airflow/.local/lib/python3.12/site-packages/airflow/example_dags/example_latest_only.py took 0.045 seconds
[2024-08-24T11:36:47.615+0000] {processor.py:186} INFO - Started process (PID=1983) to work on /home/airflow/.local/lib/python3.12/site-packages/airflow/example_dags/example_latest_only.py
[2024-08-24T11:36:47.616+0000] {processor.py:914} INFO - Processing file /home/airflow/.local/lib/python3.12/site-packages/airflow/example_dags/example_latest_only.py for tasks to queue
[2024-08-24T11:36:47.617+0000] {logging_mixin.py:190} INFO - [2024-08-24T11:36:47.617+0000] {dagbag.py:587} INFO - Filling up the DagBag from /home/airflow/.local/lib/python3.12/site-packages/airflow/example_dags/example_latest_only.py
[2024-08-24T11:36:47.621+0000] {processor.py:925} INFO - DAG(s) 'latest_only' retrieved from /home/airflow/.local/lib/python3.12/site-packages/airflow/example_dags/example_latest_only.py
[2024-08-24T11:36:47.635+0000] {logging_mixin.py:190} INFO - [2024-08-24T11:36:47.635+0000] {dag.py:3211} INFO - Sync 1 DAGs
[2024-08-24T11:36:47.653+0000] {logging_mixin.py:190} INFO - [2024-08-24T11:36:47.653+0000] {dag.py:4138} INFO - Setting next_dagrun for latest_only to 2024-08-24 04:00:00+00:00, run_after=2024-08-24 08:00:00+00:00
[2024-08-24T11:36:47.666+0000] {processor.py:208} INFO - Processing /home/airflow/.local/lib/python3.12/site-packages/airflow/example_dags/example_latest_only.py took 0.056 seconds
[2024-08-24T11:37:17.840+0000] {processor.py:186} INFO - Started process (PID=2045) to work on /home/airflow/.local/lib/python3.12/site-packages/airflow/example_dags/example_latest_only.py
[2024-08-24T11:37:17.841+0000] {processor.py:914} INFO - Processing file /home/airflow/.local/lib/python3.12/site-packages/airflow/example_dags/example_latest_only.py for tasks to queue
[2024-08-24T11:37:17.842+0000] {logging_mixin.py:190} INFO - [2024-08-24T11:37:17.842+0000] {dagbag.py:587} INFO - Filling up the DagBag from /home/airflow/.local/lib/python3.12/site-packages/airflow/example_dags/example_latest_only.py
[2024-08-24T11:37:17.845+0000] {processor.py:925} INFO - DAG(s) 'latest_only' retrieved from /home/airflow/.local/lib/python3.12/site-packages/airflow/example_dags/example_latest_only.py
[2024-08-24T11:37:17.856+0000] {logging_mixin.py:190} INFO - [2024-08-24T11:37:17.856+0000] {dag.py:3211} INFO - Sync 1 DAGs
[2024-08-24T11:37:17.868+0000] {logging_mixin.py:190} INFO - [2024-08-24T11:37:17.868+0000] {dag.py:4138} INFO - Setting next_dagrun for latest_only to 2024-08-24 04:00:00+00:00, run_after=2024-08-24 08:00:00+00:00
[2024-08-24T11:37:17.877+0000] {processor.py:208} INFO - Processing /home/airflow/.local/lib/python3.12/site-packages/airflow/example_dags/example_latest_only.py took 0.040 seconds
[2024-08-24T11:37:48.202+0000] {processor.py:186} INFO - Started process (PID=2108) to work on /home/airflow/.local/lib/python3.12/site-packages/airflow/example_dags/example_latest_only.py
[2024-08-24T11:37:48.202+0000] {processor.py:914} INFO - Processing file /home/airflow/.local/lib/python3.12/site-packages/airflow/example_dags/example_latest_only.py for tasks to queue
[2024-08-24T11:37:48.204+0000] {logging_mixin.py:190} INFO - [2024-08-24T11:37:48.203+0000] {dagbag.py:587} INFO - Filling up the DagBag from /home/airflow/.local/lib/python3.12/site-packages/airflow/example_dags/example_latest_only.py
[2024-08-24T11:37:48.207+0000] {processor.py:925} INFO - DAG(s) 'latest_only' retrieved from /home/airflow/.local/lib/python3.12/site-packages/airflow/example_dags/example_latest_only.py
[2024-08-24T11:37:48.223+0000] {logging_mixin.py:190} INFO - [2024-08-24T11:37:48.222+0000] {dag.py:3211} INFO - Sync 1 DAGs
[2024-08-24T11:37:48.272+0000] {logging_mixin.py:190} INFO - [2024-08-24T11:37:48.272+0000] {dag.py:4138} INFO - Setting next_dagrun for latest_only to 2024-08-24 04:00:00+00:00, run_after=2024-08-24 08:00:00+00:00
[2024-08-24T11:37:48.289+0000] {processor.py:208} INFO - Processing /home/airflow/.local/lib/python3.12/site-packages/airflow/example_dags/example_latest_only.py took 0.090 seconds
[2024-08-24T11:38:18.941+0000] {processor.py:186} INFO - Started process (PID=2170) to work on /home/airflow/.local/lib/python3.12/site-packages/airflow/example_dags/example_latest_only.py
[2024-08-24T11:38:18.941+0000] {processor.py:914} INFO - Processing file /home/airflow/.local/lib/python3.12/site-packages/airflow/example_dags/example_latest_only.py for tasks to queue
[2024-08-24T11:38:18.943+0000] {logging_mixin.py:190} INFO - [2024-08-24T11:38:18.942+0000] {dagbag.py:587} INFO - Filling up the DagBag from /home/airflow/.local/lib/python3.12/site-packages/airflow/example_dags/example_latest_only.py
[2024-08-24T11:38:18.946+0000] {processor.py:925} INFO - DAG(s) 'latest_only' retrieved from /home/airflow/.local/lib/python3.12/site-packages/airflow/example_dags/example_latest_only.py
[2024-08-24T11:38:18.965+0000] {logging_mixin.py:190} INFO - [2024-08-24T11:38:18.964+0000] {dag.py:3211} INFO - Sync 1 DAGs
[2024-08-24T11:38:18.987+0000] {logging_mixin.py:190} INFO - [2024-08-24T11:38:18.987+0000] {dag.py:4138} INFO - Setting next_dagrun for latest_only to 2024-08-24 04:00:00+00:00, run_after=2024-08-24 08:00:00+00:00
[2024-08-24T11:38:18.996+0000] {processor.py:208} INFO - Processing /home/airflow/.local/lib/python3.12/site-packages/airflow/example_dags/example_latest_only.py took 0.058 seconds
[2024-08-24T11:38:49.408+0000] {processor.py:186} INFO - Started process (PID=2231) to work on /home/airflow/.local/lib/python3.12/site-packages/airflow/example_dags/example_latest_only.py
[2024-08-24T11:38:49.408+0000] {processor.py:914} INFO - Processing file /home/airflow/.local/lib/python3.12/site-packages/airflow/example_dags/example_latest_only.py for tasks to queue
[2024-08-24T11:38:49.410+0000] {logging_mixin.py:190} INFO - [2024-08-24T11:38:49.409+0000] {dagbag.py:587} INFO - Filling up the DagBag from /home/airflow/.local/lib/python3.12/site-packages/airflow/example_dags/example_latest_only.py
[2024-08-24T11:38:49.414+0000] {processor.py:925} INFO - DAG(s) 'latest_only' retrieved from /home/airflow/.local/lib/python3.12/site-packages/airflow/example_dags/example_latest_only.py
[2024-08-24T11:38:49.429+0000] {logging_mixin.py:190} INFO - [2024-08-24T11:38:49.429+0000] {dag.py:3211} INFO - Sync 1 DAGs
[2024-08-24T11:38:49.455+0000] {logging_mixin.py:190} INFO - [2024-08-24T11:38:49.455+0000] {dag.py:4138} INFO - Setting next_dagrun for latest_only to 2024-08-24 04:00:00+00:00, run_after=2024-08-24 08:00:00+00:00
[2024-08-24T11:38:49.463+0000] {processor.py:208} INFO - Processing /home/airflow/.local/lib/python3.12/site-packages/airflow/example_dags/example_latest_only.py took 0.060 seconds
[2024-08-24T11:39:19.822+0000] {processor.py:186} INFO - Started process (PID=2293) to work on /home/airflow/.local/lib/python3.12/site-packages/airflow/example_dags/example_latest_only.py
[2024-08-24T11:39:19.822+0000] {processor.py:914} INFO - Processing file /home/airflow/.local/lib/python3.12/site-packages/airflow/example_dags/example_latest_only.py for tasks to queue
[2024-08-24T11:39:19.823+0000] {logging_mixin.py:190} INFO - [2024-08-24T11:39:19.823+0000] {dagbag.py:587} INFO - Filling up the DagBag from /home/airflow/.local/lib/python3.12/site-packages/airflow/example_dags/example_latest_only.py
[2024-08-24T11:39:19.827+0000] {processor.py:925} INFO - DAG(s) 'latest_only' retrieved from /home/airflow/.local/lib/python3.12/site-packages/airflow/example_dags/example_latest_only.py
[2024-08-24T11:39:19.837+0000] {logging_mixin.py:190} INFO - [2024-08-24T11:39:19.837+0000] {dag.py:3211} INFO - Sync 1 DAGs
[2024-08-24T11:39:19.851+0000] {logging_mixin.py:190} INFO - [2024-08-24T11:39:19.851+0000] {dag.py:4138} INFO - Setting next_dagrun for latest_only to 2024-08-24 04:00:00+00:00, run_after=2024-08-24 08:00:00+00:00
[2024-08-24T11:39:19.863+0000] {processor.py:208} INFO - Processing /home/airflow/.local/lib/python3.12/site-packages/airflow/example_dags/example_latest_only.py took 0.044 seconds
[2024-08-24T11:39:50.592+0000] {processor.py:186} INFO - Started process (PID=2355) to work on /home/airflow/.local/lib/python3.12/site-packages/airflow/example_dags/example_latest_only.py
[2024-08-24T11:39:50.592+0000] {processor.py:914} INFO - Processing file /home/airflow/.local/lib/python3.12/site-packages/airflow/example_dags/example_latest_only.py for tasks to queue
[2024-08-24T11:39:50.594+0000] {logging_mixin.py:190} INFO - [2024-08-24T11:39:50.594+0000] {dagbag.py:587} INFO - Filling up the DagBag from /home/airflow/.local/lib/python3.12/site-packages/airflow/example_dags/example_latest_only.py
[2024-08-24T11:39:50.598+0000] {processor.py:925} INFO - DAG(s) 'latest_only' retrieved from /home/airflow/.local/lib/python3.12/site-packages/airflow/example_dags/example_latest_only.py
[2024-08-24T11:39:50.612+0000] {logging_mixin.py:190} INFO - [2024-08-24T11:39:50.612+0000] {dag.py:3211} INFO - Sync 1 DAGs
[2024-08-24T11:39:50.628+0000] {logging_mixin.py:190} INFO - [2024-08-24T11:39:50.628+0000] {dag.py:4138} INFO - Setting next_dagrun for latest_only to 2024-08-24 04:00:00+00:00, run_after=2024-08-24 08:00:00+00:00
[2024-08-24T11:39:50.641+0000] {processor.py:208} INFO - Processing /home/airflow/.local/lib/python3.12/site-packages/airflow/example_dags/example_latest_only.py took 0.053 seconds
[2024-08-24T11:40:21.001+0000] {processor.py:186} INFO - Started process (PID=2417) to work on /home/airflow/.local/lib/python3.12/site-packages/airflow/example_dags/example_latest_only.py
[2024-08-24T11:40:21.002+0000] {processor.py:914} INFO - Processing file /home/airflow/.local/lib/python3.12/site-packages/airflow/example_dags/example_latest_only.py for tasks to queue
[2024-08-24T11:40:21.003+0000] {logging_mixin.py:190} INFO - [2024-08-24T11:40:21.003+0000] {dagbag.py:587} INFO - Filling up the DagBag from /home/airflow/.local/lib/python3.12/site-packages/airflow/example_dags/example_latest_only.py
[2024-08-24T11:40:21.007+0000] {processor.py:925} INFO - DAG(s) 'latest_only' retrieved from /home/airflow/.local/lib/python3.12/site-packages/airflow/example_dags/example_latest_only.py
[2024-08-24T11:40:21.022+0000] {logging_mixin.py:190} INFO - [2024-08-24T11:40:21.021+0000] {dag.py:3211} INFO - Sync 1 DAGs
[2024-08-24T11:40:21.034+0000] {logging_mixin.py:190} INFO - [2024-08-24T11:40:21.033+0000] {dag.py:4138} INFO - Setting next_dagrun for latest_only to 2024-08-24 04:00:00+00:00, run_after=2024-08-24 08:00:00+00:00
[2024-08-24T11:40:21.042+0000] {processor.py:208} INFO - Processing /home/airflow/.local/lib/python3.12/site-packages/airflow/example_dags/example_latest_only.py took 0.044 seconds
[2024-08-24T11:40:51.718+0000] {processor.py:186} INFO - Started process (PID=2479) to work on /home/airflow/.local/lib/python3.12/site-packages/airflow/example_dags/example_latest_only.py
[2024-08-24T11:40:51.718+0000] {processor.py:914} INFO - Processing file /home/airflow/.local/lib/python3.12/site-packages/airflow/example_dags/example_latest_only.py for tasks to queue
[2024-08-24T11:40:51.720+0000] {logging_mixin.py:190} INFO - [2024-08-24T11:40:51.720+0000] {dagbag.py:587} INFO - Filling up the DagBag from /home/airflow/.local/lib/python3.12/site-packages/airflow/example_dags/example_latest_only.py
[2024-08-24T11:40:51.725+0000] {processor.py:925} INFO - DAG(s) 'latest_only' retrieved from /home/airflow/.local/lib/python3.12/site-packages/airflow/example_dags/example_latest_only.py
[2024-08-24T11:40:51.753+0000] {logging_mixin.py:190} INFO - [2024-08-24T11:40:51.753+0000] {dag.py:3211} INFO - Sync 1 DAGs
[2024-08-24T11:40:51.765+0000] {logging_mixin.py:190} INFO - [2024-08-24T11:40:51.765+0000] {dag.py:4138} INFO - Setting next_dagrun for latest_only to 2024-08-24 04:00:00+00:00, run_after=2024-08-24 08:00:00+00:00
[2024-08-24T11:40:51.774+0000] {processor.py:208} INFO - Processing /home/airflow/.local/lib/python3.12/site-packages/airflow/example_dags/example_latest_only.py took 0.061 seconds
[2024-08-24T11:41:22.198+0000] {processor.py:186} INFO - Started process (PID=2541) to work on /home/airflow/.local/lib/python3.12/site-packages/airflow/example_dags/example_latest_only.py
[2024-08-24T11:41:22.199+0000] {processor.py:914} INFO - Processing file /home/airflow/.local/lib/python3.12/site-packages/airflow/example_dags/example_latest_only.py for tasks to queue
[2024-08-24T11:41:22.200+0000] {logging_mixin.py:190} INFO - [2024-08-24T11:41:22.200+0000] {dagbag.py:587} INFO - Filling up the DagBag from /home/airflow/.local/lib/python3.12/site-packages/airflow/example_dags/example_latest_only.py
[2024-08-24T11:41:22.204+0000] {processor.py:925} INFO - DAG(s) 'latest_only' retrieved from /home/airflow/.local/lib/python3.12/site-packages/airflow/example_dags/example_latest_only.py
[2024-08-24T11:41:22.225+0000] {logging_mixin.py:190} INFO - [2024-08-24T11:41:22.225+0000] {dag.py:3211} INFO - Sync 1 DAGs
[2024-08-24T11:41:22.244+0000] {logging_mixin.py:190} INFO - [2024-08-24T11:41:22.244+0000] {dag.py:4138} INFO - Setting next_dagrun for latest_only to 2024-08-24 04:00:00+00:00, run_after=2024-08-24 08:00:00+00:00
[2024-08-24T11:41:22.256+0000] {processor.py:208} INFO - Processing /home/airflow/.local/lib/python3.12/site-packages/airflow/example_dags/example_latest_only.py took 0.061 seconds
[2024-08-24T11:41:52.760+0000] {processor.py:186} INFO - Started process (PID=2603) to work on /home/airflow/.local/lib/python3.12/site-packages/airflow/example_dags/example_latest_only.py
[2024-08-24T11:41:52.761+0000] {processor.py:914} INFO - Processing file /home/airflow/.local/lib/python3.12/site-packages/airflow/example_dags/example_latest_only.py for tasks to queue
[2024-08-24T11:41:52.762+0000] {logging_mixin.py:190} INFO - [2024-08-24T11:41:52.762+0000] {dagbag.py:587} INFO - Filling up the DagBag from /home/airflow/.local/lib/python3.12/site-packages/airflow/example_dags/example_latest_only.py
[2024-08-24T11:41:52.766+0000] {processor.py:925} INFO - DAG(s) 'latest_only' retrieved from /home/airflow/.local/lib/python3.12/site-packages/airflow/example_dags/example_latest_only.py
[2024-08-24T11:41:52.781+0000] {logging_mixin.py:190} INFO - [2024-08-24T11:41:52.781+0000] {dag.py:3211} INFO - Sync 1 DAGs
[2024-08-24T11:41:52.798+0000] {logging_mixin.py:190} INFO - [2024-08-24T11:41:52.798+0000] {dag.py:4138} INFO - Setting next_dagrun for latest_only to 2024-08-24 04:00:00+00:00, run_after=2024-08-24 08:00:00+00:00
[2024-08-24T11:41:52.812+0000] {processor.py:208} INFO - Processing /home/airflow/.local/lib/python3.12/site-packages/airflow/example_dags/example_latest_only.py took 0.057 seconds
[2024-08-24T11:42:23.215+0000] {processor.py:186} INFO - Started process (PID=2665) to work on /home/airflow/.local/lib/python3.12/site-packages/airflow/example_dags/example_latest_only.py
[2024-08-24T11:42:23.216+0000] {processor.py:914} INFO - Processing file /home/airflow/.local/lib/python3.12/site-packages/airflow/example_dags/example_latest_only.py for tasks to queue
[2024-08-24T11:42:23.217+0000] {logging_mixin.py:190} INFO - [2024-08-24T11:42:23.216+0000] {dagbag.py:587} INFO - Filling up the DagBag from /home/airflow/.local/lib/python3.12/site-packages/airflow/example_dags/example_latest_only.py
[2024-08-24T11:42:23.220+0000] {processor.py:925} INFO - DAG(s) 'latest_only' retrieved from /home/airflow/.local/lib/python3.12/site-packages/airflow/example_dags/example_latest_only.py
[2024-08-24T11:42:23.230+0000] {logging_mixin.py:190} INFO - [2024-08-24T11:42:23.230+0000] {dag.py:3211} INFO - Sync 1 DAGs
[2024-08-24T11:42:23.242+0000] {logging_mixin.py:190} INFO - [2024-08-24T11:42:23.242+0000] {dag.py:4138} INFO - Setting next_dagrun for latest_only to 2024-08-24 04:00:00+00:00, run_after=2024-08-24 08:00:00+00:00
[2024-08-24T11:42:23.250+0000] {processor.py:208} INFO - Processing /home/airflow/.local/lib/python3.12/site-packages/airflow/example_dags/example_latest_only.py took 0.039 seconds
[2024-08-24T11:42:53.711+0000] {processor.py:186} INFO - Started process (PID=2727) to work on /home/airflow/.local/lib/python3.12/site-packages/airflow/example_dags/example_latest_only.py
[2024-08-24T11:42:53.712+0000] {processor.py:914} INFO - Processing file /home/airflow/.local/lib/python3.12/site-packages/airflow/example_dags/example_latest_only.py for tasks to queue
[2024-08-24T11:42:53.713+0000] {logging_mixin.py:190} INFO - [2024-08-24T11:42:53.713+0000] {dagbag.py:587} INFO - Filling up the DagBag from /home/airflow/.local/lib/python3.12/site-packages/airflow/example_dags/example_latest_only.py
[2024-08-24T11:42:53.719+0000] {processor.py:925} INFO - DAG(s) 'latest_only' retrieved from /home/airflow/.local/lib/python3.12/site-packages/airflow/example_dags/example_latest_only.py
[2024-08-24T11:42:53.736+0000] {logging_mixin.py:190} INFO - [2024-08-24T11:42:53.735+0000] {dag.py:3211} INFO - Sync 1 DAGs
[2024-08-24T11:42:53.748+0000] {logging_mixin.py:190} INFO - [2024-08-24T11:42:53.748+0000] {dag.py:4138} INFO - Setting next_dagrun for latest_only to 2024-08-24 04:00:00+00:00, run_after=2024-08-24 08:00:00+00:00
[2024-08-24T11:42:53.763+0000] {processor.py:208} INFO - Processing /home/airflow/.local/lib/python3.12/site-packages/airflow/example_dags/example_latest_only.py took 0.055 seconds
[2024-08-24T11:43:24.119+0000] {processor.py:186} INFO - Started process (PID=2789) to work on /home/airflow/.local/lib/python3.12/site-packages/airflow/example_dags/example_latest_only.py
[2024-08-24T11:43:24.119+0000] {processor.py:914} INFO - Processing file /home/airflow/.local/lib/python3.12/site-packages/airflow/example_dags/example_latest_only.py for tasks to queue
[2024-08-24T11:43:24.120+0000] {logging_mixin.py:190} INFO - [2024-08-24T11:43:24.120+0000] {dagbag.py:587} INFO - Filling up the DagBag from /home/airflow/.local/lib/python3.12/site-packages/airflow/example_dags/example_latest_only.py
[2024-08-24T11:43:24.124+0000] {processor.py:925} INFO - DAG(s) 'latest_only' retrieved from /home/airflow/.local/lib/python3.12/site-packages/airflow/example_dags/example_latest_only.py
[2024-08-24T11:43:24.138+0000] {logging_mixin.py:190} INFO - [2024-08-24T11:43:24.138+0000] {dag.py:3211} INFO - Sync 1 DAGs
[2024-08-24T11:43:24.157+0000] {logging_mixin.py:190} INFO - [2024-08-24T11:43:24.156+0000] {dag.py:4138} INFO - Setting next_dagrun for latest_only to 2024-08-24 04:00:00+00:00, run_after=2024-08-24 08:00:00+00:00
[2024-08-24T11:43:24.171+0000] {processor.py:208} INFO - Processing /home/airflow/.local/lib/python3.12/site-packages/airflow/example_dags/example_latest_only.py took 0.056 seconds
[2024-08-24T11:43:54.665+0000] {processor.py:186} INFO - Started process (PID=2851) to work on /home/airflow/.local/lib/python3.12/site-packages/airflow/example_dags/example_latest_only.py
[2024-08-24T11:43:54.665+0000] {processor.py:914} INFO - Processing file /home/airflow/.local/lib/python3.12/site-packages/airflow/example_dags/example_latest_only.py for tasks to queue
[2024-08-24T11:43:54.666+0000] {logging_mixin.py:190} INFO - [2024-08-24T11:43:54.666+0000] {dagbag.py:587} INFO - Filling up the DagBag from /home/airflow/.local/lib/python3.12/site-packages/airflow/example_dags/example_latest_only.py
[2024-08-24T11:43:54.671+0000] {processor.py:925} INFO - DAG(s) 'latest_only' retrieved from /home/airflow/.local/lib/python3.12/site-packages/airflow/example_dags/example_latest_only.py
[2024-08-24T11:43:54.683+0000] {logging_mixin.py:190} INFO - [2024-08-24T11:43:54.682+0000] {dag.py:3211} INFO - Sync 1 DAGs
[2024-08-24T11:43:54.696+0000] {logging_mixin.py:190} INFO - [2024-08-24T11:43:54.696+0000] {dag.py:4138} INFO - Setting next_dagrun for latest_only to 2024-08-24 04:00:00+00:00, run_after=2024-08-24 08:00:00+00:00
[2024-08-24T11:43:54.705+0000] {processor.py:208} INFO - Processing /home/airflow/.local/lib/python3.12/site-packages/airflow/example_dags/example_latest_only.py took 0.043 seconds
[2024-08-24T11:44:25.395+0000] {processor.py:186} INFO - Started process (PID=2913) to work on /home/airflow/.local/lib/python3.12/site-packages/airflow/example_dags/example_latest_only.py
[2024-08-24T11:44:25.396+0000] {processor.py:914} INFO - Processing file /home/airflow/.local/lib/python3.12/site-packages/airflow/example_dags/example_latest_only.py for tasks to queue
[2024-08-24T11:44:25.397+0000] {logging_mixin.py:190} INFO - [2024-08-24T11:44:25.397+0000] {dagbag.py:587} INFO - Filling up the DagBag from /home/airflow/.local/lib/python3.12/site-packages/airflow/example_dags/example_latest_only.py
[2024-08-24T11:44:25.401+0000] {processor.py:925} INFO - DAG(s) 'latest_only' retrieved from /home/airflow/.local/lib/python3.12/site-packages/airflow/example_dags/example_latest_only.py
[2024-08-24T11:44:25.411+0000] {logging_mixin.py:190} INFO - [2024-08-24T11:44:25.411+0000] {dag.py:3211} INFO - Sync 1 DAGs
[2024-08-24T11:44:25.424+0000] {logging_mixin.py:190} INFO - [2024-08-24T11:44:25.423+0000] {dag.py:4138} INFO - Setting next_dagrun for latest_only to 2024-08-24 04:00:00+00:00, run_after=2024-08-24 08:00:00+00:00
[2024-08-24T11:44:25.529+0000] {processor.py:208} INFO - Processing /home/airflow/.local/lib/python3.12/site-packages/airflow/example_dags/example_latest_only.py took 0.138 seconds
[2024-08-24T11:44:55.610+0000] {processor.py:186} INFO - Started process (PID=2976) to work on /home/airflow/.local/lib/python3.12/site-packages/airflow/example_dags/example_latest_only.py
[2024-08-24T11:44:55.611+0000] {processor.py:914} INFO - Processing file /home/airflow/.local/lib/python3.12/site-packages/airflow/example_dags/example_latest_only.py for tasks to queue
[2024-08-24T11:44:55.613+0000] {logging_mixin.py:190} INFO - [2024-08-24T11:44:55.612+0000] {dagbag.py:587} INFO - Filling up the DagBag from /home/airflow/.local/lib/python3.12/site-packages/airflow/example_dags/example_latest_only.py
[2024-08-24T11:44:55.617+0000] {processor.py:925} INFO - DAG(s) 'latest_only' retrieved from /home/airflow/.local/lib/python3.12/site-packages/airflow/example_dags/example_latest_only.py
[2024-08-24T11:44:55.627+0000] {logging_mixin.py:190} INFO - [2024-08-24T11:44:55.627+0000] {dag.py:3211} INFO - Sync 1 DAGs
[2024-08-24T11:44:55.639+0000] {logging_mixin.py:190} INFO - [2024-08-24T11:44:55.639+0000] {dag.py:4138} INFO - Setting next_dagrun for latest_only to 2024-08-24 04:00:00+00:00, run_after=2024-08-24 08:00:00+00:00
[2024-08-24T11:44:55.648+0000] {processor.py:208} INFO - Processing /home/airflow/.local/lib/python3.12/site-packages/airflow/example_dags/example_latest_only.py took 0.042 seconds
[2024-08-24T11:45:26.019+0000] {processor.py:186} INFO - Started process (PID=3039) to work on /home/airflow/.local/lib/python3.12/site-packages/airflow/example_dags/example_latest_only.py
[2024-08-24T11:45:26.020+0000] {processor.py:914} INFO - Processing file /home/airflow/.local/lib/python3.12/site-packages/airflow/example_dags/example_latest_only.py for tasks to queue
[2024-08-24T11:45:26.021+0000] {logging_mixin.py:190} INFO - [2024-08-24T11:45:26.021+0000] {dagbag.py:587} INFO - Filling up the DagBag from /home/airflow/.local/lib/python3.12/site-packages/airflow/example_dags/example_latest_only.py
[2024-08-24T11:45:26.025+0000] {processor.py:925} INFO - DAG(s) 'latest_only' retrieved from /home/airflow/.local/lib/python3.12/site-packages/airflow/example_dags/example_latest_only.py
[2024-08-24T11:45:26.039+0000] {logging_mixin.py:190} INFO - [2024-08-24T11:45:26.039+0000] {dag.py:3211} INFO - Sync 1 DAGs
[2024-08-24T11:45:26.051+0000] {logging_mixin.py:190} INFO - [2024-08-24T11:45:26.051+0000] {dag.py:4138} INFO - Setting next_dagrun for latest_only to 2024-08-24 04:00:00+00:00, run_after=2024-08-24 08:00:00+00:00
[2024-08-24T11:45:26.060+0000] {processor.py:208} INFO - Processing /home/airflow/.local/lib/python3.12/site-packages/airflow/example_dags/example_latest_only.py took 0.045 seconds
[2024-08-24T11:45:56.695+0000] {processor.py:186} INFO - Started process (PID=3101) to work on /home/airflow/.local/lib/python3.12/site-packages/airflow/example_dags/example_latest_only.py
[2024-08-24T11:45:56.696+0000] {processor.py:914} INFO - Processing file /home/airflow/.local/lib/python3.12/site-packages/airflow/example_dags/example_latest_only.py for tasks to queue
[2024-08-24T11:45:56.697+0000] {logging_mixin.py:190} INFO - [2024-08-24T11:45:56.697+0000] {dagbag.py:587} INFO - Filling up the DagBag from /home/airflow/.local/lib/python3.12/site-packages/airflow/example_dags/example_latest_only.py
[2024-08-24T11:45:56.701+0000] {processor.py:925} INFO - DAG(s) 'latest_only' retrieved from /home/airflow/.local/lib/python3.12/site-packages/airflow/example_dags/example_latest_only.py
[2024-08-24T11:45:56.713+0000] {logging_mixin.py:190} INFO - [2024-08-24T11:45:56.712+0000] {dag.py:3211} INFO - Sync 1 DAGs
[2024-08-24T11:45:56.823+0000] {logging_mixin.py:190} INFO - [2024-08-24T11:45:56.823+0000] {dag.py:4138} INFO - Setting next_dagrun for latest_only to 2024-08-24 04:00:00+00:00, run_after=2024-08-24 08:00:00+00:00
[2024-08-24T11:45:56.832+0000] {processor.py:208} INFO - Processing /home/airflow/.local/lib/python3.12/site-packages/airflow/example_dags/example_latest_only.py took 0.141 seconds
[2024-08-24T11:46:26.997+0000] {processor.py:186} INFO - Started process (PID=3163) to work on /home/airflow/.local/lib/python3.12/site-packages/airflow/example_dags/example_latest_only.py
[2024-08-24T11:46:26.997+0000] {processor.py:914} INFO - Processing file /home/airflow/.local/lib/python3.12/site-packages/airflow/example_dags/example_latest_only.py for tasks to queue
[2024-08-24T11:46:26.998+0000] {logging_mixin.py:190} INFO - [2024-08-24T11:46:26.998+0000] {dagbag.py:587} INFO - Filling up the DagBag from /home/airflow/.local/lib/python3.12/site-packages/airflow/example_dags/example_latest_only.py
[2024-08-24T11:46:27.002+0000] {processor.py:925} INFO - DAG(s) 'latest_only' retrieved from /home/airflow/.local/lib/python3.12/site-packages/airflow/example_dags/example_latest_only.py
[2024-08-24T11:46:27.012+0000] {logging_mixin.py:190} INFO - [2024-08-24T11:46:27.012+0000] {dag.py:3211} INFO - Sync 1 DAGs
[2024-08-24T11:46:27.122+0000] {logging_mixin.py:190} INFO - [2024-08-24T11:46:27.121+0000] {dag.py:4138} INFO - Setting next_dagrun for latest_only to 2024-08-24 04:00:00+00:00, run_after=2024-08-24 08:00:00+00:00
[2024-08-24T11:46:27.130+0000] {processor.py:208} INFO - Processing /home/airflow/.local/lib/python3.12/site-packages/airflow/example_dags/example_latest_only.py took 0.137 seconds
[2024-08-24T11:46:57.616+0000] {processor.py:186} INFO - Started process (PID=3225) to work on /home/airflow/.local/lib/python3.12/site-packages/airflow/example_dags/example_latest_only.py
[2024-08-24T11:46:57.617+0000] {processor.py:914} INFO - Processing file /home/airflow/.local/lib/python3.12/site-packages/airflow/example_dags/example_latest_only.py for tasks to queue
[2024-08-24T11:46:57.618+0000] {logging_mixin.py:190} INFO - [2024-08-24T11:46:57.618+0000] {dagbag.py:587} INFO - Filling up the DagBag from /home/airflow/.local/lib/python3.12/site-packages/airflow/example_dags/example_latest_only.py
[2024-08-24T11:46:57.621+0000] {processor.py:925} INFO - DAG(s) 'latest_only' retrieved from /home/airflow/.local/lib/python3.12/site-packages/airflow/example_dags/example_latest_only.py
[2024-08-24T11:46:57.632+0000] {logging_mixin.py:190} INFO - [2024-08-24T11:46:57.632+0000] {dag.py:3211} INFO - Sync 1 DAGs
[2024-08-24T11:46:57.735+0000] {logging_mixin.py:190} INFO - [2024-08-24T11:46:57.735+0000] {dag.py:4138} INFO - Setting next_dagrun for latest_only to 2024-08-24 04:00:00+00:00, run_after=2024-08-24 08:00:00+00:00
[2024-08-24T11:46:57.745+0000] {processor.py:208} INFO - Processing /home/airflow/.local/lib/python3.12/site-packages/airflow/example_dags/example_latest_only.py took 0.132 seconds
[2024-08-24T11:47:28.106+0000] {processor.py:186} INFO - Started process (PID=3287) to work on /home/airflow/.local/lib/python3.12/site-packages/airflow/example_dags/example_latest_only.py
[2024-08-24T11:47:28.107+0000] {processor.py:914} INFO - Processing file /home/airflow/.local/lib/python3.12/site-packages/airflow/example_dags/example_latest_only.py for tasks to queue
[2024-08-24T11:47:28.108+0000] {logging_mixin.py:190} INFO - [2024-08-24T11:47:28.108+0000] {dagbag.py:587} INFO - Filling up the DagBag from /home/airflow/.local/lib/python3.12/site-packages/airflow/example_dags/example_latest_only.py
[2024-08-24T11:47:28.112+0000] {processor.py:925} INFO - DAG(s) 'latest_only' retrieved from /home/airflow/.local/lib/python3.12/site-packages/airflow/example_dags/example_latest_only.py
[2024-08-24T11:47:28.123+0000] {logging_mixin.py:190} INFO - [2024-08-24T11:47:28.122+0000] {dag.py:3211} INFO - Sync 1 DAGs
[2024-08-24T11:47:28.135+0000] {logging_mixin.py:190} INFO - [2024-08-24T11:47:28.135+0000] {dag.py:4138} INFO - Setting next_dagrun for latest_only to 2024-08-24 04:00:00+00:00, run_after=2024-08-24 08:00:00+00:00
[2024-08-24T11:47:28.145+0000] {processor.py:208} INFO - Processing /home/airflow/.local/lib/python3.12/site-packages/airflow/example_dags/example_latest_only.py took 0.042 seconds
[2024-08-24T11:47:58.350+0000] {processor.py:186} INFO - Started process (PID=3349) to work on /home/airflow/.local/lib/python3.12/site-packages/airflow/example_dags/example_latest_only.py
[2024-08-24T11:47:58.351+0000] {processor.py:914} INFO - Processing file /home/airflow/.local/lib/python3.12/site-packages/airflow/example_dags/example_latest_only.py for tasks to queue
[2024-08-24T11:47:58.353+0000] {logging_mixin.py:190} INFO - [2024-08-24T11:47:58.353+0000] {dagbag.py:587} INFO - Filling up the DagBag from /home/airflow/.local/lib/python3.12/site-packages/airflow/example_dags/example_latest_only.py
[2024-08-24T11:47:58.357+0000] {processor.py:925} INFO - DAG(s) 'latest_only' retrieved from /home/airflow/.local/lib/python3.12/site-packages/airflow/example_dags/example_latest_only.py
[2024-08-24T11:47:58.370+0000] {logging_mixin.py:190} INFO - [2024-08-24T11:47:58.370+0000] {dag.py:3211} INFO - Sync 1 DAGs
[2024-08-24T11:47:58.386+0000] {logging_mixin.py:190} INFO - [2024-08-24T11:47:58.386+0000] {dag.py:4138} INFO - Setting next_dagrun for latest_only to 2024-08-24 04:00:00+00:00, run_after=2024-08-24 08:00:00+00:00
[2024-08-24T11:47:58.400+0000] {processor.py:208} INFO - Processing /home/airflow/.local/lib/python3.12/site-packages/airflow/example_dags/example_latest_only.py took 0.054 seconds
[2024-08-24T11:48:28.761+0000] {processor.py:186} INFO - Started process (PID=3411) to work on /home/airflow/.local/lib/python3.12/site-packages/airflow/example_dags/example_latest_only.py
[2024-08-24T11:48:28.762+0000] {processor.py:914} INFO - Processing file /home/airflow/.local/lib/python3.12/site-packages/airflow/example_dags/example_latest_only.py for tasks to queue
[2024-08-24T11:48:28.763+0000] {logging_mixin.py:190} INFO - [2024-08-24T11:48:28.763+0000] {dagbag.py:587} INFO - Filling up the DagBag from /home/airflow/.local/lib/python3.12/site-packages/airflow/example_dags/example_latest_only.py
[2024-08-24T11:48:28.769+0000] {processor.py:925} INFO - DAG(s) 'latest_only' retrieved from /home/airflow/.local/lib/python3.12/site-packages/airflow/example_dags/example_latest_only.py
[2024-08-24T11:48:28.787+0000] {logging_mixin.py:190} INFO - [2024-08-24T11:48:28.786+0000] {dag.py:3211} INFO - Sync 1 DAGs
[2024-08-24T11:48:28.799+0000] {logging_mixin.py:190} INFO - [2024-08-24T11:48:28.799+0000] {dag.py:4138} INFO - Setting next_dagrun for latest_only to 2024-08-24 04:00:00+00:00, run_after=2024-08-24 08:00:00+00:00
[2024-08-24T11:48:28.808+0000] {processor.py:208} INFO - Processing /home/airflow/.local/lib/python3.12/site-packages/airflow/example_dags/example_latest_only.py took 0.052 seconds
[2024-08-24T11:48:58.974+0000] {processor.py:186} INFO - Started process (PID=3473) to work on /home/airflow/.local/lib/python3.12/site-packages/airflow/example_dags/example_latest_only.py
[2024-08-24T11:48:58.975+0000] {processor.py:914} INFO - Processing file /home/airflow/.local/lib/python3.12/site-packages/airflow/example_dags/example_latest_only.py for tasks to queue
[2024-08-24T11:48:58.976+0000] {logging_mixin.py:190} INFO - [2024-08-24T11:48:58.976+0000] {dagbag.py:587} INFO - Filling up the DagBag from /home/airflow/.local/lib/python3.12/site-packages/airflow/example_dags/example_latest_only.py
[2024-08-24T11:48:58.980+0000] {processor.py:925} INFO - DAG(s) 'latest_only' retrieved from /home/airflow/.local/lib/python3.12/site-packages/airflow/example_dags/example_latest_only.py
[2024-08-24T11:48:58.994+0000] {logging_mixin.py:190} INFO - [2024-08-24T11:48:58.994+0000] {dag.py:3211} INFO - Sync 1 DAGs
[2024-08-24T11:48:59.011+0000] {logging_mixin.py:190} INFO - [2024-08-24T11:48:59.010+0000] {dag.py:4138} INFO - Setting next_dagrun for latest_only to 2024-08-24 04:00:00+00:00, run_after=2024-08-24 08:00:00+00:00
[2024-08-24T11:48:59.022+0000] {processor.py:208} INFO - Processing /home/airflow/.local/lib/python3.12/site-packages/airflow/example_dags/example_latest_only.py took 0.052 seconds
[2024-08-24T11:49:29.300+0000] {processor.py:186} INFO - Started process (PID=3535) to work on /home/airflow/.local/lib/python3.12/site-packages/airflow/example_dags/example_latest_only.py
[2024-08-24T11:49:29.300+0000] {processor.py:914} INFO - Processing file /home/airflow/.local/lib/python3.12/site-packages/airflow/example_dags/example_latest_only.py for tasks to queue
[2024-08-24T11:49:29.301+0000] {logging_mixin.py:190} INFO - [2024-08-24T11:49:29.301+0000] {dagbag.py:587} INFO - Filling up the DagBag from /home/airflow/.local/lib/python3.12/site-packages/airflow/example_dags/example_latest_only.py
[2024-08-24T11:49:29.305+0000] {processor.py:925} INFO - DAG(s) 'latest_only' retrieved from /home/airflow/.local/lib/python3.12/site-packages/airflow/example_dags/example_latest_only.py
[2024-08-24T11:49:29.315+0000] {logging_mixin.py:190} INFO - [2024-08-24T11:49:29.315+0000] {dag.py:3211} INFO - Sync 1 DAGs
[2024-08-24T11:49:29.327+0000] {logging_mixin.py:190} INFO - [2024-08-24T11:49:29.327+0000] {dag.py:4138} INFO - Setting next_dagrun for latest_only to 2024-08-24 04:00:00+00:00, run_after=2024-08-24 08:00:00+00:00
[2024-08-24T11:49:29.338+0000] {processor.py:208} INFO - Processing /home/airflow/.local/lib/python3.12/site-packages/airflow/example_dags/example_latest_only.py took 0.042 seconds
[2024-08-24T11:49:59.619+0000] {processor.py:186} INFO - Started process (PID=3597) to work on /home/airflow/.local/lib/python3.12/site-packages/airflow/example_dags/example_latest_only.py
[2024-08-24T11:49:59.619+0000] {processor.py:914} INFO - Processing file /home/airflow/.local/lib/python3.12/site-packages/airflow/example_dags/example_latest_only.py for tasks to queue
[2024-08-24T11:49:59.620+0000] {logging_mixin.py:190} INFO - [2024-08-24T11:49:59.620+0000] {dagbag.py:587} INFO - Filling up the DagBag from /home/airflow/.local/lib/python3.12/site-packages/airflow/example_dags/example_latest_only.py
[2024-08-24T11:49:59.624+0000] {processor.py:925} INFO - DAG(s) 'latest_only' retrieved from /home/airflow/.local/lib/python3.12/site-packages/airflow/example_dags/example_latest_only.py
[2024-08-24T11:49:59.634+0000] {logging_mixin.py:190} INFO - [2024-08-24T11:49:59.633+0000] {dag.py:3211} INFO - Sync 1 DAGs
[2024-08-24T11:49:59.645+0000] {logging_mixin.py:190} INFO - [2024-08-24T11:49:59.645+0000] {dag.py:4138} INFO - Setting next_dagrun for latest_only to 2024-08-24 04:00:00+00:00, run_after=2024-08-24 08:00:00+00:00
[2024-08-24T11:49:59.654+0000] {processor.py:208} INFO - Processing /home/airflow/.local/lib/python3.12/site-packages/airflow/example_dags/example_latest_only.py took 0.038 seconds
[2024-08-24T11:50:29.913+0000] {processor.py:186} INFO - Started process (PID=3659) to work on /home/airflow/.local/lib/python3.12/site-packages/airflow/example_dags/example_latest_only.py
[2024-08-24T11:50:29.913+0000] {processor.py:914} INFO - Processing file /home/airflow/.local/lib/python3.12/site-packages/airflow/example_dags/example_latest_only.py for tasks to queue
[2024-08-24T11:50:29.915+0000] {logging_mixin.py:190} INFO - [2024-08-24T11:50:29.914+0000] {dagbag.py:587} INFO - Filling up the DagBag from /home/airflow/.local/lib/python3.12/site-packages/airflow/example_dags/example_latest_only.py
[2024-08-24T11:50:29.918+0000] {processor.py:925} INFO - DAG(s) 'latest_only' retrieved from /home/airflow/.local/lib/python3.12/site-packages/airflow/example_dags/example_latest_only.py
[2024-08-24T11:50:29.929+0000] {logging_mixin.py:190} INFO - [2024-08-24T11:50:29.929+0000] {dag.py:3211} INFO - Sync 1 DAGs
[2024-08-24T11:50:29.941+0000] {logging_mixin.py:190} INFO - [2024-08-24T11:50:29.940+0000] {dag.py:4138} INFO - Setting next_dagrun for latest_only to 2024-08-24 04:00:00+00:00, run_after=2024-08-24 08:00:00+00:00
[2024-08-24T11:50:29.949+0000] {processor.py:208} INFO - Processing /home/airflow/.local/lib/python3.12/site-packages/airflow/example_dags/example_latest_only.py took 0.040 seconds
[2024-08-24T11:51:00.453+0000] {processor.py:186} INFO - Started process (PID=3721) to work on /home/airflow/.local/lib/python3.12/site-packages/airflow/example_dags/example_latest_only.py
[2024-08-24T11:51:00.453+0000] {processor.py:914} INFO - Processing file /home/airflow/.local/lib/python3.12/site-packages/airflow/example_dags/example_latest_only.py for tasks to queue
[2024-08-24T11:51:00.454+0000] {logging_mixin.py:190} INFO - [2024-08-24T11:51:00.454+0000] {dagbag.py:587} INFO - Filling up the DagBag from /home/airflow/.local/lib/python3.12/site-packages/airflow/example_dags/example_latest_only.py
[2024-08-24T11:51:00.458+0000] {processor.py:925} INFO - DAG(s) 'latest_only' retrieved from /home/airflow/.local/lib/python3.12/site-packages/airflow/example_dags/example_latest_only.py
[2024-08-24T11:51:00.474+0000] {logging_mixin.py:190} INFO - [2024-08-24T11:51:00.473+0000] {dag.py:3211} INFO - Sync 1 DAGs
[2024-08-24T11:51:00.493+0000] {logging_mixin.py:190} INFO - [2024-08-24T11:51:00.493+0000] {dag.py:4138} INFO - Setting next_dagrun for latest_only to 2024-08-24 04:00:00+00:00, run_after=2024-08-24 08:00:00+00:00
[2024-08-24T11:51:00.501+0000] {processor.py:208} INFO - Processing /home/airflow/.local/lib/python3.12/site-packages/airflow/example_dags/example_latest_only.py took 0.052 seconds
[2024-08-24T11:51:30.860+0000] {processor.py:186} INFO - Started process (PID=3783) to work on /home/airflow/.local/lib/python3.12/site-packages/airflow/example_dags/example_latest_only.py
[2024-08-24T11:51:30.860+0000] {processor.py:914} INFO - Processing file /home/airflow/.local/lib/python3.12/site-packages/airflow/example_dags/example_latest_only.py for tasks to queue
[2024-08-24T11:51:30.862+0000] {logging_mixin.py:190} INFO - [2024-08-24T11:51:30.862+0000] {dagbag.py:587} INFO - Filling up the DagBag from /home/airflow/.local/lib/python3.12/site-packages/airflow/example_dags/example_latest_only.py
[2024-08-24T11:51:30.866+0000] {processor.py:925} INFO - DAG(s) 'latest_only' retrieved from /home/airflow/.local/lib/python3.12/site-packages/airflow/example_dags/example_latest_only.py
[2024-08-24T11:51:30.876+0000] {logging_mixin.py:190} INFO - [2024-08-24T11:51:30.876+0000] {dag.py:3211} INFO - Sync 1 DAGs
[2024-08-24T11:51:30.889+0000] {logging_mixin.py:190} INFO - [2024-08-24T11:51:30.889+0000] {dag.py:4138} INFO - Setting next_dagrun for latest_only to 2024-08-24 04:00:00+00:00, run_after=2024-08-24 08:00:00+00:00
[2024-08-24T11:51:30.898+0000] {processor.py:208} INFO - Processing /home/airflow/.local/lib/python3.12/site-packages/airflow/example_dags/example_latest_only.py took 0.042 seconds
[2024-08-24T11:52:01.072+0000] {processor.py:186} INFO - Started process (PID=3845) to work on /home/airflow/.local/lib/python3.12/site-packages/airflow/example_dags/example_latest_only.py
[2024-08-24T11:52:01.073+0000] {processor.py:914} INFO - Processing file /home/airflow/.local/lib/python3.12/site-packages/airflow/example_dags/example_latest_only.py for tasks to queue
[2024-08-24T11:52:01.074+0000] {logging_mixin.py:190} INFO - [2024-08-24T11:52:01.073+0000] {dagbag.py:587} INFO - Filling up the DagBag from /home/airflow/.local/lib/python3.12/site-packages/airflow/example_dags/example_latest_only.py
[2024-08-24T11:52:01.077+0000] {processor.py:925} INFO - DAG(s) 'latest_only' retrieved from /home/airflow/.local/lib/python3.12/site-packages/airflow/example_dags/example_latest_only.py
[2024-08-24T11:52:01.087+0000] {logging_mixin.py:190} INFO - [2024-08-24T11:52:01.087+0000] {dag.py:3211} INFO - Sync 1 DAGs
[2024-08-24T11:52:01.100+0000] {logging_mixin.py:190} INFO - [2024-08-24T11:52:01.100+0000] {dag.py:4138} INFO - Setting next_dagrun for latest_only to 2024-08-24 04:00:00+00:00, run_after=2024-08-24 08:00:00+00:00
[2024-08-24T11:52:01.108+0000] {processor.py:208} INFO - Processing /home/airflow/.local/lib/python3.12/site-packages/airflow/example_dags/example_latest_only.py took 0.040 seconds
[2024-08-24T11:52:31.358+0000] {processor.py:186} INFO - Started process (PID=3907) to work on /home/airflow/.local/lib/python3.12/site-packages/airflow/example_dags/example_latest_only.py
[2024-08-24T11:52:31.358+0000] {processor.py:914} INFO - Processing file /home/airflow/.local/lib/python3.12/site-packages/airflow/example_dags/example_latest_only.py for tasks to queue
[2024-08-24T11:52:31.359+0000] {logging_mixin.py:190} INFO - [2024-08-24T11:52:31.359+0000] {dagbag.py:587} INFO - Filling up the DagBag from /home/airflow/.local/lib/python3.12/site-packages/airflow/example_dags/example_latest_only.py
[2024-08-24T11:52:31.364+0000] {processor.py:925} INFO - DAG(s) 'latest_only' retrieved from /home/airflow/.local/lib/python3.12/site-packages/airflow/example_dags/example_latest_only.py
[2024-08-24T11:52:31.377+0000] {logging_mixin.py:190} INFO - [2024-08-24T11:52:31.377+0000] {dag.py:3211} INFO - Sync 1 DAGs
[2024-08-24T11:52:31.400+0000] {logging_mixin.py:190} INFO - [2024-08-24T11:52:31.400+0000] {dag.py:4138} INFO - Setting next_dagrun for latest_only to 2024-08-24 04:00:00+00:00, run_after=2024-08-24 08:00:00+00:00
[2024-08-24T11:52:31.415+0000] {processor.py:208} INFO - Processing /home/airflow/.local/lib/python3.12/site-packages/airflow/example_dags/example_latest_only.py took 0.061 seconds
[2024-08-24T11:53:01.673+0000] {processor.py:186} INFO - Started process (PID=3969) to work on /home/airflow/.local/lib/python3.12/site-packages/airflow/example_dags/example_latest_only.py
[2024-08-24T11:53:01.674+0000] {processor.py:914} INFO - Processing file /home/airflow/.local/lib/python3.12/site-packages/airflow/example_dags/example_latest_only.py for tasks to queue
[2024-08-24T11:53:01.675+0000] {logging_mixin.py:190} INFO - [2024-08-24T11:53:01.675+0000] {dagbag.py:587} INFO - Filling up the DagBag from /home/airflow/.local/lib/python3.12/site-packages/airflow/example_dags/example_latest_only.py
[2024-08-24T11:53:01.679+0000] {processor.py:925} INFO - DAG(s) 'latest_only' retrieved from /home/airflow/.local/lib/python3.12/site-packages/airflow/example_dags/example_latest_only.py
[2024-08-24T11:53:01.689+0000] {logging_mixin.py:190} INFO - [2024-08-24T11:53:01.688+0000] {dag.py:3211} INFO - Sync 1 DAGs
[2024-08-24T11:53:01.701+0000] {logging_mixin.py:190} INFO - [2024-08-24T11:53:01.701+0000] {dag.py:4138} INFO - Setting next_dagrun for latest_only to 2024-08-24 04:00:00+00:00, run_after=2024-08-24 08:00:00+00:00
[2024-08-24T11:53:01.709+0000] {processor.py:208} INFO - Processing /home/airflow/.local/lib/python3.12/site-packages/airflow/example_dags/example_latest_only.py took 0.041 seconds
[2024-08-24T11:53:32.021+0000] {processor.py:186} INFO - Started process (PID=4032) to work on /home/airflow/.local/lib/python3.12/site-packages/airflow/example_dags/example_latest_only.py
[2024-08-24T11:53:32.022+0000] {processor.py:914} INFO - Processing file /home/airflow/.local/lib/python3.12/site-packages/airflow/example_dags/example_latest_only.py for tasks to queue
[2024-08-24T11:53:32.024+0000] {logging_mixin.py:190} INFO - [2024-08-24T11:53:32.023+0000] {dagbag.py:587} INFO - Filling up the DagBag from /home/airflow/.local/lib/python3.12/site-packages/airflow/example_dags/example_latest_only.py
[2024-08-24T11:53:32.029+0000] {processor.py:925} INFO - DAG(s) 'latest_only' retrieved from /home/airflow/.local/lib/python3.12/site-packages/airflow/example_dags/example_latest_only.py
[2024-08-24T11:53:32.042+0000] {logging_mixin.py:190} INFO - [2024-08-24T11:53:32.041+0000] {dag.py:3211} INFO - Sync 1 DAGs
[2024-08-24T11:53:32.060+0000] {logging_mixin.py:190} INFO - [2024-08-24T11:53:32.060+0000] {dag.py:4138} INFO - Setting next_dagrun for latest_only to 2024-08-24 04:00:00+00:00, run_after=2024-08-24 08:00:00+00:00
[2024-08-24T11:53:32.069+0000] {processor.py:208} INFO - Processing /home/airflow/.local/lib/python3.12/site-packages/airflow/example_dags/example_latest_only.py took 0.052 seconds
[2024-08-24T11:54:02.366+0000] {processor.py:186} INFO - Started process (PID=4094) to work on /home/airflow/.local/lib/python3.12/site-packages/airflow/example_dags/example_latest_only.py
[2024-08-24T11:54:02.367+0000] {processor.py:914} INFO - Processing file /home/airflow/.local/lib/python3.12/site-packages/airflow/example_dags/example_latest_only.py for tasks to queue
[2024-08-24T11:54:02.368+0000] {logging_mixin.py:190} INFO - [2024-08-24T11:54:02.368+0000] {dagbag.py:587} INFO - Filling up the DagBag from /home/airflow/.local/lib/python3.12/site-packages/airflow/example_dags/example_latest_only.py
[2024-08-24T11:54:02.372+0000] {processor.py:925} INFO - DAG(s) 'latest_only' retrieved from /home/airflow/.local/lib/python3.12/site-packages/airflow/example_dags/example_latest_only.py
[2024-08-24T11:54:02.381+0000] {logging_mixin.py:190} INFO - [2024-08-24T11:54:02.381+0000] {dag.py:3211} INFO - Sync 1 DAGs
[2024-08-24T11:54:02.393+0000] {logging_mixin.py:190} INFO - [2024-08-24T11:54:02.393+0000] {dag.py:4138} INFO - Setting next_dagrun for latest_only to 2024-08-24 04:00:00+00:00, run_after=2024-08-24 08:00:00+00:00
[2024-08-24T11:54:02.402+0000] {processor.py:208} INFO - Processing /home/airflow/.local/lib/python3.12/site-packages/airflow/example_dags/example_latest_only.py took 0.042 seconds
[2024-08-24T11:54:32.692+0000] {processor.py:186} INFO - Started process (PID=4156) to work on /home/airflow/.local/lib/python3.12/site-packages/airflow/example_dags/example_latest_only.py
[2024-08-24T11:54:32.693+0000] {processor.py:914} INFO - Processing file /home/airflow/.local/lib/python3.12/site-packages/airflow/example_dags/example_latest_only.py for tasks to queue
[2024-08-24T11:54:32.695+0000] {logging_mixin.py:190} INFO - [2024-08-24T11:54:32.694+0000] {dagbag.py:587} INFO - Filling up the DagBag from /home/airflow/.local/lib/python3.12/site-packages/airflow/example_dags/example_latest_only.py
[2024-08-24T11:54:32.699+0000] {processor.py:925} INFO - DAG(s) 'latest_only' retrieved from /home/airflow/.local/lib/python3.12/site-packages/airflow/example_dags/example_latest_only.py
[2024-08-24T11:54:32.719+0000] {logging_mixin.py:190} INFO - [2024-08-24T11:54:32.719+0000] {dag.py:3211} INFO - Sync 1 DAGs
[2024-08-24T11:54:32.743+0000] {logging_mixin.py:190} INFO - [2024-08-24T11:54:32.743+0000] {dag.py:4138} INFO - Setting next_dagrun for latest_only to 2024-08-24 04:00:00+00:00, run_after=2024-08-24 08:00:00+00:00
[2024-08-24T11:54:32.752+0000] {processor.py:208} INFO - Processing /home/airflow/.local/lib/python3.12/site-packages/airflow/example_dags/example_latest_only.py took 0.065 seconds
[2024-08-24T11:55:03.023+0000] {processor.py:186} INFO - Started process (PID=4218) to work on /home/airflow/.local/lib/python3.12/site-packages/airflow/example_dags/example_latest_only.py
[2024-08-24T11:55:03.024+0000] {processor.py:914} INFO - Processing file /home/airflow/.local/lib/python3.12/site-packages/airflow/example_dags/example_latest_only.py for tasks to queue
[2024-08-24T11:55:03.025+0000] {logging_mixin.py:190} INFO - [2024-08-24T11:55:03.025+0000] {dagbag.py:587} INFO - Filling up the DagBag from /home/airflow/.local/lib/python3.12/site-packages/airflow/example_dags/example_latest_only.py
[2024-08-24T11:55:03.028+0000] {processor.py:925} INFO - DAG(s) 'latest_only' retrieved from /home/airflow/.local/lib/python3.12/site-packages/airflow/example_dags/example_latest_only.py
[2024-08-24T11:55:03.040+0000] {logging_mixin.py:190} INFO - [2024-08-24T11:55:03.040+0000] {dag.py:3211} INFO - Sync 1 DAGs
[2024-08-24T11:55:03.058+0000] {logging_mixin.py:190} INFO - [2024-08-24T11:55:03.058+0000] {dag.py:4138} INFO - Setting next_dagrun for latest_only to 2024-08-24 04:00:00+00:00, run_after=2024-08-24 08:00:00+00:00
[2024-08-24T11:55:03.071+0000] {processor.py:208} INFO - Processing /home/airflow/.local/lib/python3.12/site-packages/airflow/example_dags/example_latest_only.py took 0.052 seconds
[2024-08-24T11:55:33.455+0000] {processor.py:186} INFO - Started process (PID=4280) to work on /home/airflow/.local/lib/python3.12/site-packages/airflow/example_dags/example_latest_only.py
[2024-08-24T11:55:33.455+0000] {processor.py:914} INFO - Processing file /home/airflow/.local/lib/python3.12/site-packages/airflow/example_dags/example_latest_only.py for tasks to queue
[2024-08-24T11:55:33.456+0000] {logging_mixin.py:190} INFO - [2024-08-24T11:55:33.456+0000] {dagbag.py:587} INFO - Filling up the DagBag from /home/airflow/.local/lib/python3.12/site-packages/airflow/example_dags/example_latest_only.py
[2024-08-24T11:55:33.460+0000] {processor.py:925} INFO - DAG(s) 'latest_only' retrieved from /home/airflow/.local/lib/python3.12/site-packages/airflow/example_dags/example_latest_only.py
[2024-08-24T11:55:33.470+0000] {logging_mixin.py:190} INFO - [2024-08-24T11:55:33.469+0000] {dag.py:3211} INFO - Sync 1 DAGs
[2024-08-24T11:55:33.481+0000] {logging_mixin.py:190} INFO - [2024-08-24T11:55:33.481+0000] {dag.py:4138} INFO - Setting next_dagrun for latest_only to 2024-08-24 04:00:00+00:00, run_after=2024-08-24 08:00:00+00:00
[2024-08-24T11:55:33.489+0000] {processor.py:208} INFO - Processing /home/airflow/.local/lib/python3.12/site-packages/airflow/example_dags/example_latest_only.py took 0.038 seconds
[2024-08-24T11:56:03.910+0000] {processor.py:186} INFO - Started process (PID=4342) to work on /home/airflow/.local/lib/python3.12/site-packages/airflow/example_dags/example_latest_only.py
[2024-08-24T11:56:03.910+0000] {processor.py:914} INFO - Processing file /home/airflow/.local/lib/python3.12/site-packages/airflow/example_dags/example_latest_only.py for tasks to queue
[2024-08-24T11:56:03.912+0000] {logging_mixin.py:190} INFO - [2024-08-24T11:56:03.911+0000] {dagbag.py:587} INFO - Filling up the DagBag from /home/airflow/.local/lib/python3.12/site-packages/airflow/example_dags/example_latest_only.py
[2024-08-24T11:56:03.915+0000] {processor.py:925} INFO - DAG(s) 'latest_only' retrieved from /home/airflow/.local/lib/python3.12/site-packages/airflow/example_dags/example_latest_only.py
[2024-08-24T11:56:03.932+0000] {logging_mixin.py:190} INFO - [2024-08-24T11:56:03.932+0000] {dag.py:3211} INFO - Sync 1 DAGs
[2024-08-24T11:56:03.946+0000] {logging_mixin.py:190} INFO - [2024-08-24T11:56:03.946+0000] {dag.py:4138} INFO - Setting next_dagrun for latest_only to 2024-08-24 04:00:00+00:00, run_after=2024-08-24 08:00:00+00:00
[2024-08-24T11:56:03.959+0000] {processor.py:208} INFO - Processing /home/airflow/.local/lib/python3.12/site-packages/airflow/example_dags/example_latest_only.py took 0.054 seconds
