[2024-08-24T11:21:08.867+0000] {processor.py:186} INFO - Started process (PID=99) to work on /home/airflow/.local/lib/python3.12/site-packages/airflow/example_dags/example_branch_operator.py
[2024-08-24T11:21:08.867+0000] {processor.py:914} INFO - Processing file /home/airflow/.local/lib/python3.12/site-packages/airflow/example_dags/example_branch_operator.py for tasks to queue
[2024-08-24T11:21:08.869+0000] {logging_mixin.py:190} INFO - [2024-08-24T11:21:08.868+0000] {dagbag.py:587} INFO - Filling up the DagBag from /home/airflow/.local/lib/python3.12/site-packages/airflow/example_dags/example_branch_operator.py
[2024-08-24T11:21:08.878+0000] {processor.py:925} INFO - DAG(s) 'example_branch_operator' retrieved from /home/airflow/.local/lib/python3.12/site-packages/airflow/example_dags/example_branch_operator.py
[2024-08-24T11:21:08.948+0000] {logging_mixin.py:190} INFO - [2024-08-24T11:21:08.947+0000] {override.py:1858} INFO - Created Permission View: can edit on DAG:example_branch_operator
[2024-08-24T11:21:08.956+0000] {logging_mixin.py:190} INFO - [2024-08-24T11:21:08.956+0000] {override.py:1858} INFO - Created Permission View: can read on DAG:example_branch_operator
[2024-08-24T11:21:08.960+0000] {logging_mixin.py:190} INFO - [2024-08-24T11:21:08.960+0000] {override.py:1858} INFO - Created Permission View: can delete on DAG:example_branch_operator
[2024-08-24T11:21:08.960+0000] {logging_mixin.py:190} INFO - [2024-08-24T11:21:08.960+0000] {dag.py:3211} INFO - Sync 1 DAGs
[2024-08-24T11:21:08.967+0000] {logging_mixin.py:190} INFO - [2024-08-24T11:21:08.966+0000] {dag.py:3234} INFO - Creating ORM DAG for example_branch_operator
[2024-08-24T11:21:08.972+0000] {logging_mixin.py:190} INFO - [2024-08-24T11:21:08.972+0000] {dag.py:4138} INFO - Setting next_dagrun for example_branch_operator to 2024-08-23 00:00:00+00:00, run_after=2024-08-24 00:00:00+00:00
[2024-08-24T11:21:08.980+0000] {processor.py:208} INFO - Processing /home/airflow/.local/lib/python3.12/site-packages/airflow/example_dags/example_branch_operator.py took 0.117 seconds
[2024-08-24T11:21:39.232+0000] {processor.py:186} INFO - Started process (PID=161) to work on /home/airflow/.local/lib/python3.12/site-packages/airflow/example_dags/example_branch_operator.py
[2024-08-24T11:21:39.233+0000] {processor.py:914} INFO - Processing file /home/airflow/.local/lib/python3.12/site-packages/airflow/example_dags/example_branch_operator.py for tasks to queue
[2024-08-24T11:21:39.234+0000] {logging_mixin.py:190} INFO - [2024-08-24T11:21:39.234+0000] {dagbag.py:587} INFO - Filling up the DagBag from /home/airflow/.local/lib/python3.12/site-packages/airflow/example_dags/example_branch_operator.py
[2024-08-24T11:21:39.244+0000] {processor.py:925} INFO - DAG(s) 'example_branch_operator' retrieved from /home/airflow/.local/lib/python3.12/site-packages/airflow/example_dags/example_branch_operator.py
[2024-08-24T11:21:39.258+0000] {logging_mixin.py:190} INFO - [2024-08-24T11:21:39.258+0000] {dag.py:3211} INFO - Sync 1 DAGs
[2024-08-24T11:21:39.271+0000] {logging_mixin.py:190} INFO - [2024-08-24T11:21:39.271+0000] {dag.py:4138} INFO - Setting next_dagrun for example_branch_operator to 2024-08-23 00:00:00+00:00, run_after=2024-08-24 00:00:00+00:00
[2024-08-24T11:21:39.280+0000] {processor.py:208} INFO - Processing /home/airflow/.local/lib/python3.12/site-packages/airflow/example_dags/example_branch_operator.py took 0.052 seconds
[2024-08-24T11:22:09.441+0000] {processor.py:186} INFO - Started process (PID=223) to work on /home/airflow/.local/lib/python3.12/site-packages/airflow/example_dags/example_branch_operator.py
[2024-08-24T11:22:09.442+0000] {processor.py:914} INFO - Processing file /home/airflow/.local/lib/python3.12/site-packages/airflow/example_dags/example_branch_operator.py for tasks to queue
[2024-08-24T11:22:09.443+0000] {logging_mixin.py:190} INFO - [2024-08-24T11:22:09.443+0000] {dagbag.py:587} INFO - Filling up the DagBag from /home/airflow/.local/lib/python3.12/site-packages/airflow/example_dags/example_branch_operator.py
[2024-08-24T11:22:09.452+0000] {processor.py:925} INFO - DAG(s) 'example_branch_operator' retrieved from /home/airflow/.local/lib/python3.12/site-packages/airflow/example_dags/example_branch_operator.py
[2024-08-24T11:22:09.467+0000] {logging_mixin.py:190} INFO - [2024-08-24T11:22:09.467+0000] {dag.py:3211} INFO - Sync 1 DAGs
[2024-08-24T11:22:09.484+0000] {logging_mixin.py:190} INFO - [2024-08-24T11:22:09.484+0000] {dag.py:4138} INFO - Setting next_dagrun for example_branch_operator to 2024-08-23 00:00:00+00:00, run_after=2024-08-24 00:00:00+00:00
[2024-08-24T11:22:09.494+0000] {processor.py:208} INFO - Processing /home/airflow/.local/lib/python3.12/site-packages/airflow/example_dags/example_branch_operator.py took 0.055 seconds
[2024-08-24T11:22:39.578+0000] {processor.py:186} INFO - Started process (PID=285) to work on /home/airflow/.local/lib/python3.12/site-packages/airflow/example_dags/example_branch_operator.py
[2024-08-24T11:22:39.579+0000] {processor.py:914} INFO - Processing file /home/airflow/.local/lib/python3.12/site-packages/airflow/example_dags/example_branch_operator.py for tasks to queue
[2024-08-24T11:22:39.580+0000] {logging_mixin.py:190} INFO - [2024-08-24T11:22:39.580+0000] {dagbag.py:587} INFO - Filling up the DagBag from /home/airflow/.local/lib/python3.12/site-packages/airflow/example_dags/example_branch_operator.py
[2024-08-24T11:22:39.589+0000] {processor.py:925} INFO - DAG(s) 'example_branch_operator' retrieved from /home/airflow/.local/lib/python3.12/site-packages/airflow/example_dags/example_branch_operator.py
[2024-08-24T11:22:39.604+0000] {logging_mixin.py:190} INFO - [2024-08-24T11:22:39.603+0000] {dag.py:3211} INFO - Sync 1 DAGs
[2024-08-24T11:22:39.620+0000] {logging_mixin.py:190} INFO - [2024-08-24T11:22:39.619+0000] {dag.py:4138} INFO - Setting next_dagrun for example_branch_operator to 2024-08-23 00:00:00+00:00, run_after=2024-08-24 00:00:00+00:00
[2024-08-24T11:22:39.629+0000] {processor.py:208} INFO - Processing /home/airflow/.local/lib/python3.12/site-packages/airflow/example_dags/example_branch_operator.py took 0.054 seconds
[2024-08-24T11:23:09.909+0000] {processor.py:186} INFO - Started process (PID=347) to work on /home/airflow/.local/lib/python3.12/site-packages/airflow/example_dags/example_branch_operator.py
[2024-08-24T11:23:09.910+0000] {processor.py:914} INFO - Processing file /home/airflow/.local/lib/python3.12/site-packages/airflow/example_dags/example_branch_operator.py for tasks to queue
[2024-08-24T11:23:09.912+0000] {logging_mixin.py:190} INFO - [2024-08-24T11:23:09.911+0000] {dagbag.py:587} INFO - Filling up the DagBag from /home/airflow/.local/lib/python3.12/site-packages/airflow/example_dags/example_branch_operator.py
[2024-08-24T11:23:09.925+0000] {processor.py:925} INFO - DAG(s) 'example_branch_operator' retrieved from /home/airflow/.local/lib/python3.12/site-packages/airflow/example_dags/example_branch_operator.py
[2024-08-24T11:23:09.943+0000] {logging_mixin.py:190} INFO - [2024-08-24T11:23:09.943+0000] {dag.py:3211} INFO - Sync 1 DAGs
[2024-08-24T11:23:09.961+0000] {logging_mixin.py:190} INFO - [2024-08-24T11:23:09.961+0000] {dag.py:4138} INFO - Setting next_dagrun for example_branch_operator to 2024-08-23 00:00:00+00:00, run_after=2024-08-24 00:00:00+00:00
[2024-08-24T11:23:09.976+0000] {processor.py:208} INFO - Processing /home/airflow/.local/lib/python3.12/site-packages/airflow/example_dags/example_branch_operator.py took 0.071 seconds
[2024-08-24T11:23:40.153+0000] {processor.py:186} INFO - Started process (PID=409) to work on /home/airflow/.local/lib/python3.12/site-packages/airflow/example_dags/example_branch_operator.py
[2024-08-24T11:23:40.154+0000] {processor.py:914} INFO - Processing file /home/airflow/.local/lib/python3.12/site-packages/airflow/example_dags/example_branch_operator.py for tasks to queue
[2024-08-24T11:23:40.155+0000] {logging_mixin.py:190} INFO - [2024-08-24T11:23:40.155+0000] {dagbag.py:587} INFO - Filling up the DagBag from /home/airflow/.local/lib/python3.12/site-packages/airflow/example_dags/example_branch_operator.py
[2024-08-24T11:23:40.164+0000] {processor.py:925} INFO - DAG(s) 'example_branch_operator' retrieved from /home/airflow/.local/lib/python3.12/site-packages/airflow/example_dags/example_branch_operator.py
[2024-08-24T11:23:40.178+0000] {logging_mixin.py:190} INFO - [2024-08-24T11:23:40.178+0000] {dag.py:3211} INFO - Sync 1 DAGs
[2024-08-24T11:23:40.190+0000] {logging_mixin.py:190} INFO - [2024-08-24T11:23:40.190+0000] {dag.py:4138} INFO - Setting next_dagrun for example_branch_operator to 2024-08-23 00:00:00+00:00, run_after=2024-08-24 00:00:00+00:00
[2024-08-24T11:23:40.200+0000] {processor.py:208} INFO - Processing /home/airflow/.local/lib/python3.12/site-packages/airflow/example_dags/example_branch_operator.py took 0.050 seconds
[2024-08-24T11:24:10.415+0000] {processor.py:186} INFO - Started process (PID=471) to work on /home/airflow/.local/lib/python3.12/site-packages/airflow/example_dags/example_branch_operator.py
[2024-08-24T11:24:10.415+0000] {processor.py:914} INFO - Processing file /home/airflow/.local/lib/python3.12/site-packages/airflow/example_dags/example_branch_operator.py for tasks to queue
[2024-08-24T11:24:10.417+0000] {logging_mixin.py:190} INFO - [2024-08-24T11:24:10.417+0000] {dagbag.py:587} INFO - Filling up the DagBag from /home/airflow/.local/lib/python3.12/site-packages/airflow/example_dags/example_branch_operator.py
[2024-08-24T11:24:10.431+0000] {processor.py:925} INFO - DAG(s) 'example_branch_operator' retrieved from /home/airflow/.local/lib/python3.12/site-packages/airflow/example_dags/example_branch_operator.py
[2024-08-24T11:24:10.446+0000] {logging_mixin.py:190} INFO - [2024-08-24T11:24:10.446+0000] {dag.py:3211} INFO - Sync 1 DAGs
[2024-08-24T11:24:10.458+0000] {logging_mixin.py:190} INFO - [2024-08-24T11:24:10.458+0000] {dag.py:4138} INFO - Setting next_dagrun for example_branch_operator to 2024-08-23 00:00:00+00:00, run_after=2024-08-24 00:00:00+00:00
[2024-08-24T11:24:10.468+0000] {processor.py:208} INFO - Processing /home/airflow/.local/lib/python3.12/site-packages/airflow/example_dags/example_branch_operator.py took 0.057 seconds
[2024-08-24T11:24:40.617+0000] {processor.py:186} INFO - Started process (PID=533) to work on /home/airflow/.local/lib/python3.12/site-packages/airflow/example_dags/example_branch_operator.py
[2024-08-24T11:24:40.618+0000] {processor.py:914} INFO - Processing file /home/airflow/.local/lib/python3.12/site-packages/airflow/example_dags/example_branch_operator.py for tasks to queue
[2024-08-24T11:24:40.619+0000] {logging_mixin.py:190} INFO - [2024-08-24T11:24:40.619+0000] {dagbag.py:587} INFO - Filling up the DagBag from /home/airflow/.local/lib/python3.12/site-packages/airflow/example_dags/example_branch_operator.py
[2024-08-24T11:24:40.628+0000] {processor.py:925} INFO - DAG(s) 'example_branch_operator' retrieved from /home/airflow/.local/lib/python3.12/site-packages/airflow/example_dags/example_branch_operator.py
[2024-08-24T11:24:40.643+0000] {logging_mixin.py:190} INFO - [2024-08-24T11:24:40.643+0000] {dag.py:3211} INFO - Sync 1 DAGs
[2024-08-24T11:24:40.657+0000] {logging_mixin.py:190} INFO - [2024-08-24T11:24:40.657+0000] {dag.py:4138} INFO - Setting next_dagrun for example_branch_operator to 2024-08-23 00:00:00+00:00, run_after=2024-08-24 00:00:00+00:00
[2024-08-24T11:24:40.666+0000] {processor.py:208} INFO - Processing /home/airflow/.local/lib/python3.12/site-packages/airflow/example_dags/example_branch_operator.py took 0.054 seconds
[2024-08-24T11:25:10.871+0000] {processor.py:186} INFO - Started process (PID=595) to work on /home/airflow/.local/lib/python3.12/site-packages/airflow/example_dags/example_branch_operator.py
[2024-08-24T11:25:10.871+0000] {processor.py:914} INFO - Processing file /home/airflow/.local/lib/python3.12/site-packages/airflow/example_dags/example_branch_operator.py for tasks to queue
[2024-08-24T11:25:10.872+0000] {logging_mixin.py:190} INFO - [2024-08-24T11:25:10.872+0000] {dagbag.py:587} INFO - Filling up the DagBag from /home/airflow/.local/lib/python3.12/site-packages/airflow/example_dags/example_branch_operator.py
[2024-08-24T11:25:10.882+0000] {processor.py:925} INFO - DAG(s) 'example_branch_operator' retrieved from /home/airflow/.local/lib/python3.12/site-packages/airflow/example_dags/example_branch_operator.py
[2024-08-24T11:25:10.901+0000] {logging_mixin.py:190} INFO - [2024-08-24T11:25:10.901+0000] {dag.py:3211} INFO - Sync 1 DAGs
[2024-08-24T11:25:10.921+0000] {logging_mixin.py:190} INFO - [2024-08-24T11:25:10.921+0000] {dag.py:4138} INFO - Setting next_dagrun for example_branch_operator to 2024-08-23 00:00:00+00:00, run_after=2024-08-24 00:00:00+00:00
[2024-08-24T11:25:10.934+0000] {processor.py:208} INFO - Processing /home/airflow/.local/lib/python3.12/site-packages/airflow/example_dags/example_branch_operator.py took 0.066 seconds
[2024-08-24T11:25:40.969+0000] {processor.py:186} INFO - Started process (PID=657) to work on /home/airflow/.local/lib/python3.12/site-packages/airflow/example_dags/example_branch_operator.py
[2024-08-24T11:25:40.970+0000] {processor.py:914} INFO - Processing file /home/airflow/.local/lib/python3.12/site-packages/airflow/example_dags/example_branch_operator.py for tasks to queue
[2024-08-24T11:25:40.971+0000] {logging_mixin.py:190} INFO - [2024-08-24T11:25:40.971+0000] {dagbag.py:587} INFO - Filling up the DagBag from /home/airflow/.local/lib/python3.12/site-packages/airflow/example_dags/example_branch_operator.py
[2024-08-24T11:25:40.980+0000] {processor.py:925} INFO - DAG(s) 'example_branch_operator' retrieved from /home/airflow/.local/lib/python3.12/site-packages/airflow/example_dags/example_branch_operator.py
[2024-08-24T11:25:40.995+0000] {logging_mixin.py:190} INFO - [2024-08-24T11:25:40.995+0000] {dag.py:3211} INFO - Sync 1 DAGs
[2024-08-24T11:25:41.006+0000] {logging_mixin.py:190} INFO - [2024-08-24T11:25:41.006+0000] {dag.py:4138} INFO - Setting next_dagrun for example_branch_operator to 2024-08-23 00:00:00+00:00, run_after=2024-08-24 00:00:00+00:00
[2024-08-24T11:25:41.016+0000] {processor.py:208} INFO - Processing /home/airflow/.local/lib/python3.12/site-packages/airflow/example_dags/example_branch_operator.py took 0.050 seconds
[2024-08-24T11:26:11.317+0000] {processor.py:186} INFO - Started process (PID=719) to work on /home/airflow/.local/lib/python3.12/site-packages/airflow/example_dags/example_branch_operator.py
[2024-08-24T11:26:11.317+0000] {processor.py:914} INFO - Processing file /home/airflow/.local/lib/python3.12/site-packages/airflow/example_dags/example_branch_operator.py for tasks to queue
[2024-08-24T11:26:11.318+0000] {logging_mixin.py:190} INFO - [2024-08-24T11:26:11.318+0000] {dagbag.py:587} INFO - Filling up the DagBag from /home/airflow/.local/lib/python3.12/site-packages/airflow/example_dags/example_branch_operator.py
[2024-08-24T11:26:11.328+0000] {processor.py:925} INFO - DAG(s) 'example_branch_operator' retrieved from /home/airflow/.local/lib/python3.12/site-packages/airflow/example_dags/example_branch_operator.py
[2024-08-24T11:26:11.348+0000] {logging_mixin.py:190} INFO - [2024-08-24T11:26:11.348+0000] {dag.py:3211} INFO - Sync 1 DAGs
[2024-08-24T11:26:11.366+0000] {logging_mixin.py:190} INFO - [2024-08-24T11:26:11.366+0000] {dag.py:4138} INFO - Setting next_dagrun for example_branch_operator to 2024-08-23 00:00:00+00:00, run_after=2024-08-24 00:00:00+00:00
[2024-08-24T11:26:11.380+0000] {processor.py:208} INFO - Processing /home/airflow/.local/lib/python3.12/site-packages/airflow/example_dags/example_branch_operator.py took 0.068 seconds
[2024-08-24T11:26:41.503+0000] {processor.py:186} INFO - Started process (PID=782) to work on /home/airflow/.local/lib/python3.12/site-packages/airflow/example_dags/example_branch_operator.py
[2024-08-24T11:26:41.504+0000] {processor.py:914} INFO - Processing file /home/airflow/.local/lib/python3.12/site-packages/airflow/example_dags/example_branch_operator.py for tasks to queue
[2024-08-24T11:26:41.505+0000] {logging_mixin.py:190} INFO - [2024-08-24T11:26:41.505+0000] {dagbag.py:587} INFO - Filling up the DagBag from /home/airflow/.local/lib/python3.12/site-packages/airflow/example_dags/example_branch_operator.py
[2024-08-24T11:26:41.514+0000] {processor.py:925} INFO - DAG(s) 'example_branch_operator' retrieved from /home/airflow/.local/lib/python3.12/site-packages/airflow/example_dags/example_branch_operator.py
[2024-08-24T11:26:41.529+0000] {logging_mixin.py:190} INFO - [2024-08-24T11:26:41.529+0000] {dag.py:3211} INFO - Sync 1 DAGs
[2024-08-24T11:26:41.541+0000] {logging_mixin.py:190} INFO - [2024-08-24T11:26:41.541+0000] {dag.py:4138} INFO - Setting next_dagrun for example_branch_operator to 2024-08-23 00:00:00+00:00, run_after=2024-08-24 00:00:00+00:00
[2024-08-24T11:26:41.550+0000] {processor.py:208} INFO - Processing /home/airflow/.local/lib/python3.12/site-packages/airflow/example_dags/example_branch_operator.py took 0.051 seconds
[2024-08-24T11:27:11.774+0000] {processor.py:186} INFO - Started process (PID=843) to work on /home/airflow/.local/lib/python3.12/site-packages/airflow/example_dags/example_branch_operator.py
[2024-08-24T11:27:11.775+0000] {processor.py:914} INFO - Processing file /home/airflow/.local/lib/python3.12/site-packages/airflow/example_dags/example_branch_operator.py for tasks to queue
[2024-08-24T11:27:11.776+0000] {logging_mixin.py:190} INFO - [2024-08-24T11:27:11.776+0000] {dagbag.py:587} INFO - Filling up the DagBag from /home/airflow/.local/lib/python3.12/site-packages/airflow/example_dags/example_branch_operator.py
[2024-08-24T11:27:11.786+0000] {processor.py:925} INFO - DAG(s) 'example_branch_operator' retrieved from /home/airflow/.local/lib/python3.12/site-packages/airflow/example_dags/example_branch_operator.py
[2024-08-24T11:27:11.801+0000] {logging_mixin.py:190} INFO - [2024-08-24T11:27:11.801+0000] {dag.py:3211} INFO - Sync 1 DAGs
[2024-08-24T11:27:11.813+0000] {logging_mixin.py:190} INFO - [2024-08-24T11:27:11.813+0000] {dag.py:4138} INFO - Setting next_dagrun for example_branch_operator to 2024-08-23 00:00:00+00:00, run_after=2024-08-24 00:00:00+00:00
[2024-08-24T11:27:11.822+0000] {processor.py:208} INFO - Processing /home/airflow/.local/lib/python3.12/site-packages/airflow/example_dags/example_branch_operator.py took 0.051 seconds
[2024-08-24T11:27:42.071+0000] {processor.py:186} INFO - Started process (PID=905) to work on /home/airflow/.local/lib/python3.12/site-packages/airflow/example_dags/example_branch_operator.py
[2024-08-24T11:27:42.071+0000] {processor.py:914} INFO - Processing file /home/airflow/.local/lib/python3.12/site-packages/airflow/example_dags/example_branch_operator.py for tasks to queue
[2024-08-24T11:27:42.072+0000] {logging_mixin.py:190} INFO - [2024-08-24T11:27:42.072+0000] {dagbag.py:587} INFO - Filling up the DagBag from /home/airflow/.local/lib/python3.12/site-packages/airflow/example_dags/example_branch_operator.py
[2024-08-24T11:27:42.081+0000] {processor.py:925} INFO - DAG(s) 'example_branch_operator' retrieved from /home/airflow/.local/lib/python3.12/site-packages/airflow/example_dags/example_branch_operator.py
[2024-08-24T11:27:42.096+0000] {logging_mixin.py:190} INFO - [2024-08-24T11:27:42.096+0000] {dag.py:3211} INFO - Sync 1 DAGs
[2024-08-24T11:27:42.109+0000] {logging_mixin.py:190} INFO - [2024-08-24T11:27:42.109+0000] {dag.py:4138} INFO - Setting next_dagrun for example_branch_operator to 2024-08-23 00:00:00+00:00, run_after=2024-08-24 00:00:00+00:00
[2024-08-24T11:27:42.119+0000] {processor.py:208} INFO - Processing /home/airflow/.local/lib/python3.12/site-packages/airflow/example_dags/example_branch_operator.py took 0.051 seconds
[2024-08-24T11:28:13.030+0000] {processor.py:186} INFO - Started process (PID=967) to work on /home/airflow/.local/lib/python3.12/site-packages/airflow/example_dags/example_branch_operator.py
[2024-08-24T11:28:13.030+0000] {processor.py:914} INFO - Processing file /home/airflow/.local/lib/python3.12/site-packages/airflow/example_dags/example_branch_operator.py for tasks to queue
[2024-08-24T11:28:13.031+0000] {logging_mixin.py:190} INFO - [2024-08-24T11:28:13.031+0000] {dagbag.py:587} INFO - Filling up the DagBag from /home/airflow/.local/lib/python3.12/site-packages/airflow/example_dags/example_branch_operator.py
[2024-08-24T11:28:13.040+0000] {processor.py:925} INFO - DAG(s) 'example_branch_operator' retrieved from /home/airflow/.local/lib/python3.12/site-packages/airflow/example_dags/example_branch_operator.py
[2024-08-24T11:28:13.054+0000] {logging_mixin.py:190} INFO - [2024-08-24T11:28:13.054+0000] {dag.py:3211} INFO - Sync 1 DAGs
[2024-08-24T11:28:13.066+0000] {logging_mixin.py:190} INFO - [2024-08-24T11:28:13.066+0000] {dag.py:4138} INFO - Setting next_dagrun for example_branch_operator to 2024-08-23 00:00:00+00:00, run_after=2024-08-24 00:00:00+00:00
[2024-08-24T11:28:13.075+0000] {processor.py:208} INFO - Processing /home/airflow/.local/lib/python3.12/site-packages/airflow/example_dags/example_branch_operator.py took 0.048 seconds
[2024-08-24T11:28:44.065+0000] {processor.py:186} INFO - Started process (PID=1029) to work on /home/airflow/.local/lib/python3.12/site-packages/airflow/example_dags/example_branch_operator.py
[2024-08-24T11:28:44.066+0000] {processor.py:914} INFO - Processing file /home/airflow/.local/lib/python3.12/site-packages/airflow/example_dags/example_branch_operator.py for tasks to queue
[2024-08-24T11:28:44.067+0000] {logging_mixin.py:190} INFO - [2024-08-24T11:28:44.067+0000] {dagbag.py:587} INFO - Filling up the DagBag from /home/airflow/.local/lib/python3.12/site-packages/airflow/example_dags/example_branch_operator.py
[2024-08-24T11:28:44.076+0000] {processor.py:925} INFO - DAG(s) 'example_branch_operator' retrieved from /home/airflow/.local/lib/python3.12/site-packages/airflow/example_dags/example_branch_operator.py
[2024-08-24T11:28:44.092+0000] {logging_mixin.py:190} INFO - [2024-08-24T11:28:44.092+0000] {dag.py:3211} INFO - Sync 1 DAGs
[2024-08-24T11:28:44.105+0000] {logging_mixin.py:190} INFO - [2024-08-24T11:28:44.105+0000] {dag.py:4138} INFO - Setting next_dagrun for example_branch_operator to 2024-08-23 00:00:00+00:00, run_after=2024-08-24 00:00:00+00:00
[2024-08-24T11:28:44.115+0000] {processor.py:208} INFO - Processing /home/airflow/.local/lib/python3.12/site-packages/airflow/example_dags/example_branch_operator.py took 0.053 seconds
[2024-08-24T11:29:15.219+0000] {processor.py:186} INFO - Started process (PID=1091) to work on /home/airflow/.local/lib/python3.12/site-packages/airflow/example_dags/example_branch_operator.py
[2024-08-24T11:29:15.219+0000] {processor.py:914} INFO - Processing file /home/airflow/.local/lib/python3.12/site-packages/airflow/example_dags/example_branch_operator.py for tasks to queue
[2024-08-24T11:29:15.220+0000] {logging_mixin.py:190} INFO - [2024-08-24T11:29:15.220+0000] {dagbag.py:587} INFO - Filling up the DagBag from /home/airflow/.local/lib/python3.12/site-packages/airflow/example_dags/example_branch_operator.py
[2024-08-24T11:29:15.232+0000] {processor.py:925} INFO - DAG(s) 'example_branch_operator' retrieved from /home/airflow/.local/lib/python3.12/site-packages/airflow/example_dags/example_branch_operator.py
[2024-08-24T11:29:15.253+0000] {logging_mixin.py:190} INFO - [2024-08-24T11:29:15.253+0000] {dag.py:3211} INFO - Sync 1 DAGs
[2024-08-24T11:29:15.265+0000] {logging_mixin.py:190} INFO - [2024-08-24T11:29:15.265+0000] {dag.py:4138} INFO - Setting next_dagrun for example_branch_operator to 2024-08-23 00:00:00+00:00, run_after=2024-08-24 00:00:00+00:00
[2024-08-24T11:29:15.275+0000] {processor.py:208} INFO - Processing /home/airflow/.local/lib/python3.12/site-packages/airflow/example_dags/example_branch_operator.py took 0.059 seconds
[2024-08-24T11:29:45.377+0000] {processor.py:186} INFO - Started process (PID=1153) to work on /home/airflow/.local/lib/python3.12/site-packages/airflow/example_dags/example_branch_operator.py
[2024-08-24T11:29:45.377+0000] {processor.py:914} INFO - Processing file /home/airflow/.local/lib/python3.12/site-packages/airflow/example_dags/example_branch_operator.py for tasks to queue
[2024-08-24T11:29:45.379+0000] {logging_mixin.py:190} INFO - [2024-08-24T11:29:45.379+0000] {dagbag.py:587} INFO - Filling up the DagBag from /home/airflow/.local/lib/python3.12/site-packages/airflow/example_dags/example_branch_operator.py
[2024-08-24T11:29:45.394+0000] {processor.py:925} INFO - DAG(s) 'example_branch_operator' retrieved from /home/airflow/.local/lib/python3.12/site-packages/airflow/example_dags/example_branch_operator.py
[2024-08-24T11:29:45.412+0000] {logging_mixin.py:190} INFO - [2024-08-24T11:29:45.411+0000] {dag.py:3211} INFO - Sync 1 DAGs
[2024-08-24T11:29:45.427+0000] {logging_mixin.py:190} INFO - [2024-08-24T11:29:45.427+0000] {dag.py:4138} INFO - Setting next_dagrun for example_branch_operator to 2024-08-23 00:00:00+00:00, run_after=2024-08-24 00:00:00+00:00
[2024-08-24T11:29:45.436+0000] {processor.py:208} INFO - Processing /home/airflow/.local/lib/python3.12/site-packages/airflow/example_dags/example_branch_operator.py took 0.064 seconds
[2024-08-24T11:30:16.387+0000] {processor.py:186} INFO - Started process (PID=1215) to work on /home/airflow/.local/lib/python3.12/site-packages/airflow/example_dags/example_branch_operator.py
[2024-08-24T11:30:16.388+0000] {processor.py:914} INFO - Processing file /home/airflow/.local/lib/python3.12/site-packages/airflow/example_dags/example_branch_operator.py for tasks to queue
[2024-08-24T11:30:16.389+0000] {logging_mixin.py:190} INFO - [2024-08-24T11:30:16.389+0000] {dagbag.py:587} INFO - Filling up the DagBag from /home/airflow/.local/lib/python3.12/site-packages/airflow/example_dags/example_branch_operator.py
[2024-08-24T11:30:16.402+0000] {processor.py:925} INFO - DAG(s) 'example_branch_operator' retrieved from /home/airflow/.local/lib/python3.12/site-packages/airflow/example_dags/example_branch_operator.py
[2024-08-24T11:30:16.420+0000] {logging_mixin.py:190} INFO - [2024-08-24T11:30:16.419+0000] {dag.py:3211} INFO - Sync 1 DAGs
[2024-08-24T11:30:16.438+0000] {logging_mixin.py:190} INFO - [2024-08-24T11:30:16.438+0000] {dag.py:4138} INFO - Setting next_dagrun for example_branch_operator to 2024-08-23 00:00:00+00:00, run_after=2024-08-24 00:00:00+00:00
[2024-08-24T11:30:16.447+0000] {processor.py:208} INFO - Processing /home/airflow/.local/lib/python3.12/site-packages/airflow/example_dags/example_branch_operator.py took 0.065 seconds
[2024-08-24T11:30:47.413+0000] {processor.py:186} INFO - Started process (PID=1277) to work on /home/airflow/.local/lib/python3.12/site-packages/airflow/example_dags/example_branch_operator.py
[2024-08-24T11:30:47.414+0000] {processor.py:914} INFO - Processing file /home/airflow/.local/lib/python3.12/site-packages/airflow/example_dags/example_branch_operator.py for tasks to queue
[2024-08-24T11:30:47.415+0000] {logging_mixin.py:190} INFO - [2024-08-24T11:30:47.415+0000] {dagbag.py:587} INFO - Filling up the DagBag from /home/airflow/.local/lib/python3.12/site-packages/airflow/example_dags/example_branch_operator.py
[2024-08-24T11:30:47.430+0000] {processor.py:925} INFO - DAG(s) 'example_branch_operator' retrieved from /home/airflow/.local/lib/python3.12/site-packages/airflow/example_dags/example_branch_operator.py
[2024-08-24T11:30:47.447+0000] {logging_mixin.py:190} INFO - [2024-08-24T11:30:47.447+0000] {dag.py:3211} INFO - Sync 1 DAGs
[2024-08-24T11:30:47.466+0000] {logging_mixin.py:190} INFO - [2024-08-24T11:30:47.466+0000] {dag.py:4138} INFO - Setting next_dagrun for example_branch_operator to 2024-08-23 00:00:00+00:00, run_after=2024-08-24 00:00:00+00:00
[2024-08-24T11:30:47.479+0000] {processor.py:208} INFO - Processing /home/airflow/.local/lib/python3.12/site-packages/airflow/example_dags/example_branch_operator.py took 0.070 seconds
[2024-08-24T11:31:18.467+0000] {processor.py:186} INFO - Started process (PID=1339) to work on /home/airflow/.local/lib/python3.12/site-packages/airflow/example_dags/example_branch_operator.py
[2024-08-24T11:31:18.468+0000] {processor.py:914} INFO - Processing file /home/airflow/.local/lib/python3.12/site-packages/airflow/example_dags/example_branch_operator.py for tasks to queue
[2024-08-24T11:31:18.469+0000] {logging_mixin.py:190} INFO - [2024-08-24T11:31:18.469+0000] {dagbag.py:587} INFO - Filling up the DagBag from /home/airflow/.local/lib/python3.12/site-packages/airflow/example_dags/example_branch_operator.py
[2024-08-24T11:31:18.479+0000] {processor.py:925} INFO - DAG(s) 'example_branch_operator' retrieved from /home/airflow/.local/lib/python3.12/site-packages/airflow/example_dags/example_branch_operator.py
[2024-08-24T11:31:18.496+0000] {logging_mixin.py:190} INFO - [2024-08-24T11:31:18.496+0000] {dag.py:3211} INFO - Sync 1 DAGs
[2024-08-24T11:31:18.516+0000] {logging_mixin.py:190} INFO - [2024-08-24T11:31:18.516+0000] {dag.py:4138} INFO - Setting next_dagrun for example_branch_operator to 2024-08-23 00:00:00+00:00, run_after=2024-08-24 00:00:00+00:00
[2024-08-24T11:31:18.529+0000] {processor.py:208} INFO - Processing /home/airflow/.local/lib/python3.12/site-packages/airflow/example_dags/example_branch_operator.py took 0.066 seconds
[2024-08-24T11:31:49.584+0000] {processor.py:186} INFO - Started process (PID=1401) to work on /home/airflow/.local/lib/python3.12/site-packages/airflow/example_dags/example_branch_operator.py
[2024-08-24T11:31:49.584+0000] {processor.py:914} INFO - Processing file /home/airflow/.local/lib/python3.12/site-packages/airflow/example_dags/example_branch_operator.py for tasks to queue
[2024-08-24T11:31:49.586+0000] {logging_mixin.py:190} INFO - [2024-08-24T11:31:49.586+0000] {dagbag.py:587} INFO - Filling up the DagBag from /home/airflow/.local/lib/python3.12/site-packages/airflow/example_dags/example_branch_operator.py
[2024-08-24T11:31:49.599+0000] {processor.py:925} INFO - DAG(s) 'example_branch_operator' retrieved from /home/airflow/.local/lib/python3.12/site-packages/airflow/example_dags/example_branch_operator.py
[2024-08-24T11:31:49.614+0000] {logging_mixin.py:190} INFO - [2024-08-24T11:31:49.614+0000] {dag.py:3211} INFO - Sync 1 DAGs
[2024-08-24T11:31:49.626+0000] {logging_mixin.py:190} INFO - [2024-08-24T11:31:49.626+0000] {dag.py:4138} INFO - Setting next_dagrun for example_branch_operator to 2024-08-23 00:00:00+00:00, run_after=2024-08-24 00:00:00+00:00
[2024-08-24T11:31:49.636+0000] {processor.py:208} INFO - Processing /home/airflow/.local/lib/python3.12/site-packages/airflow/example_dags/example_branch_operator.py took 0.057 seconds
[2024-08-24T11:32:19.693+0000] {processor.py:186} INFO - Started process (PID=1463) to work on /home/airflow/.local/lib/python3.12/site-packages/airflow/example_dags/example_branch_operator.py
[2024-08-24T11:32:19.694+0000] {processor.py:914} INFO - Processing file /home/airflow/.local/lib/python3.12/site-packages/airflow/example_dags/example_branch_operator.py for tasks to queue
[2024-08-24T11:32:19.695+0000] {logging_mixin.py:190} INFO - [2024-08-24T11:32:19.695+0000] {dagbag.py:587} INFO - Filling up the DagBag from /home/airflow/.local/lib/python3.12/site-packages/airflow/example_dags/example_branch_operator.py
[2024-08-24T11:32:19.706+0000] {processor.py:925} INFO - DAG(s) 'example_branch_operator' retrieved from /home/airflow/.local/lib/python3.12/site-packages/airflow/example_dags/example_branch_operator.py
[2024-08-24T11:32:19.726+0000] {logging_mixin.py:190} INFO - [2024-08-24T11:32:19.726+0000] {dag.py:3211} INFO - Sync 1 DAGs
[2024-08-24T11:32:19.745+0000] {logging_mixin.py:190} INFO - [2024-08-24T11:32:19.744+0000] {dag.py:4138} INFO - Setting next_dagrun for example_branch_operator to 2024-08-23 00:00:00+00:00, run_after=2024-08-24 00:00:00+00:00
[2024-08-24T11:32:19.754+0000] {processor.py:208} INFO - Processing /home/airflow/.local/lib/python3.12/site-packages/airflow/example_dags/example_branch_operator.py took 0.066 seconds
[2024-08-24T11:32:49.980+0000] {processor.py:186} INFO - Started process (PID=1525) to work on /home/airflow/.local/lib/python3.12/site-packages/airflow/example_dags/example_branch_operator.py
[2024-08-24T11:32:49.980+0000] {processor.py:914} INFO - Processing file /home/airflow/.local/lib/python3.12/site-packages/airflow/example_dags/example_branch_operator.py for tasks to queue
[2024-08-24T11:32:49.982+0000] {logging_mixin.py:190} INFO - [2024-08-24T11:32:49.982+0000] {dagbag.py:587} INFO - Filling up the DagBag from /home/airflow/.local/lib/python3.12/site-packages/airflow/example_dags/example_branch_operator.py
[2024-08-24T11:32:49.993+0000] {processor.py:925} INFO - DAG(s) 'example_branch_operator' retrieved from /home/airflow/.local/lib/python3.12/site-packages/airflow/example_dags/example_branch_operator.py
[2024-08-24T11:32:50.010+0000] {logging_mixin.py:190} INFO - [2024-08-24T11:32:50.010+0000] {dag.py:3211} INFO - Sync 1 DAGs
[2024-08-24T11:32:50.030+0000] {logging_mixin.py:190} INFO - [2024-08-24T11:32:50.030+0000] {dag.py:4138} INFO - Setting next_dagrun for example_branch_operator to 2024-08-23 00:00:00+00:00, run_after=2024-08-24 00:00:00+00:00
[2024-08-24T11:32:50.046+0000] {processor.py:208} INFO - Processing /home/airflow/.local/lib/python3.12/site-packages/airflow/example_dags/example_branch_operator.py took 0.070 seconds
[2024-08-24T11:33:20.163+0000] {processor.py:186} INFO - Started process (PID=1587) to work on /home/airflow/.local/lib/python3.12/site-packages/airflow/example_dags/example_branch_operator.py
[2024-08-24T11:33:20.164+0000] {processor.py:914} INFO - Processing file /home/airflow/.local/lib/python3.12/site-packages/airflow/example_dags/example_branch_operator.py for tasks to queue
[2024-08-24T11:33:20.165+0000] {logging_mixin.py:190} INFO - [2024-08-24T11:33:20.165+0000] {dagbag.py:587} INFO - Filling up the DagBag from /home/airflow/.local/lib/python3.12/site-packages/airflow/example_dags/example_branch_operator.py
[2024-08-24T11:33:20.174+0000] {processor.py:925} INFO - DAG(s) 'example_branch_operator' retrieved from /home/airflow/.local/lib/python3.12/site-packages/airflow/example_dags/example_branch_operator.py
[2024-08-24T11:33:20.191+0000] {logging_mixin.py:190} INFO - [2024-08-24T11:33:20.191+0000] {dag.py:3211} INFO - Sync 1 DAGs
[2024-08-24T11:33:20.204+0000] {logging_mixin.py:190} INFO - [2024-08-24T11:33:20.204+0000] {dag.py:4138} INFO - Setting next_dagrun for example_branch_operator to 2024-08-23 00:00:00+00:00, run_after=2024-08-24 00:00:00+00:00
[2024-08-24T11:33:20.214+0000] {processor.py:208} INFO - Processing /home/airflow/.local/lib/python3.12/site-packages/airflow/example_dags/example_branch_operator.py took 0.055 seconds
[2024-08-24T11:33:50.428+0000] {processor.py:186} INFO - Started process (PID=1649) to work on /home/airflow/.local/lib/python3.12/site-packages/airflow/example_dags/example_branch_operator.py
[2024-08-24T11:33:50.428+0000] {processor.py:914} INFO - Processing file /home/airflow/.local/lib/python3.12/site-packages/airflow/example_dags/example_branch_operator.py for tasks to queue
[2024-08-24T11:33:50.429+0000] {logging_mixin.py:190} INFO - [2024-08-24T11:33:50.429+0000] {dagbag.py:587} INFO - Filling up the DagBag from /home/airflow/.local/lib/python3.12/site-packages/airflow/example_dags/example_branch_operator.py
[2024-08-24T11:33:50.440+0000] {processor.py:925} INFO - DAG(s) 'example_branch_operator' retrieved from /home/airflow/.local/lib/python3.12/site-packages/airflow/example_dags/example_branch_operator.py
[2024-08-24T11:33:50.454+0000] {logging_mixin.py:190} INFO - [2024-08-24T11:33:50.454+0000] {dag.py:3211} INFO - Sync 1 DAGs
[2024-08-24T11:33:50.466+0000] {logging_mixin.py:190} INFO - [2024-08-24T11:33:50.466+0000] {dag.py:4138} INFO - Setting next_dagrun for example_branch_operator to 2024-08-23 00:00:00+00:00, run_after=2024-08-24 00:00:00+00:00
[2024-08-24T11:33:50.476+0000] {processor.py:208} INFO - Processing /home/airflow/.local/lib/python3.12/site-packages/airflow/example_dags/example_branch_operator.py took 0.052 seconds
[2024-08-24T11:34:20.648+0000] {processor.py:186} INFO - Started process (PID=1711) to work on /home/airflow/.local/lib/python3.12/site-packages/airflow/example_dags/example_branch_operator.py
[2024-08-24T11:34:20.649+0000] {processor.py:914} INFO - Processing file /home/airflow/.local/lib/python3.12/site-packages/airflow/example_dags/example_branch_operator.py for tasks to queue
[2024-08-24T11:34:20.650+0000] {logging_mixin.py:190} INFO - [2024-08-24T11:34:20.650+0000] {dagbag.py:587} INFO - Filling up the DagBag from /home/airflow/.local/lib/python3.12/site-packages/airflow/example_dags/example_branch_operator.py
[2024-08-24T11:34:20.663+0000] {processor.py:925} INFO - DAG(s) 'example_branch_operator' retrieved from /home/airflow/.local/lib/python3.12/site-packages/airflow/example_dags/example_branch_operator.py
[2024-08-24T11:34:20.680+0000] {logging_mixin.py:190} INFO - [2024-08-24T11:34:20.680+0000] {dag.py:3211} INFO - Sync 1 DAGs
[2024-08-24T11:34:20.700+0000] {logging_mixin.py:190} INFO - [2024-08-24T11:34:20.700+0000] {dag.py:4138} INFO - Setting next_dagrun for example_branch_operator to 2024-08-23 00:00:00+00:00, run_after=2024-08-24 00:00:00+00:00
[2024-08-24T11:34:20.710+0000] {processor.py:208} INFO - Processing /home/airflow/.local/lib/python3.12/site-packages/airflow/example_dags/example_branch_operator.py took 0.065 seconds
[2024-08-24T11:34:50.856+0000] {processor.py:186} INFO - Started process (PID=1773) to work on /home/airflow/.local/lib/python3.12/site-packages/airflow/example_dags/example_branch_operator.py
[2024-08-24T11:34:50.857+0000] {processor.py:914} INFO - Processing file /home/airflow/.local/lib/python3.12/site-packages/airflow/example_dags/example_branch_operator.py for tasks to queue
[2024-08-24T11:34:50.858+0000] {logging_mixin.py:190} INFO - [2024-08-24T11:34:50.858+0000] {dagbag.py:587} INFO - Filling up the DagBag from /home/airflow/.local/lib/python3.12/site-packages/airflow/example_dags/example_branch_operator.py
[2024-08-24T11:34:50.868+0000] {processor.py:925} INFO - DAG(s) 'example_branch_operator' retrieved from /home/airflow/.local/lib/python3.12/site-packages/airflow/example_dags/example_branch_operator.py
[2024-08-24T11:34:50.883+0000] {logging_mixin.py:190} INFO - [2024-08-24T11:34:50.883+0000] {dag.py:3211} INFO - Sync 1 DAGs
[2024-08-24T11:34:50.897+0000] {logging_mixin.py:190} INFO - [2024-08-24T11:34:50.896+0000] {dag.py:4138} INFO - Setting next_dagrun for example_branch_operator to 2024-08-23 00:00:00+00:00, run_after=2024-08-24 00:00:00+00:00
[2024-08-24T11:34:50.907+0000] {processor.py:208} INFO - Processing /home/airflow/.local/lib/python3.12/site-packages/airflow/example_dags/example_branch_operator.py took 0.053 seconds
[2024-08-24T11:35:21.124+0000] {processor.py:186} INFO - Started process (PID=1835) to work on /home/airflow/.local/lib/python3.12/site-packages/airflow/example_dags/example_branch_operator.py
[2024-08-24T11:35:21.124+0000] {processor.py:914} INFO - Processing file /home/airflow/.local/lib/python3.12/site-packages/airflow/example_dags/example_branch_operator.py for tasks to queue
[2024-08-24T11:35:21.126+0000] {logging_mixin.py:190} INFO - [2024-08-24T11:35:21.125+0000] {dagbag.py:587} INFO - Filling up the DagBag from /home/airflow/.local/lib/python3.12/site-packages/airflow/example_dags/example_branch_operator.py
[2024-08-24T11:35:21.135+0000] {processor.py:925} INFO - DAG(s) 'example_branch_operator' retrieved from /home/airflow/.local/lib/python3.12/site-packages/airflow/example_dags/example_branch_operator.py
[2024-08-24T11:35:21.149+0000] {logging_mixin.py:190} INFO - [2024-08-24T11:35:21.149+0000] {dag.py:3211} INFO - Sync 1 DAGs
[2024-08-24T11:35:21.162+0000] {logging_mixin.py:190} INFO - [2024-08-24T11:35:21.161+0000] {dag.py:4138} INFO - Setting next_dagrun for example_branch_operator to 2024-08-23 00:00:00+00:00, run_after=2024-08-24 00:00:00+00:00
[2024-08-24T11:35:21.174+0000] {processor.py:208} INFO - Processing /home/airflow/.local/lib/python3.12/site-packages/airflow/example_dags/example_branch_operator.py took 0.053 seconds
[2024-08-24T11:35:51.428+0000] {processor.py:186} INFO - Started process (PID=1897) to work on /home/airflow/.local/lib/python3.12/site-packages/airflow/example_dags/example_branch_operator.py
[2024-08-24T11:35:51.429+0000] {processor.py:914} INFO - Processing file /home/airflow/.local/lib/python3.12/site-packages/airflow/example_dags/example_branch_operator.py for tasks to queue
[2024-08-24T11:35:51.431+0000] {logging_mixin.py:190} INFO - [2024-08-24T11:35:51.430+0000] {dagbag.py:587} INFO - Filling up the DagBag from /home/airflow/.local/lib/python3.12/site-packages/airflow/example_dags/example_branch_operator.py
[2024-08-24T11:35:51.441+0000] {processor.py:925} INFO - DAG(s) 'example_branch_operator' retrieved from /home/airflow/.local/lib/python3.12/site-packages/airflow/example_dags/example_branch_operator.py
[2024-08-24T11:35:51.461+0000] {logging_mixin.py:190} INFO - [2024-08-24T11:35:51.461+0000] {dag.py:3211} INFO - Sync 1 DAGs
[2024-08-24T11:35:51.481+0000] {logging_mixin.py:190} INFO - [2024-08-24T11:35:51.481+0000] {dag.py:4138} INFO - Setting next_dagrun for example_branch_operator to 2024-08-23 00:00:00+00:00, run_after=2024-08-24 00:00:00+00:00
[2024-08-24T11:35:51.496+0000] {processor.py:208} INFO - Processing /home/airflow/.local/lib/python3.12/site-packages/airflow/example_dags/example_branch_operator.py took 0.072 seconds
[2024-08-24T11:36:21.899+0000] {processor.py:186} INFO - Started process (PID=1959) to work on /home/airflow/.local/lib/python3.12/site-packages/airflow/example_dags/example_branch_operator.py
[2024-08-24T11:36:21.899+0000] {processor.py:914} INFO - Processing file /home/airflow/.local/lib/python3.12/site-packages/airflow/example_dags/example_branch_operator.py for tasks to queue
[2024-08-24T11:36:21.900+0000] {logging_mixin.py:190} INFO - [2024-08-24T11:36:21.900+0000] {dagbag.py:587} INFO - Filling up the DagBag from /home/airflow/.local/lib/python3.12/site-packages/airflow/example_dags/example_branch_operator.py
[2024-08-24T11:36:21.910+0000] {processor.py:925} INFO - DAG(s) 'example_branch_operator' retrieved from /home/airflow/.local/lib/python3.12/site-packages/airflow/example_dags/example_branch_operator.py
[2024-08-24T11:36:21.926+0000] {logging_mixin.py:190} INFO - [2024-08-24T11:36:21.926+0000] {dag.py:3211} INFO - Sync 1 DAGs
[2024-08-24T11:36:21.938+0000] {logging_mixin.py:190} INFO - [2024-08-24T11:36:21.938+0000] {dag.py:4138} INFO - Setting next_dagrun for example_branch_operator to 2024-08-23 00:00:00+00:00, run_after=2024-08-24 00:00:00+00:00
[2024-08-24T11:36:21.947+0000] {processor.py:208} INFO - Processing /home/airflow/.local/lib/python3.12/site-packages/airflow/example_dags/example_branch_operator.py took 0.051 seconds
[2024-08-24T11:36:52.124+0000] {processor.py:186} INFO - Started process (PID=2021) to work on /home/airflow/.local/lib/python3.12/site-packages/airflow/example_dags/example_branch_operator.py
[2024-08-24T11:36:52.125+0000] {processor.py:914} INFO - Processing file /home/airflow/.local/lib/python3.12/site-packages/airflow/example_dags/example_branch_operator.py for tasks to queue
[2024-08-24T11:36:52.126+0000] {logging_mixin.py:190} INFO - [2024-08-24T11:36:52.126+0000] {dagbag.py:587} INFO - Filling up the DagBag from /home/airflow/.local/lib/python3.12/site-packages/airflow/example_dags/example_branch_operator.py
[2024-08-24T11:36:52.135+0000] {processor.py:925} INFO - DAG(s) 'example_branch_operator' retrieved from /home/airflow/.local/lib/python3.12/site-packages/airflow/example_dags/example_branch_operator.py
[2024-08-24T11:36:52.150+0000] {logging_mixin.py:190} INFO - [2024-08-24T11:36:52.149+0000] {dag.py:3211} INFO - Sync 1 DAGs
[2024-08-24T11:36:52.164+0000] {logging_mixin.py:190} INFO - [2024-08-24T11:36:52.164+0000] {dag.py:4138} INFO - Setting next_dagrun for example_branch_operator to 2024-08-23 00:00:00+00:00, run_after=2024-08-24 00:00:00+00:00
[2024-08-24T11:36:52.174+0000] {processor.py:208} INFO - Processing /home/airflow/.local/lib/python3.12/site-packages/airflow/example_dags/example_branch_operator.py took 0.054 seconds
[2024-08-24T11:37:22.477+0000] {processor.py:186} INFO - Started process (PID=2083) to work on /home/airflow/.local/lib/python3.12/site-packages/airflow/example_dags/example_branch_operator.py
[2024-08-24T11:37:22.477+0000] {processor.py:914} INFO - Processing file /home/airflow/.local/lib/python3.12/site-packages/airflow/example_dags/example_branch_operator.py for tasks to queue
[2024-08-24T11:37:22.479+0000] {logging_mixin.py:190} INFO - [2024-08-24T11:37:22.479+0000] {dagbag.py:587} INFO - Filling up the DagBag from /home/airflow/.local/lib/python3.12/site-packages/airflow/example_dags/example_branch_operator.py
[2024-08-24T11:37:22.488+0000] {processor.py:925} INFO - DAG(s) 'example_branch_operator' retrieved from /home/airflow/.local/lib/python3.12/site-packages/airflow/example_dags/example_branch_operator.py
[2024-08-24T11:37:22.504+0000] {logging_mixin.py:190} INFO - [2024-08-24T11:37:22.504+0000] {dag.py:3211} INFO - Sync 1 DAGs
[2024-08-24T11:37:22.519+0000] {logging_mixin.py:190} INFO - [2024-08-24T11:37:22.519+0000] {dag.py:4138} INFO - Setting next_dagrun for example_branch_operator to 2024-08-23 00:00:00+00:00, run_after=2024-08-24 00:00:00+00:00
[2024-08-24T11:37:22.528+0000] {processor.py:208} INFO - Processing /home/airflow/.local/lib/python3.12/site-packages/airflow/example_dags/example_branch_operator.py took 0.056 seconds
[2024-08-24T11:37:53.048+0000] {processor.py:186} INFO - Started process (PID=2146) to work on /home/airflow/.local/lib/python3.12/site-packages/airflow/example_dags/example_branch_operator.py
[2024-08-24T11:37:53.049+0000] {processor.py:914} INFO - Processing file /home/airflow/.local/lib/python3.12/site-packages/airflow/example_dags/example_branch_operator.py for tasks to queue
[2024-08-24T11:37:53.050+0000] {logging_mixin.py:190} INFO - [2024-08-24T11:37:53.050+0000] {dagbag.py:587} INFO - Filling up the DagBag from /home/airflow/.local/lib/python3.12/site-packages/airflow/example_dags/example_branch_operator.py
[2024-08-24T11:37:53.059+0000] {processor.py:925} INFO - DAG(s) 'example_branch_operator' retrieved from /home/airflow/.local/lib/python3.12/site-packages/airflow/example_dags/example_branch_operator.py
[2024-08-24T11:37:53.082+0000] {logging_mixin.py:190} INFO - [2024-08-24T11:37:53.081+0000] {dag.py:3211} INFO - Sync 1 DAGs
[2024-08-24T11:37:53.106+0000] {logging_mixin.py:190} INFO - [2024-08-24T11:37:53.106+0000] {dag.py:4138} INFO - Setting next_dagrun for example_branch_operator to 2024-08-23 00:00:00+00:00, run_after=2024-08-24 00:00:00+00:00
[2024-08-24T11:37:53.119+0000] {processor.py:208} INFO - Processing /home/airflow/.local/lib/python3.12/site-packages/airflow/example_dags/example_branch_operator.py took 0.075 seconds
[2024-08-24T11:38:23.629+0000] {processor.py:186} INFO - Started process (PID=2208) to work on /home/airflow/.local/lib/python3.12/site-packages/airflow/example_dags/example_branch_operator.py
[2024-08-24T11:38:23.630+0000] {processor.py:914} INFO - Processing file /home/airflow/.local/lib/python3.12/site-packages/airflow/example_dags/example_branch_operator.py for tasks to queue
[2024-08-24T11:38:23.631+0000] {logging_mixin.py:190} INFO - [2024-08-24T11:38:23.631+0000] {dagbag.py:587} INFO - Filling up the DagBag from /home/airflow/.local/lib/python3.12/site-packages/airflow/example_dags/example_branch_operator.py
[2024-08-24T11:38:23.643+0000] {processor.py:925} INFO - DAG(s) 'example_branch_operator' retrieved from /home/airflow/.local/lib/python3.12/site-packages/airflow/example_dags/example_branch_operator.py
[2024-08-24T11:38:23.658+0000] {logging_mixin.py:190} INFO - [2024-08-24T11:38:23.658+0000] {dag.py:3211} INFO - Sync 1 DAGs
[2024-08-24T11:38:23.670+0000] {logging_mixin.py:190} INFO - [2024-08-24T11:38:23.670+0000] {dag.py:4138} INFO - Setting next_dagrun for example_branch_operator to 2024-08-23 00:00:00+00:00, run_after=2024-08-24 00:00:00+00:00
[2024-08-24T11:38:23.680+0000] {processor.py:208} INFO - Processing /home/airflow/.local/lib/python3.12/site-packages/airflow/example_dags/example_branch_operator.py took 0.058 seconds
[2024-08-24T11:38:54.044+0000] {processor.py:186} INFO - Started process (PID=2269) to work on /home/airflow/.local/lib/python3.12/site-packages/airflow/example_dags/example_branch_operator.py
[2024-08-24T11:38:54.045+0000] {processor.py:914} INFO - Processing file /home/airflow/.local/lib/python3.12/site-packages/airflow/example_dags/example_branch_operator.py for tasks to queue
[2024-08-24T11:38:54.046+0000] {logging_mixin.py:190} INFO - [2024-08-24T11:38:54.046+0000] {dagbag.py:587} INFO - Filling up the DagBag from /home/airflow/.local/lib/python3.12/site-packages/airflow/example_dags/example_branch_operator.py
[2024-08-24T11:38:54.055+0000] {processor.py:925} INFO - DAG(s) 'example_branch_operator' retrieved from /home/airflow/.local/lib/python3.12/site-packages/airflow/example_dags/example_branch_operator.py
[2024-08-24T11:38:54.074+0000] {logging_mixin.py:190} INFO - [2024-08-24T11:38:54.074+0000] {dag.py:3211} INFO - Sync 1 DAGs
[2024-08-24T11:38:54.092+0000] {logging_mixin.py:190} INFO - [2024-08-24T11:38:54.091+0000] {dag.py:4138} INFO - Setting next_dagrun for example_branch_operator to 2024-08-23 00:00:00+00:00, run_after=2024-08-24 00:00:00+00:00
[2024-08-24T11:38:54.105+0000] {processor.py:208} INFO - Processing /home/airflow/.local/lib/python3.12/site-packages/airflow/example_dags/example_branch_operator.py took 0.064 seconds
[2024-08-24T11:39:24.727+0000] {processor.py:186} INFO - Started process (PID=2331) to work on /home/airflow/.local/lib/python3.12/site-packages/airflow/example_dags/example_branch_operator.py
[2024-08-24T11:39:24.727+0000] {processor.py:914} INFO - Processing file /home/airflow/.local/lib/python3.12/site-packages/airflow/example_dags/example_branch_operator.py for tasks to queue
[2024-08-24T11:39:24.728+0000] {logging_mixin.py:190} INFO - [2024-08-24T11:39:24.728+0000] {dagbag.py:587} INFO - Filling up the DagBag from /home/airflow/.local/lib/python3.12/site-packages/airflow/example_dags/example_branch_operator.py
[2024-08-24T11:39:24.741+0000] {processor.py:925} INFO - DAG(s) 'example_branch_operator' retrieved from /home/airflow/.local/lib/python3.12/site-packages/airflow/example_dags/example_branch_operator.py
[2024-08-24T11:39:24.790+0000] {logging_mixin.py:190} INFO - [2024-08-24T11:39:24.789+0000] {dag.py:3211} INFO - Sync 1 DAGs
[2024-08-24T11:39:24.802+0000] {logging_mixin.py:190} INFO - [2024-08-24T11:39:24.802+0000] {dag.py:4138} INFO - Setting next_dagrun for example_branch_operator to 2024-08-23 00:00:00+00:00, run_after=2024-08-24 00:00:00+00:00
[2024-08-24T11:39:24.811+0000] {processor.py:208} INFO - Processing /home/airflow/.local/lib/python3.12/site-packages/airflow/example_dags/example_branch_operator.py took 0.089 seconds
[2024-08-24T11:39:55.241+0000] {processor.py:186} INFO - Started process (PID=2393) to work on /home/airflow/.local/lib/python3.12/site-packages/airflow/example_dags/example_branch_operator.py
[2024-08-24T11:39:55.241+0000] {processor.py:914} INFO - Processing file /home/airflow/.local/lib/python3.12/site-packages/airflow/example_dags/example_branch_operator.py for tasks to queue
[2024-08-24T11:39:55.242+0000] {logging_mixin.py:190} INFO - [2024-08-24T11:39:55.242+0000] {dagbag.py:587} INFO - Filling up the DagBag from /home/airflow/.local/lib/python3.12/site-packages/airflow/example_dags/example_branch_operator.py
[2024-08-24T11:39:55.251+0000] {processor.py:925} INFO - DAG(s) 'example_branch_operator' retrieved from /home/airflow/.local/lib/python3.12/site-packages/airflow/example_dags/example_branch_operator.py
[2024-08-24T11:39:55.269+0000] {logging_mixin.py:190} INFO - [2024-08-24T11:39:55.269+0000] {dag.py:3211} INFO - Sync 1 DAGs
[2024-08-24T11:39:55.290+0000] {logging_mixin.py:190} INFO - [2024-08-24T11:39:55.289+0000] {dag.py:4138} INFO - Setting next_dagrun for example_branch_operator to 2024-08-23 00:00:00+00:00, run_after=2024-08-24 00:00:00+00:00
[2024-08-24T11:39:55.300+0000] {processor.py:208} INFO - Processing /home/airflow/.local/lib/python3.12/site-packages/airflow/example_dags/example_branch_operator.py took 0.063 seconds
[2024-08-24T11:40:25.788+0000] {processor.py:186} INFO - Started process (PID=2455) to work on /home/airflow/.local/lib/python3.12/site-packages/airflow/example_dags/example_branch_operator.py
[2024-08-24T11:40:25.789+0000] {processor.py:914} INFO - Processing file /home/airflow/.local/lib/python3.12/site-packages/airflow/example_dags/example_branch_operator.py for tasks to queue
[2024-08-24T11:40:25.790+0000] {logging_mixin.py:190} INFO - [2024-08-24T11:40:25.789+0000] {dagbag.py:587} INFO - Filling up the DagBag from /home/airflow/.local/lib/python3.12/site-packages/airflow/example_dags/example_branch_operator.py
[2024-08-24T11:40:25.799+0000] {processor.py:925} INFO - DAG(s) 'example_branch_operator' retrieved from /home/airflow/.local/lib/python3.12/site-packages/airflow/example_dags/example_branch_operator.py
[2024-08-24T11:40:25.813+0000] {logging_mixin.py:190} INFO - [2024-08-24T11:40:25.813+0000] {dag.py:3211} INFO - Sync 1 DAGs
[2024-08-24T11:40:25.826+0000] {logging_mixin.py:190} INFO - [2024-08-24T11:40:25.826+0000] {dag.py:4138} INFO - Setting next_dagrun for example_branch_operator to 2024-08-23 00:00:00+00:00, run_after=2024-08-24 00:00:00+00:00
[2024-08-24T11:40:25.835+0000] {processor.py:208} INFO - Processing /home/airflow/.local/lib/python3.12/site-packages/airflow/example_dags/example_branch_operator.py took 0.051 seconds
[2024-08-24T11:40:56.463+0000] {processor.py:186} INFO - Started process (PID=2517) to work on /home/airflow/.local/lib/python3.12/site-packages/airflow/example_dags/example_branch_operator.py
[2024-08-24T11:40:56.464+0000] {processor.py:914} INFO - Processing file /home/airflow/.local/lib/python3.12/site-packages/airflow/example_dags/example_branch_operator.py for tasks to queue
[2024-08-24T11:40:56.465+0000] {logging_mixin.py:190} INFO - [2024-08-24T11:40:56.465+0000] {dagbag.py:587} INFO - Filling up the DagBag from /home/airflow/.local/lib/python3.12/site-packages/airflow/example_dags/example_branch_operator.py
[2024-08-24T11:40:56.474+0000] {processor.py:925} INFO - DAG(s) 'example_branch_operator' retrieved from /home/airflow/.local/lib/python3.12/site-packages/airflow/example_dags/example_branch_operator.py
[2024-08-24T11:40:56.491+0000] {logging_mixin.py:190} INFO - [2024-08-24T11:40:56.491+0000] {dag.py:3211} INFO - Sync 1 DAGs
[2024-08-24T11:40:56.512+0000] {logging_mixin.py:190} INFO - [2024-08-24T11:40:56.512+0000] {dag.py:4138} INFO - Setting next_dagrun for example_branch_operator to 2024-08-23 00:00:00+00:00, run_after=2024-08-24 00:00:00+00:00
[2024-08-24T11:40:56.527+0000] {processor.py:208} INFO - Processing /home/airflow/.local/lib/python3.12/site-packages/airflow/example_dags/example_branch_operator.py took 0.067 seconds
[2024-08-24T11:41:27.058+0000] {processor.py:186} INFO - Started process (PID=2579) to work on /home/airflow/.local/lib/python3.12/site-packages/airflow/example_dags/example_branch_operator.py
[2024-08-24T11:41:27.059+0000] {processor.py:914} INFO - Processing file /home/airflow/.local/lib/python3.12/site-packages/airflow/example_dags/example_branch_operator.py for tasks to queue
[2024-08-24T11:41:27.061+0000] {logging_mixin.py:190} INFO - [2024-08-24T11:41:27.061+0000] {dagbag.py:587} INFO - Filling up the DagBag from /home/airflow/.local/lib/python3.12/site-packages/airflow/example_dags/example_branch_operator.py
[2024-08-24T11:41:27.072+0000] {processor.py:925} INFO - DAG(s) 'example_branch_operator' retrieved from /home/airflow/.local/lib/python3.12/site-packages/airflow/example_dags/example_branch_operator.py
[2024-08-24T11:41:27.089+0000] {logging_mixin.py:190} INFO - [2024-08-24T11:41:27.089+0000] {dag.py:3211} INFO - Sync 1 DAGs
[2024-08-24T11:41:27.105+0000] {logging_mixin.py:190} INFO - [2024-08-24T11:41:27.105+0000] {dag.py:4138} INFO - Setting next_dagrun for example_branch_operator to 2024-08-23 00:00:00+00:00, run_after=2024-08-24 00:00:00+00:00
[2024-08-24T11:41:27.118+0000] {processor.py:208} INFO - Processing /home/airflow/.local/lib/python3.12/site-packages/airflow/example_dags/example_branch_operator.py took 0.064 seconds
[2024-08-24T11:41:57.510+0000] {processor.py:186} INFO - Started process (PID=2641) to work on /home/airflow/.local/lib/python3.12/site-packages/airflow/example_dags/example_branch_operator.py
[2024-08-24T11:41:57.511+0000] {processor.py:914} INFO - Processing file /home/airflow/.local/lib/python3.12/site-packages/airflow/example_dags/example_branch_operator.py for tasks to queue
[2024-08-24T11:41:57.512+0000] {logging_mixin.py:190} INFO - [2024-08-24T11:41:57.512+0000] {dagbag.py:587} INFO - Filling up the DagBag from /home/airflow/.local/lib/python3.12/site-packages/airflow/example_dags/example_branch_operator.py
[2024-08-24T11:41:57.521+0000] {processor.py:925} INFO - DAG(s) 'example_branch_operator' retrieved from /home/airflow/.local/lib/python3.12/site-packages/airflow/example_dags/example_branch_operator.py
[2024-08-24T11:41:57.537+0000] {logging_mixin.py:190} INFO - [2024-08-24T11:41:57.537+0000] {dag.py:3211} INFO - Sync 1 DAGs
[2024-08-24T11:41:57.549+0000] {logging_mixin.py:190} INFO - [2024-08-24T11:41:57.549+0000] {dag.py:4138} INFO - Setting next_dagrun for example_branch_operator to 2024-08-23 00:00:00+00:00, run_after=2024-08-24 00:00:00+00:00
[2024-08-24T11:41:57.558+0000] {processor.py:208} INFO - Processing /home/airflow/.local/lib/python3.12/site-packages/airflow/example_dags/example_branch_operator.py took 0.052 seconds
[2024-08-24T11:42:27.945+0000] {processor.py:186} INFO - Started process (PID=2703) to work on /home/airflow/.local/lib/python3.12/site-packages/airflow/example_dags/example_branch_operator.py
[2024-08-24T11:42:27.946+0000] {processor.py:914} INFO - Processing file /home/airflow/.local/lib/python3.12/site-packages/airflow/example_dags/example_branch_operator.py for tasks to queue
[2024-08-24T11:42:27.947+0000] {logging_mixin.py:190} INFO - [2024-08-24T11:42:27.947+0000] {dagbag.py:587} INFO - Filling up the DagBag from /home/airflow/.local/lib/python3.12/site-packages/airflow/example_dags/example_branch_operator.py
[2024-08-24T11:42:27.957+0000] {processor.py:925} INFO - DAG(s) 'example_branch_operator' retrieved from /home/airflow/.local/lib/python3.12/site-packages/airflow/example_dags/example_branch_operator.py
[2024-08-24T11:42:27.980+0000] {logging_mixin.py:190} INFO - [2024-08-24T11:42:27.980+0000] {dag.py:3211} INFO - Sync 1 DAGs
[2024-08-24T11:42:27.998+0000] {logging_mixin.py:190} INFO - [2024-08-24T11:42:27.998+0000] {dag.py:4138} INFO - Setting next_dagrun for example_branch_operator to 2024-08-23 00:00:00+00:00, run_after=2024-08-24 00:00:00+00:00
[2024-08-24T11:42:28.012+0000] {processor.py:208} INFO - Processing /home/airflow/.local/lib/python3.12/site-packages/airflow/example_dags/example_branch_operator.py took 0.071 seconds
[2024-08-24T11:42:58.380+0000] {processor.py:186} INFO - Started process (PID=2765) to work on /home/airflow/.local/lib/python3.12/site-packages/airflow/example_dags/example_branch_operator.py
[2024-08-24T11:42:58.381+0000] {processor.py:914} INFO - Processing file /home/airflow/.local/lib/python3.12/site-packages/airflow/example_dags/example_branch_operator.py for tasks to queue
[2024-08-24T11:42:58.382+0000] {logging_mixin.py:190} INFO - [2024-08-24T11:42:58.382+0000] {dagbag.py:587} INFO - Filling up the DagBag from /home/airflow/.local/lib/python3.12/site-packages/airflow/example_dags/example_branch_operator.py
[2024-08-24T11:42:58.391+0000] {processor.py:925} INFO - DAG(s) 'example_branch_operator' retrieved from /home/airflow/.local/lib/python3.12/site-packages/airflow/example_dags/example_branch_operator.py
[2024-08-24T11:42:58.406+0000] {logging_mixin.py:190} INFO - [2024-08-24T11:42:58.406+0000] {dag.py:3211} INFO - Sync 1 DAGs
[2024-08-24T11:42:58.418+0000] {logging_mixin.py:190} INFO - [2024-08-24T11:42:58.418+0000] {dag.py:4138} INFO - Setting next_dagrun for example_branch_operator to 2024-08-23 00:00:00+00:00, run_after=2024-08-24 00:00:00+00:00
[2024-08-24T11:42:58.427+0000] {processor.py:208} INFO - Processing /home/airflow/.local/lib/python3.12/site-packages/airflow/example_dags/example_branch_operator.py took 0.051 seconds
[2024-08-24T11:43:28.841+0000] {processor.py:186} INFO - Started process (PID=2827) to work on /home/airflow/.local/lib/python3.12/site-packages/airflow/example_dags/example_branch_operator.py
[2024-08-24T11:43:28.841+0000] {processor.py:914} INFO - Processing file /home/airflow/.local/lib/python3.12/site-packages/airflow/example_dags/example_branch_operator.py for tasks to queue
[2024-08-24T11:43:28.842+0000] {logging_mixin.py:190} INFO - [2024-08-24T11:43:28.842+0000] {dagbag.py:587} INFO - Filling up the DagBag from /home/airflow/.local/lib/python3.12/site-packages/airflow/example_dags/example_branch_operator.py
[2024-08-24T11:43:28.851+0000] {processor.py:925} INFO - DAG(s) 'example_branch_operator' retrieved from /home/airflow/.local/lib/python3.12/site-packages/airflow/example_dags/example_branch_operator.py
[2024-08-24T11:43:28.866+0000] {logging_mixin.py:190} INFO - [2024-08-24T11:43:28.865+0000] {dag.py:3211} INFO - Sync 1 DAGs
[2024-08-24T11:43:28.878+0000] {logging_mixin.py:190} INFO - [2024-08-24T11:43:28.878+0000] {dag.py:4138} INFO - Setting next_dagrun for example_branch_operator to 2024-08-23 00:00:00+00:00, run_after=2024-08-24 00:00:00+00:00
[2024-08-24T11:43:28.981+0000] {processor.py:208} INFO - Processing /home/airflow/.local/lib/python3.12/site-packages/airflow/example_dags/example_branch_operator.py took 0.143 seconds
[2024-08-24T11:43:59.442+0000] {processor.py:186} INFO - Started process (PID=2889) to work on /home/airflow/.local/lib/python3.12/site-packages/airflow/example_dags/example_branch_operator.py
[2024-08-24T11:43:59.442+0000] {processor.py:914} INFO - Processing file /home/airflow/.local/lib/python3.12/site-packages/airflow/example_dags/example_branch_operator.py for tasks to queue
[2024-08-24T11:43:59.444+0000] {logging_mixin.py:190} INFO - [2024-08-24T11:43:59.444+0000] {dagbag.py:587} INFO - Filling up the DagBag from /home/airflow/.local/lib/python3.12/site-packages/airflow/example_dags/example_branch_operator.py
[2024-08-24T11:43:59.459+0000] {processor.py:925} INFO - DAG(s) 'example_branch_operator' retrieved from /home/airflow/.local/lib/python3.12/site-packages/airflow/example_dags/example_branch_operator.py
[2024-08-24T11:43:59.474+0000] {logging_mixin.py:190} INFO - [2024-08-24T11:43:59.474+0000] {dag.py:3211} INFO - Sync 1 DAGs
[2024-08-24T11:43:59.485+0000] {logging_mixin.py:190} INFO - [2024-08-24T11:43:59.485+0000] {dag.py:4138} INFO - Setting next_dagrun for example_branch_operator to 2024-08-23 00:00:00+00:00, run_after=2024-08-24 00:00:00+00:00
[2024-08-24T11:43:59.494+0000] {processor.py:208} INFO - Processing /home/airflow/.local/lib/python3.12/site-packages/airflow/example_dags/example_branch_operator.py took 0.057 seconds
[2024-08-24T11:44:29.755+0000] {processor.py:186} INFO - Started process (PID=2951) to work on /home/airflow/.local/lib/python3.12/site-packages/airflow/example_dags/example_branch_operator.py
[2024-08-24T11:44:29.756+0000] {processor.py:914} INFO - Processing file /home/airflow/.local/lib/python3.12/site-packages/airflow/example_dags/example_branch_operator.py for tasks to queue
[2024-08-24T11:44:29.757+0000] {logging_mixin.py:190} INFO - [2024-08-24T11:44:29.757+0000] {dagbag.py:587} INFO - Filling up the DagBag from /home/airflow/.local/lib/python3.12/site-packages/airflow/example_dags/example_branch_operator.py
[2024-08-24T11:44:29.767+0000] {processor.py:925} INFO - DAG(s) 'example_branch_operator' retrieved from /home/airflow/.local/lib/python3.12/site-packages/airflow/example_dags/example_branch_operator.py
[2024-08-24T11:44:29.783+0000] {logging_mixin.py:190} INFO - [2024-08-24T11:44:29.783+0000] {dag.py:3211} INFO - Sync 1 DAGs
[2024-08-24T11:44:29.802+0000] {logging_mixin.py:190} INFO - [2024-08-24T11:44:29.801+0000] {dag.py:4138} INFO - Setting next_dagrun for example_branch_operator to 2024-08-23 00:00:00+00:00, run_after=2024-08-24 00:00:00+00:00
[2024-08-24T11:44:29.816+0000] {processor.py:208} INFO - Processing /home/airflow/.local/lib/python3.12/site-packages/airflow/example_dags/example_branch_operator.py took 0.065 seconds
[2024-08-24T11:45:00.806+0000] {processor.py:186} INFO - Started process (PID=3014) to work on /home/airflow/.local/lib/python3.12/site-packages/airflow/example_dags/example_branch_operator.py
[2024-08-24T11:45:00.806+0000] {processor.py:914} INFO - Processing file /home/airflow/.local/lib/python3.12/site-packages/airflow/example_dags/example_branch_operator.py for tasks to queue
[2024-08-24T11:45:00.807+0000] {logging_mixin.py:190} INFO - [2024-08-24T11:45:00.807+0000] {dagbag.py:587} INFO - Filling up the DagBag from /home/airflow/.local/lib/python3.12/site-packages/airflow/example_dags/example_branch_operator.py
[2024-08-24T11:45:00.816+0000] {processor.py:925} INFO - DAG(s) 'example_branch_operator' retrieved from /home/airflow/.local/lib/python3.12/site-packages/airflow/example_dags/example_branch_operator.py
[2024-08-24T11:45:00.831+0000] {logging_mixin.py:190} INFO - [2024-08-24T11:45:00.831+0000] {dag.py:3211} INFO - Sync 1 DAGs
[2024-08-24T11:45:00.937+0000] {logging_mixin.py:190} INFO - [2024-08-24T11:45:00.937+0000] {dag.py:4138} INFO - Setting next_dagrun for example_branch_operator to 2024-08-23 00:00:00+00:00, run_after=2024-08-24 00:00:00+00:00
[2024-08-24T11:45:00.945+0000] {processor.py:208} INFO - Processing /home/airflow/.local/lib/python3.12/site-packages/airflow/example_dags/example_branch_operator.py took 0.143 seconds
[2024-08-24T11:45:31.677+0000] {processor.py:186} INFO - Started process (PID=3077) to work on /home/airflow/.local/lib/python3.12/site-packages/airflow/example_dags/example_branch_operator.py
[2024-08-24T11:45:31.677+0000] {processor.py:914} INFO - Processing file /home/airflow/.local/lib/python3.12/site-packages/airflow/example_dags/example_branch_operator.py for tasks to queue
[2024-08-24T11:45:31.679+0000] {logging_mixin.py:190} INFO - [2024-08-24T11:45:31.679+0000] {dagbag.py:587} INFO - Filling up the DagBag from /home/airflow/.local/lib/python3.12/site-packages/airflow/example_dags/example_branch_operator.py
[2024-08-24T11:45:31.693+0000] {processor.py:925} INFO - DAG(s) 'example_branch_operator' retrieved from /home/airflow/.local/lib/python3.12/site-packages/airflow/example_dags/example_branch_operator.py
[2024-08-24T11:45:31.709+0000] {logging_mixin.py:190} INFO - [2024-08-24T11:45:31.709+0000] {dag.py:3211} INFO - Sync 1 DAGs
[2024-08-24T11:45:31.722+0000] {logging_mixin.py:190} INFO - [2024-08-24T11:45:31.722+0000] {dag.py:4138} INFO - Setting next_dagrun for example_branch_operator to 2024-08-23 00:00:00+00:00, run_after=2024-08-24 00:00:00+00:00
[2024-08-24T11:45:31.824+0000] {processor.py:208} INFO - Processing /home/airflow/.local/lib/python3.12/site-packages/airflow/example_dags/example_branch_operator.py took 0.152 seconds
[2024-08-24T11:46:01.916+0000] {processor.py:186} INFO - Started process (PID=3140) to work on /home/airflow/.local/lib/python3.12/site-packages/airflow/example_dags/example_branch_operator.py
[2024-08-24T11:46:01.916+0000] {processor.py:914} INFO - Processing file /home/airflow/.local/lib/python3.12/site-packages/airflow/example_dags/example_branch_operator.py for tasks to queue
[2024-08-24T11:46:01.917+0000] {logging_mixin.py:190} INFO - [2024-08-24T11:46:01.917+0000] {dagbag.py:587} INFO - Filling up the DagBag from /home/airflow/.local/lib/python3.12/site-packages/airflow/example_dags/example_branch_operator.py
[2024-08-24T11:46:01.926+0000] {processor.py:925} INFO - DAG(s) 'example_branch_operator' retrieved from /home/airflow/.local/lib/python3.12/site-packages/airflow/example_dags/example_branch_operator.py
[2024-08-24T11:46:01.940+0000] {logging_mixin.py:190} INFO - [2024-08-24T11:46:01.940+0000] {dag.py:3211} INFO - Sync 1 DAGs
[2024-08-24T11:46:01.952+0000] {logging_mixin.py:190} INFO - [2024-08-24T11:46:01.952+0000] {dag.py:4138} INFO - Setting next_dagrun for example_branch_operator to 2024-08-23 00:00:00+00:00, run_after=2024-08-24 00:00:00+00:00
[2024-08-24T11:46:02.051+0000] {processor.py:208} INFO - Processing /home/airflow/.local/lib/python3.12/site-packages/airflow/example_dags/example_branch_operator.py took 0.139 seconds
[2024-08-24T11:46:32.782+0000] {processor.py:186} INFO - Started process (PID=3201) to work on /home/airflow/.local/lib/python3.12/site-packages/airflow/example_dags/example_branch_operator.py
[2024-08-24T11:46:32.783+0000] {processor.py:914} INFO - Processing file /home/airflow/.local/lib/python3.12/site-packages/airflow/example_dags/example_branch_operator.py for tasks to queue
[2024-08-24T11:46:32.785+0000] {logging_mixin.py:190} INFO - [2024-08-24T11:46:32.784+0000] {dagbag.py:587} INFO - Filling up the DagBag from /home/airflow/.local/lib/python3.12/site-packages/airflow/example_dags/example_branch_operator.py
[2024-08-24T11:46:32.795+0000] {processor.py:925} INFO - DAG(s) 'example_branch_operator' retrieved from /home/airflow/.local/lib/python3.12/site-packages/airflow/example_dags/example_branch_operator.py
[2024-08-24T11:46:32.810+0000] {logging_mixin.py:190} INFO - [2024-08-24T11:46:32.810+0000] {dag.py:3211} INFO - Sync 1 DAGs
[2024-08-24T11:46:32.822+0000] {logging_mixin.py:190} INFO - [2024-08-24T11:46:32.822+0000] {dag.py:4138} INFO - Setting next_dagrun for example_branch_operator to 2024-08-23 00:00:00+00:00, run_after=2024-08-24 00:00:00+00:00
[2024-08-24T11:46:32.832+0000] {processor.py:208} INFO - Processing /home/airflow/.local/lib/python3.12/site-packages/airflow/example_dags/example_branch_operator.py took 0.054 seconds
[2024-08-24T11:47:03.857+0000] {processor.py:186} INFO - Started process (PID=3263) to work on /home/airflow/.local/lib/python3.12/site-packages/airflow/example_dags/example_branch_operator.py
[2024-08-24T11:47:03.858+0000] {processor.py:914} INFO - Processing file /home/airflow/.local/lib/python3.12/site-packages/airflow/example_dags/example_branch_operator.py for tasks to queue
[2024-08-24T11:47:03.859+0000] {logging_mixin.py:190} INFO - [2024-08-24T11:47:03.859+0000] {dagbag.py:587} INFO - Filling up the DagBag from /home/airflow/.local/lib/python3.12/site-packages/airflow/example_dags/example_branch_operator.py
[2024-08-24T11:47:03.960+0000] {processor.py:925} INFO - DAG(s) 'example_branch_operator' retrieved from /home/airflow/.local/lib/python3.12/site-packages/airflow/example_dags/example_branch_operator.py
[2024-08-24T11:47:03.976+0000] {logging_mixin.py:190} INFO - [2024-08-24T11:47:03.976+0000] {dag.py:3211} INFO - Sync 1 DAGs
[2024-08-24T11:47:03.994+0000] {logging_mixin.py:190} INFO - [2024-08-24T11:47:03.994+0000] {dag.py:4138} INFO - Setting next_dagrun for example_branch_operator to 2024-08-23 00:00:00+00:00, run_after=2024-08-24 00:00:00+00:00
[2024-08-24T11:47:04.008+0000] {processor.py:208} INFO - Processing /home/airflow/.local/lib/python3.12/site-packages/airflow/example_dags/example_branch_operator.py took 0.156 seconds
[2024-08-24T11:47:34.633+0000] {processor.py:186} INFO - Started process (PID=3325) to work on /home/airflow/.local/lib/python3.12/site-packages/airflow/example_dags/example_branch_operator.py
[2024-08-24T11:47:34.634+0000] {processor.py:914} INFO - Processing file /home/airflow/.local/lib/python3.12/site-packages/airflow/example_dags/example_branch_operator.py for tasks to queue
[2024-08-24T11:47:34.636+0000] {logging_mixin.py:190} INFO - [2024-08-24T11:47:34.635+0000] {dagbag.py:587} INFO - Filling up the DagBag from /home/airflow/.local/lib/python3.12/site-packages/airflow/example_dags/example_branch_operator.py
[2024-08-24T11:47:34.649+0000] {processor.py:925} INFO - DAG(s) 'example_branch_operator' retrieved from /home/airflow/.local/lib/python3.12/site-packages/airflow/example_dags/example_branch_operator.py
[2024-08-24T11:47:34.669+0000] {logging_mixin.py:190} INFO - [2024-08-24T11:47:34.669+0000] {dag.py:3211} INFO - Sync 1 DAGs
[2024-08-24T11:47:34.682+0000] {logging_mixin.py:190} INFO - [2024-08-24T11:47:34.682+0000] {dag.py:4138} INFO - Setting next_dagrun for example_branch_operator to 2024-08-23 00:00:00+00:00, run_after=2024-08-24 00:00:00+00:00
[2024-08-24T11:47:34.691+0000] {processor.py:208} INFO - Processing /home/airflow/.local/lib/python3.12/site-packages/airflow/example_dags/example_branch_operator.py took 0.062 seconds
[2024-08-24T11:48:04.997+0000] {processor.py:186} INFO - Started process (PID=3387) to work on /home/airflow/.local/lib/python3.12/site-packages/airflow/example_dags/example_branch_operator.py
[2024-08-24T11:48:04.998+0000] {processor.py:914} INFO - Processing file /home/airflow/.local/lib/python3.12/site-packages/airflow/example_dags/example_branch_operator.py for tasks to queue
[2024-08-24T11:48:05.000+0000] {logging_mixin.py:190} INFO - [2024-08-24T11:48:05.000+0000] {dagbag.py:587} INFO - Filling up the DagBag from /home/airflow/.local/lib/python3.12/site-packages/airflow/example_dags/example_branch_operator.py
[2024-08-24T11:48:05.014+0000] {processor.py:925} INFO - DAG(s) 'example_branch_operator' retrieved from /home/airflow/.local/lib/python3.12/site-packages/airflow/example_dags/example_branch_operator.py
[2024-08-24T11:48:05.035+0000] {logging_mixin.py:190} INFO - [2024-08-24T11:48:05.035+0000] {dag.py:3211} INFO - Sync 1 DAGs
[2024-08-24T11:48:05.047+0000] {logging_mixin.py:190} INFO - [2024-08-24T11:48:05.047+0000] {dag.py:4138} INFO - Setting next_dagrun for example_branch_operator to 2024-08-23 00:00:00+00:00, run_after=2024-08-24 00:00:00+00:00
[2024-08-24T11:48:05.055+0000] {processor.py:208} INFO - Processing /home/airflow/.local/lib/python3.12/site-packages/airflow/example_dags/example_branch_operator.py took 0.065 seconds
[2024-08-24T11:48:35.238+0000] {processor.py:186} INFO - Started process (PID=3449) to work on /home/airflow/.local/lib/python3.12/site-packages/airflow/example_dags/example_branch_operator.py
[2024-08-24T11:48:35.238+0000] {processor.py:914} INFO - Processing file /home/airflow/.local/lib/python3.12/site-packages/airflow/example_dags/example_branch_operator.py for tasks to queue
[2024-08-24T11:48:35.240+0000] {logging_mixin.py:190} INFO - [2024-08-24T11:48:35.240+0000] {dagbag.py:587} INFO - Filling up the DagBag from /home/airflow/.local/lib/python3.12/site-packages/airflow/example_dags/example_branch_operator.py
[2024-08-24T11:48:35.252+0000] {processor.py:925} INFO - DAG(s) 'example_branch_operator' retrieved from /home/airflow/.local/lib/python3.12/site-packages/airflow/example_dags/example_branch_operator.py
[2024-08-24T11:48:35.267+0000] {logging_mixin.py:190} INFO - [2024-08-24T11:48:35.267+0000] {dag.py:3211} INFO - Sync 1 DAGs
[2024-08-24T11:48:35.279+0000] {logging_mixin.py:190} INFO - [2024-08-24T11:48:35.279+0000] {dag.py:4138} INFO - Setting next_dagrun for example_branch_operator to 2024-08-23 00:00:00+00:00, run_after=2024-08-24 00:00:00+00:00
[2024-08-24T11:48:35.288+0000] {processor.py:208} INFO - Processing /home/airflow/.local/lib/python3.12/site-packages/airflow/example_dags/example_branch_operator.py took 0.055 seconds
[2024-08-24T11:49:05.499+0000] {processor.py:186} INFO - Started process (PID=3511) to work on /home/airflow/.local/lib/python3.12/site-packages/airflow/example_dags/example_branch_operator.py
[2024-08-24T11:49:05.500+0000] {processor.py:914} INFO - Processing file /home/airflow/.local/lib/python3.12/site-packages/airflow/example_dags/example_branch_operator.py for tasks to queue
[2024-08-24T11:49:05.501+0000] {logging_mixin.py:190} INFO - [2024-08-24T11:49:05.501+0000] {dagbag.py:587} INFO - Filling up the DagBag from /home/airflow/.local/lib/python3.12/site-packages/airflow/example_dags/example_branch_operator.py
[2024-08-24T11:49:05.516+0000] {processor.py:925} INFO - DAG(s) 'example_branch_operator' retrieved from /home/airflow/.local/lib/python3.12/site-packages/airflow/example_dags/example_branch_operator.py
[2024-08-24T11:49:05.534+0000] {logging_mixin.py:190} INFO - [2024-08-24T11:49:05.534+0000] {dag.py:3211} INFO - Sync 1 DAGs
[2024-08-24T11:49:05.553+0000] {logging_mixin.py:190} INFO - [2024-08-24T11:49:05.553+0000] {dag.py:4138} INFO - Setting next_dagrun for example_branch_operator to 2024-08-23 00:00:00+00:00, run_after=2024-08-24 00:00:00+00:00
[2024-08-24T11:49:05.568+0000] {processor.py:208} INFO - Processing /home/airflow/.local/lib/python3.12/site-packages/airflow/example_dags/example_branch_operator.py took 0.073 seconds
[2024-08-24T11:49:35.887+0000] {processor.py:186} INFO - Started process (PID=3573) to work on /home/airflow/.local/lib/python3.12/site-packages/airflow/example_dags/example_branch_operator.py
[2024-08-24T11:49:35.888+0000] {processor.py:914} INFO - Processing file /home/airflow/.local/lib/python3.12/site-packages/airflow/example_dags/example_branch_operator.py for tasks to queue
[2024-08-24T11:49:35.890+0000] {logging_mixin.py:190} INFO - [2024-08-24T11:49:35.889+0000] {dagbag.py:587} INFO - Filling up the DagBag from /home/airflow/.local/lib/python3.12/site-packages/airflow/example_dags/example_branch_operator.py
[2024-08-24T11:49:35.899+0000] {processor.py:925} INFO - DAG(s) 'example_branch_operator' retrieved from /home/airflow/.local/lib/python3.12/site-packages/airflow/example_dags/example_branch_operator.py
[2024-08-24T11:49:35.914+0000] {logging_mixin.py:190} INFO - [2024-08-24T11:49:35.914+0000] {dag.py:3211} INFO - Sync 1 DAGs
[2024-08-24T11:49:35.928+0000] {logging_mixin.py:190} INFO - [2024-08-24T11:49:35.928+0000] {dag.py:4138} INFO - Setting next_dagrun for example_branch_operator to 2024-08-23 00:00:00+00:00, run_after=2024-08-24 00:00:00+00:00
[2024-08-24T11:49:35.938+0000] {processor.py:208} INFO - Processing /home/airflow/.local/lib/python3.12/site-packages/airflow/example_dags/example_branch_operator.py took 0.055 seconds
[2024-08-24T11:50:06.194+0000] {processor.py:186} INFO - Started process (PID=3635) to work on /home/airflow/.local/lib/python3.12/site-packages/airflow/example_dags/example_branch_operator.py
[2024-08-24T11:50:06.195+0000] {processor.py:914} INFO - Processing file /home/airflow/.local/lib/python3.12/site-packages/airflow/example_dags/example_branch_operator.py for tasks to queue
[2024-08-24T11:50:06.196+0000] {logging_mixin.py:190} INFO - [2024-08-24T11:50:06.196+0000] {dagbag.py:587} INFO - Filling up the DagBag from /home/airflow/.local/lib/python3.12/site-packages/airflow/example_dags/example_branch_operator.py
[2024-08-24T11:50:06.205+0000] {processor.py:925} INFO - DAG(s) 'example_branch_operator' retrieved from /home/airflow/.local/lib/python3.12/site-packages/airflow/example_dags/example_branch_operator.py
[2024-08-24T11:50:06.222+0000] {logging_mixin.py:190} INFO - [2024-08-24T11:50:06.222+0000] {dag.py:3211} INFO - Sync 1 DAGs
[2024-08-24T11:50:06.239+0000] {logging_mixin.py:190} INFO - [2024-08-24T11:50:06.239+0000] {dag.py:4138} INFO - Setting next_dagrun for example_branch_operator to 2024-08-23 00:00:00+00:00, run_after=2024-08-24 00:00:00+00:00
[2024-08-24T11:50:06.253+0000] {processor.py:208} INFO - Processing /home/airflow/.local/lib/python3.12/site-packages/airflow/example_dags/example_branch_operator.py took 0.063 seconds
[2024-08-24T11:50:36.630+0000] {processor.py:186} INFO - Started process (PID=3697) to work on /home/airflow/.local/lib/python3.12/site-packages/airflow/example_dags/example_branch_operator.py
[2024-08-24T11:50:36.631+0000] {processor.py:914} INFO - Processing file /home/airflow/.local/lib/python3.12/site-packages/airflow/example_dags/example_branch_operator.py for tasks to queue
[2024-08-24T11:50:36.634+0000] {logging_mixin.py:190} INFO - [2024-08-24T11:50:36.633+0000] {dagbag.py:587} INFO - Filling up the DagBag from /home/airflow/.local/lib/python3.12/site-packages/airflow/example_dags/example_branch_operator.py
[2024-08-24T11:50:36.645+0000] {processor.py:925} INFO - DAG(s) 'example_branch_operator' retrieved from /home/airflow/.local/lib/python3.12/site-packages/airflow/example_dags/example_branch_operator.py
[2024-08-24T11:50:36.663+0000] {logging_mixin.py:190} INFO - [2024-08-24T11:50:36.663+0000] {dag.py:3211} INFO - Sync 1 DAGs
[2024-08-24T11:50:36.674+0000] {logging_mixin.py:190} INFO - [2024-08-24T11:50:36.674+0000] {dag.py:4138} INFO - Setting next_dagrun for example_branch_operator to 2024-08-23 00:00:00+00:00, run_after=2024-08-24 00:00:00+00:00
[2024-08-24T11:50:36.684+0000] {processor.py:208} INFO - Processing /home/airflow/.local/lib/python3.12/site-packages/airflow/example_dags/example_branch_operator.py took 0.061 seconds
[2024-08-24T11:51:07.042+0000] {processor.py:186} INFO - Started process (PID=3759) to work on /home/airflow/.local/lib/python3.12/site-packages/airflow/example_dags/example_branch_operator.py
[2024-08-24T11:51:07.043+0000] {processor.py:914} INFO - Processing file /home/airflow/.local/lib/python3.12/site-packages/airflow/example_dags/example_branch_operator.py for tasks to queue
[2024-08-24T11:51:07.045+0000] {logging_mixin.py:190} INFO - [2024-08-24T11:51:07.045+0000] {dagbag.py:587} INFO - Filling up the DagBag from /home/airflow/.local/lib/python3.12/site-packages/airflow/example_dags/example_branch_operator.py
[2024-08-24T11:51:07.054+0000] {processor.py:925} INFO - DAG(s) 'example_branch_operator' retrieved from /home/airflow/.local/lib/python3.12/site-packages/airflow/example_dags/example_branch_operator.py
[2024-08-24T11:51:07.073+0000] {logging_mixin.py:190} INFO - [2024-08-24T11:51:07.073+0000] {dag.py:3211} INFO - Sync 1 DAGs
[2024-08-24T11:51:07.085+0000] {logging_mixin.py:190} INFO - [2024-08-24T11:51:07.085+0000] {dag.py:4138} INFO - Setting next_dagrun for example_branch_operator to 2024-08-23 00:00:00+00:00, run_after=2024-08-24 00:00:00+00:00
[2024-08-24T11:51:07.095+0000] {processor.py:208} INFO - Processing /home/airflow/.local/lib/python3.12/site-packages/airflow/example_dags/example_branch_operator.py took 0.057 seconds
[2024-08-24T11:51:37.359+0000] {processor.py:186} INFO - Started process (PID=3821) to work on /home/airflow/.local/lib/python3.12/site-packages/airflow/example_dags/example_branch_operator.py
[2024-08-24T11:51:37.359+0000] {processor.py:914} INFO - Processing file /home/airflow/.local/lib/python3.12/site-packages/airflow/example_dags/example_branch_operator.py for tasks to queue
[2024-08-24T11:51:37.360+0000] {logging_mixin.py:190} INFO - [2024-08-24T11:51:37.360+0000] {dagbag.py:587} INFO - Filling up the DagBag from /home/airflow/.local/lib/python3.12/site-packages/airflow/example_dags/example_branch_operator.py
[2024-08-24T11:51:37.370+0000] {processor.py:925} INFO - DAG(s) 'example_branch_operator' retrieved from /home/airflow/.local/lib/python3.12/site-packages/airflow/example_dags/example_branch_operator.py
[2024-08-24T11:51:37.386+0000] {logging_mixin.py:190} INFO - [2024-08-24T11:51:37.386+0000] {dag.py:3211} INFO - Sync 1 DAGs
[2024-08-24T11:51:37.399+0000] {logging_mixin.py:190} INFO - [2024-08-24T11:51:37.399+0000] {dag.py:4138} INFO - Setting next_dagrun for example_branch_operator to 2024-08-23 00:00:00+00:00, run_after=2024-08-24 00:00:00+00:00
[2024-08-24T11:51:37.408+0000] {processor.py:208} INFO - Processing /home/airflow/.local/lib/python3.12/site-packages/airflow/example_dags/example_branch_operator.py took 0.053 seconds
[2024-08-24T11:52:07.541+0000] {processor.py:186} INFO - Started process (PID=3883) to work on /home/airflow/.local/lib/python3.12/site-packages/airflow/example_dags/example_branch_operator.py
[2024-08-24T11:52:07.541+0000] {processor.py:914} INFO - Processing file /home/airflow/.local/lib/python3.12/site-packages/airflow/example_dags/example_branch_operator.py for tasks to queue
[2024-08-24T11:52:07.542+0000] {logging_mixin.py:190} INFO - [2024-08-24T11:52:07.542+0000] {dagbag.py:587} INFO - Filling up the DagBag from /home/airflow/.local/lib/python3.12/site-packages/airflow/example_dags/example_branch_operator.py
[2024-08-24T11:52:07.552+0000] {processor.py:925} INFO - DAG(s) 'example_branch_operator' retrieved from /home/airflow/.local/lib/python3.12/site-packages/airflow/example_dags/example_branch_operator.py
[2024-08-24T11:52:07.567+0000] {logging_mixin.py:190} INFO - [2024-08-24T11:52:07.567+0000] {dag.py:3211} INFO - Sync 1 DAGs
[2024-08-24T11:52:07.579+0000] {logging_mixin.py:190} INFO - [2024-08-24T11:52:07.579+0000] {dag.py:4138} INFO - Setting next_dagrun for example_branch_operator to 2024-08-23 00:00:00+00:00, run_after=2024-08-24 00:00:00+00:00
[2024-08-24T11:52:07.588+0000] {processor.py:208} INFO - Processing /home/airflow/.local/lib/python3.12/site-packages/airflow/example_dags/example_branch_operator.py took 0.051 seconds
[2024-08-24T11:52:37.910+0000] {processor.py:186} INFO - Started process (PID=3945) to work on /home/airflow/.local/lib/python3.12/site-packages/airflow/example_dags/example_branch_operator.py
[2024-08-24T11:52:37.911+0000] {processor.py:914} INFO - Processing file /home/airflow/.local/lib/python3.12/site-packages/airflow/example_dags/example_branch_operator.py for tasks to queue
[2024-08-24T11:52:37.912+0000] {logging_mixin.py:190} INFO - [2024-08-24T11:52:37.912+0000] {dagbag.py:587} INFO - Filling up the DagBag from /home/airflow/.local/lib/python3.12/site-packages/airflow/example_dags/example_branch_operator.py
[2024-08-24T11:52:37.921+0000] {processor.py:925} INFO - DAG(s) 'example_branch_operator' retrieved from /home/airflow/.local/lib/python3.12/site-packages/airflow/example_dags/example_branch_operator.py
[2024-08-24T11:52:37.936+0000] {logging_mixin.py:190} INFO - [2024-08-24T11:52:37.936+0000] {dag.py:3211} INFO - Sync 1 DAGs
[2024-08-24T11:52:37.948+0000] {logging_mixin.py:190} INFO - [2024-08-24T11:52:37.948+0000] {dag.py:4138} INFO - Setting next_dagrun for example_branch_operator to 2024-08-23 00:00:00+00:00, run_after=2024-08-24 00:00:00+00:00
[2024-08-24T11:52:37.958+0000] {processor.py:208} INFO - Processing /home/airflow/.local/lib/python3.12/site-packages/airflow/example_dags/example_branch_operator.py took 0.051 seconds
[2024-08-24T11:53:08.260+0000] {processor.py:186} INFO - Started process (PID=4007) to work on /home/airflow/.local/lib/python3.12/site-packages/airflow/example_dags/example_branch_operator.py
[2024-08-24T11:53:08.261+0000] {processor.py:914} INFO - Processing file /home/airflow/.local/lib/python3.12/site-packages/airflow/example_dags/example_branch_operator.py for tasks to queue
[2024-08-24T11:53:08.262+0000] {logging_mixin.py:190} INFO - [2024-08-24T11:53:08.262+0000] {dagbag.py:587} INFO - Filling up the DagBag from /home/airflow/.local/lib/python3.12/site-packages/airflow/example_dags/example_branch_operator.py
[2024-08-24T11:53:08.273+0000] {processor.py:925} INFO - DAG(s) 'example_branch_operator' retrieved from /home/airflow/.local/lib/python3.12/site-packages/airflow/example_dags/example_branch_operator.py
[2024-08-24T11:53:08.291+0000] {logging_mixin.py:190} INFO - [2024-08-24T11:53:08.291+0000] {dag.py:3211} INFO - Sync 1 DAGs
[2024-08-24T11:53:08.312+0000] {logging_mixin.py:190} INFO - [2024-08-24T11:53:08.311+0000] {dag.py:4138} INFO - Setting next_dagrun for example_branch_operator to 2024-08-23 00:00:00+00:00, run_after=2024-08-24 00:00:00+00:00
[2024-08-24T11:53:08.327+0000] {processor.py:208} INFO - Processing /home/airflow/.local/lib/python3.12/site-packages/airflow/example_dags/example_branch_operator.py took 0.071 seconds
[2024-08-24T11:53:38.663+0000] {processor.py:186} INFO - Started process (PID=4070) to work on /home/airflow/.local/lib/python3.12/site-packages/airflow/example_dags/example_branch_operator.py
[2024-08-24T11:53:38.664+0000] {processor.py:914} INFO - Processing file /home/airflow/.local/lib/python3.12/site-packages/airflow/example_dags/example_branch_operator.py for tasks to queue
[2024-08-24T11:53:38.665+0000] {logging_mixin.py:190} INFO - [2024-08-24T11:53:38.665+0000] {dagbag.py:587} INFO - Filling up the DagBag from /home/airflow/.local/lib/python3.12/site-packages/airflow/example_dags/example_branch_operator.py
[2024-08-24T11:53:38.676+0000] {processor.py:925} INFO - DAG(s) 'example_branch_operator' retrieved from /home/airflow/.local/lib/python3.12/site-packages/airflow/example_dags/example_branch_operator.py
[2024-08-24T11:53:38.690+0000] {logging_mixin.py:190} INFO - [2024-08-24T11:53:38.690+0000] {dag.py:3211} INFO - Sync 1 DAGs
[2024-08-24T11:53:38.702+0000] {logging_mixin.py:190} INFO - [2024-08-24T11:53:38.702+0000] {dag.py:4138} INFO - Setting next_dagrun for example_branch_operator to 2024-08-23 00:00:00+00:00, run_after=2024-08-24 00:00:00+00:00
[2024-08-24T11:53:38.711+0000] {processor.py:208} INFO - Processing /home/airflow/.local/lib/python3.12/site-packages/airflow/example_dags/example_branch_operator.py took 0.052 seconds
[2024-08-24T11:54:08.953+0000] {processor.py:186} INFO - Started process (PID=4132) to work on /home/airflow/.local/lib/python3.12/site-packages/airflow/example_dags/example_branch_operator.py
[2024-08-24T11:54:08.953+0000] {processor.py:914} INFO - Processing file /home/airflow/.local/lib/python3.12/site-packages/airflow/example_dags/example_branch_operator.py for tasks to queue
[2024-08-24T11:54:08.954+0000] {logging_mixin.py:190} INFO - [2024-08-24T11:54:08.954+0000] {dagbag.py:587} INFO - Filling up the DagBag from /home/airflow/.local/lib/python3.12/site-packages/airflow/example_dags/example_branch_operator.py
[2024-08-24T11:54:08.963+0000] {processor.py:925} INFO - DAG(s) 'example_branch_operator' retrieved from /home/airflow/.local/lib/python3.12/site-packages/airflow/example_dags/example_branch_operator.py
[2024-08-24T11:54:08.978+0000] {logging_mixin.py:190} INFO - [2024-08-24T11:54:08.978+0000] {dag.py:3211} INFO - Sync 1 DAGs
[2024-08-24T11:54:08.990+0000] {logging_mixin.py:190} INFO - [2024-08-24T11:54:08.990+0000] {dag.py:4138} INFO - Setting next_dagrun for example_branch_operator to 2024-08-23 00:00:00+00:00, run_after=2024-08-24 00:00:00+00:00
[2024-08-24T11:54:08.999+0000] {processor.py:208} INFO - Processing /home/airflow/.local/lib/python3.12/site-packages/airflow/example_dags/example_branch_operator.py took 0.049 seconds
[2024-08-24T11:54:39.230+0000] {processor.py:186} INFO - Started process (PID=4194) to work on /home/airflow/.local/lib/python3.12/site-packages/airflow/example_dags/example_branch_operator.py
[2024-08-24T11:54:39.231+0000] {processor.py:914} INFO - Processing file /home/airflow/.local/lib/python3.12/site-packages/airflow/example_dags/example_branch_operator.py for tasks to queue
[2024-08-24T11:54:39.232+0000] {logging_mixin.py:190} INFO - [2024-08-24T11:54:39.232+0000] {dagbag.py:587} INFO - Filling up the DagBag from /home/airflow/.local/lib/python3.12/site-packages/airflow/example_dags/example_branch_operator.py
[2024-08-24T11:54:39.241+0000] {processor.py:925} INFO - DAG(s) 'example_branch_operator' retrieved from /home/airflow/.local/lib/python3.12/site-packages/airflow/example_dags/example_branch_operator.py
[2024-08-24T11:54:39.260+0000] {logging_mixin.py:190} INFO - [2024-08-24T11:54:39.260+0000] {dag.py:3211} INFO - Sync 1 DAGs
[2024-08-24T11:54:39.273+0000] {logging_mixin.py:190} INFO - [2024-08-24T11:54:39.272+0000] {dag.py:4138} INFO - Setting next_dagrun for example_branch_operator to 2024-08-23 00:00:00+00:00, run_after=2024-08-24 00:00:00+00:00
[2024-08-24T11:54:39.282+0000] {processor.py:208} INFO - Processing /home/airflow/.local/lib/python3.12/site-packages/airflow/example_dags/example_branch_operator.py took 0.055 seconds
[2024-08-24T11:55:09.660+0000] {processor.py:186} INFO - Started process (PID=4256) to work on /home/airflow/.local/lib/python3.12/site-packages/airflow/example_dags/example_branch_operator.py
[2024-08-24T11:55:09.661+0000] {processor.py:914} INFO - Processing file /home/airflow/.local/lib/python3.12/site-packages/airflow/example_dags/example_branch_operator.py for tasks to queue
[2024-08-24T11:55:09.662+0000] {logging_mixin.py:190} INFO - [2024-08-24T11:55:09.662+0000] {dagbag.py:587} INFO - Filling up the DagBag from /home/airflow/.local/lib/python3.12/site-packages/airflow/example_dags/example_branch_operator.py
[2024-08-24T11:55:09.671+0000] {processor.py:925} INFO - DAG(s) 'example_branch_operator' retrieved from /home/airflow/.local/lib/python3.12/site-packages/airflow/example_dags/example_branch_operator.py
[2024-08-24T11:55:09.687+0000] {logging_mixin.py:190} INFO - [2024-08-24T11:55:09.687+0000] {dag.py:3211} INFO - Sync 1 DAGs
[2024-08-24T11:55:09.699+0000] {logging_mixin.py:190} INFO - [2024-08-24T11:55:09.698+0000] {dag.py:4138} INFO - Setting next_dagrun for example_branch_operator to 2024-08-23 00:00:00+00:00, run_after=2024-08-24 00:00:00+00:00
[2024-08-24T11:55:09.708+0000] {processor.py:208} INFO - Processing /home/airflow/.local/lib/python3.12/site-packages/airflow/example_dags/example_branch_operator.py took 0.053 seconds
[2024-08-24T11:55:40.094+0000] {processor.py:186} INFO - Started process (PID=4318) to work on /home/airflow/.local/lib/python3.12/site-packages/airflow/example_dags/example_branch_operator.py
[2024-08-24T11:55:40.095+0000] {processor.py:914} INFO - Processing file /home/airflow/.local/lib/python3.12/site-packages/airflow/example_dags/example_branch_operator.py for tasks to queue
[2024-08-24T11:55:40.097+0000] {logging_mixin.py:190} INFO - [2024-08-24T11:55:40.096+0000] {dagbag.py:587} INFO - Filling up the DagBag from /home/airflow/.local/lib/python3.12/site-packages/airflow/example_dags/example_branch_operator.py
[2024-08-24T11:55:40.106+0000] {processor.py:925} INFO - DAG(s) 'example_branch_operator' retrieved from /home/airflow/.local/lib/python3.12/site-packages/airflow/example_dags/example_branch_operator.py
[2024-08-24T11:55:40.120+0000] {logging_mixin.py:190} INFO - [2024-08-24T11:55:40.120+0000] {dag.py:3211} INFO - Sync 1 DAGs
[2024-08-24T11:55:40.132+0000] {logging_mixin.py:190} INFO - [2024-08-24T11:55:40.132+0000] {dag.py:4138} INFO - Setting next_dagrun for example_branch_operator to 2024-08-23 00:00:00+00:00, run_after=2024-08-24 00:00:00+00:00
[2024-08-24T11:55:40.142+0000] {processor.py:208} INFO - Processing /home/airflow/.local/lib/python3.12/site-packages/airflow/example_dags/example_branch_operator.py took 0.052 seconds
[2024-08-24T11:56:10.492+0000] {processor.py:186} INFO - Started process (PID=4380) to work on /home/airflow/.local/lib/python3.12/site-packages/airflow/example_dags/example_branch_operator.py
[2024-08-24T11:56:10.492+0000] {processor.py:914} INFO - Processing file /home/airflow/.local/lib/python3.12/site-packages/airflow/example_dags/example_branch_operator.py for tasks to queue
[2024-08-24T11:56:10.493+0000] {logging_mixin.py:190} INFO - [2024-08-24T11:56:10.493+0000] {dagbag.py:587} INFO - Filling up the DagBag from /home/airflow/.local/lib/python3.12/site-packages/airflow/example_dags/example_branch_operator.py
[2024-08-24T11:56:10.502+0000] {processor.py:925} INFO - DAG(s) 'example_branch_operator' retrieved from /home/airflow/.local/lib/python3.12/site-packages/airflow/example_dags/example_branch_operator.py
[2024-08-24T11:56:10.521+0000] {logging_mixin.py:190} INFO - [2024-08-24T11:56:10.521+0000] {dag.py:3211} INFO - Sync 1 DAGs
[2024-08-24T11:56:10.537+0000] {logging_mixin.py:190} INFO - [2024-08-24T11:56:10.537+0000] {dag.py:4138} INFO - Setting next_dagrun for example_branch_operator to 2024-08-23 00:00:00+00:00, run_after=2024-08-24 00:00:00+00:00
[2024-08-24T11:56:10.552+0000] {processor.py:208} INFO - Processing /home/airflow/.local/lib/python3.12/site-packages/airflow/example_dags/example_branch_operator.py took 0.064 seconds
