[2024-08-24T11:21:08.452+0000] {processor.py:186} INFO - Started process (PID=86) to work on /home/airflow/.local/lib/python3.12/site-packages/airflow/example_dags/example_python_operator.py
[2024-08-24T11:21:08.453+0000] {processor.py:914} INFO - Processing file /home/airflow/.local/lib/python3.12/site-packages/airflow/example_dags/example_python_operator.py for tasks to queue
[2024-08-24T11:21:08.454+0000] {logging_mixin.py:190} INFO - [2024-08-24T11:21:08.454+0000] {dagbag.py:587} INFO - Filling up the DagBag from /home/airflow/.local/lib/python3.12/site-packages/airflow/example_dags/example_python_operator.py
[2024-08-24T11:21:08.461+0000] {processor.py:925} INFO - DAG(s) 'example_python_operator' retrieved from /home/airflow/.local/lib/python3.12/site-packages/airflow/example_dags/example_python_operator.py
[2024-08-24T11:21:08.517+0000] {logging_mixin.py:190} INFO - [2024-08-24T11:21:08.516+0000] {override.py:1858} INFO - Created Permission View: can edit on DAG:example_python_operator
[2024-08-24T11:21:08.522+0000] {logging_mixin.py:190} INFO - [2024-08-24T11:21:08.522+0000] {override.py:1858} INFO - Created Permission View: can read on DAG:example_python_operator
[2024-08-24T11:21:08.526+0000] {logging_mixin.py:190} INFO - [2024-08-24T11:21:08.526+0000] {override.py:1858} INFO - Created Permission View: can delete on DAG:example_python_operator
[2024-08-24T11:21:08.527+0000] {logging_mixin.py:190} INFO - [2024-08-24T11:21:08.527+0000] {dag.py:3211} INFO - Sync 1 DAGs
[2024-08-24T11:21:08.536+0000] {logging_mixin.py:190} INFO - [2024-08-24T11:21:08.536+0000] {dag.py:3234} INFO - Creating ORM DAG for example_python_operator
[2024-08-24T11:21:08.536+0000] {logging_mixin.py:190} INFO - [2024-08-24T11:21:08.536+0000] {dag.py:4138} INFO - Setting next_dagrun for example_python_operator to None, run_after=None
[2024-08-24T11:21:08.550+0000] {processor.py:208} INFO - Processing /home/airflow/.local/lib/python3.12/site-packages/airflow/example_dags/example_python_operator.py took 0.101 seconds
[2024-08-24T11:21:39.038+0000] {processor.py:186} INFO - Started process (PID=154) to work on /home/airflow/.local/lib/python3.12/site-packages/airflow/example_dags/example_python_operator.py
[2024-08-24T11:21:39.038+0000] {processor.py:914} INFO - Processing file /home/airflow/.local/lib/python3.12/site-packages/airflow/example_dags/example_python_operator.py for tasks to queue
[2024-08-24T11:21:39.039+0000] {logging_mixin.py:190} INFO - [2024-08-24T11:21:39.039+0000] {dagbag.py:587} INFO - Filling up the DagBag from /home/airflow/.local/lib/python3.12/site-packages/airflow/example_dags/example_python_operator.py
[2024-08-24T11:21:39.046+0000] {processor.py:925} INFO - DAG(s) 'example_python_operator' retrieved from /home/airflow/.local/lib/python3.12/site-packages/airflow/example_dags/example_python_operator.py
[2024-08-24T11:21:39.060+0000] {logging_mixin.py:190} INFO - [2024-08-24T11:21:39.059+0000] {dag.py:3211} INFO - Sync 1 DAGs
[2024-08-24T11:21:39.071+0000] {logging_mixin.py:190} INFO - [2024-08-24T11:21:39.071+0000] {dag.py:4138} INFO - Setting next_dagrun for example_python_operator to None, run_after=None
[2024-08-24T11:21:39.084+0000] {processor.py:208} INFO - Processing /home/airflow/.local/lib/python3.12/site-packages/airflow/example_dags/example_python_operator.py took 0.049 seconds
[2024-08-24T11:22:09.241+0000] {processor.py:186} INFO - Started process (PID=216) to work on /home/airflow/.local/lib/python3.12/site-packages/airflow/example_dags/example_python_operator.py
[2024-08-24T11:22:09.242+0000] {processor.py:914} INFO - Processing file /home/airflow/.local/lib/python3.12/site-packages/airflow/example_dags/example_python_operator.py for tasks to queue
[2024-08-24T11:22:09.243+0000] {logging_mixin.py:190} INFO - [2024-08-24T11:22:09.243+0000] {dagbag.py:587} INFO - Filling up the DagBag from /home/airflow/.local/lib/python3.12/site-packages/airflow/example_dags/example_python_operator.py
[2024-08-24T11:22:09.251+0000] {processor.py:925} INFO - DAG(s) 'example_python_operator' retrieved from /home/airflow/.local/lib/python3.12/site-packages/airflow/example_dags/example_python_operator.py
[2024-08-24T11:22:09.262+0000] {logging_mixin.py:190} INFO - [2024-08-24T11:22:09.262+0000] {dag.py:3211} INFO - Sync 1 DAGs
[2024-08-24T11:22:09.270+0000] {logging_mixin.py:190} INFO - [2024-08-24T11:22:09.269+0000] {dag.py:4138} INFO - Setting next_dagrun for example_python_operator to None, run_after=None
[2024-08-24T11:22:09.279+0000] {processor.py:208} INFO - Processing /home/airflow/.local/lib/python3.12/site-packages/airflow/example_dags/example_python_operator.py took 0.042 seconds
[2024-08-24T11:22:39.387+0000] {processor.py:186} INFO - Started process (PID=278) to work on /home/airflow/.local/lib/python3.12/site-packages/airflow/example_dags/example_python_operator.py
[2024-08-24T11:22:39.387+0000] {processor.py:914} INFO - Processing file /home/airflow/.local/lib/python3.12/site-packages/airflow/example_dags/example_python_operator.py for tasks to queue
[2024-08-24T11:22:39.388+0000] {logging_mixin.py:190} INFO - [2024-08-24T11:22:39.388+0000] {dagbag.py:587} INFO - Filling up the DagBag from /home/airflow/.local/lib/python3.12/site-packages/airflow/example_dags/example_python_operator.py
[2024-08-24T11:22:39.394+0000] {processor.py:925} INFO - DAG(s) 'example_python_operator' retrieved from /home/airflow/.local/lib/python3.12/site-packages/airflow/example_dags/example_python_operator.py
[2024-08-24T11:22:39.407+0000] {logging_mixin.py:190} INFO - [2024-08-24T11:22:39.406+0000] {dag.py:3211} INFO - Sync 1 DAGs
[2024-08-24T11:22:39.414+0000] {logging_mixin.py:190} INFO - [2024-08-24T11:22:39.414+0000] {dag.py:4138} INFO - Setting next_dagrun for example_python_operator to None, run_after=None
[2024-08-24T11:22:39.423+0000] {processor.py:208} INFO - Processing /home/airflow/.local/lib/python3.12/site-packages/airflow/example_dags/example_python_operator.py took 0.039 seconds
[2024-08-24T11:23:09.595+0000] {processor.py:186} INFO - Started process (PID=340) to work on /home/airflow/.local/lib/python3.12/site-packages/airflow/example_dags/example_python_operator.py
[2024-08-24T11:23:09.595+0000] {processor.py:914} INFO - Processing file /home/airflow/.local/lib/python3.12/site-packages/airflow/example_dags/example_python_operator.py for tasks to queue
[2024-08-24T11:23:09.596+0000] {logging_mixin.py:190} INFO - [2024-08-24T11:23:09.596+0000] {dagbag.py:587} INFO - Filling up the DagBag from /home/airflow/.local/lib/python3.12/site-packages/airflow/example_dags/example_python_operator.py
[2024-08-24T11:23:09.603+0000] {processor.py:925} INFO - DAG(s) 'example_python_operator' retrieved from /home/airflow/.local/lib/python3.12/site-packages/airflow/example_dags/example_python_operator.py
[2024-08-24T11:23:09.619+0000] {logging_mixin.py:190} INFO - [2024-08-24T11:23:09.618+0000] {dag.py:3211} INFO - Sync 1 DAGs
[2024-08-24T11:23:09.632+0000] {logging_mixin.py:190} INFO - [2024-08-24T11:23:09.632+0000] {dag.py:4138} INFO - Setting next_dagrun for example_python_operator to None, run_after=None
[2024-08-24T11:23:09.646+0000] {processor.py:208} INFO - Processing /home/airflow/.local/lib/python3.12/site-packages/airflow/example_dags/example_python_operator.py took 0.055 seconds
[2024-08-24T11:23:39.910+0000] {processor.py:186} INFO - Started process (PID=402) to work on /home/airflow/.local/lib/python3.12/site-packages/airflow/example_dags/example_python_operator.py
[2024-08-24T11:23:39.910+0000] {processor.py:914} INFO - Processing file /home/airflow/.local/lib/python3.12/site-packages/airflow/example_dags/example_python_operator.py for tasks to queue
[2024-08-24T11:23:39.912+0000] {logging_mixin.py:190} INFO - [2024-08-24T11:23:39.912+0000] {dagbag.py:587} INFO - Filling up the DagBag from /home/airflow/.local/lib/python3.12/site-packages/airflow/example_dags/example_python_operator.py
[2024-08-24T11:23:39.918+0000] {processor.py:925} INFO - DAG(s) 'example_python_operator' retrieved from /home/airflow/.local/lib/python3.12/site-packages/airflow/example_dags/example_python_operator.py
[2024-08-24T11:23:39.935+0000] {logging_mixin.py:190} INFO - [2024-08-24T11:23:39.935+0000] {dag.py:3211} INFO - Sync 1 DAGs
[2024-08-24T11:23:39.944+0000] {logging_mixin.py:190} INFO - [2024-08-24T11:23:39.944+0000] {dag.py:4138} INFO - Setting next_dagrun for example_python_operator to None, run_after=None
[2024-08-24T11:23:39.959+0000] {processor.py:208} INFO - Processing /home/airflow/.local/lib/python3.12/site-packages/airflow/example_dags/example_python_operator.py took 0.053 seconds
[2024-08-24T11:24:10.227+0000] {processor.py:186} INFO - Started process (PID=464) to work on /home/airflow/.local/lib/python3.12/site-packages/airflow/example_dags/example_python_operator.py
[2024-08-24T11:24:10.227+0000] {processor.py:914} INFO - Processing file /home/airflow/.local/lib/python3.12/site-packages/airflow/example_dags/example_python_operator.py for tasks to queue
[2024-08-24T11:24:10.229+0000] {logging_mixin.py:190} INFO - [2024-08-24T11:24:10.228+0000] {dagbag.py:587} INFO - Filling up the DagBag from /home/airflow/.local/lib/python3.12/site-packages/airflow/example_dags/example_python_operator.py
[2024-08-24T11:24:10.235+0000] {processor.py:925} INFO - DAG(s) 'example_python_operator' retrieved from /home/airflow/.local/lib/python3.12/site-packages/airflow/example_dags/example_python_operator.py
[2024-08-24T11:24:10.250+0000] {logging_mixin.py:190} INFO - [2024-08-24T11:24:10.249+0000] {dag.py:3211} INFO - Sync 1 DAGs
[2024-08-24T11:24:10.262+0000] {logging_mixin.py:190} INFO - [2024-08-24T11:24:10.262+0000] {dag.py:4138} INFO - Setting next_dagrun for example_python_operator to None, run_after=None
[2024-08-24T11:24:10.273+0000] {processor.py:208} INFO - Processing /home/airflow/.local/lib/python3.12/site-packages/airflow/example_dags/example_python_operator.py took 0.049 seconds
[2024-08-24T11:24:40.406+0000] {processor.py:186} INFO - Started process (PID=526) to work on /home/airflow/.local/lib/python3.12/site-packages/airflow/example_dags/example_python_operator.py
[2024-08-24T11:24:40.406+0000] {processor.py:914} INFO - Processing file /home/airflow/.local/lib/python3.12/site-packages/airflow/example_dags/example_python_operator.py for tasks to queue
[2024-08-24T11:24:40.408+0000] {logging_mixin.py:190} INFO - [2024-08-24T11:24:40.408+0000] {dagbag.py:587} INFO - Filling up the DagBag from /home/airflow/.local/lib/python3.12/site-packages/airflow/example_dags/example_python_operator.py
[2024-08-24T11:24:40.414+0000] {processor.py:925} INFO - DAG(s) 'example_python_operator' retrieved from /home/airflow/.local/lib/python3.12/site-packages/airflow/example_dags/example_python_operator.py
[2024-08-24T11:24:40.430+0000] {logging_mixin.py:190} INFO - [2024-08-24T11:24:40.429+0000] {dag.py:3211} INFO - Sync 1 DAGs
[2024-08-24T11:24:40.438+0000] {logging_mixin.py:190} INFO - [2024-08-24T11:24:40.438+0000] {dag.py:4138} INFO - Setting next_dagrun for example_python_operator to None, run_after=None
[2024-08-24T11:24:40.450+0000] {processor.py:208} INFO - Processing /home/airflow/.local/lib/python3.12/site-packages/airflow/example_dags/example_python_operator.py took 0.049 seconds
[2024-08-24T11:25:10.597+0000] {processor.py:186} INFO - Started process (PID=588) to work on /home/airflow/.local/lib/python3.12/site-packages/airflow/example_dags/example_python_operator.py
[2024-08-24T11:25:10.598+0000] {processor.py:914} INFO - Processing file /home/airflow/.local/lib/python3.12/site-packages/airflow/example_dags/example_python_operator.py for tasks to queue
[2024-08-24T11:25:10.598+0000] {logging_mixin.py:190} INFO - [2024-08-24T11:25:10.598+0000] {dagbag.py:587} INFO - Filling up the DagBag from /home/airflow/.local/lib/python3.12/site-packages/airflow/example_dags/example_python_operator.py
[2024-08-24T11:25:10.604+0000] {processor.py:925} INFO - DAG(s) 'example_python_operator' retrieved from /home/airflow/.local/lib/python3.12/site-packages/airflow/example_dags/example_python_operator.py
[2024-08-24T11:25:10.615+0000] {logging_mixin.py:190} INFO - [2024-08-24T11:25:10.615+0000] {dag.py:3211} INFO - Sync 1 DAGs
[2024-08-24T11:25:10.623+0000] {logging_mixin.py:190} INFO - [2024-08-24T11:25:10.623+0000] {dag.py:4138} INFO - Setting next_dagrun for example_python_operator to None, run_after=None
[2024-08-24T11:25:10.631+0000] {processor.py:208} INFO - Processing /home/airflow/.local/lib/python3.12/site-packages/airflow/example_dags/example_python_operator.py took 0.038 seconds
[2024-08-24T11:25:40.769+0000] {processor.py:186} INFO - Started process (PID=650) to work on /home/airflow/.local/lib/python3.12/site-packages/airflow/example_dags/example_python_operator.py
[2024-08-24T11:25:40.770+0000] {processor.py:914} INFO - Processing file /home/airflow/.local/lib/python3.12/site-packages/airflow/example_dags/example_python_operator.py for tasks to queue
[2024-08-24T11:25:40.771+0000] {logging_mixin.py:190} INFO - [2024-08-24T11:25:40.771+0000] {dagbag.py:587} INFO - Filling up the DagBag from /home/airflow/.local/lib/python3.12/site-packages/airflow/example_dags/example_python_operator.py
[2024-08-24T11:25:40.777+0000] {processor.py:925} INFO - DAG(s) 'example_python_operator' retrieved from /home/airflow/.local/lib/python3.12/site-packages/airflow/example_dags/example_python_operator.py
[2024-08-24T11:25:40.791+0000] {logging_mixin.py:190} INFO - [2024-08-24T11:25:40.791+0000] {dag.py:3211} INFO - Sync 1 DAGs
[2024-08-24T11:25:40.799+0000] {logging_mixin.py:190} INFO - [2024-08-24T11:25:40.799+0000] {dag.py:4138} INFO - Setting next_dagrun for example_python_operator to None, run_after=None
[2024-08-24T11:25:40.809+0000] {processor.py:208} INFO - Processing /home/airflow/.local/lib/python3.12/site-packages/airflow/example_dags/example_python_operator.py took 0.044 seconds
[2024-08-24T11:26:11.026+0000] {processor.py:186} INFO - Started process (PID=712) to work on /home/airflow/.local/lib/python3.12/site-packages/airflow/example_dags/example_python_operator.py
[2024-08-24T11:26:11.027+0000] {processor.py:914} INFO - Processing file /home/airflow/.local/lib/python3.12/site-packages/airflow/example_dags/example_python_operator.py for tasks to queue
[2024-08-24T11:26:11.028+0000] {logging_mixin.py:190} INFO - [2024-08-24T11:26:11.027+0000] {dagbag.py:587} INFO - Filling up the DagBag from /home/airflow/.local/lib/python3.12/site-packages/airflow/example_dags/example_python_operator.py
[2024-08-24T11:26:11.034+0000] {processor.py:925} INFO - DAG(s) 'example_python_operator' retrieved from /home/airflow/.local/lib/python3.12/site-packages/airflow/example_dags/example_python_operator.py
[2024-08-24T11:26:11.047+0000] {logging_mixin.py:190} INFO - [2024-08-24T11:26:11.047+0000] {dag.py:3211} INFO - Sync 1 DAGs
[2024-08-24T11:26:11.056+0000] {logging_mixin.py:190} INFO - [2024-08-24T11:26:11.056+0000] {dag.py:4138} INFO - Setting next_dagrun for example_python_operator to None, run_after=None
[2024-08-24T11:26:11.070+0000] {processor.py:208} INFO - Processing /home/airflow/.local/lib/python3.12/site-packages/airflow/example_dags/example_python_operator.py took 0.048 seconds
[2024-08-24T11:26:41.277+0000] {processor.py:186} INFO - Started process (PID=774) to work on /home/airflow/.local/lib/python3.12/site-packages/airflow/example_dags/example_python_operator.py
[2024-08-24T11:26:41.277+0000] {processor.py:914} INFO - Processing file /home/airflow/.local/lib/python3.12/site-packages/airflow/example_dags/example_python_operator.py for tasks to queue
[2024-08-24T11:26:41.278+0000] {logging_mixin.py:190} INFO - [2024-08-24T11:26:41.278+0000] {dagbag.py:587} INFO - Filling up the DagBag from /home/airflow/.local/lib/python3.12/site-packages/airflow/example_dags/example_python_operator.py
[2024-08-24T11:26:41.284+0000] {processor.py:925} INFO - DAG(s) 'example_python_operator' retrieved from /home/airflow/.local/lib/python3.12/site-packages/airflow/example_dags/example_python_operator.py
[2024-08-24T11:26:41.299+0000] {logging_mixin.py:190} INFO - [2024-08-24T11:26:41.299+0000] {dag.py:3211} INFO - Sync 1 DAGs
[2024-08-24T11:26:41.308+0000] {logging_mixin.py:190} INFO - [2024-08-24T11:26:41.308+0000] {dag.py:4138} INFO - Setting next_dagrun for example_python_operator to None, run_after=None
[2024-08-24T11:26:41.322+0000] {processor.py:208} INFO - Processing /home/airflow/.local/lib/python3.12/site-packages/airflow/example_dags/example_python_operator.py took 0.048 seconds
[2024-08-24T11:27:11.504+0000] {processor.py:186} INFO - Started process (PID=836) to work on /home/airflow/.local/lib/python3.12/site-packages/airflow/example_dags/example_python_operator.py
[2024-08-24T11:27:11.505+0000] {processor.py:914} INFO - Processing file /home/airflow/.local/lib/python3.12/site-packages/airflow/example_dags/example_python_operator.py for tasks to queue
[2024-08-24T11:27:11.506+0000] {logging_mixin.py:190} INFO - [2024-08-24T11:27:11.506+0000] {dagbag.py:587} INFO - Filling up the DagBag from /home/airflow/.local/lib/python3.12/site-packages/airflow/example_dags/example_python_operator.py
[2024-08-24T11:27:11.512+0000] {processor.py:925} INFO - DAG(s) 'example_python_operator' retrieved from /home/airflow/.local/lib/python3.12/site-packages/airflow/example_dags/example_python_operator.py
[2024-08-24T11:27:11.523+0000] {logging_mixin.py:190} INFO - [2024-08-24T11:27:11.523+0000] {dag.py:3211} INFO - Sync 1 DAGs
[2024-08-24T11:27:11.531+0000] {logging_mixin.py:190} INFO - [2024-08-24T11:27:11.530+0000] {dag.py:4138} INFO - Setting next_dagrun for example_python_operator to None, run_after=None
[2024-08-24T11:27:11.540+0000] {processor.py:208} INFO - Processing /home/airflow/.local/lib/python3.12/site-packages/airflow/example_dags/example_python_operator.py took 0.039 seconds
[2024-08-24T11:27:41.868+0000] {processor.py:186} INFO - Started process (PID=898) to work on /home/airflow/.local/lib/python3.12/site-packages/airflow/example_dags/example_python_operator.py
[2024-08-24T11:27:41.868+0000] {processor.py:914} INFO - Processing file /home/airflow/.local/lib/python3.12/site-packages/airflow/example_dags/example_python_operator.py for tasks to queue
[2024-08-24T11:27:41.870+0000] {logging_mixin.py:190} INFO - [2024-08-24T11:27:41.869+0000] {dagbag.py:587} INFO - Filling up the DagBag from /home/airflow/.local/lib/python3.12/site-packages/airflow/example_dags/example_python_operator.py
[2024-08-24T11:27:41.876+0000] {processor.py:925} INFO - DAG(s) 'example_python_operator' retrieved from /home/airflow/.local/lib/python3.12/site-packages/airflow/example_dags/example_python_operator.py
[2024-08-24T11:27:41.888+0000] {logging_mixin.py:190} INFO - [2024-08-24T11:27:41.888+0000] {dag.py:3211} INFO - Sync 1 DAGs
[2024-08-24T11:27:41.896+0000] {logging_mixin.py:190} INFO - [2024-08-24T11:27:41.896+0000] {dag.py:4138} INFO - Setting next_dagrun for example_python_operator to None, run_after=None
[2024-08-24T11:27:41.908+0000] {processor.py:208} INFO - Processing /home/airflow/.local/lib/python3.12/site-packages/airflow/example_dags/example_python_operator.py took 0.044 seconds
[2024-08-24T11:28:12.860+0000] {processor.py:186} INFO - Started process (PID=960) to work on /home/airflow/.local/lib/python3.12/site-packages/airflow/example_dags/example_python_operator.py
[2024-08-24T11:28:12.860+0000] {processor.py:914} INFO - Processing file /home/airflow/.local/lib/python3.12/site-packages/airflow/example_dags/example_python_operator.py for tasks to queue
[2024-08-24T11:28:12.861+0000] {logging_mixin.py:190} INFO - [2024-08-24T11:28:12.861+0000] {dagbag.py:587} INFO - Filling up the DagBag from /home/airflow/.local/lib/python3.12/site-packages/airflow/example_dags/example_python_operator.py
[2024-08-24T11:28:12.867+0000] {processor.py:925} INFO - DAG(s) 'example_python_operator' retrieved from /home/airflow/.local/lib/python3.12/site-packages/airflow/example_dags/example_python_operator.py
[2024-08-24T11:28:12.880+0000] {logging_mixin.py:190} INFO - [2024-08-24T11:28:12.880+0000] {dag.py:3211} INFO - Sync 1 DAGs
[2024-08-24T11:28:12.888+0000] {logging_mixin.py:190} INFO - [2024-08-24T11:28:12.887+0000] {dag.py:4138} INFO - Setting next_dagrun for example_python_operator to None, run_after=None
[2024-08-24T11:28:12.897+0000] {processor.py:208} INFO - Processing /home/airflow/.local/lib/python3.12/site-packages/airflow/example_dags/example_python_operator.py took 0.040 seconds
[2024-08-24T11:28:43.844+0000] {processor.py:186} INFO - Started process (PID=1022) to work on /home/airflow/.local/lib/python3.12/site-packages/airflow/example_dags/example_python_operator.py
[2024-08-24T11:28:43.844+0000] {processor.py:914} INFO - Processing file /home/airflow/.local/lib/python3.12/site-packages/airflow/example_dags/example_python_operator.py for tasks to queue
[2024-08-24T11:28:43.845+0000] {logging_mixin.py:190} INFO - [2024-08-24T11:28:43.845+0000] {dagbag.py:587} INFO - Filling up the DagBag from /home/airflow/.local/lib/python3.12/site-packages/airflow/example_dags/example_python_operator.py
[2024-08-24T11:28:43.852+0000] {processor.py:925} INFO - DAG(s) 'example_python_operator' retrieved from /home/airflow/.local/lib/python3.12/site-packages/airflow/example_dags/example_python_operator.py
[2024-08-24T11:28:43.865+0000] {logging_mixin.py:190} INFO - [2024-08-24T11:28:43.865+0000] {dag.py:3211} INFO - Sync 1 DAGs
[2024-08-24T11:28:43.877+0000] {logging_mixin.py:190} INFO - [2024-08-24T11:28:43.876+0000] {dag.py:4138} INFO - Setting next_dagrun for example_python_operator to None, run_after=None
[2024-08-24T11:28:43.890+0000] {processor.py:208} INFO - Processing /home/airflow/.local/lib/python3.12/site-packages/airflow/example_dags/example_python_operator.py took 0.050 seconds
[2024-08-24T11:29:15.017+0000] {processor.py:186} INFO - Started process (PID=1084) to work on /home/airflow/.local/lib/python3.12/site-packages/airflow/example_dags/example_python_operator.py
[2024-08-24T11:29:15.018+0000] {processor.py:914} INFO - Processing file /home/airflow/.local/lib/python3.12/site-packages/airflow/example_dags/example_python_operator.py for tasks to queue
[2024-08-24T11:29:15.020+0000] {logging_mixin.py:190} INFO - [2024-08-24T11:29:15.019+0000] {dagbag.py:587} INFO - Filling up the DagBag from /home/airflow/.local/lib/python3.12/site-packages/airflow/example_dags/example_python_operator.py
[2024-08-24T11:29:15.027+0000] {processor.py:925} INFO - DAG(s) 'example_python_operator' retrieved from /home/airflow/.local/lib/python3.12/site-packages/airflow/example_dags/example_python_operator.py
[2024-08-24T11:29:15.039+0000] {logging_mixin.py:190} INFO - [2024-08-24T11:29:15.039+0000] {dag.py:3211} INFO - Sync 1 DAGs
[2024-08-24T11:29:15.047+0000] {logging_mixin.py:190} INFO - [2024-08-24T11:29:15.047+0000] {dag.py:4138} INFO - Setting next_dagrun for example_python_operator to None, run_after=None
[2024-08-24T11:29:15.059+0000] {processor.py:208} INFO - Processing /home/airflow/.local/lib/python3.12/site-packages/airflow/example_dags/example_python_operator.py took 0.047 seconds
[2024-08-24T11:29:45.167+0000] {processor.py:186} INFO - Started process (PID=1146) to work on /home/airflow/.local/lib/python3.12/site-packages/airflow/example_dags/example_python_operator.py
[2024-08-24T11:29:45.167+0000] {processor.py:914} INFO - Processing file /home/airflow/.local/lib/python3.12/site-packages/airflow/example_dags/example_python_operator.py for tasks to queue
[2024-08-24T11:29:45.168+0000] {logging_mixin.py:190} INFO - [2024-08-24T11:29:45.168+0000] {dagbag.py:587} INFO - Filling up the DagBag from /home/airflow/.local/lib/python3.12/site-packages/airflow/example_dags/example_python_operator.py
[2024-08-24T11:29:45.174+0000] {processor.py:925} INFO - DAG(s) 'example_python_operator' retrieved from /home/airflow/.local/lib/python3.12/site-packages/airflow/example_dags/example_python_operator.py
[2024-08-24T11:29:45.192+0000] {logging_mixin.py:190} INFO - [2024-08-24T11:29:45.191+0000] {dag.py:3211} INFO - Sync 1 DAGs
[2024-08-24T11:29:45.202+0000] {logging_mixin.py:190} INFO - [2024-08-24T11:29:45.202+0000] {dag.py:4138} INFO - Setting next_dagrun for example_python_operator to None, run_after=None
[2024-08-24T11:29:45.215+0000] {processor.py:208} INFO - Processing /home/airflow/.local/lib/python3.12/site-packages/airflow/example_dags/example_python_operator.py took 0.051 seconds
[2024-08-24T11:30:16.153+0000] {processor.py:186} INFO - Started process (PID=1208) to work on /home/airflow/.local/lib/python3.12/site-packages/airflow/example_dags/example_python_operator.py
[2024-08-24T11:30:16.154+0000] {processor.py:914} INFO - Processing file /home/airflow/.local/lib/python3.12/site-packages/airflow/example_dags/example_python_operator.py for tasks to queue
[2024-08-24T11:30:16.155+0000] {logging_mixin.py:190} INFO - [2024-08-24T11:30:16.154+0000] {dagbag.py:587} INFO - Filling up the DagBag from /home/airflow/.local/lib/python3.12/site-packages/airflow/example_dags/example_python_operator.py
[2024-08-24T11:30:16.161+0000] {processor.py:925} INFO - DAG(s) 'example_python_operator' retrieved from /home/airflow/.local/lib/python3.12/site-packages/airflow/example_dags/example_python_operator.py
[2024-08-24T11:30:16.177+0000] {logging_mixin.py:190} INFO - [2024-08-24T11:30:16.176+0000] {dag.py:3211} INFO - Sync 1 DAGs
[2024-08-24T11:30:16.187+0000] {logging_mixin.py:190} INFO - [2024-08-24T11:30:16.187+0000] {dag.py:4138} INFO - Setting next_dagrun for example_python_operator to None, run_after=None
[2024-08-24T11:30:16.200+0000] {processor.py:208} INFO - Processing /home/airflow/.local/lib/python3.12/site-packages/airflow/example_dags/example_python_operator.py took 0.050 seconds
[2024-08-24T11:30:47.211+0000] {processor.py:186} INFO - Started process (PID=1270) to work on /home/airflow/.local/lib/python3.12/site-packages/airflow/example_dags/example_python_operator.py
[2024-08-24T11:30:47.211+0000] {processor.py:914} INFO - Processing file /home/airflow/.local/lib/python3.12/site-packages/airflow/example_dags/example_python_operator.py for tasks to queue
[2024-08-24T11:30:47.212+0000] {logging_mixin.py:190} INFO - [2024-08-24T11:30:47.212+0000] {dagbag.py:587} INFO - Filling up the DagBag from /home/airflow/.local/lib/python3.12/site-packages/airflow/example_dags/example_python_operator.py
[2024-08-24T11:30:47.219+0000] {processor.py:925} INFO - DAG(s) 'example_python_operator' retrieved from /home/airflow/.local/lib/python3.12/site-packages/airflow/example_dags/example_python_operator.py
[2024-08-24T11:30:47.231+0000] {logging_mixin.py:190} INFO - [2024-08-24T11:30:47.231+0000] {dag.py:3211} INFO - Sync 1 DAGs
[2024-08-24T11:30:47.239+0000] {logging_mixin.py:190} INFO - [2024-08-24T11:30:47.239+0000] {dag.py:4138} INFO - Setting next_dagrun for example_python_operator to None, run_after=None
[2024-08-24T11:30:47.250+0000] {processor.py:208} INFO - Processing /home/airflow/.local/lib/python3.12/site-packages/airflow/example_dags/example_python_operator.py took 0.042 seconds
[2024-08-24T11:31:18.258+0000] {processor.py:186} INFO - Started process (PID=1332) to work on /home/airflow/.local/lib/python3.12/site-packages/airflow/example_dags/example_python_operator.py
[2024-08-24T11:31:18.258+0000] {processor.py:914} INFO - Processing file /home/airflow/.local/lib/python3.12/site-packages/airflow/example_dags/example_python_operator.py for tasks to queue
[2024-08-24T11:31:18.259+0000] {logging_mixin.py:190} INFO - [2024-08-24T11:31:18.259+0000] {dagbag.py:587} INFO - Filling up the DagBag from /home/airflow/.local/lib/python3.12/site-packages/airflow/example_dags/example_python_operator.py
[2024-08-24T11:31:18.265+0000] {processor.py:925} INFO - DAG(s) 'example_python_operator' retrieved from /home/airflow/.local/lib/python3.12/site-packages/airflow/example_dags/example_python_operator.py
[2024-08-24T11:31:18.285+0000] {logging_mixin.py:190} INFO - [2024-08-24T11:31:18.285+0000] {dag.py:3211} INFO - Sync 1 DAGs
[2024-08-24T11:31:18.297+0000] {logging_mixin.py:190} INFO - [2024-08-24T11:31:18.297+0000] {dag.py:4138} INFO - Setting next_dagrun for example_python_operator to None, run_after=None
[2024-08-24T11:31:18.310+0000] {processor.py:208} INFO - Processing /home/airflow/.local/lib/python3.12/site-packages/airflow/example_dags/example_python_operator.py took 0.055 seconds
[2024-08-24T11:31:49.343+0000] {processor.py:186} INFO - Started process (PID=1394) to work on /home/airflow/.local/lib/python3.12/site-packages/airflow/example_dags/example_python_operator.py
[2024-08-24T11:31:49.343+0000] {processor.py:914} INFO - Processing file /home/airflow/.local/lib/python3.12/site-packages/airflow/example_dags/example_python_operator.py for tasks to queue
[2024-08-24T11:31:49.344+0000] {logging_mixin.py:190} INFO - [2024-08-24T11:31:49.344+0000] {dagbag.py:587} INFO - Filling up the DagBag from /home/airflow/.local/lib/python3.12/site-packages/airflow/example_dags/example_python_operator.py
[2024-08-24T11:31:49.350+0000] {processor.py:925} INFO - DAG(s) 'example_python_operator' retrieved from /home/airflow/.local/lib/python3.12/site-packages/airflow/example_dags/example_python_operator.py
[2024-08-24T11:31:49.365+0000] {logging_mixin.py:190} INFO - [2024-08-24T11:31:49.365+0000] {dag.py:3211} INFO - Sync 1 DAGs
[2024-08-24T11:31:49.376+0000] {logging_mixin.py:190} INFO - [2024-08-24T11:31:49.376+0000] {dag.py:4138} INFO - Setting next_dagrun for example_python_operator to None, run_after=None
[2024-08-24T11:31:49.385+0000] {processor.py:208} INFO - Processing /home/airflow/.local/lib/python3.12/site-packages/airflow/example_dags/example_python_operator.py took 0.046 seconds
[2024-08-24T11:32:19.452+0000] {processor.py:186} INFO - Started process (PID=1456) to work on /home/airflow/.local/lib/python3.12/site-packages/airflow/example_dags/example_python_operator.py
[2024-08-24T11:32:19.453+0000] {processor.py:914} INFO - Processing file /home/airflow/.local/lib/python3.12/site-packages/airflow/example_dags/example_python_operator.py for tasks to queue
[2024-08-24T11:32:19.454+0000] {logging_mixin.py:190} INFO - [2024-08-24T11:32:19.453+0000] {dagbag.py:587} INFO - Filling up the DagBag from /home/airflow/.local/lib/python3.12/site-packages/airflow/example_dags/example_python_operator.py
[2024-08-24T11:32:19.460+0000] {processor.py:925} INFO - DAG(s) 'example_python_operator' retrieved from /home/airflow/.local/lib/python3.12/site-packages/airflow/example_dags/example_python_operator.py
[2024-08-24T11:32:19.476+0000] {logging_mixin.py:190} INFO - [2024-08-24T11:32:19.475+0000] {dag.py:3211} INFO - Sync 1 DAGs
[2024-08-24T11:32:19.486+0000] {logging_mixin.py:190} INFO - [2024-08-24T11:32:19.486+0000] {dag.py:4138} INFO - Setting next_dagrun for example_python_operator to None, run_after=None
[2024-08-24T11:32:19.500+0000] {processor.py:208} INFO - Processing /home/airflow/.local/lib/python3.12/site-packages/airflow/example_dags/example_python_operator.py took 0.051 seconds
[2024-08-24T11:32:49.809+0000] {processor.py:186} INFO - Started process (PID=1518) to work on /home/airflow/.local/lib/python3.12/site-packages/airflow/example_dags/example_python_operator.py
[2024-08-24T11:32:49.810+0000] {processor.py:914} INFO - Processing file /home/airflow/.local/lib/python3.12/site-packages/airflow/example_dags/example_python_operator.py for tasks to queue
[2024-08-24T11:32:49.811+0000] {logging_mixin.py:190} INFO - [2024-08-24T11:32:49.811+0000] {dagbag.py:587} INFO - Filling up the DagBag from /home/airflow/.local/lib/python3.12/site-packages/airflow/example_dags/example_python_operator.py
[2024-08-24T11:32:49.817+0000] {processor.py:925} INFO - DAG(s) 'example_python_operator' retrieved from /home/airflow/.local/lib/python3.12/site-packages/airflow/example_dags/example_python_operator.py
[2024-08-24T11:32:49.830+0000] {logging_mixin.py:190} INFO - [2024-08-24T11:32:49.830+0000] {dag.py:3211} INFO - Sync 1 DAGs
[2024-08-24T11:32:49.841+0000] {logging_mixin.py:190} INFO - [2024-08-24T11:32:49.841+0000] {dag.py:4138} INFO - Setting next_dagrun for example_python_operator to None, run_after=None
[2024-08-24T11:32:49.851+0000] {processor.py:208} INFO - Processing /home/airflow/.local/lib/python3.12/site-packages/airflow/example_dags/example_python_operator.py took 0.044 seconds
[2024-08-24T11:33:19.958+0000] {processor.py:186} INFO - Started process (PID=1580) to work on /home/airflow/.local/lib/python3.12/site-packages/airflow/example_dags/example_python_operator.py
[2024-08-24T11:33:19.958+0000] {processor.py:914} INFO - Processing file /home/airflow/.local/lib/python3.12/site-packages/airflow/example_dags/example_python_operator.py for tasks to queue
[2024-08-24T11:33:19.960+0000] {logging_mixin.py:190} INFO - [2024-08-24T11:33:19.959+0000] {dagbag.py:587} INFO - Filling up the DagBag from /home/airflow/.local/lib/python3.12/site-packages/airflow/example_dags/example_python_operator.py
[2024-08-24T11:33:19.966+0000] {processor.py:925} INFO - DAG(s) 'example_python_operator' retrieved from /home/airflow/.local/lib/python3.12/site-packages/airflow/example_dags/example_python_operator.py
[2024-08-24T11:33:19.979+0000] {logging_mixin.py:190} INFO - [2024-08-24T11:33:19.979+0000] {dag.py:3211} INFO - Sync 1 DAGs
[2024-08-24T11:33:19.986+0000] {logging_mixin.py:190} INFO - [2024-08-24T11:33:19.986+0000] {dag.py:4138} INFO - Setting next_dagrun for example_python_operator to None, run_after=None
[2024-08-24T11:33:19.996+0000] {processor.py:208} INFO - Processing /home/airflow/.local/lib/python3.12/site-packages/airflow/example_dags/example_python_operator.py took 0.041 seconds
[2024-08-24T11:33:50.230+0000] {processor.py:186} INFO - Started process (PID=1642) to work on /home/airflow/.local/lib/python3.12/site-packages/airflow/example_dags/example_python_operator.py
[2024-08-24T11:33:50.231+0000] {processor.py:914} INFO - Processing file /home/airflow/.local/lib/python3.12/site-packages/airflow/example_dags/example_python_operator.py for tasks to queue
[2024-08-24T11:33:50.232+0000] {logging_mixin.py:190} INFO - [2024-08-24T11:33:50.231+0000] {dagbag.py:587} INFO - Filling up the DagBag from /home/airflow/.local/lib/python3.12/site-packages/airflow/example_dags/example_python_operator.py
[2024-08-24T11:33:50.238+0000] {processor.py:925} INFO - DAG(s) 'example_python_operator' retrieved from /home/airflow/.local/lib/python3.12/site-packages/airflow/example_dags/example_python_operator.py
[2024-08-24T11:33:50.253+0000] {logging_mixin.py:190} INFO - [2024-08-24T11:33:50.253+0000] {dag.py:3211} INFO - Sync 1 DAGs
[2024-08-24T11:33:50.264+0000] {logging_mixin.py:190} INFO - [2024-08-24T11:33:50.264+0000] {dag.py:4138} INFO - Setting next_dagrun for example_python_operator to None, run_after=None
[2024-08-24T11:33:50.278+0000] {processor.py:208} INFO - Processing /home/airflow/.local/lib/python3.12/site-packages/airflow/example_dags/example_python_operator.py took 0.051 seconds
[2024-08-24T11:34:20.414+0000] {processor.py:186} INFO - Started process (PID=1704) to work on /home/airflow/.local/lib/python3.12/site-packages/airflow/example_dags/example_python_operator.py
[2024-08-24T11:34:20.415+0000] {processor.py:914} INFO - Processing file /home/airflow/.local/lib/python3.12/site-packages/airflow/example_dags/example_python_operator.py for tasks to queue
[2024-08-24T11:34:20.416+0000] {logging_mixin.py:190} INFO - [2024-08-24T11:34:20.416+0000] {dagbag.py:587} INFO - Filling up the DagBag from /home/airflow/.local/lib/python3.12/site-packages/airflow/example_dags/example_python_operator.py
[2024-08-24T11:34:20.422+0000] {processor.py:925} INFO - DAG(s) 'example_python_operator' retrieved from /home/airflow/.local/lib/python3.12/site-packages/airflow/example_dags/example_python_operator.py
[2024-08-24T11:34:20.435+0000] {logging_mixin.py:190} INFO - [2024-08-24T11:34:20.435+0000] {dag.py:3211} INFO - Sync 1 DAGs
[2024-08-24T11:34:20.444+0000] {logging_mixin.py:190} INFO - [2024-08-24T11:34:20.444+0000] {dag.py:4138} INFO - Setting next_dagrun for example_python_operator to None, run_after=None
[2024-08-24T11:34:20.454+0000] {processor.py:208} INFO - Processing /home/airflow/.local/lib/python3.12/site-packages/airflow/example_dags/example_python_operator.py took 0.044 seconds
[2024-08-24T11:34:50.611+0000] {processor.py:186} INFO - Started process (PID=1766) to work on /home/airflow/.local/lib/python3.12/site-packages/airflow/example_dags/example_python_operator.py
[2024-08-24T11:34:50.611+0000] {processor.py:914} INFO - Processing file /home/airflow/.local/lib/python3.12/site-packages/airflow/example_dags/example_python_operator.py for tasks to queue
[2024-08-24T11:34:50.613+0000] {logging_mixin.py:190} INFO - [2024-08-24T11:34:50.612+0000] {dagbag.py:587} INFO - Filling up the DagBag from /home/airflow/.local/lib/python3.12/site-packages/airflow/example_dags/example_python_operator.py
[2024-08-24T11:34:50.619+0000] {processor.py:925} INFO - DAG(s) 'example_python_operator' retrieved from /home/airflow/.local/lib/python3.12/site-packages/airflow/example_dags/example_python_operator.py
[2024-08-24T11:34:50.636+0000] {logging_mixin.py:190} INFO - [2024-08-24T11:34:50.635+0000] {dag.py:3211} INFO - Sync 1 DAGs
[2024-08-24T11:34:50.648+0000] {logging_mixin.py:190} INFO - [2024-08-24T11:34:50.647+0000] {dag.py:4138} INFO - Setting next_dagrun for example_python_operator to None, run_after=None
[2024-08-24T11:34:50.662+0000] {processor.py:208} INFO - Processing /home/airflow/.local/lib/python3.12/site-packages/airflow/example_dags/example_python_operator.py took 0.055 seconds
[2024-08-24T11:35:20.932+0000] {processor.py:186} INFO - Started process (PID=1828) to work on /home/airflow/.local/lib/python3.12/site-packages/airflow/example_dags/example_python_operator.py
[2024-08-24T11:35:20.933+0000] {processor.py:914} INFO - Processing file /home/airflow/.local/lib/python3.12/site-packages/airflow/example_dags/example_python_operator.py for tasks to queue
[2024-08-24T11:35:20.936+0000] {logging_mixin.py:190} INFO - [2024-08-24T11:35:20.935+0000] {dagbag.py:587} INFO - Filling up the DagBag from /home/airflow/.local/lib/python3.12/site-packages/airflow/example_dags/example_python_operator.py
[2024-08-24T11:35:20.943+0000] {processor.py:925} INFO - DAG(s) 'example_python_operator' retrieved from /home/airflow/.local/lib/python3.12/site-packages/airflow/example_dags/example_python_operator.py
[2024-08-24T11:35:20.957+0000] {logging_mixin.py:190} INFO - [2024-08-24T11:35:20.957+0000] {dag.py:3211} INFO - Sync 1 DAGs
[2024-08-24T11:35:20.964+0000] {logging_mixin.py:190} INFO - [2024-08-24T11:35:20.964+0000] {dag.py:4138} INFO - Setting next_dagrun for example_python_operator to None, run_after=None
[2024-08-24T11:35:20.973+0000] {processor.py:208} INFO - Processing /home/airflow/.local/lib/python3.12/site-packages/airflow/example_dags/example_python_operator.py took 0.046 seconds
[2024-08-24T11:35:51.242+0000] {processor.py:186} INFO - Started process (PID=1890) to work on /home/airflow/.local/lib/python3.12/site-packages/airflow/example_dags/example_python_operator.py
[2024-08-24T11:35:51.243+0000] {processor.py:914} INFO - Processing file /home/airflow/.local/lib/python3.12/site-packages/airflow/example_dags/example_python_operator.py for tasks to queue
[2024-08-24T11:35:51.244+0000] {logging_mixin.py:190} INFO - [2024-08-24T11:35:51.244+0000] {dagbag.py:587} INFO - Filling up the DagBag from /home/airflow/.local/lib/python3.12/site-packages/airflow/example_dags/example_python_operator.py
[2024-08-24T11:35:51.251+0000] {processor.py:925} INFO - DAG(s) 'example_python_operator' retrieved from /home/airflow/.local/lib/python3.12/site-packages/airflow/example_dags/example_python_operator.py
[2024-08-24T11:35:51.263+0000] {logging_mixin.py:190} INFO - [2024-08-24T11:35:51.263+0000] {dag.py:3211} INFO - Sync 1 DAGs
[2024-08-24T11:35:51.271+0000] {logging_mixin.py:190} INFO - [2024-08-24T11:35:51.271+0000] {dag.py:4138} INFO - Setting next_dagrun for example_python_operator to None, run_after=None
[2024-08-24T11:35:51.280+0000] {processor.py:208} INFO - Processing /home/airflow/.local/lib/python3.12/site-packages/airflow/example_dags/example_python_operator.py took 0.042 seconds
[2024-08-24T11:36:21.703+0000] {processor.py:186} INFO - Started process (PID=1952) to work on /home/airflow/.local/lib/python3.12/site-packages/airflow/example_dags/example_python_operator.py
[2024-08-24T11:36:21.704+0000] {processor.py:914} INFO - Processing file /home/airflow/.local/lib/python3.12/site-packages/airflow/example_dags/example_python_operator.py for tasks to queue
[2024-08-24T11:36:21.705+0000] {logging_mixin.py:190} INFO - [2024-08-24T11:36:21.705+0000] {dagbag.py:587} INFO - Filling up the DagBag from /home/airflow/.local/lib/python3.12/site-packages/airflow/example_dags/example_python_operator.py
[2024-08-24T11:36:21.711+0000] {processor.py:925} INFO - DAG(s) 'example_python_operator' retrieved from /home/airflow/.local/lib/python3.12/site-packages/airflow/example_dags/example_python_operator.py
[2024-08-24T11:36:21.723+0000] {logging_mixin.py:190} INFO - [2024-08-24T11:36:21.723+0000] {dag.py:3211} INFO - Sync 1 DAGs
[2024-08-24T11:36:21.732+0000] {logging_mixin.py:190} INFO - [2024-08-24T11:36:21.731+0000] {dag.py:4138} INFO - Setting next_dagrun for example_python_operator to None, run_after=None
[2024-08-24T11:36:21.742+0000] {processor.py:208} INFO - Processing /home/airflow/.local/lib/python3.12/site-packages/airflow/example_dags/example_python_operator.py took 0.041 seconds
[2024-08-24T11:36:51.879+0000] {processor.py:186} INFO - Started process (PID=2014) to work on /home/airflow/.local/lib/python3.12/site-packages/airflow/example_dags/example_python_operator.py
[2024-08-24T11:36:51.880+0000] {processor.py:914} INFO - Processing file /home/airflow/.local/lib/python3.12/site-packages/airflow/example_dags/example_python_operator.py for tasks to queue
[2024-08-24T11:36:51.881+0000] {logging_mixin.py:190} INFO - [2024-08-24T11:36:51.881+0000] {dagbag.py:587} INFO - Filling up the DagBag from /home/airflow/.local/lib/python3.12/site-packages/airflow/example_dags/example_python_operator.py
[2024-08-24T11:36:51.887+0000] {processor.py:925} INFO - DAG(s) 'example_python_operator' retrieved from /home/airflow/.local/lib/python3.12/site-packages/airflow/example_dags/example_python_operator.py
[2024-08-24T11:36:51.901+0000] {logging_mixin.py:190} INFO - [2024-08-24T11:36:51.901+0000] {dag.py:3211} INFO - Sync 1 DAGs
[2024-08-24T11:36:51.913+0000] {logging_mixin.py:190} INFO - [2024-08-24T11:36:51.913+0000] {dag.py:4138} INFO - Setting next_dagrun for example_python_operator to None, run_after=None
[2024-08-24T11:36:51.926+0000] {processor.py:208} INFO - Processing /home/airflow/.local/lib/python3.12/site-packages/airflow/example_dags/example_python_operator.py took 0.050 seconds
[2024-08-24T11:37:22.173+0000] {processor.py:186} INFO - Started process (PID=2075) to work on /home/airflow/.local/lib/python3.12/site-packages/airflow/example_dags/example_python_operator.py
[2024-08-24T11:37:22.174+0000] {processor.py:914} INFO - Processing file /home/airflow/.local/lib/python3.12/site-packages/airflow/example_dags/example_python_operator.py for tasks to queue
[2024-08-24T11:37:22.175+0000] {logging_mixin.py:190} INFO - [2024-08-24T11:37:22.175+0000] {dagbag.py:587} INFO - Filling up the DagBag from /home/airflow/.local/lib/python3.12/site-packages/airflow/example_dags/example_python_operator.py
[2024-08-24T11:37:22.182+0000] {processor.py:925} INFO - DAG(s) 'example_python_operator' retrieved from /home/airflow/.local/lib/python3.12/site-packages/airflow/example_dags/example_python_operator.py
[2024-08-24T11:37:22.200+0000] {logging_mixin.py:190} INFO - [2024-08-24T11:37:22.200+0000] {dag.py:3211} INFO - Sync 1 DAGs
[2024-08-24T11:37:22.210+0000] {logging_mixin.py:190} INFO - [2024-08-24T11:37:22.210+0000] {dag.py:4138} INFO - Setting next_dagrun for example_python_operator to None, run_after=None
[2024-08-24T11:37:22.221+0000] {processor.py:208} INFO - Processing /home/airflow/.local/lib/python3.12/site-packages/airflow/example_dags/example_python_operator.py took 0.051 seconds
[2024-08-24T11:37:52.836+0000] {processor.py:186} INFO - Started process (PID=2139) to work on /home/airflow/.local/lib/python3.12/site-packages/airflow/example_dags/example_python_operator.py
[2024-08-24T11:37:52.836+0000] {processor.py:914} INFO - Processing file /home/airflow/.local/lib/python3.12/site-packages/airflow/example_dags/example_python_operator.py for tasks to queue
[2024-08-24T11:37:52.838+0000] {logging_mixin.py:190} INFO - [2024-08-24T11:37:52.838+0000] {dagbag.py:587} INFO - Filling up the DagBag from /home/airflow/.local/lib/python3.12/site-packages/airflow/example_dags/example_python_operator.py
[2024-08-24T11:37:52.845+0000] {processor.py:925} INFO - DAG(s) 'example_python_operator' retrieved from /home/airflow/.local/lib/python3.12/site-packages/airflow/example_dags/example_python_operator.py
[2024-08-24T11:37:52.859+0000] {logging_mixin.py:190} INFO - [2024-08-24T11:37:52.859+0000] {dag.py:3211} INFO - Sync 1 DAGs
[2024-08-24T11:37:52.869+0000] {logging_mixin.py:190} INFO - [2024-08-24T11:37:52.868+0000] {dag.py:4138} INFO - Setting next_dagrun for example_python_operator to None, run_after=None
[2024-08-24T11:37:52.881+0000] {processor.py:208} INFO - Processing /home/airflow/.local/lib/python3.12/site-packages/airflow/example_dags/example_python_operator.py took 0.049 seconds
[2024-08-24T11:38:23.388+0000] {processor.py:186} INFO - Started process (PID=2201) to work on /home/airflow/.local/lib/python3.12/site-packages/airflow/example_dags/example_python_operator.py
[2024-08-24T11:38:23.388+0000] {processor.py:914} INFO - Processing file /home/airflow/.local/lib/python3.12/site-packages/airflow/example_dags/example_python_operator.py for tasks to queue
[2024-08-24T11:38:23.389+0000] {logging_mixin.py:190} INFO - [2024-08-24T11:38:23.389+0000] {dagbag.py:587} INFO - Filling up the DagBag from /home/airflow/.local/lib/python3.12/site-packages/airflow/example_dags/example_python_operator.py
[2024-08-24T11:38:23.395+0000] {processor.py:925} INFO - DAG(s) 'example_python_operator' retrieved from /home/airflow/.local/lib/python3.12/site-packages/airflow/example_dags/example_python_operator.py
[2024-08-24T11:38:23.412+0000] {logging_mixin.py:190} INFO - [2024-08-24T11:38:23.412+0000] {dag.py:3211} INFO - Sync 1 DAGs
[2024-08-24T11:38:23.421+0000] {logging_mixin.py:190} INFO - [2024-08-24T11:38:23.421+0000] {dag.py:4138} INFO - Setting next_dagrun for example_python_operator to None, run_after=None
[2024-08-24T11:38:23.435+0000] {processor.py:208} INFO - Processing /home/airflow/.local/lib/python3.12/site-packages/airflow/example_dags/example_python_operator.py took 0.050 seconds
[2024-08-24T11:38:53.831+0000] {processor.py:186} INFO - Started process (PID=2262) to work on /home/airflow/.local/lib/python3.12/site-packages/airflow/example_dags/example_python_operator.py
[2024-08-24T11:38:53.832+0000] {processor.py:914} INFO - Processing file /home/airflow/.local/lib/python3.12/site-packages/airflow/example_dags/example_python_operator.py for tasks to queue
[2024-08-24T11:38:53.833+0000] {logging_mixin.py:190} INFO - [2024-08-24T11:38:53.833+0000] {dagbag.py:587} INFO - Filling up the DagBag from /home/airflow/.local/lib/python3.12/site-packages/airflow/example_dags/example_python_operator.py
[2024-08-24T11:38:53.839+0000] {processor.py:925} INFO - DAG(s) 'example_python_operator' retrieved from /home/airflow/.local/lib/python3.12/site-packages/airflow/example_dags/example_python_operator.py
[2024-08-24T11:38:53.852+0000] {logging_mixin.py:190} INFO - [2024-08-24T11:38:53.852+0000] {dag.py:3211} INFO - Sync 1 DAGs
[2024-08-24T11:38:53.860+0000] {logging_mixin.py:190} INFO - [2024-08-24T11:38:53.859+0000] {dag.py:4138} INFO - Setting next_dagrun for example_python_operator to None, run_after=None
[2024-08-24T11:38:53.869+0000] {processor.py:208} INFO - Processing /home/airflow/.local/lib/python3.12/site-packages/airflow/example_dags/example_python_operator.py took 0.041 seconds
[2024-08-24T11:39:24.447+0000] {processor.py:186} INFO - Started process (PID=2324) to work on /home/airflow/.local/lib/python3.12/site-packages/airflow/example_dags/example_python_operator.py
[2024-08-24T11:39:24.448+0000] {processor.py:914} INFO - Processing file /home/airflow/.local/lib/python3.12/site-packages/airflow/example_dags/example_python_operator.py for tasks to queue
[2024-08-24T11:39:24.449+0000] {logging_mixin.py:190} INFO - [2024-08-24T11:39:24.449+0000] {dagbag.py:587} INFO - Filling up the DagBag from /home/airflow/.local/lib/python3.12/site-packages/airflow/example_dags/example_python_operator.py
[2024-08-24T11:39:24.455+0000] {processor.py:925} INFO - DAG(s) 'example_python_operator' retrieved from /home/airflow/.local/lib/python3.12/site-packages/airflow/example_dags/example_python_operator.py
[2024-08-24T11:39:24.466+0000] {logging_mixin.py:190} INFO - [2024-08-24T11:39:24.466+0000] {dag.py:3211} INFO - Sync 1 DAGs
[2024-08-24T11:39:24.473+0000] {logging_mixin.py:190} INFO - [2024-08-24T11:39:24.473+0000] {dag.py:4138} INFO - Setting next_dagrun for example_python_operator to None, run_after=None
[2024-08-24T11:39:24.483+0000] {processor.py:208} INFO - Processing /home/airflow/.local/lib/python3.12/site-packages/airflow/example_dags/example_python_operator.py took 0.039 seconds
[2024-08-24T11:39:54.983+0000] {processor.py:186} INFO - Started process (PID=2386) to work on /home/airflow/.local/lib/python3.12/site-packages/airflow/example_dags/example_python_operator.py
[2024-08-24T11:39:54.984+0000] {processor.py:914} INFO - Processing file /home/airflow/.local/lib/python3.12/site-packages/airflow/example_dags/example_python_operator.py for tasks to queue
[2024-08-24T11:39:54.985+0000] {logging_mixin.py:190} INFO - [2024-08-24T11:39:54.985+0000] {dagbag.py:587} INFO - Filling up the DagBag from /home/airflow/.local/lib/python3.12/site-packages/airflow/example_dags/example_python_operator.py
[2024-08-24T11:39:54.992+0000] {processor.py:925} INFO - DAG(s) 'example_python_operator' retrieved from /home/airflow/.local/lib/python3.12/site-packages/airflow/example_dags/example_python_operator.py
[2024-08-24T11:39:55.008+0000] {logging_mixin.py:190} INFO - [2024-08-24T11:39:55.007+0000] {dag.py:3211} INFO - Sync 1 DAGs
[2024-08-24T11:39:55.018+0000] {logging_mixin.py:190} INFO - [2024-08-24T11:39:55.018+0000] {dag.py:4138} INFO - Setting next_dagrun for example_python_operator to None, run_after=None
[2024-08-24T11:39:55.033+0000] {processor.py:208} INFO - Processing /home/airflow/.local/lib/python3.12/site-packages/airflow/example_dags/example_python_operator.py took 0.054 seconds
[2024-08-24T11:40:25.539+0000] {processor.py:186} INFO - Started process (PID=2448) to work on /home/airflow/.local/lib/python3.12/site-packages/airflow/example_dags/example_python_operator.py
[2024-08-24T11:40:25.540+0000] {processor.py:914} INFO - Processing file /home/airflow/.local/lib/python3.12/site-packages/airflow/example_dags/example_python_operator.py for tasks to queue
[2024-08-24T11:40:25.541+0000] {logging_mixin.py:190} INFO - [2024-08-24T11:40:25.541+0000] {dagbag.py:587} INFO - Filling up the DagBag from /home/airflow/.local/lib/python3.12/site-packages/airflow/example_dags/example_python_operator.py
[2024-08-24T11:40:25.549+0000] {processor.py:925} INFO - DAG(s) 'example_python_operator' retrieved from /home/airflow/.local/lib/python3.12/site-packages/airflow/example_dags/example_python_operator.py
[2024-08-24T11:40:25.568+0000] {logging_mixin.py:190} INFO - [2024-08-24T11:40:25.568+0000] {dag.py:3211} INFO - Sync 1 DAGs
[2024-08-24T11:40:25.579+0000] {logging_mixin.py:190} INFO - [2024-08-24T11:40:25.579+0000] {dag.py:4138} INFO - Setting next_dagrun for example_python_operator to None, run_after=None
[2024-08-24T11:40:25.593+0000] {processor.py:208} INFO - Processing /home/airflow/.local/lib/python3.12/site-packages/airflow/example_dags/example_python_operator.py took 0.058 seconds
[2024-08-24T11:40:56.201+0000] {processor.py:186} INFO - Started process (PID=2510) to work on /home/airflow/.local/lib/python3.12/site-packages/airflow/example_dags/example_python_operator.py
[2024-08-24T11:40:56.201+0000] {processor.py:914} INFO - Processing file /home/airflow/.local/lib/python3.12/site-packages/airflow/example_dags/example_python_operator.py for tasks to queue
[2024-08-24T11:40:56.202+0000] {logging_mixin.py:190} INFO - [2024-08-24T11:40:56.202+0000] {dagbag.py:587} INFO - Filling up the DagBag from /home/airflow/.local/lib/python3.12/site-packages/airflow/example_dags/example_python_operator.py
[2024-08-24T11:40:56.209+0000] {processor.py:925} INFO - DAG(s) 'example_python_operator' retrieved from /home/airflow/.local/lib/python3.12/site-packages/airflow/example_dags/example_python_operator.py
[2024-08-24T11:40:56.224+0000] {logging_mixin.py:190} INFO - [2024-08-24T11:40:56.224+0000] {dag.py:3211} INFO - Sync 1 DAGs
[2024-08-24T11:40:56.233+0000] {logging_mixin.py:190} INFO - [2024-08-24T11:40:56.233+0000] {dag.py:4138} INFO - Setting next_dagrun for example_python_operator to None, run_after=None
[2024-08-24T11:40:56.243+0000] {processor.py:208} INFO - Processing /home/airflow/.local/lib/python3.12/site-packages/airflow/example_dags/example_python_operator.py took 0.047 seconds
[2024-08-24T11:41:26.586+0000] {processor.py:186} INFO - Started process (PID=2571) to work on /home/airflow/.local/lib/python3.12/site-packages/airflow/example_dags/example_python_operator.py
[2024-08-24T11:41:26.586+0000] {processor.py:914} INFO - Processing file /home/airflow/.local/lib/python3.12/site-packages/airflow/example_dags/example_python_operator.py for tasks to queue
[2024-08-24T11:41:26.588+0000] {logging_mixin.py:190} INFO - [2024-08-24T11:41:26.587+0000] {dagbag.py:587} INFO - Filling up the DagBag from /home/airflow/.local/lib/python3.12/site-packages/airflow/example_dags/example_python_operator.py
[2024-08-24T11:41:26.594+0000] {processor.py:925} INFO - DAG(s) 'example_python_operator' retrieved from /home/airflow/.local/lib/python3.12/site-packages/airflow/example_dags/example_python_operator.py
[2024-08-24T11:41:26.606+0000] {logging_mixin.py:190} INFO - [2024-08-24T11:41:26.606+0000] {dag.py:3211} INFO - Sync 1 DAGs
[2024-08-24T11:41:26.613+0000] {logging_mixin.py:190} INFO - [2024-08-24T11:41:26.613+0000] {dag.py:4138} INFO - Setting next_dagrun for example_python_operator to None, run_after=None
[2024-08-24T11:41:26.621+0000] {processor.py:208} INFO - Processing /home/airflow/.local/lib/python3.12/site-packages/airflow/example_dags/example_python_operator.py took 0.040 seconds
[2024-08-24T11:41:57.228+0000] {processor.py:186} INFO - Started process (PID=2634) to work on /home/airflow/.local/lib/python3.12/site-packages/airflow/example_dags/example_python_operator.py
[2024-08-24T11:41:57.229+0000] {processor.py:914} INFO - Processing file /home/airflow/.local/lib/python3.12/site-packages/airflow/example_dags/example_python_operator.py for tasks to queue
[2024-08-24T11:41:57.230+0000] {logging_mixin.py:190} INFO - [2024-08-24T11:41:57.230+0000] {dagbag.py:587} INFO - Filling up the DagBag from /home/airflow/.local/lib/python3.12/site-packages/airflow/example_dags/example_python_operator.py
[2024-08-24T11:41:57.236+0000] {processor.py:925} INFO - DAG(s) 'example_python_operator' retrieved from /home/airflow/.local/lib/python3.12/site-packages/airflow/example_dags/example_python_operator.py
[2024-08-24T11:41:57.253+0000] {logging_mixin.py:190} INFO - [2024-08-24T11:41:57.252+0000] {dag.py:3211} INFO - Sync 1 DAGs
[2024-08-24T11:41:57.261+0000] {logging_mixin.py:190} INFO - [2024-08-24T11:41:57.261+0000] {dag.py:4138} INFO - Setting next_dagrun for example_python_operator to None, run_after=None
[2024-08-24T11:41:57.271+0000] {processor.py:208} INFO - Processing /home/airflow/.local/lib/python3.12/site-packages/airflow/example_dags/example_python_operator.py took 0.045 seconds
[2024-08-24T11:42:27.591+0000] {processor.py:186} INFO - Started process (PID=2696) to work on /home/airflow/.local/lib/python3.12/site-packages/airflow/example_dags/example_python_operator.py
[2024-08-24T11:42:27.591+0000] {processor.py:914} INFO - Processing file /home/airflow/.local/lib/python3.12/site-packages/airflow/example_dags/example_python_operator.py for tasks to queue
[2024-08-24T11:42:27.593+0000] {logging_mixin.py:190} INFO - [2024-08-24T11:42:27.592+0000] {dagbag.py:587} INFO - Filling up the DagBag from /home/airflow/.local/lib/python3.12/site-packages/airflow/example_dags/example_python_operator.py
[2024-08-24T11:42:27.601+0000] {processor.py:925} INFO - DAG(s) 'example_python_operator' retrieved from /home/airflow/.local/lib/python3.12/site-packages/airflow/example_dags/example_python_operator.py
[2024-08-24T11:42:27.615+0000] {logging_mixin.py:190} INFO - [2024-08-24T11:42:27.615+0000] {dag.py:3211} INFO - Sync 1 DAGs
[2024-08-24T11:42:27.625+0000] {logging_mixin.py:190} INFO - [2024-08-24T11:42:27.625+0000] {dag.py:4138} INFO - Setting next_dagrun for example_python_operator to None, run_after=None
[2024-08-24T11:42:27.637+0000] {processor.py:208} INFO - Processing /home/airflow/.local/lib/python3.12/site-packages/airflow/example_dags/example_python_operator.py took 0.051 seconds
[2024-08-24T11:42:58.147+0000] {processor.py:186} INFO - Started process (PID=2758) to work on /home/airflow/.local/lib/python3.12/site-packages/airflow/example_dags/example_python_operator.py
[2024-08-24T11:42:58.147+0000] {processor.py:914} INFO - Processing file /home/airflow/.local/lib/python3.12/site-packages/airflow/example_dags/example_python_operator.py for tasks to queue
[2024-08-24T11:42:58.148+0000] {logging_mixin.py:190} INFO - [2024-08-24T11:42:58.148+0000] {dagbag.py:587} INFO - Filling up the DagBag from /home/airflow/.local/lib/python3.12/site-packages/airflow/example_dags/example_python_operator.py
[2024-08-24T11:42:58.154+0000] {processor.py:925} INFO - DAG(s) 'example_python_operator' retrieved from /home/airflow/.local/lib/python3.12/site-packages/airflow/example_dags/example_python_operator.py
[2024-08-24T11:42:58.171+0000] {logging_mixin.py:190} INFO - [2024-08-24T11:42:58.171+0000] {dag.py:3211} INFO - Sync 1 DAGs
[2024-08-24T11:42:58.178+0000] {logging_mixin.py:190} INFO - [2024-08-24T11:42:58.178+0000] {dag.py:4138} INFO - Setting next_dagrun for example_python_operator to None, run_after=None
[2024-08-24T11:42:58.187+0000] {processor.py:208} INFO - Processing /home/airflow/.local/lib/python3.12/site-packages/airflow/example_dags/example_python_operator.py took 0.044 seconds
[2024-08-24T11:43:28.594+0000] {processor.py:186} INFO - Started process (PID=2820) to work on /home/airflow/.local/lib/python3.12/site-packages/airflow/example_dags/example_python_operator.py
[2024-08-24T11:43:28.594+0000] {processor.py:914} INFO - Processing file /home/airflow/.local/lib/python3.12/site-packages/airflow/example_dags/example_python_operator.py for tasks to queue
[2024-08-24T11:43:28.596+0000] {logging_mixin.py:190} INFO - [2024-08-24T11:43:28.595+0000] {dagbag.py:587} INFO - Filling up the DagBag from /home/airflow/.local/lib/python3.12/site-packages/airflow/example_dags/example_python_operator.py
[2024-08-24T11:43:28.601+0000] {processor.py:925} INFO - DAG(s) 'example_python_operator' retrieved from /home/airflow/.local/lib/python3.12/site-packages/airflow/example_dags/example_python_operator.py
[2024-08-24T11:43:28.619+0000] {logging_mixin.py:190} INFO - [2024-08-24T11:43:28.619+0000] {dag.py:3211} INFO - Sync 1 DAGs
[2024-08-24T11:43:28.629+0000] {logging_mixin.py:190} INFO - [2024-08-24T11:43:28.629+0000] {dag.py:4138} INFO - Setting next_dagrun for example_python_operator to None, run_after=None
[2024-08-24T11:43:28.644+0000] {processor.py:208} INFO - Processing /home/airflow/.local/lib/python3.12/site-packages/airflow/example_dags/example_python_operator.py took 0.053 seconds
[2024-08-24T11:43:59.233+0000] {processor.py:186} INFO - Started process (PID=2882) to work on /home/airflow/.local/lib/python3.12/site-packages/airflow/example_dags/example_python_operator.py
[2024-08-24T11:43:59.233+0000] {processor.py:914} INFO - Processing file /home/airflow/.local/lib/python3.12/site-packages/airflow/example_dags/example_python_operator.py for tasks to queue
[2024-08-24T11:43:59.235+0000] {logging_mixin.py:190} INFO - [2024-08-24T11:43:59.235+0000] {dagbag.py:587} INFO - Filling up the DagBag from /home/airflow/.local/lib/python3.12/site-packages/airflow/example_dags/example_python_operator.py
[2024-08-24T11:43:59.242+0000] {processor.py:925} INFO - DAG(s) 'example_python_operator' retrieved from /home/airflow/.local/lib/python3.12/site-packages/airflow/example_dags/example_python_operator.py
[2024-08-24T11:43:59.258+0000] {logging_mixin.py:190} INFO - [2024-08-24T11:43:59.258+0000] {dag.py:3211} INFO - Sync 1 DAGs
[2024-08-24T11:43:59.266+0000] {logging_mixin.py:190} INFO - [2024-08-24T11:43:59.266+0000] {dag.py:4138} INFO - Setting next_dagrun for example_python_operator to None, run_after=None
[2024-08-24T11:43:59.275+0000] {processor.py:208} INFO - Processing /home/airflow/.local/lib/python3.12/site-packages/airflow/example_dags/example_python_operator.py took 0.046 seconds
[2024-08-24T11:44:29.539+0000] {processor.py:186} INFO - Started process (PID=2944) to work on /home/airflow/.local/lib/python3.12/site-packages/airflow/example_dags/example_python_operator.py
[2024-08-24T11:44:29.540+0000] {processor.py:914} INFO - Processing file /home/airflow/.local/lib/python3.12/site-packages/airflow/example_dags/example_python_operator.py for tasks to queue
[2024-08-24T11:44:29.541+0000] {logging_mixin.py:190} INFO - [2024-08-24T11:44:29.541+0000] {dagbag.py:587} INFO - Filling up the DagBag from /home/airflow/.local/lib/python3.12/site-packages/airflow/example_dags/example_python_operator.py
[2024-08-24T11:44:29.547+0000] {processor.py:925} INFO - DAG(s) 'example_python_operator' retrieved from /home/airflow/.local/lib/python3.12/site-packages/airflow/example_dags/example_python_operator.py
[2024-08-24T11:44:29.560+0000] {logging_mixin.py:190} INFO - [2024-08-24T11:44:29.560+0000] {dag.py:3211} INFO - Sync 1 DAGs
[2024-08-24T11:44:29.567+0000] {logging_mixin.py:190} INFO - [2024-08-24T11:44:29.567+0000] {dag.py:4138} INFO - Setting next_dagrun for example_python_operator to None, run_after=None
[2024-08-24T11:44:29.576+0000] {processor.py:208} INFO - Processing /home/airflow/.local/lib/python3.12/site-packages/airflow/example_dags/example_python_operator.py took 0.040 seconds
[2024-08-24T11:45:00.246+0000] {processor.py:186} INFO - Started process (PID=3007) to work on /home/airflow/.local/lib/python3.12/site-packages/airflow/example_dags/example_python_operator.py
[2024-08-24T11:45:00.247+0000] {processor.py:914} INFO - Processing file /home/airflow/.local/lib/python3.12/site-packages/airflow/example_dags/example_python_operator.py for tasks to queue
[2024-08-24T11:45:00.248+0000] {logging_mixin.py:190} INFO - [2024-08-24T11:45:00.248+0000] {dagbag.py:587} INFO - Filling up the DagBag from /home/airflow/.local/lib/python3.12/site-packages/airflow/example_dags/example_python_operator.py
[2024-08-24T11:45:00.254+0000] {processor.py:925} INFO - DAG(s) 'example_python_operator' retrieved from /home/airflow/.local/lib/python3.12/site-packages/airflow/example_dags/example_python_operator.py
[2024-08-24T11:45:00.275+0000] {logging_mixin.py:190} INFO - [2024-08-24T11:45:00.275+0000] {dag.py:3211} INFO - Sync 1 DAGs
[2024-08-24T11:45:00.292+0000] {logging_mixin.py:190} INFO - [2024-08-24T11:45:00.291+0000] {dag.py:4138} INFO - Setting next_dagrun for example_python_operator to None, run_after=None
[2024-08-24T11:45:00.397+0000] {processor.py:208} INFO - Processing /home/airflow/.local/lib/python3.12/site-packages/airflow/example_dags/example_python_operator.py took 0.155 seconds
[2024-08-24T11:45:30.424+0000] {processor.py:186} INFO - Started process (PID=3070) to work on /home/airflow/.local/lib/python3.12/site-packages/airflow/example_dags/example_python_operator.py
[2024-08-24T11:45:30.424+0000] {processor.py:914} INFO - Processing file /home/airflow/.local/lib/python3.12/site-packages/airflow/example_dags/example_python_operator.py for tasks to queue
[2024-08-24T11:45:30.426+0000] {logging_mixin.py:190} INFO - [2024-08-24T11:45:30.426+0000] {dagbag.py:587} INFO - Filling up the DagBag from /home/airflow/.local/lib/python3.12/site-packages/airflow/example_dags/example_python_operator.py
[2024-08-24T11:45:30.433+0000] {processor.py:925} INFO - DAG(s) 'example_python_operator' retrieved from /home/airflow/.local/lib/python3.12/site-packages/airflow/example_dags/example_python_operator.py
[2024-08-24T11:45:30.445+0000] {logging_mixin.py:190} INFO - [2024-08-24T11:45:30.445+0000] {dag.py:3211} INFO - Sync 1 DAGs
[2024-08-24T11:45:30.452+0000] {logging_mixin.py:190} INFO - [2024-08-24T11:45:30.452+0000] {dag.py:4138} INFO - Setting next_dagrun for example_python_operator to None, run_after=None
[2024-08-24T11:45:30.460+0000] {processor.py:208} INFO - Processing /home/airflow/.local/lib/python3.12/site-packages/airflow/example_dags/example_python_operator.py took 0.041 seconds
[2024-08-24T11:46:01.587+0000] {processor.py:186} INFO - Started process (PID=3132) to work on /home/airflow/.local/lib/python3.12/site-packages/airflow/example_dags/example_python_operator.py
[2024-08-24T11:46:01.588+0000] {processor.py:914} INFO - Processing file /home/airflow/.local/lib/python3.12/site-packages/airflow/example_dags/example_python_operator.py for tasks to queue
[2024-08-24T11:46:01.589+0000] {logging_mixin.py:190} INFO - [2024-08-24T11:46:01.589+0000] {dagbag.py:587} INFO - Filling up the DagBag from /home/airflow/.local/lib/python3.12/site-packages/airflow/example_dags/example_python_operator.py
[2024-08-24T11:46:01.597+0000] {processor.py:925} INFO - DAG(s) 'example_python_operator' retrieved from /home/airflow/.local/lib/python3.12/site-packages/airflow/example_dags/example_python_operator.py
[2024-08-24T11:46:01.612+0000] {logging_mixin.py:190} INFO - [2024-08-24T11:46:01.612+0000] {dag.py:3211} INFO - Sync 1 DAGs
[2024-08-24T11:46:01.624+0000] {logging_mixin.py:190} INFO - [2024-08-24T11:46:01.624+0000] {dag.py:4138} INFO - Setting next_dagrun for example_python_operator to None, run_after=None
[2024-08-24T11:46:01.640+0000] {processor.py:208} INFO - Processing /home/airflow/.local/lib/python3.12/site-packages/airflow/example_dags/example_python_operator.py took 0.056 seconds
[2024-08-24T11:46:32.596+0000] {processor.py:186} INFO - Started process (PID=3194) to work on /home/airflow/.local/lib/python3.12/site-packages/airflow/example_dags/example_python_operator.py
[2024-08-24T11:46:32.596+0000] {processor.py:914} INFO - Processing file /home/airflow/.local/lib/python3.12/site-packages/airflow/example_dags/example_python_operator.py for tasks to queue
[2024-08-24T11:46:32.598+0000] {logging_mixin.py:190} INFO - [2024-08-24T11:46:32.597+0000] {dagbag.py:587} INFO - Filling up the DagBag from /home/airflow/.local/lib/python3.12/site-packages/airflow/example_dags/example_python_operator.py
[2024-08-24T11:46:32.603+0000] {processor.py:925} INFO - DAG(s) 'example_python_operator' retrieved from /home/airflow/.local/lib/python3.12/site-packages/airflow/example_dags/example_python_operator.py
[2024-08-24T11:46:32.616+0000] {logging_mixin.py:190} INFO - [2024-08-24T11:46:32.616+0000] {dag.py:3211} INFO - Sync 1 DAGs
[2024-08-24T11:46:32.623+0000] {logging_mixin.py:190} INFO - [2024-08-24T11:46:32.623+0000] {dag.py:4138} INFO - Setting next_dagrun for example_python_operator to None, run_after=None
[2024-08-24T11:46:32.632+0000] {processor.py:208} INFO - Processing /home/airflow/.local/lib/python3.12/site-packages/airflow/example_dags/example_python_operator.py took 0.039 seconds
[2024-08-24T11:47:03.367+0000] {processor.py:186} INFO - Started process (PID=3256) to work on /home/airflow/.local/lib/python3.12/site-packages/airflow/example_dags/example_python_operator.py
[2024-08-24T11:47:03.368+0000] {processor.py:914} INFO - Processing file /home/airflow/.local/lib/python3.12/site-packages/airflow/example_dags/example_python_operator.py for tasks to queue
[2024-08-24T11:47:03.369+0000] {logging_mixin.py:190} INFO - [2024-08-24T11:47:03.369+0000] {dagbag.py:587} INFO - Filling up the DagBag from /home/airflow/.local/lib/python3.12/site-packages/airflow/example_dags/example_python_operator.py
[2024-08-24T11:47:03.375+0000] {processor.py:925} INFO - DAG(s) 'example_python_operator' retrieved from /home/airflow/.local/lib/python3.12/site-packages/airflow/example_dags/example_python_operator.py
[2024-08-24T11:47:03.483+0000] {logging_mixin.py:190} INFO - [2024-08-24T11:47:03.483+0000] {dag.py:3211} INFO - Sync 1 DAGs
[2024-08-24T11:47:03.492+0000] {logging_mixin.py:190} INFO - [2024-08-24T11:47:03.491+0000] {dag.py:4138} INFO - Setting next_dagrun for example_python_operator to None, run_after=None
[2024-08-24T11:47:03.504+0000] {processor.py:208} INFO - Processing /home/airflow/.local/lib/python3.12/site-packages/airflow/example_dags/example_python_operator.py took 0.141 seconds
[2024-08-24T11:47:34.359+0000] {processor.py:186} INFO - Started process (PID=3318) to work on /home/airflow/.local/lib/python3.12/site-packages/airflow/example_dags/example_python_operator.py
[2024-08-24T11:47:34.360+0000] {processor.py:914} INFO - Processing file /home/airflow/.local/lib/python3.12/site-packages/airflow/example_dags/example_python_operator.py for tasks to queue
[2024-08-24T11:47:34.361+0000] {logging_mixin.py:190} INFO - [2024-08-24T11:47:34.361+0000] {dagbag.py:587} INFO - Filling up the DagBag from /home/airflow/.local/lib/python3.12/site-packages/airflow/example_dags/example_python_operator.py
[2024-08-24T11:47:34.367+0000] {processor.py:925} INFO - DAG(s) 'example_python_operator' retrieved from /home/airflow/.local/lib/python3.12/site-packages/airflow/example_dags/example_python_operator.py
[2024-08-24T11:47:34.380+0000] {logging_mixin.py:190} INFO - [2024-08-24T11:47:34.380+0000] {dag.py:3211} INFO - Sync 1 DAGs
[2024-08-24T11:47:34.387+0000] {logging_mixin.py:190} INFO - [2024-08-24T11:47:34.387+0000] {dag.py:4138} INFO - Setting next_dagrun for example_python_operator to None, run_after=None
[2024-08-24T11:47:34.396+0000] {processor.py:208} INFO - Processing /home/airflow/.local/lib/python3.12/site-packages/airflow/example_dags/example_python_operator.py took 0.041 seconds
[2024-08-24T11:48:04.700+0000] {processor.py:186} INFO - Started process (PID=3380) to work on /home/airflow/.local/lib/python3.12/site-packages/airflow/example_dags/example_python_operator.py
[2024-08-24T11:48:04.700+0000] {processor.py:914} INFO - Processing file /home/airflow/.local/lib/python3.12/site-packages/airflow/example_dags/example_python_operator.py for tasks to queue
[2024-08-24T11:48:04.702+0000] {logging_mixin.py:190} INFO - [2024-08-24T11:48:04.702+0000] {dagbag.py:587} INFO - Filling up the DagBag from /home/airflow/.local/lib/python3.12/site-packages/airflow/example_dags/example_python_operator.py
[2024-08-24T11:48:04.709+0000] {processor.py:925} INFO - DAG(s) 'example_python_operator' retrieved from /home/airflow/.local/lib/python3.12/site-packages/airflow/example_dags/example_python_operator.py
[2024-08-24T11:48:04.724+0000] {logging_mixin.py:190} INFO - [2024-08-24T11:48:04.724+0000] {dag.py:3211} INFO - Sync 1 DAGs
[2024-08-24T11:48:04.732+0000] {logging_mixin.py:190} INFO - [2024-08-24T11:48:04.731+0000] {dag.py:4138} INFO - Setting next_dagrun for example_python_operator to None, run_after=None
[2024-08-24T11:48:04.740+0000] {processor.py:208} INFO - Processing /home/airflow/.local/lib/python3.12/site-packages/airflow/example_dags/example_python_operator.py took 0.047 seconds
[2024-08-24T11:48:34.953+0000] {processor.py:186} INFO - Started process (PID=3442) to work on /home/airflow/.local/lib/python3.12/site-packages/airflow/example_dags/example_python_operator.py
[2024-08-24T11:48:34.954+0000] {processor.py:914} INFO - Processing file /home/airflow/.local/lib/python3.12/site-packages/airflow/example_dags/example_python_operator.py for tasks to queue
[2024-08-24T11:48:34.955+0000] {logging_mixin.py:190} INFO - [2024-08-24T11:48:34.955+0000] {dagbag.py:587} INFO - Filling up the DagBag from /home/airflow/.local/lib/python3.12/site-packages/airflow/example_dags/example_python_operator.py
[2024-08-24T11:48:34.962+0000] {processor.py:925} INFO - DAG(s) 'example_python_operator' retrieved from /home/airflow/.local/lib/python3.12/site-packages/airflow/example_dags/example_python_operator.py
[2024-08-24T11:48:34.974+0000] {logging_mixin.py:190} INFO - [2024-08-24T11:48:34.974+0000] {dag.py:3211} INFO - Sync 1 DAGs
[2024-08-24T11:48:34.982+0000] {logging_mixin.py:190} INFO - [2024-08-24T11:48:34.982+0000] {dag.py:4138} INFO - Setting next_dagrun for example_python_operator to None, run_after=None
[2024-08-24T11:48:34.991+0000] {processor.py:208} INFO - Processing /home/airflow/.local/lib/python3.12/site-packages/airflow/example_dags/example_python_operator.py took 0.043 seconds
[2024-08-24T11:49:05.313+0000] {processor.py:186} INFO - Started process (PID=3504) to work on /home/airflow/.local/lib/python3.12/site-packages/airflow/example_dags/example_python_operator.py
[2024-08-24T11:49:05.314+0000] {processor.py:914} INFO - Processing file /home/airflow/.local/lib/python3.12/site-packages/airflow/example_dags/example_python_operator.py for tasks to queue
[2024-08-24T11:49:05.315+0000] {logging_mixin.py:190} INFO - [2024-08-24T11:49:05.315+0000] {dagbag.py:587} INFO - Filling up the DagBag from /home/airflow/.local/lib/python3.12/site-packages/airflow/example_dags/example_python_operator.py
[2024-08-24T11:49:05.322+0000] {processor.py:925} INFO - DAG(s) 'example_python_operator' retrieved from /home/airflow/.local/lib/python3.12/site-packages/airflow/example_dags/example_python_operator.py
[2024-08-24T11:49:05.333+0000] {logging_mixin.py:190} INFO - [2024-08-24T11:49:05.333+0000] {dag.py:3211} INFO - Sync 1 DAGs
[2024-08-24T11:49:05.341+0000] {logging_mixin.py:190} INFO - [2024-08-24T11:49:05.341+0000] {dag.py:4138} INFO - Setting next_dagrun for example_python_operator to None, run_after=None
[2024-08-24T11:49:05.350+0000] {processor.py:208} INFO - Processing /home/airflow/.local/lib/python3.12/site-packages/airflow/example_dags/example_python_operator.py took 0.040 seconds
[2024-08-24T11:49:35.600+0000] {processor.py:186} INFO - Started process (PID=3566) to work on /home/airflow/.local/lib/python3.12/site-packages/airflow/example_dags/example_python_operator.py
[2024-08-24T11:49:35.601+0000] {processor.py:914} INFO - Processing file /home/airflow/.local/lib/python3.12/site-packages/airflow/example_dags/example_python_operator.py for tasks to queue
[2024-08-24T11:49:35.602+0000] {logging_mixin.py:190} INFO - [2024-08-24T11:49:35.602+0000] {dagbag.py:587} INFO - Filling up the DagBag from /home/airflow/.local/lib/python3.12/site-packages/airflow/example_dags/example_python_operator.py
[2024-08-24T11:49:35.611+0000] {processor.py:925} INFO - DAG(s) 'example_python_operator' retrieved from /home/airflow/.local/lib/python3.12/site-packages/airflow/example_dags/example_python_operator.py
[2024-08-24T11:49:35.626+0000] {logging_mixin.py:190} INFO - [2024-08-24T11:49:35.626+0000] {dag.py:3211} INFO - Sync 1 DAGs
[2024-08-24T11:49:35.634+0000] {logging_mixin.py:190} INFO - [2024-08-24T11:49:35.634+0000] {dag.py:4138} INFO - Setting next_dagrun for example_python_operator to None, run_after=None
[2024-08-24T11:49:35.644+0000] {processor.py:208} INFO - Processing /home/airflow/.local/lib/python3.12/site-packages/airflow/example_dags/example_python_operator.py took 0.048 seconds
[2024-08-24T11:50:05.959+0000] {processor.py:186} INFO - Started process (PID=3628) to work on /home/airflow/.local/lib/python3.12/site-packages/airflow/example_dags/example_python_operator.py
[2024-08-24T11:50:05.960+0000] {processor.py:914} INFO - Processing file /home/airflow/.local/lib/python3.12/site-packages/airflow/example_dags/example_python_operator.py for tasks to queue
[2024-08-24T11:50:05.961+0000] {logging_mixin.py:190} INFO - [2024-08-24T11:50:05.960+0000] {dagbag.py:587} INFO - Filling up the DagBag from /home/airflow/.local/lib/python3.12/site-packages/airflow/example_dags/example_python_operator.py
[2024-08-24T11:50:05.967+0000] {processor.py:925} INFO - DAG(s) 'example_python_operator' retrieved from /home/airflow/.local/lib/python3.12/site-packages/airflow/example_dags/example_python_operator.py
[2024-08-24T11:50:05.978+0000] {logging_mixin.py:190} INFO - [2024-08-24T11:50:05.978+0000] {dag.py:3211} INFO - Sync 1 DAGs
[2024-08-24T11:50:05.985+0000] {logging_mixin.py:190} INFO - [2024-08-24T11:50:05.985+0000] {dag.py:4138} INFO - Setting next_dagrun for example_python_operator to None, run_after=None
[2024-08-24T11:50:05.995+0000] {processor.py:208} INFO - Processing /home/airflow/.local/lib/python3.12/site-packages/airflow/example_dags/example_python_operator.py took 0.039 seconds
[2024-08-24T11:50:36.275+0000] {processor.py:186} INFO - Started process (PID=3690) to work on /home/airflow/.local/lib/python3.12/site-packages/airflow/example_dags/example_python_operator.py
[2024-08-24T11:50:36.276+0000] {processor.py:914} INFO - Processing file /home/airflow/.local/lib/python3.12/site-packages/airflow/example_dags/example_python_operator.py for tasks to queue
[2024-08-24T11:50:36.278+0000] {logging_mixin.py:190} INFO - [2024-08-24T11:50:36.277+0000] {dagbag.py:587} INFO - Filling up the DagBag from /home/airflow/.local/lib/python3.12/site-packages/airflow/example_dags/example_python_operator.py
[2024-08-24T11:50:36.285+0000] {processor.py:925} INFO - DAG(s) 'example_python_operator' retrieved from /home/airflow/.local/lib/python3.12/site-packages/airflow/example_dags/example_python_operator.py
[2024-08-24T11:50:36.298+0000] {logging_mixin.py:190} INFO - [2024-08-24T11:50:36.297+0000] {dag.py:3211} INFO - Sync 1 DAGs
[2024-08-24T11:50:36.305+0000] {logging_mixin.py:190} INFO - [2024-08-24T11:50:36.304+0000] {dag.py:4138} INFO - Setting next_dagrun for example_python_operator to None, run_after=None
[2024-08-24T11:50:36.313+0000] {processor.py:208} INFO - Processing /home/airflow/.local/lib/python3.12/site-packages/airflow/example_dags/example_python_operator.py took 0.041 seconds
[2024-08-24T11:51:06.784+0000] {processor.py:186} INFO - Started process (PID=3752) to work on /home/airflow/.local/lib/python3.12/site-packages/airflow/example_dags/example_python_operator.py
[2024-08-24T11:51:06.784+0000] {processor.py:914} INFO - Processing file /home/airflow/.local/lib/python3.12/site-packages/airflow/example_dags/example_python_operator.py for tasks to queue
[2024-08-24T11:51:06.785+0000] {logging_mixin.py:190} INFO - [2024-08-24T11:51:06.785+0000] {dagbag.py:587} INFO - Filling up the DagBag from /home/airflow/.local/lib/python3.12/site-packages/airflow/example_dags/example_python_operator.py
[2024-08-24T11:51:06.791+0000] {processor.py:925} INFO - DAG(s) 'example_python_operator' retrieved from /home/airflow/.local/lib/python3.12/site-packages/airflow/example_dags/example_python_operator.py
[2024-08-24T11:51:06.803+0000] {logging_mixin.py:190} INFO - [2024-08-24T11:51:06.803+0000] {dag.py:3211} INFO - Sync 1 DAGs
[2024-08-24T11:51:06.810+0000] {logging_mixin.py:190} INFO - [2024-08-24T11:51:06.810+0000] {dag.py:4138} INFO - Setting next_dagrun for example_python_operator to None, run_after=None
[2024-08-24T11:51:06.820+0000] {processor.py:208} INFO - Processing /home/airflow/.local/lib/python3.12/site-packages/airflow/example_dags/example_python_operator.py took 0.039 seconds
[2024-08-24T11:51:37.150+0000] {processor.py:186} INFO - Started process (PID=3814) to work on /home/airflow/.local/lib/python3.12/site-packages/airflow/example_dags/example_python_operator.py
[2024-08-24T11:51:37.151+0000] {processor.py:914} INFO - Processing file /home/airflow/.local/lib/python3.12/site-packages/airflow/example_dags/example_python_operator.py for tasks to queue
[2024-08-24T11:51:37.152+0000] {logging_mixin.py:190} INFO - [2024-08-24T11:51:37.152+0000] {dagbag.py:587} INFO - Filling up the DagBag from /home/airflow/.local/lib/python3.12/site-packages/airflow/example_dags/example_python_operator.py
[2024-08-24T11:51:37.158+0000] {processor.py:925} INFO - DAG(s) 'example_python_operator' retrieved from /home/airflow/.local/lib/python3.12/site-packages/airflow/example_dags/example_python_operator.py
[2024-08-24T11:51:37.169+0000] {logging_mixin.py:190} INFO - [2024-08-24T11:51:37.169+0000] {dag.py:3211} INFO - Sync 1 DAGs
[2024-08-24T11:51:37.178+0000] {logging_mixin.py:190} INFO - [2024-08-24T11:51:37.177+0000] {dag.py:4138} INFO - Setting next_dagrun for example_python_operator to None, run_after=None
[2024-08-24T11:51:37.190+0000] {processor.py:208} INFO - Processing /home/airflow/.local/lib/python3.12/site-packages/airflow/example_dags/example_python_operator.py took 0.042 seconds
[2024-08-24T11:52:07.352+0000] {processor.py:186} INFO - Started process (PID=3876) to work on /home/airflow/.local/lib/python3.12/site-packages/airflow/example_dags/example_python_operator.py
[2024-08-24T11:52:07.353+0000] {processor.py:914} INFO - Processing file /home/airflow/.local/lib/python3.12/site-packages/airflow/example_dags/example_python_operator.py for tasks to queue
[2024-08-24T11:52:07.354+0000] {logging_mixin.py:190} INFO - [2024-08-24T11:52:07.354+0000] {dagbag.py:587} INFO - Filling up the DagBag from /home/airflow/.local/lib/python3.12/site-packages/airflow/example_dags/example_python_operator.py
[2024-08-24T11:52:07.362+0000] {processor.py:925} INFO - DAG(s) 'example_python_operator' retrieved from /home/airflow/.local/lib/python3.12/site-packages/airflow/example_dags/example_python_operator.py
[2024-08-24T11:52:07.374+0000] {logging_mixin.py:190} INFO - [2024-08-24T11:52:07.374+0000] {dag.py:3211} INFO - Sync 1 DAGs
[2024-08-24T11:52:07.381+0000] {logging_mixin.py:190} INFO - [2024-08-24T11:52:07.381+0000] {dag.py:4138} INFO - Setting next_dagrun for example_python_operator to None, run_after=None
[2024-08-24T11:52:07.390+0000] {processor.py:208} INFO - Processing /home/airflow/.local/lib/python3.12/site-packages/airflow/example_dags/example_python_operator.py took 0.041 seconds
[2024-08-24T11:52:37.673+0000] {processor.py:186} INFO - Started process (PID=3938) to work on /home/airflow/.local/lib/python3.12/site-packages/airflow/example_dags/example_python_operator.py
[2024-08-24T11:52:37.674+0000] {processor.py:914} INFO - Processing file /home/airflow/.local/lib/python3.12/site-packages/airflow/example_dags/example_python_operator.py for tasks to queue
[2024-08-24T11:52:37.675+0000] {logging_mixin.py:190} INFO - [2024-08-24T11:52:37.675+0000] {dagbag.py:587} INFO - Filling up the DagBag from /home/airflow/.local/lib/python3.12/site-packages/airflow/example_dags/example_python_operator.py
[2024-08-24T11:52:37.683+0000] {processor.py:925} INFO - DAG(s) 'example_python_operator' retrieved from /home/airflow/.local/lib/python3.12/site-packages/airflow/example_dags/example_python_operator.py
[2024-08-24T11:52:37.702+0000] {logging_mixin.py:190} INFO - [2024-08-24T11:52:37.701+0000] {dag.py:3211} INFO - Sync 1 DAGs
[2024-08-24T11:52:37.712+0000] {logging_mixin.py:190} INFO - [2024-08-24T11:52:37.712+0000] {dag.py:4138} INFO - Setting next_dagrun for example_python_operator to None, run_after=None
[2024-08-24T11:52:37.722+0000] {processor.py:208} INFO - Processing /home/airflow/.local/lib/python3.12/site-packages/airflow/example_dags/example_python_operator.py took 0.054 seconds
[2024-08-24T11:53:08.046+0000] {processor.py:186} INFO - Started process (PID=4000) to work on /home/airflow/.local/lib/python3.12/site-packages/airflow/example_dags/example_python_operator.py
[2024-08-24T11:53:08.047+0000] {processor.py:914} INFO - Processing file /home/airflow/.local/lib/python3.12/site-packages/airflow/example_dags/example_python_operator.py for tasks to queue
[2024-08-24T11:53:08.048+0000] {logging_mixin.py:190} INFO - [2024-08-24T11:53:08.048+0000] {dagbag.py:587} INFO - Filling up the DagBag from /home/airflow/.local/lib/python3.12/site-packages/airflow/example_dags/example_python_operator.py
[2024-08-24T11:53:08.055+0000] {processor.py:925} INFO - DAG(s) 'example_python_operator' retrieved from /home/airflow/.local/lib/python3.12/site-packages/airflow/example_dags/example_python_operator.py
[2024-08-24T11:53:08.067+0000] {logging_mixin.py:190} INFO - [2024-08-24T11:53:08.066+0000] {dag.py:3211} INFO - Sync 1 DAGs
[2024-08-24T11:53:08.074+0000] {logging_mixin.py:190} INFO - [2024-08-24T11:53:08.074+0000] {dag.py:4138} INFO - Setting next_dagrun for example_python_operator to None, run_after=None
[2024-08-24T11:53:08.083+0000] {processor.py:208} INFO - Processing /home/airflow/.local/lib/python3.12/site-packages/airflow/example_dags/example_python_operator.py took 0.040 seconds
[2024-08-24T11:53:38.336+0000] {processor.py:186} INFO - Started process (PID=4063) to work on /home/airflow/.local/lib/python3.12/site-packages/airflow/example_dags/example_python_operator.py
[2024-08-24T11:53:38.336+0000] {processor.py:914} INFO - Processing file /home/airflow/.local/lib/python3.12/site-packages/airflow/example_dags/example_python_operator.py for tasks to queue
[2024-08-24T11:53:38.337+0000] {logging_mixin.py:190} INFO - [2024-08-24T11:53:38.337+0000] {dagbag.py:587} INFO - Filling up the DagBag from /home/airflow/.local/lib/python3.12/site-packages/airflow/example_dags/example_python_operator.py
[2024-08-24T11:53:38.344+0000] {processor.py:925} INFO - DAG(s) 'example_python_operator' retrieved from /home/airflow/.local/lib/python3.12/site-packages/airflow/example_dags/example_python_operator.py
[2024-08-24T11:53:38.358+0000] {logging_mixin.py:190} INFO - [2024-08-24T11:53:38.358+0000] {dag.py:3211} INFO - Sync 1 DAGs
[2024-08-24T11:53:38.370+0000] {logging_mixin.py:190} INFO - [2024-08-24T11:53:38.370+0000] {dag.py:4138} INFO - Setting next_dagrun for example_python_operator to None, run_after=None
[2024-08-24T11:53:38.382+0000] {processor.py:208} INFO - Processing /home/airflow/.local/lib/python3.12/site-packages/airflow/example_dags/example_python_operator.py took 0.050 seconds
[2024-08-24T11:54:08.739+0000] {processor.py:186} INFO - Started process (PID=4125) to work on /home/airflow/.local/lib/python3.12/site-packages/airflow/example_dags/example_python_operator.py
[2024-08-24T11:54:08.740+0000] {processor.py:914} INFO - Processing file /home/airflow/.local/lib/python3.12/site-packages/airflow/example_dags/example_python_operator.py for tasks to queue
[2024-08-24T11:54:08.742+0000] {logging_mixin.py:190} INFO - [2024-08-24T11:54:08.741+0000] {dagbag.py:587} INFO - Filling up the DagBag from /home/airflow/.local/lib/python3.12/site-packages/airflow/example_dags/example_python_operator.py
[2024-08-24T11:54:08.748+0000] {processor.py:925} INFO - DAG(s) 'example_python_operator' retrieved from /home/airflow/.local/lib/python3.12/site-packages/airflow/example_dags/example_python_operator.py
[2024-08-24T11:54:08.761+0000] {logging_mixin.py:190} INFO - [2024-08-24T11:54:08.761+0000] {dag.py:3211} INFO - Sync 1 DAGs
[2024-08-24T11:54:08.769+0000] {logging_mixin.py:190} INFO - [2024-08-24T11:54:08.769+0000] {dag.py:4138} INFO - Setting next_dagrun for example_python_operator to None, run_after=None
[2024-08-24T11:54:08.778+0000] {processor.py:208} INFO - Processing /home/airflow/.local/lib/python3.12/site-packages/airflow/example_dags/example_python_operator.py took 0.044 seconds
[2024-08-24T11:54:39.012+0000] {processor.py:186} INFO - Started process (PID=4187) to work on /home/airflow/.local/lib/python3.12/site-packages/airflow/example_dags/example_python_operator.py
[2024-08-24T11:54:39.013+0000] {processor.py:914} INFO - Processing file /home/airflow/.local/lib/python3.12/site-packages/airflow/example_dags/example_python_operator.py for tasks to queue
[2024-08-24T11:54:39.015+0000] {logging_mixin.py:190} INFO - [2024-08-24T11:54:39.014+0000] {dagbag.py:587} INFO - Filling up the DagBag from /home/airflow/.local/lib/python3.12/site-packages/airflow/example_dags/example_python_operator.py
[2024-08-24T11:54:39.022+0000] {processor.py:925} INFO - DAG(s) 'example_python_operator' retrieved from /home/airflow/.local/lib/python3.12/site-packages/airflow/example_dags/example_python_operator.py
[2024-08-24T11:54:39.033+0000] {logging_mixin.py:190} INFO - [2024-08-24T11:54:39.033+0000] {dag.py:3211} INFO - Sync 1 DAGs
[2024-08-24T11:54:39.041+0000] {logging_mixin.py:190} INFO - [2024-08-24T11:54:39.040+0000] {dag.py:4138} INFO - Setting next_dagrun for example_python_operator to None, run_after=None
[2024-08-24T11:54:39.050+0000] {processor.py:208} INFO - Processing /home/airflow/.local/lib/python3.12/site-packages/airflow/example_dags/example_python_operator.py took 0.043 seconds
[2024-08-24T11:55:09.342+0000] {processor.py:186} INFO - Started process (PID=4249) to work on /home/airflow/.local/lib/python3.12/site-packages/airflow/example_dags/example_python_operator.py
[2024-08-24T11:55:09.343+0000] {processor.py:914} INFO - Processing file /home/airflow/.local/lib/python3.12/site-packages/airflow/example_dags/example_python_operator.py for tasks to queue
[2024-08-24T11:55:09.344+0000] {logging_mixin.py:190} INFO - [2024-08-24T11:55:09.344+0000] {dagbag.py:587} INFO - Filling up the DagBag from /home/airflow/.local/lib/python3.12/site-packages/airflow/example_dags/example_python_operator.py
[2024-08-24T11:55:09.350+0000] {processor.py:925} INFO - DAG(s) 'example_python_operator' retrieved from /home/airflow/.local/lib/python3.12/site-packages/airflow/example_dags/example_python_operator.py
[2024-08-24T11:55:09.362+0000] {logging_mixin.py:190} INFO - [2024-08-24T11:55:09.362+0000] {dag.py:3211} INFO - Sync 1 DAGs
[2024-08-24T11:55:09.370+0000] {logging_mixin.py:190} INFO - [2024-08-24T11:55:09.369+0000] {dag.py:4138} INFO - Setting next_dagrun for example_python_operator to None, run_after=None
[2024-08-24T11:55:09.378+0000] {processor.py:208} INFO - Processing /home/airflow/.local/lib/python3.12/site-packages/airflow/example_dags/example_python_operator.py took 0.041 seconds
[2024-08-24T11:55:39.775+0000] {processor.py:186} INFO - Started process (PID=4311) to work on /home/airflow/.local/lib/python3.12/site-packages/airflow/example_dags/example_python_operator.py
[2024-08-24T11:55:39.775+0000] {processor.py:914} INFO - Processing file /home/airflow/.local/lib/python3.12/site-packages/airflow/example_dags/example_python_operator.py for tasks to queue
[2024-08-24T11:55:39.776+0000] {logging_mixin.py:190} INFO - [2024-08-24T11:55:39.776+0000] {dagbag.py:587} INFO - Filling up the DagBag from /home/airflow/.local/lib/python3.12/site-packages/airflow/example_dags/example_python_operator.py
[2024-08-24T11:55:39.782+0000] {processor.py:925} INFO - DAG(s) 'example_python_operator' retrieved from /home/airflow/.local/lib/python3.12/site-packages/airflow/example_dags/example_python_operator.py
[2024-08-24T11:55:39.794+0000] {logging_mixin.py:190} INFO - [2024-08-24T11:55:39.794+0000] {dag.py:3211} INFO - Sync 1 DAGs
[2024-08-24T11:55:39.801+0000] {logging_mixin.py:190} INFO - [2024-08-24T11:55:39.801+0000] {dag.py:4138} INFO - Setting next_dagrun for example_python_operator to None, run_after=None
[2024-08-24T11:55:39.809+0000] {processor.py:208} INFO - Processing /home/airflow/.local/lib/python3.12/site-packages/airflow/example_dags/example_python_operator.py took 0.038 seconds
[2024-08-24T11:56:10.231+0000] {processor.py:186} INFO - Started process (PID=4373) to work on /home/airflow/.local/lib/python3.12/site-packages/airflow/example_dags/example_python_operator.py
[2024-08-24T11:56:10.232+0000] {processor.py:914} INFO - Processing file /home/airflow/.local/lib/python3.12/site-packages/airflow/example_dags/example_python_operator.py for tasks to queue
[2024-08-24T11:56:10.234+0000] {logging_mixin.py:190} INFO - [2024-08-24T11:56:10.233+0000] {dagbag.py:587} INFO - Filling up the DagBag from /home/airflow/.local/lib/python3.12/site-packages/airflow/example_dags/example_python_operator.py
[2024-08-24T11:56:10.241+0000] {processor.py:925} INFO - DAG(s) 'example_python_operator' retrieved from /home/airflow/.local/lib/python3.12/site-packages/airflow/example_dags/example_python_operator.py
[2024-08-24T11:56:10.255+0000] {logging_mixin.py:190} INFO - [2024-08-24T11:56:10.255+0000] {dag.py:3211} INFO - Sync 1 DAGs
[2024-08-24T11:56:10.263+0000] {logging_mixin.py:190} INFO - [2024-08-24T11:56:10.263+0000] {dag.py:4138} INFO - Setting next_dagrun for example_python_operator to None, run_after=None
[2024-08-24T11:56:10.276+0000] {processor.py:208} INFO - Processing /home/airflow/.local/lib/python3.12/site-packages/airflow/example_dags/example_python_operator.py took 0.048 seconds
