[2024-08-24T11:21:09.216+0000] {processor.py:186} INFO - Started process (PID=105) to work on /home/airflow/.local/lib/python3.12/site-packages/airflow/example_dags/example_nested_branch_dag.py
[2024-08-24T11:21:09.217+0000] {processor.py:914} INFO - Processing file /home/airflow/.local/lib/python3.12/site-packages/airflow/example_dags/example_nested_branch_dag.py for tasks to queue
[2024-08-24T11:21:09.218+0000] {logging_mixin.py:190} INFO - [2024-08-24T11:21:09.217+0000] {dagbag.py:587} INFO - Filling up the DagBag from /home/airflow/.local/lib/python3.12/site-packages/airflow/example_dags/example_nested_branch_dag.py
[2024-08-24T11:21:09.224+0000] {processor.py:925} INFO - DAG(s) 'example_nested_branch_dag' retrieved from /home/airflow/.local/lib/python3.12/site-packages/airflow/example_dags/example_nested_branch_dag.py
[2024-08-24T11:21:09.278+0000] {logging_mixin.py:190} INFO - [2024-08-24T11:21:09.278+0000] {override.py:1858} INFO - Created Permission View: can edit on DAG:example_nested_branch_dag
[2024-08-24T11:21:09.284+0000] {logging_mixin.py:190} INFO - [2024-08-24T11:21:09.284+0000] {override.py:1858} INFO - Created Permission View: can read on DAG:example_nested_branch_dag
[2024-08-24T11:21:09.287+0000] {logging_mixin.py:190} INFO - [2024-08-24T11:21:09.287+0000] {override.py:1858} INFO - Created Permission View: can delete on DAG:example_nested_branch_dag
[2024-08-24T11:21:09.287+0000] {logging_mixin.py:190} INFO - [2024-08-24T11:21:09.287+0000] {dag.py:3211} INFO - Sync 1 DAGs
[2024-08-24T11:21:09.295+0000] {logging_mixin.py:190} INFO - [2024-08-24T11:21:09.295+0000] {dag.py:3234} INFO - Creating ORM DAG for example_nested_branch_dag
[2024-08-24T11:21:09.303+0000] {logging_mixin.py:190} INFO - [2024-08-24T11:21:09.303+0000] {dag.py:4138} INFO - Setting next_dagrun for example_nested_branch_dag to 2024-08-23 00:00:00+00:00, run_after=2024-08-24 00:00:00+00:00
[2024-08-24T11:21:09.311+0000] {processor.py:208} INFO - Processing /home/airflow/.local/lib/python3.12/site-packages/airflow/example_dags/example_nested_branch_dag.py took 0.098 seconds
[2024-08-24T11:21:39.413+0000] {processor.py:186} INFO - Started process (PID=167) to work on /home/airflow/.local/lib/python3.12/site-packages/airflow/example_dags/example_nested_branch_dag.py
[2024-08-24T11:21:39.414+0000] {processor.py:914} INFO - Processing file /home/airflow/.local/lib/python3.12/site-packages/airflow/example_dags/example_nested_branch_dag.py for tasks to queue
[2024-08-24T11:21:39.415+0000] {logging_mixin.py:190} INFO - [2024-08-24T11:21:39.415+0000] {dagbag.py:587} INFO - Filling up the DagBag from /home/airflow/.local/lib/python3.12/site-packages/airflow/example_dags/example_nested_branch_dag.py
[2024-08-24T11:21:39.421+0000] {processor.py:925} INFO - DAG(s) 'example_nested_branch_dag' retrieved from /home/airflow/.local/lib/python3.12/site-packages/airflow/example_dags/example_nested_branch_dag.py
[2024-08-24T11:21:39.432+0000] {logging_mixin.py:190} INFO - [2024-08-24T11:21:39.432+0000] {dag.py:3211} INFO - Sync 1 DAGs
[2024-08-24T11:21:39.446+0000] {logging_mixin.py:190} INFO - [2024-08-24T11:21:39.445+0000] {dag.py:4138} INFO - Setting next_dagrun for example_nested_branch_dag to 2024-08-23 00:00:00+00:00, run_after=2024-08-24 00:00:00+00:00
[2024-08-24T11:21:39.455+0000] {processor.py:208} INFO - Processing /home/airflow/.local/lib/python3.12/site-packages/airflow/example_dags/example_nested_branch_dag.py took 0.045 seconds
[2024-08-24T11:22:09.626+0000] {processor.py:186} INFO - Started process (PID=229) to work on /home/airflow/.local/lib/python3.12/site-packages/airflow/example_dags/example_nested_branch_dag.py
[2024-08-24T11:22:09.626+0000] {processor.py:914} INFO - Processing file /home/airflow/.local/lib/python3.12/site-packages/airflow/example_dags/example_nested_branch_dag.py for tasks to queue
[2024-08-24T11:22:09.627+0000] {logging_mixin.py:190} INFO - [2024-08-24T11:22:09.627+0000] {dagbag.py:587} INFO - Filling up the DagBag from /home/airflow/.local/lib/python3.12/site-packages/airflow/example_dags/example_nested_branch_dag.py
[2024-08-24T11:22:09.633+0000] {processor.py:925} INFO - DAG(s) 'example_nested_branch_dag' retrieved from /home/airflow/.local/lib/python3.12/site-packages/airflow/example_dags/example_nested_branch_dag.py
[2024-08-24T11:22:09.647+0000] {logging_mixin.py:190} INFO - [2024-08-24T11:22:09.647+0000] {dag.py:3211} INFO - Sync 1 DAGs
[2024-08-24T11:22:09.668+0000] {logging_mixin.py:190} INFO - [2024-08-24T11:22:09.668+0000] {dag.py:4138} INFO - Setting next_dagrun for example_nested_branch_dag to 2024-08-23 00:00:00+00:00, run_after=2024-08-24 00:00:00+00:00
[2024-08-24T11:22:09.682+0000] {processor.py:208} INFO - Processing /home/airflow/.local/lib/python3.12/site-packages/airflow/example_dags/example_nested_branch_dag.py took 0.059 seconds
[2024-08-24T11:22:39.752+0000] {processor.py:186} INFO - Started process (PID=291) to work on /home/airflow/.local/lib/python3.12/site-packages/airflow/example_dags/example_nested_branch_dag.py
[2024-08-24T11:22:39.753+0000] {processor.py:914} INFO - Processing file /home/airflow/.local/lib/python3.12/site-packages/airflow/example_dags/example_nested_branch_dag.py for tasks to queue
[2024-08-24T11:22:39.755+0000] {logging_mixin.py:190} INFO - [2024-08-24T11:22:39.754+0000] {dagbag.py:587} INFO - Filling up the DagBag from /home/airflow/.local/lib/python3.12/site-packages/airflow/example_dags/example_nested_branch_dag.py
[2024-08-24T11:22:39.761+0000] {processor.py:925} INFO - DAG(s) 'example_nested_branch_dag' retrieved from /home/airflow/.local/lib/python3.12/site-packages/airflow/example_dags/example_nested_branch_dag.py
[2024-08-24T11:22:39.775+0000] {logging_mixin.py:190} INFO - [2024-08-24T11:22:39.775+0000] {dag.py:3211} INFO - Sync 1 DAGs
[2024-08-24T11:22:39.789+0000] {logging_mixin.py:190} INFO - [2024-08-24T11:22:39.789+0000] {dag.py:4138} INFO - Setting next_dagrun for example_nested_branch_dag to 2024-08-23 00:00:00+00:00, run_after=2024-08-24 00:00:00+00:00
[2024-08-24T11:22:39.798+0000] {processor.py:208} INFO - Processing /home/airflow/.local/lib/python3.12/site-packages/airflow/example_dags/example_nested_branch_dag.py took 0.050 seconds
[2024-08-24T11:23:10.090+0000] {processor.py:186} INFO - Started process (PID=353) to work on /home/airflow/.local/lib/python3.12/site-packages/airflow/example_dags/example_nested_branch_dag.py
[2024-08-24T11:23:10.090+0000] {processor.py:914} INFO - Processing file /home/airflow/.local/lib/python3.12/site-packages/airflow/example_dags/example_nested_branch_dag.py for tasks to queue
[2024-08-24T11:23:10.092+0000] {logging_mixin.py:190} INFO - [2024-08-24T11:23:10.091+0000] {dagbag.py:587} INFO - Filling up the DagBag from /home/airflow/.local/lib/python3.12/site-packages/airflow/example_dags/example_nested_branch_dag.py
[2024-08-24T11:23:10.098+0000] {processor.py:925} INFO - DAG(s) 'example_nested_branch_dag' retrieved from /home/airflow/.local/lib/python3.12/site-packages/airflow/example_dags/example_nested_branch_dag.py
[2024-08-24T11:23:10.109+0000] {logging_mixin.py:190} INFO - [2024-08-24T11:23:10.109+0000] {dag.py:3211} INFO - Sync 1 DAGs
[2024-08-24T11:23:10.123+0000] {logging_mixin.py:190} INFO - [2024-08-24T11:23:10.122+0000] {dag.py:4138} INFO - Setting next_dagrun for example_nested_branch_dag to 2024-08-23 00:00:00+00:00, run_after=2024-08-24 00:00:00+00:00
[2024-08-24T11:23:10.132+0000] {processor.py:208} INFO - Processing /home/airflow/.local/lib/python3.12/site-packages/airflow/example_dags/example_nested_branch_dag.py took 0.046 seconds
[2024-08-24T11:23:40.348+0000] {processor.py:186} INFO - Started process (PID=415) to work on /home/airflow/.local/lib/python3.12/site-packages/airflow/example_dags/example_nested_branch_dag.py
[2024-08-24T11:23:40.349+0000] {processor.py:914} INFO - Processing file /home/airflow/.local/lib/python3.12/site-packages/airflow/example_dags/example_nested_branch_dag.py for tasks to queue
[2024-08-24T11:23:40.350+0000] {logging_mixin.py:190} INFO - [2024-08-24T11:23:40.350+0000] {dagbag.py:587} INFO - Filling up the DagBag from /home/airflow/.local/lib/python3.12/site-packages/airflow/example_dags/example_nested_branch_dag.py
[2024-08-24T11:23:40.355+0000] {processor.py:925} INFO - DAG(s) 'example_nested_branch_dag' retrieved from /home/airflow/.local/lib/python3.12/site-packages/airflow/example_dags/example_nested_branch_dag.py
[2024-08-24T11:23:40.367+0000] {logging_mixin.py:190} INFO - [2024-08-24T11:23:40.367+0000] {dag.py:3211} INFO - Sync 1 DAGs
[2024-08-24T11:23:40.379+0000] {logging_mixin.py:190} INFO - [2024-08-24T11:23:40.379+0000] {dag.py:4138} INFO - Setting next_dagrun for example_nested_branch_dag to 2024-08-23 00:00:00+00:00, run_after=2024-08-24 00:00:00+00:00
[2024-08-24T11:23:40.388+0000] {processor.py:208} INFO - Processing /home/airflow/.local/lib/python3.12/site-packages/airflow/example_dags/example_nested_branch_dag.py took 0.043 seconds
[2024-08-24T11:24:10.602+0000] {processor.py:186} INFO - Started process (PID=477) to work on /home/airflow/.local/lib/python3.12/site-packages/airflow/example_dags/example_nested_branch_dag.py
[2024-08-24T11:24:10.602+0000] {processor.py:914} INFO - Processing file /home/airflow/.local/lib/python3.12/site-packages/airflow/example_dags/example_nested_branch_dag.py for tasks to queue
[2024-08-24T11:24:10.603+0000] {logging_mixin.py:190} INFO - [2024-08-24T11:24:10.603+0000] {dagbag.py:587} INFO - Filling up the DagBag from /home/airflow/.local/lib/python3.12/site-packages/airflow/example_dags/example_nested_branch_dag.py
[2024-08-24T11:24:10.609+0000] {processor.py:925} INFO - DAG(s) 'example_nested_branch_dag' retrieved from /home/airflow/.local/lib/python3.12/site-packages/airflow/example_dags/example_nested_branch_dag.py
[2024-08-24T11:24:10.621+0000] {logging_mixin.py:190} INFO - [2024-08-24T11:24:10.621+0000] {dag.py:3211} INFO - Sync 1 DAGs
[2024-08-24T11:24:10.633+0000] {logging_mixin.py:190} INFO - [2024-08-24T11:24:10.633+0000] {dag.py:4138} INFO - Setting next_dagrun for example_nested_branch_dag to 2024-08-23 00:00:00+00:00, run_after=2024-08-24 00:00:00+00:00
[2024-08-24T11:24:10.644+0000] {processor.py:208} INFO - Processing /home/airflow/.local/lib/python3.12/site-packages/airflow/example_dags/example_nested_branch_dag.py took 0.046 seconds
[2024-08-24T11:24:40.839+0000] {processor.py:186} INFO - Started process (PID=539) to work on /home/airflow/.local/lib/python3.12/site-packages/airflow/example_dags/example_nested_branch_dag.py
[2024-08-24T11:24:40.839+0000] {processor.py:914} INFO - Processing file /home/airflow/.local/lib/python3.12/site-packages/airflow/example_dags/example_nested_branch_dag.py for tasks to queue
[2024-08-24T11:24:40.840+0000] {logging_mixin.py:190} INFO - [2024-08-24T11:24:40.840+0000] {dagbag.py:587} INFO - Filling up the DagBag from /home/airflow/.local/lib/python3.12/site-packages/airflow/example_dags/example_nested_branch_dag.py
[2024-08-24T11:24:40.847+0000] {processor.py:925} INFO - DAG(s) 'example_nested_branch_dag' retrieved from /home/airflow/.local/lib/python3.12/site-packages/airflow/example_dags/example_nested_branch_dag.py
[2024-08-24T11:24:40.863+0000] {logging_mixin.py:190} INFO - [2024-08-24T11:24:40.862+0000] {dag.py:3211} INFO - Sync 1 DAGs
[2024-08-24T11:24:40.877+0000] {logging_mixin.py:190} INFO - [2024-08-24T11:24:40.877+0000] {dag.py:4138} INFO - Setting next_dagrun for example_nested_branch_dag to 2024-08-23 00:00:00+00:00, run_after=2024-08-24 00:00:00+00:00
[2024-08-24T11:24:40.887+0000] {processor.py:208} INFO - Processing /home/airflow/.local/lib/python3.12/site-packages/airflow/example_dags/example_nested_branch_dag.py took 0.052 seconds
[2024-08-24T11:25:11.087+0000] {processor.py:186} INFO - Started process (PID=601) to work on /home/airflow/.local/lib/python3.12/site-packages/airflow/example_dags/example_nested_branch_dag.py
[2024-08-24T11:25:11.088+0000] {processor.py:914} INFO - Processing file /home/airflow/.local/lib/python3.12/site-packages/airflow/example_dags/example_nested_branch_dag.py for tasks to queue
[2024-08-24T11:25:11.089+0000] {logging_mixin.py:190} INFO - [2024-08-24T11:25:11.089+0000] {dagbag.py:587} INFO - Filling up the DagBag from /home/airflow/.local/lib/python3.12/site-packages/airflow/example_dags/example_nested_branch_dag.py
[2024-08-24T11:25:11.094+0000] {processor.py:925} INFO - DAG(s) 'example_nested_branch_dag' retrieved from /home/airflow/.local/lib/python3.12/site-packages/airflow/example_dags/example_nested_branch_dag.py
[2024-08-24T11:25:11.109+0000] {logging_mixin.py:190} INFO - [2024-08-24T11:25:11.108+0000] {dag.py:3211} INFO - Sync 1 DAGs
[2024-08-24T11:25:11.126+0000] {logging_mixin.py:190} INFO - [2024-08-24T11:25:11.126+0000] {dag.py:4138} INFO - Setting next_dagrun for example_nested_branch_dag to 2024-08-23 00:00:00+00:00, run_after=2024-08-24 00:00:00+00:00
[2024-08-24T11:25:11.139+0000] {processor.py:208} INFO - Processing /home/airflow/.local/lib/python3.12/site-packages/airflow/example_dags/example_nested_branch_dag.py took 0.054 seconds
[2024-08-24T11:25:41.164+0000] {processor.py:186} INFO - Started process (PID=663) to work on /home/airflow/.local/lib/python3.12/site-packages/airflow/example_dags/example_nested_branch_dag.py
[2024-08-24T11:25:41.165+0000] {processor.py:914} INFO - Processing file /home/airflow/.local/lib/python3.12/site-packages/airflow/example_dags/example_nested_branch_dag.py for tasks to queue
[2024-08-24T11:25:41.166+0000] {logging_mixin.py:190} INFO - [2024-08-24T11:25:41.166+0000] {dagbag.py:587} INFO - Filling up the DagBag from /home/airflow/.local/lib/python3.12/site-packages/airflow/example_dags/example_nested_branch_dag.py
[2024-08-24T11:25:41.172+0000] {processor.py:925} INFO - DAG(s) 'example_nested_branch_dag' retrieved from /home/airflow/.local/lib/python3.12/site-packages/airflow/example_dags/example_nested_branch_dag.py
[2024-08-24T11:25:41.185+0000] {logging_mixin.py:190} INFO - [2024-08-24T11:25:41.185+0000] {dag.py:3211} INFO - Sync 1 DAGs
[2024-08-24T11:25:41.200+0000] {logging_mixin.py:190} INFO - [2024-08-24T11:25:41.200+0000] {dag.py:4138} INFO - Setting next_dagrun for example_nested_branch_dag to 2024-08-23 00:00:00+00:00, run_after=2024-08-24 00:00:00+00:00
[2024-08-24T11:25:41.209+0000] {processor.py:208} INFO - Processing /home/airflow/.local/lib/python3.12/site-packages/airflow/example_dags/example_nested_branch_dag.py took 0.048 seconds
[2024-08-24T11:26:11.493+0000] {processor.py:186} INFO - Started process (PID=725) to work on /home/airflow/.local/lib/python3.12/site-packages/airflow/example_dags/example_nested_branch_dag.py
[2024-08-24T11:26:11.493+0000] {processor.py:914} INFO - Processing file /home/airflow/.local/lib/python3.12/site-packages/airflow/example_dags/example_nested_branch_dag.py for tasks to queue
[2024-08-24T11:26:11.495+0000] {logging_mixin.py:190} INFO - [2024-08-24T11:26:11.494+0000] {dagbag.py:587} INFO - Filling up the DagBag from /home/airflow/.local/lib/python3.12/site-packages/airflow/example_dags/example_nested_branch_dag.py
[2024-08-24T11:26:11.501+0000] {processor.py:925} INFO - DAG(s) 'example_nested_branch_dag' retrieved from /home/airflow/.local/lib/python3.12/site-packages/airflow/example_dags/example_nested_branch_dag.py
[2024-08-24T11:26:11.517+0000] {logging_mixin.py:190} INFO - [2024-08-24T11:26:11.517+0000] {dag.py:3211} INFO - Sync 1 DAGs
[2024-08-24T11:26:11.536+0000] {logging_mixin.py:190} INFO - [2024-08-24T11:26:11.535+0000] {dag.py:4138} INFO - Setting next_dagrun for example_nested_branch_dag to 2024-08-23 00:00:00+00:00, run_after=2024-08-24 00:00:00+00:00
[2024-08-24T11:26:11.546+0000] {processor.py:208} INFO - Processing /home/airflow/.local/lib/python3.12/site-packages/airflow/example_dags/example_nested_branch_dag.py took 0.056 seconds
[2024-08-24T11:26:41.691+0000] {processor.py:186} INFO - Started process (PID=787) to work on /home/airflow/.local/lib/python3.12/site-packages/airflow/example_dags/example_nested_branch_dag.py
[2024-08-24T11:26:41.692+0000] {processor.py:914} INFO - Processing file /home/airflow/.local/lib/python3.12/site-packages/airflow/example_dags/example_nested_branch_dag.py for tasks to queue
[2024-08-24T11:26:41.693+0000] {logging_mixin.py:190} INFO - [2024-08-24T11:26:41.692+0000] {dagbag.py:587} INFO - Filling up the DagBag from /home/airflow/.local/lib/python3.12/site-packages/airflow/example_dags/example_nested_branch_dag.py
[2024-08-24T11:26:41.698+0000] {processor.py:925} INFO - DAG(s) 'example_nested_branch_dag' retrieved from /home/airflow/.local/lib/python3.12/site-packages/airflow/example_dags/example_nested_branch_dag.py
[2024-08-24T11:26:41.711+0000] {logging_mixin.py:190} INFO - [2024-08-24T11:26:41.711+0000] {dag.py:3211} INFO - Sync 1 DAGs
[2024-08-24T11:26:41.723+0000] {logging_mixin.py:190} INFO - [2024-08-24T11:26:41.723+0000] {dag.py:4138} INFO - Setting next_dagrun for example_nested_branch_dag to 2024-08-23 00:00:00+00:00, run_after=2024-08-24 00:00:00+00:00
[2024-08-24T11:26:41.732+0000] {processor.py:208} INFO - Processing /home/airflow/.local/lib/python3.12/site-packages/airflow/example_dags/example_nested_branch_dag.py took 0.045 seconds
[2024-08-24T11:27:11.975+0000] {processor.py:186} INFO - Started process (PID=849) to work on /home/airflow/.local/lib/python3.12/site-packages/airflow/example_dags/example_nested_branch_dag.py
[2024-08-24T11:27:11.975+0000] {processor.py:914} INFO - Processing file /home/airflow/.local/lib/python3.12/site-packages/airflow/example_dags/example_nested_branch_dag.py for tasks to queue
[2024-08-24T11:27:11.976+0000] {logging_mixin.py:190} INFO - [2024-08-24T11:27:11.976+0000] {dagbag.py:587} INFO - Filling up the DagBag from /home/airflow/.local/lib/python3.12/site-packages/airflow/example_dags/example_nested_branch_dag.py
[2024-08-24T11:27:11.982+0000] {processor.py:925} INFO - DAG(s) 'example_nested_branch_dag' retrieved from /home/airflow/.local/lib/python3.12/site-packages/airflow/example_dags/example_nested_branch_dag.py
[2024-08-24T11:27:11.998+0000] {logging_mixin.py:190} INFO - [2024-08-24T11:27:11.998+0000] {dag.py:3211} INFO - Sync 1 DAGs
[2024-08-24T11:27:12.014+0000] {logging_mixin.py:190} INFO - [2024-08-24T11:27:12.013+0000] {dag.py:4138} INFO - Setting next_dagrun for example_nested_branch_dag to 2024-08-23 00:00:00+00:00, run_after=2024-08-24 00:00:00+00:00
[2024-08-24T11:27:12.026+0000] {processor.py:208} INFO - Processing /home/airflow/.local/lib/python3.12/site-packages/airflow/example_dags/example_nested_branch_dag.py took 0.054 seconds
[2024-08-24T11:27:42.280+0000] {processor.py:186} INFO - Started process (PID=911) to work on /home/airflow/.local/lib/python3.12/site-packages/airflow/example_dags/example_nested_branch_dag.py
[2024-08-24T11:27:42.280+0000] {processor.py:914} INFO - Processing file /home/airflow/.local/lib/python3.12/site-packages/airflow/example_dags/example_nested_branch_dag.py for tasks to queue
[2024-08-24T11:27:42.281+0000] {logging_mixin.py:190} INFO - [2024-08-24T11:27:42.281+0000] {dagbag.py:587} INFO - Filling up the DagBag from /home/airflow/.local/lib/python3.12/site-packages/airflow/example_dags/example_nested_branch_dag.py
[2024-08-24T11:27:42.287+0000] {processor.py:925} INFO - DAG(s) 'example_nested_branch_dag' retrieved from /home/airflow/.local/lib/python3.12/site-packages/airflow/example_dags/example_nested_branch_dag.py
[2024-08-24T11:27:42.302+0000] {logging_mixin.py:190} INFO - [2024-08-24T11:27:42.302+0000] {dag.py:3211} INFO - Sync 1 DAGs
[2024-08-24T11:27:42.318+0000] {logging_mixin.py:190} INFO - [2024-08-24T11:27:42.318+0000] {dag.py:4138} INFO - Setting next_dagrun for example_nested_branch_dag to 2024-08-23 00:00:00+00:00, run_after=2024-08-24 00:00:00+00:00
[2024-08-24T11:27:42.332+0000] {processor.py:208} INFO - Processing /home/airflow/.local/lib/python3.12/site-packages/airflow/example_dags/example_nested_branch_dag.py took 0.055 seconds
[2024-08-24T11:28:13.199+0000] {processor.py:186} INFO - Started process (PID=973) to work on /home/airflow/.local/lib/python3.12/site-packages/airflow/example_dags/example_nested_branch_dag.py
[2024-08-24T11:28:13.200+0000] {processor.py:914} INFO - Processing file /home/airflow/.local/lib/python3.12/site-packages/airflow/example_dags/example_nested_branch_dag.py for tasks to queue
[2024-08-24T11:28:13.201+0000] {logging_mixin.py:190} INFO - [2024-08-24T11:28:13.201+0000] {dagbag.py:587} INFO - Filling up the DagBag from /home/airflow/.local/lib/python3.12/site-packages/airflow/example_dags/example_nested_branch_dag.py
[2024-08-24T11:28:13.209+0000] {processor.py:925} INFO - DAG(s) 'example_nested_branch_dag' retrieved from /home/airflow/.local/lib/python3.12/site-packages/airflow/example_dags/example_nested_branch_dag.py
[2024-08-24T11:28:13.221+0000] {logging_mixin.py:190} INFO - [2024-08-24T11:28:13.221+0000] {dag.py:3211} INFO - Sync 1 DAGs
[2024-08-24T11:28:13.233+0000] {logging_mixin.py:190} INFO - [2024-08-24T11:28:13.233+0000] {dag.py:4138} INFO - Setting next_dagrun for example_nested_branch_dag to 2024-08-23 00:00:00+00:00, run_after=2024-08-24 00:00:00+00:00
[2024-08-24T11:28:13.241+0000] {processor.py:208} INFO - Processing /home/airflow/.local/lib/python3.12/site-packages/airflow/example_dags/example_nested_branch_dag.py took 0.046 seconds
[2024-08-24T11:28:44.263+0000] {processor.py:186} INFO - Started process (PID=1035) to work on /home/airflow/.local/lib/python3.12/site-packages/airflow/example_dags/example_nested_branch_dag.py
[2024-08-24T11:28:44.263+0000] {processor.py:914} INFO - Processing file /home/airflow/.local/lib/python3.12/site-packages/airflow/example_dags/example_nested_branch_dag.py for tasks to queue
[2024-08-24T11:28:44.265+0000] {logging_mixin.py:190} INFO - [2024-08-24T11:28:44.265+0000] {dagbag.py:587} INFO - Filling up the DagBag from /home/airflow/.local/lib/python3.12/site-packages/airflow/example_dags/example_nested_branch_dag.py
[2024-08-24T11:28:44.270+0000] {processor.py:925} INFO - DAG(s) 'example_nested_branch_dag' retrieved from /home/airflow/.local/lib/python3.12/site-packages/airflow/example_dags/example_nested_branch_dag.py
[2024-08-24T11:28:44.283+0000] {logging_mixin.py:190} INFO - [2024-08-24T11:28:44.283+0000] {dag.py:3211} INFO - Sync 1 DAGs
[2024-08-24T11:28:44.295+0000] {logging_mixin.py:190} INFO - [2024-08-24T11:28:44.295+0000] {dag.py:4138} INFO - Setting next_dagrun for example_nested_branch_dag to 2024-08-23 00:00:00+00:00, run_after=2024-08-24 00:00:00+00:00
[2024-08-24T11:28:44.306+0000] {processor.py:208} INFO - Processing /home/airflow/.local/lib/python3.12/site-packages/airflow/example_dags/example_nested_branch_dag.py took 0.048 seconds
[2024-08-24T11:29:15.435+0000] {processor.py:186} INFO - Started process (PID=1097) to work on /home/airflow/.local/lib/python3.12/site-packages/airflow/example_dags/example_nested_branch_dag.py
[2024-08-24T11:29:15.435+0000] {processor.py:914} INFO - Processing file /home/airflow/.local/lib/python3.12/site-packages/airflow/example_dags/example_nested_branch_dag.py for tasks to queue
[2024-08-24T11:29:15.436+0000] {logging_mixin.py:190} INFO - [2024-08-24T11:29:15.436+0000] {dagbag.py:587} INFO - Filling up the DagBag from /home/airflow/.local/lib/python3.12/site-packages/airflow/example_dags/example_nested_branch_dag.py
[2024-08-24T11:29:15.443+0000] {processor.py:925} INFO - DAG(s) 'example_nested_branch_dag' retrieved from /home/airflow/.local/lib/python3.12/site-packages/airflow/example_dags/example_nested_branch_dag.py
[2024-08-24T11:29:15.458+0000] {logging_mixin.py:190} INFO - [2024-08-24T11:29:15.457+0000] {dag.py:3211} INFO - Sync 1 DAGs
[2024-08-24T11:29:15.473+0000] {logging_mixin.py:190} INFO - [2024-08-24T11:29:15.473+0000] {dag.py:4138} INFO - Setting next_dagrun for example_nested_branch_dag to 2024-08-23 00:00:00+00:00, run_after=2024-08-24 00:00:00+00:00
[2024-08-24T11:29:15.487+0000] {processor.py:208} INFO - Processing /home/airflow/.local/lib/python3.12/site-packages/airflow/example_dags/example_nested_branch_dag.py took 0.055 seconds
[2024-08-24T11:29:45.579+0000] {processor.py:186} INFO - Started process (PID=1159) to work on /home/airflow/.local/lib/python3.12/site-packages/airflow/example_dags/example_nested_branch_dag.py
[2024-08-24T11:29:45.579+0000] {processor.py:914} INFO - Processing file /home/airflow/.local/lib/python3.12/site-packages/airflow/example_dags/example_nested_branch_dag.py for tasks to queue
[2024-08-24T11:29:45.580+0000] {logging_mixin.py:190} INFO - [2024-08-24T11:29:45.580+0000] {dagbag.py:587} INFO - Filling up the DagBag from /home/airflow/.local/lib/python3.12/site-packages/airflow/example_dags/example_nested_branch_dag.py
[2024-08-24T11:29:45.586+0000] {processor.py:925} INFO - DAG(s) 'example_nested_branch_dag' retrieved from /home/airflow/.local/lib/python3.12/site-packages/airflow/example_dags/example_nested_branch_dag.py
[2024-08-24T11:29:45.599+0000] {logging_mixin.py:190} INFO - [2024-08-24T11:29:45.599+0000] {dag.py:3211} INFO - Sync 1 DAGs
[2024-08-24T11:29:45.616+0000] {logging_mixin.py:190} INFO - [2024-08-24T11:29:45.615+0000] {dag.py:4138} INFO - Setting next_dagrun for example_nested_branch_dag to 2024-08-23 00:00:00+00:00, run_after=2024-08-24 00:00:00+00:00
[2024-08-24T11:29:45.624+0000] {processor.py:208} INFO - Processing /home/airflow/.local/lib/python3.12/site-packages/airflow/example_dags/example_nested_branch_dag.py took 0.049 seconds
[2024-08-24T11:30:16.563+0000] {processor.py:186} INFO - Started process (PID=1221) to work on /home/airflow/.local/lib/python3.12/site-packages/airflow/example_dags/example_nested_branch_dag.py
[2024-08-24T11:30:16.564+0000] {processor.py:914} INFO - Processing file /home/airflow/.local/lib/python3.12/site-packages/airflow/example_dags/example_nested_branch_dag.py for tasks to queue
[2024-08-24T11:30:16.565+0000] {logging_mixin.py:190} INFO - [2024-08-24T11:30:16.565+0000] {dagbag.py:587} INFO - Filling up the DagBag from /home/airflow/.local/lib/python3.12/site-packages/airflow/example_dags/example_nested_branch_dag.py
[2024-08-24T11:30:16.571+0000] {processor.py:925} INFO - DAG(s) 'example_nested_branch_dag' retrieved from /home/airflow/.local/lib/python3.12/site-packages/airflow/example_dags/example_nested_branch_dag.py
[2024-08-24T11:30:16.586+0000] {logging_mixin.py:190} INFO - [2024-08-24T11:30:16.586+0000] {dag.py:3211} INFO - Sync 1 DAGs
[2024-08-24T11:30:16.603+0000] {logging_mixin.py:190} INFO - [2024-08-24T11:30:16.602+0000] {dag.py:4138} INFO - Setting next_dagrun for example_nested_branch_dag to 2024-08-23 00:00:00+00:00, run_after=2024-08-24 00:00:00+00:00
[2024-08-24T11:30:16.616+0000] {processor.py:208} INFO - Processing /home/airflow/.local/lib/python3.12/site-packages/airflow/example_dags/example_nested_branch_dag.py took 0.056 seconds
[2024-08-24T11:30:47.619+0000] {processor.py:186} INFO - Started process (PID=1283) to work on /home/airflow/.local/lib/python3.12/site-packages/airflow/example_dags/example_nested_branch_dag.py
[2024-08-24T11:30:47.620+0000] {processor.py:914} INFO - Processing file /home/airflow/.local/lib/python3.12/site-packages/airflow/example_dags/example_nested_branch_dag.py for tasks to queue
[2024-08-24T11:30:47.622+0000] {logging_mixin.py:190} INFO - [2024-08-24T11:30:47.622+0000] {dagbag.py:587} INFO - Filling up the DagBag from /home/airflow/.local/lib/python3.12/site-packages/airflow/example_dags/example_nested_branch_dag.py
[2024-08-24T11:30:47.632+0000] {processor.py:925} INFO - DAG(s) 'example_nested_branch_dag' retrieved from /home/airflow/.local/lib/python3.12/site-packages/airflow/example_dags/example_nested_branch_dag.py
[2024-08-24T11:30:47.647+0000] {logging_mixin.py:190} INFO - [2024-08-24T11:30:47.647+0000] {dag.py:3211} INFO - Sync 1 DAGs
[2024-08-24T11:30:47.659+0000] {logging_mixin.py:190} INFO - [2024-08-24T11:30:47.658+0000] {dag.py:4138} INFO - Setting next_dagrun for example_nested_branch_dag to 2024-08-23 00:00:00+00:00, run_after=2024-08-24 00:00:00+00:00
[2024-08-24T11:30:47.668+0000] {processor.py:208} INFO - Processing /home/airflow/.local/lib/python3.12/site-packages/airflow/example_dags/example_nested_branch_dag.py took 0.053 seconds
[2024-08-24T11:31:18.658+0000] {processor.py:186} INFO - Started process (PID=1345) to work on /home/airflow/.local/lib/python3.12/site-packages/airflow/example_dags/example_nested_branch_dag.py
[2024-08-24T11:31:18.659+0000] {processor.py:914} INFO - Processing file /home/airflow/.local/lib/python3.12/site-packages/airflow/example_dags/example_nested_branch_dag.py for tasks to queue
[2024-08-24T11:31:18.660+0000] {logging_mixin.py:190} INFO - [2024-08-24T11:31:18.660+0000] {dagbag.py:587} INFO - Filling up the DagBag from /home/airflow/.local/lib/python3.12/site-packages/airflow/example_dags/example_nested_branch_dag.py
[2024-08-24T11:31:18.666+0000] {processor.py:925} INFO - DAG(s) 'example_nested_branch_dag' retrieved from /home/airflow/.local/lib/python3.12/site-packages/airflow/example_dags/example_nested_branch_dag.py
[2024-08-24T11:31:18.678+0000] {logging_mixin.py:190} INFO - [2024-08-24T11:31:18.678+0000] {dag.py:3211} INFO - Sync 1 DAGs
[2024-08-24T11:31:18.690+0000] {logging_mixin.py:190} INFO - [2024-08-24T11:31:18.690+0000] {dag.py:4138} INFO - Setting next_dagrun for example_nested_branch_dag to 2024-08-23 00:00:00+00:00, run_after=2024-08-24 00:00:00+00:00
[2024-08-24T11:31:18.699+0000] {processor.py:208} INFO - Processing /home/airflow/.local/lib/python3.12/site-packages/airflow/example_dags/example_nested_branch_dag.py took 0.044 seconds
[2024-08-24T11:31:49.770+0000] {processor.py:186} INFO - Started process (PID=1407) to work on /home/airflow/.local/lib/python3.12/site-packages/airflow/example_dags/example_nested_branch_dag.py
[2024-08-24T11:31:49.771+0000] {processor.py:914} INFO - Processing file /home/airflow/.local/lib/python3.12/site-packages/airflow/example_dags/example_nested_branch_dag.py for tasks to queue
[2024-08-24T11:31:49.772+0000] {logging_mixin.py:190} INFO - [2024-08-24T11:31:49.771+0000] {dagbag.py:587} INFO - Filling up the DagBag from /home/airflow/.local/lib/python3.12/site-packages/airflow/example_dags/example_nested_branch_dag.py
[2024-08-24T11:31:49.777+0000] {processor.py:925} INFO - DAG(s) 'example_nested_branch_dag' retrieved from /home/airflow/.local/lib/python3.12/site-packages/airflow/example_dags/example_nested_branch_dag.py
[2024-08-24T11:31:49.788+0000] {logging_mixin.py:190} INFO - [2024-08-24T11:31:49.788+0000] {dag.py:3211} INFO - Sync 1 DAGs
[2024-08-24T11:31:49.801+0000] {logging_mixin.py:190} INFO - [2024-08-24T11:31:49.801+0000] {dag.py:4138} INFO - Setting next_dagrun for example_nested_branch_dag to 2024-08-23 00:00:00+00:00, run_after=2024-08-24 00:00:00+00:00
[2024-08-24T11:31:49.810+0000] {processor.py:208} INFO - Processing /home/airflow/.local/lib/python3.12/site-packages/airflow/example_dags/example_nested_branch_dag.py took 0.044 seconds
[2024-08-24T11:32:19.959+0000] {processor.py:186} INFO - Started process (PID=1469) to work on /home/airflow/.local/lib/python3.12/site-packages/airflow/example_dags/example_nested_branch_dag.py
[2024-08-24T11:32:19.959+0000] {processor.py:914} INFO - Processing file /home/airflow/.local/lib/python3.12/site-packages/airflow/example_dags/example_nested_branch_dag.py for tasks to queue
[2024-08-24T11:32:19.961+0000] {logging_mixin.py:190} INFO - [2024-08-24T11:32:19.961+0000] {dagbag.py:587} INFO - Filling up the DagBag from /home/airflow/.local/lib/python3.12/site-packages/airflow/example_dags/example_nested_branch_dag.py
[2024-08-24T11:32:19.967+0000] {processor.py:925} INFO - DAG(s) 'example_nested_branch_dag' retrieved from /home/airflow/.local/lib/python3.12/site-packages/airflow/example_dags/example_nested_branch_dag.py
[2024-08-24T11:32:19.984+0000] {logging_mixin.py:190} INFO - [2024-08-24T11:32:19.983+0000] {dag.py:3211} INFO - Sync 1 DAGs
[2024-08-24T11:32:20.000+0000] {logging_mixin.py:190} INFO - [2024-08-24T11:32:20.000+0000] {dag.py:4138} INFO - Setting next_dagrun for example_nested_branch_dag to 2024-08-23 00:00:00+00:00, run_after=2024-08-24 00:00:00+00:00
[2024-08-24T11:32:20.015+0000] {processor.py:208} INFO - Processing /home/airflow/.local/lib/python3.12/site-packages/airflow/example_dags/example_nested_branch_dag.py took 0.060 seconds
[2024-08-24T11:32:50.180+0000] {processor.py:186} INFO - Started process (PID=1531) to work on /home/airflow/.local/lib/python3.12/site-packages/airflow/example_dags/example_nested_branch_dag.py
[2024-08-24T11:32:50.180+0000] {processor.py:914} INFO - Processing file /home/airflow/.local/lib/python3.12/site-packages/airflow/example_dags/example_nested_branch_dag.py for tasks to queue
[2024-08-24T11:32:50.181+0000] {logging_mixin.py:190} INFO - [2024-08-24T11:32:50.181+0000] {dagbag.py:587} INFO - Filling up the DagBag from /home/airflow/.local/lib/python3.12/site-packages/airflow/example_dags/example_nested_branch_dag.py
[2024-08-24T11:32:50.187+0000] {processor.py:925} INFO - DAG(s) 'example_nested_branch_dag' retrieved from /home/airflow/.local/lib/python3.12/site-packages/airflow/example_dags/example_nested_branch_dag.py
[2024-08-24T11:32:50.202+0000] {logging_mixin.py:190} INFO - [2024-08-24T11:32:50.202+0000] {dag.py:3211} INFO - Sync 1 DAGs
[2024-08-24T11:32:50.217+0000] {logging_mixin.py:190} INFO - [2024-08-24T11:32:50.217+0000] {dag.py:4138} INFO - Setting next_dagrun for example_nested_branch_dag to 2024-08-23 00:00:00+00:00, run_after=2024-08-24 00:00:00+00:00
[2024-08-24T11:32:50.226+0000] {processor.py:208} INFO - Processing /home/airflow/.local/lib/python3.12/site-packages/airflow/example_dags/example_nested_branch_dag.py took 0.049 seconds
[2024-08-24T11:33:20.343+0000] {processor.py:186} INFO - Started process (PID=1593) to work on /home/airflow/.local/lib/python3.12/site-packages/airflow/example_dags/example_nested_branch_dag.py
[2024-08-24T11:33:20.343+0000] {processor.py:914} INFO - Processing file /home/airflow/.local/lib/python3.12/site-packages/airflow/example_dags/example_nested_branch_dag.py for tasks to queue
[2024-08-24T11:33:20.345+0000] {logging_mixin.py:190} INFO - [2024-08-24T11:33:20.345+0000] {dagbag.py:587} INFO - Filling up the DagBag from /home/airflow/.local/lib/python3.12/site-packages/airflow/example_dags/example_nested_branch_dag.py
[2024-08-24T11:33:20.352+0000] {processor.py:925} INFO - DAG(s) 'example_nested_branch_dag' retrieved from /home/airflow/.local/lib/python3.12/site-packages/airflow/example_dags/example_nested_branch_dag.py
[2024-08-24T11:33:20.364+0000] {logging_mixin.py:190} INFO - [2024-08-24T11:33:20.363+0000] {dag.py:3211} INFO - Sync 1 DAGs
[2024-08-24T11:33:20.376+0000] {logging_mixin.py:190} INFO - [2024-08-24T11:33:20.376+0000] {dag.py:4138} INFO - Setting next_dagrun for example_nested_branch_dag to 2024-08-23 00:00:00+00:00, run_after=2024-08-24 00:00:00+00:00
[2024-08-24T11:33:20.384+0000] {processor.py:208} INFO - Processing /home/airflow/.local/lib/python3.12/site-packages/airflow/example_dags/example_nested_branch_dag.py took 0.046 seconds
[2024-08-24T11:33:50.622+0000] {processor.py:186} INFO - Started process (PID=1655) to work on /home/airflow/.local/lib/python3.12/site-packages/airflow/example_dags/example_nested_branch_dag.py
[2024-08-24T11:33:50.623+0000] {processor.py:914} INFO - Processing file /home/airflow/.local/lib/python3.12/site-packages/airflow/example_dags/example_nested_branch_dag.py for tasks to queue
[2024-08-24T11:33:50.624+0000] {logging_mixin.py:190} INFO - [2024-08-24T11:33:50.623+0000] {dagbag.py:587} INFO - Filling up the DagBag from /home/airflow/.local/lib/python3.12/site-packages/airflow/example_dags/example_nested_branch_dag.py
[2024-08-24T11:33:50.630+0000] {processor.py:925} INFO - DAG(s) 'example_nested_branch_dag' retrieved from /home/airflow/.local/lib/python3.12/site-packages/airflow/example_dags/example_nested_branch_dag.py
[2024-08-24T11:33:50.643+0000] {logging_mixin.py:190} INFO - [2024-08-24T11:33:50.643+0000] {dag.py:3211} INFO - Sync 1 DAGs
[2024-08-24T11:33:50.655+0000] {logging_mixin.py:190} INFO - [2024-08-24T11:33:50.655+0000] {dag.py:4138} INFO - Setting next_dagrun for example_nested_branch_dag to 2024-08-23 00:00:00+00:00, run_after=2024-08-24 00:00:00+00:00
[2024-08-24T11:33:50.664+0000] {processor.py:208} INFO - Processing /home/airflow/.local/lib/python3.12/site-packages/airflow/example_dags/example_nested_branch_dag.py took 0.045 seconds
[2024-08-24T11:34:20.856+0000] {processor.py:186} INFO - Started process (PID=1717) to work on /home/airflow/.local/lib/python3.12/site-packages/airflow/example_dags/example_nested_branch_dag.py
[2024-08-24T11:34:20.857+0000] {processor.py:914} INFO - Processing file /home/airflow/.local/lib/python3.12/site-packages/airflow/example_dags/example_nested_branch_dag.py for tasks to queue
[2024-08-24T11:34:20.858+0000] {logging_mixin.py:190} INFO - [2024-08-24T11:34:20.858+0000] {dagbag.py:587} INFO - Filling up the DagBag from /home/airflow/.local/lib/python3.12/site-packages/airflow/example_dags/example_nested_branch_dag.py
[2024-08-24T11:34:20.864+0000] {processor.py:925} INFO - DAG(s) 'example_nested_branch_dag' retrieved from /home/airflow/.local/lib/python3.12/site-packages/airflow/example_dags/example_nested_branch_dag.py
[2024-08-24T11:34:20.875+0000] {logging_mixin.py:190} INFO - [2024-08-24T11:34:20.875+0000] {dag.py:3211} INFO - Sync 1 DAGs
[2024-08-24T11:34:20.889+0000] {logging_mixin.py:190} INFO - [2024-08-24T11:34:20.889+0000] {dag.py:4138} INFO - Setting next_dagrun for example_nested_branch_dag to 2024-08-23 00:00:00+00:00, run_after=2024-08-24 00:00:00+00:00
[2024-08-24T11:34:20.899+0000] {processor.py:208} INFO - Processing /home/airflow/.local/lib/python3.12/site-packages/airflow/example_dags/example_nested_branch_dag.py took 0.047 seconds
[2024-08-24T11:34:51.130+0000] {processor.py:186} INFO - Started process (PID=1779) to work on /home/airflow/.local/lib/python3.12/site-packages/airflow/example_dags/example_nested_branch_dag.py
[2024-08-24T11:34:51.131+0000] {processor.py:914} INFO - Processing file /home/airflow/.local/lib/python3.12/site-packages/airflow/example_dags/example_nested_branch_dag.py for tasks to queue
[2024-08-24T11:34:51.133+0000] {logging_mixin.py:190} INFO - [2024-08-24T11:34:51.132+0000] {dagbag.py:587} INFO - Filling up the DagBag from /home/airflow/.local/lib/python3.12/site-packages/airflow/example_dags/example_nested_branch_dag.py
[2024-08-24T11:34:51.139+0000] {processor.py:925} INFO - DAG(s) 'example_nested_branch_dag' retrieved from /home/airflow/.local/lib/python3.12/site-packages/airflow/example_dags/example_nested_branch_dag.py
[2024-08-24T11:34:51.151+0000] {logging_mixin.py:190} INFO - [2024-08-24T11:34:51.150+0000] {dag.py:3211} INFO - Sync 1 DAGs
[2024-08-24T11:34:51.165+0000] {logging_mixin.py:190} INFO - [2024-08-24T11:34:51.164+0000] {dag.py:4138} INFO - Setting next_dagrun for example_nested_branch_dag to 2024-08-23 00:00:00+00:00, run_after=2024-08-24 00:00:00+00:00
[2024-08-24T11:34:51.179+0000] {processor.py:208} INFO - Processing /home/airflow/.local/lib/python3.12/site-packages/airflow/example_dags/example_nested_branch_dag.py took 0.053 seconds
[2024-08-24T11:35:21.305+0000] {processor.py:186} INFO - Started process (PID=1841) to work on /home/airflow/.local/lib/python3.12/site-packages/airflow/example_dags/example_nested_branch_dag.py
[2024-08-24T11:35:21.305+0000] {processor.py:914} INFO - Processing file /home/airflow/.local/lib/python3.12/site-packages/airflow/example_dags/example_nested_branch_dag.py for tasks to queue
[2024-08-24T11:35:21.306+0000] {logging_mixin.py:190} INFO - [2024-08-24T11:35:21.306+0000] {dagbag.py:587} INFO - Filling up the DagBag from /home/airflow/.local/lib/python3.12/site-packages/airflow/example_dags/example_nested_branch_dag.py
[2024-08-24T11:35:21.312+0000] {processor.py:925} INFO - DAG(s) 'example_nested_branch_dag' retrieved from /home/airflow/.local/lib/python3.12/site-packages/airflow/example_dags/example_nested_branch_dag.py
[2024-08-24T11:35:21.324+0000] {logging_mixin.py:190} INFO - [2024-08-24T11:35:21.324+0000] {dag.py:3211} INFO - Sync 1 DAGs
[2024-08-24T11:35:21.336+0000] {logging_mixin.py:190} INFO - [2024-08-24T11:35:21.336+0000] {dag.py:4138} INFO - Setting next_dagrun for example_nested_branch_dag to 2024-08-23 00:00:00+00:00, run_after=2024-08-24 00:00:00+00:00
[2024-08-24T11:35:21.345+0000] {processor.py:208} INFO - Processing /home/airflow/.local/lib/python3.12/site-packages/airflow/example_dags/example_nested_branch_dag.py took 0.044 seconds
[2024-08-24T11:35:51.631+0000] {processor.py:186} INFO - Started process (PID=1903) to work on /home/airflow/.local/lib/python3.12/site-packages/airflow/example_dags/example_nested_branch_dag.py
[2024-08-24T11:35:51.631+0000] {processor.py:914} INFO - Processing file /home/airflow/.local/lib/python3.12/site-packages/airflow/example_dags/example_nested_branch_dag.py for tasks to queue
[2024-08-24T11:35:51.632+0000] {logging_mixin.py:190} INFO - [2024-08-24T11:35:51.632+0000] {dagbag.py:587} INFO - Filling up the DagBag from /home/airflow/.local/lib/python3.12/site-packages/airflow/example_dags/example_nested_branch_dag.py
[2024-08-24T11:35:51.638+0000] {processor.py:925} INFO - DAG(s) 'example_nested_branch_dag' retrieved from /home/airflow/.local/lib/python3.12/site-packages/airflow/example_dags/example_nested_branch_dag.py
[2024-08-24T11:35:51.652+0000] {logging_mixin.py:190} INFO - [2024-08-24T11:35:51.652+0000] {dag.py:3211} INFO - Sync 1 DAGs
[2024-08-24T11:35:51.667+0000] {logging_mixin.py:190} INFO - [2024-08-24T11:35:51.667+0000] {dag.py:4138} INFO - Setting next_dagrun for example_nested_branch_dag to 2024-08-23 00:00:00+00:00, run_after=2024-08-24 00:00:00+00:00
[2024-08-24T11:35:51.681+0000] {processor.py:208} INFO - Processing /home/airflow/.local/lib/python3.12/site-packages/airflow/example_dags/example_nested_branch_dag.py took 0.053 seconds
[2024-08-24T11:36:22.082+0000] {processor.py:186} INFO - Started process (PID=1965) to work on /home/airflow/.local/lib/python3.12/site-packages/airflow/example_dags/example_nested_branch_dag.py
[2024-08-24T11:36:22.082+0000] {processor.py:914} INFO - Processing file /home/airflow/.local/lib/python3.12/site-packages/airflow/example_dags/example_nested_branch_dag.py for tasks to queue
[2024-08-24T11:36:22.084+0000] {logging_mixin.py:190} INFO - [2024-08-24T11:36:22.083+0000] {dagbag.py:587} INFO - Filling up the DagBag from /home/airflow/.local/lib/python3.12/site-packages/airflow/example_dags/example_nested_branch_dag.py
[2024-08-24T11:36:22.090+0000] {processor.py:925} INFO - DAG(s) 'example_nested_branch_dag' retrieved from /home/airflow/.local/lib/python3.12/site-packages/airflow/example_dags/example_nested_branch_dag.py
[2024-08-24T11:36:22.101+0000] {logging_mixin.py:190} INFO - [2024-08-24T11:36:22.101+0000] {dag.py:3211} INFO - Sync 1 DAGs
[2024-08-24T11:36:22.113+0000] {logging_mixin.py:190} INFO - [2024-08-24T11:36:22.112+0000] {dag.py:4138} INFO - Setting next_dagrun for example_nested_branch_dag to 2024-08-23 00:00:00+00:00, run_after=2024-08-24 00:00:00+00:00
[2024-08-24T11:36:22.121+0000] {processor.py:208} INFO - Processing /home/airflow/.local/lib/python3.12/site-packages/airflow/example_dags/example_nested_branch_dag.py took 0.042 seconds
[2024-08-24T11:36:52.301+0000] {processor.py:186} INFO - Started process (PID=2027) to work on /home/airflow/.local/lib/python3.12/site-packages/airflow/example_dags/example_nested_branch_dag.py
[2024-08-24T11:36:52.302+0000] {processor.py:914} INFO - Processing file /home/airflow/.local/lib/python3.12/site-packages/airflow/example_dags/example_nested_branch_dag.py for tasks to queue
[2024-08-24T11:36:52.303+0000] {logging_mixin.py:190} INFO - [2024-08-24T11:36:52.303+0000] {dagbag.py:587} INFO - Filling up the DagBag from /home/airflow/.local/lib/python3.12/site-packages/airflow/example_dags/example_nested_branch_dag.py
[2024-08-24T11:36:52.309+0000] {processor.py:925} INFO - DAG(s) 'example_nested_branch_dag' retrieved from /home/airflow/.local/lib/python3.12/site-packages/airflow/example_dags/example_nested_branch_dag.py
[2024-08-24T11:36:52.323+0000] {logging_mixin.py:190} INFO - [2024-08-24T11:36:52.323+0000] {dag.py:3211} INFO - Sync 1 DAGs
[2024-08-24T11:36:52.341+0000] {logging_mixin.py:190} INFO - [2024-08-24T11:36:52.341+0000] {dag.py:4138} INFO - Setting next_dagrun for example_nested_branch_dag to 2024-08-23 00:00:00+00:00, run_after=2024-08-24 00:00:00+00:00
[2024-08-24T11:36:52.349+0000] {processor.py:208} INFO - Processing /home/airflow/.local/lib/python3.12/site-packages/airflow/example_dags/example_nested_branch_dag.py took 0.051 seconds
[2024-08-24T11:37:22.665+0000] {processor.py:186} INFO - Started process (PID=2089) to work on /home/airflow/.local/lib/python3.12/site-packages/airflow/example_dags/example_nested_branch_dag.py
[2024-08-24T11:37:22.666+0000] {processor.py:914} INFO - Processing file /home/airflow/.local/lib/python3.12/site-packages/airflow/example_dags/example_nested_branch_dag.py for tasks to queue
[2024-08-24T11:37:22.667+0000] {logging_mixin.py:190} INFO - [2024-08-24T11:37:22.667+0000] {dagbag.py:587} INFO - Filling up the DagBag from /home/airflow/.local/lib/python3.12/site-packages/airflow/example_dags/example_nested_branch_dag.py
[2024-08-24T11:37:22.673+0000] {processor.py:925} INFO - DAG(s) 'example_nested_branch_dag' retrieved from /home/airflow/.local/lib/python3.12/site-packages/airflow/example_dags/example_nested_branch_dag.py
[2024-08-24T11:37:22.690+0000] {logging_mixin.py:190} INFO - [2024-08-24T11:37:22.689+0000] {dag.py:3211} INFO - Sync 1 DAGs
[2024-08-24T11:37:22.707+0000] {logging_mixin.py:190} INFO - [2024-08-24T11:37:22.707+0000] {dag.py:4138} INFO - Setting next_dagrun for example_nested_branch_dag to 2024-08-23 00:00:00+00:00, run_after=2024-08-24 00:00:00+00:00
[2024-08-24T11:37:22.717+0000] {processor.py:208} INFO - Processing /home/airflow/.local/lib/python3.12/site-packages/airflow/example_dags/example_nested_branch_dag.py took 0.056 seconds
[2024-08-24T11:37:53.298+0000] {processor.py:186} INFO - Started process (PID=2152) to work on /home/airflow/.local/lib/python3.12/site-packages/airflow/example_dags/example_nested_branch_dag.py
[2024-08-24T11:37:53.298+0000] {processor.py:914} INFO - Processing file /home/airflow/.local/lib/python3.12/site-packages/airflow/example_dags/example_nested_branch_dag.py for tasks to queue
[2024-08-24T11:37:53.300+0000] {logging_mixin.py:190} INFO - [2024-08-24T11:37:53.299+0000] {dagbag.py:587} INFO - Filling up the DagBag from /home/airflow/.local/lib/python3.12/site-packages/airflow/example_dags/example_nested_branch_dag.py
[2024-08-24T11:37:53.306+0000] {processor.py:925} INFO - DAG(s) 'example_nested_branch_dag' retrieved from /home/airflow/.local/lib/python3.12/site-packages/airflow/example_dags/example_nested_branch_dag.py
[2024-08-24T11:37:53.321+0000] {logging_mixin.py:190} INFO - [2024-08-24T11:37:53.321+0000] {dag.py:3211} INFO - Sync 1 DAGs
[2024-08-24T11:37:53.333+0000] {logging_mixin.py:190} INFO - [2024-08-24T11:37:53.333+0000] {dag.py:4138} INFO - Setting next_dagrun for example_nested_branch_dag to 2024-08-23 00:00:00+00:00, run_after=2024-08-24 00:00:00+00:00
[2024-08-24T11:37:53.344+0000] {processor.py:208} INFO - Processing /home/airflow/.local/lib/python3.12/site-packages/airflow/example_dags/example_nested_branch_dag.py took 0.050 seconds
[2024-08-24T11:38:23.818+0000] {processor.py:186} INFO - Started process (PID=2214) to work on /home/airflow/.local/lib/python3.12/site-packages/airflow/example_dags/example_nested_branch_dag.py
[2024-08-24T11:38:23.819+0000] {processor.py:914} INFO - Processing file /home/airflow/.local/lib/python3.12/site-packages/airflow/example_dags/example_nested_branch_dag.py for tasks to queue
[2024-08-24T11:38:23.820+0000] {logging_mixin.py:190} INFO - [2024-08-24T11:38:23.820+0000] {dagbag.py:587} INFO - Filling up the DagBag from /home/airflow/.local/lib/python3.12/site-packages/airflow/example_dags/example_nested_branch_dag.py
[2024-08-24T11:38:23.825+0000] {processor.py:925} INFO - DAG(s) 'example_nested_branch_dag' retrieved from /home/airflow/.local/lib/python3.12/site-packages/airflow/example_dags/example_nested_branch_dag.py
[2024-08-24T11:38:23.836+0000] {logging_mixin.py:190} INFO - [2024-08-24T11:38:23.836+0000] {dag.py:3211} INFO - Sync 1 DAGs
[2024-08-24T11:38:23.849+0000] {logging_mixin.py:190} INFO - [2024-08-24T11:38:23.849+0000] {dag.py:4138} INFO - Setting next_dagrun for example_nested_branch_dag to 2024-08-23 00:00:00+00:00, run_after=2024-08-24 00:00:00+00:00
[2024-08-24T11:38:23.857+0000] {processor.py:208} INFO - Processing /home/airflow/.local/lib/python3.12/site-packages/airflow/example_dags/example_nested_branch_dag.py took 0.042 seconds
[2024-08-24T11:38:54.245+0000] {processor.py:186} INFO - Started process (PID=2275) to work on /home/airflow/.local/lib/python3.12/site-packages/airflow/example_dags/example_nested_branch_dag.py
[2024-08-24T11:38:54.246+0000] {processor.py:914} INFO - Processing file /home/airflow/.local/lib/python3.12/site-packages/airflow/example_dags/example_nested_branch_dag.py for tasks to queue
[2024-08-24T11:38:54.248+0000] {logging_mixin.py:190} INFO - [2024-08-24T11:38:54.247+0000] {dagbag.py:587} INFO - Filling up the DagBag from /home/airflow/.local/lib/python3.12/site-packages/airflow/example_dags/example_nested_branch_dag.py
[2024-08-24T11:38:54.253+0000] {processor.py:925} INFO - DAG(s) 'example_nested_branch_dag' retrieved from /home/airflow/.local/lib/python3.12/site-packages/airflow/example_dags/example_nested_branch_dag.py
[2024-08-24T11:38:54.268+0000] {logging_mixin.py:190} INFO - [2024-08-24T11:38:54.268+0000] {dag.py:3211} INFO - Sync 1 DAGs
[2024-08-24T11:38:54.284+0000] {logging_mixin.py:190} INFO - [2024-08-24T11:38:54.284+0000] {dag.py:4138} INFO - Setting next_dagrun for example_nested_branch_dag to 2024-08-23 00:00:00+00:00, run_after=2024-08-24 00:00:00+00:00
[2024-08-24T11:38:54.297+0000] {processor.py:208} INFO - Processing /home/airflow/.local/lib/python3.12/site-packages/airflow/example_dags/example_nested_branch_dag.py took 0.055 seconds
[2024-08-24T11:39:25.052+0000] {processor.py:186} INFO - Started process (PID=2337) to work on /home/airflow/.local/lib/python3.12/site-packages/airflow/example_dags/example_nested_branch_dag.py
[2024-08-24T11:39:25.053+0000] {processor.py:914} INFO - Processing file /home/airflow/.local/lib/python3.12/site-packages/airflow/example_dags/example_nested_branch_dag.py for tasks to queue
[2024-08-24T11:39:25.054+0000] {logging_mixin.py:190} INFO - [2024-08-24T11:39:25.054+0000] {dagbag.py:587} INFO - Filling up the DagBag from /home/airflow/.local/lib/python3.12/site-packages/airflow/example_dags/example_nested_branch_dag.py
[2024-08-24T11:39:25.060+0000] {processor.py:925} INFO - DAG(s) 'example_nested_branch_dag' retrieved from /home/airflow/.local/lib/python3.12/site-packages/airflow/example_dags/example_nested_branch_dag.py
[2024-08-24T11:39:25.071+0000] {logging_mixin.py:190} INFO - [2024-08-24T11:39:25.071+0000] {dag.py:3211} INFO - Sync 1 DAGs
[2024-08-24T11:39:25.083+0000] {logging_mixin.py:190} INFO - [2024-08-24T11:39:25.083+0000] {dag.py:4138} INFO - Setting next_dagrun for example_nested_branch_dag to 2024-08-23 00:00:00+00:00, run_after=2024-08-24 00:00:00+00:00
[2024-08-24T11:39:25.092+0000] {processor.py:208} INFO - Processing /home/airflow/.local/lib/python3.12/site-packages/airflow/example_dags/example_nested_branch_dag.py took 0.042 seconds
[2024-08-24T11:39:55.476+0000] {processor.py:186} INFO - Started process (PID=2399) to work on /home/airflow/.local/lib/python3.12/site-packages/airflow/example_dags/example_nested_branch_dag.py
[2024-08-24T11:39:55.476+0000] {processor.py:914} INFO - Processing file /home/airflow/.local/lib/python3.12/site-packages/airflow/example_dags/example_nested_branch_dag.py for tasks to queue
[2024-08-24T11:39:55.478+0000] {logging_mixin.py:190} INFO - [2024-08-24T11:39:55.477+0000] {dagbag.py:587} INFO - Filling up the DagBag from /home/airflow/.local/lib/python3.12/site-packages/airflow/example_dags/example_nested_branch_dag.py
[2024-08-24T11:39:55.484+0000] {processor.py:925} INFO - DAG(s) 'example_nested_branch_dag' retrieved from /home/airflow/.local/lib/python3.12/site-packages/airflow/example_dags/example_nested_branch_dag.py
[2024-08-24T11:39:55.499+0000] {logging_mixin.py:190} INFO - [2024-08-24T11:39:55.499+0000] {dag.py:3211} INFO - Sync 1 DAGs
[2024-08-24T11:39:55.517+0000] {logging_mixin.py:190} INFO - [2024-08-24T11:39:55.516+0000] {dag.py:4138} INFO - Setting next_dagrun for example_nested_branch_dag to 2024-08-23 00:00:00+00:00, run_after=2024-08-24 00:00:00+00:00
[2024-08-24T11:39:55.529+0000] {processor.py:208} INFO - Processing /home/airflow/.local/lib/python3.12/site-packages/airflow/example_dags/example_nested_branch_dag.py took 0.057 seconds
[2024-08-24T11:40:26.093+0000] {processor.py:186} INFO - Started process (PID=2461) to work on /home/airflow/.local/lib/python3.12/site-packages/airflow/example_dags/example_nested_branch_dag.py
[2024-08-24T11:40:26.093+0000] {processor.py:914} INFO - Processing file /home/airflow/.local/lib/python3.12/site-packages/airflow/example_dags/example_nested_branch_dag.py for tasks to queue
[2024-08-24T11:40:26.095+0000] {logging_mixin.py:190} INFO - [2024-08-24T11:40:26.095+0000] {dagbag.py:587} INFO - Filling up the DagBag from /home/airflow/.local/lib/python3.12/site-packages/airflow/example_dags/example_nested_branch_dag.py
[2024-08-24T11:40:26.102+0000] {processor.py:925} INFO - DAG(s) 'example_nested_branch_dag' retrieved from /home/airflow/.local/lib/python3.12/site-packages/airflow/example_dags/example_nested_branch_dag.py
[2024-08-24T11:40:26.120+0000] {logging_mixin.py:190} INFO - [2024-08-24T11:40:26.120+0000] {dag.py:3211} INFO - Sync 1 DAGs
[2024-08-24T11:40:26.143+0000] {logging_mixin.py:190} INFO - [2024-08-24T11:40:26.143+0000] {dag.py:4138} INFO - Setting next_dagrun for example_nested_branch_dag to 2024-08-23 00:00:00+00:00, run_after=2024-08-24 00:00:00+00:00
[2024-08-24T11:40:26.159+0000] {processor.py:208} INFO - Processing /home/airflow/.local/lib/python3.12/site-packages/airflow/example_dags/example_nested_branch_dag.py took 0.070 seconds
[2024-08-24T11:40:56.659+0000] {processor.py:186} INFO - Started process (PID=2523) to work on /home/airflow/.local/lib/python3.12/site-packages/airflow/example_dags/example_nested_branch_dag.py
[2024-08-24T11:40:56.660+0000] {processor.py:914} INFO - Processing file /home/airflow/.local/lib/python3.12/site-packages/airflow/example_dags/example_nested_branch_dag.py for tasks to queue
[2024-08-24T11:40:56.661+0000] {logging_mixin.py:190} INFO - [2024-08-24T11:40:56.661+0000] {dagbag.py:587} INFO - Filling up the DagBag from /home/airflow/.local/lib/python3.12/site-packages/airflow/example_dags/example_nested_branch_dag.py
[2024-08-24T11:40:56.667+0000] {processor.py:925} INFO - DAG(s) 'example_nested_branch_dag' retrieved from /home/airflow/.local/lib/python3.12/site-packages/airflow/example_dags/example_nested_branch_dag.py
[2024-08-24T11:40:56.678+0000] {logging_mixin.py:190} INFO - [2024-08-24T11:40:56.678+0000] {dag.py:3211} INFO - Sync 1 DAGs
[2024-08-24T11:40:56.690+0000] {logging_mixin.py:190} INFO - [2024-08-24T11:40:56.690+0000] {dag.py:4138} INFO - Setting next_dagrun for example_nested_branch_dag to 2024-08-23 00:00:00+00:00, run_after=2024-08-24 00:00:00+00:00
[2024-08-24T11:40:56.699+0000] {processor.py:208} INFO - Processing /home/airflow/.local/lib/python3.12/site-packages/airflow/example_dags/example_nested_branch_dag.py took 0.044 seconds
[2024-08-24T11:41:27.231+0000] {processor.py:186} INFO - Started process (PID=2585) to work on /home/airflow/.local/lib/python3.12/site-packages/airflow/example_dags/example_nested_branch_dag.py
[2024-08-24T11:41:27.231+0000] {processor.py:914} INFO - Processing file /home/airflow/.local/lib/python3.12/site-packages/airflow/example_dags/example_nested_branch_dag.py for tasks to queue
[2024-08-24T11:41:27.232+0000] {logging_mixin.py:190} INFO - [2024-08-24T11:41:27.232+0000] {dagbag.py:587} INFO - Filling up the DagBag from /home/airflow/.local/lib/python3.12/site-packages/airflow/example_dags/example_nested_branch_dag.py
[2024-08-24T11:41:27.238+0000] {processor.py:925} INFO - DAG(s) 'example_nested_branch_dag' retrieved from /home/airflow/.local/lib/python3.12/site-packages/airflow/example_dags/example_nested_branch_dag.py
[2024-08-24T11:41:27.249+0000] {logging_mixin.py:190} INFO - [2024-08-24T11:41:27.249+0000] {dag.py:3211} INFO - Sync 1 DAGs
[2024-08-24T11:41:27.262+0000] {logging_mixin.py:190} INFO - [2024-08-24T11:41:27.261+0000] {dag.py:4138} INFO - Setting next_dagrun for example_nested_branch_dag to 2024-08-23 00:00:00+00:00, run_after=2024-08-24 00:00:00+00:00
[2024-08-24T11:41:27.271+0000] {processor.py:208} INFO - Processing /home/airflow/.local/lib/python3.12/site-packages/airflow/example_dags/example_nested_branch_dag.py took 0.043 seconds
[2024-08-24T11:41:57.680+0000] {processor.py:186} INFO - Started process (PID=2647) to work on /home/airflow/.local/lib/python3.12/site-packages/airflow/example_dags/example_nested_branch_dag.py
[2024-08-24T11:41:57.680+0000] {processor.py:914} INFO - Processing file /home/airflow/.local/lib/python3.12/site-packages/airflow/example_dags/example_nested_branch_dag.py for tasks to queue
[2024-08-24T11:41:57.682+0000] {logging_mixin.py:190} INFO - [2024-08-24T11:41:57.681+0000] {dagbag.py:587} INFO - Filling up the DagBag from /home/airflow/.local/lib/python3.12/site-packages/airflow/example_dags/example_nested_branch_dag.py
[2024-08-24T11:41:57.689+0000] {processor.py:925} INFO - DAG(s) 'example_nested_branch_dag' retrieved from /home/airflow/.local/lib/python3.12/site-packages/airflow/example_dags/example_nested_branch_dag.py
[2024-08-24T11:41:57.705+0000] {logging_mixin.py:190} INFO - [2024-08-24T11:41:57.705+0000] {dag.py:3211} INFO - Sync 1 DAGs
[2024-08-24T11:41:57.726+0000] {logging_mixin.py:190} INFO - [2024-08-24T11:41:57.726+0000] {dag.py:4138} INFO - Setting next_dagrun for example_nested_branch_dag to 2024-08-23 00:00:00+00:00, run_after=2024-08-24 00:00:00+00:00
[2024-08-24T11:41:57.739+0000] {processor.py:208} INFO - Processing /home/airflow/.local/lib/python3.12/site-packages/airflow/example_dags/example_nested_branch_dag.py took 0.063 seconds
[2024-08-24T11:42:28.155+0000] {processor.py:186} INFO - Started process (PID=2709) to work on /home/airflow/.local/lib/python3.12/site-packages/airflow/example_dags/example_nested_branch_dag.py
[2024-08-24T11:42:28.156+0000] {processor.py:914} INFO - Processing file /home/airflow/.local/lib/python3.12/site-packages/airflow/example_dags/example_nested_branch_dag.py for tasks to queue
[2024-08-24T11:42:28.157+0000] {logging_mixin.py:190} INFO - [2024-08-24T11:42:28.157+0000] {dagbag.py:587} INFO - Filling up the DagBag from /home/airflow/.local/lib/python3.12/site-packages/airflow/example_dags/example_nested_branch_dag.py
[2024-08-24T11:42:28.163+0000] {processor.py:925} INFO - DAG(s) 'example_nested_branch_dag' retrieved from /home/airflow/.local/lib/python3.12/site-packages/airflow/example_dags/example_nested_branch_dag.py
[2024-08-24T11:42:28.177+0000] {logging_mixin.py:190} INFO - [2024-08-24T11:42:28.177+0000] {dag.py:3211} INFO - Sync 1 DAGs
[2024-08-24T11:42:28.190+0000] {logging_mixin.py:190} INFO - [2024-08-24T11:42:28.189+0000] {dag.py:4138} INFO - Setting next_dagrun for example_nested_branch_dag to 2024-08-23 00:00:00+00:00, run_after=2024-08-24 00:00:00+00:00
[2024-08-24T11:42:28.198+0000] {processor.py:208} INFO - Processing /home/airflow/.local/lib/python3.12/site-packages/airflow/example_dags/example_nested_branch_dag.py took 0.046 seconds
[2024-08-24T11:42:58.612+0000] {processor.py:186} INFO - Started process (PID=2771) to work on /home/airflow/.local/lib/python3.12/site-packages/airflow/example_dags/example_nested_branch_dag.py
[2024-08-24T11:42:58.613+0000] {processor.py:914} INFO - Processing file /home/airflow/.local/lib/python3.12/site-packages/airflow/example_dags/example_nested_branch_dag.py for tasks to queue
[2024-08-24T11:42:58.615+0000] {logging_mixin.py:190} INFO - [2024-08-24T11:42:58.614+0000] {dagbag.py:587} INFO - Filling up the DagBag from /home/airflow/.local/lib/python3.12/site-packages/airflow/example_dags/example_nested_branch_dag.py
[2024-08-24T11:42:58.620+0000] {processor.py:925} INFO - DAG(s) 'example_nested_branch_dag' retrieved from /home/airflow/.local/lib/python3.12/site-packages/airflow/example_dags/example_nested_branch_dag.py
[2024-08-24T11:42:58.635+0000] {logging_mixin.py:190} INFO - [2024-08-24T11:42:58.634+0000] {dag.py:3211} INFO - Sync 1 DAGs
[2024-08-24T11:42:58.648+0000] {logging_mixin.py:190} INFO - [2024-08-24T11:42:58.648+0000] {dag.py:4138} INFO - Setting next_dagrun for example_nested_branch_dag to 2024-08-23 00:00:00+00:00, run_after=2024-08-24 00:00:00+00:00
[2024-08-24T11:42:58.658+0000] {processor.py:208} INFO - Processing /home/airflow/.local/lib/python3.12/site-packages/airflow/example_dags/example_nested_branch_dag.py took 0.050 seconds
[2024-08-24T11:43:29.055+0000] {processor.py:186} INFO - Started process (PID=2833) to work on /home/airflow/.local/lib/python3.12/site-packages/airflow/example_dags/example_nested_branch_dag.py
[2024-08-24T11:43:29.056+0000] {processor.py:914} INFO - Processing file /home/airflow/.local/lib/python3.12/site-packages/airflow/example_dags/example_nested_branch_dag.py for tasks to queue
[2024-08-24T11:43:29.057+0000] {logging_mixin.py:190} INFO - [2024-08-24T11:43:29.057+0000] {dagbag.py:587} INFO - Filling up the DagBag from /home/airflow/.local/lib/python3.12/site-packages/airflow/example_dags/example_nested_branch_dag.py
[2024-08-24T11:43:29.063+0000] {processor.py:925} INFO - DAG(s) 'example_nested_branch_dag' retrieved from /home/airflow/.local/lib/python3.12/site-packages/airflow/example_dags/example_nested_branch_dag.py
[2024-08-24T11:43:29.074+0000] {logging_mixin.py:190} INFO - [2024-08-24T11:43:29.074+0000] {dag.py:3211} INFO - Sync 1 DAGs
[2024-08-24T11:43:29.086+0000] {logging_mixin.py:190} INFO - [2024-08-24T11:43:29.086+0000] {dag.py:4138} INFO - Setting next_dagrun for example_nested_branch_dag to 2024-08-23 00:00:00+00:00, run_after=2024-08-24 00:00:00+00:00
[2024-08-24T11:43:29.095+0000] {processor.py:208} INFO - Processing /home/airflow/.local/lib/python3.12/site-packages/airflow/example_dags/example_nested_branch_dag.py took 0.043 seconds
[2024-08-24T11:43:59.700+0000] {processor.py:186} INFO - Started process (PID=2895) to work on /home/airflow/.local/lib/python3.12/site-packages/airflow/example_dags/example_nested_branch_dag.py
[2024-08-24T11:43:59.701+0000] {processor.py:914} INFO - Processing file /home/airflow/.local/lib/python3.12/site-packages/airflow/example_dags/example_nested_branch_dag.py for tasks to queue
[2024-08-24T11:43:59.703+0000] {logging_mixin.py:190} INFO - [2024-08-24T11:43:59.703+0000] {dagbag.py:587} INFO - Filling up the DagBag from /home/airflow/.local/lib/python3.12/site-packages/airflow/example_dags/example_nested_branch_dag.py
[2024-08-24T11:43:59.712+0000] {processor.py:925} INFO - DAG(s) 'example_nested_branch_dag' retrieved from /home/airflow/.local/lib/python3.12/site-packages/airflow/example_dags/example_nested_branch_dag.py
[2024-08-24T11:43:59.730+0000] {logging_mixin.py:190} INFO - [2024-08-24T11:43:59.730+0000] {dag.py:3211} INFO - Sync 1 DAGs
[2024-08-24T11:43:59.748+0000] {logging_mixin.py:190} INFO - [2024-08-24T11:43:59.748+0000] {dag.py:4138} INFO - Setting next_dagrun for example_nested_branch_dag to 2024-08-23 00:00:00+00:00, run_after=2024-08-24 00:00:00+00:00
[2024-08-24T11:43:59.761+0000] {processor.py:208} INFO - Processing /home/airflow/.local/lib/python3.12/site-packages/airflow/example_dags/example_nested_branch_dag.py took 0.066 seconds
[2024-08-24T11:44:30.025+0000] {processor.py:186} INFO - Started process (PID=2957) to work on /home/airflow/.local/lib/python3.12/site-packages/airflow/example_dags/example_nested_branch_dag.py
[2024-08-24T11:44:30.025+0000] {processor.py:914} INFO - Processing file /home/airflow/.local/lib/python3.12/site-packages/airflow/example_dags/example_nested_branch_dag.py for tasks to queue
[2024-08-24T11:44:30.026+0000] {logging_mixin.py:190} INFO - [2024-08-24T11:44:30.026+0000] {dagbag.py:587} INFO - Filling up the DagBag from /home/airflow/.local/lib/python3.12/site-packages/airflow/example_dags/example_nested_branch_dag.py
[2024-08-24T11:44:30.032+0000] {processor.py:925} INFO - DAG(s) 'example_nested_branch_dag' retrieved from /home/airflow/.local/lib/python3.12/site-packages/airflow/example_dags/example_nested_branch_dag.py
[2024-08-24T11:44:30.044+0000] {logging_mixin.py:190} INFO - [2024-08-24T11:44:30.043+0000] {dag.py:3211} INFO - Sync 1 DAGs
[2024-08-24T11:44:30.056+0000] {logging_mixin.py:190} INFO - [2024-08-24T11:44:30.056+0000] {dag.py:4138} INFO - Setting next_dagrun for example_nested_branch_dag to 2024-08-23 00:00:00+00:00, run_after=2024-08-24 00:00:00+00:00
[2024-08-24T11:44:30.067+0000] {processor.py:208} INFO - Processing /home/airflow/.local/lib/python3.12/site-packages/airflow/example_dags/example_nested_branch_dag.py took 0.045 seconds
[2024-08-24T11:45:01.266+0000] {processor.py:186} INFO - Started process (PID=3020) to work on /home/airflow/.local/lib/python3.12/site-packages/airflow/example_dags/example_nested_branch_dag.py
[2024-08-24T11:45:01.267+0000] {processor.py:914} INFO - Processing file /home/airflow/.local/lib/python3.12/site-packages/airflow/example_dags/example_nested_branch_dag.py for tasks to queue
[2024-08-24T11:45:01.269+0000] {logging_mixin.py:190} INFO - [2024-08-24T11:45:01.268+0000] {dagbag.py:587} INFO - Filling up the DagBag from /home/airflow/.local/lib/python3.12/site-packages/airflow/example_dags/example_nested_branch_dag.py
[2024-08-24T11:45:01.278+0000] {processor.py:925} INFO - DAG(s) 'example_nested_branch_dag' retrieved from /home/airflow/.local/lib/python3.12/site-packages/airflow/example_dags/example_nested_branch_dag.py
[2024-08-24T11:45:01.292+0000] {logging_mixin.py:190} INFO - [2024-08-24T11:45:01.292+0000] {dag.py:3211} INFO - Sync 1 DAGs
[2024-08-24T11:45:01.401+0000] {logging_mixin.py:190} INFO - [2024-08-24T11:45:01.401+0000] {dag.py:4138} INFO - Setting next_dagrun for example_nested_branch_dag to 2024-08-23 00:00:00+00:00, run_after=2024-08-24 00:00:00+00:00
[2024-08-24T11:45:01.411+0000] {processor.py:208} INFO - Processing /home/airflow/.local/lib/python3.12/site-packages/airflow/example_dags/example_nested_branch_dag.py took 0.149 seconds
[2024-08-24T11:45:31.975+0000] {processor.py:186} INFO - Started process (PID=3083) to work on /home/airflow/.local/lib/python3.12/site-packages/airflow/example_dags/example_nested_branch_dag.py
[2024-08-24T11:45:31.975+0000] {processor.py:914} INFO - Processing file /home/airflow/.local/lib/python3.12/site-packages/airflow/example_dags/example_nested_branch_dag.py for tasks to queue
[2024-08-24T11:45:31.977+0000] {logging_mixin.py:190} INFO - [2024-08-24T11:45:31.976+0000] {dagbag.py:587} INFO - Filling up the DagBag from /home/airflow/.local/lib/python3.12/site-packages/airflow/example_dags/example_nested_branch_dag.py
[2024-08-24T11:45:31.983+0000] {processor.py:925} INFO - DAG(s) 'example_nested_branch_dag' retrieved from /home/airflow/.local/lib/python3.12/site-packages/airflow/example_dags/example_nested_branch_dag.py
[2024-08-24T11:45:31.997+0000] {logging_mixin.py:190} INFO - [2024-08-24T11:45:31.996+0000] {dag.py:3211} INFO - Sync 1 DAGs
[2024-08-24T11:45:32.014+0000] {logging_mixin.py:190} INFO - [2024-08-24T11:45:32.014+0000] {dag.py:4138} INFO - Setting next_dagrun for example_nested_branch_dag to 2024-08-23 00:00:00+00:00, run_after=2024-08-24 00:00:00+00:00
[2024-08-24T11:45:32.027+0000] {processor.py:208} INFO - Processing /home/airflow/.local/lib/python3.12/site-packages/airflow/example_dags/example_nested_branch_dag.py took 0.057 seconds
[2024-08-24T11:46:02.218+0000] {processor.py:186} INFO - Started process (PID=3145) to work on /home/airflow/.local/lib/python3.12/site-packages/airflow/example_dags/example_nested_branch_dag.py
[2024-08-24T11:46:02.219+0000] {processor.py:914} INFO - Processing file /home/airflow/.local/lib/python3.12/site-packages/airflow/example_dags/example_nested_branch_dag.py for tasks to queue
[2024-08-24T11:46:02.222+0000] {logging_mixin.py:190} INFO - [2024-08-24T11:46:02.221+0000] {dagbag.py:587} INFO - Filling up the DagBag from /home/airflow/.local/lib/python3.12/site-packages/airflow/example_dags/example_nested_branch_dag.py
[2024-08-24T11:46:02.232+0000] {processor.py:925} INFO - DAG(s) 'example_nested_branch_dag' retrieved from /home/airflow/.local/lib/python3.12/site-packages/airflow/example_dags/example_nested_branch_dag.py
[2024-08-24T11:46:02.244+0000] {logging_mixin.py:190} INFO - [2024-08-24T11:46:02.244+0000] {dag.py:3211} INFO - Sync 1 DAGs
[2024-08-24T11:46:02.258+0000] {logging_mixin.py:190} INFO - [2024-08-24T11:46:02.257+0000] {dag.py:4138} INFO - Setting next_dagrun for example_nested_branch_dag to 2024-08-23 00:00:00+00:00, run_after=2024-08-24 00:00:00+00:00
[2024-08-24T11:46:02.266+0000] {processor.py:208} INFO - Processing /home/airflow/.local/lib/python3.12/site-packages/airflow/example_dags/example_nested_branch_dag.py took 0.052 seconds
[2024-08-24T11:46:32.973+0000] {processor.py:186} INFO - Started process (PID=3207) to work on /home/airflow/.local/lib/python3.12/site-packages/airflow/example_dags/example_nested_branch_dag.py
[2024-08-24T11:46:32.973+0000] {processor.py:914} INFO - Processing file /home/airflow/.local/lib/python3.12/site-packages/airflow/example_dags/example_nested_branch_dag.py for tasks to queue
[2024-08-24T11:46:32.975+0000] {logging_mixin.py:190} INFO - [2024-08-24T11:46:32.974+0000] {dagbag.py:587} INFO - Filling up the DagBag from /home/airflow/.local/lib/python3.12/site-packages/airflow/example_dags/example_nested_branch_dag.py
[2024-08-24T11:46:32.981+0000] {processor.py:925} INFO - DAG(s) 'example_nested_branch_dag' retrieved from /home/airflow/.local/lib/python3.12/site-packages/airflow/example_dags/example_nested_branch_dag.py
[2024-08-24T11:46:32.995+0000] {logging_mixin.py:190} INFO - [2024-08-24T11:46:32.995+0000] {dag.py:3211} INFO - Sync 1 DAGs
[2024-08-24T11:46:33.013+0000] {logging_mixin.py:190} INFO - [2024-08-24T11:46:33.012+0000] {dag.py:4138} INFO - Setting next_dagrun for example_nested_branch_dag to 2024-08-23 00:00:00+00:00, run_after=2024-08-24 00:00:00+00:00
[2024-08-24T11:46:33.025+0000] {processor.py:208} INFO - Processing /home/airflow/.local/lib/python3.12/site-packages/airflow/example_dags/example_nested_branch_dag.py took 0.057 seconds
[2024-08-24T11:47:04.321+0000] {processor.py:186} INFO - Started process (PID=3269) to work on /home/airflow/.local/lib/python3.12/site-packages/airflow/example_dags/example_nested_branch_dag.py
[2024-08-24T11:47:04.321+0000] {processor.py:914} INFO - Processing file /home/airflow/.local/lib/python3.12/site-packages/airflow/example_dags/example_nested_branch_dag.py for tasks to queue
[2024-08-24T11:47:04.323+0000] {logging_mixin.py:190} INFO - [2024-08-24T11:47:04.322+0000] {dagbag.py:587} INFO - Filling up the DagBag from /home/airflow/.local/lib/python3.12/site-packages/airflow/example_dags/example_nested_branch_dag.py
[2024-08-24T11:47:04.426+0000] {processor.py:925} INFO - DAG(s) 'example_nested_branch_dag' retrieved from /home/airflow/.local/lib/python3.12/site-packages/airflow/example_dags/example_nested_branch_dag.py
[2024-08-24T11:47:04.436+0000] {logging_mixin.py:190} INFO - [2024-08-24T11:47:04.436+0000] {dag.py:3211} INFO - Sync 1 DAGs
[2024-08-24T11:47:04.448+0000] {logging_mixin.py:190} INFO - [2024-08-24T11:47:04.448+0000] {dag.py:4138} INFO - Setting next_dagrun for example_nested_branch_dag to 2024-08-23 00:00:00+00:00, run_after=2024-08-24 00:00:00+00:00
[2024-08-24T11:47:04.456+0000] {processor.py:208} INFO - Processing /home/airflow/.local/lib/python3.12/site-packages/airflow/example_dags/example_nested_branch_dag.py took 0.140 seconds
[2024-08-24T11:47:34.819+0000] {processor.py:186} INFO - Started process (PID=3331) to work on /home/airflow/.local/lib/python3.12/site-packages/airflow/example_dags/example_nested_branch_dag.py
[2024-08-24T11:47:34.820+0000] {processor.py:914} INFO - Processing file /home/airflow/.local/lib/python3.12/site-packages/airflow/example_dags/example_nested_branch_dag.py for tasks to queue
[2024-08-24T11:47:34.821+0000] {logging_mixin.py:190} INFO - [2024-08-24T11:47:34.821+0000] {dagbag.py:587} INFO - Filling up the DagBag from /home/airflow/.local/lib/python3.12/site-packages/airflow/example_dags/example_nested_branch_dag.py
[2024-08-24T11:47:34.827+0000] {processor.py:925} INFO - DAG(s) 'example_nested_branch_dag' retrieved from /home/airflow/.local/lib/python3.12/site-packages/airflow/example_dags/example_nested_branch_dag.py
[2024-08-24T11:47:34.840+0000] {logging_mixin.py:190} INFO - [2024-08-24T11:47:34.840+0000] {dag.py:3211} INFO - Sync 1 DAGs
[2024-08-24T11:47:34.852+0000] {logging_mixin.py:190} INFO - [2024-08-24T11:47:34.852+0000] {dag.py:4138} INFO - Setting next_dagrun for example_nested_branch_dag to 2024-08-23 00:00:00+00:00, run_after=2024-08-24 00:00:00+00:00
[2024-08-24T11:47:34.862+0000] {processor.py:208} INFO - Processing /home/airflow/.local/lib/python3.12/site-packages/airflow/example_dags/example_nested_branch_dag.py took 0.045 seconds
[2024-08-24T11:48:05.181+0000] {processor.py:186} INFO - Started process (PID=3393) to work on /home/airflow/.local/lib/python3.12/site-packages/airflow/example_dags/example_nested_branch_dag.py
[2024-08-24T11:48:05.182+0000] {processor.py:914} INFO - Processing file /home/airflow/.local/lib/python3.12/site-packages/airflow/example_dags/example_nested_branch_dag.py for tasks to queue
[2024-08-24T11:48:05.183+0000] {logging_mixin.py:190} INFO - [2024-08-24T11:48:05.183+0000] {dagbag.py:587} INFO - Filling up the DagBag from /home/airflow/.local/lib/python3.12/site-packages/airflow/example_dags/example_nested_branch_dag.py
[2024-08-24T11:48:05.191+0000] {processor.py:925} INFO - DAG(s) 'example_nested_branch_dag' retrieved from /home/airflow/.local/lib/python3.12/site-packages/airflow/example_dags/example_nested_branch_dag.py
[2024-08-24T11:48:05.206+0000] {logging_mixin.py:190} INFO - [2024-08-24T11:48:05.206+0000] {dag.py:3211} INFO - Sync 1 DAGs
[2024-08-24T11:48:05.220+0000] {logging_mixin.py:190} INFO - [2024-08-24T11:48:05.219+0000] {dag.py:4138} INFO - Setting next_dagrun for example_nested_branch_dag to 2024-08-23 00:00:00+00:00, run_after=2024-08-24 00:00:00+00:00
[2024-08-24T11:48:05.230+0000] {processor.py:208} INFO - Processing /home/airflow/.local/lib/python3.12/site-packages/airflow/example_dags/example_nested_branch_dag.py took 0.052 seconds
[2024-08-24T11:48:35.411+0000] {processor.py:186} INFO - Started process (PID=3455) to work on /home/airflow/.local/lib/python3.12/site-packages/airflow/example_dags/example_nested_branch_dag.py
[2024-08-24T11:48:35.412+0000] {processor.py:914} INFO - Processing file /home/airflow/.local/lib/python3.12/site-packages/airflow/example_dags/example_nested_branch_dag.py for tasks to queue
[2024-08-24T11:48:35.413+0000] {logging_mixin.py:190} INFO - [2024-08-24T11:48:35.413+0000] {dagbag.py:587} INFO - Filling up the DagBag from /home/airflow/.local/lib/python3.12/site-packages/airflow/example_dags/example_nested_branch_dag.py
[2024-08-24T11:48:35.419+0000] {processor.py:925} INFO - DAG(s) 'example_nested_branch_dag' retrieved from /home/airflow/.local/lib/python3.12/site-packages/airflow/example_dags/example_nested_branch_dag.py
[2024-08-24T11:48:35.431+0000] {logging_mixin.py:190} INFO - [2024-08-24T11:48:35.431+0000] {dag.py:3211} INFO - Sync 1 DAGs
[2024-08-24T11:48:35.444+0000] {logging_mixin.py:190} INFO - [2024-08-24T11:48:35.444+0000] {dag.py:4138} INFO - Setting next_dagrun for example_nested_branch_dag to 2024-08-23 00:00:00+00:00, run_after=2024-08-24 00:00:00+00:00
[2024-08-24T11:48:35.454+0000] {processor.py:208} INFO - Processing /home/airflow/.local/lib/python3.12/site-packages/airflow/example_dags/example_nested_branch_dag.py took 0.045 seconds
[2024-08-24T11:49:05.718+0000] {processor.py:186} INFO - Started process (PID=3517) to work on /home/airflow/.local/lib/python3.12/site-packages/airflow/example_dags/example_nested_branch_dag.py
[2024-08-24T11:49:05.718+0000] {processor.py:914} INFO - Processing file /home/airflow/.local/lib/python3.12/site-packages/airflow/example_dags/example_nested_branch_dag.py for tasks to queue
[2024-08-24T11:49:05.719+0000] {logging_mixin.py:190} INFO - [2024-08-24T11:49:05.719+0000] {dagbag.py:587} INFO - Filling up the DagBag from /home/airflow/.local/lib/python3.12/site-packages/airflow/example_dags/example_nested_branch_dag.py
[2024-08-24T11:49:05.725+0000] {processor.py:925} INFO - DAG(s) 'example_nested_branch_dag' retrieved from /home/airflow/.local/lib/python3.12/site-packages/airflow/example_dags/example_nested_branch_dag.py
[2024-08-24T11:49:05.740+0000] {logging_mixin.py:190} INFO - [2024-08-24T11:49:05.739+0000] {dag.py:3211} INFO - Sync 1 DAGs
[2024-08-24T11:49:05.761+0000] {logging_mixin.py:190} INFO - [2024-08-24T11:49:05.760+0000] {dag.py:4138} INFO - Setting next_dagrun for example_nested_branch_dag to 2024-08-23 00:00:00+00:00, run_after=2024-08-24 00:00:00+00:00
[2024-08-24T11:49:05.775+0000] {processor.py:208} INFO - Processing /home/airflow/.local/lib/python3.12/site-packages/airflow/example_dags/example_nested_branch_dag.py took 0.060 seconds
[2024-08-24T11:49:36.096+0000] {processor.py:186} INFO - Started process (PID=3579) to work on /home/airflow/.local/lib/python3.12/site-packages/airflow/example_dags/example_nested_branch_dag.py
[2024-08-24T11:49:36.096+0000] {processor.py:914} INFO - Processing file /home/airflow/.local/lib/python3.12/site-packages/airflow/example_dags/example_nested_branch_dag.py for tasks to queue
[2024-08-24T11:49:36.097+0000] {logging_mixin.py:190} INFO - [2024-08-24T11:49:36.097+0000] {dagbag.py:587} INFO - Filling up the DagBag from /home/airflow/.local/lib/python3.12/site-packages/airflow/example_dags/example_nested_branch_dag.py
[2024-08-24T11:49:36.103+0000] {processor.py:925} INFO - DAG(s) 'example_nested_branch_dag' retrieved from /home/airflow/.local/lib/python3.12/site-packages/airflow/example_dags/example_nested_branch_dag.py
[2024-08-24T11:49:36.116+0000] {logging_mixin.py:190} INFO - [2024-08-24T11:49:36.116+0000] {dag.py:3211} INFO - Sync 1 DAGs
[2024-08-24T11:49:36.131+0000] {logging_mixin.py:190} INFO - [2024-08-24T11:49:36.131+0000] {dag.py:4138} INFO - Setting next_dagrun for example_nested_branch_dag to 2024-08-23 00:00:00+00:00, run_after=2024-08-24 00:00:00+00:00
[2024-08-24T11:49:36.140+0000] {processor.py:208} INFO - Processing /home/airflow/.local/lib/python3.12/site-packages/airflow/example_dags/example_nested_branch_dag.py took 0.048 seconds
[2024-08-24T11:50:06.377+0000] {processor.py:186} INFO - Started process (PID=3641) to work on /home/airflow/.local/lib/python3.12/site-packages/airflow/example_dags/example_nested_branch_dag.py
[2024-08-24T11:50:06.378+0000] {processor.py:914} INFO - Processing file /home/airflow/.local/lib/python3.12/site-packages/airflow/example_dags/example_nested_branch_dag.py for tasks to queue
[2024-08-24T11:50:06.379+0000] {logging_mixin.py:190} INFO - [2024-08-24T11:50:06.379+0000] {dagbag.py:587} INFO - Filling up the DagBag from /home/airflow/.local/lib/python3.12/site-packages/airflow/example_dags/example_nested_branch_dag.py
[2024-08-24T11:50:06.385+0000] {processor.py:925} INFO - DAG(s) 'example_nested_branch_dag' retrieved from /home/airflow/.local/lib/python3.12/site-packages/airflow/example_dags/example_nested_branch_dag.py
[2024-08-24T11:50:06.400+0000] {logging_mixin.py:190} INFO - [2024-08-24T11:50:06.400+0000] {dag.py:3211} INFO - Sync 1 DAGs
[2024-08-24T11:50:06.413+0000] {logging_mixin.py:190} INFO - [2024-08-24T11:50:06.413+0000] {dag.py:4138} INFO - Setting next_dagrun for example_nested_branch_dag to 2024-08-23 00:00:00+00:00, run_after=2024-08-24 00:00:00+00:00
[2024-08-24T11:50:06.422+0000] {processor.py:208} INFO - Processing /home/airflow/.local/lib/python3.12/site-packages/airflow/example_dags/example_nested_branch_dag.py took 0.050 seconds
[2024-08-24T11:50:36.807+0000] {processor.py:186} INFO - Started process (PID=3703) to work on /home/airflow/.local/lib/python3.12/site-packages/airflow/example_dags/example_nested_branch_dag.py
[2024-08-24T11:50:36.807+0000] {processor.py:914} INFO - Processing file /home/airflow/.local/lib/python3.12/site-packages/airflow/example_dags/example_nested_branch_dag.py for tasks to queue
[2024-08-24T11:50:36.808+0000] {logging_mixin.py:190} INFO - [2024-08-24T11:50:36.808+0000] {dagbag.py:587} INFO - Filling up the DagBag from /home/airflow/.local/lib/python3.12/site-packages/airflow/example_dags/example_nested_branch_dag.py
[2024-08-24T11:50:36.814+0000] {processor.py:925} INFO - DAG(s) 'example_nested_branch_dag' retrieved from /home/airflow/.local/lib/python3.12/site-packages/airflow/example_dags/example_nested_branch_dag.py
[2024-08-24T11:50:36.829+0000] {logging_mixin.py:190} INFO - [2024-08-24T11:50:36.829+0000] {dag.py:3211} INFO - Sync 1 DAGs
[2024-08-24T11:50:36.846+0000] {logging_mixin.py:190} INFO - [2024-08-24T11:50:36.846+0000] {dag.py:4138} INFO - Setting next_dagrun for example_nested_branch_dag to 2024-08-23 00:00:00+00:00, run_after=2024-08-24 00:00:00+00:00
[2024-08-24T11:50:36.863+0000] {processor.py:208} INFO - Processing /home/airflow/.local/lib/python3.12/site-packages/airflow/example_dags/example_nested_branch_dag.py took 0.059 seconds
[2024-08-24T11:51:07.241+0000] {processor.py:186} INFO - Started process (PID=3765) to work on /home/airflow/.local/lib/python3.12/site-packages/airflow/example_dags/example_nested_branch_dag.py
[2024-08-24T11:51:07.241+0000] {processor.py:914} INFO - Processing file /home/airflow/.local/lib/python3.12/site-packages/airflow/example_dags/example_nested_branch_dag.py for tasks to queue
[2024-08-24T11:51:07.242+0000] {logging_mixin.py:190} INFO - [2024-08-24T11:51:07.242+0000] {dagbag.py:587} INFO - Filling up the DagBag from /home/airflow/.local/lib/python3.12/site-packages/airflow/example_dags/example_nested_branch_dag.py
[2024-08-24T11:51:07.249+0000] {processor.py:925} INFO - DAG(s) 'example_nested_branch_dag' retrieved from /home/airflow/.local/lib/python3.12/site-packages/airflow/example_dags/example_nested_branch_dag.py
[2024-08-24T11:51:07.261+0000] {logging_mixin.py:190} INFO - [2024-08-24T11:51:07.261+0000] {dag.py:3211} INFO - Sync 1 DAGs
[2024-08-24T11:51:07.274+0000] {logging_mixin.py:190} INFO - [2024-08-24T11:51:07.274+0000] {dag.py:4138} INFO - Setting next_dagrun for example_nested_branch_dag to 2024-08-23 00:00:00+00:00, run_after=2024-08-24 00:00:00+00:00
[2024-08-24T11:51:07.284+0000] {processor.py:208} INFO - Processing /home/airflow/.local/lib/python3.12/site-packages/airflow/example_dags/example_nested_branch_dag.py took 0.046 seconds
[2024-08-24T11:51:37.540+0000] {processor.py:186} INFO - Started process (PID=3827) to work on /home/airflow/.local/lib/python3.12/site-packages/airflow/example_dags/example_nested_branch_dag.py
[2024-08-24T11:51:37.541+0000] {processor.py:914} INFO - Processing file /home/airflow/.local/lib/python3.12/site-packages/airflow/example_dags/example_nested_branch_dag.py for tasks to queue
[2024-08-24T11:51:37.542+0000] {logging_mixin.py:190} INFO - [2024-08-24T11:51:37.542+0000] {dagbag.py:587} INFO - Filling up the DagBag from /home/airflow/.local/lib/python3.12/site-packages/airflow/example_dags/example_nested_branch_dag.py
[2024-08-24T11:51:37.548+0000] {processor.py:925} INFO - DAG(s) 'example_nested_branch_dag' retrieved from /home/airflow/.local/lib/python3.12/site-packages/airflow/example_dags/example_nested_branch_dag.py
[2024-08-24T11:51:37.565+0000] {logging_mixin.py:190} INFO - [2024-08-24T11:51:37.565+0000] {dag.py:3211} INFO - Sync 1 DAGs
[2024-08-24T11:51:37.581+0000] {logging_mixin.py:190} INFO - [2024-08-24T11:51:37.581+0000] {dag.py:4138} INFO - Setting next_dagrun for example_nested_branch_dag to 2024-08-23 00:00:00+00:00, run_after=2024-08-24 00:00:00+00:00
[2024-08-24T11:51:37.594+0000] {processor.py:208} INFO - Processing /home/airflow/.local/lib/python3.12/site-packages/airflow/example_dags/example_nested_branch_dag.py took 0.057 seconds
[2024-08-24T11:52:07.743+0000] {processor.py:186} INFO - Started process (PID=3889) to work on /home/airflow/.local/lib/python3.12/site-packages/airflow/example_dags/example_nested_branch_dag.py
[2024-08-24T11:52:07.743+0000] {processor.py:914} INFO - Processing file /home/airflow/.local/lib/python3.12/site-packages/airflow/example_dags/example_nested_branch_dag.py for tasks to queue
[2024-08-24T11:52:07.745+0000] {logging_mixin.py:190} INFO - [2024-08-24T11:52:07.744+0000] {dagbag.py:587} INFO - Filling up the DagBag from /home/airflow/.local/lib/python3.12/site-packages/airflow/example_dags/example_nested_branch_dag.py
[2024-08-24T11:52:07.753+0000] {processor.py:925} INFO - DAG(s) 'example_nested_branch_dag' retrieved from /home/airflow/.local/lib/python3.12/site-packages/airflow/example_dags/example_nested_branch_dag.py
[2024-08-24T11:52:07.767+0000] {logging_mixin.py:190} INFO - [2024-08-24T11:52:07.767+0000] {dag.py:3211} INFO - Sync 1 DAGs
[2024-08-24T11:52:07.784+0000] {logging_mixin.py:190} INFO - [2024-08-24T11:52:07.784+0000] {dag.py:4138} INFO - Setting next_dagrun for example_nested_branch_dag to 2024-08-23 00:00:00+00:00, run_after=2024-08-24 00:00:00+00:00
[2024-08-24T11:52:07.793+0000] {processor.py:208} INFO - Processing /home/airflow/.local/lib/python3.12/site-packages/airflow/example_dags/example_nested_branch_dag.py took 0.053 seconds
[2024-08-24T11:52:38.102+0000] {processor.py:186} INFO - Started process (PID=3951) to work on /home/airflow/.local/lib/python3.12/site-packages/airflow/example_dags/example_nested_branch_dag.py
[2024-08-24T11:52:38.103+0000] {processor.py:914} INFO - Processing file /home/airflow/.local/lib/python3.12/site-packages/airflow/example_dags/example_nested_branch_dag.py for tasks to queue
[2024-08-24T11:52:38.104+0000] {logging_mixin.py:190} INFO - [2024-08-24T11:52:38.104+0000] {dagbag.py:587} INFO - Filling up the DagBag from /home/airflow/.local/lib/python3.12/site-packages/airflow/example_dags/example_nested_branch_dag.py
[2024-08-24T11:52:38.109+0000] {processor.py:925} INFO - DAG(s) 'example_nested_branch_dag' retrieved from /home/airflow/.local/lib/python3.12/site-packages/airflow/example_dags/example_nested_branch_dag.py
[2024-08-24T11:52:38.124+0000] {logging_mixin.py:190} INFO - [2024-08-24T11:52:38.124+0000] {dag.py:3211} INFO - Sync 1 DAGs
[2024-08-24T11:52:38.139+0000] {logging_mixin.py:190} INFO - [2024-08-24T11:52:38.139+0000] {dag.py:4138} INFO - Setting next_dagrun for example_nested_branch_dag to 2024-08-23 00:00:00+00:00, run_after=2024-08-24 00:00:00+00:00
[2024-08-24T11:52:38.150+0000] {processor.py:208} INFO - Processing /home/airflow/.local/lib/python3.12/site-packages/airflow/example_dags/example_nested_branch_dag.py took 0.051 seconds
[2024-08-24T11:53:08.464+0000] {processor.py:186} INFO - Started process (PID=4013) to work on /home/airflow/.local/lib/python3.12/site-packages/airflow/example_dags/example_nested_branch_dag.py
[2024-08-24T11:53:08.465+0000] {processor.py:914} INFO - Processing file /home/airflow/.local/lib/python3.12/site-packages/airflow/example_dags/example_nested_branch_dag.py for tasks to queue
[2024-08-24T11:53:08.466+0000] {logging_mixin.py:190} INFO - [2024-08-24T11:53:08.466+0000] {dagbag.py:587} INFO - Filling up the DagBag from /home/airflow/.local/lib/python3.12/site-packages/airflow/example_dags/example_nested_branch_dag.py
[2024-08-24T11:53:08.472+0000] {processor.py:925} INFO - DAG(s) 'example_nested_branch_dag' retrieved from /home/airflow/.local/lib/python3.12/site-packages/airflow/example_dags/example_nested_branch_dag.py
[2024-08-24T11:53:08.483+0000] {logging_mixin.py:190} INFO - [2024-08-24T11:53:08.482+0000] {dag.py:3211} INFO - Sync 1 DAGs
[2024-08-24T11:53:08.494+0000] {logging_mixin.py:190} INFO - [2024-08-24T11:53:08.494+0000] {dag.py:4138} INFO - Setting next_dagrun for example_nested_branch_dag to 2024-08-23 00:00:00+00:00, run_after=2024-08-24 00:00:00+00:00
[2024-08-24T11:53:08.503+0000] {processor.py:208} INFO - Processing /home/airflow/.local/lib/python3.12/site-packages/airflow/example_dags/example_nested_branch_dag.py took 0.042 seconds
[2024-08-24T11:53:38.837+0000] {processor.py:186} INFO - Started process (PID=4076) to work on /home/airflow/.local/lib/python3.12/site-packages/airflow/example_dags/example_nested_branch_dag.py
[2024-08-24T11:53:38.838+0000] {processor.py:914} INFO - Processing file /home/airflow/.local/lib/python3.12/site-packages/airflow/example_dags/example_nested_branch_dag.py for tasks to queue
[2024-08-24T11:53:38.839+0000] {logging_mixin.py:190} INFO - [2024-08-24T11:53:38.839+0000] {dagbag.py:587} INFO - Filling up the DagBag from /home/airflow/.local/lib/python3.12/site-packages/airflow/example_dags/example_nested_branch_dag.py
[2024-08-24T11:53:38.845+0000] {processor.py:925} INFO - DAG(s) 'example_nested_branch_dag' retrieved from /home/airflow/.local/lib/python3.12/site-packages/airflow/example_dags/example_nested_branch_dag.py
[2024-08-24T11:53:38.856+0000] {logging_mixin.py:190} INFO - [2024-08-24T11:53:38.856+0000] {dag.py:3211} INFO - Sync 1 DAGs
[2024-08-24T11:53:38.869+0000] {logging_mixin.py:190} INFO - [2024-08-24T11:53:38.869+0000] {dag.py:4138} INFO - Setting next_dagrun for example_nested_branch_dag to 2024-08-23 00:00:00+00:00, run_after=2024-08-24 00:00:00+00:00
[2024-08-24T11:53:38.879+0000] {processor.py:208} INFO - Processing /home/airflow/.local/lib/python3.12/site-packages/airflow/example_dags/example_nested_branch_dag.py took 0.044 seconds
[2024-08-24T11:54:09.127+0000] {processor.py:186} INFO - Started process (PID=4138) to work on /home/airflow/.local/lib/python3.12/site-packages/airflow/example_dags/example_nested_branch_dag.py
[2024-08-24T11:54:09.127+0000] {processor.py:914} INFO - Processing file /home/airflow/.local/lib/python3.12/site-packages/airflow/example_dags/example_nested_branch_dag.py for tasks to queue
[2024-08-24T11:54:09.128+0000] {logging_mixin.py:190} INFO - [2024-08-24T11:54:09.128+0000] {dagbag.py:587} INFO - Filling up the DagBag from /home/airflow/.local/lib/python3.12/site-packages/airflow/example_dags/example_nested_branch_dag.py
[2024-08-24T11:54:09.134+0000] {processor.py:925} INFO - DAG(s) 'example_nested_branch_dag' retrieved from /home/airflow/.local/lib/python3.12/site-packages/airflow/example_dags/example_nested_branch_dag.py
[2024-08-24T11:54:09.150+0000] {logging_mixin.py:190} INFO - [2024-08-24T11:54:09.149+0000] {dag.py:3211} INFO - Sync 1 DAGs
[2024-08-24T11:54:09.164+0000] {logging_mixin.py:190} INFO - [2024-08-24T11:54:09.164+0000] {dag.py:4138} INFO - Setting next_dagrun for example_nested_branch_dag to 2024-08-23 00:00:00+00:00, run_after=2024-08-24 00:00:00+00:00
[2024-08-24T11:54:09.173+0000] {processor.py:208} INFO - Processing /home/airflow/.local/lib/python3.12/site-packages/airflow/example_dags/example_nested_branch_dag.py took 0.049 seconds
[2024-08-24T11:54:39.455+0000] {processor.py:186} INFO - Started process (PID=4200) to work on /home/airflow/.local/lib/python3.12/site-packages/airflow/example_dags/example_nested_branch_dag.py
[2024-08-24T11:54:39.455+0000] {processor.py:914} INFO - Processing file /home/airflow/.local/lib/python3.12/site-packages/airflow/example_dags/example_nested_branch_dag.py for tasks to queue
[2024-08-24T11:54:39.457+0000] {logging_mixin.py:190} INFO - [2024-08-24T11:54:39.457+0000] {dagbag.py:587} INFO - Filling up the DagBag from /home/airflow/.local/lib/python3.12/site-packages/airflow/example_dags/example_nested_branch_dag.py
[2024-08-24T11:54:39.463+0000] {processor.py:925} INFO - DAG(s) 'example_nested_branch_dag' retrieved from /home/airflow/.local/lib/python3.12/site-packages/airflow/example_dags/example_nested_branch_dag.py
[2024-08-24T11:54:39.479+0000] {logging_mixin.py:190} INFO - [2024-08-24T11:54:39.478+0000] {dag.py:3211} INFO - Sync 1 DAGs
[2024-08-24T11:54:39.491+0000] {logging_mixin.py:190} INFO - [2024-08-24T11:54:39.491+0000] {dag.py:4138} INFO - Setting next_dagrun for example_nested_branch_dag to 2024-08-23 00:00:00+00:00, run_after=2024-08-24 00:00:00+00:00
[2024-08-24T11:54:39.501+0000] {processor.py:208} INFO - Processing /home/airflow/.local/lib/python3.12/site-packages/airflow/example_dags/example_nested_branch_dag.py took 0.051 seconds
[2024-08-24T11:55:09.913+0000] {processor.py:186} INFO - Started process (PID=4262) to work on /home/airflow/.local/lib/python3.12/site-packages/airflow/example_dags/example_nested_branch_dag.py
[2024-08-24T11:55:09.913+0000] {processor.py:914} INFO - Processing file /home/airflow/.local/lib/python3.12/site-packages/airflow/example_dags/example_nested_branch_dag.py for tasks to queue
[2024-08-24T11:55:09.915+0000] {logging_mixin.py:190} INFO - [2024-08-24T11:55:09.914+0000] {dagbag.py:587} INFO - Filling up the DagBag from /home/airflow/.local/lib/python3.12/site-packages/airflow/example_dags/example_nested_branch_dag.py
[2024-08-24T11:55:09.920+0000] {processor.py:925} INFO - DAG(s) 'example_nested_branch_dag' retrieved from /home/airflow/.local/lib/python3.12/site-packages/airflow/example_dags/example_nested_branch_dag.py
[2024-08-24T11:55:09.937+0000] {logging_mixin.py:190} INFO - [2024-08-24T11:55:09.937+0000] {dag.py:3211} INFO - Sync 1 DAGs
[2024-08-24T11:55:09.955+0000] {logging_mixin.py:190} INFO - [2024-08-24T11:55:09.955+0000] {dag.py:4138} INFO - Setting next_dagrun for example_nested_branch_dag to 2024-08-23 00:00:00+00:00, run_after=2024-08-24 00:00:00+00:00
[2024-08-24T11:55:09.965+0000] {processor.py:208} INFO - Processing /home/airflow/.local/lib/python3.12/site-packages/airflow/example_dags/example_nested_branch_dag.py took 0.055 seconds
[2024-08-24T11:55:40.329+0000] {processor.py:186} INFO - Started process (PID=4324) to work on /home/airflow/.local/lib/python3.12/site-packages/airflow/example_dags/example_nested_branch_dag.py
[2024-08-24T11:55:40.329+0000] {processor.py:914} INFO - Processing file /home/airflow/.local/lib/python3.12/site-packages/airflow/example_dags/example_nested_branch_dag.py for tasks to queue
[2024-08-24T11:55:40.331+0000] {logging_mixin.py:190} INFO - [2024-08-24T11:55:40.331+0000] {dagbag.py:587} INFO - Filling up the DagBag from /home/airflow/.local/lib/python3.12/site-packages/airflow/example_dags/example_nested_branch_dag.py
[2024-08-24T11:55:40.338+0000] {processor.py:925} INFO - DAG(s) 'example_nested_branch_dag' retrieved from /home/airflow/.local/lib/python3.12/site-packages/airflow/example_dags/example_nested_branch_dag.py
[2024-08-24T11:55:40.349+0000] {logging_mixin.py:190} INFO - [2024-08-24T11:55:40.349+0000] {dag.py:3211} INFO - Sync 1 DAGs
[2024-08-24T11:55:40.361+0000] {logging_mixin.py:190} INFO - [2024-08-24T11:55:40.361+0000] {dag.py:4138} INFO - Setting next_dagrun for example_nested_branch_dag to 2024-08-23 00:00:00+00:00, run_after=2024-08-24 00:00:00+00:00
[2024-08-24T11:55:40.371+0000] {processor.py:208} INFO - Processing /home/airflow/.local/lib/python3.12/site-packages/airflow/example_dags/example_nested_branch_dag.py took 0.046 seconds
[2024-08-24T11:56:10.669+0000] {processor.py:186} INFO - Started process (PID=4386) to work on /home/airflow/.local/lib/python3.12/site-packages/airflow/example_dags/example_nested_branch_dag.py
[2024-08-24T11:56:10.669+0000] {processor.py:914} INFO - Processing file /home/airflow/.local/lib/python3.12/site-packages/airflow/example_dags/example_nested_branch_dag.py for tasks to queue
[2024-08-24T11:56:10.671+0000] {logging_mixin.py:190} INFO - [2024-08-24T11:56:10.670+0000] {dagbag.py:587} INFO - Filling up the DagBag from /home/airflow/.local/lib/python3.12/site-packages/airflow/example_dags/example_nested_branch_dag.py
[2024-08-24T11:56:10.676+0000] {processor.py:925} INFO - DAG(s) 'example_nested_branch_dag' retrieved from /home/airflow/.local/lib/python3.12/site-packages/airflow/example_dags/example_nested_branch_dag.py
[2024-08-24T11:56:10.688+0000] {logging_mixin.py:190} INFO - [2024-08-24T11:56:10.688+0000] {dag.py:3211} INFO - Sync 1 DAGs
[2024-08-24T11:56:10.701+0000] {logging_mixin.py:190} INFO - [2024-08-24T11:56:10.701+0000] {dag.py:4138} INFO - Setting next_dagrun for example_nested_branch_dag to 2024-08-23 00:00:00+00:00, run_after=2024-08-24 00:00:00+00:00
[2024-08-24T11:56:10.710+0000] {processor.py:208} INFO - Processing /home/airflow/.local/lib/python3.12/site-packages/airflow/example_dags/example_nested_branch_dag.py took 0.044 seconds
