[2024-08-24T11:21:07.950+0000] {processor.py:186} INFO - Started process (PID=79) to work on /home/airflow/.local/lib/python3.12/site-packages/airflow/example_dags/example_python_decorator.py
[2024-08-24T11:21:07.951+0000] {processor.py:914} INFO - Processing file /home/airflow/.local/lib/python3.12/site-packages/airflow/example_dags/example_python_decorator.py for tasks to queue
[2024-08-24T11:21:07.952+0000] {logging_mixin.py:190} INFO - [2024-08-24T11:21:07.952+0000] {dagbag.py:587} INFO - Filling up the DagBag from /home/airflow/.local/lib/python3.12/site-packages/airflow/example_dags/example_python_decorator.py
[2024-08-24T11:21:07.960+0000] {processor.py:925} INFO - DAG(s) 'example_python_decorator' retrieved from /home/airflow/.local/lib/python3.12/site-packages/airflow/example_dags/example_python_decorator.py
[2024-08-24T11:21:08.017+0000] {logging_mixin.py:190} INFO - [2024-08-24T11:21:08.017+0000] {override.py:1858} INFO - Created Permission View: can edit on DAG:example_python_decorator
[2024-08-24T11:21:08.022+0000] {logging_mixin.py:190} INFO - [2024-08-24T11:21:08.022+0000] {override.py:1858} INFO - Created Permission View: can read on DAG:example_python_decorator
[2024-08-24T11:21:08.025+0000] {logging_mixin.py:190} INFO - [2024-08-24T11:21:08.025+0000] {override.py:1858} INFO - Created Permission View: can delete on DAG:example_python_decorator
[2024-08-24T11:21:08.026+0000] {logging_mixin.py:190} INFO - [2024-08-24T11:21:08.025+0000] {dag.py:3211} INFO - Sync 1 DAGs
[2024-08-24T11:21:08.032+0000] {logging_mixin.py:190} INFO - [2024-08-24T11:21:08.032+0000] {dag.py:3234} INFO - Creating ORM DAG for example_python_decorator
[2024-08-24T11:21:08.032+0000] {logging_mixin.py:190} INFO - [2024-08-24T11:21:08.032+0000] {dag.py:4138} INFO - Setting next_dagrun for example_python_decorator to None, run_after=None
[2024-08-24T11:21:08.040+0000] {processor.py:208} INFO - Processing /home/airflow/.local/lib/python3.12/site-packages/airflow/example_dags/example_python_decorator.py took 0.093 seconds
[2024-08-24T11:21:38.818+0000] {processor.py:186} INFO - Started process (PID=147) to work on /home/airflow/.local/lib/python3.12/site-packages/airflow/example_dags/example_python_decorator.py
[2024-08-24T11:21:38.818+0000] {processor.py:914} INFO - Processing file /home/airflow/.local/lib/python3.12/site-packages/airflow/example_dags/example_python_decorator.py for tasks to queue
[2024-08-24T11:21:38.820+0000] {logging_mixin.py:190} INFO - [2024-08-24T11:21:38.819+0000] {dagbag.py:587} INFO - Filling up the DagBag from /home/airflow/.local/lib/python3.12/site-packages/airflow/example_dags/example_python_decorator.py
[2024-08-24T11:21:38.827+0000] {processor.py:925} INFO - DAG(s) 'example_python_decorator' retrieved from /home/airflow/.local/lib/python3.12/site-packages/airflow/example_dags/example_python_decorator.py
[2024-08-24T11:21:38.839+0000] {logging_mixin.py:190} INFO - [2024-08-24T11:21:38.839+0000] {dag.py:3211} INFO - Sync 1 DAGs
[2024-08-24T11:21:38.846+0000] {logging_mixin.py:190} INFO - [2024-08-24T11:21:38.846+0000] {dag.py:4138} INFO - Setting next_dagrun for example_python_decorator to None, run_after=None
[2024-08-24T11:21:38.857+0000] {processor.py:208} INFO - Processing /home/airflow/.local/lib/python3.12/site-packages/airflow/example_dags/example_python_decorator.py took 0.043 seconds
[2024-08-24T11:22:09.021+0000] {processor.py:186} INFO - Started process (PID=209) to work on /home/airflow/.local/lib/python3.12/site-packages/airflow/example_dags/example_python_decorator.py
[2024-08-24T11:22:09.022+0000] {processor.py:914} INFO - Processing file /home/airflow/.local/lib/python3.12/site-packages/airflow/example_dags/example_python_decorator.py for tasks to queue
[2024-08-24T11:22:09.023+0000] {logging_mixin.py:190} INFO - [2024-08-24T11:22:09.022+0000] {dagbag.py:587} INFO - Filling up the DagBag from /home/airflow/.local/lib/python3.12/site-packages/airflow/example_dags/example_python_decorator.py
[2024-08-24T11:22:09.030+0000] {processor.py:925} INFO - DAG(s) 'example_python_decorator' retrieved from /home/airflow/.local/lib/python3.12/site-packages/airflow/example_dags/example_python_decorator.py
[2024-08-24T11:22:09.042+0000] {logging_mixin.py:190} INFO - [2024-08-24T11:22:09.042+0000] {dag.py:3211} INFO - Sync 1 DAGs
[2024-08-24T11:22:09.049+0000] {logging_mixin.py:190} INFO - [2024-08-24T11:22:09.049+0000] {dag.py:4138} INFO - Setting next_dagrun for example_python_decorator to None, run_after=None
[2024-08-24T11:22:09.058+0000] {processor.py:208} INFO - Processing /home/airflow/.local/lib/python3.12/site-packages/airflow/example_dags/example_python_decorator.py took 0.040 seconds
[2024-08-24T11:22:39.165+0000] {processor.py:186} INFO - Started process (PID=271) to work on /home/airflow/.local/lib/python3.12/site-packages/airflow/example_dags/example_python_decorator.py
[2024-08-24T11:22:39.166+0000] {processor.py:914} INFO - Processing file /home/airflow/.local/lib/python3.12/site-packages/airflow/example_dags/example_python_decorator.py for tasks to queue
[2024-08-24T11:22:39.167+0000] {logging_mixin.py:190} INFO - [2024-08-24T11:22:39.167+0000] {dagbag.py:587} INFO - Filling up the DagBag from /home/airflow/.local/lib/python3.12/site-packages/airflow/example_dags/example_python_decorator.py
[2024-08-24T11:22:39.179+0000] {processor.py:925} INFO - DAG(s) 'example_python_decorator' retrieved from /home/airflow/.local/lib/python3.12/site-packages/airflow/example_dags/example_python_decorator.py
[2024-08-24T11:22:39.191+0000] {logging_mixin.py:190} INFO - [2024-08-24T11:22:39.191+0000] {dag.py:3211} INFO - Sync 1 DAGs
[2024-08-24T11:22:39.198+0000] {logging_mixin.py:190} INFO - [2024-08-24T11:22:39.198+0000] {dag.py:4138} INFO - Setting next_dagrun for example_python_decorator to None, run_after=None
[2024-08-24T11:22:39.208+0000] {processor.py:208} INFO - Processing /home/airflow/.local/lib/python3.12/site-packages/airflow/example_dags/example_python_decorator.py took 0.047 seconds
[2024-08-24T11:23:09.371+0000] {processor.py:186} INFO - Started process (PID=333) to work on /home/airflow/.local/lib/python3.12/site-packages/airflow/example_dags/example_python_decorator.py
[2024-08-24T11:23:09.372+0000] {processor.py:914} INFO - Processing file /home/airflow/.local/lib/python3.12/site-packages/airflow/example_dags/example_python_decorator.py for tasks to queue
[2024-08-24T11:23:09.373+0000] {logging_mixin.py:190} INFO - [2024-08-24T11:23:09.373+0000] {dagbag.py:587} INFO - Filling up the DagBag from /home/airflow/.local/lib/python3.12/site-packages/airflow/example_dags/example_python_decorator.py
[2024-08-24T11:23:09.380+0000] {processor.py:925} INFO - DAG(s) 'example_python_decorator' retrieved from /home/airflow/.local/lib/python3.12/site-packages/airflow/example_dags/example_python_decorator.py
[2024-08-24T11:23:09.393+0000] {logging_mixin.py:190} INFO - [2024-08-24T11:23:09.393+0000] {dag.py:3211} INFO - Sync 1 DAGs
[2024-08-24T11:23:09.404+0000] {logging_mixin.py:190} INFO - [2024-08-24T11:23:09.404+0000] {dag.py:4138} INFO - Setting next_dagrun for example_python_decorator to None, run_after=None
[2024-08-24T11:23:09.417+0000] {processor.py:208} INFO - Processing /home/airflow/.local/lib/python3.12/site-packages/airflow/example_dags/example_python_decorator.py took 0.050 seconds
[2024-08-24T11:23:39.607+0000] {processor.py:186} INFO - Started process (PID=395) to work on /home/airflow/.local/lib/python3.12/site-packages/airflow/example_dags/example_python_decorator.py
[2024-08-24T11:23:39.607+0000] {processor.py:914} INFO - Processing file /home/airflow/.local/lib/python3.12/site-packages/airflow/example_dags/example_python_decorator.py for tasks to queue
[2024-08-24T11:23:39.608+0000] {logging_mixin.py:190} INFO - [2024-08-24T11:23:39.608+0000] {dagbag.py:587} INFO - Filling up the DagBag from /home/airflow/.local/lib/python3.12/site-packages/airflow/example_dags/example_python_decorator.py
[2024-08-24T11:23:39.616+0000] {processor.py:925} INFO - DAG(s) 'example_python_decorator' retrieved from /home/airflow/.local/lib/python3.12/site-packages/airflow/example_dags/example_python_decorator.py
[2024-08-24T11:23:39.628+0000] {logging_mixin.py:190} INFO - [2024-08-24T11:23:39.628+0000] {dag.py:3211} INFO - Sync 1 DAGs
[2024-08-24T11:23:39.636+0000] {logging_mixin.py:190} INFO - [2024-08-24T11:23:39.635+0000] {dag.py:4138} INFO - Setting next_dagrun for example_python_decorator to None, run_after=None
[2024-08-24T11:23:39.644+0000] {processor.py:208} INFO - Processing /home/airflow/.local/lib/python3.12/site-packages/airflow/example_dags/example_python_decorator.py took 0.041 seconds
[2024-08-24T11:24:10.000+0000] {processor.py:186} INFO - Started process (PID=457) to work on /home/airflow/.local/lib/python3.12/site-packages/airflow/example_dags/example_python_decorator.py
[2024-08-24T11:24:10.001+0000] {processor.py:914} INFO - Processing file /home/airflow/.local/lib/python3.12/site-packages/airflow/example_dags/example_python_decorator.py for tasks to queue
[2024-08-24T11:24:10.002+0000] {logging_mixin.py:190} INFO - [2024-08-24T11:24:10.002+0000] {dagbag.py:587} INFO - Filling up the DagBag from /home/airflow/.local/lib/python3.12/site-packages/airflow/example_dags/example_python_decorator.py
[2024-08-24T11:24:10.009+0000] {processor.py:925} INFO - DAG(s) 'example_python_decorator' retrieved from /home/airflow/.local/lib/python3.12/site-packages/airflow/example_dags/example_python_decorator.py
[2024-08-24T11:24:10.021+0000] {logging_mixin.py:190} INFO - [2024-08-24T11:24:10.021+0000] {dag.py:3211} INFO - Sync 1 DAGs
[2024-08-24T11:24:10.028+0000] {logging_mixin.py:190} INFO - [2024-08-24T11:24:10.028+0000] {dag.py:4138} INFO - Setting next_dagrun for example_python_decorator to None, run_after=None
[2024-08-24T11:24:10.037+0000] {processor.py:208} INFO - Processing /home/airflow/.local/lib/python3.12/site-packages/airflow/example_dags/example_python_decorator.py took 0.041 seconds
[2024-08-24T11:24:40.174+0000] {processor.py:186} INFO - Started process (PID=519) to work on /home/airflow/.local/lib/python3.12/site-packages/airflow/example_dags/example_python_decorator.py
[2024-08-24T11:24:40.175+0000] {processor.py:914} INFO - Processing file /home/airflow/.local/lib/python3.12/site-packages/airflow/example_dags/example_python_decorator.py for tasks to queue
[2024-08-24T11:24:40.176+0000] {logging_mixin.py:190} INFO - [2024-08-24T11:24:40.176+0000] {dagbag.py:587} INFO - Filling up the DagBag from /home/airflow/.local/lib/python3.12/site-packages/airflow/example_dags/example_python_decorator.py
[2024-08-24T11:24:40.186+0000] {processor.py:925} INFO - DAG(s) 'example_python_decorator' retrieved from /home/airflow/.local/lib/python3.12/site-packages/airflow/example_dags/example_python_decorator.py
[2024-08-24T11:24:40.200+0000] {logging_mixin.py:190} INFO - [2024-08-24T11:24:40.200+0000] {dag.py:3211} INFO - Sync 1 DAGs
[2024-08-24T11:24:40.213+0000] {logging_mixin.py:190} INFO - [2024-08-24T11:24:40.213+0000] {dag.py:4138} INFO - Setting next_dagrun for example_python_decorator to None, run_after=None
[2024-08-24T11:24:40.225+0000] {processor.py:208} INFO - Processing /home/airflow/.local/lib/python3.12/site-packages/airflow/example_dags/example_python_decorator.py took 0.054 seconds
[2024-08-24T11:25:10.368+0000] {processor.py:186} INFO - Started process (PID=581) to work on /home/airflow/.local/lib/python3.12/site-packages/airflow/example_dags/example_python_decorator.py
[2024-08-24T11:25:10.369+0000] {processor.py:914} INFO - Processing file /home/airflow/.local/lib/python3.12/site-packages/airflow/example_dags/example_python_decorator.py for tasks to queue
[2024-08-24T11:25:10.370+0000] {logging_mixin.py:190} INFO - [2024-08-24T11:25:10.370+0000] {dagbag.py:587} INFO - Filling up the DagBag from /home/airflow/.local/lib/python3.12/site-packages/airflow/example_dags/example_python_decorator.py
[2024-08-24T11:25:10.377+0000] {processor.py:925} INFO - DAG(s) 'example_python_decorator' retrieved from /home/airflow/.local/lib/python3.12/site-packages/airflow/example_dags/example_python_decorator.py
[2024-08-24T11:25:10.389+0000] {logging_mixin.py:190} INFO - [2024-08-24T11:25:10.389+0000] {dag.py:3211} INFO - Sync 1 DAGs
[2024-08-24T11:25:10.396+0000] {logging_mixin.py:190} INFO - [2024-08-24T11:25:10.396+0000] {dag.py:4138} INFO - Setting next_dagrun for example_python_decorator to None, run_after=None
[2024-08-24T11:25:10.405+0000] {processor.py:208} INFO - Processing /home/airflow/.local/lib/python3.12/site-packages/airflow/example_dags/example_python_decorator.py took 0.040 seconds
[2024-08-24T11:25:40.587+0000] {processor.py:186} INFO - Started process (PID=643) to work on /home/airflow/.local/lib/python3.12/site-packages/airflow/example_dags/example_python_decorator.py
[2024-08-24T11:25:40.587+0000] {processor.py:914} INFO - Processing file /home/airflow/.local/lib/python3.12/site-packages/airflow/example_dags/example_python_decorator.py for tasks to queue
[2024-08-24T11:25:40.589+0000] {logging_mixin.py:190} INFO - [2024-08-24T11:25:40.588+0000] {dagbag.py:587} INFO - Filling up the DagBag from /home/airflow/.local/lib/python3.12/site-packages/airflow/example_dags/example_python_decorator.py
[2024-08-24T11:25:40.596+0000] {processor.py:925} INFO - DAG(s) 'example_python_decorator' retrieved from /home/airflow/.local/lib/python3.12/site-packages/airflow/example_dags/example_python_decorator.py
[2024-08-24T11:25:40.612+0000] {logging_mixin.py:190} INFO - [2024-08-24T11:25:40.612+0000] {dag.py:3211} INFO - Sync 1 DAGs
[2024-08-24T11:25:40.623+0000] {logging_mixin.py:190} INFO - [2024-08-24T11:25:40.623+0000] {dag.py:4138} INFO - Setting next_dagrun for example_python_decorator to None, run_after=None
[2024-08-24T11:25:40.635+0000] {processor.py:208} INFO - Processing /home/airflow/.local/lib/python3.12/site-packages/airflow/example_dags/example_python_decorator.py took 0.052 seconds
[2024-08-24T11:26:10.793+0000] {processor.py:186} INFO - Started process (PID=705) to work on /home/airflow/.local/lib/python3.12/site-packages/airflow/example_dags/example_python_decorator.py
[2024-08-24T11:26:10.794+0000] {processor.py:914} INFO - Processing file /home/airflow/.local/lib/python3.12/site-packages/airflow/example_dags/example_python_decorator.py for tasks to queue
[2024-08-24T11:26:10.795+0000] {logging_mixin.py:190} INFO - [2024-08-24T11:26:10.795+0000] {dagbag.py:587} INFO - Filling up the DagBag from /home/airflow/.local/lib/python3.12/site-packages/airflow/example_dags/example_python_decorator.py
[2024-08-24T11:26:10.803+0000] {processor.py:925} INFO - DAG(s) 'example_python_decorator' retrieved from /home/airflow/.local/lib/python3.12/site-packages/airflow/example_dags/example_python_decorator.py
[2024-08-24T11:26:10.816+0000] {logging_mixin.py:190} INFO - [2024-08-24T11:26:10.816+0000] {dag.py:3211} INFO - Sync 1 DAGs
[2024-08-24T11:26:10.824+0000] {logging_mixin.py:190} INFO - [2024-08-24T11:26:10.824+0000] {dag.py:4138} INFO - Setting next_dagrun for example_python_decorator to None, run_after=None
[2024-08-24T11:26:10.835+0000] {processor.py:208} INFO - Processing /home/airflow/.local/lib/python3.12/site-packages/airflow/example_dags/example_python_decorator.py took 0.045 seconds
[2024-08-24T11:26:40.991+0000] {processor.py:186} INFO - Started process (PID=767) to work on /home/airflow/.local/lib/python3.12/site-packages/airflow/example_dags/example_python_decorator.py
[2024-08-24T11:26:40.992+0000] {processor.py:914} INFO - Processing file /home/airflow/.local/lib/python3.12/site-packages/airflow/example_dags/example_python_decorator.py for tasks to queue
[2024-08-24T11:26:40.993+0000] {logging_mixin.py:190} INFO - [2024-08-24T11:26:40.993+0000] {dagbag.py:587} INFO - Filling up the DagBag from /home/airflow/.local/lib/python3.12/site-packages/airflow/example_dags/example_python_decorator.py
[2024-08-24T11:26:41.001+0000] {processor.py:925} INFO - DAG(s) 'example_python_decorator' retrieved from /home/airflow/.local/lib/python3.12/site-packages/airflow/example_dags/example_python_decorator.py
[2024-08-24T11:26:41.020+0000] {logging_mixin.py:190} INFO - [2024-08-24T11:26:41.019+0000] {dag.py:3211} INFO - Sync 1 DAGs
[2024-08-24T11:26:41.031+0000] {logging_mixin.py:190} INFO - [2024-08-24T11:26:41.031+0000] {dag.py:4138} INFO - Setting next_dagrun for example_python_decorator to None, run_after=None
[2024-08-24T11:26:41.045+0000] {processor.py:208} INFO - Processing /home/airflow/.local/lib/python3.12/site-packages/airflow/example_dags/example_python_decorator.py took 0.058 seconds
[2024-08-24T11:27:11.287+0000] {processor.py:186} INFO - Started process (PID=829) to work on /home/airflow/.local/lib/python3.12/site-packages/airflow/example_dags/example_python_decorator.py
[2024-08-24T11:27:11.287+0000] {processor.py:914} INFO - Processing file /home/airflow/.local/lib/python3.12/site-packages/airflow/example_dags/example_python_decorator.py for tasks to queue
[2024-08-24T11:27:11.288+0000] {logging_mixin.py:190} INFO - [2024-08-24T11:27:11.288+0000] {dagbag.py:587} INFO - Filling up the DagBag from /home/airflow/.local/lib/python3.12/site-packages/airflow/example_dags/example_python_decorator.py
[2024-08-24T11:27:11.296+0000] {processor.py:925} INFO - DAG(s) 'example_python_decorator' retrieved from /home/airflow/.local/lib/python3.12/site-packages/airflow/example_dags/example_python_decorator.py
[2024-08-24T11:27:11.311+0000] {logging_mixin.py:190} INFO - [2024-08-24T11:27:11.311+0000] {dag.py:3211} INFO - Sync 1 DAGs
[2024-08-24T11:27:11.323+0000] {logging_mixin.py:190} INFO - [2024-08-24T11:27:11.323+0000] {dag.py:4138} INFO - Setting next_dagrun for example_python_decorator to None, run_after=None
[2024-08-24T11:27:11.333+0000] {processor.py:208} INFO - Processing /home/airflow/.local/lib/python3.12/site-packages/airflow/example_dags/example_python_decorator.py took 0.050 seconds
[2024-08-24T11:27:41.659+0000] {processor.py:186} INFO - Started process (PID=891) to work on /home/airflow/.local/lib/python3.12/site-packages/airflow/example_dags/example_python_decorator.py
[2024-08-24T11:27:41.660+0000] {processor.py:914} INFO - Processing file /home/airflow/.local/lib/python3.12/site-packages/airflow/example_dags/example_python_decorator.py for tasks to queue
[2024-08-24T11:27:41.661+0000] {logging_mixin.py:190} INFO - [2024-08-24T11:27:41.661+0000] {dagbag.py:587} INFO - Filling up the DagBag from /home/airflow/.local/lib/python3.12/site-packages/airflow/example_dags/example_python_decorator.py
[2024-08-24T11:27:41.668+0000] {processor.py:925} INFO - DAG(s) 'example_python_decorator' retrieved from /home/airflow/.local/lib/python3.12/site-packages/airflow/example_dags/example_python_decorator.py
[2024-08-24T11:27:41.681+0000] {logging_mixin.py:190} INFO - [2024-08-24T11:27:41.680+0000] {dag.py:3211} INFO - Sync 1 DAGs
[2024-08-24T11:27:41.690+0000] {logging_mixin.py:190} INFO - [2024-08-24T11:27:41.689+0000] {dag.py:4138} INFO - Setting next_dagrun for example_python_decorator to None, run_after=None
[2024-08-24T11:27:41.699+0000] {processor.py:208} INFO - Processing /home/airflow/.local/lib/python3.12/site-packages/airflow/example_dags/example_python_decorator.py took 0.042 seconds
[2024-08-24T11:28:12.630+0000] {processor.py:186} INFO - Started process (PID=953) to work on /home/airflow/.local/lib/python3.12/site-packages/airflow/example_dags/example_python_decorator.py
[2024-08-24T11:28:12.631+0000] {processor.py:914} INFO - Processing file /home/airflow/.local/lib/python3.12/site-packages/airflow/example_dags/example_python_decorator.py for tasks to queue
[2024-08-24T11:28:12.632+0000] {logging_mixin.py:190} INFO - [2024-08-24T11:28:12.632+0000] {dagbag.py:587} INFO - Filling up the DagBag from /home/airflow/.local/lib/python3.12/site-packages/airflow/example_dags/example_python_decorator.py
[2024-08-24T11:28:12.640+0000] {processor.py:925} INFO - DAG(s) 'example_python_decorator' retrieved from /home/airflow/.local/lib/python3.12/site-packages/airflow/example_dags/example_python_decorator.py
[2024-08-24T11:28:12.655+0000] {logging_mixin.py:190} INFO - [2024-08-24T11:28:12.655+0000] {dag.py:3211} INFO - Sync 1 DAGs
[2024-08-24T11:28:12.667+0000] {logging_mixin.py:190} INFO - [2024-08-24T11:28:12.667+0000] {dag.py:4138} INFO - Setting next_dagrun for example_python_decorator to None, run_after=None
[2024-08-24T11:28:12.682+0000] {processor.py:208} INFO - Processing /home/airflow/.local/lib/python3.12/site-packages/airflow/example_dags/example_python_decorator.py took 0.055 seconds
[2024-08-24T11:28:43.615+0000] {processor.py:186} INFO - Started process (PID=1015) to work on /home/airflow/.local/lib/python3.12/site-packages/airflow/example_dags/example_python_decorator.py
[2024-08-24T11:28:43.616+0000] {processor.py:914} INFO - Processing file /home/airflow/.local/lib/python3.12/site-packages/airflow/example_dags/example_python_decorator.py for tasks to queue
[2024-08-24T11:28:43.617+0000] {logging_mixin.py:190} INFO - [2024-08-24T11:28:43.617+0000] {dagbag.py:587} INFO - Filling up the DagBag from /home/airflow/.local/lib/python3.12/site-packages/airflow/example_dags/example_python_decorator.py
[2024-08-24T11:28:43.625+0000] {processor.py:925} INFO - DAG(s) 'example_python_decorator' retrieved from /home/airflow/.local/lib/python3.12/site-packages/airflow/example_dags/example_python_decorator.py
[2024-08-24T11:28:43.639+0000] {logging_mixin.py:190} INFO - [2024-08-24T11:28:43.639+0000] {dag.py:3211} INFO - Sync 1 DAGs
[2024-08-24T11:28:43.647+0000] {logging_mixin.py:190} INFO - [2024-08-24T11:28:43.647+0000] {dag.py:4138} INFO - Setting next_dagrun for example_python_decorator to None, run_after=None
[2024-08-24T11:28:43.661+0000] {processor.py:208} INFO - Processing /home/airflow/.local/lib/python3.12/site-packages/airflow/example_dags/example_python_decorator.py took 0.050 seconds
[2024-08-24T11:29:14.810+0000] {processor.py:186} INFO - Started process (PID=1077) to work on /home/airflow/.local/lib/python3.12/site-packages/airflow/example_dags/example_python_decorator.py
[2024-08-24T11:29:14.810+0000] {processor.py:914} INFO - Processing file /home/airflow/.local/lib/python3.12/site-packages/airflow/example_dags/example_python_decorator.py for tasks to queue
[2024-08-24T11:29:14.811+0000] {logging_mixin.py:190} INFO - [2024-08-24T11:29:14.811+0000] {dagbag.py:587} INFO - Filling up the DagBag from /home/airflow/.local/lib/python3.12/site-packages/airflow/example_dags/example_python_decorator.py
[2024-08-24T11:29:14.819+0000] {processor.py:925} INFO - DAG(s) 'example_python_decorator' retrieved from /home/airflow/.local/lib/python3.12/site-packages/airflow/example_dags/example_python_decorator.py
[2024-08-24T11:29:14.835+0000] {logging_mixin.py:190} INFO - [2024-08-24T11:29:14.834+0000] {dag.py:3211} INFO - Sync 1 DAGs
[2024-08-24T11:29:14.844+0000] {logging_mixin.py:190} INFO - [2024-08-24T11:29:14.844+0000] {dag.py:4138} INFO - Setting next_dagrun for example_python_decorator to None, run_after=None
[2024-08-24T11:29:14.853+0000] {processor.py:208} INFO - Processing /home/airflow/.local/lib/python3.12/site-packages/airflow/example_dags/example_python_decorator.py took 0.047 seconds
[2024-08-24T11:29:44.960+0000] {processor.py:186} INFO - Started process (PID=1139) to work on /home/airflow/.local/lib/python3.12/site-packages/airflow/example_dags/example_python_decorator.py
[2024-08-24T11:29:44.961+0000] {processor.py:914} INFO - Processing file /home/airflow/.local/lib/python3.12/site-packages/airflow/example_dags/example_python_decorator.py for tasks to queue
[2024-08-24T11:29:44.962+0000] {logging_mixin.py:190} INFO - [2024-08-24T11:29:44.962+0000] {dagbag.py:587} INFO - Filling up the DagBag from /home/airflow/.local/lib/python3.12/site-packages/airflow/example_dags/example_python_decorator.py
[2024-08-24T11:29:44.969+0000] {processor.py:925} INFO - DAG(s) 'example_python_decorator' retrieved from /home/airflow/.local/lib/python3.12/site-packages/airflow/example_dags/example_python_decorator.py
[2024-08-24T11:29:44.987+0000] {logging_mixin.py:190} INFO - [2024-08-24T11:29:44.986+0000] {dag.py:3211} INFO - Sync 1 DAGs
[2024-08-24T11:29:44.997+0000] {logging_mixin.py:190} INFO - [2024-08-24T11:29:44.997+0000] {dag.py:4138} INFO - Setting next_dagrun for example_python_decorator to None, run_after=None
[2024-08-24T11:29:45.010+0000] {processor.py:208} INFO - Processing /home/airflow/.local/lib/python3.12/site-packages/airflow/example_dags/example_python_decorator.py took 0.055 seconds
[2024-08-24T11:30:15.960+0000] {processor.py:186} INFO - Started process (PID=1201) to work on /home/airflow/.local/lib/python3.12/site-packages/airflow/example_dags/example_python_decorator.py
[2024-08-24T11:30:15.960+0000] {processor.py:914} INFO - Processing file /home/airflow/.local/lib/python3.12/site-packages/airflow/example_dags/example_python_decorator.py for tasks to queue
[2024-08-24T11:30:15.961+0000] {logging_mixin.py:190} INFO - [2024-08-24T11:30:15.961+0000] {dagbag.py:587} INFO - Filling up the DagBag from /home/airflow/.local/lib/python3.12/site-packages/airflow/example_dags/example_python_decorator.py
[2024-08-24T11:30:15.972+0000] {processor.py:925} INFO - DAG(s) 'example_python_decorator' retrieved from /home/airflow/.local/lib/python3.12/site-packages/airflow/example_dags/example_python_decorator.py
[2024-08-24T11:30:15.984+0000] {logging_mixin.py:190} INFO - [2024-08-24T11:30:15.983+0000] {dag.py:3211} INFO - Sync 1 DAGs
[2024-08-24T11:30:15.991+0000] {logging_mixin.py:190} INFO - [2024-08-24T11:30:15.991+0000] {dag.py:4138} INFO - Setting next_dagrun for example_python_decorator to None, run_after=None
[2024-08-24T11:30:15.999+0000] {processor.py:208} INFO - Processing /home/airflow/.local/lib/python3.12/site-packages/airflow/example_dags/example_python_decorator.py took 0.043 seconds
[2024-08-24T11:30:47.021+0000] {processor.py:186} INFO - Started process (PID=1263) to work on /home/airflow/.local/lib/python3.12/site-packages/airflow/example_dags/example_python_decorator.py
[2024-08-24T11:30:47.021+0000] {processor.py:914} INFO - Processing file /home/airflow/.local/lib/python3.12/site-packages/airflow/example_dags/example_python_decorator.py for tasks to queue
[2024-08-24T11:30:47.022+0000] {logging_mixin.py:190} INFO - [2024-08-24T11:30:47.022+0000] {dagbag.py:587} INFO - Filling up the DagBag from /home/airflow/.local/lib/python3.12/site-packages/airflow/example_dags/example_python_decorator.py
[2024-08-24T11:30:47.030+0000] {processor.py:925} INFO - DAG(s) 'example_python_decorator' retrieved from /home/airflow/.local/lib/python3.12/site-packages/airflow/example_dags/example_python_decorator.py
[2024-08-24T11:30:47.046+0000] {logging_mixin.py:190} INFO - [2024-08-24T11:30:47.045+0000] {dag.py:3211} INFO - Sync 1 DAGs
[2024-08-24T11:30:47.054+0000] {logging_mixin.py:190} INFO - [2024-08-24T11:30:47.053+0000] {dag.py:4138} INFO - Setting next_dagrun for example_python_decorator to None, run_after=None
[2024-08-24T11:30:47.062+0000] {processor.py:208} INFO - Processing /home/airflow/.local/lib/python3.12/site-packages/airflow/example_dags/example_python_decorator.py took 0.044 seconds
[2024-08-24T11:31:18.049+0000] {processor.py:186} INFO - Started process (PID=1325) to work on /home/airflow/.local/lib/python3.12/site-packages/airflow/example_dags/example_python_decorator.py
[2024-08-24T11:31:18.050+0000] {processor.py:914} INFO - Processing file /home/airflow/.local/lib/python3.12/site-packages/airflow/example_dags/example_python_decorator.py for tasks to queue
[2024-08-24T11:31:18.051+0000] {logging_mixin.py:190} INFO - [2024-08-24T11:31:18.051+0000] {dagbag.py:587} INFO - Filling up the DagBag from /home/airflow/.local/lib/python3.12/site-packages/airflow/example_dags/example_python_decorator.py
[2024-08-24T11:31:18.058+0000] {processor.py:925} INFO - DAG(s) 'example_python_decorator' retrieved from /home/airflow/.local/lib/python3.12/site-packages/airflow/example_dags/example_python_decorator.py
[2024-08-24T11:31:18.070+0000] {logging_mixin.py:190} INFO - [2024-08-24T11:31:18.070+0000] {dag.py:3211} INFO - Sync 1 DAGs
[2024-08-24T11:31:18.077+0000] {logging_mixin.py:190} INFO - [2024-08-24T11:31:18.077+0000] {dag.py:4138} INFO - Setting next_dagrun for example_python_decorator to None, run_after=None
[2024-08-24T11:31:18.086+0000] {processor.py:208} INFO - Processing /home/airflow/.local/lib/python3.12/site-packages/airflow/example_dags/example_python_decorator.py took 0.039 seconds
[2024-08-24T11:31:49.064+0000] {processor.py:186} INFO - Started process (PID=1387) to work on /home/airflow/.local/lib/python3.12/site-packages/airflow/example_dags/example_python_decorator.py
[2024-08-24T11:31:49.065+0000] {processor.py:914} INFO - Processing file /home/airflow/.local/lib/python3.12/site-packages/airflow/example_dags/example_python_decorator.py for tasks to queue
[2024-08-24T11:31:49.066+0000] {logging_mixin.py:190} INFO - [2024-08-24T11:31:49.066+0000] {dagbag.py:587} INFO - Filling up the DagBag from /home/airflow/.local/lib/python3.12/site-packages/airflow/example_dags/example_python_decorator.py
[2024-08-24T11:31:49.074+0000] {processor.py:925} INFO - DAG(s) 'example_python_decorator' retrieved from /home/airflow/.local/lib/python3.12/site-packages/airflow/example_dags/example_python_decorator.py
[2024-08-24T11:31:49.088+0000] {logging_mixin.py:190} INFO - [2024-08-24T11:31:49.088+0000] {dag.py:3211} INFO - Sync 1 DAGs
[2024-08-24T11:31:49.100+0000] {logging_mixin.py:190} INFO - [2024-08-24T11:31:49.099+0000] {dag.py:4138} INFO - Setting next_dagrun for example_python_decorator to None, run_after=None
[2024-08-24T11:31:49.113+0000] {processor.py:208} INFO - Processing /home/airflow/.local/lib/python3.12/site-packages/airflow/example_dags/example_python_decorator.py took 0.053 seconds
[2024-08-24T11:32:19.255+0000] {processor.py:186} INFO - Started process (PID=1449) to work on /home/airflow/.local/lib/python3.12/site-packages/airflow/example_dags/example_python_decorator.py
[2024-08-24T11:32:19.255+0000] {processor.py:914} INFO - Processing file /home/airflow/.local/lib/python3.12/site-packages/airflow/example_dags/example_python_decorator.py for tasks to queue
[2024-08-24T11:32:19.256+0000] {logging_mixin.py:190} INFO - [2024-08-24T11:32:19.256+0000] {dagbag.py:587} INFO - Filling up the DagBag from /home/airflow/.local/lib/python3.12/site-packages/airflow/example_dags/example_python_decorator.py
[2024-08-24T11:32:19.266+0000] {processor.py:925} INFO - DAG(s) 'example_python_decorator' retrieved from /home/airflow/.local/lib/python3.12/site-packages/airflow/example_dags/example_python_decorator.py
[2024-08-24T11:32:19.278+0000] {logging_mixin.py:190} INFO - [2024-08-24T11:32:19.278+0000] {dag.py:3211} INFO - Sync 1 DAGs
[2024-08-24T11:32:19.285+0000] {logging_mixin.py:190} INFO - [2024-08-24T11:32:19.285+0000] {dag.py:4138} INFO - Setting next_dagrun for example_python_decorator to None, run_after=None
[2024-08-24T11:32:19.294+0000] {processor.py:208} INFO - Processing /home/airflow/.local/lib/python3.12/site-packages/airflow/example_dags/example_python_decorator.py took 0.042 seconds
[2024-08-24T11:32:49.541+0000] {processor.py:186} INFO - Started process (PID=1511) to work on /home/airflow/.local/lib/python3.12/site-packages/airflow/example_dags/example_python_decorator.py
[2024-08-24T11:32:49.541+0000] {processor.py:914} INFO - Processing file /home/airflow/.local/lib/python3.12/site-packages/airflow/example_dags/example_python_decorator.py for tasks to queue
[2024-08-24T11:32:49.542+0000] {logging_mixin.py:190} INFO - [2024-08-24T11:32:49.542+0000] {dagbag.py:587} INFO - Filling up the DagBag from /home/airflow/.local/lib/python3.12/site-packages/airflow/example_dags/example_python_decorator.py
[2024-08-24T11:32:49.549+0000] {processor.py:925} INFO - DAG(s) 'example_python_decorator' retrieved from /home/airflow/.local/lib/python3.12/site-packages/airflow/example_dags/example_python_decorator.py
[2024-08-24T11:32:49.566+0000] {logging_mixin.py:190} INFO - [2024-08-24T11:32:49.565+0000] {dag.py:3211} INFO - Sync 1 DAGs
[2024-08-24T11:32:49.573+0000] {logging_mixin.py:190} INFO - [2024-08-24T11:32:49.573+0000] {dag.py:4138} INFO - Setting next_dagrun for example_python_decorator to None, run_after=None
[2024-08-24T11:32:49.586+0000] {processor.py:208} INFO - Processing /home/airflow/.local/lib/python3.12/site-packages/airflow/example_dags/example_python_decorator.py took 0.049 seconds
[2024-08-24T11:33:19.741+0000] {processor.py:186} INFO - Started process (PID=1573) to work on /home/airflow/.local/lib/python3.12/site-packages/airflow/example_dags/example_python_decorator.py
[2024-08-24T11:33:19.741+0000] {processor.py:914} INFO - Processing file /home/airflow/.local/lib/python3.12/site-packages/airflow/example_dags/example_python_decorator.py for tasks to queue
[2024-08-24T11:33:19.743+0000] {logging_mixin.py:190} INFO - [2024-08-24T11:33:19.742+0000] {dagbag.py:587} INFO - Filling up the DagBag from /home/airflow/.local/lib/python3.12/site-packages/airflow/example_dags/example_python_decorator.py
[2024-08-24T11:33:19.750+0000] {processor.py:925} INFO - DAG(s) 'example_python_decorator' retrieved from /home/airflow/.local/lib/python3.12/site-packages/airflow/example_dags/example_python_decorator.py
[2024-08-24T11:33:19.765+0000] {logging_mixin.py:190} INFO - [2024-08-24T11:33:19.765+0000] {dag.py:3211} INFO - Sync 1 DAGs
[2024-08-24T11:33:19.776+0000] {logging_mixin.py:190} INFO - [2024-08-24T11:33:19.776+0000] {dag.py:4138} INFO - Setting next_dagrun for example_python_decorator to None, run_after=None
[2024-08-24T11:33:19.790+0000] {processor.py:208} INFO - Processing /home/airflow/.local/lib/python3.12/site-packages/airflow/example_dags/example_python_decorator.py took 0.052 seconds
[2024-08-24T11:33:50.026+0000] {processor.py:186} INFO - Started process (PID=1635) to work on /home/airflow/.local/lib/python3.12/site-packages/airflow/example_dags/example_python_decorator.py
[2024-08-24T11:33:50.026+0000] {processor.py:914} INFO - Processing file /home/airflow/.local/lib/python3.12/site-packages/airflow/example_dags/example_python_decorator.py for tasks to queue
[2024-08-24T11:33:50.027+0000] {logging_mixin.py:190} INFO - [2024-08-24T11:33:50.027+0000] {dagbag.py:587} INFO - Filling up the DagBag from /home/airflow/.local/lib/python3.12/site-packages/airflow/example_dags/example_python_decorator.py
[2024-08-24T11:33:50.035+0000] {processor.py:925} INFO - DAG(s) 'example_python_decorator' retrieved from /home/airflow/.local/lib/python3.12/site-packages/airflow/example_dags/example_python_decorator.py
[2024-08-24T11:33:50.049+0000] {logging_mixin.py:190} INFO - [2024-08-24T11:33:50.049+0000] {dag.py:3211} INFO - Sync 1 DAGs
[2024-08-24T11:33:50.057+0000] {logging_mixin.py:190} INFO - [2024-08-24T11:33:50.057+0000] {dag.py:4138} INFO - Setting next_dagrun for example_python_decorator to None, run_after=None
[2024-08-24T11:33:50.066+0000] {processor.py:208} INFO - Processing /home/airflow/.local/lib/python3.12/site-packages/airflow/example_dags/example_python_decorator.py took 0.044 seconds
[2024-08-24T11:34:20.129+0000] {processor.py:186} INFO - Started process (PID=1697) to work on /home/airflow/.local/lib/python3.12/site-packages/airflow/example_dags/example_python_decorator.py
[2024-08-24T11:34:20.130+0000] {processor.py:914} INFO - Processing file /home/airflow/.local/lib/python3.12/site-packages/airflow/example_dags/example_python_decorator.py for tasks to queue
[2024-08-24T11:34:20.132+0000] {logging_mixin.py:190} INFO - [2024-08-24T11:34:20.131+0000] {dagbag.py:587} INFO - Filling up the DagBag from /home/airflow/.local/lib/python3.12/site-packages/airflow/example_dags/example_python_decorator.py
[2024-08-24T11:34:20.143+0000] {processor.py:925} INFO - DAG(s) 'example_python_decorator' retrieved from /home/airflow/.local/lib/python3.12/site-packages/airflow/example_dags/example_python_decorator.py
[2024-08-24T11:34:20.156+0000] {logging_mixin.py:190} INFO - [2024-08-24T11:34:20.156+0000] {dag.py:3211} INFO - Sync 1 DAGs
[2024-08-24T11:34:20.163+0000] {logging_mixin.py:190} INFO - [2024-08-24T11:34:20.163+0000] {dag.py:4138} INFO - Setting next_dagrun for example_python_decorator to None, run_after=None
[2024-08-24T11:34:20.174+0000] {processor.py:208} INFO - Processing /home/airflow/.local/lib/python3.12/site-packages/airflow/example_dags/example_python_decorator.py took 0.049 seconds
[2024-08-24T11:34:50.306+0000] {processor.py:186} INFO - Started process (PID=1759) to work on /home/airflow/.local/lib/python3.12/site-packages/airflow/example_dags/example_python_decorator.py
[2024-08-24T11:34:50.307+0000] {processor.py:914} INFO - Processing file /home/airflow/.local/lib/python3.12/site-packages/airflow/example_dags/example_python_decorator.py for tasks to queue
[2024-08-24T11:34:50.308+0000] {logging_mixin.py:190} INFO - [2024-08-24T11:34:50.308+0000] {dagbag.py:587} INFO - Filling up the DagBag from /home/airflow/.local/lib/python3.12/site-packages/airflow/example_dags/example_python_decorator.py
[2024-08-24T11:34:50.315+0000] {processor.py:925} INFO - DAG(s) 'example_python_decorator' retrieved from /home/airflow/.local/lib/python3.12/site-packages/airflow/example_dags/example_python_decorator.py
[2024-08-24T11:34:50.327+0000] {logging_mixin.py:190} INFO - [2024-08-24T11:34:50.327+0000] {dag.py:3211} INFO - Sync 1 DAGs
[2024-08-24T11:34:50.338+0000] {logging_mixin.py:190} INFO - [2024-08-24T11:34:50.338+0000] {dag.py:4138} INFO - Setting next_dagrun for example_python_decorator to None, run_after=None
[2024-08-24T11:34:50.347+0000] {processor.py:208} INFO - Processing /home/airflow/.local/lib/python3.12/site-packages/airflow/example_dags/example_python_decorator.py took 0.044 seconds
[2024-08-24T11:35:20.659+0000] {processor.py:186} INFO - Started process (PID=1821) to work on /home/airflow/.local/lib/python3.12/site-packages/airflow/example_dags/example_python_decorator.py
[2024-08-24T11:35:20.659+0000] {processor.py:914} INFO - Processing file /home/airflow/.local/lib/python3.12/site-packages/airflow/example_dags/example_python_decorator.py for tasks to queue
[2024-08-24T11:35:20.660+0000] {logging_mixin.py:190} INFO - [2024-08-24T11:35:20.660+0000] {dagbag.py:587} INFO - Filling up the DagBag from /home/airflow/.local/lib/python3.12/site-packages/airflow/example_dags/example_python_decorator.py
[2024-08-24T11:35:20.667+0000] {processor.py:925} INFO - DAG(s) 'example_python_decorator' retrieved from /home/airflow/.local/lib/python3.12/site-packages/airflow/example_dags/example_python_decorator.py
[2024-08-24T11:35:20.684+0000] {logging_mixin.py:190} INFO - [2024-08-24T11:35:20.684+0000] {dag.py:3211} INFO - Sync 1 DAGs
[2024-08-24T11:35:20.693+0000] {logging_mixin.py:190} INFO - [2024-08-24T11:35:20.692+0000] {dag.py:4138} INFO - Setting next_dagrun for example_python_decorator to None, run_after=None
[2024-08-24T11:35:20.707+0000] {processor.py:208} INFO - Processing /home/airflow/.local/lib/python3.12/site-packages/airflow/example_dags/example_python_decorator.py took 0.051 seconds
[2024-08-24T11:35:50.903+0000] {processor.py:186} INFO - Started process (PID=1882) to work on /home/airflow/.local/lib/python3.12/site-packages/airflow/example_dags/example_python_decorator.py
[2024-08-24T11:35:50.904+0000] {processor.py:914} INFO - Processing file /home/airflow/.local/lib/python3.12/site-packages/airflow/example_dags/example_python_decorator.py for tasks to queue
[2024-08-24T11:35:50.905+0000] {logging_mixin.py:190} INFO - [2024-08-24T11:35:50.905+0000] {dagbag.py:587} INFO - Filling up the DagBag from /home/airflow/.local/lib/python3.12/site-packages/airflow/example_dags/example_python_decorator.py
[2024-08-24T11:35:50.913+0000] {processor.py:925} INFO - DAG(s) 'example_python_decorator' retrieved from /home/airflow/.local/lib/python3.12/site-packages/airflow/example_dags/example_python_decorator.py
[2024-08-24T11:35:50.925+0000] {logging_mixin.py:190} INFO - [2024-08-24T11:35:50.925+0000] {dag.py:3211} INFO - Sync 1 DAGs
[2024-08-24T11:35:50.932+0000] {logging_mixin.py:190} INFO - [2024-08-24T11:35:50.932+0000] {dag.py:4138} INFO - Setting next_dagrun for example_python_decorator to None, run_after=None
[2024-08-24T11:35:50.942+0000] {processor.py:208} INFO - Processing /home/airflow/.local/lib/python3.12/site-packages/airflow/example_dags/example_python_decorator.py took 0.041 seconds
[2024-08-24T11:36:21.206+0000] {processor.py:186} INFO - Started process (PID=1944) to work on /home/airflow/.local/lib/python3.12/site-packages/airflow/example_dags/example_python_decorator.py
[2024-08-24T11:36:21.206+0000] {processor.py:914} INFO - Processing file /home/airflow/.local/lib/python3.12/site-packages/airflow/example_dags/example_python_decorator.py for tasks to queue
[2024-08-24T11:36:21.207+0000] {logging_mixin.py:190} INFO - [2024-08-24T11:36:21.207+0000] {dagbag.py:587} INFO - Filling up the DagBag from /home/airflow/.local/lib/python3.12/site-packages/airflow/example_dags/example_python_decorator.py
[2024-08-24T11:36:21.214+0000] {processor.py:925} INFO - DAG(s) 'example_python_decorator' retrieved from /home/airflow/.local/lib/python3.12/site-packages/airflow/example_dags/example_python_decorator.py
[2024-08-24T11:36:21.230+0000] {logging_mixin.py:190} INFO - [2024-08-24T11:36:21.230+0000] {dag.py:3211} INFO - Sync 1 DAGs
[2024-08-24T11:36:21.238+0000] {logging_mixin.py:190} INFO - [2024-08-24T11:36:21.237+0000] {dag.py:4138} INFO - Setting next_dagrun for example_python_decorator to None, run_after=None
[2024-08-24T11:36:21.247+0000] {processor.py:208} INFO - Processing /home/airflow/.local/lib/python3.12/site-packages/airflow/example_dags/example_python_decorator.py took 0.044 seconds
[2024-08-24T11:36:51.566+0000] {processor.py:186} INFO - Started process (PID=2006) to work on /home/airflow/.local/lib/python3.12/site-packages/airflow/example_dags/example_python_decorator.py
[2024-08-24T11:36:51.567+0000] {processor.py:914} INFO - Processing file /home/airflow/.local/lib/python3.12/site-packages/airflow/example_dags/example_python_decorator.py for tasks to queue
[2024-08-24T11:36:51.568+0000] {logging_mixin.py:190} INFO - [2024-08-24T11:36:51.568+0000] {dagbag.py:587} INFO - Filling up the DagBag from /home/airflow/.local/lib/python3.12/site-packages/airflow/example_dags/example_python_decorator.py
[2024-08-24T11:36:51.575+0000] {processor.py:925} INFO - DAG(s) 'example_python_decorator' retrieved from /home/airflow/.local/lib/python3.12/site-packages/airflow/example_dags/example_python_decorator.py
[2024-08-24T11:36:51.589+0000] {logging_mixin.py:190} INFO - [2024-08-24T11:36:51.588+0000] {dag.py:3211} INFO - Sync 1 DAGs
[2024-08-24T11:36:51.595+0000] {logging_mixin.py:190} INFO - [2024-08-24T11:36:51.595+0000] {dag.py:4138} INFO - Setting next_dagrun for example_python_decorator to None, run_after=None
[2024-08-24T11:36:51.606+0000] {processor.py:208} INFO - Processing /home/airflow/.local/lib/python3.12/site-packages/airflow/example_dags/example_python_decorator.py took 0.044 seconds
[2024-08-24T11:37:21.966+0000] {processor.py:186} INFO - Started process (PID=2068) to work on /home/airflow/.local/lib/python3.12/site-packages/airflow/example_dags/example_python_decorator.py
[2024-08-24T11:37:21.967+0000] {processor.py:914} INFO - Processing file /home/airflow/.local/lib/python3.12/site-packages/airflow/example_dags/example_python_decorator.py for tasks to queue
[2024-08-24T11:37:21.968+0000] {logging_mixin.py:190} INFO - [2024-08-24T11:37:21.968+0000] {dagbag.py:587} INFO - Filling up the DagBag from /home/airflow/.local/lib/python3.12/site-packages/airflow/example_dags/example_python_decorator.py
[2024-08-24T11:37:21.975+0000] {processor.py:925} INFO - DAG(s) 'example_python_decorator' retrieved from /home/airflow/.local/lib/python3.12/site-packages/airflow/example_dags/example_python_decorator.py
[2024-08-24T11:37:21.987+0000] {logging_mixin.py:190} INFO - [2024-08-24T11:37:21.987+0000] {dag.py:3211} INFO - Sync 1 DAGs
[2024-08-24T11:37:21.994+0000] {logging_mixin.py:190} INFO - [2024-08-24T11:37:21.994+0000] {dag.py:4138} INFO - Setting next_dagrun for example_python_decorator to None, run_after=None
[2024-08-24T11:37:22.004+0000] {processor.py:208} INFO - Processing /home/airflow/.local/lib/python3.12/site-packages/airflow/example_dags/example_python_decorator.py took 0.041 seconds
[2024-08-24T11:37:52.455+0000] {processor.py:186} INFO - Started process (PID=2131) to work on /home/airflow/.local/lib/python3.12/site-packages/airflow/example_dags/example_python_decorator.py
[2024-08-24T11:37:52.455+0000] {processor.py:914} INFO - Processing file /home/airflow/.local/lib/python3.12/site-packages/airflow/example_dags/example_python_decorator.py for tasks to queue
[2024-08-24T11:37:52.456+0000] {logging_mixin.py:190} INFO - [2024-08-24T11:37:52.456+0000] {dagbag.py:587} INFO - Filling up the DagBag from /home/airflow/.local/lib/python3.12/site-packages/airflow/example_dags/example_python_decorator.py
[2024-08-24T11:37:52.463+0000] {processor.py:925} INFO - DAG(s) 'example_python_decorator' retrieved from /home/airflow/.local/lib/python3.12/site-packages/airflow/example_dags/example_python_decorator.py
[2024-08-24T11:37:52.475+0000] {logging_mixin.py:190} INFO - [2024-08-24T11:37:52.475+0000] {dag.py:3211} INFO - Sync 1 DAGs
[2024-08-24T11:37:52.483+0000] {logging_mixin.py:190} INFO - [2024-08-24T11:37:52.483+0000] {dag.py:4138} INFO - Setting next_dagrun for example_python_decorator to None, run_after=None
[2024-08-24T11:37:52.492+0000] {processor.py:208} INFO - Processing /home/airflow/.local/lib/python3.12/site-packages/airflow/example_dags/example_python_decorator.py took 0.041 seconds
[2024-08-24T11:38:23.057+0000] {processor.py:186} INFO - Started process (PID=2193) to work on /home/airflow/.local/lib/python3.12/site-packages/airflow/example_dags/example_python_decorator.py
[2024-08-24T11:38:23.058+0000] {processor.py:914} INFO - Processing file /home/airflow/.local/lib/python3.12/site-packages/airflow/example_dags/example_python_decorator.py for tasks to queue
[2024-08-24T11:38:23.059+0000] {logging_mixin.py:190} INFO - [2024-08-24T11:38:23.059+0000] {dagbag.py:587} INFO - Filling up the DagBag from /home/airflow/.local/lib/python3.12/site-packages/airflow/example_dags/example_python_decorator.py
[2024-08-24T11:38:23.066+0000] {processor.py:925} INFO - DAG(s) 'example_python_decorator' retrieved from /home/airflow/.local/lib/python3.12/site-packages/airflow/example_dags/example_python_decorator.py
[2024-08-24T11:38:23.079+0000] {logging_mixin.py:190} INFO - [2024-08-24T11:38:23.078+0000] {dag.py:3211} INFO - Sync 1 DAGs
[2024-08-24T11:38:23.086+0000] {logging_mixin.py:190} INFO - [2024-08-24T11:38:23.086+0000] {dag.py:4138} INFO - Setting next_dagrun for example_python_decorator to None, run_after=None
[2024-08-24T11:38:23.095+0000] {processor.py:208} INFO - Processing /home/airflow/.local/lib/python3.12/site-packages/airflow/example_dags/example_python_decorator.py took 0.040 seconds
[2024-08-24T11:38:53.478+0000] {processor.py:186} INFO - Started process (PID=2254) to work on /home/airflow/.local/lib/python3.12/site-packages/airflow/example_dags/example_python_decorator.py
[2024-08-24T11:38:53.479+0000] {processor.py:914} INFO - Processing file /home/airflow/.local/lib/python3.12/site-packages/airflow/example_dags/example_python_decorator.py for tasks to queue
[2024-08-24T11:38:53.481+0000] {logging_mixin.py:190} INFO - [2024-08-24T11:38:53.480+0000] {dagbag.py:587} INFO - Filling up the DagBag from /home/airflow/.local/lib/python3.12/site-packages/airflow/example_dags/example_python_decorator.py
[2024-08-24T11:38:53.489+0000] {processor.py:925} INFO - DAG(s) 'example_python_decorator' retrieved from /home/airflow/.local/lib/python3.12/site-packages/airflow/example_dags/example_python_decorator.py
[2024-08-24T11:38:53.502+0000] {logging_mixin.py:190} INFO - [2024-08-24T11:38:53.502+0000] {dag.py:3211} INFO - Sync 1 DAGs
[2024-08-24T11:38:53.509+0000] {logging_mixin.py:190} INFO - [2024-08-24T11:38:53.509+0000] {dag.py:4138} INFO - Setting next_dagrun for example_python_decorator to None, run_after=None
[2024-08-24T11:38:53.518+0000] {processor.py:208} INFO - Processing /home/airflow/.local/lib/python3.12/site-packages/airflow/example_dags/example_python_decorator.py took 0.045 seconds
[2024-08-24T11:39:24.105+0000] {processor.py:186} INFO - Started process (PID=2316) to work on /home/airflow/.local/lib/python3.12/site-packages/airflow/example_dags/example_python_decorator.py
[2024-08-24T11:39:24.105+0000] {processor.py:914} INFO - Processing file /home/airflow/.local/lib/python3.12/site-packages/airflow/example_dags/example_python_decorator.py for tasks to queue
[2024-08-24T11:39:24.107+0000] {logging_mixin.py:190} INFO - [2024-08-24T11:39:24.107+0000] {dagbag.py:587} INFO - Filling up the DagBag from /home/airflow/.local/lib/python3.12/site-packages/airflow/example_dags/example_python_decorator.py
[2024-08-24T11:39:24.114+0000] {processor.py:925} INFO - DAG(s) 'example_python_decorator' retrieved from /home/airflow/.local/lib/python3.12/site-packages/airflow/example_dags/example_python_decorator.py
[2024-08-24T11:39:24.129+0000] {logging_mixin.py:190} INFO - [2024-08-24T11:39:24.128+0000] {dag.py:3211} INFO - Sync 1 DAGs
[2024-08-24T11:39:24.141+0000] {logging_mixin.py:190} INFO - [2024-08-24T11:39:24.141+0000] {dag.py:4138} INFO - Setting next_dagrun for example_python_decorator to None, run_after=None
[2024-08-24T11:39:24.157+0000] {processor.py:208} INFO - Processing /home/airflow/.local/lib/python3.12/site-packages/airflow/example_dags/example_python_decorator.py took 0.057 seconds
[2024-08-24T11:39:54.692+0000] {processor.py:186} INFO - Started process (PID=2378) to work on /home/airflow/.local/lib/python3.12/site-packages/airflow/example_dags/example_python_decorator.py
[2024-08-24T11:39:54.692+0000] {processor.py:914} INFO - Processing file /home/airflow/.local/lib/python3.12/site-packages/airflow/example_dags/example_python_decorator.py for tasks to queue
[2024-08-24T11:39:54.693+0000] {logging_mixin.py:190} INFO - [2024-08-24T11:39:54.693+0000] {dagbag.py:587} INFO - Filling up the DagBag from /home/airflow/.local/lib/python3.12/site-packages/airflow/example_dags/example_python_decorator.py
[2024-08-24T11:39:54.701+0000] {processor.py:925} INFO - DAG(s) 'example_python_decorator' retrieved from /home/airflow/.local/lib/python3.12/site-packages/airflow/example_dags/example_python_decorator.py
[2024-08-24T11:39:54.713+0000] {logging_mixin.py:190} INFO - [2024-08-24T11:39:54.712+0000] {dag.py:3211} INFO - Sync 1 DAGs
[2024-08-24T11:39:54.721+0000] {logging_mixin.py:190} INFO - [2024-08-24T11:39:54.721+0000] {dag.py:4138} INFO - Setting next_dagrun for example_python_decorator to None, run_after=None
[2024-08-24T11:39:54.737+0000] {processor.py:208} INFO - Processing /home/airflow/.local/lib/python3.12/site-packages/airflow/example_dags/example_python_decorator.py took 0.048 seconds
[2024-08-24T11:40:25.182+0000] {processor.py:186} INFO - Started process (PID=2440) to work on /home/airflow/.local/lib/python3.12/site-packages/airflow/example_dags/example_python_decorator.py
[2024-08-24T11:40:25.182+0000] {processor.py:914} INFO - Processing file /home/airflow/.local/lib/python3.12/site-packages/airflow/example_dags/example_python_decorator.py for tasks to queue
[2024-08-24T11:40:25.184+0000] {logging_mixin.py:190} INFO - [2024-08-24T11:40:25.184+0000] {dagbag.py:587} INFO - Filling up the DagBag from /home/airflow/.local/lib/python3.12/site-packages/airflow/example_dags/example_python_decorator.py
[2024-08-24T11:40:25.193+0000] {processor.py:925} INFO - DAG(s) 'example_python_decorator' retrieved from /home/airflow/.local/lib/python3.12/site-packages/airflow/example_dags/example_python_decorator.py
[2024-08-24T11:40:25.208+0000] {logging_mixin.py:190} INFO - [2024-08-24T11:40:25.208+0000] {dag.py:3211} INFO - Sync 1 DAGs
[2024-08-24T11:40:25.216+0000] {logging_mixin.py:190} INFO - [2024-08-24T11:40:25.216+0000] {dag.py:4138} INFO - Setting next_dagrun for example_python_decorator to None, run_after=None
[2024-08-24T11:40:25.227+0000] {processor.py:208} INFO - Processing /home/airflow/.local/lib/python3.12/site-packages/airflow/example_dags/example_python_decorator.py took 0.049 seconds
[2024-08-24T11:40:55.914+0000] {processor.py:186} INFO - Started process (PID=2502) to work on /home/airflow/.local/lib/python3.12/site-packages/airflow/example_dags/example_python_decorator.py
[2024-08-24T11:40:55.915+0000] {processor.py:914} INFO - Processing file /home/airflow/.local/lib/python3.12/site-packages/airflow/example_dags/example_python_decorator.py for tasks to queue
[2024-08-24T11:40:55.916+0000] {logging_mixin.py:190} INFO - [2024-08-24T11:40:55.916+0000] {dagbag.py:587} INFO - Filling up the DagBag from /home/airflow/.local/lib/python3.12/site-packages/airflow/example_dags/example_python_decorator.py
[2024-08-24T11:40:55.923+0000] {processor.py:925} INFO - DAG(s) 'example_python_decorator' retrieved from /home/airflow/.local/lib/python3.12/site-packages/airflow/example_dags/example_python_decorator.py
[2024-08-24T11:40:55.938+0000] {logging_mixin.py:190} INFO - [2024-08-24T11:40:55.937+0000] {dag.py:3211} INFO - Sync 1 DAGs
[2024-08-24T11:40:55.949+0000] {logging_mixin.py:190} INFO - [2024-08-24T11:40:55.949+0000] {dag.py:4138} INFO - Setting next_dagrun for example_python_decorator to None, run_after=None
[2024-08-24T11:40:55.962+0000] {processor.py:208} INFO - Processing /home/airflow/.local/lib/python3.12/site-packages/airflow/example_dags/example_python_decorator.py took 0.052 seconds
[2024-08-24T11:41:26.350+0000] {processor.py:186} INFO - Started process (PID=2564) to work on /home/airflow/.local/lib/python3.12/site-packages/airflow/example_dags/example_python_decorator.py
[2024-08-24T11:41:26.351+0000] {processor.py:914} INFO - Processing file /home/airflow/.local/lib/python3.12/site-packages/airflow/example_dags/example_python_decorator.py for tasks to queue
[2024-08-24T11:41:26.352+0000] {logging_mixin.py:190} INFO - [2024-08-24T11:41:26.352+0000] {dagbag.py:587} INFO - Filling up the DagBag from /home/airflow/.local/lib/python3.12/site-packages/airflow/example_dags/example_python_decorator.py
[2024-08-24T11:41:26.361+0000] {processor.py:925} INFO - DAG(s) 'example_python_decorator' retrieved from /home/airflow/.local/lib/python3.12/site-packages/airflow/example_dags/example_python_decorator.py
[2024-08-24T11:41:26.378+0000] {logging_mixin.py:190} INFO - [2024-08-24T11:41:26.378+0000] {dag.py:3211} INFO - Sync 1 DAGs
[2024-08-24T11:41:26.388+0000] {logging_mixin.py:190} INFO - [2024-08-24T11:41:26.388+0000] {dag.py:4138} INFO - Setting next_dagrun for example_python_decorator to None, run_after=None
[2024-08-24T11:41:26.397+0000] {processor.py:208} INFO - Processing /home/airflow/.local/lib/python3.12/site-packages/airflow/example_dags/example_python_decorator.py took 0.052 seconds
[2024-08-24T11:41:56.972+0000] {processor.py:186} INFO - Started process (PID=2626) to work on /home/airflow/.local/lib/python3.12/site-packages/airflow/example_dags/example_python_decorator.py
[2024-08-24T11:41:56.972+0000] {processor.py:914} INFO - Processing file /home/airflow/.local/lib/python3.12/site-packages/airflow/example_dags/example_python_decorator.py for tasks to queue
[2024-08-24T11:41:56.973+0000] {logging_mixin.py:190} INFO - [2024-08-24T11:41:56.973+0000] {dagbag.py:587} INFO - Filling up the DagBag from /home/airflow/.local/lib/python3.12/site-packages/airflow/example_dags/example_python_decorator.py
[2024-08-24T11:41:56.981+0000] {processor.py:925} INFO - DAG(s) 'example_python_decorator' retrieved from /home/airflow/.local/lib/python3.12/site-packages/airflow/example_dags/example_python_decorator.py
[2024-08-24T11:41:56.992+0000] {logging_mixin.py:190} INFO - [2024-08-24T11:41:56.992+0000] {dag.py:3211} INFO - Sync 1 DAGs
[2024-08-24T11:41:56.999+0000] {logging_mixin.py:190} INFO - [2024-08-24T11:41:56.999+0000] {dag.py:4138} INFO - Setting next_dagrun for example_python_decorator to None, run_after=None
[2024-08-24T11:41:57.008+0000] {processor.py:208} INFO - Processing /home/airflow/.local/lib/python3.12/site-packages/airflow/example_dags/example_python_decorator.py took 0.040 seconds
[2024-08-24T11:42:27.330+0000] {processor.py:186} INFO - Started process (PID=2688) to work on /home/airflow/.local/lib/python3.12/site-packages/airflow/example_dags/example_python_decorator.py
[2024-08-24T11:42:27.330+0000] {processor.py:914} INFO - Processing file /home/airflow/.local/lib/python3.12/site-packages/airflow/example_dags/example_python_decorator.py for tasks to queue
[2024-08-24T11:42:27.331+0000] {logging_mixin.py:190} INFO - [2024-08-24T11:42:27.331+0000] {dagbag.py:587} INFO - Filling up the DagBag from /home/airflow/.local/lib/python3.12/site-packages/airflow/example_dags/example_python_decorator.py
[2024-08-24T11:42:27.339+0000] {processor.py:925} INFO - DAG(s) 'example_python_decorator' retrieved from /home/airflow/.local/lib/python3.12/site-packages/airflow/example_dags/example_python_decorator.py
[2024-08-24T11:42:27.351+0000] {logging_mixin.py:190} INFO - [2024-08-24T11:42:27.350+0000] {dag.py:3211} INFO - Sync 1 DAGs
[2024-08-24T11:42:27.358+0000] {logging_mixin.py:190} INFO - [2024-08-24T11:42:27.358+0000] {dag.py:4138} INFO - Setting next_dagrun for example_python_decorator to None, run_after=None
[2024-08-24T11:42:27.368+0000] {processor.py:208} INFO - Processing /home/airflow/.local/lib/python3.12/site-packages/airflow/example_dags/example_python_decorator.py took 0.041 seconds
[2024-08-24T11:42:57.826+0000] {processor.py:186} INFO - Started process (PID=2750) to work on /home/airflow/.local/lib/python3.12/site-packages/airflow/example_dags/example_python_decorator.py
[2024-08-24T11:42:57.827+0000] {processor.py:914} INFO - Processing file /home/airflow/.local/lib/python3.12/site-packages/airflow/example_dags/example_python_decorator.py for tasks to queue
[2024-08-24T11:42:57.828+0000] {logging_mixin.py:190} INFO - [2024-08-24T11:42:57.828+0000] {dagbag.py:587} INFO - Filling up the DagBag from /home/airflow/.local/lib/python3.12/site-packages/airflow/example_dags/example_python_decorator.py
[2024-08-24T11:42:57.837+0000] {processor.py:925} INFO - DAG(s) 'example_python_decorator' retrieved from /home/airflow/.local/lib/python3.12/site-packages/airflow/example_dags/example_python_decorator.py
[2024-08-24T11:42:57.848+0000] {logging_mixin.py:190} INFO - [2024-08-24T11:42:57.848+0000] {dag.py:3211} INFO - Sync 1 DAGs
[2024-08-24T11:42:57.855+0000] {logging_mixin.py:190} INFO - [2024-08-24T11:42:57.855+0000] {dag.py:4138} INFO - Setting next_dagrun for example_python_decorator to None, run_after=None
[2024-08-24T11:42:57.864+0000] {processor.py:208} INFO - Processing /home/airflow/.local/lib/python3.12/site-packages/airflow/example_dags/example_python_decorator.py took 0.042 seconds
[2024-08-24T11:43:28.244+0000] {processor.py:186} INFO - Started process (PID=2813) to work on /home/airflow/.local/lib/python3.12/site-packages/airflow/example_dags/example_python_decorator.py
[2024-08-24T11:43:28.244+0000] {processor.py:914} INFO - Processing file /home/airflow/.local/lib/python3.12/site-packages/airflow/example_dags/example_python_decorator.py for tasks to queue
[2024-08-24T11:43:28.246+0000] {logging_mixin.py:190} INFO - [2024-08-24T11:43:28.246+0000] {dagbag.py:587} INFO - Filling up the DagBag from /home/airflow/.local/lib/python3.12/site-packages/airflow/example_dags/example_python_decorator.py
[2024-08-24T11:43:28.253+0000] {processor.py:925} INFO - DAG(s) 'example_python_decorator' retrieved from /home/airflow/.local/lib/python3.12/site-packages/airflow/example_dags/example_python_decorator.py
[2024-08-24T11:43:28.268+0000] {logging_mixin.py:190} INFO - [2024-08-24T11:43:28.268+0000] {dag.py:3211} INFO - Sync 1 DAGs
[2024-08-24T11:43:28.280+0000] {logging_mixin.py:190} INFO - [2024-08-24T11:43:28.279+0000] {dag.py:4138} INFO - Setting next_dagrun for example_python_decorator to None, run_after=None
[2024-08-24T11:43:28.290+0000] {processor.py:208} INFO - Processing /home/airflow/.local/lib/python3.12/site-packages/airflow/example_dags/example_python_decorator.py took 0.051 seconds
[2024-08-24T11:43:58.795+0000] {processor.py:186} INFO - Started process (PID=2874) to work on /home/airflow/.local/lib/python3.12/site-packages/airflow/example_dags/example_python_decorator.py
[2024-08-24T11:43:58.796+0000] {processor.py:914} INFO - Processing file /home/airflow/.local/lib/python3.12/site-packages/airflow/example_dags/example_python_decorator.py for tasks to queue
[2024-08-24T11:43:58.797+0000] {logging_mixin.py:190} INFO - [2024-08-24T11:43:58.797+0000] {dagbag.py:587} INFO - Filling up the DagBag from /home/airflow/.local/lib/python3.12/site-packages/airflow/example_dags/example_python_decorator.py
[2024-08-24T11:43:58.806+0000] {processor.py:925} INFO - DAG(s) 'example_python_decorator' retrieved from /home/airflow/.local/lib/python3.12/site-packages/airflow/example_dags/example_python_decorator.py
[2024-08-24T11:43:58.820+0000] {logging_mixin.py:190} INFO - [2024-08-24T11:43:58.820+0000] {dag.py:3211} INFO - Sync 1 DAGs
[2024-08-24T11:43:58.832+0000] {logging_mixin.py:190} INFO - [2024-08-24T11:43:58.832+0000] {dag.py:4138} INFO - Setting next_dagrun for example_python_decorator to None, run_after=None
[2024-08-24T11:43:58.845+0000] {processor.py:208} INFO - Processing /home/airflow/.local/lib/python3.12/site-packages/airflow/example_dags/example_python_decorator.py took 0.054 seconds
[2024-08-24T11:44:29.128+0000] {processor.py:186} INFO - Started process (PID=2936) to work on /home/airflow/.local/lib/python3.12/site-packages/airflow/example_dags/example_python_decorator.py
[2024-08-24T11:44:29.129+0000] {processor.py:914} INFO - Processing file /home/airflow/.local/lib/python3.12/site-packages/airflow/example_dags/example_python_decorator.py for tasks to queue
[2024-08-24T11:44:29.130+0000] {logging_mixin.py:190} INFO - [2024-08-24T11:44:29.130+0000] {dagbag.py:587} INFO - Filling up the DagBag from /home/airflow/.local/lib/python3.12/site-packages/airflow/example_dags/example_python_decorator.py
[2024-08-24T11:44:29.138+0000] {processor.py:925} INFO - DAG(s) 'example_python_decorator' retrieved from /home/airflow/.local/lib/python3.12/site-packages/airflow/example_dags/example_python_decorator.py
[2024-08-24T11:44:29.152+0000] {logging_mixin.py:190} INFO - [2024-08-24T11:44:29.152+0000] {dag.py:3211} INFO - Sync 1 DAGs
[2024-08-24T11:44:29.163+0000] {logging_mixin.py:190} INFO - [2024-08-24T11:44:29.163+0000] {dag.py:4138} INFO - Setting next_dagrun for example_python_decorator to None, run_after=None
[2024-08-24T11:44:29.176+0000] {processor.py:208} INFO - Processing /home/airflow/.local/lib/python3.12/site-packages/airflow/example_dags/example_python_decorator.py took 0.052 seconds
[2024-08-24T11:44:59.811+0000] {processor.py:186} INFO - Started process (PID=2999) to work on /home/airflow/.local/lib/python3.12/site-packages/airflow/example_dags/example_python_decorator.py
[2024-08-24T11:44:59.812+0000] {processor.py:914} INFO - Processing file /home/airflow/.local/lib/python3.12/site-packages/airflow/example_dags/example_python_decorator.py for tasks to queue
[2024-08-24T11:44:59.813+0000] {logging_mixin.py:190} INFO - [2024-08-24T11:44:59.812+0000] {dagbag.py:587} INFO - Filling up the DagBag from /home/airflow/.local/lib/python3.12/site-packages/airflow/example_dags/example_python_decorator.py
[2024-08-24T11:44:59.820+0000] {processor.py:925} INFO - DAG(s) 'example_python_decorator' retrieved from /home/airflow/.local/lib/python3.12/site-packages/airflow/example_dags/example_python_decorator.py
[2024-08-24T11:44:59.831+0000] {logging_mixin.py:190} INFO - [2024-08-24T11:44:59.831+0000] {dag.py:3211} INFO - Sync 1 DAGs
[2024-08-24T11:44:59.839+0000] {logging_mixin.py:190} INFO - [2024-08-24T11:44:59.839+0000] {dag.py:4138} INFO - Setting next_dagrun for example_python_decorator to None, run_after=None
[2024-08-24T11:44:59.848+0000] {processor.py:208} INFO - Processing /home/airflow/.local/lib/python3.12/site-packages/airflow/example_dags/example_python_decorator.py took 0.041 seconds
[2024-08-24T11:45:30.141+0000] {processor.py:186} INFO - Started process (PID=3062) to work on /home/airflow/.local/lib/python3.12/site-packages/airflow/example_dags/example_python_decorator.py
[2024-08-24T11:45:30.141+0000] {processor.py:914} INFO - Processing file /home/airflow/.local/lib/python3.12/site-packages/airflow/example_dags/example_python_decorator.py for tasks to queue
[2024-08-24T11:45:30.142+0000] {logging_mixin.py:190} INFO - [2024-08-24T11:45:30.142+0000] {dagbag.py:587} INFO - Filling up the DagBag from /home/airflow/.local/lib/python3.12/site-packages/airflow/example_dags/example_python_decorator.py
[2024-08-24T11:45:30.149+0000] {processor.py:925} INFO - DAG(s) 'example_python_decorator' retrieved from /home/airflow/.local/lib/python3.12/site-packages/airflow/example_dags/example_python_decorator.py
[2024-08-24T11:45:30.161+0000] {logging_mixin.py:190} INFO - [2024-08-24T11:45:30.161+0000] {dag.py:3211} INFO - Sync 1 DAGs
[2024-08-24T11:45:30.168+0000] {logging_mixin.py:190} INFO - [2024-08-24T11:45:30.168+0000] {dag.py:4138} INFO - Setting next_dagrun for example_python_decorator to None, run_after=None
[2024-08-24T11:45:30.178+0000] {processor.py:208} INFO - Processing /home/airflow/.local/lib/python3.12/site-packages/airflow/example_dags/example_python_decorator.py took 0.042 seconds
[2024-08-24T11:46:01.335+0000] {processor.py:186} INFO - Started process (PID=3125) to work on /home/airflow/.local/lib/python3.12/site-packages/airflow/example_dags/example_python_decorator.py
[2024-08-24T11:46:01.336+0000] {processor.py:914} INFO - Processing file /home/airflow/.local/lib/python3.12/site-packages/airflow/example_dags/example_python_decorator.py for tasks to queue
[2024-08-24T11:46:01.337+0000] {logging_mixin.py:190} INFO - [2024-08-24T11:46:01.337+0000] {dagbag.py:587} INFO - Filling up the DagBag from /home/airflow/.local/lib/python3.12/site-packages/airflow/example_dags/example_python_decorator.py
[2024-08-24T11:46:01.344+0000] {processor.py:925} INFO - DAG(s) 'example_python_decorator' retrieved from /home/airflow/.local/lib/python3.12/site-packages/airflow/example_dags/example_python_decorator.py
[2024-08-24T11:46:01.356+0000] {logging_mixin.py:190} INFO - [2024-08-24T11:46:01.356+0000] {dag.py:3211} INFO - Sync 1 DAGs
[2024-08-24T11:46:01.363+0000] {logging_mixin.py:190} INFO - [2024-08-24T11:46:01.363+0000] {dag.py:4138} INFO - Setting next_dagrun for example_python_decorator to None, run_after=None
[2024-08-24T11:46:01.372+0000] {processor.py:208} INFO - Processing /home/airflow/.local/lib/python3.12/site-packages/airflow/example_dags/example_python_decorator.py took 0.039 seconds
[2024-08-24T11:46:32.353+0000] {processor.py:186} INFO - Started process (PID=3187) to work on /home/airflow/.local/lib/python3.12/site-packages/airflow/example_dags/example_python_decorator.py
[2024-08-24T11:46:32.353+0000] {processor.py:914} INFO - Processing file /home/airflow/.local/lib/python3.12/site-packages/airflow/example_dags/example_python_decorator.py for tasks to queue
[2024-08-24T11:46:32.354+0000] {logging_mixin.py:190} INFO - [2024-08-24T11:46:32.354+0000] {dagbag.py:587} INFO - Filling up the DagBag from /home/airflow/.local/lib/python3.12/site-packages/airflow/example_dags/example_python_decorator.py
[2024-08-24T11:46:32.362+0000] {processor.py:925} INFO - DAG(s) 'example_python_decorator' retrieved from /home/airflow/.local/lib/python3.12/site-packages/airflow/example_dags/example_python_decorator.py
[2024-08-24T11:46:32.377+0000] {logging_mixin.py:190} INFO - [2024-08-24T11:46:32.377+0000] {dag.py:3211} INFO - Sync 1 DAGs
[2024-08-24T11:46:32.386+0000] {logging_mixin.py:190} INFO - [2024-08-24T11:46:32.386+0000] {dag.py:4138} INFO - Setting next_dagrun for example_python_decorator to None, run_after=None
[2024-08-24T11:46:32.396+0000] {processor.py:208} INFO - Processing /home/airflow/.local/lib/python3.12/site-packages/airflow/example_dags/example_python_decorator.py took 0.046 seconds
[2024-08-24T11:47:02.768+0000] {processor.py:186} INFO - Started process (PID=3249) to work on /home/airflow/.local/lib/python3.12/site-packages/airflow/example_dags/example_python_decorator.py
[2024-08-24T11:47:02.768+0000] {processor.py:914} INFO - Processing file /home/airflow/.local/lib/python3.12/site-packages/airflow/example_dags/example_python_decorator.py for tasks to queue
[2024-08-24T11:47:02.770+0000] {logging_mixin.py:190} INFO - [2024-08-24T11:47:02.770+0000] {dagbag.py:587} INFO - Filling up the DagBag from /home/airflow/.local/lib/python3.12/site-packages/airflow/example_dags/example_python_decorator.py
[2024-08-24T11:47:02.780+0000] {processor.py:925} INFO - DAG(s) 'example_python_decorator' retrieved from /home/airflow/.local/lib/python3.12/site-packages/airflow/example_dags/example_python_decorator.py
[2024-08-24T11:47:02.884+0000] {logging_mixin.py:190} INFO - [2024-08-24T11:47:02.884+0000] {dag.py:3211} INFO - Sync 1 DAGs
[2024-08-24T11:47:02.891+0000] {logging_mixin.py:190} INFO - [2024-08-24T11:47:02.891+0000] {dag.py:4138} INFO - Setting next_dagrun for example_python_decorator to None, run_after=None
[2024-08-24T11:47:02.899+0000] {processor.py:208} INFO - Processing /home/airflow/.local/lib/python3.12/site-packages/airflow/example_dags/example_python_decorator.py took 0.135 seconds
[2024-08-24T11:47:33.144+0000] {processor.py:186} INFO - Started process (PID=3311) to work on /home/airflow/.local/lib/python3.12/site-packages/airflow/example_dags/example_python_decorator.py
[2024-08-24T11:47:33.144+0000] {processor.py:914} INFO - Processing file /home/airflow/.local/lib/python3.12/site-packages/airflow/example_dags/example_python_decorator.py for tasks to queue
[2024-08-24T11:47:33.146+0000] {logging_mixin.py:190} INFO - [2024-08-24T11:47:33.146+0000] {dagbag.py:587} INFO - Filling up the DagBag from /home/airflow/.local/lib/python3.12/site-packages/airflow/example_dags/example_python_decorator.py
[2024-08-24T11:47:33.154+0000] {processor.py:925} INFO - DAG(s) 'example_python_decorator' retrieved from /home/airflow/.local/lib/python3.12/site-packages/airflow/example_dags/example_python_decorator.py
[2024-08-24T11:47:33.169+0000] {logging_mixin.py:190} INFO - [2024-08-24T11:47:33.169+0000] {dag.py:3211} INFO - Sync 1 DAGs
[2024-08-24T11:47:33.177+0000] {logging_mixin.py:190} INFO - [2024-08-24T11:47:33.177+0000] {dag.py:4138} INFO - Setting next_dagrun for example_python_decorator to None, run_after=None
[2024-08-24T11:47:33.186+0000] {processor.py:208} INFO - Processing /home/airflow/.local/lib/python3.12/site-packages/airflow/example_dags/example_python_decorator.py took 0.046 seconds
[2024-08-24T11:48:03.430+0000] {processor.py:186} INFO - Started process (PID=3373) to work on /home/airflow/.local/lib/python3.12/site-packages/airflow/example_dags/example_python_decorator.py
[2024-08-24T11:48:03.431+0000] {processor.py:914} INFO - Processing file /home/airflow/.local/lib/python3.12/site-packages/airflow/example_dags/example_python_decorator.py for tasks to queue
[2024-08-24T11:48:03.432+0000] {logging_mixin.py:190} INFO - [2024-08-24T11:48:03.432+0000] {dagbag.py:587} INFO - Filling up the DagBag from /home/airflow/.local/lib/python3.12/site-packages/airflow/example_dags/example_python_decorator.py
[2024-08-24T11:48:03.440+0000] {processor.py:925} INFO - DAG(s) 'example_python_decorator' retrieved from /home/airflow/.local/lib/python3.12/site-packages/airflow/example_dags/example_python_decorator.py
[2024-08-24T11:48:03.455+0000] {logging_mixin.py:190} INFO - [2024-08-24T11:48:03.454+0000] {dag.py:3211} INFO - Sync 1 DAGs
[2024-08-24T11:48:03.464+0000] {logging_mixin.py:190} INFO - [2024-08-24T11:48:03.464+0000] {dag.py:4138} INFO - Setting next_dagrun for example_python_decorator to None, run_after=None
[2024-08-24T11:48:03.476+0000] {processor.py:208} INFO - Processing /home/airflow/.local/lib/python3.12/site-packages/airflow/example_dags/example_python_decorator.py took 0.050 seconds
[2024-08-24T11:48:33.752+0000] {processor.py:186} INFO - Started process (PID=3435) to work on /home/airflow/.local/lib/python3.12/site-packages/airflow/example_dags/example_python_decorator.py
[2024-08-24T11:48:33.752+0000] {processor.py:914} INFO - Processing file /home/airflow/.local/lib/python3.12/site-packages/airflow/example_dags/example_python_decorator.py for tasks to queue
[2024-08-24T11:48:33.754+0000] {logging_mixin.py:190} INFO - [2024-08-24T11:48:33.753+0000] {dagbag.py:587} INFO - Filling up the DagBag from /home/airflow/.local/lib/python3.12/site-packages/airflow/example_dags/example_python_decorator.py
[2024-08-24T11:48:33.761+0000] {processor.py:925} INFO - DAG(s) 'example_python_decorator' retrieved from /home/airflow/.local/lib/python3.12/site-packages/airflow/example_dags/example_python_decorator.py
[2024-08-24T11:48:33.775+0000] {logging_mixin.py:190} INFO - [2024-08-24T11:48:33.774+0000] {dag.py:3211} INFO - Sync 1 DAGs
[2024-08-24T11:48:33.784+0000] {logging_mixin.py:190} INFO - [2024-08-24T11:48:33.784+0000] {dag.py:4138} INFO - Setting next_dagrun for example_python_decorator to None, run_after=None
[2024-08-24T11:48:33.799+0000] {processor.py:208} INFO - Processing /home/airflow/.local/lib/python3.12/site-packages/airflow/example_dags/example_python_decorator.py took 0.050 seconds
[2024-08-24T11:49:04.081+0000] {processor.py:186} INFO - Started process (PID=3497) to work on /home/airflow/.local/lib/python3.12/site-packages/airflow/example_dags/example_python_decorator.py
[2024-08-24T11:49:04.082+0000] {processor.py:914} INFO - Processing file /home/airflow/.local/lib/python3.12/site-packages/airflow/example_dags/example_python_decorator.py for tasks to queue
[2024-08-24T11:49:04.083+0000] {logging_mixin.py:190} INFO - [2024-08-24T11:49:04.083+0000] {dagbag.py:587} INFO - Filling up the DagBag from /home/airflow/.local/lib/python3.12/site-packages/airflow/example_dags/example_python_decorator.py
[2024-08-24T11:49:04.090+0000] {processor.py:925} INFO - DAG(s) 'example_python_decorator' retrieved from /home/airflow/.local/lib/python3.12/site-packages/airflow/example_dags/example_python_decorator.py
[2024-08-24T11:49:04.102+0000] {logging_mixin.py:190} INFO - [2024-08-24T11:49:04.101+0000] {dag.py:3211} INFO - Sync 1 DAGs
[2024-08-24T11:49:04.109+0000] {logging_mixin.py:190} INFO - [2024-08-24T11:49:04.109+0000] {dag.py:4138} INFO - Setting next_dagrun for example_python_decorator to None, run_after=None
[2024-08-24T11:49:04.119+0000] {processor.py:208} INFO - Processing /home/airflow/.local/lib/python3.12/site-packages/airflow/example_dags/example_python_decorator.py took 0.040 seconds
[2024-08-24T11:49:34.400+0000] {processor.py:186} INFO - Started process (PID=3559) to work on /home/airflow/.local/lib/python3.12/site-packages/airflow/example_dags/example_python_decorator.py
[2024-08-24T11:49:34.401+0000] {processor.py:914} INFO - Processing file /home/airflow/.local/lib/python3.12/site-packages/airflow/example_dags/example_python_decorator.py for tasks to queue
[2024-08-24T11:49:34.402+0000] {logging_mixin.py:190} INFO - [2024-08-24T11:49:34.402+0000] {dagbag.py:587} INFO - Filling up the DagBag from /home/airflow/.local/lib/python3.12/site-packages/airflow/example_dags/example_python_decorator.py
[2024-08-24T11:49:34.409+0000] {processor.py:925} INFO - DAG(s) 'example_python_decorator' retrieved from /home/airflow/.local/lib/python3.12/site-packages/airflow/example_dags/example_python_decorator.py
[2024-08-24T11:49:34.421+0000] {logging_mixin.py:190} INFO - [2024-08-24T11:49:34.421+0000] {dag.py:3211} INFO - Sync 1 DAGs
[2024-08-24T11:49:34.439+0000] {logging_mixin.py:190} INFO - [2024-08-24T11:49:34.439+0000] {dag.py:4138} INFO - Setting next_dagrun for example_python_decorator to None, run_after=None
[2024-08-24T11:49:34.448+0000] {processor.py:208} INFO - Processing /home/airflow/.local/lib/python3.12/site-packages/airflow/example_dags/example_python_decorator.py took 0.051 seconds
[2024-08-24T11:50:04.703+0000] {processor.py:186} INFO - Started process (PID=3621) to work on /home/airflow/.local/lib/python3.12/site-packages/airflow/example_dags/example_python_decorator.py
[2024-08-24T11:50:04.704+0000] {processor.py:914} INFO - Processing file /home/airflow/.local/lib/python3.12/site-packages/airflow/example_dags/example_python_decorator.py for tasks to queue
[2024-08-24T11:50:04.705+0000] {logging_mixin.py:190} INFO - [2024-08-24T11:50:04.705+0000] {dagbag.py:587} INFO - Filling up the DagBag from /home/airflow/.local/lib/python3.12/site-packages/airflow/example_dags/example_python_decorator.py
[2024-08-24T11:50:04.717+0000] {processor.py:925} INFO - DAG(s) 'example_python_decorator' retrieved from /home/airflow/.local/lib/python3.12/site-packages/airflow/example_dags/example_python_decorator.py
[2024-08-24T11:50:04.734+0000] {logging_mixin.py:190} INFO - [2024-08-24T11:50:04.734+0000] {dag.py:3211} INFO - Sync 1 DAGs
[2024-08-24T11:50:04.750+0000] {logging_mixin.py:190} INFO - [2024-08-24T11:50:04.749+0000] {dag.py:4138} INFO - Setting next_dagrun for example_python_decorator to None, run_after=None
[2024-08-24T11:50:04.762+0000] {processor.py:208} INFO - Processing /home/airflow/.local/lib/python3.12/site-packages/airflow/example_dags/example_python_decorator.py took 0.063 seconds
[2024-08-24T11:50:35.046+0000] {processor.py:186} INFO - Started process (PID=3683) to work on /home/airflow/.local/lib/python3.12/site-packages/airflow/example_dags/example_python_decorator.py
[2024-08-24T11:50:35.047+0000] {processor.py:914} INFO - Processing file /home/airflow/.local/lib/python3.12/site-packages/airflow/example_dags/example_python_decorator.py for tasks to queue
[2024-08-24T11:50:35.048+0000] {logging_mixin.py:190} INFO - [2024-08-24T11:50:35.048+0000] {dagbag.py:587} INFO - Filling up the DagBag from /home/airflow/.local/lib/python3.12/site-packages/airflow/example_dags/example_python_decorator.py
[2024-08-24T11:50:35.055+0000] {processor.py:925} INFO - DAG(s) 'example_python_decorator' retrieved from /home/airflow/.local/lib/python3.12/site-packages/airflow/example_dags/example_python_decorator.py
[2024-08-24T11:50:35.067+0000] {logging_mixin.py:190} INFO - [2024-08-24T11:50:35.067+0000] {dag.py:3211} INFO - Sync 1 DAGs
[2024-08-24T11:50:35.074+0000] {logging_mixin.py:190} INFO - [2024-08-24T11:50:35.074+0000] {dag.py:4138} INFO - Setting next_dagrun for example_python_decorator to None, run_after=None
[2024-08-24T11:50:35.083+0000] {processor.py:208} INFO - Processing /home/airflow/.local/lib/python3.12/site-packages/airflow/example_dags/example_python_decorator.py took 0.040 seconds
[2024-08-24T11:51:05.577+0000] {processor.py:186} INFO - Started process (PID=3745) to work on /home/airflow/.local/lib/python3.12/site-packages/airflow/example_dags/example_python_decorator.py
[2024-08-24T11:51:05.578+0000] {processor.py:914} INFO - Processing file /home/airflow/.local/lib/python3.12/site-packages/airflow/example_dags/example_python_decorator.py for tasks to queue
[2024-08-24T11:51:05.579+0000] {logging_mixin.py:190} INFO - [2024-08-24T11:51:05.579+0000] {dagbag.py:587} INFO - Filling up the DagBag from /home/airflow/.local/lib/python3.12/site-packages/airflow/example_dags/example_python_decorator.py
[2024-08-24T11:51:05.587+0000] {processor.py:925} INFO - DAG(s) 'example_python_decorator' retrieved from /home/airflow/.local/lib/python3.12/site-packages/airflow/example_dags/example_python_decorator.py
[2024-08-24T11:51:05.598+0000] {logging_mixin.py:190} INFO - [2024-08-24T11:51:05.598+0000] {dag.py:3211} INFO - Sync 1 DAGs
[2024-08-24T11:51:05.605+0000] {logging_mixin.py:190} INFO - [2024-08-24T11:51:05.605+0000] {dag.py:4138} INFO - Setting next_dagrun for example_python_decorator to None, run_after=None
[2024-08-24T11:51:05.615+0000] {processor.py:208} INFO - Processing /home/airflow/.local/lib/python3.12/site-packages/airflow/example_dags/example_python_decorator.py took 0.042 seconds
[2024-08-24T11:51:35.930+0000] {processor.py:186} INFO - Started process (PID=3807) to work on /home/airflow/.local/lib/python3.12/site-packages/airflow/example_dags/example_python_decorator.py
[2024-08-24T11:51:35.931+0000] {processor.py:914} INFO - Processing file /home/airflow/.local/lib/python3.12/site-packages/airflow/example_dags/example_python_decorator.py for tasks to queue
[2024-08-24T11:51:35.932+0000] {logging_mixin.py:190} INFO - [2024-08-24T11:51:35.932+0000] {dagbag.py:587} INFO - Filling up the DagBag from /home/airflow/.local/lib/python3.12/site-packages/airflow/example_dags/example_python_decorator.py
[2024-08-24T11:51:35.944+0000] {processor.py:925} INFO - DAG(s) 'example_python_decorator' retrieved from /home/airflow/.local/lib/python3.12/site-packages/airflow/example_dags/example_python_decorator.py
[2024-08-24T11:51:35.960+0000] {logging_mixin.py:190} INFO - [2024-08-24T11:51:35.960+0000] {dag.py:3211} INFO - Sync 1 DAGs
[2024-08-24T11:51:35.968+0000] {logging_mixin.py:190} INFO - [2024-08-24T11:51:35.968+0000] {dag.py:4138} INFO - Setting next_dagrun for example_python_decorator to None, run_after=None
[2024-08-24T11:51:35.978+0000] {processor.py:208} INFO - Processing /home/airflow/.local/lib/python3.12/site-packages/airflow/example_dags/example_python_decorator.py took 0.053 seconds
[2024-08-24T11:52:06.158+0000] {processor.py:186} INFO - Started process (PID=3869) to work on /home/airflow/.local/lib/python3.12/site-packages/airflow/example_dags/example_python_decorator.py
[2024-08-24T11:52:06.158+0000] {processor.py:914} INFO - Processing file /home/airflow/.local/lib/python3.12/site-packages/airflow/example_dags/example_python_decorator.py for tasks to queue
[2024-08-24T11:52:06.159+0000] {logging_mixin.py:190} INFO - [2024-08-24T11:52:06.159+0000] {dagbag.py:587} INFO - Filling up the DagBag from /home/airflow/.local/lib/python3.12/site-packages/airflow/example_dags/example_python_decorator.py
[2024-08-24T11:52:06.168+0000] {processor.py:925} INFO - DAG(s) 'example_python_decorator' retrieved from /home/airflow/.local/lib/python3.12/site-packages/airflow/example_dags/example_python_decorator.py
[2024-08-24T11:52:06.183+0000] {logging_mixin.py:190} INFO - [2024-08-24T11:52:06.183+0000] {dag.py:3211} INFO - Sync 1 DAGs
[2024-08-24T11:52:06.192+0000] {logging_mixin.py:190} INFO - [2024-08-24T11:52:06.192+0000] {dag.py:4138} INFO - Setting next_dagrun for example_python_decorator to None, run_after=None
[2024-08-24T11:52:06.204+0000] {processor.py:208} INFO - Processing /home/airflow/.local/lib/python3.12/site-packages/airflow/example_dags/example_python_decorator.py took 0.050 seconds
[2024-08-24T11:52:36.401+0000] {processor.py:186} INFO - Started process (PID=3931) to work on /home/airflow/.local/lib/python3.12/site-packages/airflow/example_dags/example_python_decorator.py
[2024-08-24T11:52:36.402+0000] {processor.py:914} INFO - Processing file /home/airflow/.local/lib/python3.12/site-packages/airflow/example_dags/example_python_decorator.py for tasks to queue
[2024-08-24T11:52:36.403+0000] {logging_mixin.py:190} INFO - [2024-08-24T11:52:36.403+0000] {dagbag.py:587} INFO - Filling up the DagBag from /home/airflow/.local/lib/python3.12/site-packages/airflow/example_dags/example_python_decorator.py
[2024-08-24T11:52:36.410+0000] {processor.py:925} INFO - DAG(s) 'example_python_decorator' retrieved from /home/airflow/.local/lib/python3.12/site-packages/airflow/example_dags/example_python_decorator.py
[2024-08-24T11:52:36.421+0000] {logging_mixin.py:190} INFO - [2024-08-24T11:52:36.421+0000] {dag.py:3211} INFO - Sync 1 DAGs
[2024-08-24T11:52:36.430+0000] {logging_mixin.py:190} INFO - [2024-08-24T11:52:36.429+0000] {dag.py:4138} INFO - Setting next_dagrun for example_python_decorator to None, run_after=None
[2024-08-24T11:52:36.440+0000] {processor.py:208} INFO - Processing /home/airflow/.local/lib/python3.12/site-packages/airflow/example_dags/example_python_decorator.py took 0.042 seconds
[2024-08-24T11:53:06.792+0000] {processor.py:186} INFO - Started process (PID=3993) to work on /home/airflow/.local/lib/python3.12/site-packages/airflow/example_dags/example_python_decorator.py
[2024-08-24T11:53:06.792+0000] {processor.py:914} INFO - Processing file /home/airflow/.local/lib/python3.12/site-packages/airflow/example_dags/example_python_decorator.py for tasks to queue
[2024-08-24T11:53:06.793+0000] {logging_mixin.py:190} INFO - [2024-08-24T11:53:06.793+0000] {dagbag.py:587} INFO - Filling up the DagBag from /home/airflow/.local/lib/python3.12/site-packages/airflow/example_dags/example_python_decorator.py
[2024-08-24T11:53:06.800+0000] {processor.py:925} INFO - DAG(s) 'example_python_decorator' retrieved from /home/airflow/.local/lib/python3.12/site-packages/airflow/example_dags/example_python_decorator.py
[2024-08-24T11:53:06.816+0000] {logging_mixin.py:190} INFO - [2024-08-24T11:53:06.815+0000] {dag.py:3211} INFO - Sync 1 DAGs
[2024-08-24T11:53:06.829+0000] {logging_mixin.py:190} INFO - [2024-08-24T11:53:06.829+0000] {dag.py:4138} INFO - Setting next_dagrun for example_python_decorator to None, run_after=None
[2024-08-24T11:53:06.842+0000] {processor.py:208} INFO - Processing /home/airflow/.local/lib/python3.12/site-packages/airflow/example_dags/example_python_decorator.py took 0.053 seconds
[2024-08-24T11:53:37.136+0000] {processor.py:186} INFO - Started process (PID=4056) to work on /home/airflow/.local/lib/python3.12/site-packages/airflow/example_dags/example_python_decorator.py
[2024-08-24T11:53:37.136+0000] {processor.py:914} INFO - Processing file /home/airflow/.local/lib/python3.12/site-packages/airflow/example_dags/example_python_decorator.py for tasks to queue
[2024-08-24T11:53:37.137+0000] {logging_mixin.py:190} INFO - [2024-08-24T11:53:37.137+0000] {dagbag.py:587} INFO - Filling up the DagBag from /home/airflow/.local/lib/python3.12/site-packages/airflow/example_dags/example_python_decorator.py
[2024-08-24T11:53:37.144+0000] {processor.py:925} INFO - DAG(s) 'example_python_decorator' retrieved from /home/airflow/.local/lib/python3.12/site-packages/airflow/example_dags/example_python_decorator.py
[2024-08-24T11:53:37.155+0000] {logging_mixin.py:190} INFO - [2024-08-24T11:53:37.155+0000] {dag.py:3211} INFO - Sync 1 DAGs
[2024-08-24T11:53:37.162+0000] {logging_mixin.py:190} INFO - [2024-08-24T11:53:37.162+0000] {dag.py:4138} INFO - Setting next_dagrun for example_python_decorator to None, run_after=None
[2024-08-24T11:53:37.172+0000] {processor.py:208} INFO - Processing /home/airflow/.local/lib/python3.12/site-packages/airflow/example_dags/example_python_decorator.py took 0.039 seconds
[2024-08-24T11:54:07.461+0000] {processor.py:186} INFO - Started process (PID=4118) to work on /home/airflow/.local/lib/python3.12/site-packages/airflow/example_dags/example_python_decorator.py
[2024-08-24T11:54:07.462+0000] {processor.py:914} INFO - Processing file /home/airflow/.local/lib/python3.12/site-packages/airflow/example_dags/example_python_decorator.py for tasks to queue
[2024-08-24T11:54:07.465+0000] {logging_mixin.py:190} INFO - [2024-08-24T11:54:07.464+0000] {dagbag.py:587} INFO - Filling up the DagBag from /home/airflow/.local/lib/python3.12/site-packages/airflow/example_dags/example_python_decorator.py
[2024-08-24T11:54:07.483+0000] {processor.py:925} INFO - DAG(s) 'example_python_decorator' retrieved from /home/airflow/.local/lib/python3.12/site-packages/airflow/example_dags/example_python_decorator.py
[2024-08-24T11:54:07.498+0000] {logging_mixin.py:190} INFO - [2024-08-24T11:54:07.498+0000] {dag.py:3211} INFO - Sync 1 DAGs
[2024-08-24T11:54:07.509+0000] {logging_mixin.py:190} INFO - [2024-08-24T11:54:07.509+0000] {dag.py:4138} INFO - Setting next_dagrun for example_python_decorator to None, run_after=None
[2024-08-24T11:54:07.520+0000] {processor.py:208} INFO - Processing /home/airflow/.local/lib/python3.12/site-packages/airflow/example_dags/example_python_decorator.py took 0.064 seconds
[2024-08-24T11:54:37.786+0000] {processor.py:186} INFO - Started process (PID=4180) to work on /home/airflow/.local/lib/python3.12/site-packages/airflow/example_dags/example_python_decorator.py
[2024-08-24T11:54:37.787+0000] {processor.py:914} INFO - Processing file /home/airflow/.local/lib/python3.12/site-packages/airflow/example_dags/example_python_decorator.py for tasks to queue
[2024-08-24T11:54:37.788+0000] {logging_mixin.py:190} INFO - [2024-08-24T11:54:37.787+0000] {dagbag.py:587} INFO - Filling up the DagBag from /home/airflow/.local/lib/python3.12/site-packages/airflow/example_dags/example_python_decorator.py
[2024-08-24T11:54:37.795+0000] {processor.py:925} INFO - DAG(s) 'example_python_decorator' retrieved from /home/airflow/.local/lib/python3.12/site-packages/airflow/example_dags/example_python_decorator.py
[2024-08-24T11:54:37.807+0000] {logging_mixin.py:190} INFO - [2024-08-24T11:54:37.807+0000] {dag.py:3211} INFO - Sync 1 DAGs
[2024-08-24T11:54:37.814+0000] {logging_mixin.py:190} INFO - [2024-08-24T11:54:37.813+0000] {dag.py:4138} INFO - Setting next_dagrun for example_python_decorator to None, run_after=None
[2024-08-24T11:54:37.823+0000] {processor.py:208} INFO - Processing /home/airflow/.local/lib/python3.12/site-packages/airflow/example_dags/example_python_decorator.py took 0.039 seconds
[2024-08-24T11:55:08.090+0000] {processor.py:186} INFO - Started process (PID=4242) to work on /home/airflow/.local/lib/python3.12/site-packages/airflow/example_dags/example_python_decorator.py
[2024-08-24T11:55:08.090+0000] {processor.py:914} INFO - Processing file /home/airflow/.local/lib/python3.12/site-packages/airflow/example_dags/example_python_decorator.py for tasks to queue
[2024-08-24T11:55:08.092+0000] {logging_mixin.py:190} INFO - [2024-08-24T11:55:08.091+0000] {dagbag.py:587} INFO - Filling up the DagBag from /home/airflow/.local/lib/python3.12/site-packages/airflow/example_dags/example_python_decorator.py
[2024-08-24T11:55:08.099+0000] {processor.py:925} INFO - DAG(s) 'example_python_decorator' retrieved from /home/airflow/.local/lib/python3.12/site-packages/airflow/example_dags/example_python_decorator.py
[2024-08-24T11:55:08.112+0000] {logging_mixin.py:190} INFO - [2024-08-24T11:55:08.111+0000] {dag.py:3211} INFO - Sync 1 DAGs
[2024-08-24T11:55:08.119+0000] {logging_mixin.py:190} INFO - [2024-08-24T11:55:08.119+0000] {dag.py:4138} INFO - Setting next_dagrun for example_python_decorator to None, run_after=None
[2024-08-24T11:55:08.127+0000] {processor.py:208} INFO - Processing /home/airflow/.local/lib/python3.12/site-packages/airflow/example_dags/example_python_decorator.py took 0.043 seconds
[2024-08-24T11:55:38.558+0000] {processor.py:186} INFO - Started process (PID=4304) to work on /home/airflow/.local/lib/python3.12/site-packages/airflow/example_dags/example_python_decorator.py
[2024-08-24T11:55:38.558+0000] {processor.py:914} INFO - Processing file /home/airflow/.local/lib/python3.12/site-packages/airflow/example_dags/example_python_decorator.py for tasks to queue
[2024-08-24T11:55:38.559+0000] {logging_mixin.py:190} INFO - [2024-08-24T11:55:38.559+0000] {dagbag.py:587} INFO - Filling up the DagBag from /home/airflow/.local/lib/python3.12/site-packages/airflow/example_dags/example_python_decorator.py
[2024-08-24T11:55:38.567+0000] {processor.py:925} INFO - DAG(s) 'example_python_decorator' retrieved from /home/airflow/.local/lib/python3.12/site-packages/airflow/example_dags/example_python_decorator.py
[2024-08-24T11:55:38.578+0000] {logging_mixin.py:190} INFO - [2024-08-24T11:55:38.578+0000] {dag.py:3211} INFO - Sync 1 DAGs
[2024-08-24T11:55:38.585+0000] {logging_mixin.py:190} INFO - [2024-08-24T11:55:38.585+0000] {dag.py:4138} INFO - Setting next_dagrun for example_python_decorator to None, run_after=None
[2024-08-24T11:55:38.594+0000] {processor.py:208} INFO - Processing /home/airflow/.local/lib/python3.12/site-packages/airflow/example_dags/example_python_decorator.py took 0.040 seconds
[2024-08-24T11:56:09.031+0000] {processor.py:186} INFO - Started process (PID=4366) to work on /home/airflow/.local/lib/python3.12/site-packages/airflow/example_dags/example_python_decorator.py
[2024-08-24T11:56:09.032+0000] {processor.py:914} INFO - Processing file /home/airflow/.local/lib/python3.12/site-packages/airflow/example_dags/example_python_decorator.py for tasks to queue
[2024-08-24T11:56:09.033+0000] {logging_mixin.py:190} INFO - [2024-08-24T11:56:09.033+0000] {dagbag.py:587} INFO - Filling up the DagBag from /home/airflow/.local/lib/python3.12/site-packages/airflow/example_dags/example_python_decorator.py
[2024-08-24T11:56:09.042+0000] {processor.py:925} INFO - DAG(s) 'example_python_decorator' retrieved from /home/airflow/.local/lib/python3.12/site-packages/airflow/example_dags/example_python_decorator.py
[2024-08-24T11:56:09.053+0000] {logging_mixin.py:190} INFO - [2024-08-24T11:56:09.053+0000] {dag.py:3211} INFO - Sync 1 DAGs
[2024-08-24T11:56:09.061+0000] {logging_mixin.py:190} INFO - [2024-08-24T11:56:09.060+0000] {dag.py:4138} INFO - Setting next_dagrun for example_python_decorator to None, run_after=None
[2024-08-24T11:56:09.069+0000] {processor.py:208} INFO - Processing /home/airflow/.local/lib/python3.12/site-packages/airflow/example_dags/example_python_decorator.py took 0.041 seconds
