[2024-08-24T11:21:09.105+0000] {processor.py:186} INFO - Started process (PID=103) to work on /home/airflow/.local/lib/python3.12/site-packages/airflow/example_dags/example_task_group.py
[2024-08-24T11:21:09.105+0000] {processor.py:914} INFO - Processing file /home/airflow/.local/lib/python3.12/site-packages/airflow/example_dags/example_task_group.py for tasks to queue
[2024-08-24T11:21:09.106+0000] {logging_mixin.py:190} INFO - [2024-08-24T11:21:09.106+0000] {dagbag.py:587} INFO - Filling up the DagBag from /home/airflow/.local/lib/python3.12/site-packages/airflow/example_dags/example_task_group.py
[2024-08-24T11:21:09.111+0000] {processor.py:925} INFO - DAG(s) 'example_task_group' retrieved from /home/airflow/.local/lib/python3.12/site-packages/airflow/example_dags/example_task_group.py
[2024-08-24T11:21:09.166+0000] {logging_mixin.py:190} INFO - [2024-08-24T11:21:09.166+0000] {override.py:1858} INFO - Created Permission View: can edit on DAG:example_task_group
[2024-08-24T11:21:09.173+0000] {logging_mixin.py:190} INFO - [2024-08-24T11:21:09.173+0000] {override.py:1858} INFO - Created Permission View: can read on DAG:example_task_group
[2024-08-24T11:21:09.179+0000] {logging_mixin.py:190} INFO - [2024-08-24T11:21:09.178+0000] {override.py:1858} INFO - Created Permission View: can delete on DAG:example_task_group
[2024-08-24T11:21:09.179+0000] {logging_mixin.py:190} INFO - [2024-08-24T11:21:09.179+0000] {dag.py:3211} INFO - Sync 1 DAGs
[2024-08-24T11:21:09.189+0000] {logging_mixin.py:190} INFO - [2024-08-24T11:21:09.189+0000] {dag.py:3234} INFO - Creating ORM DAG for example_task_group
[2024-08-24T11:21:09.194+0000] {logging_mixin.py:190} INFO - [2024-08-24T11:21:09.194+0000] {dag.py:4138} INFO - Setting next_dagrun for example_task_group to 2024-08-23 00:00:00+00:00, run_after=2024-08-24 00:00:00+00:00
[2024-08-24T11:21:09.201+0000] {processor.py:208} INFO - Processing /home/airflow/.local/lib/python3.12/site-packages/airflow/example_dags/example_task_group.py took 0.100 seconds
[2024-08-24T11:21:39.354+0000] {processor.py:186} INFO - Started process (PID=165) to work on /home/airflow/.local/lib/python3.12/site-packages/airflow/example_dags/example_task_group.py
[2024-08-24T11:21:39.354+0000] {processor.py:914} INFO - Processing file /home/airflow/.local/lib/python3.12/site-packages/airflow/example_dags/example_task_group.py for tasks to queue
[2024-08-24T11:21:39.356+0000] {logging_mixin.py:190} INFO - [2024-08-24T11:21:39.355+0000] {dagbag.py:587} INFO - Filling up the DagBag from /home/airflow/.local/lib/python3.12/site-packages/airflow/example_dags/example_task_group.py
[2024-08-24T11:21:39.360+0000] {processor.py:925} INFO - DAG(s) 'example_task_group' retrieved from /home/airflow/.local/lib/python3.12/site-packages/airflow/example_dags/example_task_group.py
[2024-08-24T11:21:39.372+0000] {logging_mixin.py:190} INFO - [2024-08-24T11:21:39.371+0000] {dag.py:3211} INFO - Sync 1 DAGs
[2024-08-24T11:21:39.385+0000] {logging_mixin.py:190} INFO - [2024-08-24T11:21:39.385+0000] {dag.py:4138} INFO - Setting next_dagrun for example_task_group to 2024-08-23 00:00:00+00:00, run_after=2024-08-24 00:00:00+00:00
[2024-08-24T11:21:39.398+0000] {processor.py:208} INFO - Processing /home/airflow/.local/lib/python3.12/site-packages/airflow/example_dags/example_task_group.py took 0.048 seconds
[2024-08-24T11:22:09.570+0000] {processor.py:186} INFO - Started process (PID=227) to work on /home/airflow/.local/lib/python3.12/site-packages/airflow/example_dags/example_task_group.py
[2024-08-24T11:22:09.570+0000] {processor.py:914} INFO - Processing file /home/airflow/.local/lib/python3.12/site-packages/airflow/example_dags/example_task_group.py for tasks to queue
[2024-08-24T11:22:09.571+0000] {logging_mixin.py:190} INFO - [2024-08-24T11:22:09.571+0000] {dagbag.py:587} INFO - Filling up the DagBag from /home/airflow/.local/lib/python3.12/site-packages/airflow/example_dags/example_task_group.py
[2024-08-24T11:22:09.576+0000] {processor.py:925} INFO - DAG(s) 'example_task_group' retrieved from /home/airflow/.local/lib/python3.12/site-packages/airflow/example_dags/example_task_group.py
[2024-08-24T11:22:09.587+0000] {logging_mixin.py:190} INFO - [2024-08-24T11:22:09.587+0000] {dag.py:3211} INFO - Sync 1 DAGs
[2024-08-24T11:22:09.599+0000] {logging_mixin.py:190} INFO - [2024-08-24T11:22:09.599+0000] {dag.py:4138} INFO - Setting next_dagrun for example_task_group to 2024-08-23 00:00:00+00:00, run_after=2024-08-24 00:00:00+00:00
[2024-08-24T11:22:09.610+0000] {processor.py:208} INFO - Processing /home/airflow/.local/lib/python3.12/site-packages/airflow/example_dags/example_task_group.py took 0.045 seconds
[2024-08-24T11:22:39.697+0000] {processor.py:186} INFO - Started process (PID=289) to work on /home/airflow/.local/lib/python3.12/site-packages/airflow/example_dags/example_task_group.py
[2024-08-24T11:22:39.698+0000] {processor.py:914} INFO - Processing file /home/airflow/.local/lib/python3.12/site-packages/airflow/example_dags/example_task_group.py for tasks to queue
[2024-08-24T11:22:39.699+0000] {logging_mixin.py:190} INFO - [2024-08-24T11:22:39.699+0000] {dagbag.py:587} INFO - Filling up the DagBag from /home/airflow/.local/lib/python3.12/site-packages/airflow/example_dags/example_task_group.py
[2024-08-24T11:22:39.703+0000] {processor.py:925} INFO - DAG(s) 'example_task_group' retrieved from /home/airflow/.local/lib/python3.12/site-packages/airflow/example_dags/example_task_group.py
[2024-08-24T11:22:39.715+0000] {logging_mixin.py:190} INFO - [2024-08-24T11:22:39.715+0000] {dag.py:3211} INFO - Sync 1 DAGs
[2024-08-24T11:22:39.727+0000] {logging_mixin.py:190} INFO - [2024-08-24T11:22:39.727+0000] {dag.py:4138} INFO - Setting next_dagrun for example_task_group to 2024-08-23 00:00:00+00:00, run_after=2024-08-24 00:00:00+00:00
[2024-08-24T11:22:39.737+0000] {processor.py:208} INFO - Processing /home/airflow/.local/lib/python3.12/site-packages/airflow/example_dags/example_task_group.py took 0.042 seconds
[2024-08-24T11:23:10.031+0000] {processor.py:186} INFO - Started process (PID=351) to work on /home/airflow/.local/lib/python3.12/site-packages/airflow/example_dags/example_task_group.py
[2024-08-24T11:23:10.031+0000] {processor.py:914} INFO - Processing file /home/airflow/.local/lib/python3.12/site-packages/airflow/example_dags/example_task_group.py for tasks to queue
[2024-08-24T11:23:10.032+0000] {logging_mixin.py:190} INFO - [2024-08-24T11:23:10.032+0000] {dagbag.py:587} INFO - Filling up the DagBag from /home/airflow/.local/lib/python3.12/site-packages/airflow/example_dags/example_task_group.py
[2024-08-24T11:23:10.037+0000] {processor.py:925} INFO - DAG(s) 'example_task_group' retrieved from /home/airflow/.local/lib/python3.12/site-packages/airflow/example_dags/example_task_group.py
[2024-08-24T11:23:10.049+0000] {logging_mixin.py:190} INFO - [2024-08-24T11:23:10.049+0000] {dag.py:3211} INFO - Sync 1 DAGs
[2024-08-24T11:23:10.062+0000] {logging_mixin.py:190} INFO - [2024-08-24T11:23:10.062+0000] {dag.py:4138} INFO - Setting next_dagrun for example_task_group to 2024-08-23 00:00:00+00:00, run_after=2024-08-24 00:00:00+00:00
[2024-08-24T11:23:10.074+0000] {processor.py:208} INFO - Processing /home/airflow/.local/lib/python3.12/site-packages/airflow/example_dags/example_task_group.py took 0.047 seconds
[2024-08-24T11:23:40.286+0000] {processor.py:186} INFO - Started process (PID=413) to work on /home/airflow/.local/lib/python3.12/site-packages/airflow/example_dags/example_task_group.py
[2024-08-24T11:23:40.287+0000] {processor.py:914} INFO - Processing file /home/airflow/.local/lib/python3.12/site-packages/airflow/example_dags/example_task_group.py for tasks to queue
[2024-08-24T11:23:40.288+0000] {logging_mixin.py:190} INFO - [2024-08-24T11:23:40.287+0000] {dagbag.py:587} INFO - Filling up the DagBag from /home/airflow/.local/lib/python3.12/site-packages/airflow/example_dags/example_task_group.py
[2024-08-24T11:23:40.292+0000] {processor.py:925} INFO - DAG(s) 'example_task_group' retrieved from /home/airflow/.local/lib/python3.12/site-packages/airflow/example_dags/example_task_group.py
[2024-08-24T11:23:40.306+0000] {logging_mixin.py:190} INFO - [2024-08-24T11:23:40.306+0000] {dag.py:3211} INFO - Sync 1 DAGs
[2024-08-24T11:23:40.323+0000] {logging_mixin.py:190} INFO - [2024-08-24T11:23:40.323+0000] {dag.py:4138} INFO - Setting next_dagrun for example_task_group to 2024-08-23 00:00:00+00:00, run_after=2024-08-24 00:00:00+00:00
[2024-08-24T11:23:40.333+0000] {processor.py:208} INFO - Processing /home/airflow/.local/lib/python3.12/site-packages/airflow/example_dags/example_task_group.py took 0.050 seconds
[2024-08-24T11:24:10.540+0000] {processor.py:186} INFO - Started process (PID=475) to work on /home/airflow/.local/lib/python3.12/site-packages/airflow/example_dags/example_task_group.py
[2024-08-24T11:24:10.541+0000] {processor.py:914} INFO - Processing file /home/airflow/.local/lib/python3.12/site-packages/airflow/example_dags/example_task_group.py for tasks to queue
[2024-08-24T11:24:10.542+0000] {logging_mixin.py:190} INFO - [2024-08-24T11:24:10.542+0000] {dagbag.py:587} INFO - Filling up the DagBag from /home/airflow/.local/lib/python3.12/site-packages/airflow/example_dags/example_task_group.py
[2024-08-24T11:24:10.547+0000] {processor.py:925} INFO - DAG(s) 'example_task_group' retrieved from /home/airflow/.local/lib/python3.12/site-packages/airflow/example_dags/example_task_group.py
[2024-08-24T11:24:10.561+0000] {logging_mixin.py:190} INFO - [2024-08-24T11:24:10.561+0000] {dag.py:3211} INFO - Sync 1 DAGs
[2024-08-24T11:24:10.579+0000] {logging_mixin.py:190} INFO - [2024-08-24T11:24:10.579+0000] {dag.py:4138} INFO - Setting next_dagrun for example_task_group to 2024-08-23 00:00:00+00:00, run_after=2024-08-24 00:00:00+00:00
[2024-08-24T11:24:10.587+0000] {processor.py:208} INFO - Processing /home/airflow/.local/lib/python3.12/site-packages/airflow/example_dags/example_task_group.py took 0.051 seconds
[2024-08-24T11:24:40.740+0000] {processor.py:186} INFO - Started process (PID=537) to work on /home/airflow/.local/lib/python3.12/site-packages/airflow/example_dags/example_task_group.py
[2024-08-24T11:24:40.740+0000] {processor.py:914} INFO - Processing file /home/airflow/.local/lib/python3.12/site-packages/airflow/example_dags/example_task_group.py for tasks to queue
[2024-08-24T11:24:40.741+0000] {logging_mixin.py:190} INFO - [2024-08-24T11:24:40.741+0000] {dagbag.py:587} INFO - Filling up the DagBag from /home/airflow/.local/lib/python3.12/site-packages/airflow/example_dags/example_task_group.py
[2024-08-24T11:24:40.746+0000] {processor.py:925} INFO - DAG(s) 'example_task_group' retrieved from /home/airflow/.local/lib/python3.12/site-packages/airflow/example_dags/example_task_group.py
[2024-08-24T11:24:40.757+0000] {logging_mixin.py:190} INFO - [2024-08-24T11:24:40.757+0000] {dag.py:3211} INFO - Sync 1 DAGs
[2024-08-24T11:24:40.770+0000] {logging_mixin.py:190} INFO - [2024-08-24T11:24:40.769+0000] {dag.py:4138} INFO - Setting next_dagrun for example_task_group to 2024-08-23 00:00:00+00:00, run_after=2024-08-24 00:00:00+00:00
[2024-08-24T11:24:40.779+0000] {processor.py:208} INFO - Processing /home/airflow/.local/lib/python3.12/site-packages/airflow/example_dags/example_task_group.py took 0.042 seconds
[2024-08-24T11:25:11.010+0000] {processor.py:186} INFO - Started process (PID=599) to work on /home/airflow/.local/lib/python3.12/site-packages/airflow/example_dags/example_task_group.py
[2024-08-24T11:25:11.010+0000] {processor.py:914} INFO - Processing file /home/airflow/.local/lib/python3.12/site-packages/airflow/example_dags/example_task_group.py for tasks to queue
[2024-08-24T11:25:11.011+0000] {logging_mixin.py:190} INFO - [2024-08-24T11:25:11.011+0000] {dagbag.py:587} INFO - Filling up the DagBag from /home/airflow/.local/lib/python3.12/site-packages/airflow/example_dags/example_task_group.py
[2024-08-24T11:25:11.015+0000] {processor.py:925} INFO - DAG(s) 'example_task_group' retrieved from /home/airflow/.local/lib/python3.12/site-packages/airflow/example_dags/example_task_group.py
[2024-08-24T11:25:11.032+0000] {logging_mixin.py:190} INFO - [2024-08-24T11:25:11.031+0000] {dag.py:3211} INFO - Sync 1 DAGs
[2024-08-24T11:25:11.048+0000] {logging_mixin.py:190} INFO - [2024-08-24T11:25:11.048+0000] {dag.py:4138} INFO - Setting next_dagrun for example_task_group to 2024-08-23 00:00:00+00:00, run_after=2024-08-24 00:00:00+00:00
[2024-08-24T11:25:11.064+0000] {processor.py:208} INFO - Processing /home/airflow/.local/lib/python3.12/site-packages/airflow/example_dags/example_task_group.py took 0.057 seconds
[2024-08-24T11:25:41.101+0000] {processor.py:186} INFO - Started process (PID=661) to work on /home/airflow/.local/lib/python3.12/site-packages/airflow/example_dags/example_task_group.py
[2024-08-24T11:25:41.102+0000] {processor.py:914} INFO - Processing file /home/airflow/.local/lib/python3.12/site-packages/airflow/example_dags/example_task_group.py for tasks to queue
[2024-08-24T11:25:41.103+0000] {logging_mixin.py:190} INFO - [2024-08-24T11:25:41.103+0000] {dagbag.py:587} INFO - Filling up the DagBag from /home/airflow/.local/lib/python3.12/site-packages/airflow/example_dags/example_task_group.py
[2024-08-24T11:25:41.107+0000] {processor.py:925} INFO - DAG(s) 'example_task_group' retrieved from /home/airflow/.local/lib/python3.12/site-packages/airflow/example_dags/example_task_group.py
[2024-08-24T11:25:41.117+0000] {logging_mixin.py:190} INFO - [2024-08-24T11:25:41.117+0000] {dag.py:3211} INFO - Sync 1 DAGs
[2024-08-24T11:25:41.128+0000] {logging_mixin.py:190} INFO - [2024-08-24T11:25:41.128+0000] {dag.py:4138} INFO - Setting next_dagrun for example_task_group to 2024-08-23 00:00:00+00:00, run_after=2024-08-24 00:00:00+00:00
[2024-08-24T11:25:41.137+0000] {processor.py:208} INFO - Processing /home/airflow/.local/lib/python3.12/site-packages/airflow/example_dags/example_task_group.py took 0.040 seconds
[2024-08-24T11:26:11.432+0000] {processor.py:186} INFO - Started process (PID=723) to work on /home/airflow/.local/lib/python3.12/site-packages/airflow/example_dags/example_task_group.py
[2024-08-24T11:26:11.432+0000] {processor.py:914} INFO - Processing file /home/airflow/.local/lib/python3.12/site-packages/airflow/example_dags/example_task_group.py for tasks to queue
[2024-08-24T11:26:11.434+0000] {logging_mixin.py:190} INFO - [2024-08-24T11:26:11.433+0000] {dagbag.py:587} INFO - Filling up the DagBag from /home/airflow/.local/lib/python3.12/site-packages/airflow/example_dags/example_task_group.py
[2024-08-24T11:26:11.438+0000] {processor.py:925} INFO - DAG(s) 'example_task_group' retrieved from /home/airflow/.local/lib/python3.12/site-packages/airflow/example_dags/example_task_group.py
[2024-08-24T11:26:11.450+0000] {logging_mixin.py:190} INFO - [2024-08-24T11:26:11.449+0000] {dag.py:3211} INFO - Sync 1 DAGs
[2024-08-24T11:26:11.461+0000] {logging_mixin.py:190} INFO - [2024-08-24T11:26:11.461+0000] {dag.py:4138} INFO - Setting next_dagrun for example_task_group to 2024-08-23 00:00:00+00:00, run_after=2024-08-24 00:00:00+00:00
[2024-08-24T11:26:11.473+0000] {processor.py:208} INFO - Processing /home/airflow/.local/lib/python3.12/site-packages/airflow/example_dags/example_task_group.py took 0.045 seconds
[2024-08-24T11:26:41.589+0000] {processor.py:186} INFO - Started process (PID=785) to work on /home/airflow/.local/lib/python3.12/site-packages/airflow/example_dags/example_task_group.py
[2024-08-24T11:26:41.590+0000] {processor.py:914} INFO - Processing file /home/airflow/.local/lib/python3.12/site-packages/airflow/example_dags/example_task_group.py for tasks to queue
[2024-08-24T11:26:41.591+0000] {logging_mixin.py:190} INFO - [2024-08-24T11:26:41.591+0000] {dagbag.py:587} INFO - Filling up the DagBag from /home/airflow/.local/lib/python3.12/site-packages/airflow/example_dags/example_task_group.py
[2024-08-24T11:26:41.595+0000] {processor.py:925} INFO - DAG(s) 'example_task_group' retrieved from /home/airflow/.local/lib/python3.12/site-packages/airflow/example_dags/example_task_group.py
[2024-08-24T11:26:41.606+0000] {logging_mixin.py:190} INFO - [2024-08-24T11:26:41.606+0000] {dag.py:3211} INFO - Sync 1 DAGs
[2024-08-24T11:26:41.618+0000] {logging_mixin.py:190} INFO - [2024-08-24T11:26:41.618+0000] {dag.py:4138} INFO - Setting next_dagrun for example_task_group to 2024-08-23 00:00:00+00:00, run_after=2024-08-24 00:00:00+00:00
[2024-08-24T11:26:41.627+0000] {processor.py:208} INFO - Processing /home/airflow/.local/lib/python3.12/site-packages/airflow/example_dags/example_task_group.py took 0.041 seconds
[2024-08-24T11:27:11.907+0000] {processor.py:186} INFO - Started process (PID=847) to work on /home/airflow/.local/lib/python3.12/site-packages/airflow/example_dags/example_task_group.py
[2024-08-24T11:27:11.907+0000] {processor.py:914} INFO - Processing file /home/airflow/.local/lib/python3.12/site-packages/airflow/example_dags/example_task_group.py for tasks to queue
[2024-08-24T11:27:11.909+0000] {logging_mixin.py:190} INFO - [2024-08-24T11:27:11.909+0000] {dagbag.py:587} INFO - Filling up the DagBag from /home/airflow/.local/lib/python3.12/site-packages/airflow/example_dags/example_task_group.py
[2024-08-24T11:27:11.914+0000] {processor.py:925} INFO - DAG(s) 'example_task_group' retrieved from /home/airflow/.local/lib/python3.12/site-packages/airflow/example_dags/example_task_group.py
[2024-08-24T11:27:11.929+0000] {logging_mixin.py:190} INFO - [2024-08-24T11:27:11.929+0000] {dag.py:3211} INFO - Sync 1 DAGs
[2024-08-24T11:27:11.945+0000] {logging_mixin.py:190} INFO - [2024-08-24T11:27:11.944+0000] {dag.py:4138} INFO - Setting next_dagrun for example_task_group to 2024-08-23 00:00:00+00:00, run_after=2024-08-24 00:00:00+00:00
[2024-08-24T11:27:11.959+0000] {processor.py:208} INFO - Processing /home/airflow/.local/lib/python3.12/site-packages/airflow/example_dags/example_task_group.py took 0.057 seconds
[2024-08-24T11:27:42.209+0000] {processor.py:186} INFO - Started process (PID=909) to work on /home/airflow/.local/lib/python3.12/site-packages/airflow/example_dags/example_task_group.py
[2024-08-24T11:27:42.210+0000] {processor.py:914} INFO - Processing file /home/airflow/.local/lib/python3.12/site-packages/airflow/example_dags/example_task_group.py for tasks to queue
[2024-08-24T11:27:42.211+0000] {logging_mixin.py:190} INFO - [2024-08-24T11:27:42.210+0000] {dagbag.py:587} INFO - Filling up the DagBag from /home/airflow/.local/lib/python3.12/site-packages/airflow/example_dags/example_task_group.py
[2024-08-24T11:27:42.215+0000] {processor.py:925} INFO - DAG(s) 'example_task_group' retrieved from /home/airflow/.local/lib/python3.12/site-packages/airflow/example_dags/example_task_group.py
[2024-08-24T11:27:42.229+0000] {logging_mixin.py:190} INFO - [2024-08-24T11:27:42.229+0000] {dag.py:3211} INFO - Sync 1 DAGs
[2024-08-24T11:27:42.249+0000] {logging_mixin.py:190} INFO - [2024-08-24T11:27:42.249+0000] {dag.py:4138} INFO - Setting next_dagrun for example_task_group to 2024-08-23 00:00:00+00:00, run_after=2024-08-24 00:00:00+00:00
[2024-08-24T11:27:42.263+0000] {processor.py:208} INFO - Processing /home/airflow/.local/lib/python3.12/site-packages/airflow/example_dags/example_task_group.py took 0.056 seconds
[2024-08-24T11:28:13.145+0000] {processor.py:186} INFO - Started process (PID=971) to work on /home/airflow/.local/lib/python3.12/site-packages/airflow/example_dags/example_task_group.py
[2024-08-24T11:28:13.145+0000] {processor.py:914} INFO - Processing file /home/airflow/.local/lib/python3.12/site-packages/airflow/example_dags/example_task_group.py for tasks to queue
[2024-08-24T11:28:13.146+0000] {logging_mixin.py:190} INFO - [2024-08-24T11:28:13.146+0000] {dagbag.py:587} INFO - Filling up the DagBag from /home/airflow/.local/lib/python3.12/site-packages/airflow/example_dags/example_task_group.py
[2024-08-24T11:28:13.151+0000] {processor.py:925} INFO - DAG(s) 'example_task_group' retrieved from /home/airflow/.local/lib/python3.12/site-packages/airflow/example_dags/example_task_group.py
[2024-08-24T11:28:13.162+0000] {logging_mixin.py:190} INFO - [2024-08-24T11:28:13.161+0000] {dag.py:3211} INFO - Sync 1 DAGs
[2024-08-24T11:28:13.174+0000] {logging_mixin.py:190} INFO - [2024-08-24T11:28:13.173+0000] {dag.py:4138} INFO - Setting next_dagrun for example_task_group to 2024-08-23 00:00:00+00:00, run_after=2024-08-24 00:00:00+00:00
[2024-08-24T11:28:13.183+0000] {processor.py:208} INFO - Processing /home/airflow/.local/lib/python3.12/site-packages/airflow/example_dags/example_task_group.py took 0.042 seconds
[2024-08-24T11:28:44.196+0000] {processor.py:186} INFO - Started process (PID=1033) to work on /home/airflow/.local/lib/python3.12/site-packages/airflow/example_dags/example_task_group.py
[2024-08-24T11:28:44.196+0000] {processor.py:914} INFO - Processing file /home/airflow/.local/lib/python3.12/site-packages/airflow/example_dags/example_task_group.py for tasks to queue
[2024-08-24T11:28:44.197+0000] {logging_mixin.py:190} INFO - [2024-08-24T11:28:44.197+0000] {dagbag.py:587} INFO - Filling up the DagBag from /home/airflow/.local/lib/python3.12/site-packages/airflow/example_dags/example_task_group.py
[2024-08-24T11:28:44.203+0000] {processor.py:925} INFO - DAG(s) 'example_task_group' retrieved from /home/airflow/.local/lib/python3.12/site-packages/airflow/example_dags/example_task_group.py
[2024-08-24T11:28:44.218+0000] {logging_mixin.py:190} INFO - [2024-08-24T11:28:44.218+0000] {dag.py:3211} INFO - Sync 1 DAGs
[2024-08-24T11:28:44.231+0000] {logging_mixin.py:190} INFO - [2024-08-24T11:28:44.231+0000] {dag.py:4138} INFO - Setting next_dagrun for example_task_group to 2024-08-23 00:00:00+00:00, run_after=2024-08-24 00:00:00+00:00
[2024-08-24T11:28:44.244+0000] {processor.py:208} INFO - Processing /home/airflow/.local/lib/python3.12/site-packages/airflow/example_dags/example_task_group.py took 0.051 seconds
[2024-08-24T11:29:15.369+0000] {processor.py:186} INFO - Started process (PID=1095) to work on /home/airflow/.local/lib/python3.12/site-packages/airflow/example_dags/example_task_group.py
[2024-08-24T11:29:15.369+0000] {processor.py:914} INFO - Processing file /home/airflow/.local/lib/python3.12/site-packages/airflow/example_dags/example_task_group.py for tasks to queue
[2024-08-24T11:29:15.370+0000] {logging_mixin.py:190} INFO - [2024-08-24T11:29:15.370+0000] {dagbag.py:587} INFO - Filling up the DagBag from /home/airflow/.local/lib/python3.12/site-packages/airflow/example_dags/example_task_group.py
[2024-08-24T11:29:15.375+0000] {processor.py:925} INFO - DAG(s) 'example_task_group' retrieved from /home/airflow/.local/lib/python3.12/site-packages/airflow/example_dags/example_task_group.py
[2024-08-24T11:29:15.386+0000] {logging_mixin.py:190} INFO - [2024-08-24T11:29:15.385+0000] {dag.py:3211} INFO - Sync 1 DAGs
[2024-08-24T11:29:15.397+0000] {logging_mixin.py:190} INFO - [2024-08-24T11:29:15.397+0000] {dag.py:4138} INFO - Setting next_dagrun for example_task_group to 2024-08-23 00:00:00+00:00, run_after=2024-08-24 00:00:00+00:00
[2024-08-24T11:29:15.410+0000] {processor.py:208} INFO - Processing /home/airflow/.local/lib/python3.12/site-packages/airflow/example_dags/example_task_group.py took 0.045 seconds
[2024-08-24T11:29:45.506+0000] {processor.py:186} INFO - Started process (PID=1157) to work on /home/airflow/.local/lib/python3.12/site-packages/airflow/example_dags/example_task_group.py
[2024-08-24T11:29:45.506+0000] {processor.py:914} INFO - Processing file /home/airflow/.local/lib/python3.12/site-packages/airflow/example_dags/example_task_group.py for tasks to queue
[2024-08-24T11:29:45.507+0000] {logging_mixin.py:190} INFO - [2024-08-24T11:29:45.507+0000] {dagbag.py:587} INFO - Filling up the DagBag from /home/airflow/.local/lib/python3.12/site-packages/airflow/example_dags/example_task_group.py
[2024-08-24T11:29:45.511+0000] {processor.py:925} INFO - DAG(s) 'example_task_group' retrieved from /home/airflow/.local/lib/python3.12/site-packages/airflow/example_dags/example_task_group.py
[2024-08-24T11:29:45.523+0000] {logging_mixin.py:190} INFO - [2024-08-24T11:29:45.523+0000] {dag.py:3211} INFO - Sync 1 DAGs
[2024-08-24T11:29:45.536+0000] {logging_mixin.py:190} INFO - [2024-08-24T11:29:45.535+0000] {dag.py:4138} INFO - Setting next_dagrun for example_task_group to 2024-08-23 00:00:00+00:00, run_after=2024-08-24 00:00:00+00:00
[2024-08-24T11:29:45.545+0000] {processor.py:208} INFO - Processing /home/airflow/.local/lib/python3.12/site-packages/airflow/example_dags/example_task_group.py took 0.042 seconds
[2024-08-24T11:30:16.511+0000] {processor.py:186} INFO - Started process (PID=1219) to work on /home/airflow/.local/lib/python3.12/site-packages/airflow/example_dags/example_task_group.py
[2024-08-24T11:30:16.511+0000] {processor.py:914} INFO - Processing file /home/airflow/.local/lib/python3.12/site-packages/airflow/example_dags/example_task_group.py for tasks to queue
[2024-08-24T11:30:16.512+0000] {logging_mixin.py:190} INFO - [2024-08-24T11:30:16.512+0000] {dagbag.py:587} INFO - Filling up the DagBag from /home/airflow/.local/lib/python3.12/site-packages/airflow/example_dags/example_task_group.py
[2024-08-24T11:30:16.517+0000] {processor.py:925} INFO - DAG(s) 'example_task_group' retrieved from /home/airflow/.local/lib/python3.12/site-packages/airflow/example_dags/example_task_group.py
[2024-08-24T11:30:16.528+0000] {logging_mixin.py:190} INFO - [2024-08-24T11:30:16.528+0000] {dag.py:3211} INFO - Sync 1 DAGs
[2024-08-24T11:30:16.540+0000] {logging_mixin.py:190} INFO - [2024-08-24T11:30:16.540+0000] {dag.py:4138} INFO - Setting next_dagrun for example_task_group to 2024-08-23 00:00:00+00:00, run_after=2024-08-24 00:00:00+00:00
[2024-08-24T11:30:16.549+0000] {processor.py:208} INFO - Processing /home/airflow/.local/lib/python3.12/site-packages/airflow/example_dags/example_task_group.py took 0.042 seconds
[2024-08-24T11:30:47.560+0000] {processor.py:186} INFO - Started process (PID=1281) to work on /home/airflow/.local/lib/python3.12/site-packages/airflow/example_dags/example_task_group.py
[2024-08-24T11:30:47.561+0000] {processor.py:914} INFO - Processing file /home/airflow/.local/lib/python3.12/site-packages/airflow/example_dags/example_task_group.py for tasks to queue
[2024-08-24T11:30:47.562+0000] {logging_mixin.py:190} INFO - [2024-08-24T11:30:47.562+0000] {dagbag.py:587} INFO - Filling up the DagBag from /home/airflow/.local/lib/python3.12/site-packages/airflow/example_dags/example_task_group.py
[2024-08-24T11:30:47.566+0000] {processor.py:925} INFO - DAG(s) 'example_task_group' retrieved from /home/airflow/.local/lib/python3.12/site-packages/airflow/example_dags/example_task_group.py
[2024-08-24T11:30:47.581+0000] {logging_mixin.py:190} INFO - [2024-08-24T11:30:47.581+0000] {dag.py:3211} INFO - Sync 1 DAGs
[2024-08-24T11:30:47.595+0000] {logging_mixin.py:190} INFO - [2024-08-24T11:30:47.594+0000] {dag.py:4138} INFO - Setting next_dagrun for example_task_group to 2024-08-23 00:00:00+00:00, run_after=2024-08-24 00:00:00+00:00
[2024-08-24T11:30:47.604+0000] {processor.py:208} INFO - Processing /home/airflow/.local/lib/python3.12/site-packages/airflow/example_dags/example_task_group.py took 0.046 seconds
[2024-08-24T11:31:18.607+0000] {processor.py:186} INFO - Started process (PID=1343) to work on /home/airflow/.local/lib/python3.12/site-packages/airflow/example_dags/example_task_group.py
[2024-08-24T11:31:18.608+0000] {processor.py:914} INFO - Processing file /home/airflow/.local/lib/python3.12/site-packages/airflow/example_dags/example_task_group.py for tasks to queue
[2024-08-24T11:31:18.609+0000] {logging_mixin.py:190} INFO - [2024-08-24T11:31:18.609+0000] {dagbag.py:587} INFO - Filling up the DagBag from /home/airflow/.local/lib/python3.12/site-packages/airflow/example_dags/example_task_group.py
[2024-08-24T11:31:18.613+0000] {processor.py:925} INFO - DAG(s) 'example_task_group' retrieved from /home/airflow/.local/lib/python3.12/site-packages/airflow/example_dags/example_task_group.py
[2024-08-24T11:31:18.624+0000] {logging_mixin.py:190} INFO - [2024-08-24T11:31:18.623+0000] {dag.py:3211} INFO - Sync 1 DAGs
[2024-08-24T11:31:18.636+0000] {logging_mixin.py:190} INFO - [2024-08-24T11:31:18.635+0000] {dag.py:4138} INFO - Setting next_dagrun for example_task_group to 2024-08-23 00:00:00+00:00, run_after=2024-08-24 00:00:00+00:00
[2024-08-24T11:31:18.644+0000] {processor.py:208} INFO - Processing /home/airflow/.local/lib/python3.12/site-packages/airflow/example_dags/example_task_group.py took 0.040 seconds
[2024-08-24T11:31:49.710+0000] {processor.py:186} INFO - Started process (PID=1405) to work on /home/airflow/.local/lib/python3.12/site-packages/airflow/example_dags/example_task_group.py
[2024-08-24T11:31:49.711+0000] {processor.py:914} INFO - Processing file /home/airflow/.local/lib/python3.12/site-packages/airflow/example_dags/example_task_group.py for tasks to queue
[2024-08-24T11:31:49.712+0000] {logging_mixin.py:190} INFO - [2024-08-24T11:31:49.711+0000] {dagbag.py:587} INFO - Filling up the DagBag from /home/airflow/.local/lib/python3.12/site-packages/airflow/example_dags/example_task_group.py
[2024-08-24T11:31:49.716+0000] {processor.py:925} INFO - DAG(s) 'example_task_group' retrieved from /home/airflow/.local/lib/python3.12/site-packages/airflow/example_dags/example_task_group.py
[2024-08-24T11:31:49.730+0000] {logging_mixin.py:190} INFO - [2024-08-24T11:31:49.730+0000] {dag.py:3211} INFO - Sync 1 DAGs
[2024-08-24T11:31:49.746+0000] {logging_mixin.py:190} INFO - [2024-08-24T11:31:49.746+0000] {dag.py:4138} INFO - Setting next_dagrun for example_task_group to 2024-08-23 00:00:00+00:00, run_after=2024-08-24 00:00:00+00:00
[2024-08-24T11:31:49.754+0000] {processor.py:208} INFO - Processing /home/airflow/.local/lib/python3.12/site-packages/airflow/example_dags/example_task_group.py took 0.049 seconds
[2024-08-24T11:32:19.830+0000] {processor.py:186} INFO - Started process (PID=1467) to work on /home/airflow/.local/lib/python3.12/site-packages/airflow/example_dags/example_task_group.py
[2024-08-24T11:32:19.831+0000] {processor.py:914} INFO - Processing file /home/airflow/.local/lib/python3.12/site-packages/airflow/example_dags/example_task_group.py for tasks to queue
[2024-08-24T11:32:19.832+0000] {logging_mixin.py:190} INFO - [2024-08-24T11:32:19.832+0000] {dagbag.py:587} INFO - Filling up the DagBag from /home/airflow/.local/lib/python3.12/site-packages/airflow/example_dags/example_task_group.py
[2024-08-24T11:32:19.837+0000] {processor.py:925} INFO - DAG(s) 'example_task_group' retrieved from /home/airflow/.local/lib/python3.12/site-packages/airflow/example_dags/example_task_group.py
[2024-08-24T11:32:19.852+0000] {logging_mixin.py:190} INFO - [2024-08-24T11:32:19.851+0000] {dag.py:3211} INFO - Sync 1 DAGs
[2024-08-24T11:32:19.866+0000] {logging_mixin.py:190} INFO - [2024-08-24T11:32:19.866+0000] {dag.py:4138} INFO - Setting next_dagrun for example_task_group to 2024-08-23 00:00:00+00:00, run_after=2024-08-24 00:00:00+00:00
[2024-08-24T11:32:19.876+0000] {processor.py:208} INFO - Processing /home/airflow/.local/lib/python3.12/site-packages/airflow/example_dags/example_task_group.py took 0.049 seconds
[2024-08-24T11:32:50.112+0000] {processor.py:186} INFO - Started process (PID=1529) to work on /home/airflow/.local/lib/python3.12/site-packages/airflow/example_dags/example_task_group.py
[2024-08-24T11:32:50.113+0000] {processor.py:914} INFO - Processing file /home/airflow/.local/lib/python3.12/site-packages/airflow/example_dags/example_task_group.py for tasks to queue
[2024-08-24T11:32:50.114+0000] {logging_mixin.py:190} INFO - [2024-08-24T11:32:50.114+0000] {dagbag.py:587} INFO - Filling up the DagBag from /home/airflow/.local/lib/python3.12/site-packages/airflow/example_dags/example_task_group.py
[2024-08-24T11:32:50.118+0000] {processor.py:925} INFO - DAG(s) 'example_task_group' retrieved from /home/airflow/.local/lib/python3.12/site-packages/airflow/example_dags/example_task_group.py
[2024-08-24T11:32:50.134+0000] {logging_mixin.py:190} INFO - [2024-08-24T11:32:50.134+0000] {dag.py:3211} INFO - Sync 1 DAGs
[2024-08-24T11:32:50.151+0000] {logging_mixin.py:190} INFO - [2024-08-24T11:32:50.151+0000] {dag.py:4138} INFO - Setting next_dagrun for example_task_group to 2024-08-23 00:00:00+00:00, run_after=2024-08-24 00:00:00+00:00
[2024-08-24T11:32:50.164+0000] {processor.py:208} INFO - Processing /home/airflow/.local/lib/python3.12/site-packages/airflow/example_dags/example_task_group.py took 0.056 seconds
[2024-08-24T11:33:20.282+0000] {processor.py:186} INFO - Started process (PID=1591) to work on /home/airflow/.local/lib/python3.12/site-packages/airflow/example_dags/example_task_group.py
[2024-08-24T11:33:20.283+0000] {processor.py:914} INFO - Processing file /home/airflow/.local/lib/python3.12/site-packages/airflow/example_dags/example_task_group.py for tasks to queue
[2024-08-24T11:33:20.284+0000] {logging_mixin.py:190} INFO - [2024-08-24T11:33:20.284+0000] {dagbag.py:587} INFO - Filling up the DagBag from /home/airflow/.local/lib/python3.12/site-packages/airflow/example_dags/example_task_group.py
[2024-08-24T11:33:20.288+0000] {processor.py:925} INFO - DAG(s) 'example_task_group' retrieved from /home/airflow/.local/lib/python3.12/site-packages/airflow/example_dags/example_task_group.py
[2024-08-24T11:33:20.300+0000] {logging_mixin.py:190} INFO - [2024-08-24T11:33:20.300+0000] {dag.py:3211} INFO - Sync 1 DAGs
[2024-08-24T11:33:20.313+0000] {logging_mixin.py:190} INFO - [2024-08-24T11:33:20.313+0000] {dag.py:4138} INFO - Setting next_dagrun for example_task_group to 2024-08-23 00:00:00+00:00, run_after=2024-08-24 00:00:00+00:00
[2024-08-24T11:33:20.326+0000] {processor.py:208} INFO - Processing /home/airflow/.local/lib/python3.12/site-packages/airflow/example_dags/example_task_group.py took 0.047 seconds
[2024-08-24T11:33:50.553+0000] {processor.py:186} INFO - Started process (PID=1653) to work on /home/airflow/.local/lib/python3.12/site-packages/airflow/example_dags/example_task_group.py
[2024-08-24T11:33:50.554+0000] {processor.py:914} INFO - Processing file /home/airflow/.local/lib/python3.12/site-packages/airflow/example_dags/example_task_group.py for tasks to queue
[2024-08-24T11:33:50.555+0000] {logging_mixin.py:190} INFO - [2024-08-24T11:33:50.555+0000] {dagbag.py:587} INFO - Filling up the DagBag from /home/airflow/.local/lib/python3.12/site-packages/airflow/example_dags/example_task_group.py
[2024-08-24T11:33:50.559+0000] {processor.py:925} INFO - DAG(s) 'example_task_group' retrieved from /home/airflow/.local/lib/python3.12/site-packages/airflow/example_dags/example_task_group.py
[2024-08-24T11:33:50.573+0000] {logging_mixin.py:190} INFO - [2024-08-24T11:33:50.573+0000] {dag.py:3211} INFO - Sync 1 DAGs
[2024-08-24T11:33:50.592+0000] {logging_mixin.py:190} INFO - [2024-08-24T11:33:50.592+0000] {dag.py:4138} INFO - Setting next_dagrun for example_task_group to 2024-08-23 00:00:00+00:00, run_after=2024-08-24 00:00:00+00:00
[2024-08-24T11:33:50.608+0000] {processor.py:208} INFO - Processing /home/airflow/.local/lib/python3.12/site-packages/airflow/example_dags/example_task_group.py took 0.059 seconds
[2024-08-24T11:34:20.797+0000] {processor.py:186} INFO - Started process (PID=1715) to work on /home/airflow/.local/lib/python3.12/site-packages/airflow/example_dags/example_task_group.py
[2024-08-24T11:34:20.798+0000] {processor.py:914} INFO - Processing file /home/airflow/.local/lib/python3.12/site-packages/airflow/example_dags/example_task_group.py for tasks to queue
[2024-08-24T11:34:20.799+0000] {logging_mixin.py:190} INFO - [2024-08-24T11:34:20.799+0000] {dagbag.py:587} INFO - Filling up the DagBag from /home/airflow/.local/lib/python3.12/site-packages/airflow/example_dags/example_task_group.py
[2024-08-24T11:34:20.806+0000] {processor.py:925} INFO - DAG(s) 'example_task_group' retrieved from /home/airflow/.local/lib/python3.12/site-packages/airflow/example_dags/example_task_group.py
[2024-08-24T11:34:20.818+0000] {logging_mixin.py:190} INFO - [2024-08-24T11:34:20.818+0000] {dag.py:3211} INFO - Sync 1 DAGs
[2024-08-24T11:34:20.830+0000] {logging_mixin.py:190} INFO - [2024-08-24T11:34:20.829+0000] {dag.py:4138} INFO - Setting next_dagrun for example_task_group to 2024-08-23 00:00:00+00:00, run_after=2024-08-24 00:00:00+00:00
[2024-08-24T11:34:20.838+0000] {processor.py:208} INFO - Processing /home/airflow/.local/lib/python3.12/site-packages/airflow/example_dags/example_task_group.py took 0.046 seconds
[2024-08-24T11:34:51.060+0000] {processor.py:186} INFO - Started process (PID=1777) to work on /home/airflow/.local/lib/python3.12/site-packages/airflow/example_dags/example_task_group.py
[2024-08-24T11:34:51.060+0000] {processor.py:914} INFO - Processing file /home/airflow/.local/lib/python3.12/site-packages/airflow/example_dags/example_task_group.py for tasks to queue
[2024-08-24T11:34:51.061+0000] {logging_mixin.py:190} INFO - [2024-08-24T11:34:51.061+0000] {dagbag.py:587} INFO - Filling up the DagBag from /home/airflow/.local/lib/python3.12/site-packages/airflow/example_dags/example_task_group.py
[2024-08-24T11:34:51.066+0000] {processor.py:925} INFO - DAG(s) 'example_task_group' retrieved from /home/airflow/.local/lib/python3.12/site-packages/airflow/example_dags/example_task_group.py
[2024-08-24T11:34:51.079+0000] {logging_mixin.py:190} INFO - [2024-08-24T11:34:51.079+0000] {dag.py:3211} INFO - Sync 1 DAGs
[2024-08-24T11:34:51.095+0000] {logging_mixin.py:190} INFO - [2024-08-24T11:34:51.095+0000] {dag.py:4138} INFO - Setting next_dagrun for example_task_group to 2024-08-23 00:00:00+00:00, run_after=2024-08-24 00:00:00+00:00
[2024-08-24T11:34:51.109+0000] {processor.py:208} INFO - Processing /home/airflow/.local/lib/python3.12/site-packages/airflow/example_dags/example_task_group.py took 0.052 seconds
[2024-08-24T11:35:21.250+0000] {processor.py:186} INFO - Started process (PID=1839) to work on /home/airflow/.local/lib/python3.12/site-packages/airflow/example_dags/example_task_group.py
[2024-08-24T11:35:21.250+0000] {processor.py:914} INFO - Processing file /home/airflow/.local/lib/python3.12/site-packages/airflow/example_dags/example_task_group.py for tasks to queue
[2024-08-24T11:35:21.252+0000] {logging_mixin.py:190} INFO - [2024-08-24T11:35:21.251+0000] {dagbag.py:587} INFO - Filling up the DagBag from /home/airflow/.local/lib/python3.12/site-packages/airflow/example_dags/example_task_group.py
[2024-08-24T11:35:21.256+0000] {processor.py:925} INFO - DAG(s) 'example_task_group' retrieved from /home/airflow/.local/lib/python3.12/site-packages/airflow/example_dags/example_task_group.py
[2024-08-24T11:35:21.268+0000] {logging_mixin.py:190} INFO - [2024-08-24T11:35:21.267+0000] {dag.py:3211} INFO - Sync 1 DAGs
[2024-08-24T11:35:21.280+0000] {logging_mixin.py:190} INFO - [2024-08-24T11:35:21.280+0000] {dag.py:4138} INFO - Setting next_dagrun for example_task_group to 2024-08-23 00:00:00+00:00, run_after=2024-08-24 00:00:00+00:00
[2024-08-24T11:35:21.290+0000] {processor.py:208} INFO - Processing /home/airflow/.local/lib/python3.12/site-packages/airflow/example_dags/example_task_group.py took 0.044 seconds
[2024-08-24T11:35:51.579+0000] {processor.py:186} INFO - Started process (PID=1901) to work on /home/airflow/.local/lib/python3.12/site-packages/airflow/example_dags/example_task_group.py
[2024-08-24T11:35:51.580+0000] {processor.py:914} INFO - Processing file /home/airflow/.local/lib/python3.12/site-packages/airflow/example_dags/example_task_group.py for tasks to queue
[2024-08-24T11:35:51.581+0000] {logging_mixin.py:190} INFO - [2024-08-24T11:35:51.581+0000] {dagbag.py:587} INFO - Filling up the DagBag from /home/airflow/.local/lib/python3.12/site-packages/airflow/example_dags/example_task_group.py
[2024-08-24T11:35:51.586+0000] {processor.py:925} INFO - DAG(s) 'example_task_group' retrieved from /home/airflow/.local/lib/python3.12/site-packages/airflow/example_dags/example_task_group.py
[2024-08-24T11:35:51.596+0000] {logging_mixin.py:190} INFO - [2024-08-24T11:35:51.596+0000] {dag.py:3211} INFO - Sync 1 DAGs
[2024-08-24T11:35:51.609+0000] {logging_mixin.py:190} INFO - [2024-08-24T11:35:51.609+0000] {dag.py:4138} INFO - Setting next_dagrun for example_task_group to 2024-08-23 00:00:00+00:00, run_after=2024-08-24 00:00:00+00:00
[2024-08-24T11:35:51.617+0000] {processor.py:208} INFO - Processing /home/airflow/.local/lib/python3.12/site-packages/airflow/example_dags/example_task_group.py took 0.043 seconds
[2024-08-24T11:36:22.025+0000] {processor.py:186} INFO - Started process (PID=1963) to work on /home/airflow/.local/lib/python3.12/site-packages/airflow/example_dags/example_task_group.py
[2024-08-24T11:36:22.025+0000] {processor.py:914} INFO - Processing file /home/airflow/.local/lib/python3.12/site-packages/airflow/example_dags/example_task_group.py for tasks to queue
[2024-08-24T11:36:22.026+0000] {logging_mixin.py:190} INFO - [2024-08-24T11:36:22.026+0000] {dagbag.py:587} INFO - Filling up the DagBag from /home/airflow/.local/lib/python3.12/site-packages/airflow/example_dags/example_task_group.py
[2024-08-24T11:36:22.030+0000] {processor.py:925} INFO - DAG(s) 'example_task_group' retrieved from /home/airflow/.local/lib/python3.12/site-packages/airflow/example_dags/example_task_group.py
[2024-08-24T11:36:22.041+0000] {logging_mixin.py:190} INFO - [2024-08-24T11:36:22.041+0000] {dag.py:3211} INFO - Sync 1 DAGs
[2024-08-24T11:36:22.053+0000] {logging_mixin.py:190} INFO - [2024-08-24T11:36:22.053+0000] {dag.py:4138} INFO - Setting next_dagrun for example_task_group to 2024-08-23 00:00:00+00:00, run_after=2024-08-24 00:00:00+00:00
[2024-08-24T11:36:22.062+0000] {processor.py:208} INFO - Processing /home/airflow/.local/lib/python3.12/site-packages/airflow/example_dags/example_task_group.py took 0.040 seconds
[2024-08-24T11:36:52.248+0000] {processor.py:186} INFO - Started process (PID=2025) to work on /home/airflow/.local/lib/python3.12/site-packages/airflow/example_dags/example_task_group.py
[2024-08-24T11:36:52.248+0000] {processor.py:914} INFO - Processing file /home/airflow/.local/lib/python3.12/site-packages/airflow/example_dags/example_task_group.py for tasks to queue
[2024-08-24T11:36:52.249+0000] {logging_mixin.py:190} INFO - [2024-08-24T11:36:52.249+0000] {dagbag.py:587} INFO - Filling up the DagBag from /home/airflow/.local/lib/python3.12/site-packages/airflow/example_dags/example_task_group.py
[2024-08-24T11:36:52.254+0000] {processor.py:925} INFO - DAG(s) 'example_task_group' retrieved from /home/airflow/.local/lib/python3.12/site-packages/airflow/example_dags/example_task_group.py
[2024-08-24T11:36:52.265+0000] {logging_mixin.py:190} INFO - [2024-08-24T11:36:52.265+0000] {dag.py:3211} INFO - Sync 1 DAGs
[2024-08-24T11:36:52.277+0000] {logging_mixin.py:190} INFO - [2024-08-24T11:36:52.276+0000] {dag.py:4138} INFO - Setting next_dagrun for example_task_group to 2024-08-23 00:00:00+00:00, run_after=2024-08-24 00:00:00+00:00
[2024-08-24T11:36:52.286+0000] {processor.py:208} INFO - Processing /home/airflow/.local/lib/python3.12/site-packages/airflow/example_dags/example_task_group.py took 0.042 seconds
[2024-08-24T11:37:22.611+0000] {processor.py:186} INFO - Started process (PID=2087) to work on /home/airflow/.local/lib/python3.12/site-packages/airflow/example_dags/example_task_group.py
[2024-08-24T11:37:22.612+0000] {processor.py:914} INFO - Processing file /home/airflow/.local/lib/python3.12/site-packages/airflow/example_dags/example_task_group.py for tasks to queue
[2024-08-24T11:37:22.613+0000] {logging_mixin.py:190} INFO - [2024-08-24T11:37:22.613+0000] {dagbag.py:587} INFO - Filling up the DagBag from /home/airflow/.local/lib/python3.12/site-packages/airflow/example_dags/example_task_group.py
[2024-08-24T11:37:22.618+0000] {processor.py:925} INFO - DAG(s) 'example_task_group' retrieved from /home/airflow/.local/lib/python3.12/site-packages/airflow/example_dags/example_task_group.py
[2024-08-24T11:37:22.629+0000] {logging_mixin.py:190} INFO - [2024-08-24T11:37:22.629+0000] {dag.py:3211} INFO - Sync 1 DAGs
[2024-08-24T11:37:22.641+0000] {logging_mixin.py:190} INFO - [2024-08-24T11:37:22.641+0000] {dag.py:4138} INFO - Setting next_dagrun for example_task_group to 2024-08-23 00:00:00+00:00, run_after=2024-08-24 00:00:00+00:00
[2024-08-24T11:37:22.650+0000] {processor.py:208} INFO - Processing /home/airflow/.local/lib/python3.12/site-packages/airflow/example_dags/example_task_group.py took 0.044 seconds
[2024-08-24T11:37:53.223+0000] {processor.py:186} INFO - Started process (PID=2150) to work on /home/airflow/.local/lib/python3.12/site-packages/airflow/example_dags/example_task_group.py
[2024-08-24T11:37:53.224+0000] {processor.py:914} INFO - Processing file /home/airflow/.local/lib/python3.12/site-packages/airflow/example_dags/example_task_group.py for tasks to queue
[2024-08-24T11:37:53.225+0000] {logging_mixin.py:190} INFO - [2024-08-24T11:37:53.225+0000] {dagbag.py:587} INFO - Filling up the DagBag from /home/airflow/.local/lib/python3.12/site-packages/airflow/example_dags/example_task_group.py
[2024-08-24T11:37:53.231+0000] {processor.py:925} INFO - DAG(s) 'example_task_group' retrieved from /home/airflow/.local/lib/python3.12/site-packages/airflow/example_dags/example_task_group.py
[2024-08-24T11:37:53.248+0000] {logging_mixin.py:190} INFO - [2024-08-24T11:37:53.248+0000] {dag.py:3211} INFO - Sync 1 DAGs
[2024-08-24T11:37:53.266+0000] {logging_mixin.py:190} INFO - [2024-08-24T11:37:53.266+0000] {dag.py:4138} INFO - Setting next_dagrun for example_task_group to 2024-08-23 00:00:00+00:00, run_after=2024-08-24 00:00:00+00:00
[2024-08-24T11:37:53.281+0000] {processor.py:208} INFO - Processing /home/airflow/.local/lib/python3.12/site-packages/airflow/example_dags/example_task_group.py took 0.062 seconds
[2024-08-24T11:38:23.764+0000] {processor.py:186} INFO - Started process (PID=2212) to work on /home/airflow/.local/lib/python3.12/site-packages/airflow/example_dags/example_task_group.py
[2024-08-24T11:38:23.764+0000] {processor.py:914} INFO - Processing file /home/airflow/.local/lib/python3.12/site-packages/airflow/example_dags/example_task_group.py for tasks to queue
[2024-08-24T11:38:23.766+0000] {logging_mixin.py:190} INFO - [2024-08-24T11:38:23.766+0000] {dagbag.py:587} INFO - Filling up the DagBag from /home/airflow/.local/lib/python3.12/site-packages/airflow/example_dags/example_task_group.py
[2024-08-24T11:38:23.772+0000] {processor.py:925} INFO - DAG(s) 'example_task_group' retrieved from /home/airflow/.local/lib/python3.12/site-packages/airflow/example_dags/example_task_group.py
[2024-08-24T11:38:23.783+0000] {logging_mixin.py:190} INFO - [2024-08-24T11:38:23.783+0000] {dag.py:3211} INFO - Sync 1 DAGs
[2024-08-24T11:38:23.795+0000] {logging_mixin.py:190} INFO - [2024-08-24T11:38:23.795+0000] {dag.py:4138} INFO - Setting next_dagrun for example_task_group to 2024-08-23 00:00:00+00:00, run_after=2024-08-24 00:00:00+00:00
[2024-08-24T11:38:23.804+0000] {processor.py:208} INFO - Processing /home/airflow/.local/lib/python3.12/site-packages/airflow/example_dags/example_task_group.py took 0.045 seconds
[2024-08-24T11:38:54.179+0000] {processor.py:186} INFO - Started process (PID=2273) to work on /home/airflow/.local/lib/python3.12/site-packages/airflow/example_dags/example_task_group.py
[2024-08-24T11:38:54.180+0000] {processor.py:914} INFO - Processing file /home/airflow/.local/lib/python3.12/site-packages/airflow/example_dags/example_task_group.py for tasks to queue
[2024-08-24T11:38:54.181+0000] {logging_mixin.py:190} INFO - [2024-08-24T11:38:54.181+0000] {dagbag.py:587} INFO - Filling up the DagBag from /home/airflow/.local/lib/python3.12/site-packages/airflow/example_dags/example_task_group.py
[2024-08-24T11:38:54.186+0000] {processor.py:925} INFO - DAG(s) 'example_task_group' retrieved from /home/airflow/.local/lib/python3.12/site-packages/airflow/example_dags/example_task_group.py
[2024-08-24T11:38:54.198+0000] {logging_mixin.py:190} INFO - [2024-08-24T11:38:54.197+0000] {dag.py:3211} INFO - Sync 1 DAGs
[2024-08-24T11:38:54.209+0000] {logging_mixin.py:190} INFO - [2024-08-24T11:38:54.209+0000] {dag.py:4138} INFO - Setting next_dagrun for example_task_group to 2024-08-23 00:00:00+00:00, run_after=2024-08-24 00:00:00+00:00
[2024-08-24T11:38:54.219+0000] {processor.py:208} INFO - Processing /home/airflow/.local/lib/python3.12/site-packages/airflow/example_dags/example_task_group.py took 0.044 seconds
[2024-08-24T11:39:24.997+0000] {processor.py:186} INFO - Started process (PID=2335) to work on /home/airflow/.local/lib/python3.12/site-packages/airflow/example_dags/example_task_group.py
[2024-08-24T11:39:24.998+0000] {processor.py:914} INFO - Processing file /home/airflow/.local/lib/python3.12/site-packages/airflow/example_dags/example_task_group.py for tasks to queue
[2024-08-24T11:39:25.000+0000] {logging_mixin.py:190} INFO - [2024-08-24T11:39:25.000+0000] {dagbag.py:587} INFO - Filling up the DagBag from /home/airflow/.local/lib/python3.12/site-packages/airflow/example_dags/example_task_group.py
[2024-08-24T11:39:25.006+0000] {processor.py:925} INFO - DAG(s) 'example_task_group' retrieved from /home/airflow/.local/lib/python3.12/site-packages/airflow/example_dags/example_task_group.py
[2024-08-24T11:39:25.018+0000] {logging_mixin.py:190} INFO - [2024-08-24T11:39:25.017+0000] {dag.py:3211} INFO - Sync 1 DAGs
[2024-08-24T11:39:25.030+0000] {logging_mixin.py:190} INFO - [2024-08-24T11:39:25.029+0000] {dag.py:4138} INFO - Setting next_dagrun for example_task_group to 2024-08-23 00:00:00+00:00, run_after=2024-08-24 00:00:00+00:00
[2024-08-24T11:39:25.038+0000] {processor.py:208} INFO - Processing /home/airflow/.local/lib/python3.12/site-packages/airflow/example_dags/example_task_group.py took 0.049 seconds
[2024-08-24T11:39:55.369+0000] {processor.py:186} INFO - Started process (PID=2397) to work on /home/airflow/.local/lib/python3.12/site-packages/airflow/example_dags/example_task_group.py
[2024-08-24T11:39:55.370+0000] {processor.py:914} INFO - Processing file /home/airflow/.local/lib/python3.12/site-packages/airflow/example_dags/example_task_group.py for tasks to queue
[2024-08-24T11:39:55.371+0000] {logging_mixin.py:190} INFO - [2024-08-24T11:39:55.371+0000] {dagbag.py:587} INFO - Filling up the DagBag from /home/airflow/.local/lib/python3.12/site-packages/airflow/example_dags/example_task_group.py
[2024-08-24T11:39:55.376+0000] {processor.py:925} INFO - DAG(s) 'example_task_group' retrieved from /home/airflow/.local/lib/python3.12/site-packages/airflow/example_dags/example_task_group.py
[2024-08-24T11:39:55.392+0000] {logging_mixin.py:190} INFO - [2024-08-24T11:39:55.392+0000] {dag.py:3211} INFO - Sync 1 DAGs
[2024-08-24T11:39:55.404+0000] {logging_mixin.py:190} INFO - [2024-08-24T11:39:55.404+0000] {dag.py:4138} INFO - Setting next_dagrun for example_task_group to 2024-08-23 00:00:00+00:00, run_after=2024-08-24 00:00:00+00:00
[2024-08-24T11:39:55.413+0000] {processor.py:208} INFO - Processing /home/airflow/.local/lib/python3.12/site-packages/airflow/example_dags/example_task_group.py took 0.047 seconds
[2024-08-24T11:40:26.038+0000] {processor.py:186} INFO - Started process (PID=2459) to work on /home/airflow/.local/lib/python3.12/site-packages/airflow/example_dags/example_task_group.py
[2024-08-24T11:40:26.039+0000] {processor.py:914} INFO - Processing file /home/airflow/.local/lib/python3.12/site-packages/airflow/example_dags/example_task_group.py for tasks to queue
[2024-08-24T11:40:26.041+0000] {logging_mixin.py:190} INFO - [2024-08-24T11:40:26.040+0000] {dagbag.py:587} INFO - Filling up the DagBag from /home/airflow/.local/lib/python3.12/site-packages/airflow/example_dags/example_task_group.py
[2024-08-24T11:40:26.045+0000] {processor.py:925} INFO - DAG(s) 'example_task_group' retrieved from /home/airflow/.local/lib/python3.12/site-packages/airflow/example_dags/example_task_group.py
[2024-08-24T11:40:26.056+0000] {logging_mixin.py:190} INFO - [2024-08-24T11:40:26.056+0000] {dag.py:3211} INFO - Sync 1 DAGs
[2024-08-24T11:40:26.068+0000] {logging_mixin.py:190} INFO - [2024-08-24T11:40:26.068+0000] {dag.py:4138} INFO - Setting next_dagrun for example_task_group to 2024-08-23 00:00:00+00:00, run_after=2024-08-24 00:00:00+00:00
[2024-08-24T11:40:26.077+0000] {processor.py:208} INFO - Processing /home/airflow/.local/lib/python3.12/site-packages/airflow/example_dags/example_task_group.py took 0.043 seconds
[2024-08-24T11:40:56.599+0000] {processor.py:186} INFO - Started process (PID=2521) to work on /home/airflow/.local/lib/python3.12/site-packages/airflow/example_dags/example_task_group.py
[2024-08-24T11:40:56.599+0000] {processor.py:914} INFO - Processing file /home/airflow/.local/lib/python3.12/site-packages/airflow/example_dags/example_task_group.py for tasks to queue
[2024-08-24T11:40:56.600+0000] {logging_mixin.py:190} INFO - [2024-08-24T11:40:56.600+0000] {dagbag.py:587} INFO - Filling up the DagBag from /home/airflow/.local/lib/python3.12/site-packages/airflow/example_dags/example_task_group.py
[2024-08-24T11:40:56.605+0000] {processor.py:925} INFO - DAG(s) 'example_task_group' retrieved from /home/airflow/.local/lib/python3.12/site-packages/airflow/example_dags/example_task_group.py
[2024-08-24T11:40:56.616+0000] {logging_mixin.py:190} INFO - [2024-08-24T11:40:56.616+0000] {dag.py:3211} INFO - Sync 1 DAGs
[2024-08-24T11:40:56.632+0000] {logging_mixin.py:190} INFO - [2024-08-24T11:40:56.632+0000] {dag.py:4138} INFO - Setting next_dagrun for example_task_group to 2024-08-23 00:00:00+00:00, run_after=2024-08-24 00:00:00+00:00
[2024-08-24T11:40:56.644+0000] {processor.py:208} INFO - Processing /home/airflow/.local/lib/python3.12/site-packages/airflow/example_dags/example_task_group.py took 0.048 seconds
[2024-08-24T11:41:27.178+0000] {processor.py:186} INFO - Started process (PID=2583) to work on /home/airflow/.local/lib/python3.12/site-packages/airflow/example_dags/example_task_group.py
[2024-08-24T11:41:27.179+0000] {processor.py:914} INFO - Processing file /home/airflow/.local/lib/python3.12/site-packages/airflow/example_dags/example_task_group.py for tasks to queue
[2024-08-24T11:41:27.180+0000] {logging_mixin.py:190} INFO - [2024-08-24T11:41:27.180+0000] {dagbag.py:587} INFO - Filling up the DagBag from /home/airflow/.local/lib/python3.12/site-packages/airflow/example_dags/example_task_group.py
[2024-08-24T11:41:27.185+0000] {processor.py:925} INFO - DAG(s) 'example_task_group' retrieved from /home/airflow/.local/lib/python3.12/site-packages/airflow/example_dags/example_task_group.py
[2024-08-24T11:41:27.196+0000] {logging_mixin.py:190} INFO - [2024-08-24T11:41:27.196+0000] {dag.py:3211} INFO - Sync 1 DAGs
[2024-08-24T11:41:27.208+0000] {logging_mixin.py:190} INFO - [2024-08-24T11:41:27.208+0000] {dag.py:4138} INFO - Setting next_dagrun for example_task_group to 2024-08-23 00:00:00+00:00, run_after=2024-08-24 00:00:00+00:00
[2024-08-24T11:41:27.217+0000] {processor.py:208} INFO - Processing /home/airflow/.local/lib/python3.12/site-packages/airflow/example_dags/example_task_group.py took 0.042 seconds
[2024-08-24T11:41:57.623+0000] {processor.py:186} INFO - Started process (PID=2645) to work on /home/airflow/.local/lib/python3.12/site-packages/airflow/example_dags/example_task_group.py
[2024-08-24T11:41:57.623+0000] {processor.py:914} INFO - Processing file /home/airflow/.local/lib/python3.12/site-packages/airflow/example_dags/example_task_group.py for tasks to queue
[2024-08-24T11:41:57.624+0000] {logging_mixin.py:190} INFO - [2024-08-24T11:41:57.624+0000] {dagbag.py:587} INFO - Filling up the DagBag from /home/airflow/.local/lib/python3.12/site-packages/airflow/example_dags/example_task_group.py
[2024-08-24T11:41:57.629+0000] {processor.py:925} INFO - DAG(s) 'example_task_group' retrieved from /home/airflow/.local/lib/python3.12/site-packages/airflow/example_dags/example_task_group.py
[2024-08-24T11:41:57.643+0000] {logging_mixin.py:190} INFO - [2024-08-24T11:41:57.643+0000] {dag.py:3211} INFO - Sync 1 DAGs
[2024-08-24T11:41:57.655+0000] {logging_mixin.py:190} INFO - [2024-08-24T11:41:57.655+0000] {dag.py:4138} INFO - Setting next_dagrun for example_task_group to 2024-08-23 00:00:00+00:00, run_after=2024-08-24 00:00:00+00:00
[2024-08-24T11:41:57.664+0000] {processor.py:208} INFO - Processing /home/airflow/.local/lib/python3.12/site-packages/airflow/example_dags/example_task_group.py took 0.045 seconds
[2024-08-24T11:42:28.093+0000] {processor.py:186} INFO - Started process (PID=2707) to work on /home/airflow/.local/lib/python3.12/site-packages/airflow/example_dags/example_task_group.py
[2024-08-24T11:42:28.093+0000] {processor.py:914} INFO - Processing file /home/airflow/.local/lib/python3.12/site-packages/airflow/example_dags/example_task_group.py for tasks to queue
[2024-08-24T11:42:28.094+0000] {logging_mixin.py:190} INFO - [2024-08-24T11:42:28.094+0000] {dagbag.py:587} INFO - Filling up the DagBag from /home/airflow/.local/lib/python3.12/site-packages/airflow/example_dags/example_task_group.py
[2024-08-24T11:42:28.099+0000] {processor.py:925} INFO - DAG(s) 'example_task_group' retrieved from /home/airflow/.local/lib/python3.12/site-packages/airflow/example_dags/example_task_group.py
[2024-08-24T11:42:28.112+0000] {logging_mixin.py:190} INFO - [2024-08-24T11:42:28.112+0000] {dag.py:3211} INFO - Sync 1 DAGs
[2024-08-24T11:42:28.125+0000] {logging_mixin.py:190} INFO - [2024-08-24T11:42:28.125+0000] {dag.py:4138} INFO - Setting next_dagrun for example_task_group to 2024-08-23 00:00:00+00:00, run_after=2024-08-24 00:00:00+00:00
[2024-08-24T11:42:28.135+0000] {processor.py:208} INFO - Processing /home/airflow/.local/lib/python3.12/site-packages/airflow/example_dags/example_task_group.py took 0.046 seconds
[2024-08-24T11:42:58.554+0000] {processor.py:186} INFO - Started process (PID=2769) to work on /home/airflow/.local/lib/python3.12/site-packages/airflow/example_dags/example_task_group.py
[2024-08-24T11:42:58.554+0000] {processor.py:914} INFO - Processing file /home/airflow/.local/lib/python3.12/site-packages/airflow/example_dags/example_task_group.py for tasks to queue
[2024-08-24T11:42:58.556+0000] {logging_mixin.py:190} INFO - [2024-08-24T11:42:58.556+0000] {dagbag.py:587} INFO - Filling up the DagBag from /home/airflow/.local/lib/python3.12/site-packages/airflow/example_dags/example_task_group.py
[2024-08-24T11:42:58.560+0000] {processor.py:925} INFO - DAG(s) 'example_task_group' retrieved from /home/airflow/.local/lib/python3.12/site-packages/airflow/example_dags/example_task_group.py
[2024-08-24T11:42:58.573+0000] {logging_mixin.py:190} INFO - [2024-08-24T11:42:58.573+0000] {dag.py:3211} INFO - Sync 1 DAGs
[2024-08-24T11:42:58.587+0000] {logging_mixin.py:190} INFO - [2024-08-24T11:42:58.587+0000] {dag.py:4138} INFO - Setting next_dagrun for example_task_group to 2024-08-23 00:00:00+00:00, run_after=2024-08-24 00:00:00+00:00
[2024-08-24T11:42:58.595+0000] {processor.py:208} INFO - Processing /home/airflow/.local/lib/python3.12/site-packages/airflow/example_dags/example_task_group.py took 0.046 seconds
[2024-08-24T11:43:28.997+0000] {processor.py:186} INFO - Started process (PID=2831) to work on /home/airflow/.local/lib/python3.12/site-packages/airflow/example_dags/example_task_group.py
[2024-08-24T11:43:28.997+0000] {processor.py:914} INFO - Processing file /home/airflow/.local/lib/python3.12/site-packages/airflow/example_dags/example_task_group.py for tasks to queue
[2024-08-24T11:43:28.998+0000] {logging_mixin.py:190} INFO - [2024-08-24T11:43:28.998+0000] {dagbag.py:587} INFO - Filling up the DagBag from /home/airflow/.local/lib/python3.12/site-packages/airflow/example_dags/example_task_group.py
[2024-08-24T11:43:29.003+0000] {processor.py:925} INFO - DAG(s) 'example_task_group' retrieved from /home/airflow/.local/lib/python3.12/site-packages/airflow/example_dags/example_task_group.py
[2024-08-24T11:43:29.019+0000] {logging_mixin.py:190} INFO - [2024-08-24T11:43:29.018+0000] {dag.py:3211} INFO - Sync 1 DAGs
[2024-08-24T11:43:29.031+0000] {logging_mixin.py:190} INFO - [2024-08-24T11:43:29.031+0000] {dag.py:4138} INFO - Setting next_dagrun for example_task_group to 2024-08-23 00:00:00+00:00, run_after=2024-08-24 00:00:00+00:00
[2024-08-24T11:43:29.041+0000] {processor.py:208} INFO - Processing /home/airflow/.local/lib/python3.12/site-packages/airflow/example_dags/example_task_group.py took 0.047 seconds
[2024-08-24T11:43:59.576+0000] {processor.py:186} INFO - Started process (PID=2893) to work on /home/airflow/.local/lib/python3.12/site-packages/airflow/example_dags/example_task_group.py
[2024-08-24T11:43:59.577+0000] {processor.py:914} INFO - Processing file /home/airflow/.local/lib/python3.12/site-packages/airflow/example_dags/example_task_group.py for tasks to queue
[2024-08-24T11:43:59.578+0000] {logging_mixin.py:190} INFO - [2024-08-24T11:43:59.577+0000] {dagbag.py:587} INFO - Filling up the DagBag from /home/airflow/.local/lib/python3.12/site-packages/airflow/example_dags/example_task_group.py
[2024-08-24T11:43:59.582+0000] {processor.py:925} INFO - DAG(s) 'example_task_group' retrieved from /home/airflow/.local/lib/python3.12/site-packages/airflow/example_dags/example_task_group.py
[2024-08-24T11:43:59.593+0000] {logging_mixin.py:190} INFO - [2024-08-24T11:43:59.593+0000] {dag.py:3211} INFO - Sync 1 DAGs
[2024-08-24T11:43:59.604+0000] {logging_mixin.py:190} INFO - [2024-08-24T11:43:59.604+0000] {dag.py:4138} INFO - Setting next_dagrun for example_task_group to 2024-08-23 00:00:00+00:00, run_after=2024-08-24 00:00:00+00:00
[2024-08-24T11:43:59.615+0000] {processor.py:208} INFO - Processing /home/airflow/.local/lib/python3.12/site-packages/airflow/example_dags/example_task_group.py took 0.042 seconds
[2024-08-24T11:44:29.969+0000] {processor.py:186} INFO - Started process (PID=2955) to work on /home/airflow/.local/lib/python3.12/site-packages/airflow/example_dags/example_task_group.py
[2024-08-24T11:44:29.970+0000] {processor.py:914} INFO - Processing file /home/airflow/.local/lib/python3.12/site-packages/airflow/example_dags/example_task_group.py for tasks to queue
[2024-08-24T11:44:29.972+0000] {logging_mixin.py:190} INFO - [2024-08-24T11:44:29.971+0000] {dagbag.py:587} INFO - Filling up the DagBag from /home/airflow/.local/lib/python3.12/site-packages/airflow/example_dags/example_task_group.py
[2024-08-24T11:44:29.979+0000] {processor.py:925} INFO - DAG(s) 'example_task_group' retrieved from /home/airflow/.local/lib/python3.12/site-packages/airflow/example_dags/example_task_group.py
[2024-08-24T11:44:29.990+0000] {logging_mixin.py:190} INFO - [2024-08-24T11:44:29.990+0000] {dag.py:3211} INFO - Sync 1 DAGs
[2024-08-24T11:44:30.002+0000] {logging_mixin.py:190} INFO - [2024-08-24T11:44:30.002+0000] {dag.py:4138} INFO - Setting next_dagrun for example_task_group to 2024-08-23 00:00:00+00:00, run_after=2024-08-24 00:00:00+00:00
[2024-08-24T11:44:30.011+0000] {processor.py:208} INFO - Processing /home/airflow/.local/lib/python3.12/site-packages/airflow/example_dags/example_task_group.py took 0.046 seconds
[2024-08-24T11:45:01.115+0000] {processor.py:186} INFO - Started process (PID=3018) to work on /home/airflow/.local/lib/python3.12/site-packages/airflow/example_dags/example_task_group.py
[2024-08-24T11:45:01.116+0000] {processor.py:914} INFO - Processing file /home/airflow/.local/lib/python3.12/site-packages/airflow/example_dags/example_task_group.py for tasks to queue
[2024-08-24T11:45:01.117+0000] {logging_mixin.py:190} INFO - [2024-08-24T11:45:01.117+0000] {dagbag.py:587} INFO - Filling up the DagBag from /home/airflow/.local/lib/python3.12/site-packages/airflow/example_dags/example_task_group.py
[2024-08-24T11:45:01.121+0000] {processor.py:925} INFO - DAG(s) 'example_task_group' retrieved from /home/airflow/.local/lib/python3.12/site-packages/airflow/example_dags/example_task_group.py
[2024-08-24T11:45:01.134+0000] {logging_mixin.py:190} INFO - [2024-08-24T11:45:01.134+0000] {dag.py:3211} INFO - Sync 1 DAGs
[2024-08-24T11:45:01.240+0000] {logging_mixin.py:190} INFO - [2024-08-24T11:45:01.239+0000] {dag.py:4138} INFO - Setting next_dagrun for example_task_group to 2024-08-23 00:00:00+00:00, run_after=2024-08-24 00:00:00+00:00
[2024-08-24T11:45:01.248+0000] {processor.py:208} INFO - Processing /home/airflow/.local/lib/python3.12/site-packages/airflow/example_dags/example_task_group.py took 0.136 seconds
[2024-08-24T11:45:31.850+0000] {processor.py:186} INFO - Started process (PID=3081) to work on /home/airflow/.local/lib/python3.12/site-packages/airflow/example_dags/example_task_group.py
[2024-08-24T11:45:31.850+0000] {processor.py:914} INFO - Processing file /home/airflow/.local/lib/python3.12/site-packages/airflow/example_dags/example_task_group.py for tasks to queue
[2024-08-24T11:45:31.851+0000] {logging_mixin.py:190} INFO - [2024-08-24T11:45:31.851+0000] {dagbag.py:587} INFO - Filling up the DagBag from /home/airflow/.local/lib/python3.12/site-packages/airflow/example_dags/example_task_group.py
[2024-08-24T11:45:31.855+0000] {processor.py:925} INFO - DAG(s) 'example_task_group' retrieved from /home/airflow/.local/lib/python3.12/site-packages/airflow/example_dags/example_task_group.py
[2024-08-24T11:45:31.867+0000] {logging_mixin.py:190} INFO - [2024-08-24T11:45:31.867+0000] {dag.py:3211} INFO - Sync 1 DAGs
[2024-08-24T11:45:31.879+0000] {logging_mixin.py:190} INFO - [2024-08-24T11:45:31.879+0000] {dag.py:4138} INFO - Setting next_dagrun for example_task_group to 2024-08-23 00:00:00+00:00, run_after=2024-08-24 00:00:00+00:00
[2024-08-24T11:45:31.985+0000] {processor.py:208} INFO - Processing /home/airflow/.local/lib/python3.12/site-packages/airflow/example_dags/example_task_group.py took 0.139 seconds
[2024-08-24T11:46:02.125+0000] {processor.py:186} INFO - Started process (PID=3143) to work on /home/airflow/.local/lib/python3.12/site-packages/airflow/example_dags/example_task_group.py
[2024-08-24T11:46:02.126+0000] {processor.py:914} INFO - Processing file /home/airflow/.local/lib/python3.12/site-packages/airflow/example_dags/example_task_group.py for tasks to queue
[2024-08-24T11:46:02.127+0000] {logging_mixin.py:190} INFO - [2024-08-24T11:46:02.126+0000] {dagbag.py:587} INFO - Filling up the DagBag from /home/airflow/.local/lib/python3.12/site-packages/airflow/example_dags/example_task_group.py
[2024-08-24T11:46:02.131+0000] {processor.py:925} INFO - DAG(s) 'example_task_group' retrieved from /home/airflow/.local/lib/python3.12/site-packages/airflow/example_dags/example_task_group.py
[2024-08-24T11:46:02.156+0000] {logging_mixin.py:190} INFO - [2024-08-24T11:46:02.156+0000] {dag.py:3211} INFO - Sync 1 DAGs
[2024-08-24T11:46:02.182+0000] {logging_mixin.py:190} INFO - [2024-08-24T11:46:02.182+0000] {dag.py:4138} INFO - Setting next_dagrun for example_task_group to 2024-08-23 00:00:00+00:00, run_after=2024-08-24 00:00:00+00:00
[2024-08-24T11:46:02.191+0000] {processor.py:208} INFO - Processing /home/airflow/.local/lib/python3.12/site-packages/airflow/example_dags/example_task_group.py took 0.070 seconds
[2024-08-24T11:46:32.910+0000] {processor.py:186} INFO - Started process (PID=3205) to work on /home/airflow/.local/lib/python3.12/site-packages/airflow/example_dags/example_task_group.py
[2024-08-24T11:46:32.911+0000] {processor.py:914} INFO - Processing file /home/airflow/.local/lib/python3.12/site-packages/airflow/example_dags/example_task_group.py for tasks to queue
[2024-08-24T11:46:32.912+0000] {logging_mixin.py:190} INFO - [2024-08-24T11:46:32.912+0000] {dagbag.py:587} INFO - Filling up the DagBag from /home/airflow/.local/lib/python3.12/site-packages/airflow/example_dags/example_task_group.py
[2024-08-24T11:46:32.918+0000] {processor.py:925} INFO - DAG(s) 'example_task_group' retrieved from /home/airflow/.local/lib/python3.12/site-packages/airflow/example_dags/example_task_group.py
[2024-08-24T11:46:32.934+0000] {logging_mixin.py:190} INFO - [2024-08-24T11:46:32.934+0000] {dag.py:3211} INFO - Sync 1 DAGs
[2024-08-24T11:46:32.948+0000] {logging_mixin.py:190} INFO - [2024-08-24T11:46:32.948+0000] {dag.py:4138} INFO - Setting next_dagrun for example_task_group to 2024-08-23 00:00:00+00:00, run_after=2024-08-24 00:00:00+00:00
[2024-08-24T11:46:32.958+0000] {processor.py:208} INFO - Processing /home/airflow/.local/lib/python3.12/site-packages/airflow/example_dags/example_task_group.py took 0.052 seconds
[2024-08-24T11:47:04.175+0000] {processor.py:186} INFO - Started process (PID=3267) to work on /home/airflow/.local/lib/python3.12/site-packages/airflow/example_dags/example_task_group.py
[2024-08-24T11:47:04.176+0000] {processor.py:914} INFO - Processing file /home/airflow/.local/lib/python3.12/site-packages/airflow/example_dags/example_task_group.py for tasks to queue
[2024-08-24T11:47:04.177+0000] {logging_mixin.py:190} INFO - [2024-08-24T11:47:04.177+0000] {dagbag.py:587} INFO - Filling up the DagBag from /home/airflow/.local/lib/python3.12/site-packages/airflow/example_dags/example_task_group.py
[2024-08-24T11:47:04.273+0000] {processor.py:925} INFO - DAG(s) 'example_task_group' retrieved from /home/airflow/.local/lib/python3.12/site-packages/airflow/example_dags/example_task_group.py
[2024-08-24T11:47:04.282+0000] {logging_mixin.py:190} INFO - [2024-08-24T11:47:04.282+0000] {dag.py:3211} INFO - Sync 1 DAGs
[2024-08-24T11:47:04.293+0000] {logging_mixin.py:190} INFO - [2024-08-24T11:47:04.293+0000] {dag.py:4138} INFO - Setting next_dagrun for example_task_group to 2024-08-23 00:00:00+00:00, run_after=2024-08-24 00:00:00+00:00
[2024-08-24T11:47:04.301+0000] {processor.py:208} INFO - Processing /home/airflow/.local/lib/python3.12/site-packages/airflow/example_dags/example_task_group.py took 0.129 seconds
[2024-08-24T11:47:34.766+0000] {processor.py:186} INFO - Started process (PID=3329) to work on /home/airflow/.local/lib/python3.12/site-packages/airflow/example_dags/example_task_group.py
[2024-08-24T11:47:34.767+0000] {processor.py:914} INFO - Processing file /home/airflow/.local/lib/python3.12/site-packages/airflow/example_dags/example_task_group.py for tasks to queue
[2024-08-24T11:47:34.768+0000] {logging_mixin.py:190} INFO - [2024-08-24T11:47:34.767+0000] {dagbag.py:587} INFO - Filling up the DagBag from /home/airflow/.local/lib/python3.12/site-packages/airflow/example_dags/example_task_group.py
[2024-08-24T11:47:34.772+0000] {processor.py:925} INFO - DAG(s) 'example_task_group' retrieved from /home/airflow/.local/lib/python3.12/site-packages/airflow/example_dags/example_task_group.py
[2024-08-24T11:47:34.783+0000] {logging_mixin.py:190} INFO - [2024-08-24T11:47:34.783+0000] {dag.py:3211} INFO - Sync 1 DAGs
[2024-08-24T11:47:34.795+0000] {logging_mixin.py:190} INFO - [2024-08-24T11:47:34.795+0000] {dag.py:4138} INFO - Setting next_dagrun for example_task_group to 2024-08-23 00:00:00+00:00, run_after=2024-08-24 00:00:00+00:00
[2024-08-24T11:47:34.805+0000] {processor.py:208} INFO - Processing /home/airflow/.local/lib/python3.12/site-packages/airflow/example_dags/example_task_group.py took 0.042 seconds
[2024-08-24T11:48:05.125+0000] {processor.py:186} INFO - Started process (PID=3391) to work on /home/airflow/.local/lib/python3.12/site-packages/airflow/example_dags/example_task_group.py
[2024-08-24T11:48:05.126+0000] {processor.py:914} INFO - Processing file /home/airflow/.local/lib/python3.12/site-packages/airflow/example_dags/example_task_group.py for tasks to queue
[2024-08-24T11:48:05.127+0000] {logging_mixin.py:190} INFO - [2024-08-24T11:48:05.127+0000] {dagbag.py:587} INFO - Filling up the DagBag from /home/airflow/.local/lib/python3.12/site-packages/airflow/example_dags/example_task_group.py
[2024-08-24T11:48:05.132+0000] {processor.py:925} INFO - DAG(s) 'example_task_group' retrieved from /home/airflow/.local/lib/python3.12/site-packages/airflow/example_dags/example_task_group.py
[2024-08-24T11:48:05.144+0000] {logging_mixin.py:190} INFO - [2024-08-24T11:48:05.144+0000] {dag.py:3211} INFO - Sync 1 DAGs
[2024-08-24T11:48:05.157+0000] {logging_mixin.py:190} INFO - [2024-08-24T11:48:05.157+0000] {dag.py:4138} INFO - Setting next_dagrun for example_task_group to 2024-08-23 00:00:00+00:00, run_after=2024-08-24 00:00:00+00:00
[2024-08-24T11:48:05.166+0000] {processor.py:208} INFO - Processing /home/airflow/.local/lib/python3.12/site-packages/airflow/example_dags/example_task_group.py took 0.044 seconds
[2024-08-24T11:48:35.357+0000] {processor.py:186} INFO - Started process (PID=3453) to work on /home/airflow/.local/lib/python3.12/site-packages/airflow/example_dags/example_task_group.py
[2024-08-24T11:48:35.357+0000] {processor.py:914} INFO - Processing file /home/airflow/.local/lib/python3.12/site-packages/airflow/example_dags/example_task_group.py for tasks to queue
[2024-08-24T11:48:35.358+0000] {logging_mixin.py:190} INFO - [2024-08-24T11:48:35.358+0000] {dagbag.py:587} INFO - Filling up the DagBag from /home/airflow/.local/lib/python3.12/site-packages/airflow/example_dags/example_task_group.py
[2024-08-24T11:48:35.363+0000] {processor.py:925} INFO - DAG(s) 'example_task_group' retrieved from /home/airflow/.local/lib/python3.12/site-packages/airflow/example_dags/example_task_group.py
[2024-08-24T11:48:35.375+0000] {logging_mixin.py:190} INFO - [2024-08-24T11:48:35.374+0000] {dag.py:3211} INFO - Sync 1 DAGs
[2024-08-24T11:48:35.387+0000] {logging_mixin.py:190} INFO - [2024-08-24T11:48:35.387+0000] {dag.py:4138} INFO - Setting next_dagrun for example_task_group to 2024-08-23 00:00:00+00:00, run_after=2024-08-24 00:00:00+00:00
[2024-08-24T11:48:35.396+0000] {processor.py:208} INFO - Processing /home/airflow/.local/lib/python3.12/site-packages/airflow/example_dags/example_task_group.py took 0.042 seconds
[2024-08-24T11:49:05.651+0000] {processor.py:186} INFO - Started process (PID=3515) to work on /home/airflow/.local/lib/python3.12/site-packages/airflow/example_dags/example_task_group.py
[2024-08-24T11:49:05.652+0000] {processor.py:914} INFO - Processing file /home/airflow/.local/lib/python3.12/site-packages/airflow/example_dags/example_task_group.py for tasks to queue
[2024-08-24T11:49:05.653+0000] {logging_mixin.py:190} INFO - [2024-08-24T11:49:05.653+0000] {dagbag.py:587} INFO - Filling up the DagBag from /home/airflow/.local/lib/python3.12/site-packages/airflow/example_dags/example_task_group.py
[2024-08-24T11:49:05.657+0000] {processor.py:925} INFO - DAG(s) 'example_task_group' retrieved from /home/airflow/.local/lib/python3.12/site-packages/airflow/example_dags/example_task_group.py
[2024-08-24T11:49:05.674+0000] {logging_mixin.py:190} INFO - [2024-08-24T11:49:05.673+0000] {dag.py:3211} INFO - Sync 1 DAGs
[2024-08-24T11:49:05.690+0000] {logging_mixin.py:190} INFO - [2024-08-24T11:49:05.689+0000] {dag.py:4138} INFO - Setting next_dagrun for example_task_group to 2024-08-23 00:00:00+00:00, run_after=2024-08-24 00:00:00+00:00
[2024-08-24T11:49:05.703+0000] {processor.py:208} INFO - Processing /home/airflow/.local/lib/python3.12/site-packages/airflow/example_dags/example_task_group.py took 0.055 seconds
[2024-08-24T11:49:36.022+0000] {processor.py:186} INFO - Started process (PID=3577) to work on /home/airflow/.local/lib/python3.12/site-packages/airflow/example_dags/example_task_group.py
[2024-08-24T11:49:36.022+0000] {processor.py:914} INFO - Processing file /home/airflow/.local/lib/python3.12/site-packages/airflow/example_dags/example_task_group.py for tasks to queue
[2024-08-24T11:49:36.023+0000] {logging_mixin.py:190} INFO - [2024-08-24T11:49:36.023+0000] {dagbag.py:587} INFO - Filling up the DagBag from /home/airflow/.local/lib/python3.12/site-packages/airflow/example_dags/example_task_group.py
[2024-08-24T11:49:36.028+0000] {processor.py:925} INFO - DAG(s) 'example_task_group' retrieved from /home/airflow/.local/lib/python3.12/site-packages/airflow/example_dags/example_task_group.py
[2024-08-24T11:49:36.040+0000] {logging_mixin.py:190} INFO - [2024-08-24T11:49:36.040+0000] {dag.py:3211} INFO - Sync 1 DAGs
[2024-08-24T11:49:36.054+0000] {logging_mixin.py:190} INFO - [2024-08-24T11:49:36.054+0000] {dag.py:4138} INFO - Setting next_dagrun for example_task_group to 2024-08-23 00:00:00+00:00, run_after=2024-08-24 00:00:00+00:00
[2024-08-24T11:49:36.062+0000] {processor.py:208} INFO - Processing /home/airflow/.local/lib/python3.12/site-packages/airflow/example_dags/example_task_group.py took 0.044 seconds
[2024-08-24T11:50:06.319+0000] {processor.py:186} INFO - Started process (PID=3639) to work on /home/airflow/.local/lib/python3.12/site-packages/airflow/example_dags/example_task_group.py
[2024-08-24T11:50:06.320+0000] {processor.py:914} INFO - Processing file /home/airflow/.local/lib/python3.12/site-packages/airflow/example_dags/example_task_group.py for tasks to queue
[2024-08-24T11:50:06.322+0000] {logging_mixin.py:190} INFO - [2024-08-24T11:50:06.321+0000] {dagbag.py:587} INFO - Filling up the DagBag from /home/airflow/.local/lib/python3.12/site-packages/airflow/example_dags/example_task_group.py
[2024-08-24T11:50:06.327+0000] {processor.py:925} INFO - DAG(s) 'example_task_group' retrieved from /home/airflow/.local/lib/python3.12/site-packages/airflow/example_dags/example_task_group.py
[2024-08-24T11:50:06.339+0000] {logging_mixin.py:190} INFO - [2024-08-24T11:50:06.338+0000] {dag.py:3211} INFO - Sync 1 DAGs
[2024-08-24T11:50:06.352+0000] {logging_mixin.py:190} INFO - [2024-08-24T11:50:06.352+0000] {dag.py:4138} INFO - Setting next_dagrun for example_task_group to 2024-08-23 00:00:00+00:00, run_after=2024-08-24 00:00:00+00:00
[2024-08-24T11:50:06.361+0000] {processor.py:208} INFO - Processing /home/airflow/.local/lib/python3.12/site-packages/airflow/example_dags/example_task_group.py took 0.046 seconds
[2024-08-24T11:50:36.745+0000] {processor.py:186} INFO - Started process (PID=3701) to work on /home/airflow/.local/lib/python3.12/site-packages/airflow/example_dags/example_task_group.py
[2024-08-24T11:50:36.745+0000] {processor.py:914} INFO - Processing file /home/airflow/.local/lib/python3.12/site-packages/airflow/example_dags/example_task_group.py for tasks to queue
[2024-08-24T11:50:36.746+0000] {logging_mixin.py:190} INFO - [2024-08-24T11:50:36.746+0000] {dagbag.py:587} INFO - Filling up the DagBag from /home/airflow/.local/lib/python3.12/site-packages/airflow/example_dags/example_task_group.py
[2024-08-24T11:50:36.751+0000] {processor.py:925} INFO - DAG(s) 'example_task_group' retrieved from /home/airflow/.local/lib/python3.12/site-packages/airflow/example_dags/example_task_group.py
[2024-08-24T11:50:36.768+0000] {logging_mixin.py:190} INFO - [2024-08-24T11:50:36.767+0000] {dag.py:3211} INFO - Sync 1 DAGs
[2024-08-24T11:50:36.783+0000] {logging_mixin.py:190} INFO - [2024-08-24T11:50:36.783+0000] {dag.py:4138} INFO - Setting next_dagrun for example_task_group to 2024-08-23 00:00:00+00:00, run_after=2024-08-24 00:00:00+00:00
[2024-08-24T11:50:36.792+0000] {processor.py:208} INFO - Processing /home/airflow/.local/lib/python3.12/site-packages/airflow/example_dags/example_task_group.py took 0.051 seconds
[2024-08-24T11:51:07.178+0000] {processor.py:186} INFO - Started process (PID=3763) to work on /home/airflow/.local/lib/python3.12/site-packages/airflow/example_dags/example_task_group.py
[2024-08-24T11:51:07.179+0000] {processor.py:914} INFO - Processing file /home/airflow/.local/lib/python3.12/site-packages/airflow/example_dags/example_task_group.py for tasks to queue
[2024-08-24T11:51:07.180+0000] {logging_mixin.py:190} INFO - [2024-08-24T11:51:07.180+0000] {dagbag.py:587} INFO - Filling up the DagBag from /home/airflow/.local/lib/python3.12/site-packages/airflow/example_dags/example_task_group.py
[2024-08-24T11:51:07.184+0000] {processor.py:925} INFO - DAG(s) 'example_task_group' retrieved from /home/airflow/.local/lib/python3.12/site-packages/airflow/example_dags/example_task_group.py
[2024-08-24T11:51:07.198+0000] {logging_mixin.py:190} INFO - [2024-08-24T11:51:07.197+0000] {dag.py:3211} INFO - Sync 1 DAGs
[2024-08-24T11:51:07.214+0000] {logging_mixin.py:190} INFO - [2024-08-24T11:51:07.214+0000] {dag.py:4138} INFO - Setting next_dagrun for example_task_group to 2024-08-23 00:00:00+00:00, run_after=2024-08-24 00:00:00+00:00
[2024-08-24T11:51:07.225+0000] {processor.py:208} INFO - Processing /home/airflow/.local/lib/python3.12/site-packages/airflow/example_dags/example_task_group.py took 0.051 seconds
[2024-08-24T11:51:37.486+0000] {processor.py:186} INFO - Started process (PID=3825) to work on /home/airflow/.local/lib/python3.12/site-packages/airflow/example_dags/example_task_group.py
[2024-08-24T11:51:37.486+0000] {processor.py:914} INFO - Processing file /home/airflow/.local/lib/python3.12/site-packages/airflow/example_dags/example_task_group.py for tasks to queue
[2024-08-24T11:51:37.488+0000] {logging_mixin.py:190} INFO - [2024-08-24T11:51:37.487+0000] {dagbag.py:587} INFO - Filling up the DagBag from /home/airflow/.local/lib/python3.12/site-packages/airflow/example_dags/example_task_group.py
[2024-08-24T11:51:37.494+0000] {processor.py:925} INFO - DAG(s) 'example_task_group' retrieved from /home/airflow/.local/lib/python3.12/site-packages/airflow/example_dags/example_task_group.py
[2024-08-24T11:51:37.505+0000] {logging_mixin.py:190} INFO - [2024-08-24T11:51:37.505+0000] {dag.py:3211} INFO - Sync 1 DAGs
[2024-08-24T11:51:37.517+0000] {logging_mixin.py:190} INFO - [2024-08-24T11:51:37.517+0000] {dag.py:4138} INFO - Setting next_dagrun for example_task_group to 2024-08-23 00:00:00+00:00, run_after=2024-08-24 00:00:00+00:00
[2024-08-24T11:51:37.526+0000] {processor.py:208} INFO - Processing /home/airflow/.local/lib/python3.12/site-packages/airflow/example_dags/example_task_group.py took 0.044 seconds
[2024-08-24T11:52:07.679+0000] {processor.py:186} INFO - Started process (PID=3887) to work on /home/airflow/.local/lib/python3.12/site-packages/airflow/example_dags/example_task_group.py
[2024-08-24T11:52:07.680+0000] {processor.py:914} INFO - Processing file /home/airflow/.local/lib/python3.12/site-packages/airflow/example_dags/example_task_group.py for tasks to queue
[2024-08-24T11:52:07.681+0000] {logging_mixin.py:190} INFO - [2024-08-24T11:52:07.681+0000] {dagbag.py:587} INFO - Filling up the DagBag from /home/airflow/.local/lib/python3.12/site-packages/airflow/example_dags/example_task_group.py
[2024-08-24T11:52:07.685+0000] {processor.py:925} INFO - DAG(s) 'example_task_group' retrieved from /home/airflow/.local/lib/python3.12/site-packages/airflow/example_dags/example_task_group.py
[2024-08-24T11:52:07.700+0000] {logging_mixin.py:190} INFO - [2024-08-24T11:52:07.700+0000] {dag.py:3211} INFO - Sync 1 DAGs
[2024-08-24T11:52:07.714+0000] {logging_mixin.py:190} INFO - [2024-08-24T11:52:07.714+0000] {dag.py:4138} INFO - Setting next_dagrun for example_task_group to 2024-08-23 00:00:00+00:00, run_after=2024-08-24 00:00:00+00:00
[2024-08-24T11:52:07.727+0000] {processor.py:208} INFO - Processing /home/airflow/.local/lib/python3.12/site-packages/airflow/example_dags/example_task_group.py took 0.052 seconds
[2024-08-24T11:52:38.036+0000] {processor.py:186} INFO - Started process (PID=3949) to work on /home/airflow/.local/lib/python3.12/site-packages/airflow/example_dags/example_task_group.py
[2024-08-24T11:52:38.036+0000] {processor.py:914} INFO - Processing file /home/airflow/.local/lib/python3.12/site-packages/airflow/example_dags/example_task_group.py for tasks to queue
[2024-08-24T11:52:38.037+0000] {logging_mixin.py:190} INFO - [2024-08-24T11:52:38.037+0000] {dagbag.py:587} INFO - Filling up the DagBag from /home/airflow/.local/lib/python3.12/site-packages/airflow/example_dags/example_task_group.py
[2024-08-24T11:52:38.042+0000] {processor.py:925} INFO - DAG(s) 'example_task_group' retrieved from /home/airflow/.local/lib/python3.12/site-packages/airflow/example_dags/example_task_group.py
[2024-08-24T11:52:38.057+0000] {logging_mixin.py:190} INFO - [2024-08-24T11:52:38.057+0000] {dag.py:3211} INFO - Sync 1 DAGs
[2024-08-24T11:52:38.072+0000] {logging_mixin.py:190} INFO - [2024-08-24T11:52:38.072+0000] {dag.py:4138} INFO - Setting next_dagrun for example_task_group to 2024-08-23 00:00:00+00:00, run_after=2024-08-24 00:00:00+00:00
[2024-08-24T11:52:38.086+0000] {processor.py:208} INFO - Processing /home/airflow/.local/lib/python3.12/site-packages/airflow/example_dags/example_task_group.py took 0.053 seconds
[2024-08-24T11:53:08.408+0000] {processor.py:186} INFO - Started process (PID=4011) to work on /home/airflow/.local/lib/python3.12/site-packages/airflow/example_dags/example_task_group.py
[2024-08-24T11:53:08.408+0000] {processor.py:914} INFO - Processing file /home/airflow/.local/lib/python3.12/site-packages/airflow/example_dags/example_task_group.py for tasks to queue
[2024-08-24T11:53:08.409+0000] {logging_mixin.py:190} INFO - [2024-08-24T11:53:08.409+0000] {dagbag.py:587} INFO - Filling up the DagBag from /home/airflow/.local/lib/python3.12/site-packages/airflow/example_dags/example_task_group.py
[2024-08-24T11:53:08.414+0000] {processor.py:925} INFO - DAG(s) 'example_task_group' retrieved from /home/airflow/.local/lib/python3.12/site-packages/airflow/example_dags/example_task_group.py
[2024-08-24T11:53:08.426+0000] {logging_mixin.py:190} INFO - [2024-08-24T11:53:08.426+0000] {dag.py:3211} INFO - Sync 1 DAGs
[2024-08-24T11:53:08.439+0000] {logging_mixin.py:190} INFO - [2024-08-24T11:53:08.439+0000] {dag.py:4138} INFO - Setting next_dagrun for example_task_group to 2024-08-23 00:00:00+00:00, run_after=2024-08-24 00:00:00+00:00
[2024-08-24T11:53:08.448+0000] {processor.py:208} INFO - Processing /home/airflow/.local/lib/python3.12/site-packages/airflow/example_dags/example_task_group.py took 0.043 seconds
[2024-08-24T11:53:38.781+0000] {processor.py:186} INFO - Started process (PID=4074) to work on /home/airflow/.local/lib/python3.12/site-packages/airflow/example_dags/example_task_group.py
[2024-08-24T11:53:38.782+0000] {processor.py:914} INFO - Processing file /home/airflow/.local/lib/python3.12/site-packages/airflow/example_dags/example_task_group.py for tasks to queue
[2024-08-24T11:53:38.783+0000] {logging_mixin.py:190} INFO - [2024-08-24T11:53:38.783+0000] {dagbag.py:587} INFO - Filling up the DagBag from /home/airflow/.local/lib/python3.12/site-packages/airflow/example_dags/example_task_group.py
[2024-08-24T11:53:38.788+0000] {processor.py:925} INFO - DAG(s) 'example_task_group' retrieved from /home/airflow/.local/lib/python3.12/site-packages/airflow/example_dags/example_task_group.py
[2024-08-24T11:53:38.799+0000] {logging_mixin.py:190} INFO - [2024-08-24T11:53:38.799+0000] {dag.py:3211} INFO - Sync 1 DAGs
[2024-08-24T11:53:38.812+0000] {logging_mixin.py:190} INFO - [2024-08-24T11:53:38.812+0000] {dag.py:4138} INFO - Setting next_dagrun for example_task_group to 2024-08-23 00:00:00+00:00, run_after=2024-08-24 00:00:00+00:00
[2024-08-24T11:53:38.821+0000] {processor.py:208} INFO - Processing /home/airflow/.local/lib/python3.12/site-packages/airflow/example_dags/example_task_group.py took 0.044 seconds
[2024-08-24T11:54:09.069+0000] {processor.py:186} INFO - Started process (PID=4136) to work on /home/airflow/.local/lib/python3.12/site-packages/airflow/example_dags/example_task_group.py
[2024-08-24T11:54:09.069+0000] {processor.py:914} INFO - Processing file /home/airflow/.local/lib/python3.12/site-packages/airflow/example_dags/example_task_group.py for tasks to queue
[2024-08-24T11:54:09.071+0000] {logging_mixin.py:190} INFO - [2024-08-24T11:54:09.071+0000] {dagbag.py:587} INFO - Filling up the DagBag from /home/airflow/.local/lib/python3.12/site-packages/airflow/example_dags/example_task_group.py
[2024-08-24T11:54:09.077+0000] {processor.py:925} INFO - DAG(s) 'example_task_group' retrieved from /home/airflow/.local/lib/python3.12/site-packages/airflow/example_dags/example_task_group.py
[2024-08-24T11:54:09.090+0000] {logging_mixin.py:190} INFO - [2024-08-24T11:54:09.089+0000] {dag.py:3211} INFO - Sync 1 DAGs
[2024-08-24T11:54:09.103+0000] {logging_mixin.py:190} INFO - [2024-08-24T11:54:09.103+0000] {dag.py:4138} INFO - Setting next_dagrun for example_task_group to 2024-08-23 00:00:00+00:00, run_after=2024-08-24 00:00:00+00:00
[2024-08-24T11:54:09.112+0000] {processor.py:208} INFO - Processing /home/airflow/.local/lib/python3.12/site-packages/airflow/example_dags/example_task_group.py took 0.048 seconds
[2024-08-24T11:54:39.367+0000] {processor.py:186} INFO - Started process (PID=4198) to work on /home/airflow/.local/lib/python3.12/site-packages/airflow/example_dags/example_task_group.py
[2024-08-24T11:54:39.367+0000] {processor.py:914} INFO - Processing file /home/airflow/.local/lib/python3.12/site-packages/airflow/example_dags/example_task_group.py for tasks to queue
[2024-08-24T11:54:39.369+0000] {logging_mixin.py:190} INFO - [2024-08-24T11:54:39.369+0000] {dagbag.py:587} INFO - Filling up the DagBag from /home/airflow/.local/lib/python3.12/site-packages/airflow/example_dags/example_task_group.py
[2024-08-24T11:54:39.376+0000] {processor.py:925} INFO - DAG(s) 'example_task_group' retrieved from /home/airflow/.local/lib/python3.12/site-packages/airflow/example_dags/example_task_group.py
[2024-08-24T11:54:39.396+0000] {logging_mixin.py:190} INFO - [2024-08-24T11:54:39.396+0000] {dag.py:3211} INFO - Sync 1 DAGs
[2024-08-24T11:54:39.412+0000] {logging_mixin.py:190} INFO - [2024-08-24T11:54:39.412+0000] {dag.py:4138} INFO - Setting next_dagrun for example_task_group to 2024-08-23 00:00:00+00:00, run_after=2024-08-24 00:00:00+00:00
[2024-08-24T11:54:39.427+0000] {processor.py:208} INFO - Processing /home/airflow/.local/lib/python3.12/site-packages/airflow/example_dags/example_task_group.py took 0.064 seconds
[2024-08-24T11:55:09.842+0000] {processor.py:186} INFO - Started process (PID=4260) to work on /home/airflow/.local/lib/python3.12/site-packages/airflow/example_dags/example_task_group.py
[2024-08-24T11:55:09.843+0000] {processor.py:914} INFO - Processing file /home/airflow/.local/lib/python3.12/site-packages/airflow/example_dags/example_task_group.py for tasks to queue
[2024-08-24T11:55:09.845+0000] {logging_mixin.py:190} INFO - [2024-08-24T11:55:09.844+0000] {dagbag.py:587} INFO - Filling up the DagBag from /home/airflow/.local/lib/python3.12/site-packages/airflow/example_dags/example_task_group.py
[2024-08-24T11:55:09.850+0000] {processor.py:925} INFO - DAG(s) 'example_task_group' retrieved from /home/airflow/.local/lib/python3.12/site-packages/airflow/example_dags/example_task_group.py
[2024-08-24T11:55:09.865+0000] {logging_mixin.py:190} INFO - [2024-08-24T11:55:09.865+0000] {dag.py:3211} INFO - Sync 1 DAGs
[2024-08-24T11:55:09.877+0000] {logging_mixin.py:190} INFO - [2024-08-24T11:55:09.877+0000] {dag.py:4138} INFO - Setting next_dagrun for example_task_group to 2024-08-23 00:00:00+00:00, run_after=2024-08-24 00:00:00+00:00
[2024-08-24T11:55:09.886+0000] {processor.py:208} INFO - Processing /home/airflow/.local/lib/python3.12/site-packages/airflow/example_dags/example_task_group.py took 0.049 seconds
[2024-08-24T11:55:40.252+0000] {processor.py:186} INFO - Started process (PID=4322) to work on /home/airflow/.local/lib/python3.12/site-packages/airflow/example_dags/example_task_group.py
[2024-08-24T11:55:40.252+0000] {processor.py:914} INFO - Processing file /home/airflow/.local/lib/python3.12/site-packages/airflow/example_dags/example_task_group.py for tasks to queue
[2024-08-24T11:55:40.253+0000] {logging_mixin.py:190} INFO - [2024-08-24T11:55:40.253+0000] {dagbag.py:587} INFO - Filling up the DagBag from /home/airflow/.local/lib/python3.12/site-packages/airflow/example_dags/example_task_group.py
[2024-08-24T11:55:40.258+0000] {processor.py:925} INFO - DAG(s) 'example_task_group' retrieved from /home/airflow/.local/lib/python3.12/site-packages/airflow/example_dags/example_task_group.py
[2024-08-24T11:55:40.274+0000] {logging_mixin.py:190} INFO - [2024-08-24T11:55:40.274+0000] {dag.py:3211} INFO - Sync 1 DAGs
[2024-08-24T11:55:40.292+0000] {logging_mixin.py:190} INFO - [2024-08-24T11:55:40.292+0000] {dag.py:4138} INFO - Setting next_dagrun for example_task_group to 2024-08-23 00:00:00+00:00, run_after=2024-08-24 00:00:00+00:00
[2024-08-24T11:55:40.304+0000] {processor.py:208} INFO - Processing /home/airflow/.local/lib/python3.12/site-packages/airflow/example_dags/example_task_group.py took 0.056 seconds
[2024-08-24T11:56:10.597+0000] {processor.py:186} INFO - Started process (PID=4384) to work on /home/airflow/.local/lib/python3.12/site-packages/airflow/example_dags/example_task_group.py
[2024-08-24T11:56:10.597+0000] {processor.py:914} INFO - Processing file /home/airflow/.local/lib/python3.12/site-packages/airflow/example_dags/example_task_group.py for tasks to queue
[2024-08-24T11:56:10.598+0000] {logging_mixin.py:190} INFO - [2024-08-24T11:56:10.598+0000] {dagbag.py:587} INFO - Filling up the DagBag from /home/airflow/.local/lib/python3.12/site-packages/airflow/example_dags/example_task_group.py
[2024-08-24T11:56:10.603+0000] {processor.py:925} INFO - DAG(s) 'example_task_group' retrieved from /home/airflow/.local/lib/python3.12/site-packages/airflow/example_dags/example_task_group.py
[2024-08-24T11:56:10.620+0000] {logging_mixin.py:190} INFO - [2024-08-24T11:56:10.620+0000] {dag.py:3211} INFO - Sync 1 DAGs
[2024-08-24T11:56:10.640+0000] {logging_mixin.py:190} INFO - [2024-08-24T11:56:10.639+0000] {dag.py:4138} INFO - Setting next_dagrun for example_task_group to 2024-08-23 00:00:00+00:00, run_after=2024-08-24 00:00:00+00:00
[2024-08-24T11:56:10.654+0000] {processor.py:208} INFO - Processing /home/airflow/.local/lib/python3.12/site-packages/airflow/example_dags/example_task_group.py took 0.060 seconds
