[2024-08-24T11:21:08.330+0000] {processor.py:186} INFO - Started process (PID=84) to work on /home/airflow/.local/lib/python3.12/site-packages/airflow/example_dags/example_short_circuit_operator.py
[2024-08-24T11:21:08.331+0000] {processor.py:914} INFO - Processing file /home/airflow/.local/lib/python3.12/site-packages/airflow/example_dags/example_short_circuit_operator.py for tasks to queue
[2024-08-24T11:21:08.332+0000] {logging_mixin.py:190} INFO - [2024-08-24T11:21:08.332+0000] {dagbag.py:587} INFO - Filling up the DagBag from /home/airflow/.local/lib/python3.12/site-packages/airflow/example_dags/example_short_circuit_operator.py
[2024-08-24T11:21:08.340+0000] {processor.py:925} INFO - DAG(s) 'example_short_circuit_operator' retrieved from /home/airflow/.local/lib/python3.12/site-packages/airflow/example_dags/example_short_circuit_operator.py
[2024-08-24T11:21:08.404+0000] {logging_mixin.py:190} INFO - [2024-08-24T11:21:08.403+0000] {override.py:1858} INFO - Created Permission View: can edit on DAG:example_short_circuit_operator
[2024-08-24T11:21:08.409+0000] {logging_mixin.py:190} INFO - [2024-08-24T11:21:08.409+0000] {override.py:1858} INFO - Created Permission View: can read on DAG:example_short_circuit_operator
[2024-08-24T11:21:08.413+0000] {logging_mixin.py:190} INFO - [2024-08-24T11:21:08.413+0000] {override.py:1858} INFO - Created Permission View: can delete on DAG:example_short_circuit_operator
[2024-08-24T11:21:08.413+0000] {logging_mixin.py:190} INFO - [2024-08-24T11:21:08.413+0000] {dag.py:3211} INFO - Sync 1 DAGs
[2024-08-24T11:21:08.421+0000] {logging_mixin.py:190} INFO - [2024-08-24T11:21:08.421+0000] {dag.py:3234} INFO - Creating ORM DAG for example_short_circuit_operator
[2024-08-24T11:21:08.427+0000] {logging_mixin.py:190} INFO - [2024-08-24T11:21:08.427+0000] {dag.py:4138} INFO - Setting next_dagrun for example_short_circuit_operator to 2024-08-23 00:00:00+00:00, run_after=2024-08-24 00:00:00+00:00
[2024-08-24T11:21:08.437+0000] {processor.py:208} INFO - Processing /home/airflow/.local/lib/python3.12/site-packages/airflow/example_dags/example_short_circuit_operator.py took 0.111 seconds
[2024-08-24T11:21:38.982+0000] {processor.py:186} INFO - Started process (PID=152) to work on /home/airflow/.local/lib/python3.12/site-packages/airflow/example_dags/example_short_circuit_operator.py
[2024-08-24T11:21:38.982+0000] {processor.py:914} INFO - Processing file /home/airflow/.local/lib/python3.12/site-packages/airflow/example_dags/example_short_circuit_operator.py for tasks to queue
[2024-08-24T11:21:38.984+0000] {logging_mixin.py:190} INFO - [2024-08-24T11:21:38.983+0000] {dagbag.py:587} INFO - Filling up the DagBag from /home/airflow/.local/lib/python3.12/site-packages/airflow/example_dags/example_short_circuit_operator.py
[2024-08-24T11:21:38.989+0000] {processor.py:925} INFO - DAG(s) 'example_short_circuit_operator' retrieved from /home/airflow/.local/lib/python3.12/site-packages/airflow/example_dags/example_short_circuit_operator.py
[2024-08-24T11:21:39.002+0000] {logging_mixin.py:190} INFO - [2024-08-24T11:21:39.002+0000] {dag.py:3211} INFO - Sync 1 DAGs
[2024-08-24T11:21:39.014+0000] {logging_mixin.py:190} INFO - [2024-08-24T11:21:39.014+0000] {dag.py:4138} INFO - Setting next_dagrun for example_short_circuit_operator to 2024-08-23 00:00:00+00:00, run_after=2024-08-24 00:00:00+00:00
[2024-08-24T11:21:39.023+0000] {processor.py:208} INFO - Processing /home/airflow/.local/lib/python3.12/site-packages/airflow/example_dags/example_short_circuit_operator.py took 0.044 seconds
[2024-08-24T11:22:09.184+0000] {processor.py:186} INFO - Started process (PID=214) to work on /home/airflow/.local/lib/python3.12/site-packages/airflow/example_dags/example_short_circuit_operator.py
[2024-08-24T11:22:09.185+0000] {processor.py:914} INFO - Processing file /home/airflow/.local/lib/python3.12/site-packages/airflow/example_dags/example_short_circuit_operator.py for tasks to queue
[2024-08-24T11:22:09.186+0000] {logging_mixin.py:190} INFO - [2024-08-24T11:22:09.186+0000] {dagbag.py:587} INFO - Filling up the DagBag from /home/airflow/.local/lib/python3.12/site-packages/airflow/example_dags/example_short_circuit_operator.py
[2024-08-24T11:22:09.191+0000] {processor.py:925} INFO - DAG(s) 'example_short_circuit_operator' retrieved from /home/airflow/.local/lib/python3.12/site-packages/airflow/example_dags/example_short_circuit_operator.py
[2024-08-24T11:22:09.202+0000] {logging_mixin.py:190} INFO - [2024-08-24T11:22:09.202+0000] {dag.py:3211} INFO - Sync 1 DAGs
[2024-08-24T11:22:09.215+0000] {logging_mixin.py:190} INFO - [2024-08-24T11:22:09.215+0000] {dag.py:4138} INFO - Setting next_dagrun for example_short_circuit_operator to 2024-08-23 00:00:00+00:00, run_after=2024-08-24 00:00:00+00:00
[2024-08-24T11:22:09.223+0000] {processor.py:208} INFO - Processing /home/airflow/.local/lib/python3.12/site-packages/airflow/example_dags/example_short_circuit_operator.py took 0.042 seconds
[2024-08-24T11:22:39.333+0000] {processor.py:186} INFO - Started process (PID=276) to work on /home/airflow/.local/lib/python3.12/site-packages/airflow/example_dags/example_short_circuit_operator.py
[2024-08-24T11:22:39.334+0000] {processor.py:914} INFO - Processing file /home/airflow/.local/lib/python3.12/site-packages/airflow/example_dags/example_short_circuit_operator.py for tasks to queue
[2024-08-24T11:22:39.335+0000] {logging_mixin.py:190} INFO - [2024-08-24T11:22:39.335+0000] {dagbag.py:587} INFO - Filling up the DagBag from /home/airflow/.local/lib/python3.12/site-packages/airflow/example_dags/example_short_circuit_operator.py
[2024-08-24T11:22:39.340+0000] {processor.py:925} INFO - DAG(s) 'example_short_circuit_operator' retrieved from /home/airflow/.local/lib/python3.12/site-packages/airflow/example_dags/example_short_circuit_operator.py
[2024-08-24T11:22:39.352+0000] {logging_mixin.py:190} INFO - [2024-08-24T11:22:39.351+0000] {dag.py:3211} INFO - Sync 1 DAGs
[2024-08-24T11:22:39.363+0000] {logging_mixin.py:190} INFO - [2024-08-24T11:22:39.363+0000] {dag.py:4138} INFO - Setting next_dagrun for example_short_circuit_operator to 2024-08-23 00:00:00+00:00, run_after=2024-08-24 00:00:00+00:00
[2024-08-24T11:22:39.372+0000] {processor.py:208} INFO - Processing /home/airflow/.local/lib/python3.12/site-packages/airflow/example_dags/example_short_circuit_operator.py took 0.043 seconds
[2024-08-24T11:23:09.535+0000] {processor.py:186} INFO - Started process (PID=338) to work on /home/airflow/.local/lib/python3.12/site-packages/airflow/example_dags/example_short_circuit_operator.py
[2024-08-24T11:23:09.535+0000] {processor.py:914} INFO - Processing file /home/airflow/.local/lib/python3.12/site-packages/airflow/example_dags/example_short_circuit_operator.py for tasks to queue
[2024-08-24T11:23:09.537+0000] {logging_mixin.py:190} INFO - [2024-08-24T11:23:09.536+0000] {dagbag.py:587} INFO - Filling up the DagBag from /home/airflow/.local/lib/python3.12/site-packages/airflow/example_dags/example_short_circuit_operator.py
[2024-08-24T11:23:09.541+0000] {processor.py:925} INFO - DAG(s) 'example_short_circuit_operator' retrieved from /home/airflow/.local/lib/python3.12/site-packages/airflow/example_dags/example_short_circuit_operator.py
[2024-08-24T11:23:09.558+0000] {logging_mixin.py:190} INFO - [2024-08-24T11:23:09.558+0000] {dag.py:3211} INFO - Sync 1 DAGs
[2024-08-24T11:23:09.570+0000] {logging_mixin.py:190} INFO - [2024-08-24T11:23:09.570+0000] {dag.py:4138} INFO - Setting next_dagrun for example_short_circuit_operator to 2024-08-23 00:00:00+00:00, run_after=2024-08-24 00:00:00+00:00
[2024-08-24T11:23:09.579+0000] {processor.py:208} INFO - Processing /home/airflow/.local/lib/python3.12/site-packages/airflow/example_dags/example_short_circuit_operator.py took 0.047 seconds
[2024-08-24T11:23:39.783+0000] {processor.py:186} INFO - Started process (PID=400) to work on /home/airflow/.local/lib/python3.12/site-packages/airflow/example_dags/example_short_circuit_operator.py
[2024-08-24T11:23:39.783+0000] {processor.py:914} INFO - Processing file /home/airflow/.local/lib/python3.12/site-packages/airflow/example_dags/example_short_circuit_operator.py for tasks to queue
[2024-08-24T11:23:39.785+0000] {logging_mixin.py:190} INFO - [2024-08-24T11:23:39.784+0000] {dagbag.py:587} INFO - Filling up the DagBag from /home/airflow/.local/lib/python3.12/site-packages/airflow/example_dags/example_short_circuit_operator.py
[2024-08-24T11:23:39.789+0000] {processor.py:925} INFO - DAG(s) 'example_short_circuit_operator' retrieved from /home/airflow/.local/lib/python3.12/site-packages/airflow/example_dags/example_short_circuit_operator.py
[2024-08-24T11:23:39.805+0000] {logging_mixin.py:190} INFO - [2024-08-24T11:23:39.804+0000] {dag.py:3211} INFO - Sync 1 DAGs
[2024-08-24T11:23:39.825+0000] {logging_mixin.py:190} INFO - [2024-08-24T11:23:39.824+0000] {dag.py:4138} INFO - Setting next_dagrun for example_short_circuit_operator to 2024-08-23 00:00:00+00:00, run_after=2024-08-24 00:00:00+00:00
[2024-08-24T11:23:39.835+0000] {processor.py:208} INFO - Processing /home/airflow/.local/lib/python3.12/site-packages/airflow/example_dags/example_short_circuit_operator.py took 0.055 seconds
[2024-08-24T11:24:10.166+0000] {processor.py:186} INFO - Started process (PID=462) to work on /home/airflow/.local/lib/python3.12/site-packages/airflow/example_dags/example_short_circuit_operator.py
[2024-08-24T11:24:10.166+0000] {processor.py:914} INFO - Processing file /home/airflow/.local/lib/python3.12/site-packages/airflow/example_dags/example_short_circuit_operator.py for tasks to queue
[2024-08-24T11:24:10.167+0000] {logging_mixin.py:190} INFO - [2024-08-24T11:24:10.167+0000] {dagbag.py:587} INFO - Filling up the DagBag from /home/airflow/.local/lib/python3.12/site-packages/airflow/example_dags/example_short_circuit_operator.py
[2024-08-24T11:24:10.172+0000] {processor.py:925} INFO - DAG(s) 'example_short_circuit_operator' retrieved from /home/airflow/.local/lib/python3.12/site-packages/airflow/example_dags/example_short_circuit_operator.py
[2024-08-24T11:24:10.186+0000] {logging_mixin.py:190} INFO - [2024-08-24T11:24:10.186+0000] {dag.py:3211} INFO - Sync 1 DAGs
[2024-08-24T11:24:10.203+0000] {logging_mixin.py:190} INFO - [2024-08-24T11:24:10.203+0000] {dag.py:4138} INFO - Setting next_dagrun for example_short_circuit_operator to 2024-08-23 00:00:00+00:00, run_after=2024-08-24 00:00:00+00:00
[2024-08-24T11:24:10.212+0000] {processor.py:208} INFO - Processing /home/airflow/.local/lib/python3.12/site-packages/airflow/example_dags/example_short_circuit_operator.py took 0.049 seconds
[2024-08-24T11:24:40.340+0000] {processor.py:186} INFO - Started process (PID=524) to work on /home/airflow/.local/lib/python3.12/site-packages/airflow/example_dags/example_short_circuit_operator.py
[2024-08-24T11:24:40.341+0000] {processor.py:914} INFO - Processing file /home/airflow/.local/lib/python3.12/site-packages/airflow/example_dags/example_short_circuit_operator.py for tasks to queue
[2024-08-24T11:24:40.343+0000] {logging_mixin.py:190} INFO - [2024-08-24T11:24:40.342+0000] {dagbag.py:587} INFO - Filling up the DagBag from /home/airflow/.local/lib/python3.12/site-packages/airflow/example_dags/example_short_circuit_operator.py
[2024-08-24T11:24:40.348+0000] {processor.py:925} INFO - DAG(s) 'example_short_circuit_operator' retrieved from /home/airflow/.local/lib/python3.12/site-packages/airflow/example_dags/example_short_circuit_operator.py
[2024-08-24T11:24:40.361+0000] {logging_mixin.py:190} INFO - [2024-08-24T11:24:40.361+0000] {dag.py:3211} INFO - Sync 1 DAGs
[2024-08-24T11:24:40.377+0000] {logging_mixin.py:190} INFO - [2024-08-24T11:24:40.377+0000] {dag.py:4138} INFO - Setting next_dagrun for example_short_circuit_operator to 2024-08-23 00:00:00+00:00, run_after=2024-08-24 00:00:00+00:00
[2024-08-24T11:24:40.390+0000] {processor.py:208} INFO - Processing /home/airflow/.local/lib/python3.12/site-packages/airflow/example_dags/example_short_circuit_operator.py took 0.055 seconds
[2024-08-24T11:25:10.526+0000] {processor.py:186} INFO - Started process (PID=586) to work on /home/airflow/.local/lib/python3.12/site-packages/airflow/example_dags/example_short_circuit_operator.py
[2024-08-24T11:25:10.527+0000] {processor.py:914} INFO - Processing file /home/airflow/.local/lib/python3.12/site-packages/airflow/example_dags/example_short_circuit_operator.py for tasks to queue
[2024-08-24T11:25:10.528+0000] {logging_mixin.py:190} INFO - [2024-08-24T11:25:10.528+0000] {dagbag.py:587} INFO - Filling up the DagBag from /home/airflow/.local/lib/python3.12/site-packages/airflow/example_dags/example_short_circuit_operator.py
[2024-08-24T11:25:10.532+0000] {processor.py:925} INFO - DAG(s) 'example_short_circuit_operator' retrieved from /home/airflow/.local/lib/python3.12/site-packages/airflow/example_dags/example_short_circuit_operator.py
[2024-08-24T11:25:10.546+0000] {logging_mixin.py:190} INFO - [2024-08-24T11:25:10.546+0000] {dag.py:3211} INFO - Sync 1 DAGs
[2024-08-24T11:25:10.566+0000] {logging_mixin.py:190} INFO - [2024-08-24T11:25:10.566+0000] {dag.py:4138} INFO - Setting next_dagrun for example_short_circuit_operator to 2024-08-23 00:00:00+00:00, run_after=2024-08-24 00:00:00+00:00
[2024-08-24T11:25:10.580+0000] {processor.py:208} INFO - Processing /home/airflow/.local/lib/python3.12/site-packages/airflow/example_dags/example_short_circuit_operator.py took 0.058 seconds
[2024-08-24T11:25:40.715+0000] {processor.py:186} INFO - Started process (PID=648) to work on /home/airflow/.local/lib/python3.12/site-packages/airflow/example_dags/example_short_circuit_operator.py
[2024-08-24T11:25:40.715+0000] {processor.py:914} INFO - Processing file /home/airflow/.local/lib/python3.12/site-packages/airflow/example_dags/example_short_circuit_operator.py for tasks to queue
[2024-08-24T11:25:40.716+0000] {logging_mixin.py:190} INFO - [2024-08-24T11:25:40.716+0000] {dagbag.py:587} INFO - Filling up the DagBag from /home/airflow/.local/lib/python3.12/site-packages/airflow/example_dags/example_short_circuit_operator.py
[2024-08-24T11:25:40.721+0000] {processor.py:925} INFO - DAG(s) 'example_short_circuit_operator' retrieved from /home/airflow/.local/lib/python3.12/site-packages/airflow/example_dags/example_short_circuit_operator.py
[2024-08-24T11:25:40.733+0000] {logging_mixin.py:190} INFO - [2024-08-24T11:25:40.733+0000] {dag.py:3211} INFO - Sync 1 DAGs
[2024-08-24T11:25:40.745+0000] {logging_mixin.py:190} INFO - [2024-08-24T11:25:40.745+0000] {dag.py:4138} INFO - Setting next_dagrun for example_short_circuit_operator to 2024-08-23 00:00:00+00:00, run_after=2024-08-24 00:00:00+00:00
[2024-08-24T11:25:40.754+0000] {processor.py:208} INFO - Processing /home/airflow/.local/lib/python3.12/site-packages/airflow/example_dags/example_short_circuit_operator.py took 0.042 seconds
[2024-08-24T11:26:10.956+0000] {processor.py:186} INFO - Started process (PID=710) to work on /home/airflow/.local/lib/python3.12/site-packages/airflow/example_dags/example_short_circuit_operator.py
[2024-08-24T11:26:10.957+0000] {processor.py:914} INFO - Processing file /home/airflow/.local/lib/python3.12/site-packages/airflow/example_dags/example_short_circuit_operator.py for tasks to queue
[2024-08-24T11:26:10.958+0000] {logging_mixin.py:190} INFO - [2024-08-24T11:26:10.958+0000] {dagbag.py:587} INFO - Filling up the DagBag from /home/airflow/.local/lib/python3.12/site-packages/airflow/example_dags/example_short_circuit_operator.py
[2024-08-24T11:26:10.962+0000] {processor.py:925} INFO - DAG(s) 'example_short_circuit_operator' retrieved from /home/airflow/.local/lib/python3.12/site-packages/airflow/example_dags/example_short_circuit_operator.py
[2024-08-24T11:26:10.980+0000] {logging_mixin.py:190} INFO - [2024-08-24T11:26:10.979+0000] {dag.py:3211} INFO - Sync 1 DAGs
[2024-08-24T11:26:10.999+0000] {logging_mixin.py:190} INFO - [2024-08-24T11:26:10.999+0000] {dag.py:4138} INFO - Setting next_dagrun for example_short_circuit_operator to 2024-08-23 00:00:00+00:00, run_after=2024-08-24 00:00:00+00:00
[2024-08-24T11:26:11.012+0000] {processor.py:208} INFO - Processing /home/airflow/.local/lib/python3.12/site-packages/airflow/example_dags/example_short_circuit_operator.py took 0.059 seconds
[2024-08-24T11:26:41.224+0000] {processor.py:186} INFO - Started process (PID=772) to work on /home/airflow/.local/lib/python3.12/site-packages/airflow/example_dags/example_short_circuit_operator.py
[2024-08-24T11:26:41.225+0000] {processor.py:914} INFO - Processing file /home/airflow/.local/lib/python3.12/site-packages/airflow/example_dags/example_short_circuit_operator.py for tasks to queue
[2024-08-24T11:26:41.227+0000] {logging_mixin.py:190} INFO - [2024-08-24T11:26:41.226+0000] {dagbag.py:587} INFO - Filling up the DagBag from /home/airflow/.local/lib/python3.12/site-packages/airflow/example_dags/example_short_circuit_operator.py
[2024-08-24T11:26:41.233+0000] {processor.py:925} INFO - DAG(s) 'example_short_circuit_operator' retrieved from /home/airflow/.local/lib/python3.12/site-packages/airflow/example_dags/example_short_circuit_operator.py
[2024-08-24T11:26:41.253+0000] {logging_mixin.py:190} INFO - [2024-08-24T11:26:41.253+0000] {dag.py:3211} INFO - Sync 1 DAGs
[2024-08-24T11:26:41.268+0000] {logging_mixin.py:190} INFO - [2024-08-24T11:26:41.268+0000] {dag.py:4138} INFO - Setting next_dagrun for example_short_circuit_operator to 2024-08-23 00:00:00+00:00, run_after=2024-08-24 00:00:00+00:00
[2024-08-24T11:26:41.281+0000] {processor.py:208} INFO - Processing /home/airflow/.local/lib/python3.12/site-packages/airflow/example_dags/example_short_circuit_operator.py took 0.061 seconds
[2024-08-24T11:27:11.452+0000] {processor.py:186} INFO - Started process (PID=834) to work on /home/airflow/.local/lib/python3.12/site-packages/airflow/example_dags/example_short_circuit_operator.py
[2024-08-24T11:27:11.453+0000] {processor.py:914} INFO - Processing file /home/airflow/.local/lib/python3.12/site-packages/airflow/example_dags/example_short_circuit_operator.py for tasks to queue
[2024-08-24T11:27:11.454+0000] {logging_mixin.py:190} INFO - [2024-08-24T11:27:11.453+0000] {dagbag.py:587} INFO - Filling up the DagBag from /home/airflow/.local/lib/python3.12/site-packages/airflow/example_dags/example_short_circuit_operator.py
[2024-08-24T11:27:11.458+0000] {processor.py:925} INFO - DAG(s) 'example_short_circuit_operator' retrieved from /home/airflow/.local/lib/python3.12/site-packages/airflow/example_dags/example_short_circuit_operator.py
[2024-08-24T11:27:11.470+0000] {logging_mixin.py:190} INFO - [2024-08-24T11:27:11.470+0000] {dag.py:3211} INFO - Sync 1 DAGs
[2024-08-24T11:27:11.483+0000] {logging_mixin.py:190} INFO - [2024-08-24T11:27:11.482+0000] {dag.py:4138} INFO - Setting next_dagrun for example_short_circuit_operator to 2024-08-23 00:00:00+00:00, run_after=2024-08-24 00:00:00+00:00
[2024-08-24T11:27:11.494+0000] {processor.py:208} INFO - Processing /home/airflow/.local/lib/python3.12/site-packages/airflow/example_dags/example_short_circuit_operator.py took 0.046 seconds
[2024-08-24T11:27:41.812+0000] {processor.py:186} INFO - Started process (PID=896) to work on /home/airflow/.local/lib/python3.12/site-packages/airflow/example_dags/example_short_circuit_operator.py
[2024-08-24T11:27:41.813+0000] {processor.py:914} INFO - Processing file /home/airflow/.local/lib/python3.12/site-packages/airflow/example_dags/example_short_circuit_operator.py for tasks to queue
[2024-08-24T11:27:41.814+0000] {logging_mixin.py:190} INFO - [2024-08-24T11:27:41.814+0000] {dagbag.py:587} INFO - Filling up the DagBag from /home/airflow/.local/lib/python3.12/site-packages/airflow/example_dags/example_short_circuit_operator.py
[2024-08-24T11:27:41.818+0000] {processor.py:925} INFO - DAG(s) 'example_short_circuit_operator' retrieved from /home/airflow/.local/lib/python3.12/site-packages/airflow/example_dags/example_short_circuit_operator.py
[2024-08-24T11:27:41.830+0000] {logging_mixin.py:190} INFO - [2024-08-24T11:27:41.830+0000] {dag.py:3211} INFO - Sync 1 DAGs
[2024-08-24T11:27:41.843+0000] {logging_mixin.py:190} INFO - [2024-08-24T11:27:41.842+0000] {dag.py:4138} INFO - Setting next_dagrun for example_short_circuit_operator to 2024-08-23 00:00:00+00:00, run_after=2024-08-24 00:00:00+00:00
[2024-08-24T11:27:41.852+0000] {processor.py:208} INFO - Processing /home/airflow/.local/lib/python3.12/site-packages/airflow/example_dags/example_short_circuit_operator.py took 0.043 seconds
[2024-08-24T11:28:12.814+0000] {processor.py:186} INFO - Started process (PID=958) to work on /home/airflow/.local/lib/python3.12/site-packages/airflow/example_dags/example_short_circuit_operator.py
[2024-08-24T11:28:12.815+0000] {processor.py:914} INFO - Processing file /home/airflow/.local/lib/python3.12/site-packages/airflow/example_dags/example_short_circuit_operator.py for tasks to queue
[2024-08-24T11:28:12.816+0000] {logging_mixin.py:190} INFO - [2024-08-24T11:28:12.815+0000] {dagbag.py:587} INFO - Filling up the DagBag from /home/airflow/.local/lib/python3.12/site-packages/airflow/example_dags/example_short_circuit_operator.py
[2024-08-24T11:28:12.820+0000] {processor.py:925} INFO - DAG(s) 'example_short_circuit_operator' retrieved from /home/airflow/.local/lib/python3.12/site-packages/airflow/example_dags/example_short_circuit_operator.py
[2024-08-24T11:28:12.832+0000] {logging_mixin.py:190} INFO - [2024-08-24T11:28:12.831+0000] {dag.py:3211} INFO - Sync 1 DAGs
[2024-08-24T11:28:12.842+0000] {logging_mixin.py:190} INFO - [2024-08-24T11:28:12.842+0000] {dag.py:4138} INFO - Setting next_dagrun for example_short_circuit_operator to 2024-08-23 00:00:00+00:00, run_after=2024-08-24 00:00:00+00:00
[2024-08-24T11:28:12.853+0000] {processor.py:208} INFO - Processing /home/airflow/.local/lib/python3.12/site-packages/airflow/example_dags/example_short_circuit_operator.py took 0.042 seconds
[2024-08-24T11:28:43.782+0000] {processor.py:186} INFO - Started process (PID=1020) to work on /home/airflow/.local/lib/python3.12/site-packages/airflow/example_dags/example_short_circuit_operator.py
[2024-08-24T11:28:43.783+0000] {processor.py:914} INFO - Processing file /home/airflow/.local/lib/python3.12/site-packages/airflow/example_dags/example_short_circuit_operator.py for tasks to queue
[2024-08-24T11:28:43.784+0000] {logging_mixin.py:190} INFO - [2024-08-24T11:28:43.784+0000] {dagbag.py:587} INFO - Filling up the DagBag from /home/airflow/.local/lib/python3.12/site-packages/airflow/example_dags/example_short_circuit_operator.py
[2024-08-24T11:28:43.789+0000] {processor.py:925} INFO - DAG(s) 'example_short_circuit_operator' retrieved from /home/airflow/.local/lib/python3.12/site-packages/airflow/example_dags/example_short_circuit_operator.py
[2024-08-24T11:28:43.803+0000] {logging_mixin.py:190} INFO - [2024-08-24T11:28:43.803+0000] {dag.py:3211} INFO - Sync 1 DAGs
[2024-08-24T11:28:43.815+0000] {logging_mixin.py:190} INFO - [2024-08-24T11:28:43.815+0000] {dag.py:4138} INFO - Setting next_dagrun for example_short_circuit_operator to 2024-08-23 00:00:00+00:00, run_after=2024-08-24 00:00:00+00:00
[2024-08-24T11:28:43.828+0000] {processor.py:208} INFO - Processing /home/airflow/.local/lib/python3.12/site-packages/airflow/example_dags/example_short_circuit_operator.py took 0.048 seconds
[2024-08-24T11:29:14.961+0000] {processor.py:186} INFO - Started process (PID=1082) to work on /home/airflow/.local/lib/python3.12/site-packages/airflow/example_dags/example_short_circuit_operator.py
[2024-08-24T11:29:14.962+0000] {processor.py:914} INFO - Processing file /home/airflow/.local/lib/python3.12/site-packages/airflow/example_dags/example_short_circuit_operator.py for tasks to queue
[2024-08-24T11:29:14.963+0000] {logging_mixin.py:190} INFO - [2024-08-24T11:29:14.963+0000] {dagbag.py:587} INFO - Filling up the DagBag from /home/airflow/.local/lib/python3.12/site-packages/airflow/example_dags/example_short_circuit_operator.py
[2024-08-24T11:29:14.968+0000] {processor.py:925} INFO - DAG(s) 'example_short_circuit_operator' retrieved from /home/airflow/.local/lib/python3.12/site-packages/airflow/example_dags/example_short_circuit_operator.py
[2024-08-24T11:29:14.980+0000] {logging_mixin.py:190} INFO - [2024-08-24T11:29:14.979+0000] {dag.py:3211} INFO - Sync 1 DAGs
[2024-08-24T11:29:14.992+0000] {logging_mixin.py:190} INFO - [2024-08-24T11:29:14.992+0000] {dag.py:4138} INFO - Setting next_dagrun for example_short_circuit_operator to 2024-08-23 00:00:00+00:00, run_after=2024-08-24 00:00:00+00:00
[2024-08-24T11:29:15.001+0000] {processor.py:208} INFO - Processing /home/airflow/.local/lib/python3.12/site-packages/airflow/example_dags/example_short_circuit_operator.py took 0.043 seconds
[2024-08-24T11:29:45.105+0000] {processor.py:186} INFO - Started process (PID=1144) to work on /home/airflow/.local/lib/python3.12/site-packages/airflow/example_dags/example_short_circuit_operator.py
[2024-08-24T11:29:45.105+0000] {processor.py:914} INFO - Processing file /home/airflow/.local/lib/python3.12/site-packages/airflow/example_dags/example_short_circuit_operator.py for tasks to queue
[2024-08-24T11:29:45.107+0000] {logging_mixin.py:190} INFO - [2024-08-24T11:29:45.106+0000] {dagbag.py:587} INFO - Filling up the DagBag from /home/airflow/.local/lib/python3.12/site-packages/airflow/example_dags/example_short_circuit_operator.py
[2024-08-24T11:29:45.111+0000] {processor.py:925} INFO - DAG(s) 'example_short_circuit_operator' retrieved from /home/airflow/.local/lib/python3.12/site-packages/airflow/example_dags/example_short_circuit_operator.py
[2024-08-24T11:29:45.128+0000] {logging_mixin.py:190} INFO - [2024-08-24T11:29:45.128+0000] {dag.py:3211} INFO - Sync 1 DAGs
[2024-08-24T11:29:45.141+0000] {logging_mixin.py:190} INFO - [2024-08-24T11:29:45.141+0000] {dag.py:4138} INFO - Setting next_dagrun for example_short_circuit_operator to 2024-08-23 00:00:00+00:00, run_after=2024-08-24 00:00:00+00:00
[2024-08-24T11:29:45.153+0000] {processor.py:208} INFO - Processing /home/airflow/.local/lib/python3.12/site-packages/airflow/example_dags/example_short_circuit_operator.py took 0.051 seconds
[2024-08-24T11:30:16.098+0000] {processor.py:186} INFO - Started process (PID=1206) to work on /home/airflow/.local/lib/python3.12/site-packages/airflow/example_dags/example_short_circuit_operator.py
[2024-08-24T11:30:16.099+0000] {processor.py:914} INFO - Processing file /home/airflow/.local/lib/python3.12/site-packages/airflow/example_dags/example_short_circuit_operator.py for tasks to queue
[2024-08-24T11:30:16.100+0000] {logging_mixin.py:190} INFO - [2024-08-24T11:30:16.100+0000] {dagbag.py:587} INFO - Filling up the DagBag from /home/airflow/.local/lib/python3.12/site-packages/airflow/example_dags/example_short_circuit_operator.py
[2024-08-24T11:30:16.104+0000] {processor.py:925} INFO - DAG(s) 'example_short_circuit_operator' retrieved from /home/airflow/.local/lib/python3.12/site-packages/airflow/example_dags/example_short_circuit_operator.py
[2024-08-24T11:30:16.117+0000] {logging_mixin.py:190} INFO - [2024-08-24T11:30:16.117+0000] {dag.py:3211} INFO - Sync 1 DAGs
[2024-08-24T11:30:16.129+0000] {logging_mixin.py:190} INFO - [2024-08-24T11:30:16.129+0000] {dag.py:4138} INFO - Setting next_dagrun for example_short_circuit_operator to 2024-08-23 00:00:00+00:00, run_after=2024-08-24 00:00:00+00:00
[2024-08-24T11:30:16.138+0000] {processor.py:208} INFO - Processing /home/airflow/.local/lib/python3.12/site-packages/airflow/example_dags/example_short_circuit_operator.py took 0.043 seconds
[2024-08-24T11:30:47.153+0000] {processor.py:186} INFO - Started process (PID=1268) to work on /home/airflow/.local/lib/python3.12/site-packages/airflow/example_dags/example_short_circuit_operator.py
[2024-08-24T11:30:47.154+0000] {processor.py:914} INFO - Processing file /home/airflow/.local/lib/python3.12/site-packages/airflow/example_dags/example_short_circuit_operator.py for tasks to queue
[2024-08-24T11:30:47.156+0000] {logging_mixin.py:190} INFO - [2024-08-24T11:30:47.155+0000] {dagbag.py:587} INFO - Filling up the DagBag from /home/airflow/.local/lib/python3.12/site-packages/airflow/example_dags/example_short_circuit_operator.py
[2024-08-24T11:30:47.163+0000] {processor.py:925} INFO - DAG(s) 'example_short_circuit_operator' retrieved from /home/airflow/.local/lib/python3.12/site-packages/airflow/example_dags/example_short_circuit_operator.py
[2024-08-24T11:30:47.175+0000] {logging_mixin.py:190} INFO - [2024-08-24T11:30:47.175+0000] {dag.py:3211} INFO - Sync 1 DAGs
[2024-08-24T11:30:47.187+0000] {logging_mixin.py:190} INFO - [2024-08-24T11:30:47.187+0000] {dag.py:4138} INFO - Setting next_dagrun for example_short_circuit_operator to 2024-08-23 00:00:00+00:00, run_after=2024-08-24 00:00:00+00:00
[2024-08-24T11:30:47.196+0000] {processor.py:208} INFO - Processing /home/airflow/.local/lib/python3.12/site-packages/airflow/example_dags/example_short_circuit_operator.py took 0.047 seconds
[2024-08-24T11:31:18.199+0000] {processor.py:186} INFO - Started process (PID=1330) to work on /home/airflow/.local/lib/python3.12/site-packages/airflow/example_dags/example_short_circuit_operator.py
[2024-08-24T11:31:18.200+0000] {processor.py:914} INFO - Processing file /home/airflow/.local/lib/python3.12/site-packages/airflow/example_dags/example_short_circuit_operator.py for tasks to queue
[2024-08-24T11:31:18.201+0000] {logging_mixin.py:190} INFO - [2024-08-24T11:31:18.201+0000] {dagbag.py:587} INFO - Filling up the DagBag from /home/airflow/.local/lib/python3.12/site-packages/airflow/example_dags/example_short_circuit_operator.py
[2024-08-24T11:31:18.206+0000] {processor.py:925} INFO - DAG(s) 'example_short_circuit_operator' retrieved from /home/airflow/.local/lib/python3.12/site-packages/airflow/example_dags/example_short_circuit_operator.py
[2024-08-24T11:31:18.219+0000] {logging_mixin.py:190} INFO - [2024-08-24T11:31:18.218+0000] {dag.py:3211} INFO - Sync 1 DAGs
[2024-08-24T11:31:18.231+0000] {logging_mixin.py:190} INFO - [2024-08-24T11:31:18.231+0000] {dag.py:4138} INFO - Setting next_dagrun for example_short_circuit_operator to 2024-08-23 00:00:00+00:00, run_after=2024-08-24 00:00:00+00:00
[2024-08-24T11:31:18.244+0000] {processor.py:208} INFO - Processing /home/airflow/.local/lib/python3.12/site-packages/airflow/example_dags/example_short_circuit_operator.py took 0.049 seconds
[2024-08-24T11:31:49.244+0000] {processor.py:186} INFO - Started process (PID=1392) to work on /home/airflow/.local/lib/python3.12/site-packages/airflow/example_dags/example_short_circuit_operator.py
[2024-08-24T11:31:49.245+0000] {processor.py:914} INFO - Processing file /home/airflow/.local/lib/python3.12/site-packages/airflow/example_dags/example_short_circuit_operator.py for tasks to queue
[2024-08-24T11:31:49.246+0000] {logging_mixin.py:190} INFO - [2024-08-24T11:31:49.245+0000] {dagbag.py:587} INFO - Filling up the DagBag from /home/airflow/.local/lib/python3.12/site-packages/airflow/example_dags/example_short_circuit_operator.py
[2024-08-24T11:31:49.250+0000] {processor.py:925} INFO - DAG(s) 'example_short_circuit_operator' retrieved from /home/airflow/.local/lib/python3.12/site-packages/airflow/example_dags/example_short_circuit_operator.py
[2024-08-24T11:31:49.262+0000] {logging_mixin.py:190} INFO - [2024-08-24T11:31:49.262+0000] {dag.py:3211} INFO - Sync 1 DAGs
[2024-08-24T11:31:49.274+0000] {logging_mixin.py:190} INFO - [2024-08-24T11:31:49.274+0000] {dag.py:4138} INFO - Setting next_dagrun for example_short_circuit_operator to 2024-08-23 00:00:00+00:00, run_after=2024-08-24 00:00:00+00:00
[2024-08-24T11:31:49.283+0000] {processor.py:208} INFO - Processing /home/airflow/.local/lib/python3.12/site-packages/airflow/example_dags/example_short_circuit_operator.py took 0.043 seconds
[2024-08-24T11:32:19.394+0000] {processor.py:186} INFO - Started process (PID=1454) to work on /home/airflow/.local/lib/python3.12/site-packages/airflow/example_dags/example_short_circuit_operator.py
[2024-08-24T11:32:19.394+0000] {processor.py:914} INFO - Processing file /home/airflow/.local/lib/python3.12/site-packages/airflow/example_dags/example_short_circuit_operator.py for tasks to queue
[2024-08-24T11:32:19.396+0000] {logging_mixin.py:190} INFO - [2024-08-24T11:32:19.395+0000] {dagbag.py:587} INFO - Filling up the DagBag from /home/airflow/.local/lib/python3.12/site-packages/airflow/example_dags/example_short_circuit_operator.py
[2024-08-24T11:32:19.400+0000] {processor.py:925} INFO - DAG(s) 'example_short_circuit_operator' retrieved from /home/airflow/.local/lib/python3.12/site-packages/airflow/example_dags/example_short_circuit_operator.py
[2024-08-24T11:32:19.418+0000] {logging_mixin.py:190} INFO - [2024-08-24T11:32:19.417+0000] {dag.py:3211} INFO - Sync 1 DAGs
[2024-08-24T11:32:19.430+0000] {logging_mixin.py:190} INFO - [2024-08-24T11:32:19.429+0000] {dag.py:4138} INFO - Setting next_dagrun for example_short_circuit_operator to 2024-08-23 00:00:00+00:00, run_after=2024-08-24 00:00:00+00:00
[2024-08-24T11:32:19.438+0000] {processor.py:208} INFO - Processing /home/airflow/.local/lib/python3.12/site-packages/airflow/example_dags/example_short_circuit_operator.py took 0.047 seconds
[2024-08-24T11:32:49.692+0000] {processor.py:186} INFO - Started process (PID=1516) to work on /home/airflow/.local/lib/python3.12/site-packages/airflow/example_dags/example_short_circuit_operator.py
[2024-08-24T11:32:49.692+0000] {processor.py:914} INFO - Processing file /home/airflow/.local/lib/python3.12/site-packages/airflow/example_dags/example_short_circuit_operator.py for tasks to queue
[2024-08-24T11:32:49.693+0000] {logging_mixin.py:190} INFO - [2024-08-24T11:32:49.693+0000] {dagbag.py:587} INFO - Filling up the DagBag from /home/airflow/.local/lib/python3.12/site-packages/airflow/example_dags/example_short_circuit_operator.py
[2024-08-24T11:32:49.698+0000] {processor.py:925} INFO - DAG(s) 'example_short_circuit_operator' retrieved from /home/airflow/.local/lib/python3.12/site-packages/airflow/example_dags/example_short_circuit_operator.py
[2024-08-24T11:32:49.712+0000] {logging_mixin.py:190} INFO - [2024-08-24T11:32:49.712+0000] {dag.py:3211} INFO - Sync 1 DAGs
[2024-08-24T11:32:49.728+0000] {logging_mixin.py:190} INFO - [2024-08-24T11:32:49.728+0000] {dag.py:4138} INFO - Setting next_dagrun for example_short_circuit_operator to 2024-08-23 00:00:00+00:00, run_after=2024-08-24 00:00:00+00:00
[2024-08-24T11:32:49.736+0000] {processor.py:208} INFO - Processing /home/airflow/.local/lib/python3.12/site-packages/airflow/example_dags/example_short_circuit_operator.py took 0.048 seconds
[2024-08-24T11:33:19.887+0000] {processor.py:186} INFO - Started process (PID=1578) to work on /home/airflow/.local/lib/python3.12/site-packages/airflow/example_dags/example_short_circuit_operator.py
[2024-08-24T11:33:19.887+0000] {processor.py:914} INFO - Processing file /home/airflow/.local/lib/python3.12/site-packages/airflow/example_dags/example_short_circuit_operator.py for tasks to queue
[2024-08-24T11:33:19.888+0000] {logging_mixin.py:190} INFO - [2024-08-24T11:33:19.888+0000] {dagbag.py:587} INFO - Filling up the DagBag from /home/airflow/.local/lib/python3.12/site-packages/airflow/example_dags/example_short_circuit_operator.py
[2024-08-24T11:33:19.893+0000] {processor.py:925} INFO - DAG(s) 'example_short_circuit_operator' retrieved from /home/airflow/.local/lib/python3.12/site-packages/airflow/example_dags/example_short_circuit_operator.py
[2024-08-24T11:33:19.908+0000] {logging_mixin.py:190} INFO - [2024-08-24T11:33:19.907+0000] {dag.py:3211} INFO - Sync 1 DAGs
[2024-08-24T11:33:19.927+0000] {logging_mixin.py:190} INFO - [2024-08-24T11:33:19.927+0000] {dag.py:4138} INFO - Setting next_dagrun for example_short_circuit_operator to 2024-08-23 00:00:00+00:00, run_after=2024-08-24 00:00:00+00:00
[2024-08-24T11:33:19.940+0000] {processor.py:208} INFO - Processing /home/airflow/.local/lib/python3.12/site-packages/airflow/example_dags/example_short_circuit_operator.py took 0.056 seconds
[2024-08-24T11:33:50.171+0000] {processor.py:186} INFO - Started process (PID=1640) to work on /home/airflow/.local/lib/python3.12/site-packages/airflow/example_dags/example_short_circuit_operator.py
[2024-08-24T11:33:50.171+0000] {processor.py:914} INFO - Processing file /home/airflow/.local/lib/python3.12/site-packages/airflow/example_dags/example_short_circuit_operator.py for tasks to queue
[2024-08-24T11:33:50.172+0000] {logging_mixin.py:190} INFO - [2024-08-24T11:33:50.172+0000] {dagbag.py:587} INFO - Filling up the DagBag from /home/airflow/.local/lib/python3.12/site-packages/airflow/example_dags/example_short_circuit_operator.py
[2024-08-24T11:33:50.176+0000] {processor.py:925} INFO - DAG(s) 'example_short_circuit_operator' retrieved from /home/airflow/.local/lib/python3.12/site-packages/airflow/example_dags/example_short_circuit_operator.py
[2024-08-24T11:33:50.191+0000] {logging_mixin.py:190} INFO - [2024-08-24T11:33:50.191+0000] {dag.py:3211} INFO - Sync 1 DAGs
[2024-08-24T11:33:50.205+0000] {logging_mixin.py:190} INFO - [2024-08-24T11:33:50.205+0000] {dag.py:4138} INFO - Setting next_dagrun for example_short_circuit_operator to 2024-08-23 00:00:00+00:00, run_after=2024-08-24 00:00:00+00:00
[2024-08-24T11:33:50.215+0000] {processor.py:208} INFO - Processing /home/airflow/.local/lib/python3.12/site-packages/airflow/example_dags/example_short_circuit_operator.py took 0.047 seconds
[2024-08-24T11:34:20.333+0000] {processor.py:186} INFO - Started process (PID=1702) to work on /home/airflow/.local/lib/python3.12/site-packages/airflow/example_dags/example_short_circuit_operator.py
[2024-08-24T11:34:20.333+0000] {processor.py:914} INFO - Processing file /home/airflow/.local/lib/python3.12/site-packages/airflow/example_dags/example_short_circuit_operator.py for tasks to queue
[2024-08-24T11:34:20.334+0000] {logging_mixin.py:190} INFO - [2024-08-24T11:34:20.334+0000] {dagbag.py:587} INFO - Filling up the DagBag from /home/airflow/.local/lib/python3.12/site-packages/airflow/example_dags/example_short_circuit_operator.py
[2024-08-24T11:34:20.339+0000] {processor.py:925} INFO - DAG(s) 'example_short_circuit_operator' retrieved from /home/airflow/.local/lib/python3.12/site-packages/airflow/example_dags/example_short_circuit_operator.py
[2024-08-24T11:34:20.352+0000] {logging_mixin.py:190} INFO - [2024-08-24T11:34:20.352+0000] {dag.py:3211} INFO - Sync 1 DAGs
[2024-08-24T11:34:20.378+0000] {logging_mixin.py:190} INFO - [2024-08-24T11:34:20.378+0000] {dag.py:4138} INFO - Setting next_dagrun for example_short_circuit_operator to 2024-08-23 00:00:00+00:00, run_after=2024-08-24 00:00:00+00:00
[2024-08-24T11:34:20.393+0000] {processor.py:208} INFO - Processing /home/airflow/.local/lib/python3.12/site-packages/airflow/example_dags/example_short_circuit_operator.py took 0.064 seconds
[2024-08-24T11:34:50.533+0000] {processor.py:186} INFO - Started process (PID=1764) to work on /home/airflow/.local/lib/python3.12/site-packages/airflow/example_dags/example_short_circuit_operator.py
[2024-08-24T11:34:50.534+0000] {processor.py:914} INFO - Processing file /home/airflow/.local/lib/python3.12/site-packages/airflow/example_dags/example_short_circuit_operator.py for tasks to queue
[2024-08-24T11:34:50.536+0000] {logging_mixin.py:190} INFO - [2024-08-24T11:34:50.535+0000] {dagbag.py:587} INFO - Filling up the DagBag from /home/airflow/.local/lib/python3.12/site-packages/airflow/example_dags/example_short_circuit_operator.py
[2024-08-24T11:34:50.543+0000] {processor.py:925} INFO - DAG(s) 'example_short_circuit_operator' retrieved from /home/airflow/.local/lib/python3.12/site-packages/airflow/example_dags/example_short_circuit_operator.py
[2024-08-24T11:34:50.560+0000] {logging_mixin.py:190} INFO - [2024-08-24T11:34:50.560+0000] {dag.py:3211} INFO - Sync 1 DAGs
[2024-08-24T11:34:50.575+0000] {logging_mixin.py:190} INFO - [2024-08-24T11:34:50.575+0000] {dag.py:4138} INFO - Setting next_dagrun for example_short_circuit_operator to 2024-08-23 00:00:00+00:00, run_after=2024-08-24 00:00:00+00:00
[2024-08-24T11:34:50.589+0000] {processor.py:208} INFO - Processing /home/airflow/.local/lib/python3.12/site-packages/airflow/example_dags/example_short_circuit_operator.py took 0.060 seconds
[2024-08-24T11:35:20.873+0000] {processor.py:186} INFO - Started process (PID=1826) to work on /home/airflow/.local/lib/python3.12/site-packages/airflow/example_dags/example_short_circuit_operator.py
[2024-08-24T11:35:20.873+0000] {processor.py:914} INFO - Processing file /home/airflow/.local/lib/python3.12/site-packages/airflow/example_dags/example_short_circuit_operator.py for tasks to queue
[2024-08-24T11:35:20.875+0000] {logging_mixin.py:190} INFO - [2024-08-24T11:35:20.874+0000] {dagbag.py:587} INFO - Filling up the DagBag from /home/airflow/.local/lib/python3.12/site-packages/airflow/example_dags/example_short_circuit_operator.py
[2024-08-24T11:35:20.879+0000] {processor.py:925} INFO - DAG(s) 'example_short_circuit_operator' retrieved from /home/airflow/.local/lib/python3.12/site-packages/airflow/example_dags/example_short_circuit_operator.py
[2024-08-24T11:35:20.893+0000] {logging_mixin.py:190} INFO - [2024-08-24T11:35:20.892+0000] {dag.py:3211} INFO - Sync 1 DAGs
[2024-08-24T11:35:20.906+0000] {logging_mixin.py:190} INFO - [2024-08-24T11:35:20.905+0000] {dag.py:4138} INFO - Setting next_dagrun for example_short_circuit_operator to 2024-08-23 00:00:00+00:00, run_after=2024-08-24 00:00:00+00:00
[2024-08-24T11:35:20.914+0000] {processor.py:208} INFO - Processing /home/airflow/.local/lib/python3.12/site-packages/airflow/example_dags/example_short_circuit_operator.py took 0.044 seconds
[2024-08-24T11:35:51.186+0000] {processor.py:186} INFO - Started process (PID=1888) to work on /home/airflow/.local/lib/python3.12/site-packages/airflow/example_dags/example_short_circuit_operator.py
[2024-08-24T11:35:51.187+0000] {processor.py:914} INFO - Processing file /home/airflow/.local/lib/python3.12/site-packages/airflow/example_dags/example_short_circuit_operator.py for tasks to queue
[2024-08-24T11:35:51.188+0000] {logging_mixin.py:190} INFO - [2024-08-24T11:35:51.188+0000] {dagbag.py:587} INFO - Filling up the DagBag from /home/airflow/.local/lib/python3.12/site-packages/airflow/example_dags/example_short_circuit_operator.py
[2024-08-24T11:35:51.192+0000] {processor.py:925} INFO - DAG(s) 'example_short_circuit_operator' retrieved from /home/airflow/.local/lib/python3.12/site-packages/airflow/example_dags/example_short_circuit_operator.py
[2024-08-24T11:35:51.205+0000] {logging_mixin.py:190} INFO - [2024-08-24T11:35:51.205+0000] {dag.py:3211} INFO - Sync 1 DAGs
[2024-08-24T11:35:51.217+0000] {logging_mixin.py:190} INFO - [2024-08-24T11:35:51.217+0000] {dag.py:4138} INFO - Setting next_dagrun for example_short_circuit_operator to 2024-08-23 00:00:00+00:00, run_after=2024-08-24 00:00:00+00:00
[2024-08-24T11:35:51.226+0000] {processor.py:208} INFO - Processing /home/airflow/.local/lib/python3.12/site-packages/airflow/example_dags/example_short_circuit_operator.py took 0.043 seconds
[2024-08-24T11:36:21.648+0000] {processor.py:186} INFO - Started process (PID=1950) to work on /home/airflow/.local/lib/python3.12/site-packages/airflow/example_dags/example_short_circuit_operator.py
[2024-08-24T11:36:21.648+0000] {processor.py:914} INFO - Processing file /home/airflow/.local/lib/python3.12/site-packages/airflow/example_dags/example_short_circuit_operator.py for tasks to queue
[2024-08-24T11:36:21.649+0000] {logging_mixin.py:190} INFO - [2024-08-24T11:36:21.649+0000] {dagbag.py:587} INFO - Filling up the DagBag from /home/airflow/.local/lib/python3.12/site-packages/airflow/example_dags/example_short_circuit_operator.py
[2024-08-24T11:36:21.654+0000] {processor.py:925} INFO - DAG(s) 'example_short_circuit_operator' retrieved from /home/airflow/.local/lib/python3.12/site-packages/airflow/example_dags/example_short_circuit_operator.py
[2024-08-24T11:36:21.665+0000] {logging_mixin.py:190} INFO - [2024-08-24T11:36:21.665+0000] {dag.py:3211} INFO - Sync 1 DAGs
[2024-08-24T11:36:21.677+0000] {logging_mixin.py:190} INFO - [2024-08-24T11:36:21.677+0000] {dag.py:4138} INFO - Setting next_dagrun for example_short_circuit_operator to 2024-08-23 00:00:00+00:00, run_after=2024-08-24 00:00:00+00:00
[2024-08-24T11:36:21.688+0000] {processor.py:208} INFO - Processing /home/airflow/.local/lib/python3.12/site-packages/airflow/example_dags/example_short_circuit_operator.py took 0.043 seconds
[2024-08-24T11:36:51.750+0000] {processor.py:186} INFO - Started process (PID=2012) to work on /home/airflow/.local/lib/python3.12/site-packages/airflow/example_dags/example_short_circuit_operator.py
[2024-08-24T11:36:51.750+0000] {processor.py:914} INFO - Processing file /home/airflow/.local/lib/python3.12/site-packages/airflow/example_dags/example_short_circuit_operator.py for tasks to queue
[2024-08-24T11:36:51.752+0000] {logging_mixin.py:190} INFO - [2024-08-24T11:36:51.752+0000] {dagbag.py:587} INFO - Filling up the DagBag from /home/airflow/.local/lib/python3.12/site-packages/airflow/example_dags/example_short_circuit_operator.py
[2024-08-24T11:36:51.758+0000] {processor.py:925} INFO - DAG(s) 'example_short_circuit_operator' retrieved from /home/airflow/.local/lib/python3.12/site-packages/airflow/example_dags/example_short_circuit_operator.py
[2024-08-24T11:36:51.773+0000] {logging_mixin.py:190} INFO - [2024-08-24T11:36:51.773+0000] {dag.py:3211} INFO - Sync 1 DAGs
[2024-08-24T11:36:51.791+0000] {logging_mixin.py:190} INFO - [2024-08-24T11:36:51.791+0000] {dag.py:4138} INFO - Setting next_dagrun for example_short_circuit_operator to 2024-08-23 00:00:00+00:00, run_after=2024-08-24 00:00:00+00:00
[2024-08-24T11:36:51.805+0000] {processor.py:208} INFO - Processing /home/airflow/.local/lib/python3.12/site-packages/airflow/example_dags/example_short_circuit_operator.py took 0.059 seconds
[2024-08-24T11:37:22.119+0000] {processor.py:186} INFO - Started process (PID=2073) to work on /home/airflow/.local/lib/python3.12/site-packages/airflow/example_dags/example_short_circuit_operator.py
[2024-08-24T11:37:22.120+0000] {processor.py:914} INFO - Processing file /home/airflow/.local/lib/python3.12/site-packages/airflow/example_dags/example_short_circuit_operator.py for tasks to queue
[2024-08-24T11:37:22.121+0000] {logging_mixin.py:190} INFO - [2024-08-24T11:37:22.120+0000] {dagbag.py:587} INFO - Filling up the DagBag from /home/airflow/.local/lib/python3.12/site-packages/airflow/example_dags/example_short_circuit_operator.py
[2024-08-24T11:37:22.125+0000] {processor.py:925} INFO - DAG(s) 'example_short_circuit_operator' retrieved from /home/airflow/.local/lib/python3.12/site-packages/airflow/example_dags/example_short_circuit_operator.py
[2024-08-24T11:37:22.137+0000] {logging_mixin.py:190} INFO - [2024-08-24T11:37:22.137+0000] {dag.py:3211} INFO - Sync 1 DAGs
[2024-08-24T11:37:22.149+0000] {logging_mixin.py:190} INFO - [2024-08-24T11:37:22.149+0000] {dag.py:4138} INFO - Setting next_dagrun for example_short_circuit_operator to 2024-08-23 00:00:00+00:00, run_after=2024-08-24 00:00:00+00:00
[2024-08-24T11:37:22.158+0000] {processor.py:208} INFO - Processing /home/airflow/.local/lib/python3.12/site-packages/airflow/example_dags/example_short_circuit_operator.py took 0.042 seconds
[2024-08-24T11:37:52.739+0000] {processor.py:186} INFO - Started process (PID=2137) to work on /home/airflow/.local/lib/python3.12/site-packages/airflow/example_dags/example_short_circuit_operator.py
[2024-08-24T11:37:52.739+0000] {processor.py:914} INFO - Processing file /home/airflow/.local/lib/python3.12/site-packages/airflow/example_dags/example_short_circuit_operator.py for tasks to queue
[2024-08-24T11:37:52.740+0000] {logging_mixin.py:190} INFO - [2024-08-24T11:37:52.740+0000] {dagbag.py:587} INFO - Filling up the DagBag from /home/airflow/.local/lib/python3.12/site-packages/airflow/example_dags/example_short_circuit_operator.py
[2024-08-24T11:37:52.745+0000] {processor.py:925} INFO - DAG(s) 'example_short_circuit_operator' retrieved from /home/airflow/.local/lib/python3.12/site-packages/airflow/example_dags/example_short_circuit_operator.py
[2024-08-24T11:37:52.770+0000] {logging_mixin.py:190} INFO - [2024-08-24T11:37:52.770+0000] {dag.py:3211} INFO - Sync 1 DAGs
[2024-08-24T11:37:52.799+0000] {logging_mixin.py:190} INFO - [2024-08-24T11:37:52.799+0000] {dag.py:4138} INFO - Setting next_dagrun for example_short_circuit_operator to 2024-08-23 00:00:00+00:00, run_after=2024-08-24 00:00:00+00:00
[2024-08-24T11:37:52.815+0000] {processor.py:208} INFO - Processing /home/airflow/.local/lib/python3.12/site-packages/airflow/example_dags/example_short_circuit_operator.py took 0.080 seconds
[2024-08-24T11:38:23.271+0000] {processor.py:186} INFO - Started process (PID=2199) to work on /home/airflow/.local/lib/python3.12/site-packages/airflow/example_dags/example_short_circuit_operator.py
[2024-08-24T11:38:23.272+0000] {processor.py:914} INFO - Processing file /home/airflow/.local/lib/python3.12/site-packages/airflow/example_dags/example_short_circuit_operator.py for tasks to queue
[2024-08-24T11:38:23.274+0000] {logging_mixin.py:190} INFO - [2024-08-24T11:38:23.273+0000] {dagbag.py:587} INFO - Filling up the DagBag from /home/airflow/.local/lib/python3.12/site-packages/airflow/example_dags/example_short_circuit_operator.py
[2024-08-24T11:38:23.280+0000] {processor.py:925} INFO - DAG(s) 'example_short_circuit_operator' retrieved from /home/airflow/.local/lib/python3.12/site-packages/airflow/example_dags/example_short_circuit_operator.py
[2024-08-24T11:38:23.292+0000] {logging_mixin.py:190} INFO - [2024-08-24T11:38:23.292+0000] {dag.py:3211} INFO - Sync 1 DAGs
[2024-08-24T11:38:23.304+0000] {logging_mixin.py:190} INFO - [2024-08-24T11:38:23.304+0000] {dag.py:4138} INFO - Setting next_dagrun for example_short_circuit_operator to 2024-08-23 00:00:00+00:00, run_after=2024-08-24 00:00:00+00:00
[2024-08-24T11:38:23.313+0000] {processor.py:208} INFO - Processing /home/airflow/.local/lib/python3.12/site-packages/airflow/example_dags/example_short_circuit_operator.py took 0.046 seconds
[2024-08-24T11:38:53.767+0000] {processor.py:186} INFO - Started process (PID=2260) to work on /home/airflow/.local/lib/python3.12/site-packages/airflow/example_dags/example_short_circuit_operator.py
[2024-08-24T11:38:53.768+0000] {processor.py:914} INFO - Processing file /home/airflow/.local/lib/python3.12/site-packages/airflow/example_dags/example_short_circuit_operator.py for tasks to queue
[2024-08-24T11:38:53.769+0000] {logging_mixin.py:190} INFO - [2024-08-24T11:38:53.769+0000] {dagbag.py:587} INFO - Filling up the DagBag from /home/airflow/.local/lib/python3.12/site-packages/airflow/example_dags/example_short_circuit_operator.py
[2024-08-24T11:38:53.773+0000] {processor.py:925} INFO - DAG(s) 'example_short_circuit_operator' retrieved from /home/airflow/.local/lib/python3.12/site-packages/airflow/example_dags/example_short_circuit_operator.py
[2024-08-24T11:38:53.790+0000] {logging_mixin.py:190} INFO - [2024-08-24T11:38:53.790+0000] {dag.py:3211} INFO - Sync 1 DAGs
[2024-08-24T11:38:53.806+0000] {logging_mixin.py:190} INFO - [2024-08-24T11:38:53.806+0000] {dag.py:4138} INFO - Setting next_dagrun for example_short_circuit_operator to 2024-08-23 00:00:00+00:00, run_after=2024-08-24 00:00:00+00:00
[2024-08-24T11:38:53.816+0000] {processor.py:208} INFO - Processing /home/airflow/.local/lib/python3.12/site-packages/airflow/example_dags/example_short_circuit_operator.py took 0.052 seconds
[2024-08-24T11:39:24.330+0000] {processor.py:186} INFO - Started process (PID=2322) to work on /home/airflow/.local/lib/python3.12/site-packages/airflow/example_dags/example_short_circuit_operator.py
[2024-08-24T11:39:24.331+0000] {processor.py:914} INFO - Processing file /home/airflow/.local/lib/python3.12/site-packages/airflow/example_dags/example_short_circuit_operator.py for tasks to queue
[2024-08-24T11:39:24.332+0000] {logging_mixin.py:190} INFO - [2024-08-24T11:39:24.332+0000] {dagbag.py:587} INFO - Filling up the DagBag from /home/airflow/.local/lib/python3.12/site-packages/airflow/example_dags/example_short_circuit_operator.py
[2024-08-24T11:39:24.336+0000] {processor.py:925} INFO - DAG(s) 'example_short_circuit_operator' retrieved from /home/airflow/.local/lib/python3.12/site-packages/airflow/example_dags/example_short_circuit_operator.py
[2024-08-24T11:39:24.354+0000] {logging_mixin.py:190} INFO - [2024-08-24T11:39:24.354+0000] {dag.py:3211} INFO - Sync 1 DAGs
[2024-08-24T11:39:24.370+0000] {logging_mixin.py:190} INFO - [2024-08-24T11:39:24.370+0000] {dag.py:4138} INFO - Setting next_dagrun for example_short_circuit_operator to 2024-08-23 00:00:00+00:00, run_after=2024-08-24 00:00:00+00:00
[2024-08-24T11:39:24.379+0000] {processor.py:208} INFO - Processing /home/airflow/.local/lib/python3.12/site-packages/airflow/example_dags/example_short_circuit_operator.py took 0.053 seconds
[2024-08-24T11:39:54.866+0000] {processor.py:186} INFO - Started process (PID=2384) to work on /home/airflow/.local/lib/python3.12/site-packages/airflow/example_dags/example_short_circuit_operator.py
[2024-08-24T11:39:54.866+0000] {processor.py:914} INFO - Processing file /home/airflow/.local/lib/python3.12/site-packages/airflow/example_dags/example_short_circuit_operator.py for tasks to queue
[2024-08-24T11:39:54.868+0000] {logging_mixin.py:190} INFO - [2024-08-24T11:39:54.867+0000] {dagbag.py:587} INFO - Filling up the DagBag from /home/airflow/.local/lib/python3.12/site-packages/airflow/example_dags/example_short_circuit_operator.py
[2024-08-24T11:39:54.872+0000] {processor.py:925} INFO - DAG(s) 'example_short_circuit_operator' retrieved from /home/airflow/.local/lib/python3.12/site-packages/airflow/example_dags/example_short_circuit_operator.py
[2024-08-24T11:39:54.888+0000] {logging_mixin.py:190} INFO - [2024-08-24T11:39:54.887+0000] {dag.py:3211} INFO - Sync 1 DAGs
[2024-08-24T11:39:54.900+0000] {logging_mixin.py:190} INFO - [2024-08-24T11:39:54.900+0000] {dag.py:4138} INFO - Setting next_dagrun for example_short_circuit_operator to 2024-08-23 00:00:00+00:00, run_after=2024-08-24 00:00:00+00:00
[2024-08-24T11:39:54.908+0000] {processor.py:208} INFO - Processing /home/airflow/.local/lib/python3.12/site-packages/airflow/example_dags/example_short_circuit_operator.py took 0.046 seconds
[2024-08-24T11:40:25.423+0000] {processor.py:186} INFO - Started process (PID=2446) to work on /home/airflow/.local/lib/python3.12/site-packages/airflow/example_dags/example_short_circuit_operator.py
[2024-08-24T11:40:25.424+0000] {processor.py:914} INFO - Processing file /home/airflow/.local/lib/python3.12/site-packages/airflow/example_dags/example_short_circuit_operator.py for tasks to queue
[2024-08-24T11:40:25.425+0000] {logging_mixin.py:190} INFO - [2024-08-24T11:40:25.425+0000] {dagbag.py:587} INFO - Filling up the DagBag from /home/airflow/.local/lib/python3.12/site-packages/airflow/example_dags/example_short_circuit_operator.py
[2024-08-24T11:40:25.430+0000] {processor.py:925} INFO - DAG(s) 'example_short_circuit_operator' retrieved from /home/airflow/.local/lib/python3.12/site-packages/airflow/example_dags/example_short_circuit_operator.py
[2024-08-24T11:40:25.445+0000] {logging_mixin.py:190} INFO - [2024-08-24T11:40:25.445+0000] {dag.py:3211} INFO - Sync 1 DAGs
[2024-08-24T11:40:25.463+0000] {logging_mixin.py:190} INFO - [2024-08-24T11:40:25.463+0000] {dag.py:4138} INFO - Setting next_dagrun for example_short_circuit_operator to 2024-08-23 00:00:00+00:00, run_after=2024-08-24 00:00:00+00:00
[2024-08-24T11:40:25.472+0000] {processor.py:208} INFO - Processing /home/airflow/.local/lib/python3.12/site-packages/airflow/example_dags/example_short_circuit_operator.py took 0.054 seconds
[2024-08-24T11:40:56.101+0000] {processor.py:186} INFO - Started process (PID=2508) to work on /home/airflow/.local/lib/python3.12/site-packages/airflow/example_dags/example_short_circuit_operator.py
[2024-08-24T11:40:56.101+0000] {processor.py:914} INFO - Processing file /home/airflow/.local/lib/python3.12/site-packages/airflow/example_dags/example_short_circuit_operator.py for tasks to queue
[2024-08-24T11:40:56.102+0000] {logging_mixin.py:190} INFO - [2024-08-24T11:40:56.102+0000] {dagbag.py:587} INFO - Filling up the DagBag from /home/airflow/.local/lib/python3.12/site-packages/airflow/example_dags/example_short_circuit_operator.py
[2024-08-24T11:40:56.107+0000] {processor.py:925} INFO - DAG(s) 'example_short_circuit_operator' retrieved from /home/airflow/.local/lib/python3.12/site-packages/airflow/example_dags/example_short_circuit_operator.py
[2024-08-24T11:40:56.119+0000] {logging_mixin.py:190} INFO - [2024-08-24T11:40:56.119+0000] {dag.py:3211} INFO - Sync 1 DAGs
[2024-08-24T11:40:56.131+0000] {logging_mixin.py:190} INFO - [2024-08-24T11:40:56.130+0000] {dag.py:4138} INFO - Setting next_dagrun for example_short_circuit_operator to 2024-08-23 00:00:00+00:00, run_after=2024-08-24 00:00:00+00:00
[2024-08-24T11:40:56.139+0000] {processor.py:208} INFO - Processing /home/airflow/.local/lib/python3.12/site-packages/airflow/example_dags/example_short_circuit_operator.py took 0.041 seconds
[2024-08-24T11:41:26.529+0000] {processor.py:186} INFO - Started process (PID=2569) to work on /home/airflow/.local/lib/python3.12/site-packages/airflow/example_dags/example_short_circuit_operator.py
[2024-08-24T11:41:26.529+0000] {processor.py:914} INFO - Processing file /home/airflow/.local/lib/python3.12/site-packages/airflow/example_dags/example_short_circuit_operator.py for tasks to queue
[2024-08-24T11:41:26.531+0000] {logging_mixin.py:190} INFO - [2024-08-24T11:41:26.531+0000] {dagbag.py:587} INFO - Filling up the DagBag from /home/airflow/.local/lib/python3.12/site-packages/airflow/example_dags/example_short_circuit_operator.py
[2024-08-24T11:41:26.535+0000] {processor.py:925} INFO - DAG(s) 'example_short_circuit_operator' retrieved from /home/airflow/.local/lib/python3.12/site-packages/airflow/example_dags/example_short_circuit_operator.py
[2024-08-24T11:41:26.547+0000] {logging_mixin.py:190} INFO - [2024-08-24T11:41:26.547+0000] {dag.py:3211} INFO - Sync 1 DAGs
[2024-08-24T11:41:26.558+0000] {logging_mixin.py:190} INFO - [2024-08-24T11:41:26.558+0000] {dag.py:4138} INFO - Setting next_dagrun for example_short_circuit_operator to 2024-08-23 00:00:00+00:00, run_after=2024-08-24 00:00:00+00:00
[2024-08-24T11:41:26.567+0000] {processor.py:208} INFO - Processing /home/airflow/.local/lib/python3.12/site-packages/airflow/example_dags/example_short_circuit_operator.py took 0.041 seconds
[2024-08-24T11:41:57.115+0000] {processor.py:186} INFO - Started process (PID=2631) to work on /home/airflow/.local/lib/python3.12/site-packages/airflow/example_dags/example_short_circuit_operator.py
[2024-08-24T11:41:57.115+0000] {processor.py:914} INFO - Processing file /home/airflow/.local/lib/python3.12/site-packages/airflow/example_dags/example_short_circuit_operator.py for tasks to queue
[2024-08-24T11:41:57.117+0000] {logging_mixin.py:190} INFO - [2024-08-24T11:41:57.116+0000] {dagbag.py:587} INFO - Filling up the DagBag from /home/airflow/.local/lib/python3.12/site-packages/airflow/example_dags/example_short_circuit_operator.py
[2024-08-24T11:41:57.121+0000] {processor.py:925} INFO - DAG(s) 'example_short_circuit_operator' retrieved from /home/airflow/.local/lib/python3.12/site-packages/airflow/example_dags/example_short_circuit_operator.py
[2024-08-24T11:41:57.137+0000] {logging_mixin.py:190} INFO - [2024-08-24T11:41:57.136+0000] {dag.py:3211} INFO - Sync 1 DAGs
[2024-08-24T11:41:57.154+0000] {logging_mixin.py:190} INFO - [2024-08-24T11:41:57.154+0000] {dag.py:4138} INFO - Setting next_dagrun for example_short_circuit_operator to 2024-08-23 00:00:00+00:00, run_after=2024-08-24 00:00:00+00:00
[2024-08-24T11:41:57.168+0000] {processor.py:208} INFO - Processing /home/airflow/.local/lib/python3.12/site-packages/airflow/example_dags/example_short_circuit_operator.py took 0.056 seconds
[2024-08-24T11:42:27.466+0000] {processor.py:186} INFO - Started process (PID=2693) to work on /home/airflow/.local/lib/python3.12/site-packages/airflow/example_dags/example_short_circuit_operator.py
[2024-08-24T11:42:27.466+0000] {processor.py:914} INFO - Processing file /home/airflow/.local/lib/python3.12/site-packages/airflow/example_dags/example_short_circuit_operator.py for tasks to queue
[2024-08-24T11:42:27.468+0000] {logging_mixin.py:190} INFO - [2024-08-24T11:42:27.467+0000] {dagbag.py:587} INFO - Filling up the DagBag from /home/airflow/.local/lib/python3.12/site-packages/airflow/example_dags/example_short_circuit_operator.py
[2024-08-24T11:42:27.472+0000] {processor.py:925} INFO - DAG(s) 'example_short_circuit_operator' retrieved from /home/airflow/.local/lib/python3.12/site-packages/airflow/example_dags/example_short_circuit_operator.py
[2024-08-24T11:42:27.490+0000] {logging_mixin.py:190} INFO - [2024-08-24T11:42:27.489+0000] {dag.py:3211} INFO - Sync 1 DAGs
[2024-08-24T11:42:27.509+0000] {logging_mixin.py:190} INFO - [2024-08-24T11:42:27.509+0000] {dag.py:4138} INFO - Setting next_dagrun for example_short_circuit_operator to 2024-08-23 00:00:00+00:00, run_after=2024-08-24 00:00:00+00:00
[2024-08-24T11:42:27.523+0000] {processor.py:208} INFO - Processing /home/airflow/.local/lib/python3.12/site-packages/airflow/example_dags/example_short_circuit_operator.py took 0.060 seconds
[2024-08-24T11:42:58.040+0000] {processor.py:186} INFO - Started process (PID=2756) to work on /home/airflow/.local/lib/python3.12/site-packages/airflow/example_dags/example_short_circuit_operator.py
[2024-08-24T11:42:58.041+0000] {processor.py:914} INFO - Processing file /home/airflow/.local/lib/python3.12/site-packages/airflow/example_dags/example_short_circuit_operator.py for tasks to queue
[2024-08-24T11:42:58.042+0000] {logging_mixin.py:190} INFO - [2024-08-24T11:42:58.042+0000] {dagbag.py:587} INFO - Filling up the DagBag from /home/airflow/.local/lib/python3.12/site-packages/airflow/example_dags/example_short_circuit_operator.py
[2024-08-24T11:42:58.048+0000] {processor.py:925} INFO - DAG(s) 'example_short_circuit_operator' retrieved from /home/airflow/.local/lib/python3.12/site-packages/airflow/example_dags/example_short_circuit_operator.py
[2024-08-24T11:42:58.060+0000] {logging_mixin.py:190} INFO - [2024-08-24T11:42:58.060+0000] {dag.py:3211} INFO - Sync 1 DAGs
[2024-08-24T11:42:58.073+0000] {logging_mixin.py:190} INFO - [2024-08-24T11:42:58.073+0000] {dag.py:4138} INFO - Setting next_dagrun for example_short_circuit_operator to 2024-08-23 00:00:00+00:00, run_after=2024-08-24 00:00:00+00:00
[2024-08-24T11:42:58.081+0000] {processor.py:208} INFO - Processing /home/airflow/.local/lib/python3.12/site-packages/airflow/example_dags/example_short_circuit_operator.py took 0.045 seconds
[2024-08-24T11:43:28.495+0000] {processor.py:186} INFO - Started process (PID=2818) to work on /home/airflow/.local/lib/python3.12/site-packages/airflow/example_dags/example_short_circuit_operator.py
[2024-08-24T11:43:28.495+0000] {processor.py:914} INFO - Processing file /home/airflow/.local/lib/python3.12/site-packages/airflow/example_dags/example_short_circuit_operator.py for tasks to queue
[2024-08-24T11:43:28.496+0000] {logging_mixin.py:190} INFO - [2024-08-24T11:43:28.496+0000] {dagbag.py:587} INFO - Filling up the DagBag from /home/airflow/.local/lib/python3.12/site-packages/airflow/example_dags/example_short_circuit_operator.py
[2024-08-24T11:43:28.501+0000] {processor.py:925} INFO - DAG(s) 'example_short_circuit_operator' retrieved from /home/airflow/.local/lib/python3.12/site-packages/airflow/example_dags/example_short_circuit_operator.py
[2024-08-24T11:43:28.529+0000] {logging_mixin.py:190} INFO - [2024-08-24T11:43:28.529+0000] {dag.py:3211} INFO - Sync 1 DAGs
[2024-08-24T11:43:28.568+0000] {logging_mixin.py:190} INFO - [2024-08-24T11:43:28.567+0000] {dag.py:4138} INFO - Setting next_dagrun for example_short_circuit_operator to 2024-08-23 00:00:00+00:00, run_after=2024-08-24 00:00:00+00:00
[2024-08-24T11:43:28.577+0000] {processor.py:208} INFO - Processing /home/airflow/.local/lib/python3.12/site-packages/airflow/example_dags/example_short_circuit_operator.py took 0.086 seconds
[2024-08-24T11:43:59.099+0000] {processor.py:186} INFO - Started process (PID=2880) to work on /home/airflow/.local/lib/python3.12/site-packages/airflow/example_dags/example_short_circuit_operator.py
[2024-08-24T11:43:59.100+0000] {processor.py:914} INFO - Processing file /home/airflow/.local/lib/python3.12/site-packages/airflow/example_dags/example_short_circuit_operator.py for tasks to queue
[2024-08-24T11:43:59.103+0000] {logging_mixin.py:190} INFO - [2024-08-24T11:43:59.102+0000] {dagbag.py:587} INFO - Filling up the DagBag from /home/airflow/.local/lib/python3.12/site-packages/airflow/example_dags/example_short_circuit_operator.py
[2024-08-24T11:43:59.109+0000] {processor.py:925} INFO - DAG(s) 'example_short_circuit_operator' retrieved from /home/airflow/.local/lib/python3.12/site-packages/airflow/example_dags/example_short_circuit_operator.py
[2024-08-24T11:43:59.127+0000] {logging_mixin.py:190} INFO - [2024-08-24T11:43:59.127+0000] {dag.py:3211} INFO - Sync 1 DAGs
[2024-08-24T11:43:59.172+0000] {logging_mixin.py:190} INFO - [2024-08-24T11:43:59.171+0000] {dag.py:4138} INFO - Setting next_dagrun for example_short_circuit_operator to 2024-08-23 00:00:00+00:00, run_after=2024-08-24 00:00:00+00:00
[2024-08-24T11:43:59.200+0000] {processor.py:208} INFO - Processing /home/airflow/.local/lib/python3.12/site-packages/airflow/example_dags/example_short_circuit_operator.py took 0.108 seconds
[2024-08-24T11:44:29.436+0000] {processor.py:186} INFO - Started process (PID=2942) to work on /home/airflow/.local/lib/python3.12/site-packages/airflow/example_dags/example_short_circuit_operator.py
[2024-08-24T11:44:29.437+0000] {processor.py:914} INFO - Processing file /home/airflow/.local/lib/python3.12/site-packages/airflow/example_dags/example_short_circuit_operator.py for tasks to queue
[2024-08-24T11:44:29.438+0000] {logging_mixin.py:190} INFO - [2024-08-24T11:44:29.438+0000] {dagbag.py:587} INFO - Filling up the DagBag from /home/airflow/.local/lib/python3.12/site-packages/airflow/example_dags/example_short_circuit_operator.py
[2024-08-24T11:44:29.443+0000] {processor.py:925} INFO - DAG(s) 'example_short_circuit_operator' retrieved from /home/airflow/.local/lib/python3.12/site-packages/airflow/example_dags/example_short_circuit_operator.py
[2024-08-24T11:44:29.455+0000] {logging_mixin.py:190} INFO - [2024-08-24T11:44:29.454+0000] {dag.py:3211} INFO - Sync 1 DAGs
[2024-08-24T11:44:29.467+0000] {logging_mixin.py:190} INFO - [2024-08-24T11:44:29.466+0000] {dag.py:4138} INFO - Setting next_dagrun for example_short_circuit_operator to 2024-08-23 00:00:00+00:00, run_after=2024-08-24 00:00:00+00:00
[2024-08-24T11:44:29.475+0000] {processor.py:208} INFO - Processing /home/airflow/.local/lib/python3.12/site-packages/airflow/example_dags/example_short_circuit_operator.py took 0.043 seconds
[2024-08-24T11:45:00.031+0000] {processor.py:186} INFO - Started process (PID=3005) to work on /home/airflow/.local/lib/python3.12/site-packages/airflow/example_dags/example_short_circuit_operator.py
[2024-08-24T11:45:00.032+0000] {processor.py:914} INFO - Processing file /home/airflow/.local/lib/python3.12/site-packages/airflow/example_dags/example_short_circuit_operator.py for tasks to queue
[2024-08-24T11:45:00.033+0000] {logging_mixin.py:190} INFO - [2024-08-24T11:45:00.033+0000] {dagbag.py:587} INFO - Filling up the DagBag from /home/airflow/.local/lib/python3.12/site-packages/airflow/example_dags/example_short_circuit_operator.py
[2024-08-24T11:45:00.037+0000] {processor.py:925} INFO - DAG(s) 'example_short_circuit_operator' retrieved from /home/airflow/.local/lib/python3.12/site-packages/airflow/example_dags/example_short_circuit_operator.py
[2024-08-24T11:45:00.055+0000] {logging_mixin.py:190} INFO - [2024-08-24T11:45:00.055+0000] {dag.py:3211} INFO - Sync 1 DAGs
[2024-08-24T11:45:00.073+0000] {logging_mixin.py:190} INFO - [2024-08-24T11:45:00.073+0000] {dag.py:4138} INFO - Setting next_dagrun for example_short_circuit_operator to 2024-08-23 00:00:00+00:00, run_after=2024-08-24 00:00:00+00:00
[2024-08-24T11:45:00.181+0000] {processor.py:208} INFO - Processing /home/airflow/.local/lib/python3.12/site-packages/airflow/example_dags/example_short_circuit_operator.py took 0.152 seconds
[2024-08-24T11:45:30.309+0000] {processor.py:186} INFO - Started process (PID=3068) to work on /home/airflow/.local/lib/python3.12/site-packages/airflow/example_dags/example_short_circuit_operator.py
[2024-08-24T11:45:30.309+0000] {processor.py:914} INFO - Processing file /home/airflow/.local/lib/python3.12/site-packages/airflow/example_dags/example_short_circuit_operator.py for tasks to queue
[2024-08-24T11:45:30.310+0000] {logging_mixin.py:190} INFO - [2024-08-24T11:45:30.310+0000] {dagbag.py:587} INFO - Filling up the DagBag from /home/airflow/.local/lib/python3.12/site-packages/airflow/example_dags/example_short_circuit_operator.py
[2024-08-24T11:45:30.315+0000] {processor.py:925} INFO - DAG(s) 'example_short_circuit_operator' retrieved from /home/airflow/.local/lib/python3.12/site-packages/airflow/example_dags/example_short_circuit_operator.py
[2024-08-24T11:45:30.328+0000] {logging_mixin.py:190} INFO - [2024-08-24T11:45:30.328+0000] {dag.py:3211} INFO - Sync 1 DAGs
[2024-08-24T11:45:30.340+0000] {logging_mixin.py:190} INFO - [2024-08-24T11:45:30.340+0000] {dag.py:4138} INFO - Setting next_dagrun for example_short_circuit_operator to 2024-08-23 00:00:00+00:00, run_after=2024-08-24 00:00:00+00:00
[2024-08-24T11:45:30.349+0000] {processor.py:208} INFO - Processing /home/airflow/.local/lib/python3.12/site-packages/airflow/example_dags/example_short_circuit_operator.py took 0.043 seconds
[2024-08-24T11:46:01.487+0000] {processor.py:186} INFO - Started process (PID=3130) to work on /home/airflow/.local/lib/python3.12/site-packages/airflow/example_dags/example_short_circuit_operator.py
[2024-08-24T11:46:01.487+0000] {processor.py:914} INFO - Processing file /home/airflow/.local/lib/python3.12/site-packages/airflow/example_dags/example_short_circuit_operator.py for tasks to queue
[2024-08-24T11:46:01.489+0000] {logging_mixin.py:190} INFO - [2024-08-24T11:46:01.489+0000] {dagbag.py:587} INFO - Filling up the DagBag from /home/airflow/.local/lib/python3.12/site-packages/airflow/example_dags/example_short_circuit_operator.py
[2024-08-24T11:46:01.494+0000] {processor.py:925} INFO - DAG(s) 'example_short_circuit_operator' retrieved from /home/airflow/.local/lib/python3.12/site-packages/airflow/example_dags/example_short_circuit_operator.py
[2024-08-24T11:46:01.505+0000] {logging_mixin.py:190} INFO - [2024-08-24T11:46:01.505+0000] {dag.py:3211} INFO - Sync 1 DAGs
[2024-08-24T11:46:01.517+0000] {logging_mixin.py:190} INFO - [2024-08-24T11:46:01.517+0000] {dag.py:4138} INFO - Setting next_dagrun for example_short_circuit_operator to 2024-08-23 00:00:00+00:00, run_after=2024-08-24 00:00:00+00:00
[2024-08-24T11:46:01.526+0000] {processor.py:208} INFO - Processing /home/airflow/.local/lib/python3.12/site-packages/airflow/example_dags/example_short_circuit_operator.py took 0.044 seconds
[2024-08-24T11:46:32.524+0000] {processor.py:186} INFO - Started process (PID=3192) to work on /home/airflow/.local/lib/python3.12/site-packages/airflow/example_dags/example_short_circuit_operator.py
[2024-08-24T11:46:32.524+0000] {processor.py:914} INFO - Processing file /home/airflow/.local/lib/python3.12/site-packages/airflow/example_dags/example_short_circuit_operator.py for tasks to queue
[2024-08-24T11:46:32.526+0000] {logging_mixin.py:190} INFO - [2024-08-24T11:46:32.526+0000] {dagbag.py:587} INFO - Filling up the DagBag from /home/airflow/.local/lib/python3.12/site-packages/airflow/example_dags/example_short_circuit_operator.py
[2024-08-24T11:46:32.533+0000] {processor.py:925} INFO - DAG(s) 'example_short_circuit_operator' retrieved from /home/airflow/.local/lib/python3.12/site-packages/airflow/example_dags/example_short_circuit_operator.py
[2024-08-24T11:46:32.550+0000] {logging_mixin.py:190} INFO - [2024-08-24T11:46:32.550+0000] {dag.py:3211} INFO - Sync 1 DAGs
[2024-08-24T11:46:32.569+0000] {logging_mixin.py:190} INFO - [2024-08-24T11:46:32.569+0000] {dag.py:4138} INFO - Setting next_dagrun for example_short_circuit_operator to 2024-08-23 00:00:00+00:00, run_after=2024-08-24 00:00:00+00:00
[2024-08-24T11:46:32.580+0000] {processor.py:208} INFO - Processing /home/airflow/.local/lib/python3.12/site-packages/airflow/example_dags/example_short_circuit_operator.py took 0.061 seconds
[2024-08-24T11:47:03.212+0000] {processor.py:186} INFO - Started process (PID=3254) to work on /home/airflow/.local/lib/python3.12/site-packages/airflow/example_dags/example_short_circuit_operator.py
[2024-08-24T11:47:03.213+0000] {processor.py:914} INFO - Processing file /home/airflow/.local/lib/python3.12/site-packages/airflow/example_dags/example_short_circuit_operator.py for tasks to queue
[2024-08-24T11:47:03.215+0000] {logging_mixin.py:190} INFO - [2024-08-24T11:47:03.214+0000] {dagbag.py:587} INFO - Filling up the DagBag from /home/airflow/.local/lib/python3.12/site-packages/airflow/example_dags/example_short_circuit_operator.py
[2024-08-24T11:47:03.220+0000] {processor.py:925} INFO - DAG(s) 'example_short_circuit_operator' retrieved from /home/airflow/.local/lib/python3.12/site-packages/airflow/example_dags/example_short_circuit_operator.py
[2024-08-24T11:47:03.233+0000] {logging_mixin.py:190} INFO - [2024-08-24T11:47:03.233+0000] {dag.py:3211} INFO - Sync 1 DAGs
[2024-08-24T11:47:03.340+0000] {logging_mixin.py:190} INFO - [2024-08-24T11:47:03.340+0000] {dag.py:4138} INFO - Setting next_dagrun for example_short_circuit_operator to 2024-08-23 00:00:00+00:00, run_after=2024-08-24 00:00:00+00:00
[2024-08-24T11:47:03.349+0000] {processor.py:208} INFO - Processing /home/airflow/.local/lib/python3.12/site-packages/airflow/example_dags/example_short_circuit_operator.py took 0.141 seconds
[2024-08-24T11:47:34.305+0000] {processor.py:186} INFO - Started process (PID=3316) to work on /home/airflow/.local/lib/python3.12/site-packages/airflow/example_dags/example_short_circuit_operator.py
[2024-08-24T11:47:34.306+0000] {processor.py:914} INFO - Processing file /home/airflow/.local/lib/python3.12/site-packages/airflow/example_dags/example_short_circuit_operator.py for tasks to queue
[2024-08-24T11:47:34.308+0000] {logging_mixin.py:190} INFO - [2024-08-24T11:47:34.308+0000] {dagbag.py:587} INFO - Filling up the DagBag from /home/airflow/.local/lib/python3.12/site-packages/airflow/example_dags/example_short_circuit_operator.py
[2024-08-24T11:47:34.312+0000] {processor.py:925} INFO - DAG(s) 'example_short_circuit_operator' retrieved from /home/airflow/.local/lib/python3.12/site-packages/airflow/example_dags/example_short_circuit_operator.py
[2024-08-24T11:47:34.324+0000] {logging_mixin.py:190} INFO - [2024-08-24T11:47:34.324+0000] {dag.py:3211} INFO - Sync 1 DAGs
[2024-08-24T11:47:34.336+0000] {logging_mixin.py:190} INFO - [2024-08-24T11:47:34.336+0000] {dag.py:4138} INFO - Setting next_dagrun for example_short_circuit_operator to 2024-08-23 00:00:00+00:00, run_after=2024-08-24 00:00:00+00:00
[2024-08-24T11:47:34.345+0000] {processor.py:208} INFO - Processing /home/airflow/.local/lib/python3.12/site-packages/airflow/example_dags/example_short_circuit_operator.py took 0.044 seconds
[2024-08-24T11:48:04.629+0000] {processor.py:186} INFO - Started process (PID=3378) to work on /home/airflow/.local/lib/python3.12/site-packages/airflow/example_dags/example_short_circuit_operator.py
[2024-08-24T11:48:04.630+0000] {processor.py:914} INFO - Processing file /home/airflow/.local/lib/python3.12/site-packages/airflow/example_dags/example_short_circuit_operator.py for tasks to queue
[2024-08-24T11:48:04.631+0000] {logging_mixin.py:190} INFO - [2024-08-24T11:48:04.631+0000] {dagbag.py:587} INFO - Filling up the DagBag from /home/airflow/.local/lib/python3.12/site-packages/airflow/example_dags/example_short_circuit_operator.py
[2024-08-24T11:48:04.636+0000] {processor.py:925} INFO - DAG(s) 'example_short_circuit_operator' retrieved from /home/airflow/.local/lib/python3.12/site-packages/airflow/example_dags/example_short_circuit_operator.py
[2024-08-24T11:48:04.654+0000] {logging_mixin.py:190} INFO - [2024-08-24T11:48:04.654+0000] {dag.py:3211} INFO - Sync 1 DAGs
[2024-08-24T11:48:04.674+0000] {logging_mixin.py:190} INFO - [2024-08-24T11:48:04.674+0000] {dag.py:4138} INFO - Setting next_dagrun for example_short_circuit_operator to 2024-08-23 00:00:00+00:00, run_after=2024-08-24 00:00:00+00:00
[2024-08-24T11:48:04.685+0000] {processor.py:208} INFO - Processing /home/airflow/.local/lib/python3.12/site-packages/airflow/example_dags/example_short_circuit_operator.py took 0.059 seconds
[2024-08-24T11:48:34.902+0000] {processor.py:186} INFO - Started process (PID=3440) to work on /home/airflow/.local/lib/python3.12/site-packages/airflow/example_dags/example_short_circuit_operator.py
[2024-08-24T11:48:34.902+0000] {processor.py:914} INFO - Processing file /home/airflow/.local/lib/python3.12/site-packages/airflow/example_dags/example_short_circuit_operator.py for tasks to queue
[2024-08-24T11:48:34.903+0000] {logging_mixin.py:190} INFO - [2024-08-24T11:48:34.903+0000] {dagbag.py:587} INFO - Filling up the DagBag from /home/airflow/.local/lib/python3.12/site-packages/airflow/example_dags/example_short_circuit_operator.py
[2024-08-24T11:48:34.908+0000] {processor.py:925} INFO - DAG(s) 'example_short_circuit_operator' retrieved from /home/airflow/.local/lib/python3.12/site-packages/airflow/example_dags/example_short_circuit_operator.py
[2024-08-24T11:48:34.920+0000] {logging_mixin.py:190} INFO - [2024-08-24T11:48:34.920+0000] {dag.py:3211} INFO - Sync 1 DAGs
[2024-08-24T11:48:34.932+0000] {logging_mixin.py:190} INFO - [2024-08-24T11:48:34.932+0000] {dag.py:4138} INFO - Setting next_dagrun for example_short_circuit_operator to 2024-08-23 00:00:00+00:00, run_after=2024-08-24 00:00:00+00:00
[2024-08-24T11:48:34.941+0000] {processor.py:208} INFO - Processing /home/airflow/.local/lib/python3.12/site-packages/airflow/example_dags/example_short_circuit_operator.py took 0.042 seconds
[2024-08-24T11:49:05.262+0000] {processor.py:186} INFO - Started process (PID=3502) to work on /home/airflow/.local/lib/python3.12/site-packages/airflow/example_dags/example_short_circuit_operator.py
[2024-08-24T11:49:05.263+0000] {processor.py:914} INFO - Processing file /home/airflow/.local/lib/python3.12/site-packages/airflow/example_dags/example_short_circuit_operator.py for tasks to queue
[2024-08-24T11:49:05.264+0000] {logging_mixin.py:190} INFO - [2024-08-24T11:49:05.264+0000] {dagbag.py:587} INFO - Filling up the DagBag from /home/airflow/.local/lib/python3.12/site-packages/airflow/example_dags/example_short_circuit_operator.py
[2024-08-24T11:49:05.268+0000] {processor.py:925} INFO - DAG(s) 'example_short_circuit_operator' retrieved from /home/airflow/.local/lib/python3.12/site-packages/airflow/example_dags/example_short_circuit_operator.py
[2024-08-24T11:49:05.281+0000] {logging_mixin.py:190} INFO - [2024-08-24T11:49:05.281+0000] {dag.py:3211} INFO - Sync 1 DAGs
[2024-08-24T11:49:05.293+0000] {logging_mixin.py:190} INFO - [2024-08-24T11:49:05.293+0000] {dag.py:4138} INFO - Setting next_dagrun for example_short_circuit_operator to 2024-08-23 00:00:00+00:00, run_after=2024-08-24 00:00:00+00:00
[2024-08-24T11:49:05.305+0000] {processor.py:208} INFO - Processing /home/airflow/.local/lib/python3.12/site-packages/airflow/example_dags/example_short_circuit_operator.py took 0.046 seconds
[2024-08-24T11:49:35.538+0000] {processor.py:186} INFO - Started process (PID=3564) to work on /home/airflow/.local/lib/python3.12/site-packages/airflow/example_dags/example_short_circuit_operator.py
[2024-08-24T11:49:35.538+0000] {processor.py:914} INFO - Processing file /home/airflow/.local/lib/python3.12/site-packages/airflow/example_dags/example_short_circuit_operator.py for tasks to queue
[2024-08-24T11:49:35.539+0000] {logging_mixin.py:190} INFO - [2024-08-24T11:49:35.539+0000] {dagbag.py:587} INFO - Filling up the DagBag from /home/airflow/.local/lib/python3.12/site-packages/airflow/example_dags/example_short_circuit_operator.py
[2024-08-24T11:49:35.544+0000] {processor.py:925} INFO - DAG(s) 'example_short_circuit_operator' retrieved from /home/airflow/.local/lib/python3.12/site-packages/airflow/example_dags/example_short_circuit_operator.py
[2024-08-24T11:49:35.556+0000] {logging_mixin.py:190} INFO - [2024-08-24T11:49:35.556+0000] {dag.py:3211} INFO - Sync 1 DAGs
[2024-08-24T11:49:35.572+0000] {logging_mixin.py:190} INFO - [2024-08-24T11:49:35.572+0000] {dag.py:4138} INFO - Setting next_dagrun for example_short_circuit_operator to 2024-08-23 00:00:00+00:00, run_after=2024-08-24 00:00:00+00:00
[2024-08-24T11:49:35.582+0000] {processor.py:208} INFO - Processing /home/airflow/.local/lib/python3.12/site-packages/airflow/example_dags/example_short_circuit_operator.py took 0.048 seconds
[2024-08-24T11:50:05.909+0000] {processor.py:186} INFO - Started process (PID=3626) to work on /home/airflow/.local/lib/python3.12/site-packages/airflow/example_dags/example_short_circuit_operator.py
[2024-08-24T11:50:05.910+0000] {processor.py:914} INFO - Processing file /home/airflow/.local/lib/python3.12/site-packages/airflow/example_dags/example_short_circuit_operator.py for tasks to queue
[2024-08-24T11:50:05.912+0000] {logging_mixin.py:190} INFO - [2024-08-24T11:50:05.912+0000] {dagbag.py:587} INFO - Filling up the DagBag from /home/airflow/.local/lib/python3.12/site-packages/airflow/example_dags/example_short_circuit_operator.py
[2024-08-24T11:50:05.918+0000] {processor.py:925} INFO - DAG(s) 'example_short_circuit_operator' retrieved from /home/airflow/.local/lib/python3.12/site-packages/airflow/example_dags/example_short_circuit_operator.py
[2024-08-24T11:50:05.932+0000] {logging_mixin.py:190} INFO - [2024-08-24T11:50:05.931+0000] {dag.py:3211} INFO - Sync 1 DAGs
[2024-08-24T11:50:05.943+0000] {logging_mixin.py:190} INFO - [2024-08-24T11:50:05.943+0000] {dag.py:4138} INFO - Setting next_dagrun for example_short_circuit_operator to 2024-08-23 00:00:00+00:00, run_after=2024-08-24 00:00:00+00:00
[2024-08-24T11:50:05.952+0000] {processor.py:208} INFO - Processing /home/airflow/.local/lib/python3.12/site-packages/airflow/example_dags/example_short_circuit_operator.py took 0.047 seconds
[2024-08-24T11:50:36.221+0000] {processor.py:186} INFO - Started process (PID=3688) to work on /home/airflow/.local/lib/python3.12/site-packages/airflow/example_dags/example_short_circuit_operator.py
[2024-08-24T11:50:36.221+0000] {processor.py:914} INFO - Processing file /home/airflow/.local/lib/python3.12/site-packages/airflow/example_dags/example_short_circuit_operator.py for tasks to queue
[2024-08-24T11:50:36.223+0000] {logging_mixin.py:190} INFO - [2024-08-24T11:50:36.222+0000] {dagbag.py:587} INFO - Filling up the DagBag from /home/airflow/.local/lib/python3.12/site-packages/airflow/example_dags/example_short_circuit_operator.py
[2024-08-24T11:50:36.227+0000] {processor.py:925} INFO - DAG(s) 'example_short_circuit_operator' retrieved from /home/airflow/.local/lib/python3.12/site-packages/airflow/example_dags/example_short_circuit_operator.py
[2024-08-24T11:50:36.240+0000] {logging_mixin.py:190} INFO - [2024-08-24T11:50:36.239+0000] {dag.py:3211} INFO - Sync 1 DAGs
[2024-08-24T11:50:36.252+0000] {logging_mixin.py:190} INFO - [2024-08-24T11:50:36.252+0000] {dag.py:4138} INFO - Setting next_dagrun for example_short_circuit_operator to 2024-08-23 00:00:00+00:00, run_after=2024-08-24 00:00:00+00:00
[2024-08-24T11:50:36.261+0000] {processor.py:208} INFO - Processing /home/airflow/.local/lib/python3.12/site-packages/airflow/example_dags/example_short_circuit_operator.py took 0.043 seconds
[2024-08-24T11:51:06.730+0000] {processor.py:186} INFO - Started process (PID=3750) to work on /home/airflow/.local/lib/python3.12/site-packages/airflow/example_dags/example_short_circuit_operator.py
[2024-08-24T11:51:06.731+0000] {processor.py:914} INFO - Processing file /home/airflow/.local/lib/python3.12/site-packages/airflow/example_dags/example_short_circuit_operator.py for tasks to queue
[2024-08-24T11:51:06.732+0000] {logging_mixin.py:190} INFO - [2024-08-24T11:51:06.731+0000] {dagbag.py:587} INFO - Filling up the DagBag from /home/airflow/.local/lib/python3.12/site-packages/airflow/example_dags/example_short_circuit_operator.py
[2024-08-24T11:51:06.737+0000] {processor.py:925} INFO - DAG(s) 'example_short_circuit_operator' retrieved from /home/airflow/.local/lib/python3.12/site-packages/airflow/example_dags/example_short_circuit_operator.py
[2024-08-24T11:51:06.748+0000] {logging_mixin.py:190} INFO - [2024-08-24T11:51:06.748+0000] {dag.py:3211} INFO - Sync 1 DAGs
[2024-08-24T11:51:06.761+0000] {logging_mixin.py:190} INFO - [2024-08-24T11:51:06.761+0000] {dag.py:4138} INFO - Setting next_dagrun for example_short_circuit_operator to 2024-08-23 00:00:00+00:00, run_after=2024-08-24 00:00:00+00:00
[2024-08-24T11:51:06.770+0000] {processor.py:208} INFO - Processing /home/airflow/.local/lib/python3.12/site-packages/airflow/example_dags/example_short_circuit_operator.py took 0.046 seconds
[2024-08-24T11:51:37.098+0000] {processor.py:186} INFO - Started process (PID=3812) to work on /home/airflow/.local/lib/python3.12/site-packages/airflow/example_dags/example_short_circuit_operator.py
[2024-08-24T11:51:37.099+0000] {processor.py:914} INFO - Processing file /home/airflow/.local/lib/python3.12/site-packages/airflow/example_dags/example_short_circuit_operator.py for tasks to queue
[2024-08-24T11:51:37.100+0000] {logging_mixin.py:190} INFO - [2024-08-24T11:51:37.100+0000] {dagbag.py:587} INFO - Filling up the DagBag from /home/airflow/.local/lib/python3.12/site-packages/airflow/example_dags/example_short_circuit_operator.py
[2024-08-24T11:51:37.106+0000] {processor.py:925} INFO - DAG(s) 'example_short_circuit_operator' retrieved from /home/airflow/.local/lib/python3.12/site-packages/airflow/example_dags/example_short_circuit_operator.py
[2024-08-24T11:51:37.121+0000] {logging_mixin.py:190} INFO - [2024-08-24T11:51:37.121+0000] {dag.py:3211} INFO - Sync 1 DAGs
[2024-08-24T11:51:37.133+0000] {logging_mixin.py:190} INFO - [2024-08-24T11:51:37.133+0000] {dag.py:4138} INFO - Setting next_dagrun for example_short_circuit_operator to 2024-08-23 00:00:00+00:00, run_after=2024-08-24 00:00:00+00:00
[2024-08-24T11:51:37.141+0000] {processor.py:208} INFO - Processing /home/airflow/.local/lib/python3.12/site-packages/airflow/example_dags/example_short_circuit_operator.py took 0.048 seconds
[2024-08-24T11:52:07.289+0000] {processor.py:186} INFO - Started process (PID=3874) to work on /home/airflow/.local/lib/python3.12/site-packages/airflow/example_dags/example_short_circuit_operator.py
[2024-08-24T11:52:07.289+0000] {processor.py:914} INFO - Processing file /home/airflow/.local/lib/python3.12/site-packages/airflow/example_dags/example_short_circuit_operator.py for tasks to queue
[2024-08-24T11:52:07.291+0000] {logging_mixin.py:190} INFO - [2024-08-24T11:52:07.291+0000] {dagbag.py:587} INFO - Filling up the DagBag from /home/airflow/.local/lib/python3.12/site-packages/airflow/example_dags/example_short_circuit_operator.py
[2024-08-24T11:52:07.299+0000] {processor.py:925} INFO - DAG(s) 'example_short_circuit_operator' retrieved from /home/airflow/.local/lib/python3.12/site-packages/airflow/example_dags/example_short_circuit_operator.py
[2024-08-24T11:52:07.319+0000] {logging_mixin.py:190} INFO - [2024-08-24T11:52:07.319+0000] {dag.py:3211} INFO - Sync 1 DAGs
[2024-08-24T11:52:07.337+0000] {logging_mixin.py:190} INFO - [2024-08-24T11:52:07.337+0000] {dag.py:4138} INFO - Setting next_dagrun for example_short_circuit_operator to 2024-08-23 00:00:00+00:00, run_after=2024-08-24 00:00:00+00:00
[2024-08-24T11:52:07.348+0000] {processor.py:208} INFO - Processing /home/airflow/.local/lib/python3.12/site-packages/airflow/example_dags/example_short_circuit_operator.py took 0.064 seconds
[2024-08-24T11:52:37.609+0000] {processor.py:186} INFO - Started process (PID=3936) to work on /home/airflow/.local/lib/python3.12/site-packages/airflow/example_dags/example_short_circuit_operator.py
[2024-08-24T11:52:37.610+0000] {processor.py:914} INFO - Processing file /home/airflow/.local/lib/python3.12/site-packages/airflow/example_dags/example_short_circuit_operator.py for tasks to queue
[2024-08-24T11:52:37.611+0000] {logging_mixin.py:190} INFO - [2024-08-24T11:52:37.611+0000] {dagbag.py:587} INFO - Filling up the DagBag from /home/airflow/.local/lib/python3.12/site-packages/airflow/example_dags/example_short_circuit_operator.py
[2024-08-24T11:52:37.616+0000] {processor.py:925} INFO - DAG(s) 'example_short_circuit_operator' retrieved from /home/airflow/.local/lib/python3.12/site-packages/airflow/example_dags/example_short_circuit_operator.py
[2024-08-24T11:52:37.632+0000] {logging_mixin.py:190} INFO - [2024-08-24T11:52:37.632+0000] {dag.py:3211} INFO - Sync 1 DAGs
[2024-08-24T11:52:37.649+0000] {logging_mixin.py:190} INFO - [2024-08-24T11:52:37.649+0000] {dag.py:4138} INFO - Setting next_dagrun for example_short_circuit_operator to 2024-08-23 00:00:00+00:00, run_after=2024-08-24 00:00:00+00:00
[2024-08-24T11:52:37.658+0000] {processor.py:208} INFO - Processing /home/airflow/.local/lib/python3.12/site-packages/airflow/example_dags/example_short_circuit_operator.py took 0.052 seconds
[2024-08-24T11:53:07.995+0000] {processor.py:186} INFO - Started process (PID=3998) to work on /home/airflow/.local/lib/python3.12/site-packages/airflow/example_dags/example_short_circuit_operator.py
[2024-08-24T11:53:07.996+0000] {processor.py:914} INFO - Processing file /home/airflow/.local/lib/python3.12/site-packages/airflow/example_dags/example_short_circuit_operator.py for tasks to queue
[2024-08-24T11:53:07.997+0000] {logging_mixin.py:190} INFO - [2024-08-24T11:53:07.997+0000] {dagbag.py:587} INFO - Filling up the DagBag from /home/airflow/.local/lib/python3.12/site-packages/airflow/example_dags/example_short_circuit_operator.py
[2024-08-24T11:53:08.001+0000] {processor.py:925} INFO - DAG(s) 'example_short_circuit_operator' retrieved from /home/airflow/.local/lib/python3.12/site-packages/airflow/example_dags/example_short_circuit_operator.py
[2024-08-24T11:53:08.014+0000] {logging_mixin.py:190} INFO - [2024-08-24T11:53:08.014+0000] {dag.py:3211} INFO - Sync 1 DAGs
[2024-08-24T11:53:08.026+0000] {logging_mixin.py:190} INFO - [2024-08-24T11:53:08.026+0000] {dag.py:4138} INFO - Setting next_dagrun for example_short_circuit_operator to 2024-08-23 00:00:00+00:00, run_after=2024-08-24 00:00:00+00:00
[2024-08-24T11:53:08.035+0000] {processor.py:208} INFO - Processing /home/airflow/.local/lib/python3.12/site-packages/airflow/example_dags/example_short_circuit_operator.py took 0.045 seconds
[2024-08-24T11:53:38.287+0000] {processor.py:186} INFO - Started process (PID=4061) to work on /home/airflow/.local/lib/python3.12/site-packages/airflow/example_dags/example_short_circuit_operator.py
[2024-08-24T11:53:38.287+0000] {processor.py:914} INFO - Processing file /home/airflow/.local/lib/python3.12/site-packages/airflow/example_dags/example_short_circuit_operator.py for tasks to queue
[2024-08-24T11:53:38.288+0000] {logging_mixin.py:190} INFO - [2024-08-24T11:53:38.288+0000] {dagbag.py:587} INFO - Filling up the DagBag from /home/airflow/.local/lib/python3.12/site-packages/airflow/example_dags/example_short_circuit_operator.py
[2024-08-24T11:53:38.293+0000] {processor.py:925} INFO - DAG(s) 'example_short_circuit_operator' retrieved from /home/airflow/.local/lib/python3.12/site-packages/airflow/example_dags/example_short_circuit_operator.py
[2024-08-24T11:53:38.305+0000] {logging_mixin.py:190} INFO - [2024-08-24T11:53:38.305+0000] {dag.py:3211} INFO - Sync 1 DAGs
[2024-08-24T11:53:38.318+0000] {logging_mixin.py:190} INFO - [2024-08-24T11:53:38.318+0000] {dag.py:4138} INFO - Setting next_dagrun for example_short_circuit_operator to 2024-08-23 00:00:00+00:00, run_after=2024-08-24 00:00:00+00:00
[2024-08-24T11:53:38.327+0000] {processor.py:208} INFO - Processing /home/airflow/.local/lib/python3.12/site-packages/airflow/example_dags/example_short_circuit_operator.py took 0.045 seconds
[2024-08-24T11:54:08.671+0000] {processor.py:186} INFO - Started process (PID=4123) to work on /home/airflow/.local/lib/python3.12/site-packages/airflow/example_dags/example_short_circuit_operator.py
[2024-08-24T11:54:08.672+0000] {processor.py:914} INFO - Processing file /home/airflow/.local/lib/python3.12/site-packages/airflow/example_dags/example_short_circuit_operator.py for tasks to queue
[2024-08-24T11:54:08.674+0000] {logging_mixin.py:190} INFO - [2024-08-24T11:54:08.673+0000] {dagbag.py:587} INFO - Filling up the DagBag from /home/airflow/.local/lib/python3.12/site-packages/airflow/example_dags/example_short_circuit_operator.py
[2024-08-24T11:54:08.678+0000] {processor.py:925} INFO - DAG(s) 'example_short_circuit_operator' retrieved from /home/airflow/.local/lib/python3.12/site-packages/airflow/example_dags/example_short_circuit_operator.py
[2024-08-24T11:54:08.695+0000] {logging_mixin.py:190} INFO - [2024-08-24T11:54:08.695+0000] {dag.py:3211} INFO - Sync 1 DAGs
[2024-08-24T11:54:08.714+0000] {logging_mixin.py:190} INFO - [2024-08-24T11:54:08.714+0000] {dag.py:4138} INFO - Setting next_dagrun for example_short_circuit_operator to 2024-08-23 00:00:00+00:00, run_after=2024-08-24 00:00:00+00:00
[2024-08-24T11:54:08.723+0000] {processor.py:208} INFO - Processing /home/airflow/.local/lib/python3.12/site-packages/airflow/example_dags/example_short_circuit_operator.py took 0.058 seconds
[2024-08-24T11:54:38.959+0000] {processor.py:186} INFO - Started process (PID=4185) to work on /home/airflow/.local/lib/python3.12/site-packages/airflow/example_dags/example_short_circuit_operator.py
[2024-08-24T11:54:38.959+0000] {processor.py:914} INFO - Processing file /home/airflow/.local/lib/python3.12/site-packages/airflow/example_dags/example_short_circuit_operator.py for tasks to queue
[2024-08-24T11:54:38.960+0000] {logging_mixin.py:190} INFO - [2024-08-24T11:54:38.960+0000] {dagbag.py:587} INFO - Filling up the DagBag from /home/airflow/.local/lib/python3.12/site-packages/airflow/example_dags/example_short_circuit_operator.py
[2024-08-24T11:54:38.965+0000] {processor.py:925} INFO - DAG(s) 'example_short_circuit_operator' retrieved from /home/airflow/.local/lib/python3.12/site-packages/airflow/example_dags/example_short_circuit_operator.py
[2024-08-24T11:54:38.980+0000] {logging_mixin.py:190} INFO - [2024-08-24T11:54:38.980+0000] {dag.py:3211} INFO - Sync 1 DAGs
[2024-08-24T11:54:38.994+0000] {logging_mixin.py:190} INFO - [2024-08-24T11:54:38.994+0000] {dag.py:4138} INFO - Setting next_dagrun for example_short_circuit_operator to 2024-08-23 00:00:00+00:00, run_after=2024-08-24 00:00:00+00:00
[2024-08-24T11:54:39.010+0000] {processor.py:208} INFO - Processing /home/airflow/.local/lib/python3.12/site-packages/airflow/example_dags/example_short_circuit_operator.py took 0.055 seconds
[2024-08-24T11:55:09.279+0000] {processor.py:186} INFO - Started process (PID=4247) to work on /home/airflow/.local/lib/python3.12/site-packages/airflow/example_dags/example_short_circuit_operator.py
[2024-08-24T11:55:09.280+0000] {processor.py:914} INFO - Processing file /home/airflow/.local/lib/python3.12/site-packages/airflow/example_dags/example_short_circuit_operator.py for tasks to queue
[2024-08-24T11:55:09.282+0000] {logging_mixin.py:190} INFO - [2024-08-24T11:55:09.282+0000] {dagbag.py:587} INFO - Filling up the DagBag from /home/airflow/.local/lib/python3.12/site-packages/airflow/example_dags/example_short_circuit_operator.py
[2024-08-24T11:55:09.287+0000] {processor.py:925} INFO - DAG(s) 'example_short_circuit_operator' retrieved from /home/airflow/.local/lib/python3.12/site-packages/airflow/example_dags/example_short_circuit_operator.py
[2024-08-24T11:55:09.302+0000] {logging_mixin.py:190} INFO - [2024-08-24T11:55:09.301+0000] {dag.py:3211} INFO - Sync 1 DAGs
[2024-08-24T11:55:09.314+0000] {logging_mixin.py:190} INFO - [2024-08-24T11:55:09.314+0000] {dag.py:4138} INFO - Setting next_dagrun for example_short_circuit_operator to 2024-08-23 00:00:00+00:00, run_after=2024-08-24 00:00:00+00:00
[2024-08-24T11:55:09.325+0000] {processor.py:208} INFO - Processing /home/airflow/.local/lib/python3.12/site-packages/airflow/example_dags/example_short_circuit_operator.py took 0.050 seconds
[2024-08-24T11:55:39.725+0000] {processor.py:186} INFO - Started process (PID=4309) to work on /home/airflow/.local/lib/python3.12/site-packages/airflow/example_dags/example_short_circuit_operator.py
[2024-08-24T11:55:39.726+0000] {processor.py:914} INFO - Processing file /home/airflow/.local/lib/python3.12/site-packages/airflow/example_dags/example_short_circuit_operator.py for tasks to queue
[2024-08-24T11:55:39.728+0000] {logging_mixin.py:190} INFO - [2024-08-24T11:55:39.727+0000] {dagbag.py:587} INFO - Filling up the DagBag from /home/airflow/.local/lib/python3.12/site-packages/airflow/example_dags/example_short_circuit_operator.py
[2024-08-24T11:55:39.733+0000] {processor.py:925} INFO - DAG(s) 'example_short_circuit_operator' retrieved from /home/airflow/.local/lib/python3.12/site-packages/airflow/example_dags/example_short_circuit_operator.py
[2024-08-24T11:55:39.745+0000] {logging_mixin.py:190} INFO - [2024-08-24T11:55:39.745+0000] {dag.py:3211} INFO - Sync 1 DAGs
[2024-08-24T11:55:39.757+0000] {logging_mixin.py:190} INFO - [2024-08-24T11:55:39.757+0000] {dag.py:4138} INFO - Setting next_dagrun for example_short_circuit_operator to 2024-08-23 00:00:00+00:00, run_after=2024-08-24 00:00:00+00:00
[2024-08-24T11:55:39.766+0000] {processor.py:208} INFO - Processing /home/airflow/.local/lib/python3.12/site-packages/airflow/example_dags/example_short_circuit_operator.py took 0.051 seconds
[2024-08-24T11:56:10.178+0000] {processor.py:186} INFO - Started process (PID=4371) to work on /home/airflow/.local/lib/python3.12/site-packages/airflow/example_dags/example_short_circuit_operator.py
[2024-08-24T11:56:10.179+0000] {processor.py:914} INFO - Processing file /home/airflow/.local/lib/python3.12/site-packages/airflow/example_dags/example_short_circuit_operator.py for tasks to queue
[2024-08-24T11:56:10.180+0000] {logging_mixin.py:190} INFO - [2024-08-24T11:56:10.180+0000] {dagbag.py:587} INFO - Filling up the DagBag from /home/airflow/.local/lib/python3.12/site-packages/airflow/example_dags/example_short_circuit_operator.py
[2024-08-24T11:56:10.185+0000] {processor.py:925} INFO - DAG(s) 'example_short_circuit_operator' retrieved from /home/airflow/.local/lib/python3.12/site-packages/airflow/example_dags/example_short_circuit_operator.py
[2024-08-24T11:56:10.202+0000] {logging_mixin.py:190} INFO - [2024-08-24T11:56:10.202+0000] {dag.py:3211} INFO - Sync 1 DAGs
[2024-08-24T11:56:10.213+0000] {logging_mixin.py:190} INFO - [2024-08-24T11:56:10.213+0000] {dag.py:4138} INFO - Setting next_dagrun for example_short_circuit_operator to 2024-08-23 00:00:00+00:00, run_after=2024-08-24 00:00:00+00:00
[2024-08-24T11:56:10.223+0000] {processor.py:208} INFO - Processing /home/airflow/.local/lib/python3.12/site-packages/airflow/example_dags/example_short_circuit_operator.py took 0.049 seconds
