[2024-08-24T11:21:08.996+0000] {processor.py:186} INFO - Started process (PID=101) to work on /home/airflow/.local/lib/python3.12/site-packages/airflow/example_dags/example_sla_dag.py
[2024-08-24T11:21:08.997+0000] {processor.py:914} INFO - Processing file /home/airflow/.local/lib/python3.12/site-packages/airflow/example_dags/example_sla_dag.py for tasks to queue
[2024-08-24T11:21:08.998+0000] {logging_mixin.py:190} INFO - [2024-08-24T11:21:08.998+0000] {dagbag.py:587} INFO - Filling up the DagBag from /home/airflow/.local/lib/python3.12/site-packages/airflow/example_dags/example_sla_dag.py
[2024-08-24T11:21:09.006+0000] {processor.py:925} INFO - DAG(s) 'example_sla_dag' retrieved from /home/airflow/.local/lib/python3.12/site-packages/airflow/example_dags/example_sla_dag.py
[2024-08-24T11:21:09.060+0000] {logging_mixin.py:190} INFO - [2024-08-24T11:21:09.060+0000] {override.py:1858} INFO - Created Permission View: can edit on DAG:example_sla_dag
[2024-08-24T11:21:09.065+0000] {logging_mixin.py:190} INFO - [2024-08-24T11:21:09.065+0000] {override.py:1858} INFO - Created Permission View: can read on DAG:example_sla_dag
[2024-08-24T11:21:09.068+0000] {logging_mixin.py:190} INFO - [2024-08-24T11:21:09.068+0000] {override.py:1858} INFO - Created Permission View: can delete on DAG:example_sla_dag
[2024-08-24T11:21:09.069+0000] {logging_mixin.py:190} INFO - [2024-08-24T11:21:09.068+0000] {dag.py:3211} INFO - Sync 1 DAGs
[2024-08-24T11:21:09.076+0000] {logging_mixin.py:190} INFO - [2024-08-24T11:21:09.075+0000] {dag.py:3234} INFO - Creating ORM DAG for example_sla_dag
[2024-08-24T11:21:09.082+0000] {logging_mixin.py:190} INFO - [2024-08-24T11:21:09.082+0000] {dag.py:4138} INFO - Setting next_dagrun for example_sla_dag to 2024-08-24 11:18:00+00:00, run_after=2024-08-24 11:20:00+00:00
[2024-08-24T11:21:09.090+0000] {processor.py:208} INFO - Processing /home/airflow/.local/lib/python3.12/site-packages/airflow/example_dags/example_sla_dag.py took 0.098 seconds
[2024-08-24T11:21:39.296+0000] {processor.py:186} INFO - Started process (PID=163) to work on /home/airflow/.local/lib/python3.12/site-packages/airflow/example_dags/example_sla_dag.py
[2024-08-24T11:21:39.297+0000] {processor.py:914} INFO - Processing file /home/airflow/.local/lib/python3.12/site-packages/airflow/example_dags/example_sla_dag.py for tasks to queue
[2024-08-24T11:21:39.298+0000] {logging_mixin.py:190} INFO - [2024-08-24T11:21:39.298+0000] {dagbag.py:587} INFO - Filling up the DagBag from /home/airflow/.local/lib/python3.12/site-packages/airflow/example_dags/example_sla_dag.py
[2024-08-24T11:21:39.303+0000] {processor.py:925} INFO - DAG(s) 'example_sla_dag' retrieved from /home/airflow/.local/lib/python3.12/site-packages/airflow/example_dags/example_sla_dag.py
[2024-08-24T11:21:39.315+0000] {logging_mixin.py:190} INFO - [2024-08-24T11:21:39.315+0000] {dag.py:3211} INFO - Sync 1 DAGs
[2024-08-24T11:21:39.330+0000] {logging_mixin.py:190} INFO - [2024-08-24T11:21:39.330+0000] {dag.py:4138} INFO - Setting next_dagrun for example_sla_dag to 2024-08-24 11:18:00+00:00, run_after=2024-08-24 11:20:00+00:00
[2024-08-24T11:21:39.338+0000] {processor.py:208} INFO - Processing /home/airflow/.local/lib/python3.12/site-packages/airflow/example_dags/example_sla_dag.py took 0.045 seconds
[2024-08-24T11:22:09.510+0000] {processor.py:186} INFO - Started process (PID=225) to work on /home/airflow/.local/lib/python3.12/site-packages/airflow/example_dags/example_sla_dag.py
[2024-08-24T11:22:09.510+0000] {processor.py:914} INFO - Processing file /home/airflow/.local/lib/python3.12/site-packages/airflow/example_dags/example_sla_dag.py for tasks to queue
[2024-08-24T11:22:09.511+0000] {logging_mixin.py:190} INFO - [2024-08-24T11:22:09.511+0000] {dagbag.py:587} INFO - Filling up the DagBag from /home/airflow/.local/lib/python3.12/site-packages/airflow/example_dags/example_sla_dag.py
[2024-08-24T11:22:09.517+0000] {processor.py:925} INFO - DAG(s) 'example_sla_dag' retrieved from /home/airflow/.local/lib/python3.12/site-packages/airflow/example_dags/example_sla_dag.py
[2024-08-24T11:22:09.530+0000] {logging_mixin.py:190} INFO - [2024-08-24T11:22:09.530+0000] {dag.py:3211} INFO - Sync 1 DAGs
[2024-08-24T11:22:09.543+0000] {logging_mixin.py:190} INFO - [2024-08-24T11:22:09.543+0000] {dag.py:4138} INFO - Setting next_dagrun for example_sla_dag to 2024-08-24 11:20:00+00:00, run_after=2024-08-24 11:22:00+00:00
[2024-08-24T11:22:09.553+0000] {processor.py:208} INFO - Processing /home/airflow/.local/lib/python3.12/site-packages/airflow/example_dags/example_sla_dag.py took 0.047 seconds
[2024-08-24T11:22:39.645+0000] {processor.py:186} INFO - Started process (PID=287) to work on /home/airflow/.local/lib/python3.12/site-packages/airflow/example_dags/example_sla_dag.py
[2024-08-24T11:22:39.645+0000] {processor.py:914} INFO - Processing file /home/airflow/.local/lib/python3.12/site-packages/airflow/example_dags/example_sla_dag.py for tasks to queue
[2024-08-24T11:22:39.646+0000] {logging_mixin.py:190} INFO - [2024-08-24T11:22:39.646+0000] {dagbag.py:587} INFO - Filling up the DagBag from /home/airflow/.local/lib/python3.12/site-packages/airflow/example_dags/example_sla_dag.py
[2024-08-24T11:22:39.651+0000] {processor.py:925} INFO - DAG(s) 'example_sla_dag' retrieved from /home/airflow/.local/lib/python3.12/site-packages/airflow/example_dags/example_sla_dag.py
[2024-08-24T11:22:39.661+0000] {logging_mixin.py:190} INFO - [2024-08-24T11:22:39.660+0000] {dag.py:3211} INFO - Sync 1 DAGs
[2024-08-24T11:22:39.673+0000] {logging_mixin.py:190} INFO - [2024-08-24T11:22:39.673+0000] {dag.py:4138} INFO - Setting next_dagrun for example_sla_dag to 2024-08-24 11:20:00+00:00, run_after=2024-08-24 11:22:00+00:00
[2024-08-24T11:22:39.682+0000] {processor.py:208} INFO - Processing /home/airflow/.local/lib/python3.12/site-packages/airflow/example_dags/example_sla_dag.py took 0.041 seconds
[2024-08-24T11:23:09.964+0000] {processor.py:186} INFO - Started process (PID=349) to work on /home/airflow/.local/lib/python3.12/site-packages/airflow/example_dags/example_sla_dag.py
[2024-08-24T11:23:09.965+0000] {processor.py:914} INFO - Processing file /home/airflow/.local/lib/python3.12/site-packages/airflow/example_dags/example_sla_dag.py for tasks to queue
[2024-08-24T11:23:09.966+0000] {logging_mixin.py:190} INFO - [2024-08-24T11:23:09.966+0000] {dagbag.py:587} INFO - Filling up the DagBag from /home/airflow/.local/lib/python3.12/site-packages/airflow/example_dags/example_sla_dag.py
[2024-08-24T11:23:09.971+0000] {processor.py:925} INFO - DAG(s) 'example_sla_dag' retrieved from /home/airflow/.local/lib/python3.12/site-packages/airflow/example_dags/example_sla_dag.py
[2024-08-24T11:23:09.983+0000] {logging_mixin.py:190} INFO - [2024-08-24T11:23:09.983+0000] {dag.py:3211} INFO - Sync 1 DAGs
[2024-08-24T11:23:10.002+0000] {logging_mixin.py:190} INFO - [2024-08-24T11:23:10.002+0000] {dag.py:4138} INFO - Setting next_dagrun for example_sla_dag to 2024-08-24 11:20:00+00:00, run_after=2024-08-24 11:22:00+00:00
[2024-08-24T11:23:10.015+0000] {processor.py:208} INFO - Processing /home/airflow/.local/lib/python3.12/site-packages/airflow/example_dags/example_sla_dag.py took 0.053 seconds
[2024-08-24T11:23:40.218+0000] {processor.py:186} INFO - Started process (PID=411) to work on /home/airflow/.local/lib/python3.12/site-packages/airflow/example_dags/example_sla_dag.py
[2024-08-24T11:23:40.218+0000] {processor.py:914} INFO - Processing file /home/airflow/.local/lib/python3.12/site-packages/airflow/example_dags/example_sla_dag.py for tasks to queue
[2024-08-24T11:23:40.220+0000] {logging_mixin.py:190} INFO - [2024-08-24T11:23:40.219+0000] {dagbag.py:587} INFO - Filling up the DagBag from /home/airflow/.local/lib/python3.12/site-packages/airflow/example_dags/example_sla_dag.py
[2024-08-24T11:23:40.225+0000] {processor.py:925} INFO - DAG(s) 'example_sla_dag' retrieved from /home/airflow/.local/lib/python3.12/site-packages/airflow/example_dags/example_sla_dag.py
[2024-08-24T11:23:40.238+0000] {logging_mixin.py:190} INFO - [2024-08-24T11:23:40.237+0000] {dag.py:3211} INFO - Sync 1 DAGs
[2024-08-24T11:23:40.258+0000] {logging_mixin.py:190} INFO - [2024-08-24T11:23:40.258+0000] {dag.py:4138} INFO - Setting next_dagrun for example_sla_dag to 2024-08-24 11:20:00+00:00, run_after=2024-08-24 11:22:00+00:00
[2024-08-24T11:23:40.272+0000] {processor.py:208} INFO - Processing /home/airflow/.local/lib/python3.12/site-packages/airflow/example_dags/example_sla_dag.py took 0.058 seconds
[2024-08-24T11:24:10.482+0000] {processor.py:186} INFO - Started process (PID=473) to work on /home/airflow/.local/lib/python3.12/site-packages/airflow/example_dags/example_sla_dag.py
[2024-08-24T11:24:10.483+0000] {processor.py:914} INFO - Processing file /home/airflow/.local/lib/python3.12/site-packages/airflow/example_dags/example_sla_dag.py for tasks to queue
[2024-08-24T11:24:10.484+0000] {logging_mixin.py:190} INFO - [2024-08-24T11:24:10.484+0000] {dagbag.py:587} INFO - Filling up the DagBag from /home/airflow/.local/lib/python3.12/site-packages/airflow/example_dags/example_sla_dag.py
[2024-08-24T11:24:10.489+0000] {processor.py:925} INFO - DAG(s) 'example_sla_dag' retrieved from /home/airflow/.local/lib/python3.12/site-packages/airflow/example_dags/example_sla_dag.py
[2024-08-24T11:24:10.501+0000] {logging_mixin.py:190} INFO - [2024-08-24T11:24:10.501+0000] {dag.py:3211} INFO - Sync 1 DAGs
[2024-08-24T11:24:10.514+0000] {logging_mixin.py:190} INFO - [2024-08-24T11:24:10.514+0000] {dag.py:4138} INFO - Setting next_dagrun for example_sla_dag to 2024-08-24 11:22:00+00:00, run_after=2024-08-24 11:24:00+00:00
[2024-08-24T11:24:10.525+0000] {processor.py:208} INFO - Processing /home/airflow/.local/lib/python3.12/site-packages/airflow/example_dags/example_sla_dag.py took 0.046 seconds
[2024-08-24T11:24:40.683+0000] {processor.py:186} INFO - Started process (PID=535) to work on /home/airflow/.local/lib/python3.12/site-packages/airflow/example_dags/example_sla_dag.py
[2024-08-24T11:24:40.684+0000] {processor.py:914} INFO - Processing file /home/airflow/.local/lib/python3.12/site-packages/airflow/example_dags/example_sla_dag.py for tasks to queue
[2024-08-24T11:24:40.685+0000] {logging_mixin.py:190} INFO - [2024-08-24T11:24:40.685+0000] {dagbag.py:587} INFO - Filling up the DagBag from /home/airflow/.local/lib/python3.12/site-packages/airflow/example_dags/example_sla_dag.py
[2024-08-24T11:24:40.693+0000] {processor.py:925} INFO - DAG(s) 'example_sla_dag' retrieved from /home/airflow/.local/lib/python3.12/site-packages/airflow/example_dags/example_sla_dag.py
[2024-08-24T11:24:40.702+0000] {logging_mixin.py:190} INFO - [2024-08-24T11:24:40.702+0000] {dag.py:3211} INFO - Sync 1 DAGs
[2024-08-24T11:24:40.716+0000] {logging_mixin.py:190} INFO - [2024-08-24T11:24:40.716+0000] {dag.py:4138} INFO - Setting next_dagrun for example_sla_dag to 2024-08-24 11:22:00+00:00, run_after=2024-08-24 11:24:00+00:00
[2024-08-24T11:24:40.726+0000] {processor.py:208} INFO - Processing /home/airflow/.local/lib/python3.12/site-packages/airflow/example_dags/example_sla_dag.py took 0.047 seconds
[2024-08-24T11:25:10.945+0000] {processor.py:186} INFO - Started process (PID=597) to work on /home/airflow/.local/lib/python3.12/site-packages/airflow/example_dags/example_sla_dag.py
[2024-08-24T11:25:10.945+0000] {processor.py:914} INFO - Processing file /home/airflow/.local/lib/python3.12/site-packages/airflow/example_dags/example_sla_dag.py for tasks to queue
[2024-08-24T11:25:10.947+0000] {logging_mixin.py:190} INFO - [2024-08-24T11:25:10.947+0000] {dagbag.py:587} INFO - Filling up the DagBag from /home/airflow/.local/lib/python3.12/site-packages/airflow/example_dags/example_sla_dag.py
[2024-08-24T11:25:10.952+0000] {processor.py:925} INFO - DAG(s) 'example_sla_dag' retrieved from /home/airflow/.local/lib/python3.12/site-packages/airflow/example_dags/example_sla_dag.py
[2024-08-24T11:25:10.964+0000] {logging_mixin.py:190} INFO - [2024-08-24T11:25:10.964+0000] {dag.py:3211} INFO - Sync 1 DAGs
[2024-08-24T11:25:10.983+0000] {logging_mixin.py:190} INFO - [2024-08-24T11:25:10.982+0000] {dag.py:4138} INFO - Setting next_dagrun for example_sla_dag to 2024-08-24 11:22:00+00:00, run_after=2024-08-24 11:24:00+00:00
[2024-08-24T11:25:10.993+0000] {processor.py:208} INFO - Processing /home/airflow/.local/lib/python3.12/site-packages/airflow/example_dags/example_sla_dag.py took 0.054 seconds
[2024-08-24T11:25:41.025+0000] {processor.py:186} INFO - Started process (PID=659) to work on /home/airflow/.local/lib/python3.12/site-packages/airflow/example_dags/example_sla_dag.py
[2024-08-24T11:25:41.026+0000] {processor.py:914} INFO - Processing file /home/airflow/.local/lib/python3.12/site-packages/airflow/example_dags/example_sla_dag.py for tasks to queue
[2024-08-24T11:25:41.027+0000] {logging_mixin.py:190} INFO - [2024-08-24T11:25:41.027+0000] {dagbag.py:587} INFO - Filling up the DagBag from /home/airflow/.local/lib/python3.12/site-packages/airflow/example_dags/example_sla_dag.py
[2024-08-24T11:25:41.032+0000] {processor.py:925} INFO - DAG(s) 'example_sla_dag' retrieved from /home/airflow/.local/lib/python3.12/site-packages/airflow/example_dags/example_sla_dag.py
[2024-08-24T11:25:41.046+0000] {logging_mixin.py:190} INFO - [2024-08-24T11:25:41.045+0000] {dag.py:3211} INFO - Sync 1 DAGs
[2024-08-24T11:25:41.071+0000] {logging_mixin.py:190} INFO - [2024-08-24T11:25:41.071+0000] {dag.py:4138} INFO - Setting next_dagrun for example_sla_dag to 2024-08-24 11:22:00+00:00, run_after=2024-08-24 11:24:00+00:00
[2024-08-24T11:25:41.083+0000] {processor.py:208} INFO - Processing /home/airflow/.local/lib/python3.12/site-packages/airflow/example_dags/example_sla_dag.py took 0.062 seconds
[2024-08-24T11:26:11.376+0000] {processor.py:186} INFO - Started process (PID=721) to work on /home/airflow/.local/lib/python3.12/site-packages/airflow/example_dags/example_sla_dag.py
[2024-08-24T11:26:11.377+0000] {processor.py:914} INFO - Processing file /home/airflow/.local/lib/python3.12/site-packages/airflow/example_dags/example_sla_dag.py for tasks to queue
[2024-08-24T11:26:11.378+0000] {logging_mixin.py:190} INFO - [2024-08-24T11:26:11.378+0000] {dagbag.py:587} INFO - Filling up the DagBag from /home/airflow/.local/lib/python3.12/site-packages/airflow/example_dags/example_sla_dag.py
[2024-08-24T11:26:11.383+0000] {processor.py:925} INFO - DAG(s) 'example_sla_dag' retrieved from /home/airflow/.local/lib/python3.12/site-packages/airflow/example_dags/example_sla_dag.py
[2024-08-24T11:26:11.394+0000] {logging_mixin.py:190} INFO - [2024-08-24T11:26:11.393+0000] {dag.py:3211} INFO - Sync 1 DAGs
[2024-08-24T11:26:11.407+0000] {logging_mixin.py:190} INFO - [2024-08-24T11:26:11.407+0000] {dag.py:4138} INFO - Setting next_dagrun for example_sla_dag to 2024-08-24 11:24:00+00:00, run_after=2024-08-24 11:26:00+00:00
[2024-08-24T11:26:11.416+0000] {processor.py:208} INFO - Processing /home/airflow/.local/lib/python3.12/site-packages/airflow/example_dags/example_sla_dag.py took 0.042 seconds
[2024-08-24T11:26:41.524+0000] {processor.py:186} INFO - Started process (PID=783) to work on /home/airflow/.local/lib/python3.12/site-packages/airflow/example_dags/example_sla_dag.py
[2024-08-24T11:26:41.524+0000] {processor.py:914} INFO - Processing file /home/airflow/.local/lib/python3.12/site-packages/airflow/example_dags/example_sla_dag.py for tasks to queue
[2024-08-24T11:26:41.526+0000] {logging_mixin.py:190} INFO - [2024-08-24T11:26:41.526+0000] {dagbag.py:587} INFO - Filling up the DagBag from /home/airflow/.local/lib/python3.12/site-packages/airflow/example_dags/example_sla_dag.py
[2024-08-24T11:26:41.532+0000] {processor.py:925} INFO - DAG(s) 'example_sla_dag' retrieved from /home/airflow/.local/lib/python3.12/site-packages/airflow/example_dags/example_sla_dag.py
[2024-08-24T11:26:41.542+0000] {logging_mixin.py:190} INFO - [2024-08-24T11:26:41.542+0000] {dag.py:3211} INFO - Sync 1 DAGs
[2024-08-24T11:26:41.564+0000] {logging_mixin.py:190} INFO - [2024-08-24T11:26:41.563+0000] {dag.py:4138} INFO - Setting next_dagrun for example_sla_dag to 2024-08-24 11:24:00+00:00, run_after=2024-08-24 11:26:00+00:00
[2024-08-24T11:26:41.574+0000] {processor.py:208} INFO - Processing /home/airflow/.local/lib/python3.12/site-packages/airflow/example_dags/example_sla_dag.py took 0.055 seconds
[2024-08-24T11:27:11.837+0000] {processor.py:186} INFO - Started process (PID=845) to work on /home/airflow/.local/lib/python3.12/site-packages/airflow/example_dags/example_sla_dag.py
[2024-08-24T11:27:11.837+0000] {processor.py:914} INFO - Processing file /home/airflow/.local/lib/python3.12/site-packages/airflow/example_dags/example_sla_dag.py for tasks to queue
[2024-08-24T11:27:11.839+0000] {logging_mixin.py:190} INFO - [2024-08-24T11:27:11.839+0000] {dagbag.py:587} INFO - Filling up the DagBag from /home/airflow/.local/lib/python3.12/site-packages/airflow/example_dags/example_sla_dag.py
[2024-08-24T11:27:11.844+0000] {processor.py:925} INFO - DAG(s) 'example_sla_dag' retrieved from /home/airflow/.local/lib/python3.12/site-packages/airflow/example_dags/example_sla_dag.py
[2024-08-24T11:27:11.859+0000] {logging_mixin.py:190} INFO - [2024-08-24T11:27:11.859+0000] {dag.py:3211} INFO - Sync 1 DAGs
[2024-08-24T11:27:11.878+0000] {logging_mixin.py:190} INFO - [2024-08-24T11:27:11.877+0000] {dag.py:4138} INFO - Setting next_dagrun for example_sla_dag to 2024-08-24 11:24:00+00:00, run_after=2024-08-24 11:26:00+00:00
[2024-08-24T11:27:11.890+0000] {processor.py:208} INFO - Processing /home/airflow/.local/lib/python3.12/site-packages/airflow/example_dags/example_sla_dag.py took 0.056 seconds
[2024-08-24T11:27:42.135+0000] {processor.py:186} INFO - Started process (PID=907) to work on /home/airflow/.local/lib/python3.12/site-packages/airflow/example_dags/example_sla_dag.py
[2024-08-24T11:27:42.135+0000] {processor.py:914} INFO - Processing file /home/airflow/.local/lib/python3.12/site-packages/airflow/example_dags/example_sla_dag.py for tasks to queue
[2024-08-24T11:27:42.136+0000] {logging_mixin.py:190} INFO - [2024-08-24T11:27:42.136+0000] {dagbag.py:587} INFO - Filling up the DagBag from /home/airflow/.local/lib/python3.12/site-packages/airflow/example_dags/example_sla_dag.py
[2024-08-24T11:27:42.141+0000] {processor.py:925} INFO - DAG(s) 'example_sla_dag' retrieved from /home/airflow/.local/lib/python3.12/site-packages/airflow/example_dags/example_sla_dag.py
[2024-08-24T11:27:42.156+0000] {logging_mixin.py:190} INFO - [2024-08-24T11:27:42.156+0000] {dag.py:3211} INFO - Sync 1 DAGs
[2024-08-24T11:27:42.177+0000] {logging_mixin.py:190} INFO - [2024-08-24T11:27:42.177+0000] {dag.py:4138} INFO - Setting next_dagrun for example_sla_dag to 2024-08-24 11:24:00+00:00, run_after=2024-08-24 11:26:00+00:00
[2024-08-24T11:27:42.192+0000] {processor.py:208} INFO - Processing /home/airflow/.local/lib/python3.12/site-packages/airflow/example_dags/example_sla_dag.py took 0.061 seconds
[2024-08-24T11:28:13.091+0000] {processor.py:186} INFO - Started process (PID=969) to work on /home/airflow/.local/lib/python3.12/site-packages/airflow/example_dags/example_sla_dag.py
[2024-08-24T11:28:13.091+0000] {processor.py:914} INFO - Processing file /home/airflow/.local/lib/python3.12/site-packages/airflow/example_dags/example_sla_dag.py for tasks to queue
[2024-08-24T11:28:13.092+0000] {logging_mixin.py:190} INFO - [2024-08-24T11:28:13.092+0000] {dagbag.py:587} INFO - Filling up the DagBag from /home/airflow/.local/lib/python3.12/site-packages/airflow/example_dags/example_sla_dag.py
[2024-08-24T11:28:13.098+0000] {processor.py:925} INFO - DAG(s) 'example_sla_dag' retrieved from /home/airflow/.local/lib/python3.12/site-packages/airflow/example_dags/example_sla_dag.py
[2024-08-24T11:28:13.108+0000] {logging_mixin.py:190} INFO - [2024-08-24T11:28:13.107+0000] {dag.py:3211} INFO - Sync 1 DAGs
[2024-08-24T11:28:13.121+0000] {logging_mixin.py:190} INFO - [2024-08-24T11:28:13.121+0000] {dag.py:4138} INFO - Setting next_dagrun for example_sla_dag to 2024-08-24 11:26:00+00:00, run_after=2024-08-24 11:28:00+00:00
[2024-08-24T11:28:13.129+0000] {processor.py:208} INFO - Processing /home/airflow/.local/lib/python3.12/site-packages/airflow/example_dags/example_sla_dag.py took 0.043 seconds
[2024-08-24T11:28:44.133+0000] {processor.py:186} INFO - Started process (PID=1031) to work on /home/airflow/.local/lib/python3.12/site-packages/airflow/example_dags/example_sla_dag.py
[2024-08-24T11:28:44.134+0000] {processor.py:914} INFO - Processing file /home/airflow/.local/lib/python3.12/site-packages/airflow/example_dags/example_sla_dag.py for tasks to queue
[2024-08-24T11:28:44.135+0000] {logging_mixin.py:190} INFO - [2024-08-24T11:28:44.135+0000] {dagbag.py:587} INFO - Filling up the DagBag from /home/airflow/.local/lib/python3.12/site-packages/airflow/example_dags/example_sla_dag.py
[2024-08-24T11:28:44.142+0000] {processor.py:925} INFO - DAG(s) 'example_sla_dag' retrieved from /home/airflow/.local/lib/python3.12/site-packages/airflow/example_dags/example_sla_dag.py
[2024-08-24T11:28:44.155+0000] {logging_mixin.py:190} INFO - [2024-08-24T11:28:44.155+0000] {dag.py:3211} INFO - Sync 1 DAGs
[2024-08-24T11:28:44.170+0000] {logging_mixin.py:190} INFO - [2024-08-24T11:28:44.170+0000] {dag.py:4138} INFO - Setting next_dagrun for example_sla_dag to 2024-08-24 11:26:00+00:00, run_after=2024-08-24 11:28:00+00:00
[2024-08-24T11:28:44.180+0000] {processor.py:208} INFO - Processing /home/airflow/.local/lib/python3.12/site-packages/airflow/example_dags/example_sla_dag.py took 0.051 seconds
[2024-08-24T11:29:15.291+0000] {processor.py:186} INFO - Started process (PID=1093) to work on /home/airflow/.local/lib/python3.12/site-packages/airflow/example_dags/example_sla_dag.py
[2024-08-24T11:29:15.291+0000] {processor.py:914} INFO - Processing file /home/airflow/.local/lib/python3.12/site-packages/airflow/example_dags/example_sla_dag.py for tasks to queue
[2024-08-24T11:29:15.292+0000] {logging_mixin.py:190} INFO - [2024-08-24T11:29:15.292+0000] {dagbag.py:587} INFO - Filling up the DagBag from /home/airflow/.local/lib/python3.12/site-packages/airflow/example_dags/example_sla_dag.py
[2024-08-24T11:29:15.297+0000] {processor.py:925} INFO - DAG(s) 'example_sla_dag' retrieved from /home/airflow/.local/lib/python3.12/site-packages/airflow/example_dags/example_sla_dag.py
[2024-08-24T11:29:15.311+0000] {logging_mixin.py:190} INFO - [2024-08-24T11:29:15.311+0000] {dag.py:3211} INFO - Sync 1 DAGs
[2024-08-24T11:29:15.332+0000] {logging_mixin.py:190} INFO - [2024-08-24T11:29:15.331+0000] {dag.py:4138} INFO - Setting next_dagrun for example_sla_dag to 2024-08-24 11:26:00+00:00, run_after=2024-08-24 11:28:00+00:00
[2024-08-24T11:29:15.345+0000] {processor.py:208} INFO - Processing /home/airflow/.local/lib/python3.12/site-packages/airflow/example_dags/example_sla_dag.py took 0.057 seconds
[2024-08-24T11:29:45.450+0000] {processor.py:186} INFO - Started process (PID=1155) to work on /home/airflow/.local/lib/python3.12/site-packages/airflow/example_dags/example_sla_dag.py
[2024-08-24T11:29:45.450+0000] {processor.py:914} INFO - Processing file /home/airflow/.local/lib/python3.12/site-packages/airflow/example_dags/example_sla_dag.py for tasks to queue
[2024-08-24T11:29:45.451+0000] {logging_mixin.py:190} INFO - [2024-08-24T11:29:45.451+0000] {dagbag.py:587} INFO - Filling up the DagBag from /home/airflow/.local/lib/python3.12/site-packages/airflow/example_dags/example_sla_dag.py
[2024-08-24T11:29:45.456+0000] {processor.py:925} INFO - DAG(s) 'example_sla_dag' retrieved from /home/airflow/.local/lib/python3.12/site-packages/airflow/example_dags/example_sla_dag.py
[2024-08-24T11:29:45.466+0000] {logging_mixin.py:190} INFO - [2024-08-24T11:29:45.466+0000] {dag.py:3211} INFO - Sync 1 DAGs
[2024-08-24T11:29:45.479+0000] {logging_mixin.py:190} INFO - [2024-08-24T11:29:45.478+0000] {dag.py:4138} INFO - Setting next_dagrun for example_sla_dag to 2024-08-24 11:26:00+00:00, run_after=2024-08-24 11:28:00+00:00
[2024-08-24T11:29:45.487+0000] {processor.py:208} INFO - Processing /home/airflow/.local/lib/python3.12/site-packages/airflow/example_dags/example_sla_dag.py took 0.041 seconds
[2024-08-24T11:30:16.452+0000] {processor.py:186} INFO - Started process (PID=1217) to work on /home/airflow/.local/lib/python3.12/site-packages/airflow/example_dags/example_sla_dag.py
[2024-08-24T11:30:16.452+0000] {processor.py:914} INFO - Processing file /home/airflow/.local/lib/python3.12/site-packages/airflow/example_dags/example_sla_dag.py for tasks to queue
[2024-08-24T11:30:16.453+0000] {logging_mixin.py:190} INFO - [2024-08-24T11:30:16.453+0000] {dagbag.py:587} INFO - Filling up the DagBag from /home/airflow/.local/lib/python3.12/site-packages/airflow/example_dags/example_sla_dag.py
[2024-08-24T11:30:16.458+0000] {processor.py:925} INFO - DAG(s) 'example_sla_dag' retrieved from /home/airflow/.local/lib/python3.12/site-packages/airflow/example_dags/example_sla_dag.py
[2024-08-24T11:30:16.473+0000] {logging_mixin.py:190} INFO - [2024-08-24T11:30:16.473+0000] {dag.py:3211} INFO - Sync 1 DAGs
[2024-08-24T11:30:16.488+0000] {logging_mixin.py:190} INFO - [2024-08-24T11:30:16.487+0000] {dag.py:4138} INFO - Setting next_dagrun for example_sla_dag to 2024-08-24 11:28:00+00:00, run_after=2024-08-24 11:30:00+00:00
[2024-08-24T11:30:16.496+0000] {processor.py:208} INFO - Processing /home/airflow/.local/lib/python3.12/site-packages/airflow/example_dags/example_sla_dag.py took 0.048 seconds
[2024-08-24T11:30:47.494+0000] {processor.py:186} INFO - Started process (PID=1279) to work on /home/airflow/.local/lib/python3.12/site-packages/airflow/example_dags/example_sla_dag.py
[2024-08-24T11:30:47.495+0000] {processor.py:914} INFO - Processing file /home/airflow/.local/lib/python3.12/site-packages/airflow/example_dags/example_sla_dag.py for tasks to queue
[2024-08-24T11:30:47.496+0000] {logging_mixin.py:190} INFO - [2024-08-24T11:30:47.495+0000] {dagbag.py:587} INFO - Filling up the DagBag from /home/airflow/.local/lib/python3.12/site-packages/airflow/example_dags/example_sla_dag.py
[2024-08-24T11:30:47.501+0000] {processor.py:925} INFO - DAG(s) 'example_sla_dag' retrieved from /home/airflow/.local/lib/python3.12/site-packages/airflow/example_dags/example_sla_dag.py
[2024-08-24T11:30:47.513+0000] {logging_mixin.py:190} INFO - [2024-08-24T11:30:47.513+0000] {dag.py:3211} INFO - Sync 1 DAGs
[2024-08-24T11:30:47.531+0000] {logging_mixin.py:190} INFO - [2024-08-24T11:30:47.531+0000] {dag.py:4138} INFO - Setting next_dagrun for example_sla_dag to 2024-08-24 11:28:00+00:00, run_after=2024-08-24 11:30:00+00:00
[2024-08-24T11:30:47.545+0000] {processor.py:208} INFO - Processing /home/airflow/.local/lib/python3.12/site-packages/airflow/example_dags/example_sla_dag.py took 0.055 seconds
[2024-08-24T11:31:18.545+0000] {processor.py:186} INFO - Started process (PID=1341) to work on /home/airflow/.local/lib/python3.12/site-packages/airflow/example_dags/example_sla_dag.py
[2024-08-24T11:31:18.545+0000] {processor.py:914} INFO - Processing file /home/airflow/.local/lib/python3.12/site-packages/airflow/example_dags/example_sla_dag.py for tasks to queue
[2024-08-24T11:31:18.546+0000] {logging_mixin.py:190} INFO - [2024-08-24T11:31:18.546+0000] {dagbag.py:587} INFO - Filling up the DagBag from /home/airflow/.local/lib/python3.12/site-packages/airflow/example_dags/example_sla_dag.py
[2024-08-24T11:31:18.552+0000] {processor.py:925} INFO - DAG(s) 'example_sla_dag' retrieved from /home/airflow/.local/lib/python3.12/site-packages/airflow/example_dags/example_sla_dag.py
[2024-08-24T11:31:18.562+0000] {logging_mixin.py:190} INFO - [2024-08-24T11:31:18.561+0000] {dag.py:3211} INFO - Sync 1 DAGs
[2024-08-24T11:31:18.583+0000] {logging_mixin.py:190} INFO - [2024-08-24T11:31:18.583+0000] {dag.py:4138} INFO - Setting next_dagrun for example_sla_dag to 2024-08-24 11:28:00+00:00, run_after=2024-08-24 11:30:00+00:00
[2024-08-24T11:31:18.594+0000] {processor.py:208} INFO - Processing /home/airflow/.local/lib/python3.12/site-packages/airflow/example_dags/example_sla_dag.py took 0.053 seconds
[2024-08-24T11:31:49.651+0000] {processor.py:186} INFO - Started process (PID=1403) to work on /home/airflow/.local/lib/python3.12/site-packages/airflow/example_dags/example_sla_dag.py
[2024-08-24T11:31:49.651+0000] {processor.py:914} INFO - Processing file /home/airflow/.local/lib/python3.12/site-packages/airflow/example_dags/example_sla_dag.py for tasks to queue
[2024-08-24T11:31:49.652+0000] {logging_mixin.py:190} INFO - [2024-08-24T11:31:49.652+0000] {dagbag.py:587} INFO - Filling up the DagBag from /home/airflow/.local/lib/python3.12/site-packages/airflow/example_dags/example_sla_dag.py
[2024-08-24T11:31:49.658+0000] {processor.py:925} INFO - DAG(s) 'example_sla_dag' retrieved from /home/airflow/.local/lib/python3.12/site-packages/airflow/example_dags/example_sla_dag.py
[2024-08-24T11:31:49.668+0000] {logging_mixin.py:190} INFO - [2024-08-24T11:31:49.668+0000] {dag.py:3211} INFO - Sync 1 DAGs
[2024-08-24T11:31:49.682+0000] {logging_mixin.py:190} INFO - [2024-08-24T11:31:49.681+0000] {dag.py:4138} INFO - Setting next_dagrun for example_sla_dag to 2024-08-24 11:28:00+00:00, run_after=2024-08-24 11:30:00+00:00
[2024-08-24T11:31:49.693+0000] {processor.py:208} INFO - Processing /home/airflow/.local/lib/python3.12/site-packages/airflow/example_dags/example_sla_dag.py took 0.046 seconds
[2024-08-24T11:32:19.771+0000] {processor.py:186} INFO - Started process (PID=1465) to work on /home/airflow/.local/lib/python3.12/site-packages/airflow/example_dags/example_sla_dag.py
[2024-08-24T11:32:19.772+0000] {processor.py:914} INFO - Processing file /home/airflow/.local/lib/python3.12/site-packages/airflow/example_dags/example_sla_dag.py for tasks to queue
[2024-08-24T11:32:19.773+0000] {logging_mixin.py:190} INFO - [2024-08-24T11:32:19.773+0000] {dagbag.py:587} INFO - Filling up the DagBag from /home/airflow/.local/lib/python3.12/site-packages/airflow/example_dags/example_sla_dag.py
[2024-08-24T11:32:19.781+0000] {processor.py:925} INFO - DAG(s) 'example_sla_dag' retrieved from /home/airflow/.local/lib/python3.12/site-packages/airflow/example_dags/example_sla_dag.py
[2024-08-24T11:32:19.793+0000] {logging_mixin.py:190} INFO - [2024-08-24T11:32:19.792+0000] {dag.py:3211} INFO - Sync 1 DAGs
[2024-08-24T11:32:19.806+0000] {logging_mixin.py:190} INFO - [2024-08-24T11:32:19.806+0000] {dag.py:4138} INFO - Setting next_dagrun for example_sla_dag to 2024-08-24 11:30:00+00:00, run_after=2024-08-24 11:32:00+00:00
[2024-08-24T11:32:19.815+0000] {processor.py:208} INFO - Processing /home/airflow/.local/lib/python3.12/site-packages/airflow/example_dags/example_sla_dag.py took 0.049 seconds
[2024-08-24T11:32:50.060+0000] {processor.py:186} INFO - Started process (PID=1527) to work on /home/airflow/.local/lib/python3.12/site-packages/airflow/example_dags/example_sla_dag.py
[2024-08-24T11:32:50.061+0000] {processor.py:914} INFO - Processing file /home/airflow/.local/lib/python3.12/site-packages/airflow/example_dags/example_sla_dag.py for tasks to queue
[2024-08-24T11:32:50.062+0000] {logging_mixin.py:190} INFO - [2024-08-24T11:32:50.062+0000] {dagbag.py:587} INFO - Filling up the DagBag from /home/airflow/.local/lib/python3.12/site-packages/airflow/example_dags/example_sla_dag.py
[2024-08-24T11:32:50.067+0000] {processor.py:925} INFO - DAG(s) 'example_sla_dag' retrieved from /home/airflow/.local/lib/python3.12/site-packages/airflow/example_dags/example_sla_dag.py
[2024-08-24T11:32:50.076+0000] {logging_mixin.py:190} INFO - [2024-08-24T11:32:50.076+0000] {dag.py:3211} INFO - Sync 1 DAGs
[2024-08-24T11:32:50.090+0000] {logging_mixin.py:190} INFO - [2024-08-24T11:32:50.089+0000] {dag.py:4138} INFO - Setting next_dagrun for example_sla_dag to 2024-08-24 11:30:00+00:00, run_after=2024-08-24 11:32:00+00:00
[2024-08-24T11:32:50.098+0000] {processor.py:208} INFO - Processing /home/airflow/.local/lib/python3.12/site-packages/airflow/example_dags/example_sla_dag.py took 0.041 seconds
[2024-08-24T11:33:20.220+0000] {processor.py:186} INFO - Started process (PID=1589) to work on /home/airflow/.local/lib/python3.12/site-packages/airflow/example_dags/example_sla_dag.py
[2024-08-24T11:33:20.220+0000] {processor.py:914} INFO - Processing file /home/airflow/.local/lib/python3.12/site-packages/airflow/example_dags/example_sla_dag.py for tasks to queue
[2024-08-24T11:33:20.221+0000] {logging_mixin.py:190} INFO - [2024-08-24T11:33:20.221+0000] {dagbag.py:587} INFO - Filling up the DagBag from /home/airflow/.local/lib/python3.12/site-packages/airflow/example_dags/example_sla_dag.py
[2024-08-24T11:33:20.227+0000] {processor.py:925} INFO - DAG(s) 'example_sla_dag' retrieved from /home/airflow/.local/lib/python3.12/site-packages/airflow/example_dags/example_sla_dag.py
[2024-08-24T11:33:20.239+0000] {logging_mixin.py:190} INFO - [2024-08-24T11:33:20.239+0000] {dag.py:3211} INFO - Sync 1 DAGs
[2024-08-24T11:33:20.254+0000] {logging_mixin.py:190} INFO - [2024-08-24T11:33:20.254+0000] {dag.py:4138} INFO - Setting next_dagrun for example_sla_dag to 2024-08-24 11:30:00+00:00, run_after=2024-08-24 11:32:00+00:00
[2024-08-24T11:33:20.267+0000] {processor.py:208} INFO - Processing /home/airflow/.local/lib/python3.12/site-packages/airflow/example_dags/example_sla_dag.py took 0.050 seconds
[2024-08-24T11:33:50.492+0000] {processor.py:186} INFO - Started process (PID=1651) to work on /home/airflow/.local/lib/python3.12/site-packages/airflow/example_dags/example_sla_dag.py
[2024-08-24T11:33:50.492+0000] {processor.py:914} INFO - Processing file /home/airflow/.local/lib/python3.12/site-packages/airflow/example_dags/example_sla_dag.py for tasks to queue
[2024-08-24T11:33:50.494+0000] {logging_mixin.py:190} INFO - [2024-08-24T11:33:50.494+0000] {dagbag.py:587} INFO - Filling up the DagBag from /home/airflow/.local/lib/python3.12/site-packages/airflow/example_dags/example_sla_dag.py
[2024-08-24T11:33:50.502+0000] {processor.py:925} INFO - DAG(s) 'example_sla_dag' retrieved from /home/airflow/.local/lib/python3.12/site-packages/airflow/example_dags/example_sla_dag.py
[2024-08-24T11:33:50.513+0000] {logging_mixin.py:190} INFO - [2024-08-24T11:33:50.513+0000] {dag.py:3211} INFO - Sync 1 DAGs
[2024-08-24T11:33:50.529+0000] {logging_mixin.py:190} INFO - [2024-08-24T11:33:50.528+0000] {dag.py:4138} INFO - Setting next_dagrun for example_sla_dag to 2024-08-24 11:30:00+00:00, run_after=2024-08-24 11:32:00+00:00
[2024-08-24T11:33:50.538+0000] {processor.py:208} INFO - Processing /home/airflow/.local/lib/python3.12/site-packages/airflow/example_dags/example_sla_dag.py took 0.051 seconds
[2024-08-24T11:34:20.733+0000] {processor.py:186} INFO - Started process (PID=1713) to work on /home/airflow/.local/lib/python3.12/site-packages/airflow/example_dags/example_sla_dag.py
[2024-08-24T11:34:20.733+0000] {processor.py:914} INFO - Processing file /home/airflow/.local/lib/python3.12/site-packages/airflow/example_dags/example_sla_dag.py for tasks to queue
[2024-08-24T11:34:20.735+0000] {logging_mixin.py:190} INFO - [2024-08-24T11:34:20.735+0000] {dagbag.py:587} INFO - Filling up the DagBag from /home/airflow/.local/lib/python3.12/site-packages/airflow/example_dags/example_sla_dag.py
[2024-08-24T11:34:20.741+0000] {processor.py:925} INFO - DAG(s) 'example_sla_dag' retrieved from /home/airflow/.local/lib/python3.12/site-packages/airflow/example_dags/example_sla_dag.py
[2024-08-24T11:34:20.755+0000] {logging_mixin.py:190} INFO - [2024-08-24T11:34:20.755+0000] {dag.py:3211} INFO - Sync 1 DAGs
[2024-08-24T11:34:20.770+0000] {logging_mixin.py:190} INFO - [2024-08-24T11:34:20.770+0000] {dag.py:4138} INFO - Setting next_dagrun for example_sla_dag to 2024-08-24 11:32:00+00:00, run_after=2024-08-24 11:34:00+00:00
[2024-08-24T11:34:20.779+0000] {processor.py:208} INFO - Processing /home/airflow/.local/lib/python3.12/site-packages/airflow/example_dags/example_sla_dag.py took 0.050 seconds
[2024-08-24T11:34:50.993+0000] {processor.py:186} INFO - Started process (PID=1775) to work on /home/airflow/.local/lib/python3.12/site-packages/airflow/example_dags/example_sla_dag.py
[2024-08-24T11:34:50.994+0000] {processor.py:914} INFO - Processing file /home/airflow/.local/lib/python3.12/site-packages/airflow/example_dags/example_sla_dag.py for tasks to queue
[2024-08-24T11:34:50.995+0000] {logging_mixin.py:190} INFO - [2024-08-24T11:34:50.995+0000] {dagbag.py:587} INFO - Filling up the DagBag from /home/airflow/.local/lib/python3.12/site-packages/airflow/example_dags/example_sla_dag.py
[2024-08-24T11:34:51.000+0000] {processor.py:925} INFO - DAG(s) 'example_sla_dag' retrieved from /home/airflow/.local/lib/python3.12/site-packages/airflow/example_dags/example_sla_dag.py
[2024-08-24T11:34:51.013+0000] {logging_mixin.py:190} INFO - [2024-08-24T11:34:51.013+0000] {dag.py:3211} INFO - Sync 1 DAGs
[2024-08-24T11:34:51.033+0000] {logging_mixin.py:190} INFO - [2024-08-24T11:34:51.033+0000] {dag.py:4138} INFO - Setting next_dagrun for example_sla_dag to 2024-08-24 11:32:00+00:00, run_after=2024-08-24 11:34:00+00:00
[2024-08-24T11:34:51.045+0000] {processor.py:208} INFO - Processing /home/airflow/.local/lib/python3.12/site-packages/airflow/example_dags/example_sla_dag.py took 0.056 seconds
[2024-08-24T11:35:21.188+0000] {processor.py:186} INFO - Started process (PID=1837) to work on /home/airflow/.local/lib/python3.12/site-packages/airflow/example_dags/example_sla_dag.py
[2024-08-24T11:35:21.188+0000] {processor.py:914} INFO - Processing file /home/airflow/.local/lib/python3.12/site-packages/airflow/example_dags/example_sla_dag.py for tasks to queue
[2024-08-24T11:35:21.189+0000] {logging_mixin.py:190} INFO - [2024-08-24T11:35:21.189+0000] {dagbag.py:587} INFO - Filling up the DagBag from /home/airflow/.local/lib/python3.12/site-packages/airflow/example_dags/example_sla_dag.py
[2024-08-24T11:35:21.195+0000] {processor.py:925} INFO - DAG(s) 'example_sla_dag' retrieved from /home/airflow/.local/lib/python3.12/site-packages/airflow/example_dags/example_sla_dag.py
[2024-08-24T11:35:21.208+0000] {logging_mixin.py:190} INFO - [2024-08-24T11:35:21.208+0000] {dag.py:3211} INFO - Sync 1 DAGs
[2024-08-24T11:35:21.223+0000] {logging_mixin.py:190} INFO - [2024-08-24T11:35:21.223+0000] {dag.py:4138} INFO - Setting next_dagrun for example_sla_dag to 2024-08-24 11:32:00+00:00, run_after=2024-08-24 11:34:00+00:00
[2024-08-24T11:35:21.232+0000] {processor.py:208} INFO - Processing /home/airflow/.local/lib/python3.12/site-packages/airflow/example_dags/example_sla_dag.py took 0.047 seconds
[2024-08-24T11:35:51.511+0000] {processor.py:186} INFO - Started process (PID=1899) to work on /home/airflow/.local/lib/python3.12/site-packages/airflow/example_dags/example_sla_dag.py
[2024-08-24T11:35:51.512+0000] {processor.py:914} INFO - Processing file /home/airflow/.local/lib/python3.12/site-packages/airflow/example_dags/example_sla_dag.py for tasks to queue
[2024-08-24T11:35:51.513+0000] {logging_mixin.py:190} INFO - [2024-08-24T11:35:51.513+0000] {dagbag.py:587} INFO - Filling up the DagBag from /home/airflow/.local/lib/python3.12/site-packages/airflow/example_dags/example_sla_dag.py
[2024-08-24T11:35:51.518+0000] {processor.py:925} INFO - DAG(s) 'example_sla_dag' retrieved from /home/airflow/.local/lib/python3.12/site-packages/airflow/example_dags/example_sla_dag.py
[2024-08-24T11:35:51.534+0000] {logging_mixin.py:190} INFO - [2024-08-24T11:35:51.534+0000] {dag.py:3211} INFO - Sync 1 DAGs
[2024-08-24T11:35:51.554+0000] {logging_mixin.py:190} INFO - [2024-08-24T11:35:51.554+0000] {dag.py:4138} INFO - Setting next_dagrun for example_sla_dag to 2024-08-24 11:32:00+00:00, run_after=2024-08-24 11:34:00+00:00
[2024-08-24T11:35:51.563+0000] {processor.py:208} INFO - Processing /home/airflow/.local/lib/python3.12/site-packages/airflow/example_dags/example_sla_dag.py took 0.055 seconds
[2024-08-24T11:36:21.965+0000] {processor.py:186} INFO - Started process (PID=1961) to work on /home/airflow/.local/lib/python3.12/site-packages/airflow/example_dags/example_sla_dag.py
[2024-08-24T11:36:21.965+0000] {processor.py:914} INFO - Processing file /home/airflow/.local/lib/python3.12/site-packages/airflow/example_dags/example_sla_dag.py for tasks to queue
[2024-08-24T11:36:21.966+0000] {logging_mixin.py:190} INFO - [2024-08-24T11:36:21.966+0000] {dagbag.py:587} INFO - Filling up the DagBag from /home/airflow/.local/lib/python3.12/site-packages/airflow/example_dags/example_sla_dag.py
[2024-08-24T11:36:21.972+0000] {processor.py:925} INFO - DAG(s) 'example_sla_dag' retrieved from /home/airflow/.local/lib/python3.12/site-packages/airflow/example_dags/example_sla_dag.py
[2024-08-24T11:36:21.985+0000] {logging_mixin.py:190} INFO - [2024-08-24T11:36:21.984+0000] {dag.py:3211} INFO - Sync 1 DAGs
[2024-08-24T11:36:22.001+0000] {logging_mixin.py:190} INFO - [2024-08-24T11:36:22.001+0000] {dag.py:4138} INFO - Setting next_dagrun for example_sla_dag to 2024-08-24 11:34:00+00:00, run_after=2024-08-24 11:36:00+00:00
[2024-08-24T11:36:22.010+0000] {processor.py:208} INFO - Processing /home/airflow/.local/lib/python3.12/site-packages/airflow/example_dags/example_sla_dag.py took 0.050 seconds
[2024-08-24T11:36:52.190+0000] {processor.py:186} INFO - Started process (PID=2023) to work on /home/airflow/.local/lib/python3.12/site-packages/airflow/example_dags/example_sla_dag.py
[2024-08-24T11:36:52.190+0000] {processor.py:914} INFO - Processing file /home/airflow/.local/lib/python3.12/site-packages/airflow/example_dags/example_sla_dag.py for tasks to queue
[2024-08-24T11:36:52.192+0000] {logging_mixin.py:190} INFO - [2024-08-24T11:36:52.191+0000] {dagbag.py:587} INFO - Filling up the DagBag from /home/airflow/.local/lib/python3.12/site-packages/airflow/example_dags/example_sla_dag.py
[2024-08-24T11:36:52.197+0000] {processor.py:925} INFO - DAG(s) 'example_sla_dag' retrieved from /home/airflow/.local/lib/python3.12/site-packages/airflow/example_dags/example_sla_dag.py
[2024-08-24T11:36:52.210+0000] {logging_mixin.py:190} INFO - [2024-08-24T11:36:52.210+0000] {dag.py:3211} INFO - Sync 1 DAGs
[2024-08-24T11:36:52.226+0000] {logging_mixin.py:190} INFO - [2024-08-24T11:36:52.225+0000] {dag.py:4138} INFO - Setting next_dagrun for example_sla_dag to 2024-08-24 11:34:00+00:00, run_after=2024-08-24 11:36:00+00:00
[2024-08-24T11:36:52.233+0000] {processor.py:208} INFO - Processing /home/airflow/.local/lib/python3.12/site-packages/airflow/example_dags/example_sla_dag.py took 0.048 seconds
[2024-08-24T11:37:22.543+0000] {processor.py:186} INFO - Started process (PID=2085) to work on /home/airflow/.local/lib/python3.12/site-packages/airflow/example_dags/example_sla_dag.py
[2024-08-24T11:37:22.543+0000] {processor.py:914} INFO - Processing file /home/airflow/.local/lib/python3.12/site-packages/airflow/example_dags/example_sla_dag.py for tasks to queue
[2024-08-24T11:37:22.544+0000] {logging_mixin.py:190} INFO - [2024-08-24T11:37:22.544+0000] {dagbag.py:587} INFO - Filling up the DagBag from /home/airflow/.local/lib/python3.12/site-packages/airflow/example_dags/example_sla_dag.py
[2024-08-24T11:37:22.550+0000] {processor.py:925} INFO - DAG(s) 'example_sla_dag' retrieved from /home/airflow/.local/lib/python3.12/site-packages/airflow/example_dags/example_sla_dag.py
[2024-08-24T11:37:22.562+0000] {logging_mixin.py:190} INFO - [2024-08-24T11:37:22.562+0000] {dag.py:3211} INFO - Sync 1 DAGs
[2024-08-24T11:37:22.581+0000] {logging_mixin.py:190} INFO - [2024-08-24T11:37:22.581+0000] {dag.py:4138} INFO - Setting next_dagrun for example_sla_dag to 2024-08-24 11:34:00+00:00, run_after=2024-08-24 11:36:00+00:00
[2024-08-24T11:37:22.594+0000] {processor.py:208} INFO - Processing /home/airflow/.local/lib/python3.12/site-packages/airflow/example_dags/example_sla_dag.py took 0.055 seconds
[2024-08-24T11:37:53.136+0000] {processor.py:186} INFO - Started process (PID=2148) to work on /home/airflow/.local/lib/python3.12/site-packages/airflow/example_dags/example_sla_dag.py
[2024-08-24T11:37:53.136+0000] {processor.py:914} INFO - Processing file /home/airflow/.local/lib/python3.12/site-packages/airflow/example_dags/example_sla_dag.py for tasks to queue
[2024-08-24T11:37:53.138+0000] {logging_mixin.py:190} INFO - [2024-08-24T11:37:53.138+0000] {dagbag.py:587} INFO - Filling up the DagBag from /home/airflow/.local/lib/python3.12/site-packages/airflow/example_dags/example_sla_dag.py
[2024-08-24T11:37:53.143+0000] {processor.py:925} INFO - DAG(s) 'example_sla_dag' retrieved from /home/airflow/.local/lib/python3.12/site-packages/airflow/example_dags/example_sla_dag.py
[2024-08-24T11:37:53.159+0000] {logging_mixin.py:190} INFO - [2024-08-24T11:37:53.159+0000] {dag.py:3211} INFO - Sync 1 DAGs
[2024-08-24T11:37:53.193+0000] {logging_mixin.py:190} INFO - [2024-08-24T11:37:53.193+0000] {dag.py:4138} INFO - Setting next_dagrun for example_sla_dag to 2024-08-24 11:34:00+00:00, run_after=2024-08-24 11:36:00+00:00
[2024-08-24T11:37:53.202+0000] {processor.py:208} INFO - Processing /home/airflow/.local/lib/python3.12/site-packages/airflow/example_dags/example_sla_dag.py took 0.071 seconds
[2024-08-24T11:38:23.690+0000] {processor.py:186} INFO - Started process (PID=2210) to work on /home/airflow/.local/lib/python3.12/site-packages/airflow/example_dags/example_sla_dag.py
[2024-08-24T11:38:23.690+0000] {processor.py:914} INFO - Processing file /home/airflow/.local/lib/python3.12/site-packages/airflow/example_dags/example_sla_dag.py for tasks to queue
[2024-08-24T11:38:23.691+0000] {logging_mixin.py:190} INFO - [2024-08-24T11:38:23.691+0000] {dagbag.py:587} INFO - Filling up the DagBag from /home/airflow/.local/lib/python3.12/site-packages/airflow/example_dags/example_sla_dag.py
[2024-08-24T11:38:23.696+0000] {processor.py:925} INFO - DAG(s) 'example_sla_dag' retrieved from /home/airflow/.local/lib/python3.12/site-packages/airflow/example_dags/example_sla_dag.py
[2024-08-24T11:38:23.709+0000] {logging_mixin.py:190} INFO - [2024-08-24T11:38:23.709+0000] {dag.py:3211} INFO - Sync 1 DAGs
[2024-08-24T11:38:23.731+0000] {logging_mixin.py:190} INFO - [2024-08-24T11:38:23.731+0000] {dag.py:4138} INFO - Setting next_dagrun for example_sla_dag to 2024-08-24 11:36:00+00:00, run_after=2024-08-24 11:38:00+00:00
[2024-08-24T11:38:23.747+0000] {processor.py:208} INFO - Processing /home/airflow/.local/lib/python3.12/site-packages/airflow/example_dags/example_sla_dag.py took 0.061 seconds
[2024-08-24T11:38:54.114+0000] {processor.py:186} INFO - Started process (PID=2271) to work on /home/airflow/.local/lib/python3.12/site-packages/airflow/example_dags/example_sla_dag.py
[2024-08-24T11:38:54.115+0000] {processor.py:914} INFO - Processing file /home/airflow/.local/lib/python3.12/site-packages/airflow/example_dags/example_sla_dag.py for tasks to queue
[2024-08-24T11:38:54.116+0000] {logging_mixin.py:190} INFO - [2024-08-24T11:38:54.116+0000] {dagbag.py:587} INFO - Filling up the DagBag from /home/airflow/.local/lib/python3.12/site-packages/airflow/example_dags/example_sla_dag.py
[2024-08-24T11:38:54.122+0000] {processor.py:925} INFO - DAG(s) 'example_sla_dag' retrieved from /home/airflow/.local/lib/python3.12/site-packages/airflow/example_dags/example_sla_dag.py
[2024-08-24T11:38:54.136+0000] {logging_mixin.py:190} INFO - [2024-08-24T11:38:54.136+0000] {dag.py:3211} INFO - Sync 1 DAGs
[2024-08-24T11:38:54.153+0000] {logging_mixin.py:190} INFO - [2024-08-24T11:38:54.152+0000] {dag.py:4138} INFO - Setting next_dagrun for example_sla_dag to 2024-08-24 11:36:00+00:00, run_after=2024-08-24 11:38:00+00:00
[2024-08-24T11:38:54.161+0000] {processor.py:208} INFO - Processing /home/airflow/.local/lib/python3.12/site-packages/airflow/example_dags/example_sla_dag.py took 0.050 seconds
[2024-08-24T11:39:24.829+0000] {processor.py:186} INFO - Started process (PID=2333) to work on /home/airflow/.local/lib/python3.12/site-packages/airflow/example_dags/example_sla_dag.py
[2024-08-24T11:39:24.830+0000] {processor.py:914} INFO - Processing file /home/airflow/.local/lib/python3.12/site-packages/airflow/example_dags/example_sla_dag.py for tasks to queue
[2024-08-24T11:39:24.831+0000] {logging_mixin.py:190} INFO - [2024-08-24T11:39:24.831+0000] {dagbag.py:587} INFO - Filling up the DagBag from /home/airflow/.local/lib/python3.12/site-packages/airflow/example_dags/example_sla_dag.py
[2024-08-24T11:39:24.837+0000] {processor.py:925} INFO - DAG(s) 'example_sla_dag' retrieved from /home/airflow/.local/lib/python3.12/site-packages/airflow/example_dags/example_sla_dag.py
[2024-08-24T11:39:24.855+0000] {logging_mixin.py:190} INFO - [2024-08-24T11:39:24.855+0000] {dag.py:3211} INFO - Sync 1 DAGs
[2024-08-24T11:39:24.868+0000] {logging_mixin.py:190} INFO - [2024-08-24T11:39:24.868+0000] {dag.py:4138} INFO - Setting next_dagrun for example_sla_dag to 2024-08-24 11:36:00+00:00, run_after=2024-08-24 11:38:00+00:00
[2024-08-24T11:39:24.876+0000] {processor.py:208} INFO - Processing /home/airflow/.local/lib/python3.12/site-packages/airflow/example_dags/example_sla_dag.py took 0.051 seconds
[2024-08-24T11:39:55.311+0000] {processor.py:186} INFO - Started process (PID=2395) to work on /home/airflow/.local/lib/python3.12/site-packages/airflow/example_dags/example_sla_dag.py
[2024-08-24T11:39:55.312+0000] {processor.py:914} INFO - Processing file /home/airflow/.local/lib/python3.12/site-packages/airflow/example_dags/example_sla_dag.py for tasks to queue
[2024-08-24T11:39:55.313+0000] {logging_mixin.py:190} INFO - [2024-08-24T11:39:55.313+0000] {dagbag.py:587} INFO - Filling up the DagBag from /home/airflow/.local/lib/python3.12/site-packages/airflow/example_dags/example_sla_dag.py
[2024-08-24T11:39:55.318+0000] {processor.py:925} INFO - DAG(s) 'example_sla_dag' retrieved from /home/airflow/.local/lib/python3.12/site-packages/airflow/example_dags/example_sla_dag.py
[2024-08-24T11:39:55.330+0000] {logging_mixin.py:190} INFO - [2024-08-24T11:39:55.330+0000] {dag.py:3211} INFO - Sync 1 DAGs
[2024-08-24T11:39:55.343+0000] {logging_mixin.py:190} INFO - [2024-08-24T11:39:55.343+0000] {dag.py:4138} INFO - Setting next_dagrun for example_sla_dag to 2024-08-24 11:36:00+00:00, run_after=2024-08-24 11:38:00+00:00
[2024-08-24T11:39:55.352+0000] {processor.py:208} INFO - Processing /home/airflow/.local/lib/python3.12/site-packages/airflow/example_dags/example_sla_dag.py took 0.044 seconds
[2024-08-24T11:40:25.856+0000] {processor.py:186} INFO - Started process (PID=2457) to work on /home/airflow/.local/lib/python3.12/site-packages/airflow/example_dags/example_sla_dag.py
[2024-08-24T11:40:25.856+0000] {processor.py:914} INFO - Processing file /home/airflow/.local/lib/python3.12/site-packages/airflow/example_dags/example_sla_dag.py for tasks to queue
[2024-08-24T11:40:25.857+0000] {logging_mixin.py:190} INFO - [2024-08-24T11:40:25.857+0000] {dagbag.py:587} INFO - Filling up the DagBag from /home/airflow/.local/lib/python3.12/site-packages/airflow/example_dags/example_sla_dag.py
[2024-08-24T11:40:25.862+0000] {processor.py:925} INFO - DAG(s) 'example_sla_dag' retrieved from /home/airflow/.local/lib/python3.12/site-packages/airflow/example_dags/example_sla_dag.py
[2024-08-24T11:40:25.877+0000] {logging_mixin.py:190} INFO - [2024-08-24T11:40:25.876+0000] {dag.py:3211} INFO - Sync 1 DAGs
[2024-08-24T11:40:25.901+0000] {logging_mixin.py:190} INFO - [2024-08-24T11:40:25.901+0000] {dag.py:4138} INFO - Setting next_dagrun for example_sla_dag to 2024-08-24 11:38:00+00:00, run_after=2024-08-24 11:40:00+00:00
[2024-08-24T11:40:25.910+0000] {processor.py:208} INFO - Processing /home/airflow/.local/lib/python3.12/site-packages/airflow/example_dags/example_sla_dag.py took 0.058 seconds
[2024-08-24T11:40:56.542+0000] {processor.py:186} INFO - Started process (PID=2519) to work on /home/airflow/.local/lib/python3.12/site-packages/airflow/example_dags/example_sla_dag.py
[2024-08-24T11:40:56.543+0000] {processor.py:914} INFO - Processing file /home/airflow/.local/lib/python3.12/site-packages/airflow/example_dags/example_sla_dag.py for tasks to queue
[2024-08-24T11:40:56.544+0000] {logging_mixin.py:190} INFO - [2024-08-24T11:40:56.543+0000] {dagbag.py:587} INFO - Filling up the DagBag from /home/airflow/.local/lib/python3.12/site-packages/airflow/example_dags/example_sla_dag.py
[2024-08-24T11:40:56.549+0000] {processor.py:925} INFO - DAG(s) 'example_sla_dag' retrieved from /home/airflow/.local/lib/python3.12/site-packages/airflow/example_dags/example_sla_dag.py
[2024-08-24T11:40:56.565+0000] {logging_mixin.py:190} INFO - [2024-08-24T11:40:56.564+0000] {dag.py:3211} INFO - Sync 1 DAGs
[2024-08-24T11:40:56.577+0000] {logging_mixin.py:190} INFO - [2024-08-24T11:40:56.577+0000] {dag.py:4138} INFO - Setting next_dagrun for example_sla_dag to 2024-08-24 11:38:00+00:00, run_after=2024-08-24 11:40:00+00:00
[2024-08-24T11:40:56.586+0000] {processor.py:208} INFO - Processing /home/airflow/.local/lib/python3.12/site-packages/airflow/example_dags/example_sla_dag.py took 0.047 seconds
[2024-08-24T11:41:27.120+0000] {processor.py:186} INFO - Started process (PID=2581) to work on /home/airflow/.local/lib/python3.12/site-packages/airflow/example_dags/example_sla_dag.py
[2024-08-24T11:41:27.120+0000] {processor.py:914} INFO - Processing file /home/airflow/.local/lib/python3.12/site-packages/airflow/example_dags/example_sla_dag.py for tasks to queue
[2024-08-24T11:41:27.122+0000] {logging_mixin.py:190} INFO - [2024-08-24T11:41:27.122+0000] {dagbag.py:587} INFO - Filling up the DagBag from /home/airflow/.local/lib/python3.12/site-packages/airflow/example_dags/example_sla_dag.py
[2024-08-24T11:41:27.130+0000] {processor.py:925} INFO - DAG(s) 'example_sla_dag' retrieved from /home/airflow/.local/lib/python3.12/site-packages/airflow/example_dags/example_sla_dag.py
[2024-08-24T11:41:27.140+0000] {logging_mixin.py:190} INFO - [2024-08-24T11:41:27.140+0000] {dag.py:3211} INFO - Sync 1 DAGs
[2024-08-24T11:41:27.153+0000] {logging_mixin.py:190} INFO - [2024-08-24T11:41:27.153+0000] {dag.py:4138} INFO - Setting next_dagrun for example_sla_dag to 2024-08-24 11:38:00+00:00, run_after=2024-08-24 11:40:00+00:00
[2024-08-24T11:41:27.161+0000] {processor.py:208} INFO - Processing /home/airflow/.local/lib/python3.12/site-packages/airflow/example_dags/example_sla_dag.py took 0.046 seconds
[2024-08-24T11:41:57.572+0000] {processor.py:186} INFO - Started process (PID=2643) to work on /home/airflow/.local/lib/python3.12/site-packages/airflow/example_dags/example_sla_dag.py
[2024-08-24T11:41:57.573+0000] {processor.py:914} INFO - Processing file /home/airflow/.local/lib/python3.12/site-packages/airflow/example_dags/example_sla_dag.py for tasks to queue
[2024-08-24T11:41:57.574+0000] {logging_mixin.py:190} INFO - [2024-08-24T11:41:57.574+0000] {dagbag.py:587} INFO - Filling up the DagBag from /home/airflow/.local/lib/python3.12/site-packages/airflow/example_dags/example_sla_dag.py
[2024-08-24T11:41:57.579+0000] {processor.py:925} INFO - DAG(s) 'example_sla_dag' retrieved from /home/airflow/.local/lib/python3.12/site-packages/airflow/example_dags/example_sla_dag.py
[2024-08-24T11:41:57.589+0000] {logging_mixin.py:190} INFO - [2024-08-24T11:41:57.589+0000] {dag.py:3211} INFO - Sync 1 DAGs
[2024-08-24T11:41:57.601+0000] {logging_mixin.py:190} INFO - [2024-08-24T11:41:57.601+0000] {dag.py:4138} INFO - Setting next_dagrun for example_sla_dag to 2024-08-24 11:38:00+00:00, run_after=2024-08-24 11:40:00+00:00
[2024-08-24T11:41:57.609+0000] {processor.py:208} INFO - Processing /home/airflow/.local/lib/python3.12/site-packages/airflow/example_dags/example_sla_dag.py took 0.040 seconds
[2024-08-24T11:42:28.024+0000] {processor.py:186} INFO - Started process (PID=2705) to work on /home/airflow/.local/lib/python3.12/site-packages/airflow/example_dags/example_sla_dag.py
[2024-08-24T11:42:28.025+0000] {processor.py:914} INFO - Processing file /home/airflow/.local/lib/python3.12/site-packages/airflow/example_dags/example_sla_dag.py for tasks to queue
[2024-08-24T11:42:28.026+0000] {logging_mixin.py:190} INFO - [2024-08-24T11:42:28.026+0000] {dagbag.py:587} INFO - Filling up the DagBag from /home/airflow/.local/lib/python3.12/site-packages/airflow/example_dags/example_sla_dag.py
[2024-08-24T11:42:28.032+0000] {processor.py:925} INFO - DAG(s) 'example_sla_dag' retrieved from /home/airflow/.local/lib/python3.12/site-packages/airflow/example_dags/example_sla_dag.py
[2024-08-24T11:42:28.046+0000] {logging_mixin.py:190} INFO - [2024-08-24T11:42:28.045+0000] {dag.py:3211} INFO - Sync 1 DAGs
[2024-08-24T11:42:28.061+0000] {logging_mixin.py:190} INFO - [2024-08-24T11:42:28.060+0000] {dag.py:4138} INFO - Setting next_dagrun for example_sla_dag to 2024-08-24 11:40:00+00:00, run_after=2024-08-24 11:42:00+00:00
[2024-08-24T11:42:28.070+0000] {processor.py:208} INFO - Processing /home/airflow/.local/lib/python3.12/site-packages/airflow/example_dags/example_sla_dag.py took 0.050 seconds
[2024-08-24T11:42:58.444+0000] {processor.py:186} INFO - Started process (PID=2767) to work on /home/airflow/.local/lib/python3.12/site-packages/airflow/example_dags/example_sla_dag.py
[2024-08-24T11:42:58.445+0000] {processor.py:914} INFO - Processing file /home/airflow/.local/lib/python3.12/site-packages/airflow/example_dags/example_sla_dag.py for tasks to queue
[2024-08-24T11:42:58.446+0000] {logging_mixin.py:190} INFO - [2024-08-24T11:42:58.446+0000] {dagbag.py:587} INFO - Filling up the DagBag from /home/airflow/.local/lib/python3.12/site-packages/airflow/example_dags/example_sla_dag.py
[2024-08-24T11:42:58.452+0000] {processor.py:925} INFO - DAG(s) 'example_sla_dag' retrieved from /home/airflow/.local/lib/python3.12/site-packages/airflow/example_dags/example_sla_dag.py
[2024-08-24T11:42:58.462+0000] {logging_mixin.py:190} INFO - [2024-08-24T11:42:58.462+0000] {dag.py:3211} INFO - Sync 1 DAGs
[2024-08-24T11:42:58.476+0000] {logging_mixin.py:190} INFO - [2024-08-24T11:42:58.476+0000] {dag.py:4138} INFO - Setting next_dagrun for example_sla_dag to 2024-08-24 11:40:00+00:00, run_after=2024-08-24 11:42:00+00:00
[2024-08-24T11:42:58.485+0000] {processor.py:208} INFO - Processing /home/airflow/.local/lib/python3.12/site-packages/airflow/example_dags/example_sla_dag.py took 0.045 seconds
[2024-08-24T11:43:28.914+0000] {processor.py:186} INFO - Started process (PID=2829) to work on /home/airflow/.local/lib/python3.12/site-packages/airflow/example_dags/example_sla_dag.py
[2024-08-24T11:43:28.914+0000] {processor.py:914} INFO - Processing file /home/airflow/.local/lib/python3.12/site-packages/airflow/example_dags/example_sla_dag.py for tasks to queue
[2024-08-24T11:43:28.916+0000] {logging_mixin.py:190} INFO - [2024-08-24T11:43:28.915+0000] {dagbag.py:587} INFO - Filling up the DagBag from /home/airflow/.local/lib/python3.12/site-packages/airflow/example_dags/example_sla_dag.py
[2024-08-24T11:43:28.921+0000] {processor.py:925} INFO - DAG(s) 'example_sla_dag' retrieved from /home/airflow/.local/lib/python3.12/site-packages/airflow/example_dags/example_sla_dag.py
[2024-08-24T11:43:28.935+0000] {logging_mixin.py:190} INFO - [2024-08-24T11:43:28.935+0000] {dag.py:3211} INFO - Sync 1 DAGs
[2024-08-24T11:43:28.955+0000] {logging_mixin.py:190} INFO - [2024-08-24T11:43:28.955+0000] {dag.py:4138} INFO - Setting next_dagrun for example_sla_dag to 2024-08-24 11:40:00+00:00, run_after=2024-08-24 11:42:00+00:00
[2024-08-24T11:43:28.967+0000] {processor.py:208} INFO - Processing /home/airflow/.local/lib/python3.12/site-packages/airflow/example_dags/example_sla_dag.py took 0.058 seconds
[2024-08-24T11:43:59.513+0000] {processor.py:186} INFO - Started process (PID=2891) to work on /home/airflow/.local/lib/python3.12/site-packages/airflow/example_dags/example_sla_dag.py
[2024-08-24T11:43:59.513+0000] {processor.py:914} INFO - Processing file /home/airflow/.local/lib/python3.12/site-packages/airflow/example_dags/example_sla_dag.py for tasks to queue
[2024-08-24T11:43:59.515+0000] {logging_mixin.py:190} INFO - [2024-08-24T11:43:59.515+0000] {dagbag.py:587} INFO - Filling up the DagBag from /home/airflow/.local/lib/python3.12/site-packages/airflow/example_dags/example_sla_dag.py
[2024-08-24T11:43:59.520+0000] {processor.py:925} INFO - DAG(s) 'example_sla_dag' retrieved from /home/airflow/.local/lib/python3.12/site-packages/airflow/example_dags/example_sla_dag.py
[2024-08-24T11:43:59.530+0000] {logging_mixin.py:190} INFO - [2024-08-24T11:43:59.530+0000] {dag.py:3211} INFO - Sync 1 DAGs
[2024-08-24T11:43:59.543+0000] {logging_mixin.py:190} INFO - [2024-08-24T11:43:59.543+0000] {dag.py:4138} INFO - Setting next_dagrun for example_sla_dag to 2024-08-24 11:40:00+00:00, run_after=2024-08-24 11:42:00+00:00
[2024-08-24T11:43:59.552+0000] {processor.py:208} INFO - Processing /home/airflow/.local/lib/python3.12/site-packages/airflow/example_dags/example_sla_dag.py took 0.044 seconds
[2024-08-24T11:44:29.834+0000] {processor.py:186} INFO - Started process (PID=2953) to work on /home/airflow/.local/lib/python3.12/site-packages/airflow/example_dags/example_sla_dag.py
[2024-08-24T11:44:29.835+0000] {processor.py:914} INFO - Processing file /home/airflow/.local/lib/python3.12/site-packages/airflow/example_dags/example_sla_dag.py for tasks to queue
[2024-08-24T11:44:29.836+0000] {logging_mixin.py:190} INFO - [2024-08-24T11:44:29.835+0000] {dagbag.py:587} INFO - Filling up the DagBag from /home/airflow/.local/lib/python3.12/site-packages/airflow/example_dags/example_sla_dag.py
[2024-08-24T11:44:29.840+0000] {processor.py:925} INFO - DAG(s) 'example_sla_dag' retrieved from /home/airflow/.local/lib/python3.12/site-packages/airflow/example_dags/example_sla_dag.py
[2024-08-24T11:44:29.853+0000] {logging_mixin.py:190} INFO - [2024-08-24T11:44:29.853+0000] {dag.py:3211} INFO - Sync 1 DAGs
[2024-08-24T11:44:29.874+0000] {logging_mixin.py:190} INFO - [2024-08-24T11:44:29.874+0000] {dag.py:4138} INFO - Setting next_dagrun for example_sla_dag to 2024-08-24 11:42:00+00:00, run_after=2024-08-24 11:44:00+00:00
[2024-08-24T11:44:29.888+0000] {processor.py:208} INFO - Processing /home/airflow/.local/lib/python3.12/site-packages/airflow/example_dags/example_sla_dag.py took 0.058 seconds
[2024-08-24T11:45:00.960+0000] {processor.py:186} INFO - Started process (PID=3016) to work on /home/airflow/.local/lib/python3.12/site-packages/airflow/example_dags/example_sla_dag.py
[2024-08-24T11:45:00.961+0000] {processor.py:914} INFO - Processing file /home/airflow/.local/lib/python3.12/site-packages/airflow/example_dags/example_sla_dag.py for tasks to queue
[2024-08-24T11:45:00.962+0000] {logging_mixin.py:190} INFO - [2024-08-24T11:45:00.962+0000] {dagbag.py:587} INFO - Filling up the DagBag from /home/airflow/.local/lib/python3.12/site-packages/airflow/example_dags/example_sla_dag.py
[2024-08-24T11:45:00.967+0000] {processor.py:925} INFO - DAG(s) 'example_sla_dag' retrieved from /home/airflow/.local/lib/python3.12/site-packages/airflow/example_dags/example_sla_dag.py
[2024-08-24T11:45:00.982+0000] {logging_mixin.py:190} INFO - [2024-08-24T11:45:00.982+0000] {dag.py:3211} INFO - Sync 1 DAGs
[2024-08-24T11:45:01.089+0000] {logging_mixin.py:190} INFO - [2024-08-24T11:45:01.089+0000] {dag.py:4138} INFO - Setting next_dagrun for example_sla_dag to 2024-08-24 11:42:00+00:00, run_after=2024-08-24 11:44:00+00:00
[2024-08-24T11:45:01.098+0000] {processor.py:208} INFO - Processing /home/airflow/.local/lib/python3.12/site-packages/airflow/example_dags/example_sla_dag.py took 0.141 seconds
[2024-08-24T11:45:31.784+0000] {processor.py:186} INFO - Started process (PID=3079) to work on /home/airflow/.local/lib/python3.12/site-packages/airflow/example_dags/example_sla_dag.py
[2024-08-24T11:45:31.785+0000] {processor.py:914} INFO - Processing file /home/airflow/.local/lib/python3.12/site-packages/airflow/example_dags/example_sla_dag.py for tasks to queue
[2024-08-24T11:45:31.786+0000] {logging_mixin.py:190} INFO - [2024-08-24T11:45:31.786+0000] {dagbag.py:587} INFO - Filling up the DagBag from /home/airflow/.local/lib/python3.12/site-packages/airflow/example_dags/example_sla_dag.py
[2024-08-24T11:45:31.794+0000] {processor.py:925} INFO - DAG(s) 'example_sla_dag' retrieved from /home/airflow/.local/lib/python3.12/site-packages/airflow/example_dags/example_sla_dag.py
[2024-08-24T11:45:31.808+0000] {logging_mixin.py:190} INFO - [2024-08-24T11:45:31.808+0000] {dag.py:3211} INFO - Sync 1 DAGs
[2024-08-24T11:45:31.825+0000] {logging_mixin.py:190} INFO - [2024-08-24T11:45:31.825+0000] {dag.py:4138} INFO - Setting next_dagrun for example_sla_dag to 2024-08-24 11:42:00+00:00, run_after=2024-08-24 11:44:00+00:00
[2024-08-24T11:45:31.835+0000] {processor.py:208} INFO - Processing /home/airflow/.local/lib/python3.12/site-packages/airflow/example_dags/example_sla_dag.py took 0.056 seconds
[2024-08-24T11:46:02.066+0000] {processor.py:186} INFO - Started process (PID=3141) to work on /home/airflow/.local/lib/python3.12/site-packages/airflow/example_dags/example_sla_dag.py
[2024-08-24T11:46:02.067+0000] {processor.py:914} INFO - Processing file /home/airflow/.local/lib/python3.12/site-packages/airflow/example_dags/example_sla_dag.py for tasks to queue
[2024-08-24T11:46:02.068+0000] {logging_mixin.py:190} INFO - [2024-08-24T11:46:02.068+0000] {dagbag.py:587} INFO - Filling up the DagBag from /home/airflow/.local/lib/python3.12/site-packages/airflow/example_dags/example_sla_dag.py
[2024-08-24T11:46:02.073+0000] {processor.py:925} INFO - DAG(s) 'example_sla_dag' retrieved from /home/airflow/.local/lib/python3.12/site-packages/airflow/example_dags/example_sla_dag.py
[2024-08-24T11:46:02.085+0000] {logging_mixin.py:190} INFO - [2024-08-24T11:46:02.085+0000] {dag.py:3211} INFO - Sync 1 DAGs
[2024-08-24T11:46:02.102+0000] {logging_mixin.py:190} INFO - [2024-08-24T11:46:02.102+0000] {dag.py:4138} INFO - Setting next_dagrun for example_sla_dag to 2024-08-24 11:44:00+00:00, run_after=2024-08-24 11:46:00+00:00
[2024-08-24T11:46:02.111+0000] {processor.py:208} INFO - Processing /home/airflow/.local/lib/python3.12/site-packages/airflow/example_dags/example_sla_dag.py took 0.047 seconds
[2024-08-24T11:46:32.847+0000] {processor.py:186} INFO - Started process (PID=3203) to work on /home/airflow/.local/lib/python3.12/site-packages/airflow/example_dags/example_sla_dag.py
[2024-08-24T11:46:32.848+0000] {processor.py:914} INFO - Processing file /home/airflow/.local/lib/python3.12/site-packages/airflow/example_dags/example_sla_dag.py for tasks to queue
[2024-08-24T11:46:32.849+0000] {logging_mixin.py:190} INFO - [2024-08-24T11:46:32.849+0000] {dagbag.py:587} INFO - Filling up the DagBag from /home/airflow/.local/lib/python3.12/site-packages/airflow/example_dags/example_sla_dag.py
[2024-08-24T11:46:32.854+0000] {processor.py:925} INFO - DAG(s) 'example_sla_dag' retrieved from /home/airflow/.local/lib/python3.12/site-packages/airflow/example_dags/example_sla_dag.py
[2024-08-24T11:46:32.869+0000] {logging_mixin.py:190} INFO - [2024-08-24T11:46:32.868+0000] {dag.py:3211} INFO - Sync 1 DAGs
[2024-08-24T11:46:32.883+0000] {logging_mixin.py:190} INFO - [2024-08-24T11:46:32.883+0000] {dag.py:4138} INFO - Setting next_dagrun for example_sla_dag to 2024-08-24 11:44:00+00:00, run_after=2024-08-24 11:46:00+00:00
[2024-08-24T11:46:32.894+0000] {processor.py:208} INFO - Processing /home/airflow/.local/lib/python3.12/site-packages/airflow/example_dags/example_sla_dag.py took 0.051 seconds
[2024-08-24T11:47:04.025+0000] {processor.py:186} INFO - Started process (PID=3265) to work on /home/airflow/.local/lib/python3.12/site-packages/airflow/example_dags/example_sla_dag.py
[2024-08-24T11:47:04.025+0000] {processor.py:914} INFO - Processing file /home/airflow/.local/lib/python3.12/site-packages/airflow/example_dags/example_sla_dag.py for tasks to queue
[2024-08-24T11:47:04.026+0000] {logging_mixin.py:190} INFO - [2024-08-24T11:47:04.026+0000] {dagbag.py:587} INFO - Filling up the DagBag from /home/airflow/.local/lib/python3.12/site-packages/airflow/example_dags/example_sla_dag.py
[2024-08-24T11:47:04.126+0000] {processor.py:925} INFO - DAG(s) 'example_sla_dag' retrieved from /home/airflow/.local/lib/python3.12/site-packages/airflow/example_dags/example_sla_dag.py
[2024-08-24T11:47:04.136+0000] {logging_mixin.py:190} INFO - [2024-08-24T11:47:04.136+0000] {dag.py:3211} INFO - Sync 1 DAGs
[2024-08-24T11:47:04.150+0000] {logging_mixin.py:190} INFO - [2024-08-24T11:47:04.150+0000] {dag.py:4138} INFO - Setting next_dagrun for example_sla_dag to 2024-08-24 11:44:00+00:00, run_after=2024-08-24 11:46:00+00:00
[2024-08-24T11:47:04.159+0000] {processor.py:208} INFO - Processing /home/airflow/.local/lib/python3.12/site-packages/airflow/example_dags/example_sla_dag.py took 0.138 seconds
[2024-08-24T11:47:34.695+0000] {processor.py:186} INFO - Started process (PID=3327) to work on /home/airflow/.local/lib/python3.12/site-packages/airflow/example_dags/example_sla_dag.py
[2024-08-24T11:47:34.696+0000] {processor.py:914} INFO - Processing file /home/airflow/.local/lib/python3.12/site-packages/airflow/example_dags/example_sla_dag.py for tasks to queue
[2024-08-24T11:47:34.697+0000] {logging_mixin.py:190} INFO - [2024-08-24T11:47:34.697+0000] {dagbag.py:587} INFO - Filling up the DagBag from /home/airflow/.local/lib/python3.12/site-packages/airflow/example_dags/example_sla_dag.py
[2024-08-24T11:47:34.702+0000] {processor.py:925} INFO - DAG(s) 'example_sla_dag' retrieved from /home/airflow/.local/lib/python3.12/site-packages/airflow/example_dags/example_sla_dag.py
[2024-08-24T11:47:34.717+0000] {logging_mixin.py:190} INFO - [2024-08-24T11:47:34.716+0000] {dag.py:3211} INFO - Sync 1 DAGs
[2024-08-24T11:47:34.737+0000] {logging_mixin.py:190} INFO - [2024-08-24T11:47:34.737+0000] {dag.py:4138} INFO - Setting next_dagrun for example_sla_dag to 2024-08-24 11:44:00+00:00, run_after=2024-08-24 11:46:00+00:00
[2024-08-24T11:47:34.750+0000] {processor.py:208} INFO - Processing /home/airflow/.local/lib/python3.12/site-packages/airflow/example_dags/example_sla_dag.py took 0.057 seconds
[2024-08-24T11:48:05.069+0000] {processor.py:186} INFO - Started process (PID=3389) to work on /home/airflow/.local/lib/python3.12/site-packages/airflow/example_dags/example_sla_dag.py
[2024-08-24T11:48:05.070+0000] {processor.py:914} INFO - Processing file /home/airflow/.local/lib/python3.12/site-packages/airflow/example_dags/example_sla_dag.py for tasks to queue
[2024-08-24T11:48:05.071+0000] {logging_mixin.py:190} INFO - [2024-08-24T11:48:05.071+0000] {dagbag.py:587} INFO - Filling up the DagBag from /home/airflow/.local/lib/python3.12/site-packages/airflow/example_dags/example_sla_dag.py
[2024-08-24T11:48:05.076+0000] {processor.py:925} INFO - DAG(s) 'example_sla_dag' retrieved from /home/airflow/.local/lib/python3.12/site-packages/airflow/example_dags/example_sla_dag.py
[2024-08-24T11:48:05.088+0000] {logging_mixin.py:190} INFO - [2024-08-24T11:48:05.088+0000] {dag.py:3211} INFO - Sync 1 DAGs
[2024-08-24T11:48:05.101+0000] {logging_mixin.py:190} INFO - [2024-08-24T11:48:05.101+0000] {dag.py:4138} INFO - Setting next_dagrun for example_sla_dag to 2024-08-24 11:46:00+00:00, run_after=2024-08-24 11:48:00+00:00
[2024-08-24T11:48:05.110+0000] {processor.py:208} INFO - Processing /home/airflow/.local/lib/python3.12/site-packages/airflow/example_dags/example_sla_dag.py took 0.043 seconds
[2024-08-24T11:48:35.296+0000] {processor.py:186} INFO - Started process (PID=3451) to work on /home/airflow/.local/lib/python3.12/site-packages/airflow/example_dags/example_sla_dag.py
[2024-08-24T11:48:35.297+0000] {processor.py:914} INFO - Processing file /home/airflow/.local/lib/python3.12/site-packages/airflow/example_dags/example_sla_dag.py for tasks to queue
[2024-08-24T11:48:35.298+0000] {logging_mixin.py:190} INFO - [2024-08-24T11:48:35.297+0000] {dagbag.py:587} INFO - Filling up the DagBag from /home/airflow/.local/lib/python3.12/site-packages/airflow/example_dags/example_sla_dag.py
[2024-08-24T11:48:35.303+0000] {processor.py:925} INFO - DAG(s) 'example_sla_dag' retrieved from /home/airflow/.local/lib/python3.12/site-packages/airflow/example_dags/example_sla_dag.py
[2024-08-24T11:48:35.315+0000] {logging_mixin.py:190} INFO - [2024-08-24T11:48:35.314+0000] {dag.py:3211} INFO - Sync 1 DAGs
[2024-08-24T11:48:35.334+0000] {logging_mixin.py:190} INFO - [2024-08-24T11:48:35.333+0000] {dag.py:4138} INFO - Setting next_dagrun for example_sla_dag to 2024-08-24 11:46:00+00:00, run_after=2024-08-24 11:48:00+00:00
[2024-08-24T11:48:35.342+0000] {processor.py:208} INFO - Processing /home/airflow/.local/lib/python3.12/site-packages/airflow/example_dags/example_sla_dag.py took 0.049 seconds
[2024-08-24T11:49:05.584+0000] {processor.py:186} INFO - Started process (PID=3513) to work on /home/airflow/.local/lib/python3.12/site-packages/airflow/example_dags/example_sla_dag.py
[2024-08-24T11:49:05.584+0000] {processor.py:914} INFO - Processing file /home/airflow/.local/lib/python3.12/site-packages/airflow/example_dags/example_sla_dag.py for tasks to queue
[2024-08-24T11:49:05.585+0000] {logging_mixin.py:190} INFO - [2024-08-24T11:49:05.585+0000] {dagbag.py:587} INFO - Filling up the DagBag from /home/airflow/.local/lib/python3.12/site-packages/airflow/example_dags/example_sla_dag.py
[2024-08-24T11:49:05.590+0000] {processor.py:925} INFO - DAG(s) 'example_sla_dag' retrieved from /home/airflow/.local/lib/python3.12/site-packages/airflow/example_dags/example_sla_dag.py
[2024-08-24T11:49:05.603+0000] {logging_mixin.py:190} INFO - [2024-08-24T11:49:05.603+0000] {dag.py:3211} INFO - Sync 1 DAGs
[2024-08-24T11:49:05.622+0000] {logging_mixin.py:190} INFO - [2024-08-24T11:49:05.622+0000] {dag.py:4138} INFO - Setting next_dagrun for example_sla_dag to 2024-08-24 11:46:00+00:00, run_after=2024-08-24 11:48:00+00:00
[2024-08-24T11:49:05.636+0000] {processor.py:208} INFO - Processing /home/airflow/.local/lib/python3.12/site-packages/airflow/example_dags/example_sla_dag.py took 0.055 seconds
[2024-08-24T11:49:35.953+0000] {processor.py:186} INFO - Started process (PID=3575) to work on /home/airflow/.local/lib/python3.12/site-packages/airflow/example_dags/example_sla_dag.py
[2024-08-24T11:49:35.953+0000] {processor.py:914} INFO - Processing file /home/airflow/.local/lib/python3.12/site-packages/airflow/example_dags/example_sla_dag.py for tasks to queue
[2024-08-24T11:49:35.955+0000] {logging_mixin.py:190} INFO - [2024-08-24T11:49:35.954+0000] {dagbag.py:587} INFO - Filling up the DagBag from /home/airflow/.local/lib/python3.12/site-packages/airflow/example_dags/example_sla_dag.py
[2024-08-24T11:49:35.960+0000] {processor.py:925} INFO - DAG(s) 'example_sla_dag' retrieved from /home/airflow/.local/lib/python3.12/site-packages/airflow/example_dags/example_sla_dag.py
[2024-08-24T11:49:35.975+0000] {logging_mixin.py:190} INFO - [2024-08-24T11:49:35.974+0000] {dag.py:3211} INFO - Sync 1 DAGs
[2024-08-24T11:49:35.995+0000] {logging_mixin.py:190} INFO - [2024-08-24T11:49:35.995+0000] {dag.py:4138} INFO - Setting next_dagrun for example_sla_dag to 2024-08-24 11:46:00+00:00, run_after=2024-08-24 11:48:00+00:00
[2024-08-24T11:49:36.003+0000] {processor.py:208} INFO - Processing /home/airflow/.local/lib/python3.12/site-packages/airflow/example_dags/example_sla_dag.py took 0.054 seconds
[2024-08-24T11:50:06.256+0000] {processor.py:186} INFO - Started process (PID=3637) to work on /home/airflow/.local/lib/python3.12/site-packages/airflow/example_dags/example_sla_dag.py
[2024-08-24T11:50:06.257+0000] {processor.py:914} INFO - Processing file /home/airflow/.local/lib/python3.12/site-packages/airflow/example_dags/example_sla_dag.py for tasks to queue
[2024-08-24T11:50:06.258+0000] {logging_mixin.py:190} INFO - [2024-08-24T11:50:06.258+0000] {dagbag.py:587} INFO - Filling up the DagBag from /home/airflow/.local/lib/python3.12/site-packages/airflow/example_dags/example_sla_dag.py
[2024-08-24T11:50:06.264+0000] {processor.py:925} INFO - DAG(s) 'example_sla_dag' retrieved from /home/airflow/.local/lib/python3.12/site-packages/airflow/example_dags/example_sla_dag.py
[2024-08-24T11:50:06.276+0000] {logging_mixin.py:190} INFO - [2024-08-24T11:50:06.276+0000] {dag.py:3211} INFO - Sync 1 DAGs
[2024-08-24T11:50:06.294+0000] {logging_mixin.py:190} INFO - [2024-08-24T11:50:06.294+0000] {dag.py:4138} INFO - Setting next_dagrun for example_sla_dag to 2024-08-24 11:48:00+00:00, run_after=2024-08-24 11:50:00+00:00
[2024-08-24T11:50:06.303+0000] {processor.py:208} INFO - Processing /home/airflow/.local/lib/python3.12/site-packages/airflow/example_dags/example_sla_dag.py took 0.052 seconds
[2024-08-24T11:50:36.690+0000] {processor.py:186} INFO - Started process (PID=3699) to work on /home/airflow/.local/lib/python3.12/site-packages/airflow/example_dags/example_sla_dag.py
[2024-08-24T11:50:36.690+0000] {processor.py:914} INFO - Processing file /home/airflow/.local/lib/python3.12/site-packages/airflow/example_dags/example_sla_dag.py for tasks to queue
[2024-08-24T11:50:36.692+0000] {logging_mixin.py:190} INFO - [2024-08-24T11:50:36.691+0000] {dagbag.py:587} INFO - Filling up the DagBag from /home/airflow/.local/lib/python3.12/site-packages/airflow/example_dags/example_sla_dag.py
[2024-08-24T11:50:36.698+0000] {processor.py:925} INFO - DAG(s) 'example_sla_dag' retrieved from /home/airflow/.local/lib/python3.12/site-packages/airflow/example_dags/example_sla_dag.py
[2024-08-24T11:50:36.707+0000] {logging_mixin.py:190} INFO - [2024-08-24T11:50:36.707+0000] {dag.py:3211} INFO - Sync 1 DAGs
[2024-08-24T11:50:36.721+0000] {logging_mixin.py:190} INFO - [2024-08-24T11:50:36.720+0000] {dag.py:4138} INFO - Setting next_dagrun for example_sla_dag to 2024-08-24 11:48:00+00:00, run_after=2024-08-24 11:50:00+00:00
[2024-08-24T11:50:36.729+0000] {processor.py:208} INFO - Processing /home/airflow/.local/lib/python3.12/site-packages/airflow/example_dags/example_sla_dag.py took 0.044 seconds
[2024-08-24T11:51:07.109+0000] {processor.py:186} INFO - Started process (PID=3761) to work on /home/airflow/.local/lib/python3.12/site-packages/airflow/example_dags/example_sla_dag.py
[2024-08-24T11:51:07.110+0000] {processor.py:914} INFO - Processing file /home/airflow/.local/lib/python3.12/site-packages/airflow/example_dags/example_sla_dag.py for tasks to queue
[2024-08-24T11:51:07.111+0000] {logging_mixin.py:190} INFO - [2024-08-24T11:51:07.111+0000] {dagbag.py:587} INFO - Filling up the DagBag from /home/airflow/.local/lib/python3.12/site-packages/airflow/example_dags/example_sla_dag.py
[2024-08-24T11:51:07.117+0000] {processor.py:925} INFO - DAG(s) 'example_sla_dag' retrieved from /home/airflow/.local/lib/python3.12/site-packages/airflow/example_dags/example_sla_dag.py
[2024-08-24T11:51:07.130+0000] {logging_mixin.py:190} INFO - [2024-08-24T11:51:07.129+0000] {dag.py:3211} INFO - Sync 1 DAGs
[2024-08-24T11:51:07.150+0000] {logging_mixin.py:190} INFO - [2024-08-24T11:51:07.150+0000] {dag.py:4138} INFO - Setting next_dagrun for example_sla_dag to 2024-08-24 11:48:00+00:00, run_after=2024-08-24 11:50:00+00:00
[2024-08-24T11:51:07.161+0000] {processor.py:208} INFO - Processing /home/airflow/.local/lib/python3.12/site-packages/airflow/example_dags/example_sla_dag.py took 0.055 seconds
[2024-08-24T11:51:37.424+0000] {processor.py:186} INFO - Started process (PID=3823) to work on /home/airflow/.local/lib/python3.12/site-packages/airflow/example_dags/example_sla_dag.py
[2024-08-24T11:51:37.424+0000] {processor.py:914} INFO - Processing file /home/airflow/.local/lib/python3.12/site-packages/airflow/example_dags/example_sla_dag.py for tasks to queue
[2024-08-24T11:51:37.425+0000] {logging_mixin.py:190} INFO - [2024-08-24T11:51:37.425+0000] {dagbag.py:587} INFO - Filling up the DagBag from /home/airflow/.local/lib/python3.12/site-packages/airflow/example_dags/example_sla_dag.py
[2024-08-24T11:51:37.431+0000] {processor.py:925} INFO - DAG(s) 'example_sla_dag' retrieved from /home/airflow/.local/lib/python3.12/site-packages/airflow/example_dags/example_sla_dag.py
[2024-08-24T11:51:37.445+0000] {logging_mixin.py:190} INFO - [2024-08-24T11:51:37.445+0000] {dag.py:3211} INFO - Sync 1 DAGs
[2024-08-24T11:51:37.463+0000] {logging_mixin.py:190} INFO - [2024-08-24T11:51:37.463+0000] {dag.py:4138} INFO - Setting next_dagrun for example_sla_dag to 2024-08-24 11:48:00+00:00, run_after=2024-08-24 11:50:00+00:00
[2024-08-24T11:51:37.471+0000] {processor.py:208} INFO - Processing /home/airflow/.local/lib/python3.12/site-packages/airflow/example_dags/example_sla_dag.py took 0.051 seconds
[2024-08-24T11:52:07.605+0000] {processor.py:186} INFO - Started process (PID=3885) to work on /home/airflow/.local/lib/python3.12/site-packages/airflow/example_dags/example_sla_dag.py
[2024-08-24T11:52:07.606+0000] {processor.py:914} INFO - Processing file /home/airflow/.local/lib/python3.12/site-packages/airflow/example_dags/example_sla_dag.py for tasks to queue
[2024-08-24T11:52:07.607+0000] {logging_mixin.py:190} INFO - [2024-08-24T11:52:07.607+0000] {dagbag.py:587} INFO - Filling up the DagBag from /home/airflow/.local/lib/python3.12/site-packages/airflow/example_dags/example_sla_dag.py
[2024-08-24T11:52:07.616+0000] {processor.py:925} INFO - DAG(s) 'example_sla_dag' retrieved from /home/airflow/.local/lib/python3.12/site-packages/airflow/example_dags/example_sla_dag.py
[2024-08-24T11:52:07.631+0000] {logging_mixin.py:190} INFO - [2024-08-24T11:52:07.631+0000] {dag.py:3211} INFO - Sync 1 DAGs
[2024-08-24T11:52:07.646+0000] {logging_mixin.py:190} INFO - [2024-08-24T11:52:07.645+0000] {dag.py:4138} INFO - Setting next_dagrun for example_sla_dag to 2024-08-24 11:50:00+00:00, run_after=2024-08-24 11:52:00+00:00
[2024-08-24T11:52:07.660+0000] {processor.py:208} INFO - Processing /home/airflow/.local/lib/python3.12/site-packages/airflow/example_dags/example_sla_dag.py took 0.059 seconds
[2024-08-24T11:52:37.972+0000] {processor.py:186} INFO - Started process (PID=3947) to work on /home/airflow/.local/lib/python3.12/site-packages/airflow/example_dags/example_sla_dag.py
[2024-08-24T11:52:37.973+0000] {processor.py:914} INFO - Processing file /home/airflow/.local/lib/python3.12/site-packages/airflow/example_dags/example_sla_dag.py for tasks to queue
[2024-08-24T11:52:37.974+0000] {logging_mixin.py:190} INFO - [2024-08-24T11:52:37.974+0000] {dagbag.py:587} INFO - Filling up the DagBag from /home/airflow/.local/lib/python3.12/site-packages/airflow/example_dags/example_sla_dag.py
[2024-08-24T11:52:37.979+0000] {processor.py:925} INFO - DAG(s) 'example_sla_dag' retrieved from /home/airflow/.local/lib/python3.12/site-packages/airflow/example_dags/example_sla_dag.py
[2024-08-24T11:52:37.993+0000] {logging_mixin.py:190} INFO - [2024-08-24T11:52:37.992+0000] {dag.py:3211} INFO - Sync 1 DAGs
[2024-08-24T11:52:38.007+0000] {logging_mixin.py:190} INFO - [2024-08-24T11:52:38.007+0000] {dag.py:4138} INFO - Setting next_dagrun for example_sla_dag to 2024-08-24 11:50:00+00:00, run_after=2024-08-24 11:52:00+00:00
[2024-08-24T11:52:38.019+0000] {processor.py:208} INFO - Processing /home/airflow/.local/lib/python3.12/site-packages/airflow/example_dags/example_sla_dag.py took 0.049 seconds
[2024-08-24T11:53:08.343+0000] {processor.py:186} INFO - Started process (PID=4009) to work on /home/airflow/.local/lib/python3.12/site-packages/airflow/example_dags/example_sla_dag.py
[2024-08-24T11:53:08.343+0000] {processor.py:914} INFO - Processing file /home/airflow/.local/lib/python3.12/site-packages/airflow/example_dags/example_sla_dag.py for tasks to queue
[2024-08-24T11:53:08.345+0000] {logging_mixin.py:190} INFO - [2024-08-24T11:53:08.344+0000] {dagbag.py:587} INFO - Filling up the DagBag from /home/airflow/.local/lib/python3.12/site-packages/airflow/example_dags/example_sla_dag.py
[2024-08-24T11:53:08.351+0000] {processor.py:925} INFO - DAG(s) 'example_sla_dag' retrieved from /home/airflow/.local/lib/python3.12/site-packages/airflow/example_dags/example_sla_dag.py
[2024-08-24T11:53:08.368+0000] {logging_mixin.py:190} INFO - [2024-08-24T11:53:08.367+0000] {dag.py:3211} INFO - Sync 1 DAGs
[2024-08-24T11:53:08.384+0000] {logging_mixin.py:190} INFO - [2024-08-24T11:53:08.384+0000] {dag.py:4138} INFO - Setting next_dagrun for example_sla_dag to 2024-08-24 11:50:00+00:00, run_after=2024-08-24 11:52:00+00:00
[2024-08-24T11:53:08.397+0000] {processor.py:208} INFO - Processing /home/airflow/.local/lib/python3.12/site-packages/airflow/example_dags/example_sla_dag.py took 0.058 seconds
[2024-08-24T11:53:38.720+0000] {processor.py:186} INFO - Started process (PID=4072) to work on /home/airflow/.local/lib/python3.12/site-packages/airflow/example_dags/example_sla_dag.py
[2024-08-24T11:53:38.721+0000] {processor.py:914} INFO - Processing file /home/airflow/.local/lib/python3.12/site-packages/airflow/example_dags/example_sla_dag.py for tasks to queue
[2024-08-24T11:53:38.722+0000] {logging_mixin.py:190} INFO - [2024-08-24T11:53:38.722+0000] {dagbag.py:587} INFO - Filling up the DagBag from /home/airflow/.local/lib/python3.12/site-packages/airflow/example_dags/example_sla_dag.py
[2024-08-24T11:53:38.727+0000] {processor.py:925} INFO - DAG(s) 'example_sla_dag' retrieved from /home/airflow/.local/lib/python3.12/site-packages/airflow/example_dags/example_sla_dag.py
[2024-08-24T11:53:38.741+0000] {logging_mixin.py:190} INFO - [2024-08-24T11:53:38.740+0000] {dag.py:3211} INFO - Sync 1 DAGs
[2024-08-24T11:53:38.756+0000] {logging_mixin.py:190} INFO - [2024-08-24T11:53:38.756+0000] {dag.py:4138} INFO - Setting next_dagrun for example_sla_dag to 2024-08-24 11:50:00+00:00, run_after=2024-08-24 11:52:00+00:00
[2024-08-24T11:53:38.764+0000] {processor.py:208} INFO - Processing /home/airflow/.local/lib/python3.12/site-packages/airflow/example_dags/example_sla_dag.py took 0.048 seconds
[2024-08-24T11:54:09.015+0000] {processor.py:186} INFO - Started process (PID=4134) to work on /home/airflow/.local/lib/python3.12/site-packages/airflow/example_dags/example_sla_dag.py
[2024-08-24T11:54:09.016+0000] {processor.py:914} INFO - Processing file /home/airflow/.local/lib/python3.12/site-packages/airflow/example_dags/example_sla_dag.py for tasks to queue
[2024-08-24T11:54:09.017+0000] {logging_mixin.py:190} INFO - [2024-08-24T11:54:09.017+0000] {dagbag.py:587} INFO - Filling up the DagBag from /home/airflow/.local/lib/python3.12/site-packages/airflow/example_dags/example_sla_dag.py
[2024-08-24T11:54:09.022+0000] {processor.py:925} INFO - DAG(s) 'example_sla_dag' retrieved from /home/airflow/.local/lib/python3.12/site-packages/airflow/example_dags/example_sla_dag.py
[2024-08-24T11:54:09.031+0000] {logging_mixin.py:190} INFO - [2024-08-24T11:54:09.031+0000] {dag.py:3211} INFO - Sync 1 DAGs
[2024-08-24T11:54:09.044+0000] {logging_mixin.py:190} INFO - [2024-08-24T11:54:09.044+0000] {dag.py:4138} INFO - Setting next_dagrun for example_sla_dag to 2024-08-24 11:52:00+00:00, run_after=2024-08-24 11:54:00+00:00
[2024-08-24T11:54:09.053+0000] {processor.py:208} INFO - Processing /home/airflow/.local/lib/python3.12/site-packages/airflow/example_dags/example_sla_dag.py took 0.042 seconds
[2024-08-24T11:54:39.303+0000] {processor.py:186} INFO - Started process (PID=4196) to work on /home/airflow/.local/lib/python3.12/site-packages/airflow/example_dags/example_sla_dag.py
[2024-08-24T11:54:39.304+0000] {processor.py:914} INFO - Processing file /home/airflow/.local/lib/python3.12/site-packages/airflow/example_dags/example_sla_dag.py for tasks to queue
[2024-08-24T11:54:39.305+0000] {logging_mixin.py:190} INFO - [2024-08-24T11:54:39.305+0000] {dagbag.py:587} INFO - Filling up the DagBag from /home/airflow/.local/lib/python3.12/site-packages/airflow/example_dags/example_sla_dag.py
[2024-08-24T11:54:39.311+0000] {processor.py:925} INFO - DAG(s) 'example_sla_dag' retrieved from /home/airflow/.local/lib/python3.12/site-packages/airflow/example_dags/example_sla_dag.py
[2024-08-24T11:54:39.321+0000] {logging_mixin.py:190} INFO - [2024-08-24T11:54:39.321+0000] {dag.py:3211} INFO - Sync 1 DAGs
[2024-08-24T11:54:39.334+0000] {logging_mixin.py:190} INFO - [2024-08-24T11:54:39.334+0000] {dag.py:4138} INFO - Setting next_dagrun for example_sla_dag to 2024-08-24 11:52:00+00:00, run_after=2024-08-24 11:54:00+00:00
[2024-08-24T11:54:39.343+0000] {processor.py:208} INFO - Processing /home/airflow/.local/lib/python3.12/site-packages/airflow/example_dags/example_sla_dag.py took 0.046 seconds
[2024-08-24T11:55:09.723+0000] {processor.py:186} INFO - Started process (PID=4258) to work on /home/airflow/.local/lib/python3.12/site-packages/airflow/example_dags/example_sla_dag.py
[2024-08-24T11:55:09.723+0000] {processor.py:914} INFO - Processing file /home/airflow/.local/lib/python3.12/site-packages/airflow/example_dags/example_sla_dag.py for tasks to queue
[2024-08-24T11:55:09.724+0000] {logging_mixin.py:190} INFO - [2024-08-24T11:55:09.724+0000] {dagbag.py:587} INFO - Filling up the DagBag from /home/airflow/.local/lib/python3.12/site-packages/airflow/example_dags/example_sla_dag.py
[2024-08-24T11:55:09.730+0000] {processor.py:925} INFO - DAG(s) 'example_sla_dag' retrieved from /home/airflow/.local/lib/python3.12/site-packages/airflow/example_dags/example_sla_dag.py
[2024-08-24T11:55:09.750+0000] {logging_mixin.py:190} INFO - [2024-08-24T11:55:09.749+0000] {dag.py:3211} INFO - Sync 1 DAGs
[2024-08-24T11:55:09.783+0000] {logging_mixin.py:190} INFO - [2024-08-24T11:55:09.783+0000] {dag.py:4138} INFO - Setting next_dagrun for example_sla_dag to 2024-08-24 11:52:00+00:00, run_after=2024-08-24 11:54:00+00:00
[2024-08-24T11:55:09.805+0000] {processor.py:208} INFO - Processing /home/airflow/.local/lib/python3.12/site-packages/airflow/example_dags/example_sla_dag.py took 0.085 seconds
[2024-08-24T11:55:40.158+0000] {processor.py:186} INFO - Started process (PID=4320) to work on /home/airflow/.local/lib/python3.12/site-packages/airflow/example_dags/example_sla_dag.py
[2024-08-24T11:55:40.158+0000] {processor.py:914} INFO - Processing file /home/airflow/.local/lib/python3.12/site-packages/airflow/example_dags/example_sla_dag.py for tasks to queue
[2024-08-24T11:55:40.159+0000] {logging_mixin.py:190} INFO - [2024-08-24T11:55:40.159+0000] {dagbag.py:587} INFO - Filling up the DagBag from /home/airflow/.local/lib/python3.12/site-packages/airflow/example_dags/example_sla_dag.py
[2024-08-24T11:55:40.164+0000] {processor.py:925} INFO - DAG(s) 'example_sla_dag' retrieved from /home/airflow/.local/lib/python3.12/site-packages/airflow/example_dags/example_sla_dag.py
[2024-08-24T11:55:40.177+0000] {logging_mixin.py:190} INFO - [2024-08-24T11:55:40.177+0000] {dag.py:3211} INFO - Sync 1 DAGs
[2024-08-24T11:55:40.211+0000] {logging_mixin.py:190} INFO - [2024-08-24T11:55:40.210+0000] {dag.py:4138} INFO - Setting next_dagrun for example_sla_dag to 2024-08-24 11:52:00+00:00, run_after=2024-08-24 11:54:00+00:00
[2024-08-24T11:55:40.231+0000] {processor.py:208} INFO - Processing /home/airflow/.local/lib/python3.12/site-packages/airflow/example_dags/example_sla_dag.py took 0.077 seconds
[2024-08-24T11:56:10.544+0000] {processor.py:186} INFO - Started process (PID=4382) to work on /home/airflow/.local/lib/python3.12/site-packages/airflow/example_dags/example_sla_dag.py
[2024-08-24T11:56:10.544+0000] {processor.py:914} INFO - Processing file /home/airflow/.local/lib/python3.12/site-packages/airflow/example_dags/example_sla_dag.py for tasks to queue
[2024-08-24T11:56:10.546+0000] {logging_mixin.py:190} INFO - [2024-08-24T11:56:10.545+0000] {dagbag.py:587} INFO - Filling up the DagBag from /home/airflow/.local/lib/python3.12/site-packages/airflow/example_dags/example_sla_dag.py
[2024-08-24T11:56:10.552+0000] {processor.py:925} INFO - DAG(s) 'example_sla_dag' retrieved from /home/airflow/.local/lib/python3.12/site-packages/airflow/example_dags/example_sla_dag.py
[2024-08-24T11:56:10.561+0000] {logging_mixin.py:190} INFO - [2024-08-24T11:56:10.561+0000] {dag.py:3211} INFO - Sync 1 DAGs
[2024-08-24T11:56:10.574+0000] {logging_mixin.py:190} INFO - [2024-08-24T11:56:10.574+0000] {dag.py:4138} INFO - Setting next_dagrun for example_sla_dag to 2024-08-24 11:54:00+00:00, run_after=2024-08-24 11:56:00+00:00
[2024-08-24T11:56:10.583+0000] {processor.py:208} INFO - Processing /home/airflow/.local/lib/python3.12/site-packages/airflow/example_dags/example_sla_dag.py took 0.042 seconds
