[2024-08-24T11:21:08.309+0000] {processor.py:186} INFO - Started process (PID=83) to work on /home/airflow/.local/lib/python3.12/site-packages/airflow/example_dags/tutorial_dag.py
[2024-08-24T11:21:08.309+0000] {processor.py:914} INFO - Processing file /home/airflow/.local/lib/python3.12/site-packages/airflow/example_dags/tutorial_dag.py for tasks to queue
[2024-08-24T11:21:08.311+0000] {logging_mixin.py:190} INFO - [2024-08-24T11:21:08.311+0000] {dagbag.py:587} INFO - Filling up the DagBag from /home/airflow/.local/lib/python3.12/site-packages/airflow/example_dags/tutorial_dag.py
[2024-08-24T11:21:08.316+0000] {processor.py:925} INFO - DAG(s) 'tutorial_dag' retrieved from /home/airflow/.local/lib/python3.12/site-packages/airflow/example_dags/tutorial_dag.py
[2024-08-24T11:21:08.374+0000] {logging_mixin.py:190} INFO - [2024-08-24T11:21:08.373+0000] {override.py:1858} INFO - Created Permission View: can edit on DAG:tutorial_dag
[2024-08-24T11:21:08.379+0000] {logging_mixin.py:190} INFO - [2024-08-24T11:21:08.378+0000] {override.py:1858} INFO - Created Permission View: can read on DAG:tutorial_dag
[2024-08-24T11:21:08.382+0000] {logging_mixin.py:190} INFO - [2024-08-24T11:21:08.381+0000] {override.py:1858} INFO - Created Permission View: can delete on DAG:tutorial_dag
[2024-08-24T11:21:08.382+0000] {logging_mixin.py:190} INFO - [2024-08-24T11:21:08.382+0000] {dag.py:3211} INFO - Sync 1 DAGs
[2024-08-24T11:21:08.389+0000] {logging_mixin.py:190} INFO - [2024-08-24T11:21:08.389+0000] {dag.py:3234} INFO - Creating ORM DAG for tutorial_dag
[2024-08-24T11:21:08.390+0000] {logging_mixin.py:190} INFO - [2024-08-24T11:21:08.389+0000] {dag.py:4138} INFO - Setting next_dagrun for tutorial_dag to None, run_after=None
[2024-08-24T11:21:08.401+0000] {processor.py:208} INFO - Processing /home/airflow/.local/lib/python3.12/site-packages/airflow/example_dags/tutorial_dag.py took 0.097 seconds
[2024-08-24T11:21:38.947+0000] {processor.py:186} INFO - Started process (PID=151) to work on /home/airflow/.local/lib/python3.12/site-packages/airflow/example_dags/tutorial_dag.py
[2024-08-24T11:21:38.948+0000] {processor.py:914} INFO - Processing file /home/airflow/.local/lib/python3.12/site-packages/airflow/example_dags/tutorial_dag.py for tasks to queue
[2024-08-24T11:21:38.949+0000] {logging_mixin.py:190} INFO - [2024-08-24T11:21:38.949+0000] {dagbag.py:587} INFO - Filling up the DagBag from /home/airflow/.local/lib/python3.12/site-packages/airflow/example_dags/tutorial_dag.py
[2024-08-24T11:21:38.953+0000] {processor.py:925} INFO - DAG(s) 'tutorial_dag' retrieved from /home/airflow/.local/lib/python3.12/site-packages/airflow/example_dags/tutorial_dag.py
[2024-08-24T11:21:38.964+0000] {logging_mixin.py:190} INFO - [2024-08-24T11:21:38.964+0000] {dag.py:3211} INFO - Sync 1 DAGs
[2024-08-24T11:21:38.972+0000] {logging_mixin.py:190} INFO - [2024-08-24T11:21:38.972+0000] {dag.py:4138} INFO - Setting next_dagrun for tutorial_dag to None, run_after=None
[2024-08-24T11:21:38.981+0000] {processor.py:208} INFO - Processing /home/airflow/.local/lib/python3.12/site-packages/airflow/example_dags/tutorial_dag.py took 0.037 seconds
[2024-08-24T11:22:09.149+0000] {processor.py:186} INFO - Started process (PID=213) to work on /home/airflow/.local/lib/python3.12/site-packages/airflow/example_dags/tutorial_dag.py
[2024-08-24T11:22:09.150+0000] {processor.py:914} INFO - Processing file /home/airflow/.local/lib/python3.12/site-packages/airflow/example_dags/tutorial_dag.py for tasks to queue
[2024-08-24T11:22:09.151+0000] {logging_mixin.py:190} INFO - [2024-08-24T11:22:09.151+0000] {dagbag.py:587} INFO - Filling up the DagBag from /home/airflow/.local/lib/python3.12/site-packages/airflow/example_dags/tutorial_dag.py
[2024-08-24T11:22:09.157+0000] {processor.py:925} INFO - DAG(s) 'tutorial_dag' retrieved from /home/airflow/.local/lib/python3.12/site-packages/airflow/example_dags/tutorial_dag.py
[2024-08-24T11:22:09.168+0000] {logging_mixin.py:190} INFO - [2024-08-24T11:22:09.167+0000] {dag.py:3211} INFO - Sync 1 DAGs
[2024-08-24T11:22:09.175+0000] {logging_mixin.py:190} INFO - [2024-08-24T11:22:09.175+0000] {dag.py:4138} INFO - Setting next_dagrun for tutorial_dag to None, run_after=None
[2024-08-24T11:22:09.184+0000] {processor.py:208} INFO - Processing /home/airflow/.local/lib/python3.12/site-packages/airflow/example_dags/tutorial_dag.py took 0.039 seconds
[2024-08-24T11:22:39.287+0000] {processor.py:186} INFO - Started process (PID=275) to work on /home/airflow/.local/lib/python3.12/site-packages/airflow/example_dags/tutorial_dag.py
[2024-08-24T11:22:39.288+0000] {processor.py:914} INFO - Processing file /home/airflow/.local/lib/python3.12/site-packages/airflow/example_dags/tutorial_dag.py for tasks to queue
[2024-08-24T11:22:39.289+0000] {logging_mixin.py:190} INFO - [2024-08-24T11:22:39.289+0000] {dagbag.py:587} INFO - Filling up the DagBag from /home/airflow/.local/lib/python3.12/site-packages/airflow/example_dags/tutorial_dag.py
[2024-08-24T11:22:39.293+0000] {processor.py:925} INFO - DAG(s) 'tutorial_dag' retrieved from /home/airflow/.local/lib/python3.12/site-packages/airflow/example_dags/tutorial_dag.py
[2024-08-24T11:22:39.307+0000] {logging_mixin.py:190} INFO - [2024-08-24T11:22:39.307+0000] {dag.py:3211} INFO - Sync 1 DAGs
[2024-08-24T11:22:39.319+0000] {logging_mixin.py:190} INFO - [2024-08-24T11:22:39.319+0000] {dag.py:4138} INFO - Setting next_dagrun for tutorial_dag to None, run_after=None
[2024-08-24T11:22:39.333+0000] {processor.py:208} INFO - Processing /home/airflow/.local/lib/python3.12/site-packages/airflow/example_dags/tutorial_dag.py took 0.051 seconds
[2024-08-24T11:23:09.485+0000] {processor.py:186} INFO - Started process (PID=337) to work on /home/airflow/.local/lib/python3.12/site-packages/airflow/example_dags/tutorial_dag.py
[2024-08-24T11:23:09.486+0000] {processor.py:914} INFO - Processing file /home/airflow/.local/lib/python3.12/site-packages/airflow/example_dags/tutorial_dag.py for tasks to queue
[2024-08-24T11:23:09.487+0000] {logging_mixin.py:190} INFO - [2024-08-24T11:23:09.486+0000] {dagbag.py:587} INFO - Filling up the DagBag from /home/airflow/.local/lib/python3.12/site-packages/airflow/example_dags/tutorial_dag.py
[2024-08-24T11:23:09.492+0000] {processor.py:925} INFO - DAG(s) 'tutorial_dag' retrieved from /home/airflow/.local/lib/python3.12/site-packages/airflow/example_dags/tutorial_dag.py
[2024-08-24T11:23:09.509+0000] {logging_mixin.py:190} INFO - [2024-08-24T11:23:09.509+0000] {dag.py:3211} INFO - Sync 1 DAGs
[2024-08-24T11:23:09.517+0000] {logging_mixin.py:190} INFO - [2024-08-24T11:23:09.517+0000] {dag.py:4138} INFO - Setting next_dagrun for tutorial_dag to None, run_after=None
[2024-08-24T11:23:09.527+0000] {processor.py:208} INFO - Processing /home/airflow/.local/lib/python3.12/site-packages/airflow/example_dags/tutorial_dag.py took 0.046 seconds
[2024-08-24T11:23:39.734+0000] {processor.py:186} INFO - Started process (PID=399) to work on /home/airflow/.local/lib/python3.12/site-packages/airflow/example_dags/tutorial_dag.py
[2024-08-24T11:23:39.734+0000] {processor.py:914} INFO - Processing file /home/airflow/.local/lib/python3.12/site-packages/airflow/example_dags/tutorial_dag.py for tasks to queue
[2024-08-24T11:23:39.737+0000] {logging_mixin.py:190} INFO - [2024-08-24T11:23:39.736+0000] {dagbag.py:587} INFO - Filling up the DagBag from /home/airflow/.local/lib/python3.12/site-packages/airflow/example_dags/tutorial_dag.py
[2024-08-24T11:23:39.740+0000] {processor.py:925} INFO - DAG(s) 'tutorial_dag' retrieved from /home/airflow/.local/lib/python3.12/site-packages/airflow/example_dags/tutorial_dag.py
[2024-08-24T11:23:39.751+0000] {logging_mixin.py:190} INFO - [2024-08-24T11:23:39.751+0000] {dag.py:3211} INFO - Sync 1 DAGs
[2024-08-24T11:23:39.759+0000] {logging_mixin.py:190} INFO - [2024-08-24T11:23:39.759+0000] {dag.py:4138} INFO - Setting next_dagrun for tutorial_dag to None, run_after=None
[2024-08-24T11:23:39.769+0000] {processor.py:208} INFO - Processing /home/airflow/.local/lib/python3.12/site-packages/airflow/example_dags/tutorial_dag.py took 0.039 seconds
[2024-08-24T11:24:10.131+0000] {processor.py:186} INFO - Started process (PID=461) to work on /home/airflow/.local/lib/python3.12/site-packages/airflow/example_dags/tutorial_dag.py
[2024-08-24T11:24:10.131+0000] {processor.py:914} INFO - Processing file /home/airflow/.local/lib/python3.12/site-packages/airflow/example_dags/tutorial_dag.py for tasks to queue
[2024-08-24T11:24:10.133+0000] {logging_mixin.py:190} INFO - [2024-08-24T11:24:10.133+0000] {dagbag.py:587} INFO - Filling up the DagBag from /home/airflow/.local/lib/python3.12/site-packages/airflow/example_dags/tutorial_dag.py
[2024-08-24T11:24:10.138+0000] {processor.py:925} INFO - DAG(s) 'tutorial_dag' retrieved from /home/airflow/.local/lib/python3.12/site-packages/airflow/example_dags/tutorial_dag.py
[2024-08-24T11:24:10.153+0000] {logging_mixin.py:190} INFO - [2024-08-24T11:24:10.153+0000] {dag.py:3211} INFO - Sync 1 DAGs
[2024-08-24T11:24:10.162+0000] {logging_mixin.py:190} INFO - [2024-08-24T11:24:10.161+0000] {dag.py:4138} INFO - Setting next_dagrun for tutorial_dag to None, run_after=None
[2024-08-24T11:24:10.172+0000] {processor.py:208} INFO - Processing /home/airflow/.local/lib/python3.12/site-packages/airflow/example_dags/tutorial_dag.py took 0.046 seconds
[2024-08-24T11:24:40.293+0000] {processor.py:186} INFO - Started process (PID=523) to work on /home/airflow/.local/lib/python3.12/site-packages/airflow/example_dags/tutorial_dag.py
[2024-08-24T11:24:40.293+0000] {processor.py:914} INFO - Processing file /home/airflow/.local/lib/python3.12/site-packages/airflow/example_dags/tutorial_dag.py for tasks to queue
[2024-08-24T11:24:40.295+0000] {logging_mixin.py:190} INFO - [2024-08-24T11:24:40.294+0000] {dagbag.py:587} INFO - Filling up the DagBag from /home/airflow/.local/lib/python3.12/site-packages/airflow/example_dags/tutorial_dag.py
[2024-08-24T11:24:40.299+0000] {processor.py:925} INFO - DAG(s) 'tutorial_dag' retrieved from /home/airflow/.local/lib/python3.12/site-packages/airflow/example_dags/tutorial_dag.py
[2024-08-24T11:24:40.313+0000] {logging_mixin.py:190} INFO - [2024-08-24T11:24:40.313+0000] {dag.py:3211} INFO - Sync 1 DAGs
[2024-08-24T11:24:40.322+0000] {logging_mixin.py:190} INFO - [2024-08-24T11:24:40.322+0000] {dag.py:4138} INFO - Setting next_dagrun for tutorial_dag to None, run_after=None
[2024-08-24T11:24:40.337+0000] {processor.py:208} INFO - Processing /home/airflow/.local/lib/python3.12/site-packages/airflow/example_dags/tutorial_dag.py took 0.049 seconds
[2024-08-24T11:25:10.478+0000] {processor.py:186} INFO - Started process (PID=585) to work on /home/airflow/.local/lib/python3.12/site-packages/airflow/example_dags/tutorial_dag.py
[2024-08-24T11:25:10.478+0000] {processor.py:914} INFO - Processing file /home/airflow/.local/lib/python3.12/site-packages/airflow/example_dags/tutorial_dag.py for tasks to queue
[2024-08-24T11:25:10.479+0000] {logging_mixin.py:190} INFO - [2024-08-24T11:25:10.479+0000] {dagbag.py:587} INFO - Filling up the DagBag from /home/airflow/.local/lib/python3.12/site-packages/airflow/example_dags/tutorial_dag.py
[2024-08-24T11:25:10.483+0000] {processor.py:925} INFO - DAG(s) 'tutorial_dag' retrieved from /home/airflow/.local/lib/python3.12/site-packages/airflow/example_dags/tutorial_dag.py
[2024-08-24T11:25:10.498+0000] {logging_mixin.py:190} INFO - [2024-08-24T11:25:10.498+0000] {dag.py:3211} INFO - Sync 1 DAGs
[2024-08-24T11:25:10.509+0000] {logging_mixin.py:190} INFO - [2024-08-24T11:25:10.509+0000] {dag.py:4138} INFO - Setting next_dagrun for tutorial_dag to None, run_after=None
[2024-08-24T11:25:10.522+0000] {processor.py:208} INFO - Processing /home/airflow/.local/lib/python3.12/site-packages/airflow/example_dags/tutorial_dag.py took 0.047 seconds
[2024-08-24T11:25:40.699+0000] {processor.py:186} INFO - Started process (PID=647) to work on /home/airflow/.local/lib/python3.12/site-packages/airflow/example_dags/tutorial_dag.py
[2024-08-24T11:25:40.700+0000] {processor.py:914} INFO - Processing file /home/airflow/.local/lib/python3.12/site-packages/airflow/example_dags/tutorial_dag.py for tasks to queue
[2024-08-24T11:25:40.701+0000] {logging_mixin.py:190} INFO - [2024-08-24T11:25:40.701+0000] {dagbag.py:587} INFO - Filling up the DagBag from /home/airflow/.local/lib/python3.12/site-packages/airflow/example_dags/tutorial_dag.py
[2024-08-24T11:25:40.705+0000] {processor.py:925} INFO - DAG(s) 'tutorial_dag' retrieved from /home/airflow/.local/lib/python3.12/site-packages/airflow/example_dags/tutorial_dag.py
[2024-08-24T11:25:40.714+0000] {logging_mixin.py:190} INFO - [2024-08-24T11:25:40.714+0000] {dag.py:3211} INFO - Sync 1 DAGs
[2024-08-24T11:25:40.721+0000] {logging_mixin.py:190} INFO - [2024-08-24T11:25:40.721+0000] {dag.py:4138} INFO - Setting next_dagrun for tutorial_dag to None, run_after=None
[2024-08-24T11:25:40.730+0000] {processor.py:208} INFO - Processing /home/airflow/.local/lib/python3.12/site-packages/airflow/example_dags/tutorial_dag.py took 0.034 seconds
[2024-08-24T11:26:10.918+0000] {processor.py:186} INFO - Started process (PID=709) to work on /home/airflow/.local/lib/python3.12/site-packages/airflow/example_dags/tutorial_dag.py
[2024-08-24T11:26:10.919+0000] {processor.py:914} INFO - Processing file /home/airflow/.local/lib/python3.12/site-packages/airflow/example_dags/tutorial_dag.py for tasks to queue
[2024-08-24T11:26:10.920+0000] {logging_mixin.py:190} INFO - [2024-08-24T11:26:10.920+0000] {dagbag.py:587} INFO - Filling up the DagBag from /home/airflow/.local/lib/python3.12/site-packages/airflow/example_dags/tutorial_dag.py
[2024-08-24T11:26:10.924+0000] {processor.py:925} INFO - DAG(s) 'tutorial_dag' retrieved from /home/airflow/.local/lib/python3.12/site-packages/airflow/example_dags/tutorial_dag.py
[2024-08-24T11:26:10.939+0000] {logging_mixin.py:190} INFO - [2024-08-24T11:26:10.939+0000] {dag.py:3211} INFO - Sync 1 DAGs
[2024-08-24T11:26:10.947+0000] {logging_mixin.py:190} INFO - [2024-08-24T11:26:10.947+0000] {dag.py:4138} INFO - Setting next_dagrun for tutorial_dag to None, run_after=None
[2024-08-24T11:26:10.956+0000] {processor.py:208} INFO - Processing /home/airflow/.local/lib/python3.12/site-packages/airflow/example_dags/tutorial_dag.py took 0.041 seconds
[2024-08-24T11:26:41.169+0000] {processor.py:186} INFO - Started process (PID=771) to work on /home/airflow/.local/lib/python3.12/site-packages/airflow/example_dags/tutorial_dag.py
[2024-08-24T11:26:41.169+0000] {processor.py:914} INFO - Processing file /home/airflow/.local/lib/python3.12/site-packages/airflow/example_dags/tutorial_dag.py for tasks to queue
[2024-08-24T11:26:41.170+0000] {logging_mixin.py:190} INFO - [2024-08-24T11:26:41.170+0000] {dagbag.py:587} INFO - Filling up the DagBag from /home/airflow/.local/lib/python3.12/site-packages/airflow/example_dags/tutorial_dag.py
[2024-08-24T11:26:41.174+0000] {processor.py:925} INFO - DAG(s) 'tutorial_dag' retrieved from /home/airflow/.local/lib/python3.12/site-packages/airflow/example_dags/tutorial_dag.py
[2024-08-24T11:26:41.187+0000] {logging_mixin.py:190} INFO - [2024-08-24T11:26:41.187+0000] {dag.py:3211} INFO - Sync 1 DAGs
[2024-08-24T11:26:41.198+0000] {logging_mixin.py:190} INFO - [2024-08-24T11:26:41.198+0000] {dag.py:4138} INFO - Setting next_dagrun for tutorial_dag to None, run_after=None
[2024-08-24T11:26:41.208+0000] {processor.py:208} INFO - Processing /home/airflow/.local/lib/python3.12/site-packages/airflow/example_dags/tutorial_dag.py took 0.042 seconds
[2024-08-24T11:27:11.405+0000] {processor.py:186} INFO - Started process (PID=833) to work on /home/airflow/.local/lib/python3.12/site-packages/airflow/example_dags/tutorial_dag.py
[2024-08-24T11:27:11.406+0000] {processor.py:914} INFO - Processing file /home/airflow/.local/lib/python3.12/site-packages/airflow/example_dags/tutorial_dag.py for tasks to queue
[2024-08-24T11:27:11.407+0000] {logging_mixin.py:190} INFO - [2024-08-24T11:27:11.406+0000] {dagbag.py:587} INFO - Filling up the DagBag from /home/airflow/.local/lib/python3.12/site-packages/airflow/example_dags/tutorial_dag.py
[2024-08-24T11:27:11.410+0000] {processor.py:925} INFO - DAG(s) 'tutorial_dag' retrieved from /home/airflow/.local/lib/python3.12/site-packages/airflow/example_dags/tutorial_dag.py
[2024-08-24T11:27:11.421+0000] {logging_mixin.py:190} INFO - [2024-08-24T11:27:11.421+0000] {dag.py:3211} INFO - Sync 1 DAGs
[2024-08-24T11:27:11.428+0000] {logging_mixin.py:190} INFO - [2024-08-24T11:27:11.428+0000] {dag.py:4138} INFO - Setting next_dagrun for tutorial_dag to None, run_after=None
[2024-08-24T11:27:11.437+0000] {processor.py:208} INFO - Processing /home/airflow/.local/lib/python3.12/site-packages/airflow/example_dags/tutorial_dag.py took 0.035 seconds
[2024-08-24T11:27:41.785+0000] {processor.py:186} INFO - Started process (PID=895) to work on /home/airflow/.local/lib/python3.12/site-packages/airflow/example_dags/tutorial_dag.py
[2024-08-24T11:27:41.785+0000] {processor.py:914} INFO - Processing file /home/airflow/.local/lib/python3.12/site-packages/airflow/example_dags/tutorial_dag.py for tasks to queue
[2024-08-24T11:27:41.786+0000] {logging_mixin.py:190} INFO - [2024-08-24T11:27:41.786+0000] {dagbag.py:587} INFO - Filling up the DagBag from /home/airflow/.local/lib/python3.12/site-packages/airflow/example_dags/tutorial_dag.py
[2024-08-24T11:27:41.790+0000] {processor.py:925} INFO - DAG(s) 'tutorial_dag' retrieved from /home/airflow/.local/lib/python3.12/site-packages/airflow/example_dags/tutorial_dag.py
[2024-08-24T11:27:41.800+0000] {logging_mixin.py:190} INFO - [2024-08-24T11:27:41.800+0000] {dag.py:3211} INFO - Sync 1 DAGs
[2024-08-24T11:27:41.808+0000] {logging_mixin.py:190} INFO - [2024-08-24T11:27:41.807+0000] {dag.py:4138} INFO - Setting next_dagrun for tutorial_dag to None, run_after=None
[2024-08-24T11:27:41.818+0000] {processor.py:208} INFO - Processing /home/airflow/.local/lib/python3.12/site-packages/airflow/example_dags/tutorial_dag.py took 0.036 seconds
[2024-08-24T11:28:12.756+0000] {processor.py:186} INFO - Started process (PID=957) to work on /home/airflow/.local/lib/python3.12/site-packages/airflow/example_dags/tutorial_dag.py
[2024-08-24T11:28:12.756+0000] {processor.py:914} INFO - Processing file /home/airflow/.local/lib/python3.12/site-packages/airflow/example_dags/tutorial_dag.py for tasks to queue
[2024-08-24T11:28:12.757+0000] {logging_mixin.py:190} INFO - [2024-08-24T11:28:12.757+0000] {dagbag.py:587} INFO - Filling up the DagBag from /home/airflow/.local/lib/python3.12/site-packages/airflow/example_dags/tutorial_dag.py
[2024-08-24T11:28:12.762+0000] {processor.py:925} INFO - DAG(s) 'tutorial_dag' retrieved from /home/airflow/.local/lib/python3.12/site-packages/airflow/example_dags/tutorial_dag.py
[2024-08-24T11:28:12.777+0000] {logging_mixin.py:190} INFO - [2024-08-24T11:28:12.777+0000] {dag.py:3211} INFO - Sync 1 DAGs
[2024-08-24T11:28:12.785+0000] {logging_mixin.py:190} INFO - [2024-08-24T11:28:12.785+0000] {dag.py:4138} INFO - Setting next_dagrun for tutorial_dag to None, run_after=None
[2024-08-24T11:28:12.799+0000] {processor.py:208} INFO - Processing /home/airflow/.local/lib/python3.12/site-packages/airflow/example_dags/tutorial_dag.py took 0.046 seconds
[2024-08-24T11:28:43.734+0000] {processor.py:186} INFO - Started process (PID=1019) to work on /home/airflow/.local/lib/python3.12/site-packages/airflow/example_dags/tutorial_dag.py
[2024-08-24T11:28:43.734+0000] {processor.py:914} INFO - Processing file /home/airflow/.local/lib/python3.12/site-packages/airflow/example_dags/tutorial_dag.py for tasks to queue
[2024-08-24T11:28:43.735+0000] {logging_mixin.py:190} INFO - [2024-08-24T11:28:43.735+0000] {dagbag.py:587} INFO - Filling up the DagBag from /home/airflow/.local/lib/python3.12/site-packages/airflow/example_dags/tutorial_dag.py
[2024-08-24T11:28:43.739+0000] {processor.py:925} INFO - DAG(s) 'tutorial_dag' retrieved from /home/airflow/.local/lib/python3.12/site-packages/airflow/example_dags/tutorial_dag.py
[2024-08-24T11:28:43.754+0000] {logging_mixin.py:190} INFO - [2024-08-24T11:28:43.754+0000] {dag.py:3211} INFO - Sync 1 DAGs
[2024-08-24T11:28:43.765+0000] {logging_mixin.py:190} INFO - [2024-08-24T11:28:43.765+0000] {dag.py:4138} INFO - Setting next_dagrun for tutorial_dag to None, run_after=None
[2024-08-24T11:28:43.775+0000] {processor.py:208} INFO - Processing /home/airflow/.local/lib/python3.12/site-packages/airflow/example_dags/tutorial_dag.py took 0.044 seconds
[2024-08-24T11:29:14.926+0000] {processor.py:186} INFO - Started process (PID=1081) to work on /home/airflow/.local/lib/python3.12/site-packages/airflow/example_dags/tutorial_dag.py
[2024-08-24T11:29:14.926+0000] {processor.py:914} INFO - Processing file /home/airflow/.local/lib/python3.12/site-packages/airflow/example_dags/tutorial_dag.py for tasks to queue
[2024-08-24T11:29:14.927+0000] {logging_mixin.py:190} INFO - [2024-08-24T11:29:14.927+0000] {dagbag.py:587} INFO - Filling up the DagBag from /home/airflow/.local/lib/python3.12/site-packages/airflow/example_dags/tutorial_dag.py
[2024-08-24T11:29:14.931+0000] {processor.py:925} INFO - DAG(s) 'tutorial_dag' retrieved from /home/airflow/.local/lib/python3.12/site-packages/airflow/example_dags/tutorial_dag.py
[2024-08-24T11:29:14.944+0000] {logging_mixin.py:190} INFO - [2024-08-24T11:29:14.944+0000] {dag.py:3211} INFO - Sync 1 DAGs
[2024-08-24T11:29:14.953+0000] {logging_mixin.py:190} INFO - [2024-08-24T11:29:14.953+0000] {dag.py:4138} INFO - Setting next_dagrun for tutorial_dag to None, run_after=None
[2024-08-24T11:29:14.968+0000] {processor.py:208} INFO - Processing /home/airflow/.local/lib/python3.12/site-packages/airflow/example_dags/tutorial_dag.py took 0.046 seconds
[2024-08-24T11:29:45.082+0000] {processor.py:186} INFO - Started process (PID=1143) to work on /home/airflow/.local/lib/python3.12/site-packages/airflow/example_dags/tutorial_dag.py
[2024-08-24T11:29:45.082+0000] {processor.py:914} INFO - Processing file /home/airflow/.local/lib/python3.12/site-packages/airflow/example_dags/tutorial_dag.py for tasks to queue
[2024-08-24T11:29:45.083+0000] {logging_mixin.py:190} INFO - [2024-08-24T11:29:45.083+0000] {dagbag.py:587} INFO - Filling up the DagBag from /home/airflow/.local/lib/python3.12/site-packages/airflow/example_dags/tutorial_dag.py
[2024-08-24T11:29:45.087+0000] {processor.py:925} INFO - DAG(s) 'tutorial_dag' retrieved from /home/airflow/.local/lib/python3.12/site-packages/airflow/example_dags/tutorial_dag.py
[2024-08-24T11:29:45.097+0000] {logging_mixin.py:190} INFO - [2024-08-24T11:29:45.097+0000] {dag.py:3211} INFO - Sync 1 DAGs
[2024-08-24T11:29:45.105+0000] {logging_mixin.py:190} INFO - [2024-08-24T11:29:45.104+0000] {dag.py:4138} INFO - Setting next_dagrun for tutorial_dag to None, run_after=None
[2024-08-24T11:29:45.114+0000] {processor.py:208} INFO - Processing /home/airflow/.local/lib/python3.12/site-packages/airflow/example_dags/tutorial_dag.py took 0.035 seconds
[2024-08-24T11:30:16.071+0000] {processor.py:186} INFO - Started process (PID=1205) to work on /home/airflow/.local/lib/python3.12/site-packages/airflow/example_dags/tutorial_dag.py
[2024-08-24T11:30:16.071+0000] {processor.py:914} INFO - Processing file /home/airflow/.local/lib/python3.12/site-packages/airflow/example_dags/tutorial_dag.py for tasks to queue
[2024-08-24T11:30:16.072+0000] {logging_mixin.py:190} INFO - [2024-08-24T11:30:16.072+0000] {dagbag.py:587} INFO - Filling up the DagBag from /home/airflow/.local/lib/python3.12/site-packages/airflow/example_dags/tutorial_dag.py
[2024-08-24T11:30:16.076+0000] {processor.py:925} INFO - DAG(s) 'tutorial_dag' retrieved from /home/airflow/.local/lib/python3.12/site-packages/airflow/example_dags/tutorial_dag.py
[2024-08-24T11:30:16.088+0000] {logging_mixin.py:190} INFO - [2024-08-24T11:30:16.087+0000] {dag.py:3211} INFO - Sync 1 DAGs
[2024-08-24T11:30:16.096+0000] {logging_mixin.py:190} INFO - [2024-08-24T11:30:16.095+0000] {dag.py:4138} INFO - Setting next_dagrun for tutorial_dag to None, run_after=None
[2024-08-24T11:30:16.105+0000] {processor.py:208} INFO - Processing /home/airflow/.local/lib/python3.12/site-packages/airflow/example_dags/tutorial_dag.py took 0.038 seconds
[2024-08-24T11:30:47.136+0000] {processor.py:186} INFO - Started process (PID=1267) to work on /home/airflow/.local/lib/python3.12/site-packages/airflow/example_dags/tutorial_dag.py
[2024-08-24T11:30:47.136+0000] {processor.py:914} INFO - Processing file /home/airflow/.local/lib/python3.12/site-packages/airflow/example_dags/tutorial_dag.py for tasks to queue
[2024-08-24T11:30:47.138+0000] {logging_mixin.py:190} INFO - [2024-08-24T11:30:47.137+0000] {dagbag.py:587} INFO - Filling up the DagBag from /home/airflow/.local/lib/python3.12/site-packages/airflow/example_dags/tutorial_dag.py
[2024-08-24T11:30:47.141+0000] {processor.py:925} INFO - DAG(s) 'tutorial_dag' retrieved from /home/airflow/.local/lib/python3.12/site-packages/airflow/example_dags/tutorial_dag.py
[2024-08-24T11:30:47.156+0000] {logging_mixin.py:190} INFO - [2024-08-24T11:30:47.156+0000] {dag.py:3211} INFO - Sync 1 DAGs
[2024-08-24T11:30:47.167+0000] {logging_mixin.py:190} INFO - [2024-08-24T11:30:47.166+0000] {dag.py:4138} INFO - Setting next_dagrun for tutorial_dag to None, run_after=None
[2024-08-24T11:30:47.180+0000] {processor.py:208} INFO - Processing /home/airflow/.local/lib/python3.12/site-packages/airflow/example_dags/tutorial_dag.py took 0.047 seconds
[2024-08-24T11:31:18.167+0000] {processor.py:186} INFO - Started process (PID=1329) to work on /home/airflow/.local/lib/python3.12/site-packages/airflow/example_dags/tutorial_dag.py
[2024-08-24T11:31:18.167+0000] {processor.py:914} INFO - Processing file /home/airflow/.local/lib/python3.12/site-packages/airflow/example_dags/tutorial_dag.py for tasks to queue
[2024-08-24T11:31:18.168+0000] {logging_mixin.py:190} INFO - [2024-08-24T11:31:18.168+0000] {dagbag.py:587} INFO - Filling up the DagBag from /home/airflow/.local/lib/python3.12/site-packages/airflow/example_dags/tutorial_dag.py
[2024-08-24T11:31:18.172+0000] {processor.py:925} INFO - DAG(s) 'tutorial_dag' retrieved from /home/airflow/.local/lib/python3.12/site-packages/airflow/example_dags/tutorial_dag.py
[2024-08-24T11:31:18.184+0000] {logging_mixin.py:190} INFO - [2024-08-24T11:31:18.184+0000] {dag.py:3211} INFO - Sync 1 DAGs
[2024-08-24T11:31:18.193+0000] {logging_mixin.py:190} INFO - [2024-08-24T11:31:18.192+0000] {dag.py:4138} INFO - Setting next_dagrun for tutorial_dag to None, run_after=None
[2024-08-24T11:31:18.204+0000] {processor.py:208} INFO - Processing /home/airflow/.local/lib/python3.12/site-packages/airflow/example_dags/tutorial_dag.py took 0.040 seconds
[2024-08-24T11:31:49.240+0000] {processor.py:186} INFO - Started process (PID=1391) to work on /home/airflow/.local/lib/python3.12/site-packages/airflow/example_dags/tutorial_dag.py
[2024-08-24T11:31:49.241+0000] {processor.py:914} INFO - Processing file /home/airflow/.local/lib/python3.12/site-packages/airflow/example_dags/tutorial_dag.py for tasks to queue
[2024-08-24T11:31:49.242+0000] {logging_mixin.py:190} INFO - [2024-08-24T11:31:49.242+0000] {dagbag.py:587} INFO - Filling up the DagBag from /home/airflow/.local/lib/python3.12/site-packages/airflow/example_dags/tutorial_dag.py
[2024-08-24T11:31:49.246+0000] {processor.py:925} INFO - DAG(s) 'tutorial_dag' retrieved from /home/airflow/.local/lib/python3.12/site-packages/airflow/example_dags/tutorial_dag.py
[2024-08-24T11:31:49.258+0000] {logging_mixin.py:190} INFO - [2024-08-24T11:31:49.258+0000] {dag.py:3211} INFO - Sync 1 DAGs
[2024-08-24T11:31:49.269+0000] {logging_mixin.py:190} INFO - [2024-08-24T11:31:49.269+0000] {dag.py:4138} INFO - Setting next_dagrun for tutorial_dag to None, run_after=None
[2024-08-24T11:31:49.278+0000] {processor.py:208} INFO - Processing /home/airflow/.local/lib/python3.12/site-packages/airflow/example_dags/tutorial_dag.py took 0.041 seconds
[2024-08-24T11:32:19.360+0000] {processor.py:186} INFO - Started process (PID=1453) to work on /home/airflow/.local/lib/python3.12/site-packages/airflow/example_dags/tutorial_dag.py
[2024-08-24T11:32:19.361+0000] {processor.py:914} INFO - Processing file /home/airflow/.local/lib/python3.12/site-packages/airflow/example_dags/tutorial_dag.py for tasks to queue
[2024-08-24T11:32:19.362+0000] {logging_mixin.py:190} INFO - [2024-08-24T11:32:19.361+0000] {dagbag.py:587} INFO - Filling up the DagBag from /home/airflow/.local/lib/python3.12/site-packages/airflow/example_dags/tutorial_dag.py
[2024-08-24T11:32:19.365+0000] {processor.py:925} INFO - DAG(s) 'tutorial_dag' retrieved from /home/airflow/.local/lib/python3.12/site-packages/airflow/example_dags/tutorial_dag.py
[2024-08-24T11:32:19.377+0000] {logging_mixin.py:190} INFO - [2024-08-24T11:32:19.377+0000] {dag.py:3211} INFO - Sync 1 DAGs
[2024-08-24T11:32:19.384+0000] {logging_mixin.py:190} INFO - [2024-08-24T11:32:19.384+0000] {dag.py:4138} INFO - Setting next_dagrun for tutorial_dag to None, run_after=None
[2024-08-24T11:32:19.394+0000] {processor.py:208} INFO - Processing /home/airflow/.local/lib/python3.12/site-packages/airflow/example_dags/tutorial_dag.py took 0.038 seconds
[2024-08-24T11:32:49.648+0000] {processor.py:186} INFO - Started process (PID=1515) to work on /home/airflow/.local/lib/python3.12/site-packages/airflow/example_dags/tutorial_dag.py
[2024-08-24T11:32:49.649+0000] {processor.py:914} INFO - Processing file /home/airflow/.local/lib/python3.12/site-packages/airflow/example_dags/tutorial_dag.py for tasks to queue
[2024-08-24T11:32:49.650+0000] {logging_mixin.py:190} INFO - [2024-08-24T11:32:49.650+0000] {dagbag.py:587} INFO - Filling up the DagBag from /home/airflow/.local/lib/python3.12/site-packages/airflow/example_dags/tutorial_dag.py
[2024-08-24T11:32:49.654+0000] {processor.py:925} INFO - DAG(s) 'tutorial_dag' retrieved from /home/airflow/.local/lib/python3.12/site-packages/airflow/example_dags/tutorial_dag.py
[2024-08-24T11:32:49.666+0000] {logging_mixin.py:190} INFO - [2024-08-24T11:32:49.666+0000] {dag.py:3211} INFO - Sync 1 DAGs
[2024-08-24T11:32:49.673+0000] {logging_mixin.py:190} INFO - [2024-08-24T11:32:49.673+0000] {dag.py:4138} INFO - Setting next_dagrun for tutorial_dag to None, run_after=None
[2024-08-24T11:32:49.682+0000] {processor.py:208} INFO - Processing /home/airflow/.local/lib/python3.12/site-packages/airflow/example_dags/tutorial_dag.py took 0.037 seconds
[2024-08-24T11:33:19.871+0000] {processor.py:186} INFO - Started process (PID=1577) to work on /home/airflow/.local/lib/python3.12/site-packages/airflow/example_dags/tutorial_dag.py
[2024-08-24T11:33:19.871+0000] {processor.py:914} INFO - Processing file /home/airflow/.local/lib/python3.12/site-packages/airflow/example_dags/tutorial_dag.py for tasks to queue
[2024-08-24T11:33:19.873+0000] {logging_mixin.py:190} INFO - [2024-08-24T11:33:19.872+0000] {dagbag.py:587} INFO - Filling up the DagBag from /home/airflow/.local/lib/python3.12/site-packages/airflow/example_dags/tutorial_dag.py
[2024-08-24T11:33:19.877+0000] {processor.py:925} INFO - DAG(s) 'tutorial_dag' retrieved from /home/airflow/.local/lib/python3.12/site-packages/airflow/example_dags/tutorial_dag.py
[2024-08-24T11:33:19.889+0000] {logging_mixin.py:190} INFO - [2024-08-24T11:33:19.888+0000] {dag.py:3211} INFO - Sync 1 DAGs
[2024-08-24T11:33:19.900+0000] {logging_mixin.py:190} INFO - [2024-08-24T11:33:19.899+0000] {dag.py:4138} INFO - Setting next_dagrun for tutorial_dag to None, run_after=None
[2024-08-24T11:33:19.912+0000] {processor.py:208} INFO - Processing /home/airflow/.local/lib/python3.12/site-packages/airflow/example_dags/tutorial_dag.py took 0.043 seconds
[2024-08-24T11:33:50.151+0000] {processor.py:186} INFO - Started process (PID=1639) to work on /home/airflow/.local/lib/python3.12/site-packages/airflow/example_dags/tutorial_dag.py
[2024-08-24T11:33:50.151+0000] {processor.py:914} INFO - Processing file /home/airflow/.local/lib/python3.12/site-packages/airflow/example_dags/tutorial_dag.py for tasks to queue
[2024-08-24T11:33:50.152+0000] {logging_mixin.py:190} INFO - [2024-08-24T11:33:50.152+0000] {dagbag.py:587} INFO - Filling up the DagBag from /home/airflow/.local/lib/python3.12/site-packages/airflow/example_dags/tutorial_dag.py
[2024-08-24T11:33:50.156+0000] {processor.py:925} INFO - DAG(s) 'tutorial_dag' retrieved from /home/airflow/.local/lib/python3.12/site-packages/airflow/example_dags/tutorial_dag.py
[2024-08-24T11:33:50.167+0000] {logging_mixin.py:190} INFO - [2024-08-24T11:33:50.167+0000] {dag.py:3211} INFO - Sync 1 DAGs
[2024-08-24T11:33:50.175+0000] {logging_mixin.py:190} INFO - [2024-08-24T11:33:50.174+0000] {dag.py:4138} INFO - Setting next_dagrun for tutorial_dag to None, run_after=None
[2024-08-24T11:33:50.186+0000] {processor.py:208} INFO - Processing /home/airflow/.local/lib/python3.12/site-packages/airflow/example_dags/tutorial_dag.py took 0.038 seconds
[2024-08-24T11:34:20.318+0000] {processor.py:186} INFO - Started process (PID=1701) to work on /home/airflow/.local/lib/python3.12/site-packages/airflow/example_dags/tutorial_dag.py
[2024-08-24T11:34:20.319+0000] {processor.py:914} INFO - Processing file /home/airflow/.local/lib/python3.12/site-packages/airflow/example_dags/tutorial_dag.py for tasks to queue
[2024-08-24T11:34:20.320+0000] {logging_mixin.py:190} INFO - [2024-08-24T11:34:20.320+0000] {dagbag.py:587} INFO - Filling up the DagBag from /home/airflow/.local/lib/python3.12/site-packages/airflow/example_dags/tutorial_dag.py
[2024-08-24T11:34:20.324+0000] {processor.py:925} INFO - DAG(s) 'tutorial_dag' retrieved from /home/airflow/.local/lib/python3.12/site-packages/airflow/example_dags/tutorial_dag.py
[2024-08-24T11:34:20.338+0000] {logging_mixin.py:190} INFO - [2024-08-24T11:34:20.338+0000] {dag.py:3211} INFO - Sync 1 DAGs
[2024-08-24T11:34:20.347+0000] {logging_mixin.py:190} INFO - [2024-08-24T11:34:20.347+0000] {dag.py:4138} INFO - Setting next_dagrun for tutorial_dag to None, run_after=None
[2024-08-24T11:34:20.368+0000] {processor.py:208} INFO - Processing /home/airflow/.local/lib/python3.12/site-packages/airflow/example_dags/tutorial_dag.py took 0.053 seconds
[2024-08-24T11:34:50.487+0000] {processor.py:186} INFO - Started process (PID=1763) to work on /home/airflow/.local/lib/python3.12/site-packages/airflow/example_dags/tutorial_dag.py
[2024-08-24T11:34:50.488+0000] {processor.py:914} INFO - Processing file /home/airflow/.local/lib/python3.12/site-packages/airflow/example_dags/tutorial_dag.py for tasks to queue
[2024-08-24T11:34:50.489+0000] {logging_mixin.py:190} INFO - [2024-08-24T11:34:50.489+0000] {dagbag.py:587} INFO - Filling up the DagBag from /home/airflow/.local/lib/python3.12/site-packages/airflow/example_dags/tutorial_dag.py
[2024-08-24T11:34:50.494+0000] {processor.py:925} INFO - DAG(s) 'tutorial_dag' retrieved from /home/airflow/.local/lib/python3.12/site-packages/airflow/example_dags/tutorial_dag.py
[2024-08-24T11:34:50.507+0000] {logging_mixin.py:190} INFO - [2024-08-24T11:34:50.507+0000] {dag.py:3211} INFO - Sync 1 DAGs
[2024-08-24T11:34:50.515+0000] {logging_mixin.py:190} INFO - [2024-08-24T11:34:50.514+0000] {dag.py:4138} INFO - Setting next_dagrun for tutorial_dag to None, run_after=None
[2024-08-24T11:34:50.524+0000] {processor.py:208} INFO - Processing /home/airflow/.local/lib/python3.12/site-packages/airflow/example_dags/tutorial_dag.py took 0.041 seconds
[2024-08-24T11:35:20.847+0000] {processor.py:186} INFO - Started process (PID=1825) to work on /home/airflow/.local/lib/python3.12/site-packages/airflow/example_dags/tutorial_dag.py
[2024-08-24T11:35:20.848+0000] {processor.py:914} INFO - Processing file /home/airflow/.local/lib/python3.12/site-packages/airflow/example_dags/tutorial_dag.py for tasks to queue
[2024-08-24T11:35:20.850+0000] {logging_mixin.py:190} INFO - [2024-08-24T11:35:20.849+0000] {dagbag.py:587} INFO - Filling up the DagBag from /home/airflow/.local/lib/python3.12/site-packages/airflow/example_dags/tutorial_dag.py
[2024-08-24T11:35:20.854+0000] {processor.py:925} INFO - DAG(s) 'tutorial_dag' retrieved from /home/airflow/.local/lib/python3.12/site-packages/airflow/example_dags/tutorial_dag.py
[2024-08-24T11:35:20.868+0000] {logging_mixin.py:190} INFO - [2024-08-24T11:35:20.868+0000] {dag.py:3211} INFO - Sync 1 DAGs
[2024-08-24T11:35:20.877+0000] {logging_mixin.py:190} INFO - [2024-08-24T11:35:20.877+0000] {dag.py:4138} INFO - Setting next_dagrun for tutorial_dag to None, run_after=None
[2024-08-24T11:35:20.891+0000] {processor.py:208} INFO - Processing /home/airflow/.local/lib/python3.12/site-packages/airflow/example_dags/tutorial_dag.py took 0.048 seconds
[2024-08-24T11:35:51.129+0000] {processor.py:186} INFO - Started process (PID=1887) to work on /home/airflow/.local/lib/python3.12/site-packages/airflow/example_dags/tutorial_dag.py
[2024-08-24T11:35:51.130+0000] {processor.py:914} INFO - Processing file /home/airflow/.local/lib/python3.12/site-packages/airflow/example_dags/tutorial_dag.py for tasks to queue
[2024-08-24T11:35:51.131+0000] {logging_mixin.py:190} INFO - [2024-08-24T11:35:51.131+0000] {dagbag.py:587} INFO - Filling up the DagBag from /home/airflow/.local/lib/python3.12/site-packages/airflow/example_dags/tutorial_dag.py
[2024-08-24T11:35:51.135+0000] {processor.py:925} INFO - DAG(s) 'tutorial_dag' retrieved from /home/airflow/.local/lib/python3.12/site-packages/airflow/example_dags/tutorial_dag.py
[2024-08-24T11:35:51.150+0000] {logging_mixin.py:190} INFO - [2024-08-24T11:35:51.149+0000] {dag.py:3211} INFO - Sync 1 DAGs
[2024-08-24T11:35:51.159+0000] {logging_mixin.py:190} INFO - [2024-08-24T11:35:51.159+0000] {dag.py:4138} INFO - Setting next_dagrun for tutorial_dag to None, run_after=None
[2024-08-24T11:35:51.172+0000] {processor.py:208} INFO - Processing /home/airflow/.local/lib/python3.12/site-packages/airflow/example_dags/tutorial_dag.py took 0.046 seconds
[2024-08-24T11:36:21.645+0000] {processor.py:186} INFO - Started process (PID=1949) to work on /home/airflow/.local/lib/python3.12/site-packages/airflow/example_dags/tutorial_dag.py
[2024-08-24T11:36:21.645+0000] {processor.py:914} INFO - Processing file /home/airflow/.local/lib/python3.12/site-packages/airflow/example_dags/tutorial_dag.py for tasks to queue
[2024-08-24T11:36:21.646+0000] {logging_mixin.py:190} INFO - [2024-08-24T11:36:21.646+0000] {dagbag.py:587} INFO - Filling up the DagBag from /home/airflow/.local/lib/python3.12/site-packages/airflow/example_dags/tutorial_dag.py
[2024-08-24T11:36:21.650+0000] {processor.py:925} INFO - DAG(s) 'tutorial_dag' retrieved from /home/airflow/.local/lib/python3.12/site-packages/airflow/example_dags/tutorial_dag.py
[2024-08-24T11:36:21.661+0000] {logging_mixin.py:190} INFO - [2024-08-24T11:36:21.660+0000] {dag.py:3211} INFO - Sync 1 DAGs
[2024-08-24T11:36:21.668+0000] {logging_mixin.py:190} INFO - [2024-08-24T11:36:21.667+0000] {dag.py:4138} INFO - Setting next_dagrun for tutorial_dag to None, run_after=None
[2024-08-24T11:36:21.677+0000] {processor.py:208} INFO - Processing /home/airflow/.local/lib/python3.12/site-packages/airflow/example_dags/tutorial_dag.py took 0.035 seconds
[2024-08-24T11:36:51.702+0000] {processor.py:186} INFO - Started process (PID=2011) to work on /home/airflow/.local/lib/python3.12/site-packages/airflow/example_dags/tutorial_dag.py
[2024-08-24T11:36:51.702+0000] {processor.py:914} INFO - Processing file /home/airflow/.local/lib/python3.12/site-packages/airflow/example_dags/tutorial_dag.py for tasks to queue
[2024-08-24T11:36:51.704+0000] {logging_mixin.py:190} INFO - [2024-08-24T11:36:51.704+0000] {dagbag.py:587} INFO - Filling up the DagBag from /home/airflow/.local/lib/python3.12/site-packages/airflow/example_dags/tutorial_dag.py
[2024-08-24T11:36:51.708+0000] {processor.py:925} INFO - DAG(s) 'tutorial_dag' retrieved from /home/airflow/.local/lib/python3.12/site-packages/airflow/example_dags/tutorial_dag.py
[2024-08-24T11:36:51.718+0000] {logging_mixin.py:190} INFO - [2024-08-24T11:36:51.718+0000] {dag.py:3211} INFO - Sync 1 DAGs
[2024-08-24T11:36:51.725+0000] {logging_mixin.py:190} INFO - [2024-08-24T11:36:51.725+0000] {dag.py:4138} INFO - Setting next_dagrun for tutorial_dag to None, run_after=None
[2024-08-24T11:36:51.734+0000] {processor.py:208} INFO - Processing /home/airflow/.local/lib/python3.12/site-packages/airflow/example_dags/tutorial_dag.py took 0.037 seconds
[2024-08-24T11:37:22.115+0000] {processor.py:186} INFO - Started process (PID=2072) to work on /home/airflow/.local/lib/python3.12/site-packages/airflow/example_dags/tutorial_dag.py
[2024-08-24T11:37:22.116+0000] {processor.py:914} INFO - Processing file /home/airflow/.local/lib/python3.12/site-packages/airflow/example_dags/tutorial_dag.py for tasks to queue
[2024-08-24T11:37:22.117+0000] {logging_mixin.py:190} INFO - [2024-08-24T11:37:22.117+0000] {dagbag.py:587} INFO - Filling up the DagBag from /home/airflow/.local/lib/python3.12/site-packages/airflow/example_dags/tutorial_dag.py
[2024-08-24T11:37:22.121+0000] {processor.py:925} INFO - DAG(s) 'tutorial_dag' retrieved from /home/airflow/.local/lib/python3.12/site-packages/airflow/example_dags/tutorial_dag.py
[2024-08-24T11:37:22.133+0000] {logging_mixin.py:190} INFO - [2024-08-24T11:37:22.132+0000] {dag.py:3211} INFO - Sync 1 DAGs
[2024-08-24T11:37:22.140+0000] {logging_mixin.py:190} INFO - [2024-08-24T11:37:22.140+0000] {dag.py:4138} INFO - Setting next_dagrun for tutorial_dag to None, run_after=None
[2024-08-24T11:37:22.149+0000] {processor.py:208} INFO - Processing /home/airflow/.local/lib/python3.12/site-packages/airflow/example_dags/tutorial_dag.py took 0.038 seconds
[2024-08-24T11:37:52.692+0000] {processor.py:186} INFO - Started process (PID=2136) to work on /home/airflow/.local/lib/python3.12/site-packages/airflow/example_dags/tutorial_dag.py
[2024-08-24T11:37:52.692+0000] {processor.py:914} INFO - Processing file /home/airflow/.local/lib/python3.12/site-packages/airflow/example_dags/tutorial_dag.py for tasks to queue
[2024-08-24T11:37:52.693+0000] {logging_mixin.py:190} INFO - [2024-08-24T11:37:52.693+0000] {dagbag.py:587} INFO - Filling up the DagBag from /home/airflow/.local/lib/python3.12/site-packages/airflow/example_dags/tutorial_dag.py
[2024-08-24T11:37:52.697+0000] {processor.py:925} INFO - DAG(s) 'tutorial_dag' retrieved from /home/airflow/.local/lib/python3.12/site-packages/airflow/example_dags/tutorial_dag.py
[2024-08-24T11:37:52.709+0000] {logging_mixin.py:190} INFO - [2024-08-24T11:37:52.709+0000] {dag.py:3211} INFO - Sync 1 DAGs
[2024-08-24T11:37:52.717+0000] {logging_mixin.py:190} INFO - [2024-08-24T11:37:52.717+0000] {dag.py:4138} INFO - Setting next_dagrun for tutorial_dag to None, run_after=None
[2024-08-24T11:37:52.726+0000] {processor.py:208} INFO - Processing /home/airflow/.local/lib/python3.12/site-packages/airflow/example_dags/tutorial_dag.py took 0.038 seconds
[2024-08-24T11:38:23.224+0000] {processor.py:186} INFO - Started process (PID=2198) to work on /home/airflow/.local/lib/python3.12/site-packages/airflow/example_dags/tutorial_dag.py
[2024-08-24T11:38:23.225+0000] {processor.py:914} INFO - Processing file /home/airflow/.local/lib/python3.12/site-packages/airflow/example_dags/tutorial_dag.py for tasks to queue
[2024-08-24T11:38:23.226+0000] {logging_mixin.py:190} INFO - [2024-08-24T11:38:23.226+0000] {dagbag.py:587} INFO - Filling up the DagBag from /home/airflow/.local/lib/python3.12/site-packages/airflow/example_dags/tutorial_dag.py
[2024-08-24T11:38:23.230+0000] {processor.py:925} INFO - DAG(s) 'tutorial_dag' retrieved from /home/airflow/.local/lib/python3.12/site-packages/airflow/example_dags/tutorial_dag.py
[2024-08-24T11:38:23.239+0000] {logging_mixin.py:190} INFO - [2024-08-24T11:38:23.239+0000] {dag.py:3211} INFO - Sync 1 DAGs
[2024-08-24T11:38:23.247+0000] {logging_mixin.py:190} INFO - [2024-08-24T11:38:23.246+0000] {dag.py:4138} INFO - Setting next_dagrun for tutorial_dag to None, run_after=None
[2024-08-24T11:38:23.255+0000] {processor.py:208} INFO - Processing /home/airflow/.local/lib/python3.12/site-packages/airflow/example_dags/tutorial_dag.py took 0.034 seconds
[2024-08-24T11:38:53.718+0000] {processor.py:186} INFO - Started process (PID=2259) to work on /home/airflow/.local/lib/python3.12/site-packages/airflow/example_dags/tutorial_dag.py
[2024-08-24T11:38:53.719+0000] {processor.py:914} INFO - Processing file /home/airflow/.local/lib/python3.12/site-packages/airflow/example_dags/tutorial_dag.py for tasks to queue
[2024-08-24T11:38:53.720+0000] {logging_mixin.py:190} INFO - [2024-08-24T11:38:53.720+0000] {dagbag.py:587} INFO - Filling up the DagBag from /home/airflow/.local/lib/python3.12/site-packages/airflow/example_dags/tutorial_dag.py
[2024-08-24T11:38:53.724+0000] {processor.py:925} INFO - DAG(s) 'tutorial_dag' retrieved from /home/airflow/.local/lib/python3.12/site-packages/airflow/example_dags/tutorial_dag.py
[2024-08-24T11:38:53.734+0000] {logging_mixin.py:190} INFO - [2024-08-24T11:38:53.734+0000] {dag.py:3211} INFO - Sync 1 DAGs
[2024-08-24T11:38:53.742+0000] {logging_mixin.py:190} INFO - [2024-08-24T11:38:53.742+0000] {dag.py:4138} INFO - Setting next_dagrun for tutorial_dag to None, run_after=None
[2024-08-24T11:38:53.751+0000] {processor.py:208} INFO - Processing /home/airflow/.local/lib/python3.12/site-packages/airflow/example_dags/tutorial_dag.py took 0.036 seconds
[2024-08-24T11:39:24.283+0000] {processor.py:186} INFO - Started process (PID=2321) to work on /home/airflow/.local/lib/python3.12/site-packages/airflow/example_dags/tutorial_dag.py
[2024-08-24T11:39:24.284+0000] {processor.py:914} INFO - Processing file /home/airflow/.local/lib/python3.12/site-packages/airflow/example_dags/tutorial_dag.py for tasks to queue
[2024-08-24T11:39:24.285+0000] {logging_mixin.py:190} INFO - [2024-08-24T11:39:24.285+0000] {dagbag.py:587} INFO - Filling up the DagBag from /home/airflow/.local/lib/python3.12/site-packages/airflow/example_dags/tutorial_dag.py
[2024-08-24T11:39:24.289+0000] {processor.py:925} INFO - DAG(s) 'tutorial_dag' retrieved from /home/airflow/.local/lib/python3.12/site-packages/airflow/example_dags/tutorial_dag.py
[2024-08-24T11:39:24.299+0000] {logging_mixin.py:190} INFO - [2024-08-24T11:39:24.299+0000] {dag.py:3211} INFO - Sync 1 DAGs
[2024-08-24T11:39:24.306+0000] {logging_mixin.py:190} INFO - [2024-08-24T11:39:24.306+0000] {dag.py:4138} INFO - Setting next_dagrun for tutorial_dag to None, run_after=None
[2024-08-24T11:39:24.315+0000] {processor.py:208} INFO - Processing /home/airflow/.local/lib/python3.12/site-packages/airflow/example_dags/tutorial_dag.py took 0.035 seconds
[2024-08-24T11:39:54.809+0000] {processor.py:186} INFO - Started process (PID=2382) to work on /home/airflow/.local/lib/python3.12/site-packages/airflow/example_dags/tutorial_dag.py
[2024-08-24T11:39:54.809+0000] {processor.py:914} INFO - Processing file /home/airflow/.local/lib/python3.12/site-packages/airflow/example_dags/tutorial_dag.py for tasks to queue
[2024-08-24T11:39:54.811+0000] {logging_mixin.py:190} INFO - [2024-08-24T11:39:54.811+0000] {dagbag.py:587} INFO - Filling up the DagBag from /home/airflow/.local/lib/python3.12/site-packages/airflow/example_dags/tutorial_dag.py
[2024-08-24T11:39:54.815+0000] {processor.py:925} INFO - DAG(s) 'tutorial_dag' retrieved from /home/airflow/.local/lib/python3.12/site-packages/airflow/example_dags/tutorial_dag.py
[2024-08-24T11:39:54.829+0000] {logging_mixin.py:190} INFO - [2024-08-24T11:39:54.829+0000] {dag.py:3211} INFO - Sync 1 DAGs
[2024-08-24T11:39:54.838+0000] {logging_mixin.py:190} INFO - [2024-08-24T11:39:54.838+0000] {dag.py:4138} INFO - Setting next_dagrun for tutorial_dag to None, run_after=None
[2024-08-24T11:39:54.851+0000] {processor.py:208} INFO - Processing /home/airflow/.local/lib/python3.12/site-packages/airflow/example_dags/tutorial_dag.py took 0.047 seconds
[2024-08-24T11:40:25.372+0000] {processor.py:186} INFO - Started process (PID=2445) to work on /home/airflow/.local/lib/python3.12/site-packages/airflow/example_dags/tutorial_dag.py
[2024-08-24T11:40:25.372+0000] {processor.py:914} INFO - Processing file /home/airflow/.local/lib/python3.12/site-packages/airflow/example_dags/tutorial_dag.py for tasks to queue
[2024-08-24T11:40:25.373+0000] {logging_mixin.py:190} INFO - [2024-08-24T11:40:25.373+0000] {dagbag.py:587} INFO - Filling up the DagBag from /home/airflow/.local/lib/python3.12/site-packages/airflow/example_dags/tutorial_dag.py
[2024-08-24T11:40:25.377+0000] {processor.py:925} INFO - DAG(s) 'tutorial_dag' retrieved from /home/airflow/.local/lib/python3.12/site-packages/airflow/example_dags/tutorial_dag.py
[2024-08-24T11:40:25.389+0000] {logging_mixin.py:190} INFO - [2024-08-24T11:40:25.389+0000] {dag.py:3211} INFO - Sync 1 DAGs
[2024-08-24T11:40:25.396+0000] {logging_mixin.py:190} INFO - [2024-08-24T11:40:25.396+0000] {dag.py:4138} INFO - Setting next_dagrun for tutorial_dag to None, run_after=None
[2024-08-24T11:40:25.405+0000] {processor.py:208} INFO - Processing /home/airflow/.local/lib/python3.12/site-packages/airflow/example_dags/tutorial_dag.py took 0.037 seconds
[2024-08-24T11:40:56.049+0000] {processor.py:186} INFO - Started process (PID=2506) to work on /home/airflow/.local/lib/python3.12/site-packages/airflow/example_dags/tutorial_dag.py
[2024-08-24T11:40:56.050+0000] {processor.py:914} INFO - Processing file /home/airflow/.local/lib/python3.12/site-packages/airflow/example_dags/tutorial_dag.py for tasks to queue
[2024-08-24T11:40:56.051+0000] {logging_mixin.py:190} INFO - [2024-08-24T11:40:56.050+0000] {dagbag.py:587} INFO - Filling up the DagBag from /home/airflow/.local/lib/python3.12/site-packages/airflow/example_dags/tutorial_dag.py
[2024-08-24T11:40:56.054+0000] {processor.py:925} INFO - DAG(s) 'tutorial_dag' retrieved from /home/airflow/.local/lib/python3.12/site-packages/airflow/example_dags/tutorial_dag.py
[2024-08-24T11:40:56.064+0000] {logging_mixin.py:190} INFO - [2024-08-24T11:40:56.064+0000] {dag.py:3211} INFO - Sync 1 DAGs
[2024-08-24T11:40:56.071+0000] {logging_mixin.py:190} INFO - [2024-08-24T11:40:56.071+0000] {dag.py:4138} INFO - Setting next_dagrun for tutorial_dag to None, run_after=None
[2024-08-24T11:40:56.080+0000] {processor.py:208} INFO - Processing /home/airflow/.local/lib/python3.12/site-packages/airflow/example_dags/tutorial_dag.py took 0.035 seconds
[2024-08-24T11:41:26.483+0000] {processor.py:186} INFO - Started process (PID=2568) to work on /home/airflow/.local/lib/python3.12/site-packages/airflow/example_dags/tutorial_dag.py
[2024-08-24T11:41:26.483+0000] {processor.py:914} INFO - Processing file /home/airflow/.local/lib/python3.12/site-packages/airflow/example_dags/tutorial_dag.py for tasks to queue
[2024-08-24T11:41:26.484+0000] {logging_mixin.py:190} INFO - [2024-08-24T11:41:26.484+0000] {dagbag.py:587} INFO - Filling up the DagBag from /home/airflow/.local/lib/python3.12/site-packages/airflow/example_dags/tutorial_dag.py
[2024-08-24T11:41:26.487+0000] {processor.py:925} INFO - DAG(s) 'tutorial_dag' retrieved from /home/airflow/.local/lib/python3.12/site-packages/airflow/example_dags/tutorial_dag.py
[2024-08-24T11:41:26.498+0000] {logging_mixin.py:190} INFO - [2024-08-24T11:41:26.498+0000] {dag.py:3211} INFO - Sync 1 DAGs
[2024-08-24T11:41:26.505+0000] {logging_mixin.py:190} INFO - [2024-08-24T11:41:26.505+0000] {dag.py:4138} INFO - Setting next_dagrun for tutorial_dag to None, run_after=None
[2024-08-24T11:41:26.514+0000] {processor.py:208} INFO - Processing /home/airflow/.local/lib/python3.12/site-packages/airflow/example_dags/tutorial_dag.py took 0.036 seconds
[2024-08-24T11:41:57.078+0000] {processor.py:186} INFO - Started process (PID=2630) to work on /home/airflow/.local/lib/python3.12/site-packages/airflow/example_dags/tutorial_dag.py
[2024-08-24T11:41:57.079+0000] {processor.py:914} INFO - Processing file /home/airflow/.local/lib/python3.12/site-packages/airflow/example_dags/tutorial_dag.py for tasks to queue
[2024-08-24T11:41:57.080+0000] {logging_mixin.py:190} INFO - [2024-08-24T11:41:57.080+0000] {dagbag.py:587} INFO - Filling up the DagBag from /home/airflow/.local/lib/python3.12/site-packages/airflow/example_dags/tutorial_dag.py
[2024-08-24T11:41:57.084+0000] {processor.py:925} INFO - DAG(s) 'tutorial_dag' retrieved from /home/airflow/.local/lib/python3.12/site-packages/airflow/example_dags/tutorial_dag.py
[2024-08-24T11:41:57.098+0000] {logging_mixin.py:190} INFO - [2024-08-24T11:41:57.098+0000] {dag.py:3211} INFO - Sync 1 DAGs
[2024-08-24T11:41:57.107+0000] {logging_mixin.py:190} INFO - [2024-08-24T11:41:57.107+0000] {dag.py:4138} INFO - Setting next_dagrun for tutorial_dag to None, run_after=None
[2024-08-24T11:41:57.120+0000] {processor.py:208} INFO - Processing /home/airflow/.local/lib/python3.12/site-packages/airflow/example_dags/tutorial_dag.py took 0.045 seconds
[2024-08-24T11:42:27.439+0000] {processor.py:186} INFO - Started process (PID=2692) to work on /home/airflow/.local/lib/python3.12/site-packages/airflow/example_dags/tutorial_dag.py
[2024-08-24T11:42:27.440+0000] {processor.py:914} INFO - Processing file /home/airflow/.local/lib/python3.12/site-packages/airflow/example_dags/tutorial_dag.py for tasks to queue
[2024-08-24T11:42:27.441+0000] {logging_mixin.py:190} INFO - [2024-08-24T11:42:27.441+0000] {dagbag.py:587} INFO - Filling up the DagBag from /home/airflow/.local/lib/python3.12/site-packages/airflow/example_dags/tutorial_dag.py
[2024-08-24T11:42:27.445+0000] {processor.py:925} INFO - DAG(s) 'tutorial_dag' retrieved from /home/airflow/.local/lib/python3.12/site-packages/airflow/example_dags/tutorial_dag.py
[2024-08-24T11:42:27.456+0000] {logging_mixin.py:190} INFO - [2024-08-24T11:42:27.456+0000] {dag.py:3211} INFO - Sync 1 DAGs
[2024-08-24T11:42:27.464+0000] {logging_mixin.py:190} INFO - [2024-08-24T11:42:27.464+0000] {dag.py:4138} INFO - Setting next_dagrun for tutorial_dag to None, run_after=None
[2024-08-24T11:42:27.473+0000] {processor.py:208} INFO - Processing /home/airflow/.local/lib/python3.12/site-packages/airflow/example_dags/tutorial_dag.py took 0.037 seconds
[2024-08-24T11:42:57.980+0000] {processor.py:186} INFO - Started process (PID=2755) to work on /home/airflow/.local/lib/python3.12/site-packages/airflow/example_dags/tutorial_dag.py
[2024-08-24T11:42:57.981+0000] {processor.py:914} INFO - Processing file /home/airflow/.local/lib/python3.12/site-packages/airflow/example_dags/tutorial_dag.py for tasks to queue
[2024-08-24T11:42:57.982+0000] {logging_mixin.py:190} INFO - [2024-08-24T11:42:57.982+0000] {dagbag.py:587} INFO - Filling up the DagBag from /home/airflow/.local/lib/python3.12/site-packages/airflow/example_dags/tutorial_dag.py
[2024-08-24T11:42:57.988+0000] {processor.py:925} INFO - DAG(s) 'tutorial_dag' retrieved from /home/airflow/.local/lib/python3.12/site-packages/airflow/example_dags/tutorial_dag.py
[2024-08-24T11:42:58.003+0000] {logging_mixin.py:190} INFO - [2024-08-24T11:42:58.003+0000] {dag.py:3211} INFO - Sync 1 DAGs
[2024-08-24T11:42:58.013+0000] {logging_mixin.py:190} INFO - [2024-08-24T11:42:58.013+0000] {dag.py:4138} INFO - Setting next_dagrun for tutorial_dag to None, run_after=None
[2024-08-24T11:42:58.024+0000] {processor.py:208} INFO - Processing /home/airflow/.local/lib/python3.12/site-packages/airflow/example_dags/tutorial_dag.py took 0.049 seconds
[2024-08-24T11:43:28.452+0000] {processor.py:186} INFO - Started process (PID=2817) to work on /home/airflow/.local/lib/python3.12/site-packages/airflow/example_dags/tutorial_dag.py
[2024-08-24T11:43:28.452+0000] {processor.py:914} INFO - Processing file /home/airflow/.local/lib/python3.12/site-packages/airflow/example_dags/tutorial_dag.py for tasks to queue
[2024-08-24T11:43:28.454+0000] {logging_mixin.py:190} INFO - [2024-08-24T11:43:28.453+0000] {dagbag.py:587} INFO - Filling up the DagBag from /home/airflow/.local/lib/python3.12/site-packages/airflow/example_dags/tutorial_dag.py
[2024-08-24T11:43:28.457+0000] {processor.py:925} INFO - DAG(s) 'tutorial_dag' retrieved from /home/airflow/.local/lib/python3.12/site-packages/airflow/example_dags/tutorial_dag.py
[2024-08-24T11:43:28.467+0000] {logging_mixin.py:190} INFO - [2024-08-24T11:43:28.467+0000] {dag.py:3211} INFO - Sync 1 DAGs
[2024-08-24T11:43:28.475+0000] {logging_mixin.py:190} INFO - [2024-08-24T11:43:28.475+0000] {dag.py:4138} INFO - Setting next_dagrun for tutorial_dag to None, run_after=None
[2024-08-24T11:43:28.484+0000] {processor.py:208} INFO - Processing /home/airflow/.local/lib/python3.12/site-packages/airflow/example_dags/tutorial_dag.py took 0.035 seconds
[2024-08-24T11:43:59.038+0000] {processor.py:186} INFO - Started process (PID=2879) to work on /home/airflow/.local/lib/python3.12/site-packages/airflow/example_dags/tutorial_dag.py
[2024-08-24T11:43:59.038+0000] {processor.py:914} INFO - Processing file /home/airflow/.local/lib/python3.12/site-packages/airflow/example_dags/tutorial_dag.py for tasks to queue
[2024-08-24T11:43:59.039+0000] {logging_mixin.py:190} INFO - [2024-08-24T11:43:59.039+0000] {dagbag.py:587} INFO - Filling up the DagBag from /home/airflow/.local/lib/python3.12/site-packages/airflow/example_dags/tutorial_dag.py
[2024-08-24T11:43:59.043+0000] {processor.py:925} INFO - DAG(s) 'tutorial_dag' retrieved from /home/airflow/.local/lib/python3.12/site-packages/airflow/example_dags/tutorial_dag.py
[2024-08-24T11:43:59.056+0000] {logging_mixin.py:190} INFO - [2024-08-24T11:43:59.056+0000] {dag.py:3211} INFO - Sync 1 DAGs
[2024-08-24T11:43:59.067+0000] {logging_mixin.py:190} INFO - [2024-08-24T11:43:59.067+0000] {dag.py:4138} INFO - Setting next_dagrun for tutorial_dag to None, run_after=None
[2024-08-24T11:43:59.080+0000] {processor.py:208} INFO - Processing /home/airflow/.local/lib/python3.12/site-packages/airflow/example_dags/tutorial_dag.py took 0.046 seconds
[2024-08-24T11:44:29.380+0000] {processor.py:186} INFO - Started process (PID=2941) to work on /home/airflow/.local/lib/python3.12/site-packages/airflow/example_dags/tutorial_dag.py
[2024-08-24T11:44:29.380+0000] {processor.py:914} INFO - Processing file /home/airflow/.local/lib/python3.12/site-packages/airflow/example_dags/tutorial_dag.py for tasks to queue
[2024-08-24T11:44:29.382+0000] {logging_mixin.py:190} INFO - [2024-08-24T11:44:29.382+0000] {dagbag.py:587} INFO - Filling up the DagBag from /home/airflow/.local/lib/python3.12/site-packages/airflow/example_dags/tutorial_dag.py
[2024-08-24T11:44:29.386+0000] {processor.py:925} INFO - DAG(s) 'tutorial_dag' retrieved from /home/airflow/.local/lib/python3.12/site-packages/airflow/example_dags/tutorial_dag.py
[2024-08-24T11:44:29.400+0000] {logging_mixin.py:190} INFO - [2024-08-24T11:44:29.400+0000] {dag.py:3211} INFO - Sync 1 DAGs
[2024-08-24T11:44:29.411+0000] {logging_mixin.py:190} INFO - [2024-08-24T11:44:29.411+0000] {dag.py:4138} INFO - Setting next_dagrun for tutorial_dag to None, run_after=None
[2024-08-24T11:44:29.422+0000] {processor.py:208} INFO - Processing /home/airflow/.local/lib/python3.12/site-packages/airflow/example_dags/tutorial_dag.py took 0.046 seconds
[2024-08-24T11:44:59.972+0000] {processor.py:186} INFO - Started process (PID=3003) to work on /home/airflow/.local/lib/python3.12/site-packages/airflow/example_dags/tutorial_dag.py
[2024-08-24T11:44:59.972+0000] {processor.py:914} INFO - Processing file /home/airflow/.local/lib/python3.12/site-packages/airflow/example_dags/tutorial_dag.py for tasks to queue
[2024-08-24T11:44:59.973+0000] {logging_mixin.py:190} INFO - [2024-08-24T11:44:59.973+0000] {dagbag.py:587} INFO - Filling up the DagBag from /home/airflow/.local/lib/python3.12/site-packages/airflow/example_dags/tutorial_dag.py
[2024-08-24T11:44:59.977+0000] {processor.py:925} INFO - DAG(s) 'tutorial_dag' retrieved from /home/airflow/.local/lib/python3.12/site-packages/airflow/example_dags/tutorial_dag.py
[2024-08-24T11:44:59.991+0000] {logging_mixin.py:190} INFO - [2024-08-24T11:44:59.991+0000] {dag.py:3211} INFO - Sync 1 DAGs
[2024-08-24T11:45:00.001+0000] {logging_mixin.py:190} INFO - [2024-08-24T11:45:00.001+0000] {dag.py:4138} INFO - Setting next_dagrun for tutorial_dag to None, run_after=None
[2024-08-24T11:45:00.016+0000] {processor.py:208} INFO - Processing /home/airflow/.local/lib/python3.12/site-packages/airflow/example_dags/tutorial_dag.py took 0.047 seconds
[2024-08-24T11:45:30.245+0000] {processor.py:186} INFO - Started process (PID=3066) to work on /home/airflow/.local/lib/python3.12/site-packages/airflow/example_dags/tutorial_dag.py
[2024-08-24T11:45:30.246+0000] {processor.py:914} INFO - Processing file /home/airflow/.local/lib/python3.12/site-packages/airflow/example_dags/tutorial_dag.py for tasks to queue
[2024-08-24T11:45:30.247+0000] {logging_mixin.py:190} INFO - [2024-08-24T11:45:30.247+0000] {dagbag.py:587} INFO - Filling up the DagBag from /home/airflow/.local/lib/python3.12/site-packages/airflow/example_dags/tutorial_dag.py
[2024-08-24T11:45:30.253+0000] {processor.py:925} INFO - DAG(s) 'tutorial_dag' retrieved from /home/airflow/.local/lib/python3.12/site-packages/airflow/example_dags/tutorial_dag.py
[2024-08-24T11:45:30.268+0000] {logging_mixin.py:190} INFO - [2024-08-24T11:45:30.268+0000] {dag.py:3211} INFO - Sync 1 DAGs
[2024-08-24T11:45:30.280+0000] {logging_mixin.py:190} INFO - [2024-08-24T11:45:30.280+0000] {dag.py:4138} INFO - Setting next_dagrun for tutorial_dag to None, run_after=None
[2024-08-24T11:45:30.294+0000] {processor.py:208} INFO - Processing /home/airflow/.local/lib/python3.12/site-packages/airflow/example_dags/tutorial_dag.py took 0.053 seconds
[2024-08-24T11:46:01.483+0000] {processor.py:186} INFO - Started process (PID=3129) to work on /home/airflow/.local/lib/python3.12/site-packages/airflow/example_dags/tutorial_dag.py
[2024-08-24T11:46:01.484+0000] {processor.py:914} INFO - Processing file /home/airflow/.local/lib/python3.12/site-packages/airflow/example_dags/tutorial_dag.py for tasks to queue
[2024-08-24T11:46:01.486+0000] {logging_mixin.py:190} INFO - [2024-08-24T11:46:01.485+0000] {dagbag.py:587} INFO - Filling up the DagBag from /home/airflow/.local/lib/python3.12/site-packages/airflow/example_dags/tutorial_dag.py
[2024-08-24T11:46:01.492+0000] {processor.py:925} INFO - DAG(s) 'tutorial_dag' retrieved from /home/airflow/.local/lib/python3.12/site-packages/airflow/example_dags/tutorial_dag.py
[2024-08-24T11:46:01.505+0000] {logging_mixin.py:190} INFO - [2024-08-24T11:46:01.505+0000] {dag.py:3211} INFO - Sync 1 DAGs
[2024-08-24T11:46:01.513+0000] {logging_mixin.py:190} INFO - [2024-08-24T11:46:01.513+0000] {dag.py:4138} INFO - Setting next_dagrun for tutorial_dag to None, run_after=None
[2024-08-24T11:46:01.526+0000] {processor.py:208} INFO - Processing /home/airflow/.local/lib/python3.12/site-packages/airflow/example_dags/tutorial_dag.py took 0.048 seconds
[2024-08-24T11:46:32.512+0000] {processor.py:186} INFO - Started process (PID=3191) to work on /home/airflow/.local/lib/python3.12/site-packages/airflow/example_dags/tutorial_dag.py
[2024-08-24T11:46:32.513+0000] {processor.py:914} INFO - Processing file /home/airflow/.local/lib/python3.12/site-packages/airflow/example_dags/tutorial_dag.py for tasks to queue
[2024-08-24T11:46:32.514+0000] {logging_mixin.py:190} INFO - [2024-08-24T11:46:32.514+0000] {dagbag.py:587} INFO - Filling up the DagBag from /home/airflow/.local/lib/python3.12/site-packages/airflow/example_dags/tutorial_dag.py
[2024-08-24T11:46:32.518+0000] {processor.py:925} INFO - DAG(s) 'tutorial_dag' retrieved from /home/airflow/.local/lib/python3.12/site-packages/airflow/example_dags/tutorial_dag.py
[2024-08-24T11:46:32.531+0000] {logging_mixin.py:190} INFO - [2024-08-24T11:46:32.531+0000] {dag.py:3211} INFO - Sync 1 DAGs
[2024-08-24T11:46:32.542+0000] {logging_mixin.py:190} INFO - [2024-08-24T11:46:32.542+0000] {dag.py:4138} INFO - Setting next_dagrun for tutorial_dag to None, run_after=None
[2024-08-24T11:46:32.556+0000] {processor.py:208} INFO - Processing /home/airflow/.local/lib/python3.12/site-packages/airflow/example_dags/tutorial_dag.py took 0.046 seconds
[2024-08-24T11:47:03.070+0000] {processor.py:186} INFO - Started process (PID=3253) to work on /home/airflow/.local/lib/python3.12/site-packages/airflow/example_dags/tutorial_dag.py
[2024-08-24T11:47:03.070+0000] {processor.py:914} INFO - Processing file /home/airflow/.local/lib/python3.12/site-packages/airflow/example_dags/tutorial_dag.py for tasks to queue
[2024-08-24T11:47:03.071+0000] {logging_mixin.py:190} INFO - [2024-08-24T11:47:03.071+0000] {dagbag.py:587} INFO - Filling up the DagBag from /home/airflow/.local/lib/python3.12/site-packages/airflow/example_dags/tutorial_dag.py
[2024-08-24T11:47:03.077+0000] {processor.py:925} INFO - DAG(s) 'tutorial_dag' retrieved from /home/airflow/.local/lib/python3.12/site-packages/airflow/example_dags/tutorial_dag.py
[2024-08-24T11:47:03.093+0000] {logging_mixin.py:190} INFO - [2024-08-24T11:47:03.093+0000] {dag.py:3211} INFO - Sync 1 DAGs
[2024-08-24T11:47:03.200+0000] {logging_mixin.py:190} INFO - [2024-08-24T11:47:03.200+0000] {dag.py:4138} INFO - Setting next_dagrun for tutorial_dag to None, run_after=None
[2024-08-24T11:47:03.211+0000] {processor.py:208} INFO - Processing /home/airflow/.local/lib/python3.12/site-packages/airflow/example_dags/tutorial_dag.py took 0.146 seconds
[2024-08-24T11:47:33.271+0000] {processor.py:186} INFO - Started process (PID=3315) to work on /home/airflow/.local/lib/python3.12/site-packages/airflow/example_dags/tutorial_dag.py
[2024-08-24T11:47:33.271+0000] {processor.py:914} INFO - Processing file /home/airflow/.local/lib/python3.12/site-packages/airflow/example_dags/tutorial_dag.py for tasks to queue
[2024-08-24T11:47:33.273+0000] {logging_mixin.py:190} INFO - [2024-08-24T11:47:33.272+0000] {dagbag.py:587} INFO - Filling up the DagBag from /home/airflow/.local/lib/python3.12/site-packages/airflow/example_dags/tutorial_dag.py
[2024-08-24T11:47:33.278+0000] {processor.py:925} INFO - DAG(s) 'tutorial_dag' retrieved from /home/airflow/.local/lib/python3.12/site-packages/airflow/example_dags/tutorial_dag.py
[2024-08-24T11:47:33.290+0000] {logging_mixin.py:190} INFO - [2024-08-24T11:47:33.290+0000] {dag.py:3211} INFO - Sync 1 DAGs
[2024-08-24T11:47:33.300+0000] {logging_mixin.py:190} INFO - [2024-08-24T11:47:33.300+0000] {dag.py:4138} INFO - Setting next_dagrun for tutorial_dag to None, run_after=None
[2024-08-24T11:47:33.314+0000] {processor.py:208} INFO - Processing /home/airflow/.local/lib/python3.12/site-packages/airflow/example_dags/tutorial_dag.py took 0.047 seconds
[2024-08-24T11:48:03.610+0000] {processor.py:186} INFO - Started process (PID=3377) to work on /home/airflow/.local/lib/python3.12/site-packages/airflow/example_dags/tutorial_dag.py
[2024-08-24T11:48:03.610+0000] {processor.py:914} INFO - Processing file /home/airflow/.local/lib/python3.12/site-packages/airflow/example_dags/tutorial_dag.py for tasks to queue
[2024-08-24T11:48:03.611+0000] {logging_mixin.py:190} INFO - [2024-08-24T11:48:03.611+0000] {dagbag.py:587} INFO - Filling up the DagBag from /home/airflow/.local/lib/python3.12/site-packages/airflow/example_dags/tutorial_dag.py
[2024-08-24T11:48:03.615+0000] {processor.py:925} INFO - DAG(s) 'tutorial_dag' retrieved from /home/airflow/.local/lib/python3.12/site-packages/airflow/example_dags/tutorial_dag.py
[2024-08-24T11:48:03.631+0000] {logging_mixin.py:190} INFO - [2024-08-24T11:48:03.631+0000] {dag.py:3211} INFO - Sync 1 DAGs
[2024-08-24T11:48:03.641+0000] {logging_mixin.py:190} INFO - [2024-08-24T11:48:03.641+0000] {dag.py:4138} INFO - Setting next_dagrun for tutorial_dag to None, run_after=None
[2024-08-24T11:48:03.650+0000] {processor.py:208} INFO - Processing /home/airflow/.local/lib/python3.12/site-packages/airflow/example_dags/tutorial_dag.py took 0.045 seconds
[2024-08-24T11:48:33.871+0000] {processor.py:186} INFO - Started process (PID=3439) to work on /home/airflow/.local/lib/python3.12/site-packages/airflow/example_dags/tutorial_dag.py
[2024-08-24T11:48:33.871+0000] {processor.py:914} INFO - Processing file /home/airflow/.local/lib/python3.12/site-packages/airflow/example_dags/tutorial_dag.py for tasks to queue
[2024-08-24T11:48:33.872+0000] {logging_mixin.py:190} INFO - [2024-08-24T11:48:33.872+0000] {dagbag.py:587} INFO - Filling up the DagBag from /home/airflow/.local/lib/python3.12/site-packages/airflow/example_dags/tutorial_dag.py
[2024-08-24T11:48:33.876+0000] {processor.py:925} INFO - DAG(s) 'tutorial_dag' retrieved from /home/airflow/.local/lib/python3.12/site-packages/airflow/example_dags/tutorial_dag.py
[2024-08-24T11:48:33.886+0000] {logging_mixin.py:190} INFO - [2024-08-24T11:48:33.886+0000] {dag.py:3211} INFO - Sync 1 DAGs
[2024-08-24T11:48:33.894+0000] {logging_mixin.py:190} INFO - [2024-08-24T11:48:33.894+0000] {dag.py:4138} INFO - Setting next_dagrun for tutorial_dag to None, run_after=None
[2024-08-24T11:48:33.903+0000] {processor.py:208} INFO - Processing /home/airflow/.local/lib/python3.12/site-packages/airflow/example_dags/tutorial_dag.py took 0.035 seconds
[2024-08-24T11:49:04.247+0000] {processor.py:186} INFO - Started process (PID=3501) to work on /home/airflow/.local/lib/python3.12/site-packages/airflow/example_dags/tutorial_dag.py
[2024-08-24T11:49:04.248+0000] {processor.py:914} INFO - Processing file /home/airflow/.local/lib/python3.12/site-packages/airflow/example_dags/tutorial_dag.py for tasks to queue
[2024-08-24T11:49:04.249+0000] {logging_mixin.py:190} INFO - [2024-08-24T11:49:04.248+0000] {dagbag.py:587} INFO - Filling up the DagBag from /home/airflow/.local/lib/python3.12/site-packages/airflow/example_dags/tutorial_dag.py
[2024-08-24T11:49:04.253+0000] {processor.py:925} INFO - DAG(s) 'tutorial_dag' retrieved from /home/airflow/.local/lib/python3.12/site-packages/airflow/example_dags/tutorial_dag.py
[2024-08-24T11:49:04.267+0000] {logging_mixin.py:190} INFO - [2024-08-24T11:49:04.267+0000] {dag.py:3211} INFO - Sync 1 DAGs
[2024-08-24T11:49:04.277+0000] {logging_mixin.py:190} INFO - [2024-08-24T11:49:04.276+0000] {dag.py:4138} INFO - Setting next_dagrun for tutorial_dag to None, run_after=None
[2024-08-24T11:49:04.291+0000] {processor.py:208} INFO - Processing /home/airflow/.local/lib/python3.12/site-packages/airflow/example_dags/tutorial_dag.py took 0.047 seconds
[2024-08-24T11:49:34.523+0000] {processor.py:186} INFO - Started process (PID=3563) to work on /home/airflow/.local/lib/python3.12/site-packages/airflow/example_dags/tutorial_dag.py
[2024-08-24T11:49:34.523+0000] {processor.py:914} INFO - Processing file /home/airflow/.local/lib/python3.12/site-packages/airflow/example_dags/tutorial_dag.py for tasks to queue
[2024-08-24T11:49:34.524+0000] {logging_mixin.py:190} INFO - [2024-08-24T11:49:34.524+0000] {dagbag.py:587} INFO - Filling up the DagBag from /home/airflow/.local/lib/python3.12/site-packages/airflow/example_dags/tutorial_dag.py
[2024-08-24T11:49:34.528+0000] {processor.py:925} INFO - DAG(s) 'tutorial_dag' retrieved from /home/airflow/.local/lib/python3.12/site-packages/airflow/example_dags/tutorial_dag.py
[2024-08-24T11:49:34.538+0000] {logging_mixin.py:190} INFO - [2024-08-24T11:49:34.538+0000] {dag.py:3211} INFO - Sync 1 DAGs
[2024-08-24T11:49:34.545+0000] {logging_mixin.py:190} INFO - [2024-08-24T11:49:34.545+0000] {dag.py:4138} INFO - Setting next_dagrun for tutorial_dag to None, run_after=None
[2024-08-24T11:49:34.554+0000] {processor.py:208} INFO - Processing /home/airflow/.local/lib/python3.12/site-packages/airflow/example_dags/tutorial_dag.py took 0.036 seconds
[2024-08-24T11:50:04.838+0000] {processor.py:186} INFO - Started process (PID=3625) to work on /home/airflow/.local/lib/python3.12/site-packages/airflow/example_dags/tutorial_dag.py
[2024-08-24T11:50:04.838+0000] {processor.py:914} INFO - Processing file /home/airflow/.local/lib/python3.12/site-packages/airflow/example_dags/tutorial_dag.py for tasks to queue
[2024-08-24T11:50:04.839+0000] {logging_mixin.py:190} INFO - [2024-08-24T11:50:04.839+0000] {dagbag.py:587} INFO - Filling up the DagBag from /home/airflow/.local/lib/python3.12/site-packages/airflow/example_dags/tutorial_dag.py
[2024-08-24T11:50:04.844+0000] {processor.py:925} INFO - DAG(s) 'tutorial_dag' retrieved from /home/airflow/.local/lib/python3.12/site-packages/airflow/example_dags/tutorial_dag.py
[2024-08-24T11:50:04.859+0000] {logging_mixin.py:190} INFO - [2024-08-24T11:50:04.859+0000] {dag.py:3211} INFO - Sync 1 DAGs
[2024-08-24T11:50:04.870+0000] {logging_mixin.py:190} INFO - [2024-08-24T11:50:04.870+0000] {dag.py:4138} INFO - Setting next_dagrun for tutorial_dag to None, run_after=None
[2024-08-24T11:50:04.881+0000] {processor.py:208} INFO - Processing /home/airflow/.local/lib/python3.12/site-packages/airflow/example_dags/tutorial_dag.py took 0.047 seconds
[2024-08-24T11:50:35.163+0000] {processor.py:186} INFO - Started process (PID=3687) to work on /home/airflow/.local/lib/python3.12/site-packages/airflow/example_dags/tutorial_dag.py
[2024-08-24T11:50:35.163+0000] {processor.py:914} INFO - Processing file /home/airflow/.local/lib/python3.12/site-packages/airflow/example_dags/tutorial_dag.py for tasks to queue
[2024-08-24T11:50:35.164+0000] {logging_mixin.py:190} INFO - [2024-08-24T11:50:35.164+0000] {dagbag.py:587} INFO - Filling up the DagBag from /home/airflow/.local/lib/python3.12/site-packages/airflow/example_dags/tutorial_dag.py
[2024-08-24T11:50:35.168+0000] {processor.py:925} INFO - DAG(s) 'tutorial_dag' retrieved from /home/airflow/.local/lib/python3.12/site-packages/airflow/example_dags/tutorial_dag.py
[2024-08-24T11:50:35.183+0000] {logging_mixin.py:190} INFO - [2024-08-24T11:50:35.182+0000] {dag.py:3211} INFO - Sync 1 DAGs
[2024-08-24T11:50:35.190+0000] {logging_mixin.py:190} INFO - [2024-08-24T11:50:35.190+0000] {dag.py:4138} INFO - Setting next_dagrun for tutorial_dag to None, run_after=None
[2024-08-24T11:50:35.204+0000] {processor.py:208} INFO - Processing /home/airflow/.local/lib/python3.12/site-packages/airflow/example_dags/tutorial_dag.py took 0.044 seconds
[2024-08-24T11:51:05.695+0000] {processor.py:186} INFO - Started process (PID=3749) to work on /home/airflow/.local/lib/python3.12/site-packages/airflow/example_dags/tutorial_dag.py
[2024-08-24T11:51:05.696+0000] {processor.py:914} INFO - Processing file /home/airflow/.local/lib/python3.12/site-packages/airflow/example_dags/tutorial_dag.py for tasks to queue
[2024-08-24T11:51:05.697+0000] {logging_mixin.py:190} INFO - [2024-08-24T11:51:05.696+0000] {dagbag.py:587} INFO - Filling up the DagBag from /home/airflow/.local/lib/python3.12/site-packages/airflow/example_dags/tutorial_dag.py
[2024-08-24T11:51:05.700+0000] {processor.py:925} INFO - DAG(s) 'tutorial_dag' retrieved from /home/airflow/.local/lib/python3.12/site-packages/airflow/example_dags/tutorial_dag.py
[2024-08-24T11:51:05.712+0000] {logging_mixin.py:190} INFO - [2024-08-24T11:51:05.712+0000] {dag.py:3211} INFO - Sync 1 DAGs
[2024-08-24T11:51:05.725+0000] {logging_mixin.py:190} INFO - [2024-08-24T11:51:05.724+0000] {dag.py:4138} INFO - Setting next_dagrun for tutorial_dag to None, run_after=None
[2024-08-24T11:51:05.746+0000] {processor.py:208} INFO - Processing /home/airflow/.local/lib/python3.12/site-packages/airflow/example_dags/tutorial_dag.py took 0.054 seconds
[2024-08-24T11:51:36.063+0000] {processor.py:186} INFO - Started process (PID=3811) to work on /home/airflow/.local/lib/python3.12/site-packages/airflow/example_dags/tutorial_dag.py
[2024-08-24T11:51:36.064+0000] {processor.py:914} INFO - Processing file /home/airflow/.local/lib/python3.12/site-packages/airflow/example_dags/tutorial_dag.py for tasks to queue
[2024-08-24T11:51:36.065+0000] {logging_mixin.py:190} INFO - [2024-08-24T11:51:36.064+0000] {dagbag.py:587} INFO - Filling up the DagBag from /home/airflow/.local/lib/python3.12/site-packages/airflow/example_dags/tutorial_dag.py
[2024-08-24T11:51:36.068+0000] {processor.py:925} INFO - DAG(s) 'tutorial_dag' retrieved from /home/airflow/.local/lib/python3.12/site-packages/airflow/example_dags/tutorial_dag.py
[2024-08-24T11:51:36.079+0000] {logging_mixin.py:190} INFO - [2024-08-24T11:51:36.079+0000] {dag.py:3211} INFO - Sync 1 DAGs
[2024-08-24T11:51:36.086+0000] {logging_mixin.py:190} INFO - [2024-08-24T11:51:36.085+0000] {dag.py:4138} INFO - Setting next_dagrun for tutorial_dag to None, run_after=None
[2024-08-24T11:51:36.094+0000] {processor.py:208} INFO - Processing /home/airflow/.local/lib/python3.12/site-packages/airflow/example_dags/tutorial_dag.py took 0.034 seconds
[2024-08-24T11:52:06.272+0000] {processor.py:186} INFO - Started process (PID=3873) to work on /home/airflow/.local/lib/python3.12/site-packages/airflow/example_dags/tutorial_dag.py
[2024-08-24T11:52:06.273+0000] {processor.py:914} INFO - Processing file /home/airflow/.local/lib/python3.12/site-packages/airflow/example_dags/tutorial_dag.py for tasks to queue
[2024-08-24T11:52:06.274+0000] {logging_mixin.py:190} INFO - [2024-08-24T11:52:06.274+0000] {dagbag.py:587} INFO - Filling up the DagBag from /home/airflow/.local/lib/python3.12/site-packages/airflow/example_dags/tutorial_dag.py
[2024-08-24T11:52:06.279+0000] {processor.py:925} INFO - DAG(s) 'tutorial_dag' retrieved from /home/airflow/.local/lib/python3.12/site-packages/airflow/example_dags/tutorial_dag.py
[2024-08-24T11:52:06.290+0000] {logging_mixin.py:190} INFO - [2024-08-24T11:52:06.290+0000] {dag.py:3211} INFO - Sync 1 DAGs
[2024-08-24T11:52:06.298+0000] {logging_mixin.py:190} INFO - [2024-08-24T11:52:06.297+0000] {dag.py:4138} INFO - Setting next_dagrun for tutorial_dag to None, run_after=None
[2024-08-24T11:52:06.308+0000] {processor.py:208} INFO - Processing /home/airflow/.local/lib/python3.12/site-packages/airflow/example_dags/tutorial_dag.py took 0.040 seconds
[2024-08-24T11:52:36.602+0000] {processor.py:186} INFO - Started process (PID=3935) to work on /home/airflow/.local/lib/python3.12/site-packages/airflow/example_dags/tutorial_dag.py
[2024-08-24T11:52:36.604+0000] {processor.py:914} INFO - Processing file /home/airflow/.local/lib/python3.12/site-packages/airflow/example_dags/tutorial_dag.py for tasks to queue
[2024-08-24T11:52:36.607+0000] {logging_mixin.py:190} INFO - [2024-08-24T11:52:36.606+0000] {dagbag.py:587} INFO - Filling up the DagBag from /home/airflow/.local/lib/python3.12/site-packages/airflow/example_dags/tutorial_dag.py
[2024-08-24T11:52:36.613+0000] {processor.py:925} INFO - DAG(s) 'tutorial_dag' retrieved from /home/airflow/.local/lib/python3.12/site-packages/airflow/example_dags/tutorial_dag.py
[2024-08-24T11:52:36.624+0000] {logging_mixin.py:190} INFO - [2024-08-24T11:52:36.624+0000] {dag.py:3211} INFO - Sync 1 DAGs
[2024-08-24T11:52:36.632+0000] {logging_mixin.py:190} INFO - [2024-08-24T11:52:36.632+0000] {dag.py:4138} INFO - Setting next_dagrun for tutorial_dag to None, run_after=None
[2024-08-24T11:52:36.640+0000] {processor.py:208} INFO - Processing /home/airflow/.local/lib/python3.12/site-packages/airflow/example_dags/tutorial_dag.py took 0.047 seconds
[2024-08-24T11:53:06.934+0000] {processor.py:186} INFO - Started process (PID=3997) to work on /home/airflow/.local/lib/python3.12/site-packages/airflow/example_dags/tutorial_dag.py
[2024-08-24T11:53:06.935+0000] {processor.py:914} INFO - Processing file /home/airflow/.local/lib/python3.12/site-packages/airflow/example_dags/tutorial_dag.py for tasks to queue
[2024-08-24T11:53:06.937+0000] {logging_mixin.py:190} INFO - [2024-08-24T11:53:06.937+0000] {dagbag.py:587} INFO - Filling up the DagBag from /home/airflow/.local/lib/python3.12/site-packages/airflow/example_dags/tutorial_dag.py
[2024-08-24T11:53:06.942+0000] {processor.py:925} INFO - DAG(s) 'tutorial_dag' retrieved from /home/airflow/.local/lib/python3.12/site-packages/airflow/example_dags/tutorial_dag.py
[2024-08-24T11:53:06.955+0000] {logging_mixin.py:190} INFO - [2024-08-24T11:53:06.955+0000] {dag.py:3211} INFO - Sync 1 DAGs
[2024-08-24T11:53:06.964+0000] {logging_mixin.py:190} INFO - [2024-08-24T11:53:06.964+0000] {dag.py:4138} INFO - Setting next_dagrun for tutorial_dag to None, run_after=None
[2024-08-24T11:53:06.975+0000] {processor.py:208} INFO - Processing /home/airflow/.local/lib/python3.12/site-packages/airflow/example_dags/tutorial_dag.py took 0.047 seconds
[2024-08-24T11:53:37.251+0000] {processor.py:186} INFO - Started process (PID=4060) to work on /home/airflow/.local/lib/python3.12/site-packages/airflow/example_dags/tutorial_dag.py
[2024-08-24T11:53:37.252+0000] {processor.py:914} INFO - Processing file /home/airflow/.local/lib/python3.12/site-packages/airflow/example_dags/tutorial_dag.py for tasks to queue
[2024-08-24T11:53:37.253+0000] {logging_mixin.py:190} INFO - [2024-08-24T11:53:37.253+0000] {dagbag.py:587} INFO - Filling up the DagBag from /home/airflow/.local/lib/python3.12/site-packages/airflow/example_dags/tutorial_dag.py
[2024-08-24T11:53:37.256+0000] {processor.py:925} INFO - DAG(s) 'tutorial_dag' retrieved from /home/airflow/.local/lib/python3.12/site-packages/airflow/example_dags/tutorial_dag.py
[2024-08-24T11:53:37.270+0000] {logging_mixin.py:190} INFO - [2024-08-24T11:53:37.270+0000] {dag.py:3211} INFO - Sync 1 DAGs
[2024-08-24T11:53:37.280+0000] {logging_mixin.py:190} INFO - [2024-08-24T11:53:37.280+0000] {dag.py:4138} INFO - Setting next_dagrun for tutorial_dag to None, run_after=None
[2024-08-24T11:53:37.299+0000] {processor.py:208} INFO - Processing /home/airflow/.local/lib/python3.12/site-packages/airflow/example_dags/tutorial_dag.py took 0.050 seconds
[2024-08-24T11:54:07.640+0000] {processor.py:186} INFO - Started process (PID=4122) to work on /home/airflow/.local/lib/python3.12/site-packages/airflow/example_dags/tutorial_dag.py
[2024-08-24T11:54:07.641+0000] {processor.py:914} INFO - Processing file /home/airflow/.local/lib/python3.12/site-packages/airflow/example_dags/tutorial_dag.py for tasks to queue
[2024-08-24T11:54:07.643+0000] {logging_mixin.py:190} INFO - [2024-08-24T11:54:07.643+0000] {dagbag.py:587} INFO - Filling up the DagBag from /home/airflow/.local/lib/python3.12/site-packages/airflow/example_dags/tutorial_dag.py
[2024-08-24T11:54:07.651+0000] {processor.py:925} INFO - DAG(s) 'tutorial_dag' retrieved from /home/airflow/.local/lib/python3.12/site-packages/airflow/example_dags/tutorial_dag.py
[2024-08-24T11:54:07.663+0000] {logging_mixin.py:190} INFO - [2024-08-24T11:54:07.663+0000] {dag.py:3211} INFO - Sync 1 DAGs
[2024-08-24T11:54:07.670+0000] {logging_mixin.py:190} INFO - [2024-08-24T11:54:07.670+0000] {dag.py:4138} INFO - Setting next_dagrun for tutorial_dag to None, run_after=None
[2024-08-24T11:54:07.679+0000] {processor.py:208} INFO - Processing /home/airflow/.local/lib/python3.12/site-packages/airflow/example_dags/tutorial_dag.py took 0.043 seconds
[2024-08-24T11:54:37.910+0000] {processor.py:186} INFO - Started process (PID=4184) to work on /home/airflow/.local/lib/python3.12/site-packages/airflow/example_dags/tutorial_dag.py
[2024-08-24T11:54:37.911+0000] {processor.py:914} INFO - Processing file /home/airflow/.local/lib/python3.12/site-packages/airflow/example_dags/tutorial_dag.py for tasks to queue
[2024-08-24T11:54:37.913+0000] {logging_mixin.py:190} INFO - [2024-08-24T11:54:37.913+0000] {dagbag.py:587} INFO - Filling up the DagBag from /home/airflow/.local/lib/python3.12/site-packages/airflow/example_dags/tutorial_dag.py
[2024-08-24T11:54:37.919+0000] {processor.py:925} INFO - DAG(s) 'tutorial_dag' retrieved from /home/airflow/.local/lib/python3.12/site-packages/airflow/example_dags/tutorial_dag.py
[2024-08-24T11:54:37.929+0000] {logging_mixin.py:190} INFO - [2024-08-24T11:54:37.929+0000] {dag.py:3211} INFO - Sync 1 DAGs
[2024-08-24T11:54:37.936+0000] {logging_mixin.py:190} INFO - [2024-08-24T11:54:37.936+0000] {dag.py:4138} INFO - Setting next_dagrun for tutorial_dag to None, run_after=None
[2024-08-24T11:54:37.945+0000] {processor.py:208} INFO - Processing /home/airflow/.local/lib/python3.12/site-packages/airflow/example_dags/tutorial_dag.py took 0.042 seconds
[2024-08-24T11:55:08.255+0000] {processor.py:186} INFO - Started process (PID=4246) to work on /home/airflow/.local/lib/python3.12/site-packages/airflow/example_dags/tutorial_dag.py
[2024-08-24T11:55:08.255+0000] {processor.py:914} INFO - Processing file /home/airflow/.local/lib/python3.12/site-packages/airflow/example_dags/tutorial_dag.py for tasks to queue
[2024-08-24T11:55:08.256+0000] {logging_mixin.py:190} INFO - [2024-08-24T11:55:08.256+0000] {dagbag.py:587} INFO - Filling up the DagBag from /home/airflow/.local/lib/python3.12/site-packages/airflow/example_dags/tutorial_dag.py
[2024-08-24T11:55:08.260+0000] {processor.py:925} INFO - DAG(s) 'tutorial_dag' retrieved from /home/airflow/.local/lib/python3.12/site-packages/airflow/example_dags/tutorial_dag.py
[2024-08-24T11:55:08.278+0000] {logging_mixin.py:190} INFO - [2024-08-24T11:55:08.277+0000] {dag.py:3211} INFO - Sync 1 DAGs
[2024-08-24T11:55:08.295+0000] {logging_mixin.py:190} INFO - [2024-08-24T11:55:08.295+0000] {dag.py:4138} INFO - Setting next_dagrun for tutorial_dag to None, run_after=None
[2024-08-24T11:55:08.312+0000] {processor.py:208} INFO - Processing /home/airflow/.local/lib/python3.12/site-packages/airflow/example_dags/tutorial_dag.py took 0.061 seconds
[2024-08-24T11:55:38.660+0000] {processor.py:186} INFO - Started process (PID=4308) to work on /home/airflow/.local/lib/python3.12/site-packages/airflow/example_dags/tutorial_dag.py
[2024-08-24T11:55:38.661+0000] {processor.py:914} INFO - Processing file /home/airflow/.local/lib/python3.12/site-packages/airflow/example_dags/tutorial_dag.py for tasks to queue
[2024-08-24T11:55:38.662+0000] {logging_mixin.py:190} INFO - [2024-08-24T11:55:38.662+0000] {dagbag.py:587} INFO - Filling up the DagBag from /home/airflow/.local/lib/python3.12/site-packages/airflow/example_dags/tutorial_dag.py
[2024-08-24T11:55:38.667+0000] {processor.py:925} INFO - DAG(s) 'tutorial_dag' retrieved from /home/airflow/.local/lib/python3.12/site-packages/airflow/example_dags/tutorial_dag.py
[2024-08-24T11:55:38.680+0000] {logging_mixin.py:190} INFO - [2024-08-24T11:55:38.680+0000] {dag.py:3211} INFO - Sync 1 DAGs
[2024-08-24T11:55:38.688+0000] {logging_mixin.py:190} INFO - [2024-08-24T11:55:38.688+0000] {dag.py:4138} INFO - Setting next_dagrun for tutorial_dag to None, run_after=None
[2024-08-24T11:55:38.696+0000] {processor.py:208} INFO - Processing /home/airflow/.local/lib/python3.12/site-packages/airflow/example_dags/tutorial_dag.py took 0.041 seconds
[2024-08-24T11:56:09.138+0000] {processor.py:186} INFO - Started process (PID=4370) to work on /home/airflow/.local/lib/python3.12/site-packages/airflow/example_dags/tutorial_dag.py
[2024-08-24T11:56:09.138+0000] {processor.py:914} INFO - Processing file /home/airflow/.local/lib/python3.12/site-packages/airflow/example_dags/tutorial_dag.py for tasks to queue
[2024-08-24T11:56:09.139+0000] {logging_mixin.py:190} INFO - [2024-08-24T11:56:09.139+0000] {dagbag.py:587} INFO - Filling up the DagBag from /home/airflow/.local/lib/python3.12/site-packages/airflow/example_dags/tutorial_dag.py
[2024-08-24T11:56:09.143+0000] {processor.py:925} INFO - DAG(s) 'tutorial_dag' retrieved from /home/airflow/.local/lib/python3.12/site-packages/airflow/example_dags/tutorial_dag.py
[2024-08-24T11:56:09.154+0000] {logging_mixin.py:190} INFO - [2024-08-24T11:56:09.154+0000] {dag.py:3211} INFO - Sync 1 DAGs
[2024-08-24T11:56:09.162+0000] {logging_mixin.py:190} INFO - [2024-08-24T11:56:09.162+0000] {dag.py:4138} INFO - Setting next_dagrun for tutorial_dag to None, run_after=None
[2024-08-24T11:56:09.171+0000] {processor.py:208} INFO - Processing /home/airflow/.local/lib/python3.12/site-packages/airflow/example_dags/tutorial_dag.py took 0.037 seconds
