[2024-08-24T11:21:06.710+0000] {processor.py:186} INFO - Started process (PID=63) to work on /home/airflow/.local/lib/python3.12/site-packages/airflow/example_dags/tutorial_objectstorage.py
[2024-08-24T11:21:06.710+0000] {processor.py:914} INFO - Processing file /home/airflow/.local/lib/python3.12/site-packages/airflow/example_dags/tutorial_objectstorage.py for tasks to queue
[2024-08-24T11:21:06.711+0000] {logging_mixin.py:190} INFO - [2024-08-24T11:21:06.711+0000] {dagbag.py:587} INFO - Filling up the DagBag from /home/airflow/.local/lib/python3.12/site-packages/airflow/example_dags/tutorial_objectstorage.py
[2024-08-24T11:21:06.717+0000] {processor.py:925} INFO - DAG(s) 'tutorial_objectstorage' retrieved from /home/airflow/.local/lib/python3.12/site-packages/airflow/example_dags/tutorial_objectstorage.py
[2024-08-24T11:21:06.783+0000] {logging_mixin.py:190} INFO - [2024-08-24T11:21:06.783+0000] {override.py:1858} INFO - Created Permission View: can edit on DAG:tutorial_objectstorage
[2024-08-24T11:21:06.791+0000] {logging_mixin.py:190} INFO - [2024-08-24T11:21:06.791+0000] {override.py:1858} INFO - Created Permission View: can read on DAG:tutorial_objectstorage
[2024-08-24T11:21:06.796+0000] {logging_mixin.py:190} INFO - [2024-08-24T11:21:06.796+0000] {override.py:1858} INFO - Created Permission View: can delete on DAG:tutorial_objectstorage
[2024-08-24T11:21:06.797+0000] {logging_mixin.py:190} INFO - [2024-08-24T11:21:06.797+0000] {dag.py:3211} INFO - Sync 1 DAGs
[2024-08-24T11:21:06.807+0000] {logging_mixin.py:190} INFO - [2024-08-24T11:21:06.807+0000] {dag.py:3234} INFO - Creating ORM DAG for tutorial_objectstorage
[2024-08-24T11:21:06.808+0000] {logging_mixin.py:190} INFO - [2024-08-24T11:21:06.808+0000] {dag.py:4138} INFO - Setting next_dagrun for tutorial_objectstorage to None, run_after=None
[2024-08-24T11:21:06.820+0000] {processor.py:208} INFO - Processing /home/airflow/.local/lib/python3.12/site-packages/airflow/example_dags/tutorial_objectstorage.py took 0.113 seconds
[2024-08-24T11:21:37.096+0000] {processor.py:186} INFO - Started process (PID=125) to work on /home/airflow/.local/lib/python3.12/site-packages/airflow/example_dags/tutorial_objectstorage.py
[2024-08-24T11:21:37.097+0000] {processor.py:914} INFO - Processing file /home/airflow/.local/lib/python3.12/site-packages/airflow/example_dags/tutorial_objectstorage.py for tasks to queue
[2024-08-24T11:21:37.098+0000] {logging_mixin.py:190} INFO - [2024-08-24T11:21:37.098+0000] {dagbag.py:587} INFO - Filling up the DagBag from /home/airflow/.local/lib/python3.12/site-packages/airflow/example_dags/tutorial_objectstorage.py
[2024-08-24T11:21:37.102+0000] {processor.py:925} INFO - DAG(s) 'tutorial_objectstorage' retrieved from /home/airflow/.local/lib/python3.12/site-packages/airflow/example_dags/tutorial_objectstorage.py
[2024-08-24T11:21:37.116+0000] {logging_mixin.py:190} INFO - [2024-08-24T11:21:37.116+0000] {dag.py:3211} INFO - Sync 1 DAGs
[2024-08-24T11:21:37.125+0000] {logging_mixin.py:190} INFO - [2024-08-24T11:21:37.124+0000] {dag.py:4138} INFO - Setting next_dagrun for tutorial_objectstorage to None, run_after=None
[2024-08-24T11:21:37.137+0000] {processor.py:208} INFO - Processing /home/airflow/.local/lib/python3.12/site-packages/airflow/example_dags/tutorial_objectstorage.py took 0.044 seconds
[2024-08-24T11:22:07.259+0000] {processor.py:186} INFO - Started process (PID=187) to work on /home/airflow/.local/lib/python3.12/site-packages/airflow/example_dags/tutorial_objectstorage.py
[2024-08-24T11:22:07.259+0000] {processor.py:914} INFO - Processing file /home/airflow/.local/lib/python3.12/site-packages/airflow/example_dags/tutorial_objectstorage.py for tasks to queue
[2024-08-24T11:22:07.260+0000] {logging_mixin.py:190} INFO - [2024-08-24T11:22:07.260+0000] {dagbag.py:587} INFO - Filling up the DagBag from /home/airflow/.local/lib/python3.12/site-packages/airflow/example_dags/tutorial_objectstorage.py
[2024-08-24T11:22:07.265+0000] {processor.py:925} INFO - DAG(s) 'tutorial_objectstorage' retrieved from /home/airflow/.local/lib/python3.12/site-packages/airflow/example_dags/tutorial_objectstorage.py
[2024-08-24T11:22:07.278+0000] {logging_mixin.py:190} INFO - [2024-08-24T11:22:07.278+0000] {dag.py:3211} INFO - Sync 1 DAGs
[2024-08-24T11:22:07.290+0000] {logging_mixin.py:190} INFO - [2024-08-24T11:22:07.290+0000] {dag.py:4138} INFO - Setting next_dagrun for tutorial_objectstorage to None, run_after=None
[2024-08-24T11:22:07.303+0000] {processor.py:208} INFO - Processing /home/airflow/.local/lib/python3.12/site-packages/airflow/example_dags/tutorial_objectstorage.py took 0.047 seconds
[2024-08-24T11:22:37.443+0000] {processor.py:186} INFO - Started process (PID=249) to work on /home/airflow/.local/lib/python3.12/site-packages/airflow/example_dags/tutorial_objectstorage.py
[2024-08-24T11:22:37.443+0000] {processor.py:914} INFO - Processing file /home/airflow/.local/lib/python3.12/site-packages/airflow/example_dags/tutorial_objectstorage.py for tasks to queue
[2024-08-24T11:22:37.445+0000] {logging_mixin.py:190} INFO - [2024-08-24T11:22:37.444+0000] {dagbag.py:587} INFO - Filling up the DagBag from /home/airflow/.local/lib/python3.12/site-packages/airflow/example_dags/tutorial_objectstorage.py
[2024-08-24T11:22:37.449+0000] {processor.py:925} INFO - DAG(s) 'tutorial_objectstorage' retrieved from /home/airflow/.local/lib/python3.12/site-packages/airflow/example_dags/tutorial_objectstorage.py
[2024-08-24T11:22:37.459+0000] {logging_mixin.py:190} INFO - [2024-08-24T11:22:37.459+0000] {dag.py:3211} INFO - Sync 1 DAGs
[2024-08-24T11:22:37.466+0000] {logging_mixin.py:190} INFO - [2024-08-24T11:22:37.466+0000] {dag.py:4138} INFO - Setting next_dagrun for tutorial_objectstorage to None, run_after=None
[2024-08-24T11:22:37.477+0000] {processor.py:208} INFO - Processing /home/airflow/.local/lib/python3.12/site-packages/airflow/example_dags/tutorial_objectstorage.py took 0.038 seconds
[2024-08-24T11:23:07.616+0000] {processor.py:186} INFO - Started process (PID=311) to work on /home/airflow/.local/lib/python3.12/site-packages/airflow/example_dags/tutorial_objectstorage.py
[2024-08-24T11:23:07.616+0000] {processor.py:914} INFO - Processing file /home/airflow/.local/lib/python3.12/site-packages/airflow/example_dags/tutorial_objectstorage.py for tasks to queue
[2024-08-24T11:23:07.618+0000] {logging_mixin.py:190} INFO - [2024-08-24T11:23:07.617+0000] {dagbag.py:587} INFO - Filling up the DagBag from /home/airflow/.local/lib/python3.12/site-packages/airflow/example_dags/tutorial_objectstorage.py
[2024-08-24T11:23:07.622+0000] {processor.py:925} INFO - DAG(s) 'tutorial_objectstorage' retrieved from /home/airflow/.local/lib/python3.12/site-packages/airflow/example_dags/tutorial_objectstorage.py
[2024-08-24T11:23:07.635+0000] {logging_mixin.py:190} INFO - [2024-08-24T11:23:07.635+0000] {dag.py:3211} INFO - Sync 1 DAGs
[2024-08-24T11:23:07.644+0000] {logging_mixin.py:190} INFO - [2024-08-24T11:23:07.644+0000] {dag.py:4138} INFO - Setting next_dagrun for tutorial_objectstorage to None, run_after=None
[2024-08-24T11:23:07.658+0000] {processor.py:208} INFO - Processing /home/airflow/.local/lib/python3.12/site-packages/airflow/example_dags/tutorial_objectstorage.py took 0.045 seconds
[2024-08-24T11:23:37.864+0000] {processor.py:186} INFO - Started process (PID=373) to work on /home/airflow/.local/lib/python3.12/site-packages/airflow/example_dags/tutorial_objectstorage.py
[2024-08-24T11:23:37.864+0000] {processor.py:914} INFO - Processing file /home/airflow/.local/lib/python3.12/site-packages/airflow/example_dags/tutorial_objectstorage.py for tasks to queue
[2024-08-24T11:23:37.866+0000] {logging_mixin.py:190} INFO - [2024-08-24T11:23:37.865+0000] {dagbag.py:587} INFO - Filling up the DagBag from /home/airflow/.local/lib/python3.12/site-packages/airflow/example_dags/tutorial_objectstorage.py
[2024-08-24T11:23:37.870+0000] {processor.py:925} INFO - DAG(s) 'tutorial_objectstorage' retrieved from /home/airflow/.local/lib/python3.12/site-packages/airflow/example_dags/tutorial_objectstorage.py
[2024-08-24T11:23:37.880+0000] {logging_mixin.py:190} INFO - [2024-08-24T11:23:37.879+0000] {dag.py:3211} INFO - Sync 1 DAGs
[2024-08-24T11:23:37.887+0000] {logging_mixin.py:190} INFO - [2024-08-24T11:23:37.887+0000] {dag.py:4138} INFO - Setting next_dagrun for tutorial_objectstorage to None, run_after=None
[2024-08-24T11:23:37.895+0000] {processor.py:208} INFO - Processing /home/airflow/.local/lib/python3.12/site-packages/airflow/example_dags/tutorial_objectstorage.py took 0.035 seconds
[2024-08-24T11:24:08.207+0000] {processor.py:186} INFO - Started process (PID=435) to work on /home/airflow/.local/lib/python3.12/site-packages/airflow/example_dags/tutorial_objectstorage.py
[2024-08-24T11:24:08.207+0000] {processor.py:914} INFO - Processing file /home/airflow/.local/lib/python3.12/site-packages/airflow/example_dags/tutorial_objectstorage.py for tasks to queue
[2024-08-24T11:24:08.208+0000] {logging_mixin.py:190} INFO - [2024-08-24T11:24:08.208+0000] {dagbag.py:587} INFO - Filling up the DagBag from /home/airflow/.local/lib/python3.12/site-packages/airflow/example_dags/tutorial_objectstorage.py
[2024-08-24T11:24:08.213+0000] {processor.py:925} INFO - DAG(s) 'tutorial_objectstorage' retrieved from /home/airflow/.local/lib/python3.12/site-packages/airflow/example_dags/tutorial_objectstorage.py
[2024-08-24T11:24:08.227+0000] {logging_mixin.py:190} INFO - [2024-08-24T11:24:08.226+0000] {dag.py:3211} INFO - Sync 1 DAGs
[2024-08-24T11:24:08.238+0000] {logging_mixin.py:190} INFO - [2024-08-24T11:24:08.238+0000] {dag.py:4138} INFO - Setting next_dagrun for tutorial_objectstorage to None, run_after=None
[2024-08-24T11:24:08.252+0000] {processor.py:208} INFO - Processing /home/airflow/.local/lib/python3.12/site-packages/airflow/example_dags/tutorial_objectstorage.py took 0.048 seconds
[2024-08-24T11:24:38.423+0000] {processor.py:186} INFO - Started process (PID=497) to work on /home/airflow/.local/lib/python3.12/site-packages/airflow/example_dags/tutorial_objectstorage.py
[2024-08-24T11:24:38.423+0000] {processor.py:914} INFO - Processing file /home/airflow/.local/lib/python3.12/site-packages/airflow/example_dags/tutorial_objectstorage.py for tasks to queue
[2024-08-24T11:24:38.424+0000] {logging_mixin.py:190} INFO - [2024-08-24T11:24:38.424+0000] {dagbag.py:587} INFO - Filling up the DagBag from /home/airflow/.local/lib/python3.12/site-packages/airflow/example_dags/tutorial_objectstorage.py
[2024-08-24T11:24:38.430+0000] {processor.py:925} INFO - DAG(s) 'tutorial_objectstorage' retrieved from /home/airflow/.local/lib/python3.12/site-packages/airflow/example_dags/tutorial_objectstorage.py
[2024-08-24T11:24:38.443+0000] {logging_mixin.py:190} INFO - [2024-08-24T11:24:38.443+0000] {dag.py:3211} INFO - Sync 1 DAGs
[2024-08-24T11:24:38.452+0000] {logging_mixin.py:190} INFO - [2024-08-24T11:24:38.452+0000] {dag.py:4138} INFO - Setting next_dagrun for tutorial_objectstorage to None, run_after=None
[2024-08-24T11:24:38.463+0000] {processor.py:208} INFO - Processing /home/airflow/.local/lib/python3.12/site-packages/airflow/example_dags/tutorial_objectstorage.py took 0.043 seconds
[2024-08-24T11:25:08.603+0000] {processor.py:186} INFO - Started process (PID=559) to work on /home/airflow/.local/lib/python3.12/site-packages/airflow/example_dags/tutorial_objectstorage.py
[2024-08-24T11:25:08.603+0000] {processor.py:914} INFO - Processing file /home/airflow/.local/lib/python3.12/site-packages/airflow/example_dags/tutorial_objectstorage.py for tasks to queue
[2024-08-24T11:25:08.605+0000] {logging_mixin.py:190} INFO - [2024-08-24T11:25:08.604+0000] {dagbag.py:587} INFO - Filling up the DagBag from /home/airflow/.local/lib/python3.12/site-packages/airflow/example_dags/tutorial_objectstorage.py
[2024-08-24T11:25:08.609+0000] {processor.py:925} INFO - DAG(s) 'tutorial_objectstorage' retrieved from /home/airflow/.local/lib/python3.12/site-packages/airflow/example_dags/tutorial_objectstorage.py
[2024-08-24T11:25:08.620+0000] {logging_mixin.py:190} INFO - [2024-08-24T11:25:08.620+0000] {dag.py:3211} INFO - Sync 1 DAGs
[2024-08-24T11:25:08.627+0000] {logging_mixin.py:190} INFO - [2024-08-24T11:25:08.627+0000] {dag.py:4138} INFO - Setting next_dagrun for tutorial_objectstorage to None, run_after=None
[2024-08-24T11:25:08.636+0000] {processor.py:208} INFO - Processing /home/airflow/.local/lib/python3.12/site-packages/airflow/example_dags/tutorial_objectstorage.py took 0.037 seconds
[2024-08-24T11:25:38.886+0000] {processor.py:186} INFO - Started process (PID=627) to work on /home/airflow/.local/lib/python3.12/site-packages/airflow/example_dags/tutorial_objectstorage.py
[2024-08-24T11:25:38.886+0000] {processor.py:914} INFO - Processing file /home/airflow/.local/lib/python3.12/site-packages/airflow/example_dags/tutorial_objectstorage.py for tasks to queue
[2024-08-24T11:25:38.887+0000] {logging_mixin.py:190} INFO - [2024-08-24T11:25:38.887+0000] {dagbag.py:587} INFO - Filling up the DagBag from /home/airflow/.local/lib/python3.12/site-packages/airflow/example_dags/tutorial_objectstorage.py
[2024-08-24T11:25:38.891+0000] {processor.py:925} INFO - DAG(s) 'tutorial_objectstorage' retrieved from /home/airflow/.local/lib/python3.12/site-packages/airflow/example_dags/tutorial_objectstorage.py
[2024-08-24T11:25:38.904+0000] {logging_mixin.py:190} INFO - [2024-08-24T11:25:38.904+0000] {dag.py:3211} INFO - Sync 1 DAGs
[2024-08-24T11:25:38.912+0000] {logging_mixin.py:190} INFO - [2024-08-24T11:25:38.912+0000] {dag.py:4138} INFO - Setting next_dagrun for tutorial_objectstorage to None, run_after=None
[2024-08-24T11:25:38.923+0000] {processor.py:208} INFO - Processing /home/airflow/.local/lib/python3.12/site-packages/airflow/example_dags/tutorial_objectstorage.py took 0.040 seconds
[2024-08-24T11:26:09.947+0000] {processor.py:186} INFO - Started process (PID=689) to work on /home/airflow/.local/lib/python3.12/site-packages/airflow/example_dags/tutorial_objectstorage.py
[2024-08-24T11:26:09.948+0000] {processor.py:914} INFO - Processing file /home/airflow/.local/lib/python3.12/site-packages/airflow/example_dags/tutorial_objectstorage.py for tasks to queue
[2024-08-24T11:26:09.949+0000] {logging_mixin.py:190} INFO - [2024-08-24T11:26:09.949+0000] {dagbag.py:587} INFO - Filling up the DagBag from /home/airflow/.local/lib/python3.12/site-packages/airflow/example_dags/tutorial_objectstorage.py
[2024-08-24T11:26:09.953+0000] {processor.py:925} INFO - DAG(s) 'tutorial_objectstorage' retrieved from /home/airflow/.local/lib/python3.12/site-packages/airflow/example_dags/tutorial_objectstorage.py
[2024-08-24T11:26:09.968+0000] {logging_mixin.py:190} INFO - [2024-08-24T11:26:09.967+0000] {dag.py:3211} INFO - Sync 1 DAGs
[2024-08-24T11:26:09.977+0000] {logging_mixin.py:190} INFO - [2024-08-24T11:26:09.977+0000] {dag.py:4138} INFO - Setting next_dagrun for tutorial_objectstorage to None, run_after=None
[2024-08-24T11:26:09.991+0000] {processor.py:208} INFO - Processing /home/airflow/.local/lib/python3.12/site-packages/airflow/example_dags/tutorial_objectstorage.py took 0.047 seconds
[2024-08-24T11:26:40.344+0000] {processor.py:186} INFO - Started process (PID=751) to work on /home/airflow/.local/lib/python3.12/site-packages/airflow/example_dags/tutorial_objectstorage.py
[2024-08-24T11:26:40.344+0000] {processor.py:914} INFO - Processing file /home/airflow/.local/lib/python3.12/site-packages/airflow/example_dags/tutorial_objectstorage.py for tasks to queue
[2024-08-24T11:26:40.346+0000] {logging_mixin.py:190} INFO - [2024-08-24T11:26:40.345+0000] {dagbag.py:587} INFO - Filling up the DagBag from /home/airflow/.local/lib/python3.12/site-packages/airflow/example_dags/tutorial_objectstorage.py
[2024-08-24T11:26:40.351+0000] {processor.py:925} INFO - DAG(s) 'tutorial_objectstorage' retrieved from /home/airflow/.local/lib/python3.12/site-packages/airflow/example_dags/tutorial_objectstorage.py
[2024-08-24T11:26:40.362+0000] {logging_mixin.py:190} INFO - [2024-08-24T11:26:40.362+0000] {dag.py:3211} INFO - Sync 1 DAGs
[2024-08-24T11:26:40.372+0000] {logging_mixin.py:190} INFO - [2024-08-24T11:26:40.372+0000] {dag.py:4138} INFO - Setting next_dagrun for tutorial_objectstorage to None, run_after=None
[2024-08-24T11:26:40.387+0000] {processor.py:208} INFO - Processing /home/airflow/.local/lib/python3.12/site-packages/airflow/example_dags/tutorial_objectstorage.py took 0.048 seconds
[2024-08-24T11:27:10.413+0000] {processor.py:186} INFO - Started process (PID=813) to work on /home/airflow/.local/lib/python3.12/site-packages/airflow/example_dags/tutorial_objectstorage.py
[2024-08-24T11:27:10.413+0000] {processor.py:914} INFO - Processing file /home/airflow/.local/lib/python3.12/site-packages/airflow/example_dags/tutorial_objectstorage.py for tasks to queue
[2024-08-24T11:27:10.414+0000] {logging_mixin.py:190} INFO - [2024-08-24T11:27:10.414+0000] {dagbag.py:587} INFO - Filling up the DagBag from /home/airflow/.local/lib/python3.12/site-packages/airflow/example_dags/tutorial_objectstorage.py
[2024-08-24T11:27:10.419+0000] {processor.py:925} INFO - DAG(s) 'tutorial_objectstorage' retrieved from /home/airflow/.local/lib/python3.12/site-packages/airflow/example_dags/tutorial_objectstorage.py
[2024-08-24T11:27:10.429+0000] {logging_mixin.py:190} INFO - [2024-08-24T11:27:10.428+0000] {dag.py:3211} INFO - Sync 1 DAGs
[2024-08-24T11:27:10.436+0000] {logging_mixin.py:190} INFO - [2024-08-24T11:27:10.435+0000] {dag.py:4138} INFO - Setting next_dagrun for tutorial_objectstorage to None, run_after=None
[2024-08-24T11:27:10.444+0000] {processor.py:208} INFO - Processing /home/airflow/.local/lib/python3.12/site-packages/airflow/example_dags/tutorial_objectstorage.py took 0.035 seconds
[2024-08-24T11:27:40.814+0000] {processor.py:186} INFO - Started process (PID=875) to work on /home/airflow/.local/lib/python3.12/site-packages/airflow/example_dags/tutorial_objectstorage.py
[2024-08-24T11:27:40.814+0000] {processor.py:914} INFO - Processing file /home/airflow/.local/lib/python3.12/site-packages/airflow/example_dags/tutorial_objectstorage.py for tasks to queue
[2024-08-24T11:27:40.815+0000] {logging_mixin.py:190} INFO - [2024-08-24T11:27:40.815+0000] {dagbag.py:587} INFO - Filling up the DagBag from /home/airflow/.local/lib/python3.12/site-packages/airflow/example_dags/tutorial_objectstorage.py
[2024-08-24T11:27:40.820+0000] {processor.py:925} INFO - DAG(s) 'tutorial_objectstorage' retrieved from /home/airflow/.local/lib/python3.12/site-packages/airflow/example_dags/tutorial_objectstorage.py
[2024-08-24T11:27:40.834+0000] {logging_mixin.py:190} INFO - [2024-08-24T11:27:40.834+0000] {dag.py:3211} INFO - Sync 1 DAGs
[2024-08-24T11:27:40.845+0000] {logging_mixin.py:190} INFO - [2024-08-24T11:27:40.845+0000] {dag.py:4138} INFO - Setting next_dagrun for tutorial_objectstorage to None, run_after=None
[2024-08-24T11:27:40.859+0000] {processor.py:208} INFO - Processing /home/airflow/.local/lib/python3.12/site-packages/airflow/example_dags/tutorial_objectstorage.py took 0.049 seconds
[2024-08-24T11:28:11.007+0000] {processor.py:186} INFO - Started process (PID=937) to work on /home/airflow/.local/lib/python3.12/site-packages/airflow/example_dags/tutorial_objectstorage.py
[2024-08-24T11:28:11.008+0000] {processor.py:914} INFO - Processing file /home/airflow/.local/lib/python3.12/site-packages/airflow/example_dags/tutorial_objectstorage.py for tasks to queue
[2024-08-24T11:28:11.009+0000] {logging_mixin.py:190} INFO - [2024-08-24T11:28:11.009+0000] {dagbag.py:587} INFO - Filling up the DagBag from /home/airflow/.local/lib/python3.12/site-packages/airflow/example_dags/tutorial_objectstorage.py
[2024-08-24T11:28:11.014+0000] {processor.py:925} INFO - DAG(s) 'tutorial_objectstorage' retrieved from /home/airflow/.local/lib/python3.12/site-packages/airflow/example_dags/tutorial_objectstorage.py
[2024-08-24T11:28:11.024+0000] {logging_mixin.py:190} INFO - [2024-08-24T11:28:11.024+0000] {dag.py:3211} INFO - Sync 1 DAGs
[2024-08-24T11:28:11.031+0000] {logging_mixin.py:190} INFO - [2024-08-24T11:28:11.031+0000] {dag.py:4138} INFO - Setting next_dagrun for tutorial_objectstorage to None, run_after=None
[2024-08-24T11:28:11.040+0000] {processor.py:208} INFO - Processing /home/airflow/.local/lib/python3.12/site-packages/airflow/example_dags/tutorial_objectstorage.py took 0.037 seconds
[2024-08-24T11:28:41.945+0000] {processor.py:186} INFO - Started process (PID=999) to work on /home/airflow/.local/lib/python3.12/site-packages/airflow/example_dags/tutorial_objectstorage.py
[2024-08-24T11:28:41.945+0000] {processor.py:914} INFO - Processing file /home/airflow/.local/lib/python3.12/site-packages/airflow/example_dags/tutorial_objectstorage.py for tasks to queue
[2024-08-24T11:28:41.946+0000] {logging_mixin.py:190} INFO - [2024-08-24T11:28:41.946+0000] {dagbag.py:587} INFO - Filling up the DagBag from /home/airflow/.local/lib/python3.12/site-packages/airflow/example_dags/tutorial_objectstorage.py
[2024-08-24T11:28:41.950+0000] {processor.py:925} INFO - DAG(s) 'tutorial_objectstorage' retrieved from /home/airflow/.local/lib/python3.12/site-packages/airflow/example_dags/tutorial_objectstorage.py
[2024-08-24T11:28:41.960+0000] {logging_mixin.py:190} INFO - [2024-08-24T11:28:41.960+0000] {dag.py:3211} INFO - Sync 1 DAGs
[2024-08-24T11:28:41.967+0000] {logging_mixin.py:190} INFO - [2024-08-24T11:28:41.967+0000] {dag.py:4138} INFO - Setting next_dagrun for tutorial_objectstorage to None, run_after=None
[2024-08-24T11:28:41.977+0000] {processor.py:208} INFO - Processing /home/airflow/.local/lib/python3.12/site-packages/airflow/example_dags/tutorial_objectstorage.py took 0.036 seconds
[2024-08-24T11:29:12.082+0000] {processor.py:186} INFO - Started process (PID=1061) to work on /home/airflow/.local/lib/python3.12/site-packages/airflow/example_dags/tutorial_objectstorage.py
[2024-08-24T11:29:12.083+0000] {processor.py:914} INFO - Processing file /home/airflow/.local/lib/python3.12/site-packages/airflow/example_dags/tutorial_objectstorage.py for tasks to queue
[2024-08-24T11:29:12.084+0000] {logging_mixin.py:190} INFO - [2024-08-24T11:29:12.084+0000] {dagbag.py:587} INFO - Filling up the DagBag from /home/airflow/.local/lib/python3.12/site-packages/airflow/example_dags/tutorial_objectstorage.py
[2024-08-24T11:29:12.089+0000] {processor.py:925} INFO - DAG(s) 'tutorial_objectstorage' retrieved from /home/airflow/.local/lib/python3.12/site-packages/airflow/example_dags/tutorial_objectstorage.py
[2024-08-24T11:29:12.102+0000] {logging_mixin.py:190} INFO - [2024-08-24T11:29:12.102+0000] {dag.py:3211} INFO - Sync 1 DAGs
[2024-08-24T11:29:12.111+0000] {logging_mixin.py:190} INFO - [2024-08-24T11:29:12.111+0000] {dag.py:4138} INFO - Setting next_dagrun for tutorial_objectstorage to None, run_after=None
[2024-08-24T11:29:12.125+0000] {processor.py:208} INFO - Processing /home/airflow/.local/lib/python3.12/site-packages/airflow/example_dags/tutorial_objectstorage.py took 0.047 seconds
[2024-08-24T11:29:42.345+0000] {processor.py:186} INFO - Started process (PID=1123) to work on /home/airflow/.local/lib/python3.12/site-packages/airflow/example_dags/tutorial_objectstorage.py
[2024-08-24T11:29:42.346+0000] {processor.py:914} INFO - Processing file /home/airflow/.local/lib/python3.12/site-packages/airflow/example_dags/tutorial_objectstorage.py for tasks to queue
[2024-08-24T11:29:42.347+0000] {logging_mixin.py:190} INFO - [2024-08-24T11:29:42.346+0000] {dagbag.py:587} INFO - Filling up the DagBag from /home/airflow/.local/lib/python3.12/site-packages/airflow/example_dags/tutorial_objectstorage.py
[2024-08-24T11:29:42.352+0000] {processor.py:925} INFO - DAG(s) 'tutorial_objectstorage' retrieved from /home/airflow/.local/lib/python3.12/site-packages/airflow/example_dags/tutorial_objectstorage.py
[2024-08-24T11:29:42.362+0000] {logging_mixin.py:190} INFO - [2024-08-24T11:29:42.361+0000] {dag.py:3211} INFO - Sync 1 DAGs
[2024-08-24T11:29:42.371+0000] {logging_mixin.py:190} INFO - [2024-08-24T11:29:42.371+0000] {dag.py:4138} INFO - Setting next_dagrun for tutorial_objectstorage to None, run_after=None
[2024-08-24T11:29:42.380+0000] {processor.py:208} INFO - Processing /home/airflow/.local/lib/python3.12/site-packages/airflow/example_dags/tutorial_objectstorage.py took 0.038 seconds
[2024-08-24T11:30:13.317+0000] {processor.py:186} INFO - Started process (PID=1185) to work on /home/airflow/.local/lib/python3.12/site-packages/airflow/example_dags/tutorial_objectstorage.py
[2024-08-24T11:30:13.317+0000] {processor.py:914} INFO - Processing file /home/airflow/.local/lib/python3.12/site-packages/airflow/example_dags/tutorial_objectstorage.py for tasks to queue
[2024-08-24T11:30:13.319+0000] {logging_mixin.py:190} INFO - [2024-08-24T11:30:13.318+0000] {dagbag.py:587} INFO - Filling up the DagBag from /home/airflow/.local/lib/python3.12/site-packages/airflow/example_dags/tutorial_objectstorage.py
[2024-08-24T11:30:13.323+0000] {processor.py:925} INFO - DAG(s) 'tutorial_objectstorage' retrieved from /home/airflow/.local/lib/python3.12/site-packages/airflow/example_dags/tutorial_objectstorage.py
[2024-08-24T11:30:13.333+0000] {logging_mixin.py:190} INFO - [2024-08-24T11:30:13.333+0000] {dag.py:3211} INFO - Sync 1 DAGs
[2024-08-24T11:30:13.340+0000] {logging_mixin.py:190} INFO - [2024-08-24T11:30:13.340+0000] {dag.py:4138} INFO - Setting next_dagrun for tutorial_objectstorage to None, run_after=None
[2024-08-24T11:30:13.350+0000] {processor.py:208} INFO - Processing /home/airflow/.local/lib/python3.12/site-packages/airflow/example_dags/tutorial_objectstorage.py took 0.037 seconds
[2024-08-24T11:30:44.317+0000] {processor.py:186} INFO - Started process (PID=1247) to work on /home/airflow/.local/lib/python3.12/site-packages/airflow/example_dags/tutorial_objectstorage.py
[2024-08-24T11:30:44.318+0000] {processor.py:914} INFO - Processing file /home/airflow/.local/lib/python3.12/site-packages/airflow/example_dags/tutorial_objectstorage.py for tasks to queue
[2024-08-24T11:30:44.319+0000] {logging_mixin.py:190} INFO - [2024-08-24T11:30:44.319+0000] {dagbag.py:587} INFO - Filling up the DagBag from /home/airflow/.local/lib/python3.12/site-packages/airflow/example_dags/tutorial_objectstorage.py
[2024-08-24T11:30:44.326+0000] {processor.py:925} INFO - DAG(s) 'tutorial_objectstorage' retrieved from /home/airflow/.local/lib/python3.12/site-packages/airflow/example_dags/tutorial_objectstorage.py
[2024-08-24T11:30:44.340+0000] {logging_mixin.py:190} INFO - [2024-08-24T11:30:44.340+0000] {dag.py:3211} INFO - Sync 1 DAGs
[2024-08-24T11:30:44.347+0000] {logging_mixin.py:190} INFO - [2024-08-24T11:30:44.347+0000] {dag.py:4138} INFO - Setting next_dagrun for tutorial_objectstorage to None, run_after=None
[2024-08-24T11:30:44.356+0000] {processor.py:208} INFO - Processing /home/airflow/.local/lib/python3.12/site-packages/airflow/example_dags/tutorial_objectstorage.py took 0.042 seconds
[2024-08-24T11:31:15.372+0000] {processor.py:186} INFO - Started process (PID=1309) to work on /home/airflow/.local/lib/python3.12/site-packages/airflow/example_dags/tutorial_objectstorage.py
[2024-08-24T11:31:15.372+0000] {processor.py:914} INFO - Processing file /home/airflow/.local/lib/python3.12/site-packages/airflow/example_dags/tutorial_objectstorage.py for tasks to queue
[2024-08-24T11:31:15.373+0000] {logging_mixin.py:190} INFO - [2024-08-24T11:31:15.373+0000] {dagbag.py:587} INFO - Filling up the DagBag from /home/airflow/.local/lib/python3.12/site-packages/airflow/example_dags/tutorial_objectstorage.py
[2024-08-24T11:31:15.378+0000] {processor.py:925} INFO - DAG(s) 'tutorial_objectstorage' retrieved from /home/airflow/.local/lib/python3.12/site-packages/airflow/example_dags/tutorial_objectstorage.py
[2024-08-24T11:31:15.389+0000] {logging_mixin.py:190} INFO - [2024-08-24T11:31:15.389+0000] {dag.py:3211} INFO - Sync 1 DAGs
[2024-08-24T11:31:15.397+0000] {logging_mixin.py:190} INFO - [2024-08-24T11:31:15.397+0000] {dag.py:4138} INFO - Setting next_dagrun for tutorial_objectstorage to None, run_after=None
[2024-08-24T11:31:15.406+0000] {processor.py:208} INFO - Processing /home/airflow/.local/lib/python3.12/site-packages/airflow/example_dags/tutorial_objectstorage.py took 0.037 seconds
[2024-08-24T11:31:46.338+0000] {processor.py:186} INFO - Started process (PID=1371) to work on /home/airflow/.local/lib/python3.12/site-packages/airflow/example_dags/tutorial_objectstorage.py
[2024-08-24T11:31:46.339+0000] {processor.py:914} INFO - Processing file /home/airflow/.local/lib/python3.12/site-packages/airflow/example_dags/tutorial_objectstorage.py for tasks to queue
[2024-08-24T11:31:46.340+0000] {logging_mixin.py:190} INFO - [2024-08-24T11:31:46.340+0000] {dagbag.py:587} INFO - Filling up the DagBag from /home/airflow/.local/lib/python3.12/site-packages/airflow/example_dags/tutorial_objectstorage.py
[2024-08-24T11:31:46.344+0000] {processor.py:925} INFO - DAG(s) 'tutorial_objectstorage' retrieved from /home/airflow/.local/lib/python3.12/site-packages/airflow/example_dags/tutorial_objectstorage.py
[2024-08-24T11:31:46.355+0000] {logging_mixin.py:190} INFO - [2024-08-24T11:31:46.355+0000] {dag.py:3211} INFO - Sync 1 DAGs
[2024-08-24T11:31:46.362+0000] {logging_mixin.py:190} INFO - [2024-08-24T11:31:46.362+0000] {dag.py:4138} INFO - Setting next_dagrun for tutorial_objectstorage to None, run_after=None
[2024-08-24T11:31:46.371+0000] {processor.py:208} INFO - Processing /home/airflow/.local/lib/python3.12/site-packages/airflow/example_dags/tutorial_objectstorage.py took 0.036 seconds
[2024-08-24T11:32:16.522+0000] {processor.py:186} INFO - Started process (PID=1433) to work on /home/airflow/.local/lib/python3.12/site-packages/airflow/example_dags/tutorial_objectstorage.py
[2024-08-24T11:32:16.522+0000] {processor.py:914} INFO - Processing file /home/airflow/.local/lib/python3.12/site-packages/airflow/example_dags/tutorial_objectstorage.py for tasks to queue
[2024-08-24T11:32:16.524+0000] {logging_mixin.py:190} INFO - [2024-08-24T11:32:16.524+0000] {dagbag.py:587} INFO - Filling up the DagBag from /home/airflow/.local/lib/python3.12/site-packages/airflow/example_dags/tutorial_objectstorage.py
[2024-08-24T11:32:16.528+0000] {processor.py:925} INFO - DAG(s) 'tutorial_objectstorage' retrieved from /home/airflow/.local/lib/python3.12/site-packages/airflow/example_dags/tutorial_objectstorage.py
[2024-08-24T11:32:16.538+0000] {logging_mixin.py:190} INFO - [2024-08-24T11:32:16.538+0000] {dag.py:3211} INFO - Sync 1 DAGs
[2024-08-24T11:32:16.545+0000] {logging_mixin.py:190} INFO - [2024-08-24T11:32:16.545+0000] {dag.py:4138} INFO - Setting next_dagrun for tutorial_objectstorage to None, run_after=None
[2024-08-24T11:32:16.554+0000] {processor.py:208} INFO - Processing /home/airflow/.local/lib/python3.12/site-packages/airflow/example_dags/tutorial_objectstorage.py took 0.035 seconds
[2024-08-24T11:32:46.781+0000] {processor.py:186} INFO - Started process (PID=1495) to work on /home/airflow/.local/lib/python3.12/site-packages/airflow/example_dags/tutorial_objectstorage.py
[2024-08-24T11:32:46.782+0000] {processor.py:914} INFO - Processing file /home/airflow/.local/lib/python3.12/site-packages/airflow/example_dags/tutorial_objectstorage.py for tasks to queue
[2024-08-24T11:32:46.783+0000] {logging_mixin.py:190} INFO - [2024-08-24T11:32:46.782+0000] {dagbag.py:587} INFO - Filling up the DagBag from /home/airflow/.local/lib/python3.12/site-packages/airflow/example_dags/tutorial_objectstorage.py
[2024-08-24T11:32:46.787+0000] {processor.py:925} INFO - DAG(s) 'tutorial_objectstorage' retrieved from /home/airflow/.local/lib/python3.12/site-packages/airflow/example_dags/tutorial_objectstorage.py
[2024-08-24T11:32:46.799+0000] {logging_mixin.py:190} INFO - [2024-08-24T11:32:46.799+0000] {dag.py:3211} INFO - Sync 1 DAGs
[2024-08-24T11:32:46.811+0000] {logging_mixin.py:190} INFO - [2024-08-24T11:32:46.811+0000] {dag.py:4138} INFO - Setting next_dagrun for tutorial_objectstorage to None, run_after=None
[2024-08-24T11:32:46.825+0000] {processor.py:208} INFO - Processing /home/airflow/.local/lib/python3.12/site-packages/airflow/example_dags/tutorial_objectstorage.py took 0.047 seconds
[2024-08-24T11:33:16.989+0000] {processor.py:186} INFO - Started process (PID=1557) to work on /home/airflow/.local/lib/python3.12/site-packages/airflow/example_dags/tutorial_objectstorage.py
[2024-08-24T11:33:16.990+0000] {processor.py:914} INFO - Processing file /home/airflow/.local/lib/python3.12/site-packages/airflow/example_dags/tutorial_objectstorage.py for tasks to queue
[2024-08-24T11:33:16.991+0000] {logging_mixin.py:190} INFO - [2024-08-24T11:33:16.991+0000] {dagbag.py:587} INFO - Filling up the DagBag from /home/airflow/.local/lib/python3.12/site-packages/airflow/example_dags/tutorial_objectstorage.py
[2024-08-24T11:33:16.996+0000] {processor.py:925} INFO - DAG(s) 'tutorial_objectstorage' retrieved from /home/airflow/.local/lib/python3.12/site-packages/airflow/example_dags/tutorial_objectstorage.py
[2024-08-24T11:33:17.009+0000] {logging_mixin.py:190} INFO - [2024-08-24T11:33:17.009+0000] {dag.py:3211} INFO - Sync 1 DAGs
[2024-08-24T11:33:17.016+0000] {logging_mixin.py:190} INFO - [2024-08-24T11:33:17.016+0000] {dag.py:4138} INFO - Setting next_dagrun for tutorial_objectstorage to None, run_after=None
[2024-08-24T11:33:17.025+0000] {processor.py:208} INFO - Processing /home/airflow/.local/lib/python3.12/site-packages/airflow/example_dags/tutorial_objectstorage.py took 0.041 seconds
[2024-08-24T11:33:47.071+0000] {processor.py:186} INFO - Started process (PID=1619) to work on /home/airflow/.local/lib/python3.12/site-packages/airflow/example_dags/tutorial_objectstorage.py
[2024-08-24T11:33:47.072+0000] {processor.py:914} INFO - Processing file /home/airflow/.local/lib/python3.12/site-packages/airflow/example_dags/tutorial_objectstorage.py for tasks to queue
[2024-08-24T11:33:47.073+0000] {logging_mixin.py:190} INFO - [2024-08-24T11:33:47.073+0000] {dagbag.py:587} INFO - Filling up the DagBag from /home/airflow/.local/lib/python3.12/site-packages/airflow/example_dags/tutorial_objectstorage.py
[2024-08-24T11:33:47.078+0000] {processor.py:925} INFO - DAG(s) 'tutorial_objectstorage' retrieved from /home/airflow/.local/lib/python3.12/site-packages/airflow/example_dags/tutorial_objectstorage.py
[2024-08-24T11:33:47.090+0000] {logging_mixin.py:190} INFO - [2024-08-24T11:33:47.090+0000] {dag.py:3211} INFO - Sync 1 DAGs
[2024-08-24T11:33:47.099+0000] {logging_mixin.py:190} INFO - [2024-08-24T11:33:47.099+0000] {dag.py:4138} INFO - Setting next_dagrun for tutorial_objectstorage to None, run_after=None
[2024-08-24T11:33:47.112+0000] {processor.py:208} INFO - Processing /home/airflow/.local/lib/python3.12/site-packages/airflow/example_dags/tutorial_objectstorage.py took 0.045 seconds
[2024-08-24T11:34:17.336+0000] {processor.py:186} INFO - Started process (PID=1681) to work on /home/airflow/.local/lib/python3.12/site-packages/airflow/example_dags/tutorial_objectstorage.py
[2024-08-24T11:34:17.336+0000] {processor.py:914} INFO - Processing file /home/airflow/.local/lib/python3.12/site-packages/airflow/example_dags/tutorial_objectstorage.py for tasks to queue
[2024-08-24T11:34:17.338+0000] {logging_mixin.py:190} INFO - [2024-08-24T11:34:17.338+0000] {dagbag.py:587} INFO - Filling up the DagBag from /home/airflow/.local/lib/python3.12/site-packages/airflow/example_dags/tutorial_objectstorage.py
[2024-08-24T11:34:17.342+0000] {processor.py:925} INFO - DAG(s) 'tutorial_objectstorage' retrieved from /home/airflow/.local/lib/python3.12/site-packages/airflow/example_dags/tutorial_objectstorage.py
[2024-08-24T11:34:17.352+0000] {logging_mixin.py:190} INFO - [2024-08-24T11:34:17.352+0000] {dag.py:3211} INFO - Sync 1 DAGs
[2024-08-24T11:34:17.360+0000] {logging_mixin.py:190} INFO - [2024-08-24T11:34:17.360+0000] {dag.py:4138} INFO - Setting next_dagrun for tutorial_objectstorage to None, run_after=None
[2024-08-24T11:34:17.368+0000] {processor.py:208} INFO - Processing /home/airflow/.local/lib/python3.12/site-packages/airflow/example_dags/tutorial_objectstorage.py took 0.036 seconds
[2024-08-24T11:34:47.650+0000] {processor.py:186} INFO - Started process (PID=1743) to work on /home/airflow/.local/lib/python3.12/site-packages/airflow/example_dags/tutorial_objectstorage.py
[2024-08-24T11:34:47.651+0000] {processor.py:914} INFO - Processing file /home/airflow/.local/lib/python3.12/site-packages/airflow/example_dags/tutorial_objectstorage.py for tasks to queue
[2024-08-24T11:34:47.652+0000] {logging_mixin.py:190} INFO - [2024-08-24T11:34:47.652+0000] {dagbag.py:587} INFO - Filling up the DagBag from /home/airflow/.local/lib/python3.12/site-packages/airflow/example_dags/tutorial_objectstorage.py
[2024-08-24T11:34:47.657+0000] {processor.py:925} INFO - DAG(s) 'tutorial_objectstorage' retrieved from /home/airflow/.local/lib/python3.12/site-packages/airflow/example_dags/tutorial_objectstorage.py
[2024-08-24T11:34:47.667+0000] {logging_mixin.py:190} INFO - [2024-08-24T11:34:47.667+0000] {dag.py:3211} INFO - Sync 1 DAGs
[2024-08-24T11:34:47.674+0000] {logging_mixin.py:190} INFO - [2024-08-24T11:34:47.674+0000] {dag.py:4138} INFO - Setting next_dagrun for tutorial_objectstorage to None, run_after=None
[2024-08-24T11:34:47.683+0000] {processor.py:208} INFO - Processing /home/airflow/.local/lib/python3.12/site-packages/airflow/example_dags/tutorial_objectstorage.py took 0.035 seconds
[2024-08-24T11:35:17.959+0000] {processor.py:186} INFO - Started process (PID=1805) to work on /home/airflow/.local/lib/python3.12/site-packages/airflow/example_dags/tutorial_objectstorage.py
[2024-08-24T11:35:17.959+0000] {processor.py:914} INFO - Processing file /home/airflow/.local/lib/python3.12/site-packages/airflow/example_dags/tutorial_objectstorage.py for tasks to queue
[2024-08-24T11:35:17.961+0000] {logging_mixin.py:190} INFO - [2024-08-24T11:35:17.960+0000] {dagbag.py:587} INFO - Filling up the DagBag from /home/airflow/.local/lib/python3.12/site-packages/airflow/example_dags/tutorial_objectstorage.py
[2024-08-24T11:35:17.965+0000] {processor.py:925} INFO - DAG(s) 'tutorial_objectstorage' retrieved from /home/airflow/.local/lib/python3.12/site-packages/airflow/example_dags/tutorial_objectstorage.py
[2024-08-24T11:35:17.977+0000] {logging_mixin.py:190} INFO - [2024-08-24T11:35:17.976+0000] {dag.py:3211} INFO - Sync 1 DAGs
[2024-08-24T11:35:17.984+0000] {logging_mixin.py:190} INFO - [2024-08-24T11:35:17.984+0000] {dag.py:4138} INFO - Setting next_dagrun for tutorial_objectstorage to None, run_after=None
[2024-08-24T11:35:17.993+0000] {processor.py:208} INFO - Processing /home/airflow/.local/lib/python3.12/site-packages/airflow/example_dags/tutorial_objectstorage.py took 0.037 seconds
[2024-08-24T11:35:48.206+0000] {processor.py:186} INFO - Started process (PID=1867) to work on /home/airflow/.local/lib/python3.12/site-packages/airflow/example_dags/tutorial_objectstorage.py
[2024-08-24T11:35:48.207+0000] {processor.py:914} INFO - Processing file /home/airflow/.local/lib/python3.12/site-packages/airflow/example_dags/tutorial_objectstorage.py for tasks to queue
[2024-08-24T11:35:48.209+0000] {logging_mixin.py:190} INFO - [2024-08-24T11:35:48.208+0000] {dagbag.py:587} INFO - Filling up the DagBag from /home/airflow/.local/lib/python3.12/site-packages/airflow/example_dags/tutorial_objectstorage.py
[2024-08-24T11:35:48.215+0000] {processor.py:925} INFO - DAG(s) 'tutorial_objectstorage' retrieved from /home/airflow/.local/lib/python3.12/site-packages/airflow/example_dags/tutorial_objectstorage.py
[2024-08-24T11:35:48.226+0000] {logging_mixin.py:190} INFO - [2024-08-24T11:35:48.226+0000] {dag.py:3211} INFO - Sync 1 DAGs
[2024-08-24T11:35:48.234+0000] {logging_mixin.py:190} INFO - [2024-08-24T11:35:48.234+0000] {dag.py:4138} INFO - Setting next_dagrun for tutorial_objectstorage to None, run_after=None
[2024-08-24T11:35:48.243+0000] {processor.py:208} INFO - Processing /home/airflow/.local/lib/python3.12/site-packages/airflow/example_dags/tutorial_objectstorage.py took 0.041 seconds
[2024-08-24T11:36:18.577+0000] {processor.py:186} INFO - Started process (PID=1929) to work on /home/airflow/.local/lib/python3.12/site-packages/airflow/example_dags/tutorial_objectstorage.py
[2024-08-24T11:36:18.578+0000] {processor.py:914} INFO - Processing file /home/airflow/.local/lib/python3.12/site-packages/airflow/example_dags/tutorial_objectstorage.py for tasks to queue
[2024-08-24T11:36:18.579+0000] {logging_mixin.py:190} INFO - [2024-08-24T11:36:18.579+0000] {dagbag.py:587} INFO - Filling up the DagBag from /home/airflow/.local/lib/python3.12/site-packages/airflow/example_dags/tutorial_objectstorage.py
[2024-08-24T11:36:18.584+0000] {processor.py:925} INFO - DAG(s) 'tutorial_objectstorage' retrieved from /home/airflow/.local/lib/python3.12/site-packages/airflow/example_dags/tutorial_objectstorage.py
[2024-08-24T11:36:18.594+0000] {logging_mixin.py:190} INFO - [2024-08-24T11:36:18.593+0000] {dag.py:3211} INFO - Sync 1 DAGs
[2024-08-24T11:36:18.601+0000] {logging_mixin.py:190} INFO - [2024-08-24T11:36:18.601+0000] {dag.py:4138} INFO - Setting next_dagrun for tutorial_objectstorage to None, run_after=None
[2024-08-24T11:36:18.609+0000] {processor.py:208} INFO - Processing /home/airflow/.local/lib/python3.12/site-packages/airflow/example_dags/tutorial_objectstorage.py took 0.037 seconds
[2024-08-24T11:36:48.968+0000] {processor.py:186} INFO - Started process (PID=1991) to work on /home/airflow/.local/lib/python3.12/site-packages/airflow/example_dags/tutorial_objectstorage.py
[2024-08-24T11:36:48.969+0000] {processor.py:914} INFO - Processing file /home/airflow/.local/lib/python3.12/site-packages/airflow/example_dags/tutorial_objectstorage.py for tasks to queue
[2024-08-24T11:36:48.970+0000] {logging_mixin.py:190} INFO - [2024-08-24T11:36:48.970+0000] {dagbag.py:587} INFO - Filling up the DagBag from /home/airflow/.local/lib/python3.12/site-packages/airflow/example_dags/tutorial_objectstorage.py
[2024-08-24T11:36:48.974+0000] {processor.py:925} INFO - DAG(s) 'tutorial_objectstorage' retrieved from /home/airflow/.local/lib/python3.12/site-packages/airflow/example_dags/tutorial_objectstorage.py
[2024-08-24T11:36:48.987+0000] {logging_mixin.py:190} INFO - [2024-08-24T11:36:48.987+0000] {dag.py:3211} INFO - Sync 1 DAGs
[2024-08-24T11:36:48.996+0000] {logging_mixin.py:190} INFO - [2024-08-24T11:36:48.996+0000] {dag.py:4138} INFO - Setting next_dagrun for tutorial_objectstorage to None, run_after=None
[2024-08-24T11:36:49.008+0000] {processor.py:208} INFO - Processing /home/airflow/.local/lib/python3.12/site-packages/airflow/example_dags/tutorial_objectstorage.py took 0.043 seconds
[2024-08-24T11:37:19.251+0000] {processor.py:186} INFO - Started process (PID=2053) to work on /home/airflow/.local/lib/python3.12/site-packages/airflow/example_dags/tutorial_objectstorage.py
[2024-08-24T11:37:19.251+0000] {processor.py:914} INFO - Processing file /home/airflow/.local/lib/python3.12/site-packages/airflow/example_dags/tutorial_objectstorage.py for tasks to queue
[2024-08-24T11:37:19.253+0000] {logging_mixin.py:190} INFO - [2024-08-24T11:37:19.252+0000] {dagbag.py:587} INFO - Filling up the DagBag from /home/airflow/.local/lib/python3.12/site-packages/airflow/example_dags/tutorial_objectstorage.py
[2024-08-24T11:37:19.257+0000] {processor.py:925} INFO - DAG(s) 'tutorial_objectstorage' retrieved from /home/airflow/.local/lib/python3.12/site-packages/airflow/example_dags/tutorial_objectstorage.py
[2024-08-24T11:37:19.270+0000] {logging_mixin.py:190} INFO - [2024-08-24T11:37:19.270+0000] {dag.py:3211} INFO - Sync 1 DAGs
[2024-08-24T11:37:19.282+0000] {logging_mixin.py:190} INFO - [2024-08-24T11:37:19.282+0000] {dag.py:4138} INFO - Setting next_dagrun for tutorial_objectstorage to None, run_after=None
[2024-08-24T11:37:19.296+0000] {processor.py:208} INFO - Processing /home/airflow/.local/lib/python3.12/site-packages/airflow/example_dags/tutorial_objectstorage.py took 0.048 seconds
[2024-08-24T11:37:49.696+0000] {processor.py:186} INFO - Started process (PID=2116) to work on /home/airflow/.local/lib/python3.12/site-packages/airflow/example_dags/tutorial_objectstorage.py
[2024-08-24T11:37:49.696+0000] {processor.py:914} INFO - Processing file /home/airflow/.local/lib/python3.12/site-packages/airflow/example_dags/tutorial_objectstorage.py for tasks to queue
[2024-08-24T11:37:49.698+0000] {logging_mixin.py:190} INFO - [2024-08-24T11:37:49.697+0000] {dagbag.py:587} INFO - Filling up the DagBag from /home/airflow/.local/lib/python3.12/site-packages/airflow/example_dags/tutorial_objectstorage.py
[2024-08-24T11:37:49.702+0000] {processor.py:925} INFO - DAG(s) 'tutorial_objectstorage' retrieved from /home/airflow/.local/lib/python3.12/site-packages/airflow/example_dags/tutorial_objectstorage.py
[2024-08-24T11:37:49.716+0000] {logging_mixin.py:190} INFO - [2024-08-24T11:37:49.716+0000] {dag.py:3211} INFO - Sync 1 DAGs
[2024-08-24T11:37:49.737+0000] {logging_mixin.py:190} INFO - [2024-08-24T11:37:49.737+0000] {dag.py:4138} INFO - Setting next_dagrun for tutorial_objectstorage to None, run_after=None
[2024-08-24T11:37:49.750+0000] {processor.py:208} INFO - Processing /home/airflow/.local/lib/python3.12/site-packages/airflow/example_dags/tutorial_objectstorage.py took 0.059 seconds
[2024-08-24T11:38:20.332+0000] {processor.py:186} INFO - Started process (PID=2178) to work on /home/airflow/.local/lib/python3.12/site-packages/airflow/example_dags/tutorial_objectstorage.py
[2024-08-24T11:38:20.333+0000] {processor.py:914} INFO - Processing file /home/airflow/.local/lib/python3.12/site-packages/airflow/example_dags/tutorial_objectstorage.py for tasks to queue
[2024-08-24T11:38:20.334+0000] {logging_mixin.py:190} INFO - [2024-08-24T11:38:20.333+0000] {dagbag.py:587} INFO - Filling up the DagBag from /home/airflow/.local/lib/python3.12/site-packages/airflow/example_dags/tutorial_objectstorage.py
[2024-08-24T11:38:20.338+0000] {processor.py:925} INFO - DAG(s) 'tutorial_objectstorage' retrieved from /home/airflow/.local/lib/python3.12/site-packages/airflow/example_dags/tutorial_objectstorage.py
[2024-08-24T11:38:20.353+0000] {logging_mixin.py:190} INFO - [2024-08-24T11:38:20.352+0000] {dag.py:3211} INFO - Sync 1 DAGs
[2024-08-24T11:38:20.364+0000] {logging_mixin.py:190} INFO - [2024-08-24T11:38:20.364+0000] {dag.py:4138} INFO - Setting next_dagrun for tutorial_objectstorage to None, run_after=None
[2024-08-24T11:38:20.374+0000] {processor.py:208} INFO - Processing /home/airflow/.local/lib/python3.12/site-packages/airflow/example_dags/tutorial_objectstorage.py took 0.045 seconds
[2024-08-24T11:38:50.907+0000] {processor.py:186} INFO - Started process (PID=2239) to work on /home/airflow/.local/lib/python3.12/site-packages/airflow/example_dags/tutorial_objectstorage.py
[2024-08-24T11:38:50.908+0000] {processor.py:914} INFO - Processing file /home/airflow/.local/lib/python3.12/site-packages/airflow/example_dags/tutorial_objectstorage.py for tasks to queue
[2024-08-24T11:38:50.910+0000] {logging_mixin.py:190} INFO - [2024-08-24T11:38:50.909+0000] {dagbag.py:587} INFO - Filling up the DagBag from /home/airflow/.local/lib/python3.12/site-packages/airflow/example_dags/tutorial_objectstorage.py
[2024-08-24T11:38:50.916+0000] {processor.py:925} INFO - DAG(s) 'tutorial_objectstorage' retrieved from /home/airflow/.local/lib/python3.12/site-packages/airflow/example_dags/tutorial_objectstorage.py
[2024-08-24T11:38:50.930+0000] {logging_mixin.py:190} INFO - [2024-08-24T11:38:50.929+0000] {dag.py:3211} INFO - Sync 1 DAGs
[2024-08-24T11:38:50.942+0000] {logging_mixin.py:190} INFO - [2024-08-24T11:38:50.942+0000] {dag.py:4138} INFO - Setting next_dagrun for tutorial_objectstorage to None, run_after=None
[2024-08-24T11:38:50.955+0000] {processor.py:208} INFO - Processing /home/airflow/.local/lib/python3.12/site-packages/airflow/example_dags/tutorial_objectstorage.py took 0.052 seconds
[2024-08-24T11:39:21.283+0000] {processor.py:186} INFO - Started process (PID=2301) to work on /home/airflow/.local/lib/python3.12/site-packages/airflow/example_dags/tutorial_objectstorage.py
[2024-08-24T11:39:21.284+0000] {processor.py:914} INFO - Processing file /home/airflow/.local/lib/python3.12/site-packages/airflow/example_dags/tutorial_objectstorage.py for tasks to queue
[2024-08-24T11:39:21.285+0000] {logging_mixin.py:190} INFO - [2024-08-24T11:39:21.285+0000] {dagbag.py:587} INFO - Filling up the DagBag from /home/airflow/.local/lib/python3.12/site-packages/airflow/example_dags/tutorial_objectstorage.py
[2024-08-24T11:39:21.290+0000] {processor.py:925} INFO - DAG(s) 'tutorial_objectstorage' retrieved from /home/airflow/.local/lib/python3.12/site-packages/airflow/example_dags/tutorial_objectstorage.py
[2024-08-24T11:39:21.306+0000] {logging_mixin.py:190} INFO - [2024-08-24T11:39:21.306+0000] {dag.py:3211} INFO - Sync 1 DAGs
[2024-08-24T11:39:21.318+0000] {logging_mixin.py:190} INFO - [2024-08-24T11:39:21.318+0000] {dag.py:4138} INFO - Setting next_dagrun for tutorial_objectstorage to None, run_after=None
[2024-08-24T11:39:21.333+0000] {processor.py:208} INFO - Processing /home/airflow/.local/lib/python3.12/site-packages/airflow/example_dags/tutorial_objectstorage.py took 0.053 seconds
[2024-08-24T11:39:52.019+0000] {processor.py:186} INFO - Started process (PID=2363) to work on /home/airflow/.local/lib/python3.12/site-packages/airflow/example_dags/tutorial_objectstorage.py
[2024-08-24T11:39:52.020+0000] {processor.py:914} INFO - Processing file /home/airflow/.local/lib/python3.12/site-packages/airflow/example_dags/tutorial_objectstorage.py for tasks to queue
[2024-08-24T11:39:52.021+0000] {logging_mixin.py:190} INFO - [2024-08-24T11:39:52.021+0000] {dagbag.py:587} INFO - Filling up the DagBag from /home/airflow/.local/lib/python3.12/site-packages/airflow/example_dags/tutorial_objectstorage.py
[2024-08-24T11:39:52.026+0000] {processor.py:925} INFO - DAG(s) 'tutorial_objectstorage' retrieved from /home/airflow/.local/lib/python3.12/site-packages/airflow/example_dags/tutorial_objectstorage.py
[2024-08-24T11:39:52.039+0000] {logging_mixin.py:190} INFO - [2024-08-24T11:39:52.039+0000] {dag.py:3211} INFO - Sync 1 DAGs
[2024-08-24T11:39:52.046+0000] {logging_mixin.py:190} INFO - [2024-08-24T11:39:52.046+0000] {dag.py:4138} INFO - Setting next_dagrun for tutorial_objectstorage to None, run_after=None
[2024-08-24T11:39:52.055+0000] {processor.py:208} INFO - Processing /home/airflow/.local/lib/python3.12/site-packages/airflow/example_dags/tutorial_objectstorage.py took 0.039 seconds
[2024-08-24T11:40:22.541+0000] {processor.py:186} INFO - Started process (PID=2425) to work on /home/airflow/.local/lib/python3.12/site-packages/airflow/example_dags/tutorial_objectstorage.py
[2024-08-24T11:40:22.542+0000] {processor.py:914} INFO - Processing file /home/airflow/.local/lib/python3.12/site-packages/airflow/example_dags/tutorial_objectstorage.py for tasks to queue
[2024-08-24T11:40:22.543+0000] {logging_mixin.py:190} INFO - [2024-08-24T11:40:22.543+0000] {dagbag.py:587} INFO - Filling up the DagBag from /home/airflow/.local/lib/python3.12/site-packages/airflow/example_dags/tutorial_objectstorage.py
[2024-08-24T11:40:22.548+0000] {processor.py:925} INFO - DAG(s) 'tutorial_objectstorage' retrieved from /home/airflow/.local/lib/python3.12/site-packages/airflow/example_dags/tutorial_objectstorage.py
[2024-08-24T11:40:22.559+0000] {logging_mixin.py:190} INFO - [2024-08-24T11:40:22.559+0000] {dag.py:3211} INFO - Sync 1 DAGs
[2024-08-24T11:40:22.566+0000] {logging_mixin.py:190} INFO - [2024-08-24T11:40:22.566+0000] {dag.py:4138} INFO - Setting next_dagrun for tutorial_objectstorage to None, run_after=None
[2024-08-24T11:40:22.575+0000] {processor.py:208} INFO - Processing /home/airflow/.local/lib/python3.12/site-packages/airflow/example_dags/tutorial_objectstorage.py took 0.039 seconds
[2024-08-24T11:40:53.148+0000] {processor.py:186} INFO - Started process (PID=2487) to work on /home/airflow/.local/lib/python3.12/site-packages/airflow/example_dags/tutorial_objectstorage.py
[2024-08-24T11:40:53.149+0000] {processor.py:914} INFO - Processing file /home/airflow/.local/lib/python3.12/site-packages/airflow/example_dags/tutorial_objectstorage.py for tasks to queue
[2024-08-24T11:40:53.150+0000] {logging_mixin.py:190} INFO - [2024-08-24T11:40:53.150+0000] {dagbag.py:587} INFO - Filling up the DagBag from /home/airflow/.local/lib/python3.12/site-packages/airflow/example_dags/tutorial_objectstorage.py
[2024-08-24T11:40:53.155+0000] {processor.py:925} INFO - DAG(s) 'tutorial_objectstorage' retrieved from /home/airflow/.local/lib/python3.12/site-packages/airflow/example_dags/tutorial_objectstorage.py
[2024-08-24T11:40:53.166+0000] {logging_mixin.py:190} INFO - [2024-08-24T11:40:53.166+0000] {dag.py:3211} INFO - Sync 1 DAGs
[2024-08-24T11:40:53.173+0000] {logging_mixin.py:190} INFO - [2024-08-24T11:40:53.173+0000] {dag.py:4138} INFO - Setting next_dagrun for tutorial_objectstorage to None, run_after=None
[2024-08-24T11:40:53.182+0000] {processor.py:208} INFO - Processing /home/airflow/.local/lib/python3.12/site-packages/airflow/example_dags/tutorial_objectstorage.py took 0.037 seconds
[2024-08-24T11:41:23.653+0000] {processor.py:186} INFO - Started process (PID=2549) to work on /home/airflow/.local/lib/python3.12/site-packages/airflow/example_dags/tutorial_objectstorage.py
[2024-08-24T11:41:23.653+0000] {processor.py:914} INFO - Processing file /home/airflow/.local/lib/python3.12/site-packages/airflow/example_dags/tutorial_objectstorage.py for tasks to queue
[2024-08-24T11:41:23.654+0000] {logging_mixin.py:190} INFO - [2024-08-24T11:41:23.654+0000] {dagbag.py:587} INFO - Filling up the DagBag from /home/airflow/.local/lib/python3.12/site-packages/airflow/example_dags/tutorial_objectstorage.py
[2024-08-24T11:41:23.659+0000] {processor.py:925} INFO - DAG(s) 'tutorial_objectstorage' retrieved from /home/airflow/.local/lib/python3.12/site-packages/airflow/example_dags/tutorial_objectstorage.py
[2024-08-24T11:41:23.670+0000] {logging_mixin.py:190} INFO - [2024-08-24T11:41:23.670+0000] {dag.py:3211} INFO - Sync 1 DAGs
[2024-08-24T11:41:23.677+0000] {logging_mixin.py:190} INFO - [2024-08-24T11:41:23.677+0000] {dag.py:4138} INFO - Setting next_dagrun for tutorial_objectstorage to None, run_after=None
[2024-08-24T11:41:23.687+0000] {processor.py:208} INFO - Processing /home/airflow/.local/lib/python3.12/site-packages/airflow/example_dags/tutorial_objectstorage.py took 0.037 seconds
[2024-08-24T11:41:54.158+0000] {processor.py:186} INFO - Started process (PID=2611) to work on /home/airflow/.local/lib/python3.12/site-packages/airflow/example_dags/tutorial_objectstorage.py
[2024-08-24T11:41:54.159+0000] {processor.py:914} INFO - Processing file /home/airflow/.local/lib/python3.12/site-packages/airflow/example_dags/tutorial_objectstorage.py for tasks to queue
[2024-08-24T11:41:54.160+0000] {logging_mixin.py:190} INFO - [2024-08-24T11:41:54.159+0000] {dagbag.py:587} INFO - Filling up the DagBag from /home/airflow/.local/lib/python3.12/site-packages/airflow/example_dags/tutorial_objectstorage.py
[2024-08-24T11:41:54.164+0000] {processor.py:925} INFO - DAG(s) 'tutorial_objectstorage' retrieved from /home/airflow/.local/lib/python3.12/site-packages/airflow/example_dags/tutorial_objectstorage.py
[2024-08-24T11:41:54.174+0000] {logging_mixin.py:190} INFO - [2024-08-24T11:41:54.174+0000] {dag.py:3211} INFO - Sync 1 DAGs
[2024-08-24T11:41:54.182+0000] {logging_mixin.py:190} INFO - [2024-08-24T11:41:54.181+0000] {dag.py:4138} INFO - Setting next_dagrun for tutorial_objectstorage to None, run_after=None
[2024-08-24T11:41:54.195+0000] {processor.py:208} INFO - Processing /home/airflow/.local/lib/python3.12/site-packages/airflow/example_dags/tutorial_objectstorage.py took 0.040 seconds
[2024-08-24T11:42:24.623+0000] {processor.py:186} INFO - Started process (PID=2673) to work on /home/airflow/.local/lib/python3.12/site-packages/airflow/example_dags/tutorial_objectstorage.py
[2024-08-24T11:42:24.624+0000] {processor.py:914} INFO - Processing file /home/airflow/.local/lib/python3.12/site-packages/airflow/example_dags/tutorial_objectstorage.py for tasks to queue
[2024-08-24T11:42:24.625+0000] {logging_mixin.py:190} INFO - [2024-08-24T11:42:24.625+0000] {dagbag.py:587} INFO - Filling up the DagBag from /home/airflow/.local/lib/python3.12/site-packages/airflow/example_dags/tutorial_objectstorage.py
[2024-08-24T11:42:24.629+0000] {processor.py:925} INFO - DAG(s) 'tutorial_objectstorage' retrieved from /home/airflow/.local/lib/python3.12/site-packages/airflow/example_dags/tutorial_objectstorage.py
[2024-08-24T11:42:24.641+0000] {logging_mixin.py:190} INFO - [2024-08-24T11:42:24.641+0000] {dag.py:3211} INFO - Sync 1 DAGs
[2024-08-24T11:42:24.648+0000] {logging_mixin.py:190} INFO - [2024-08-24T11:42:24.648+0000] {dag.py:4138} INFO - Setting next_dagrun for tutorial_objectstorage to None, run_after=None
[2024-08-24T11:42:24.657+0000] {processor.py:208} INFO - Processing /home/airflow/.local/lib/python3.12/site-packages/airflow/example_dags/tutorial_objectstorage.py took 0.038 seconds
[2024-08-24T11:42:55.131+0000] {processor.py:186} INFO - Started process (PID=2735) to work on /home/airflow/.local/lib/python3.12/site-packages/airflow/example_dags/tutorial_objectstorage.py
[2024-08-24T11:42:55.132+0000] {processor.py:914} INFO - Processing file /home/airflow/.local/lib/python3.12/site-packages/airflow/example_dags/tutorial_objectstorage.py for tasks to queue
[2024-08-24T11:42:55.133+0000] {logging_mixin.py:190} INFO - [2024-08-24T11:42:55.133+0000] {dagbag.py:587} INFO - Filling up the DagBag from /home/airflow/.local/lib/python3.12/site-packages/airflow/example_dags/tutorial_objectstorage.py
[2024-08-24T11:42:55.138+0000] {processor.py:925} INFO - DAG(s) 'tutorial_objectstorage' retrieved from /home/airflow/.local/lib/python3.12/site-packages/airflow/example_dags/tutorial_objectstorage.py
[2024-08-24T11:42:55.150+0000] {logging_mixin.py:190} INFO - [2024-08-24T11:42:55.150+0000] {dag.py:3211} INFO - Sync 1 DAGs
[2024-08-24T11:42:55.160+0000] {logging_mixin.py:190} INFO - [2024-08-24T11:42:55.160+0000] {dag.py:4138} INFO - Setting next_dagrun for tutorial_objectstorage to None, run_after=None
[2024-08-24T11:42:55.174+0000] {processor.py:208} INFO - Processing /home/airflow/.local/lib/python3.12/site-packages/airflow/example_dags/tutorial_objectstorage.py took 0.046 seconds
[2024-08-24T11:43:25.549+0000] {processor.py:186} INFO - Started process (PID=2797) to work on /home/airflow/.local/lib/python3.12/site-packages/airflow/example_dags/tutorial_objectstorage.py
[2024-08-24T11:43:25.550+0000] {processor.py:914} INFO - Processing file /home/airflow/.local/lib/python3.12/site-packages/airflow/example_dags/tutorial_objectstorage.py for tasks to queue
[2024-08-24T11:43:25.551+0000] {logging_mixin.py:190} INFO - [2024-08-24T11:43:25.551+0000] {dagbag.py:587} INFO - Filling up the DagBag from /home/airflow/.local/lib/python3.12/site-packages/airflow/example_dags/tutorial_objectstorage.py
[2024-08-24T11:43:25.556+0000] {processor.py:925} INFO - DAG(s) 'tutorial_objectstorage' retrieved from /home/airflow/.local/lib/python3.12/site-packages/airflow/example_dags/tutorial_objectstorage.py
[2024-08-24T11:43:25.567+0000] {logging_mixin.py:190} INFO - [2024-08-24T11:43:25.566+0000] {dag.py:3211} INFO - Sync 1 DAGs
[2024-08-24T11:43:25.574+0000] {logging_mixin.py:190} INFO - [2024-08-24T11:43:25.574+0000] {dag.py:4138} INFO - Setting next_dagrun for tutorial_objectstorage to None, run_after=None
[2024-08-24T11:43:25.583+0000] {processor.py:208} INFO - Processing /home/airflow/.local/lib/python3.12/site-packages/airflow/example_dags/tutorial_objectstorage.py took 0.038 seconds
[2024-08-24T11:43:56.067+0000] {processor.py:186} INFO - Started process (PID=2859) to work on /home/airflow/.local/lib/python3.12/site-packages/airflow/example_dags/tutorial_objectstorage.py
[2024-08-24T11:43:56.068+0000] {processor.py:914} INFO - Processing file /home/airflow/.local/lib/python3.12/site-packages/airflow/example_dags/tutorial_objectstorage.py for tasks to queue
[2024-08-24T11:43:56.069+0000] {logging_mixin.py:190} INFO - [2024-08-24T11:43:56.068+0000] {dagbag.py:587} INFO - Filling up the DagBag from /home/airflow/.local/lib/python3.12/site-packages/airflow/example_dags/tutorial_objectstorage.py
[2024-08-24T11:43:56.073+0000] {processor.py:925} INFO - DAG(s) 'tutorial_objectstorage' retrieved from /home/airflow/.local/lib/python3.12/site-packages/airflow/example_dags/tutorial_objectstorage.py
[2024-08-24T11:43:56.083+0000] {logging_mixin.py:190} INFO - [2024-08-24T11:43:56.083+0000] {dag.py:3211} INFO - Sync 1 DAGs
[2024-08-24T11:43:56.091+0000] {logging_mixin.py:190} INFO - [2024-08-24T11:43:56.091+0000] {dag.py:4138} INFO - Setting next_dagrun for tutorial_objectstorage to None, run_after=None
[2024-08-24T11:43:56.099+0000] {processor.py:208} INFO - Processing /home/airflow/.local/lib/python3.12/site-packages/airflow/example_dags/tutorial_objectstorage.py took 0.036 seconds
[2024-08-24T11:44:27.106+0000] {processor.py:186} INFO - Started process (PID=2921) to work on /home/airflow/.local/lib/python3.12/site-packages/airflow/example_dags/tutorial_objectstorage.py
[2024-08-24T11:44:27.107+0000] {processor.py:914} INFO - Processing file /home/airflow/.local/lib/python3.12/site-packages/airflow/example_dags/tutorial_objectstorage.py for tasks to queue
[2024-08-24T11:44:27.108+0000] {logging_mixin.py:190} INFO - [2024-08-24T11:44:27.108+0000] {dagbag.py:587} INFO - Filling up the DagBag from /home/airflow/.local/lib/python3.12/site-packages/airflow/example_dags/tutorial_objectstorage.py
[2024-08-24T11:44:27.113+0000] {processor.py:925} INFO - DAG(s) 'tutorial_objectstorage' retrieved from /home/airflow/.local/lib/python3.12/site-packages/airflow/example_dags/tutorial_objectstorage.py
[2024-08-24T11:44:27.126+0000] {logging_mixin.py:190} INFO - [2024-08-24T11:44:27.126+0000] {dag.py:3211} INFO - Sync 1 DAGs
[2024-08-24T11:44:27.134+0000] {logging_mixin.py:190} INFO - [2024-08-24T11:44:27.134+0000] {dag.py:4138} INFO - Setting next_dagrun for tutorial_objectstorage to None, run_after=None
[2024-08-24T11:44:27.149+0000] {processor.py:208} INFO - Processing /home/airflow/.local/lib/python3.12/site-packages/airflow/example_dags/tutorial_objectstorage.py took 0.048 seconds
[2024-08-24T11:44:58.132+0000] {processor.py:186} INFO - Started process (PID=2984) to work on /home/airflow/.local/lib/python3.12/site-packages/airflow/example_dags/tutorial_objectstorage.py
[2024-08-24T11:44:58.132+0000] {processor.py:914} INFO - Processing file /home/airflow/.local/lib/python3.12/site-packages/airflow/example_dags/tutorial_objectstorage.py for tasks to queue
[2024-08-24T11:44:58.133+0000] {logging_mixin.py:190} INFO - [2024-08-24T11:44:58.133+0000] {dagbag.py:587} INFO - Filling up the DagBag from /home/airflow/.local/lib/python3.12/site-packages/airflow/example_dags/tutorial_objectstorage.py
[2024-08-24T11:44:58.139+0000] {processor.py:925} INFO - DAG(s) 'tutorial_objectstorage' retrieved from /home/airflow/.local/lib/python3.12/site-packages/airflow/example_dags/tutorial_objectstorage.py
[2024-08-24T11:44:58.151+0000] {logging_mixin.py:190} INFO - [2024-08-24T11:44:58.151+0000] {dag.py:3211} INFO - Sync 1 DAGs
[2024-08-24T11:44:58.163+0000] {logging_mixin.py:190} INFO - [2024-08-24T11:44:58.162+0000] {dag.py:4138} INFO - Setting next_dagrun for tutorial_objectstorage to None, run_after=None
[2024-08-24T11:44:58.172+0000] {processor.py:208} INFO - Processing /home/airflow/.local/lib/python3.12/site-packages/airflow/example_dags/tutorial_objectstorage.py took 0.044 seconds
[2024-08-24T11:45:28.492+0000] {processor.py:186} INFO - Started process (PID=3047) to work on /home/airflow/.local/lib/python3.12/site-packages/airflow/example_dags/tutorial_objectstorage.py
[2024-08-24T11:45:28.493+0000] {processor.py:914} INFO - Processing file /home/airflow/.local/lib/python3.12/site-packages/airflow/example_dags/tutorial_objectstorage.py for tasks to queue
[2024-08-24T11:45:28.494+0000] {logging_mixin.py:190} INFO - [2024-08-24T11:45:28.494+0000] {dagbag.py:587} INFO - Filling up the DagBag from /home/airflow/.local/lib/python3.12/site-packages/airflow/example_dags/tutorial_objectstorage.py
[2024-08-24T11:45:28.498+0000] {processor.py:925} INFO - DAG(s) 'tutorial_objectstorage' retrieved from /home/airflow/.local/lib/python3.12/site-packages/airflow/example_dags/tutorial_objectstorage.py
[2024-08-24T11:45:28.508+0000] {logging_mixin.py:190} INFO - [2024-08-24T11:45:28.508+0000] {dag.py:3211} INFO - Sync 1 DAGs
[2024-08-24T11:45:28.515+0000] {logging_mixin.py:190} INFO - [2024-08-24T11:45:28.515+0000] {dag.py:4138} INFO - Setting next_dagrun for tutorial_objectstorage to None, run_after=None
[2024-08-24T11:45:28.524+0000] {processor.py:208} INFO - Processing /home/airflow/.local/lib/python3.12/site-packages/airflow/example_dags/tutorial_objectstorage.py took 0.035 seconds
[2024-08-24T11:45:59.404+0000] {processor.py:186} INFO - Started process (PID=3109) to work on /home/airflow/.local/lib/python3.12/site-packages/airflow/example_dags/tutorial_objectstorage.py
[2024-08-24T11:45:59.405+0000] {processor.py:914} INFO - Processing file /home/airflow/.local/lib/python3.12/site-packages/airflow/example_dags/tutorial_objectstorage.py for tasks to queue
[2024-08-24T11:45:59.406+0000] {logging_mixin.py:190} INFO - [2024-08-24T11:45:59.406+0000] {dagbag.py:587} INFO - Filling up the DagBag from /home/airflow/.local/lib/python3.12/site-packages/airflow/example_dags/tutorial_objectstorage.py
[2024-08-24T11:45:59.410+0000] {processor.py:925} INFO - DAG(s) 'tutorial_objectstorage' retrieved from /home/airflow/.local/lib/python3.12/site-packages/airflow/example_dags/tutorial_objectstorage.py
[2024-08-24T11:45:59.424+0000] {logging_mixin.py:190} INFO - [2024-08-24T11:45:59.424+0000] {dag.py:3211} INFO - Sync 1 DAGs
[2024-08-24T11:45:59.533+0000] {logging_mixin.py:190} INFO - [2024-08-24T11:45:59.533+0000] {dag.py:4138} INFO - Setting next_dagrun for tutorial_objectstorage to None, run_after=None
[2024-08-24T11:45:59.546+0000] {processor.py:208} INFO - Processing /home/airflow/.local/lib/python3.12/site-packages/airflow/example_dags/tutorial_objectstorage.py took 0.147 seconds
[2024-08-24T11:46:29.749+0000] {processor.py:186} INFO - Started process (PID=3171) to work on /home/airflow/.local/lib/python3.12/site-packages/airflow/example_dags/tutorial_objectstorage.py
[2024-08-24T11:46:29.750+0000] {processor.py:914} INFO - Processing file /home/airflow/.local/lib/python3.12/site-packages/airflow/example_dags/tutorial_objectstorage.py for tasks to queue
[2024-08-24T11:46:29.751+0000] {logging_mixin.py:190} INFO - [2024-08-24T11:46:29.751+0000] {dagbag.py:587} INFO - Filling up the DagBag from /home/airflow/.local/lib/python3.12/site-packages/airflow/example_dags/tutorial_objectstorage.py
[2024-08-24T11:46:29.755+0000] {processor.py:925} INFO - DAG(s) 'tutorial_objectstorage' retrieved from /home/airflow/.local/lib/python3.12/site-packages/airflow/example_dags/tutorial_objectstorage.py
[2024-08-24T11:46:29.769+0000] {logging_mixin.py:190} INFO - [2024-08-24T11:46:29.769+0000] {dag.py:3211} INFO - Sync 1 DAGs
[2024-08-24T11:46:29.871+0000] {logging_mixin.py:190} INFO - [2024-08-24T11:46:29.871+0000] {dag.py:4138} INFO - Setting next_dagrun for tutorial_objectstorage to None, run_after=None
[2024-08-24T11:46:29.885+0000] {processor.py:208} INFO - Processing /home/airflow/.local/lib/python3.12/site-packages/airflow/example_dags/tutorial_objectstorage.py took 0.139 seconds
[2024-08-24T11:47:00.458+0000] {processor.py:186} INFO - Started process (PID=3233) to work on /home/airflow/.local/lib/python3.12/site-packages/airflow/example_dags/tutorial_objectstorage.py
[2024-08-24T11:47:00.459+0000] {processor.py:914} INFO - Processing file /home/airflow/.local/lib/python3.12/site-packages/airflow/example_dags/tutorial_objectstorage.py for tasks to queue
[2024-08-24T11:47:00.460+0000] {logging_mixin.py:190} INFO - [2024-08-24T11:47:00.460+0000] {dagbag.py:587} INFO - Filling up the DagBag from /home/airflow/.local/lib/python3.12/site-packages/airflow/example_dags/tutorial_objectstorage.py
[2024-08-24T11:47:00.464+0000] {processor.py:925} INFO - DAG(s) 'tutorial_objectstorage' retrieved from /home/airflow/.local/lib/python3.12/site-packages/airflow/example_dags/tutorial_objectstorage.py
[2024-08-24T11:47:00.474+0000] {logging_mixin.py:190} INFO - [2024-08-24T11:47:00.474+0000] {dag.py:3211} INFO - Sync 1 DAGs
[2024-08-24T11:47:00.481+0000] {logging_mixin.py:190} INFO - [2024-08-24T11:47:00.481+0000] {dag.py:4138} INFO - Setting next_dagrun for tutorial_objectstorage to None, run_after=None
[2024-08-24T11:47:00.583+0000] {processor.py:208} INFO - Processing /home/airflow/.local/lib/python3.12/site-packages/airflow/example_dags/tutorial_objectstorage.py took 0.129 seconds
[2024-08-24T11:47:31.394+0000] {processor.py:186} INFO - Started process (PID=3295) to work on /home/airflow/.local/lib/python3.12/site-packages/airflow/example_dags/tutorial_objectstorage.py
[2024-08-24T11:47:31.394+0000] {processor.py:914} INFO - Processing file /home/airflow/.local/lib/python3.12/site-packages/airflow/example_dags/tutorial_objectstorage.py for tasks to queue
[2024-08-24T11:47:31.395+0000] {logging_mixin.py:190} INFO - [2024-08-24T11:47:31.395+0000] {dagbag.py:587} INFO - Filling up the DagBag from /home/airflow/.local/lib/python3.12/site-packages/airflow/example_dags/tutorial_objectstorage.py
[2024-08-24T11:47:31.400+0000] {processor.py:925} INFO - DAG(s) 'tutorial_objectstorage' retrieved from /home/airflow/.local/lib/python3.12/site-packages/airflow/example_dags/tutorial_objectstorage.py
[2024-08-24T11:47:31.413+0000] {logging_mixin.py:190} INFO - [2024-08-24T11:47:31.412+0000] {dag.py:3211} INFO - Sync 1 DAGs
[2024-08-24T11:47:31.420+0000] {logging_mixin.py:190} INFO - [2024-08-24T11:47:31.419+0000] {dag.py:4138} INFO - Setting next_dagrun for tutorial_objectstorage to None, run_after=None
[2024-08-24T11:47:31.429+0000] {processor.py:208} INFO - Processing /home/airflow/.local/lib/python3.12/site-packages/airflow/example_dags/tutorial_objectstorage.py took 0.039 seconds
[2024-08-24T11:48:01.672+0000] {processor.py:186} INFO - Started process (PID=3357) to work on /home/airflow/.local/lib/python3.12/site-packages/airflow/example_dags/tutorial_objectstorage.py
[2024-08-24T11:48:01.673+0000] {processor.py:914} INFO - Processing file /home/airflow/.local/lib/python3.12/site-packages/airflow/example_dags/tutorial_objectstorage.py for tasks to queue
[2024-08-24T11:48:01.674+0000] {logging_mixin.py:190} INFO - [2024-08-24T11:48:01.674+0000] {dagbag.py:587} INFO - Filling up the DagBag from /home/airflow/.local/lib/python3.12/site-packages/airflow/example_dags/tutorial_objectstorage.py
[2024-08-24T11:48:01.679+0000] {processor.py:925} INFO - DAG(s) 'tutorial_objectstorage' retrieved from /home/airflow/.local/lib/python3.12/site-packages/airflow/example_dags/tutorial_objectstorage.py
[2024-08-24T11:48:01.688+0000] {logging_mixin.py:190} INFO - [2024-08-24T11:48:01.688+0000] {dag.py:3211} INFO - Sync 1 DAGs
[2024-08-24T11:48:01.696+0000] {logging_mixin.py:190} INFO - [2024-08-24T11:48:01.695+0000] {dag.py:4138} INFO - Setting next_dagrun for tutorial_objectstorage to None, run_after=None
[2024-08-24T11:48:01.704+0000] {processor.py:208} INFO - Processing /home/airflow/.local/lib/python3.12/site-packages/airflow/example_dags/tutorial_objectstorage.py took 0.037 seconds
[2024-08-24T11:48:32.054+0000] {processor.py:186} INFO - Started process (PID=3419) to work on /home/airflow/.local/lib/python3.12/site-packages/airflow/example_dags/tutorial_objectstorage.py
[2024-08-24T11:48:32.054+0000] {processor.py:914} INFO - Processing file /home/airflow/.local/lib/python3.12/site-packages/airflow/example_dags/tutorial_objectstorage.py for tasks to queue
[2024-08-24T11:48:32.055+0000] {logging_mixin.py:190} INFO - [2024-08-24T11:48:32.055+0000] {dagbag.py:587} INFO - Filling up the DagBag from /home/airflow/.local/lib/python3.12/site-packages/airflow/example_dags/tutorial_objectstorage.py
[2024-08-24T11:48:32.060+0000] {processor.py:925} INFO - DAG(s) 'tutorial_objectstorage' retrieved from /home/airflow/.local/lib/python3.12/site-packages/airflow/example_dags/tutorial_objectstorage.py
[2024-08-24T11:48:32.073+0000] {logging_mixin.py:190} INFO - [2024-08-24T11:48:32.073+0000] {dag.py:3211} INFO - Sync 1 DAGs
[2024-08-24T11:48:32.082+0000] {logging_mixin.py:190} INFO - [2024-08-24T11:48:32.082+0000] {dag.py:4138} INFO - Setting next_dagrun for tutorial_objectstorage to None, run_after=None
[2024-08-24T11:48:32.095+0000] {processor.py:208} INFO - Processing /home/airflow/.local/lib/python3.12/site-packages/airflow/example_dags/tutorial_objectstorage.py took 0.046 seconds
[2024-08-24T11:49:02.399+0000] {processor.py:186} INFO - Started process (PID=3481) to work on /home/airflow/.local/lib/python3.12/site-packages/airflow/example_dags/tutorial_objectstorage.py
[2024-08-24T11:49:02.399+0000] {processor.py:914} INFO - Processing file /home/airflow/.local/lib/python3.12/site-packages/airflow/example_dags/tutorial_objectstorage.py for tasks to queue
[2024-08-24T11:49:02.401+0000] {logging_mixin.py:190} INFO - [2024-08-24T11:49:02.401+0000] {dagbag.py:587} INFO - Filling up the DagBag from /home/airflow/.local/lib/python3.12/site-packages/airflow/example_dags/tutorial_objectstorage.py
[2024-08-24T11:49:02.406+0000] {processor.py:925} INFO - DAG(s) 'tutorial_objectstorage' retrieved from /home/airflow/.local/lib/python3.12/site-packages/airflow/example_dags/tutorial_objectstorage.py
[2024-08-24T11:49:02.421+0000] {logging_mixin.py:190} INFO - [2024-08-24T11:49:02.421+0000] {dag.py:3211} INFO - Sync 1 DAGs
[2024-08-24T11:49:02.432+0000] {logging_mixin.py:190} INFO - [2024-08-24T11:49:02.432+0000] {dag.py:4138} INFO - Setting next_dagrun for tutorial_objectstorage to None, run_after=None
[2024-08-24T11:49:02.447+0000] {processor.py:208} INFO - Processing /home/airflow/.local/lib/python3.12/site-packages/airflow/example_dags/tutorial_objectstorage.py took 0.055 seconds
[2024-08-24T11:49:32.725+0000] {processor.py:186} INFO - Started process (PID=3543) to work on /home/airflow/.local/lib/python3.12/site-packages/airflow/example_dags/tutorial_objectstorage.py
[2024-08-24T11:49:32.725+0000] {processor.py:914} INFO - Processing file /home/airflow/.local/lib/python3.12/site-packages/airflow/example_dags/tutorial_objectstorage.py for tasks to queue
[2024-08-24T11:49:32.726+0000] {logging_mixin.py:190} INFO - [2024-08-24T11:49:32.726+0000] {dagbag.py:587} INFO - Filling up the DagBag from /home/airflow/.local/lib/python3.12/site-packages/airflow/example_dags/tutorial_objectstorage.py
[2024-08-24T11:49:32.732+0000] {processor.py:925} INFO - DAG(s) 'tutorial_objectstorage' retrieved from /home/airflow/.local/lib/python3.12/site-packages/airflow/example_dags/tutorial_objectstorage.py
[2024-08-24T11:49:32.741+0000] {logging_mixin.py:190} INFO - [2024-08-24T11:49:32.741+0000] {dag.py:3211} INFO - Sync 1 DAGs
[2024-08-24T11:49:32.749+0000] {logging_mixin.py:190} INFO - [2024-08-24T11:49:32.749+0000] {dag.py:4138} INFO - Setting next_dagrun for tutorial_objectstorage to None, run_after=None
[2024-08-24T11:49:32.758+0000] {processor.py:208} INFO - Processing /home/airflow/.local/lib/python3.12/site-packages/airflow/example_dags/tutorial_objectstorage.py took 0.036 seconds
[2024-08-24T11:50:02.940+0000] {processor.py:186} INFO - Started process (PID=3605) to work on /home/airflow/.local/lib/python3.12/site-packages/airflow/example_dags/tutorial_objectstorage.py
[2024-08-24T11:50:02.941+0000] {processor.py:914} INFO - Processing file /home/airflow/.local/lib/python3.12/site-packages/airflow/example_dags/tutorial_objectstorage.py for tasks to queue
[2024-08-24T11:50:02.942+0000] {logging_mixin.py:190} INFO - [2024-08-24T11:50:02.942+0000] {dagbag.py:587} INFO - Filling up the DagBag from /home/airflow/.local/lib/python3.12/site-packages/airflow/example_dags/tutorial_objectstorage.py
[2024-08-24T11:50:02.946+0000] {processor.py:925} INFO - DAG(s) 'tutorial_objectstorage' retrieved from /home/airflow/.local/lib/python3.12/site-packages/airflow/example_dags/tutorial_objectstorage.py
[2024-08-24T11:50:02.957+0000] {logging_mixin.py:190} INFO - [2024-08-24T11:50:02.957+0000] {dag.py:3211} INFO - Sync 1 DAGs
[2024-08-24T11:50:02.964+0000] {logging_mixin.py:190} INFO - [2024-08-24T11:50:02.964+0000] {dag.py:4138} INFO - Setting next_dagrun for tutorial_objectstorage to None, run_after=None
[2024-08-24T11:50:02.972+0000] {processor.py:208} INFO - Processing /home/airflow/.local/lib/python3.12/site-packages/airflow/example_dags/tutorial_objectstorage.py took 0.035 seconds
[2024-08-24T11:50:33.216+0000] {processor.py:186} INFO - Started process (PID=3667) to work on /home/airflow/.local/lib/python3.12/site-packages/airflow/example_dags/tutorial_objectstorage.py
[2024-08-24T11:50:33.216+0000] {processor.py:914} INFO - Processing file /home/airflow/.local/lib/python3.12/site-packages/airflow/example_dags/tutorial_objectstorage.py for tasks to queue
[2024-08-24T11:50:33.218+0000] {logging_mixin.py:190} INFO - [2024-08-24T11:50:33.218+0000] {dagbag.py:587} INFO - Filling up the DagBag from /home/airflow/.local/lib/python3.12/site-packages/airflow/example_dags/tutorial_objectstorage.py
[2024-08-24T11:50:33.222+0000] {processor.py:925} INFO - DAG(s) 'tutorial_objectstorage' retrieved from /home/airflow/.local/lib/python3.12/site-packages/airflow/example_dags/tutorial_objectstorage.py
[2024-08-24T11:50:33.236+0000] {logging_mixin.py:190} INFO - [2024-08-24T11:50:33.236+0000] {dag.py:3211} INFO - Sync 1 DAGs
[2024-08-24T11:50:33.247+0000] {logging_mixin.py:190} INFO - [2024-08-24T11:50:33.247+0000] {dag.py:4138} INFO - Setting next_dagrun for tutorial_objectstorage to None, run_after=None
[2024-08-24T11:50:33.258+0000] {processor.py:208} INFO - Processing /home/airflow/.local/lib/python3.12/site-packages/airflow/example_dags/tutorial_objectstorage.py took 0.046 seconds
[2024-08-24T11:51:03.823+0000] {processor.py:186} INFO - Started process (PID=3729) to work on /home/airflow/.local/lib/python3.12/site-packages/airflow/example_dags/tutorial_objectstorage.py
[2024-08-24T11:51:03.823+0000] {processor.py:914} INFO - Processing file /home/airflow/.local/lib/python3.12/site-packages/airflow/example_dags/tutorial_objectstorage.py for tasks to queue
[2024-08-24T11:51:03.825+0000] {logging_mixin.py:190} INFO - [2024-08-24T11:51:03.825+0000] {dagbag.py:587} INFO - Filling up the DagBag from /home/airflow/.local/lib/python3.12/site-packages/airflow/example_dags/tutorial_objectstorage.py
[2024-08-24T11:51:03.830+0000] {processor.py:925} INFO - DAG(s) 'tutorial_objectstorage' retrieved from /home/airflow/.local/lib/python3.12/site-packages/airflow/example_dags/tutorial_objectstorage.py
[2024-08-24T11:51:03.842+0000] {logging_mixin.py:190} INFO - [2024-08-24T11:51:03.842+0000] {dag.py:3211} INFO - Sync 1 DAGs
[2024-08-24T11:51:03.850+0000] {logging_mixin.py:190} INFO - [2024-08-24T11:51:03.850+0000] {dag.py:4138} INFO - Setting next_dagrun for tutorial_objectstorage to None, run_after=None
[2024-08-24T11:51:03.858+0000] {processor.py:208} INFO - Processing /home/airflow/.local/lib/python3.12/site-packages/airflow/example_dags/tutorial_objectstorage.py took 0.041 seconds
[2024-08-24T11:51:34.240+0000] {processor.py:186} INFO - Started process (PID=3791) to work on /home/airflow/.local/lib/python3.12/site-packages/airflow/example_dags/tutorial_objectstorage.py
[2024-08-24T11:51:34.240+0000] {processor.py:914} INFO - Processing file /home/airflow/.local/lib/python3.12/site-packages/airflow/example_dags/tutorial_objectstorage.py for tasks to queue
[2024-08-24T11:51:34.242+0000] {logging_mixin.py:190} INFO - [2024-08-24T11:51:34.241+0000] {dagbag.py:587} INFO - Filling up the DagBag from /home/airflow/.local/lib/python3.12/site-packages/airflow/example_dags/tutorial_objectstorage.py
[2024-08-24T11:51:34.246+0000] {processor.py:925} INFO - DAG(s) 'tutorial_objectstorage' retrieved from /home/airflow/.local/lib/python3.12/site-packages/airflow/example_dags/tutorial_objectstorage.py
[2024-08-24T11:51:34.259+0000] {logging_mixin.py:190} INFO - [2024-08-24T11:51:34.259+0000] {dag.py:3211} INFO - Sync 1 DAGs
[2024-08-24T11:51:34.268+0000] {logging_mixin.py:190} INFO - [2024-08-24T11:51:34.268+0000] {dag.py:4138} INFO - Setting next_dagrun for tutorial_objectstorage to None, run_after=None
[2024-08-24T11:51:34.279+0000] {processor.py:208} INFO - Processing /home/airflow/.local/lib/python3.12/site-packages/airflow/example_dags/tutorial_objectstorage.py took 0.042 seconds
[2024-08-24T11:52:04.383+0000] {processor.py:186} INFO - Started process (PID=3853) to work on /home/airflow/.local/lib/python3.12/site-packages/airflow/example_dags/tutorial_objectstorage.py
[2024-08-24T11:52:04.384+0000] {processor.py:914} INFO - Processing file /home/airflow/.local/lib/python3.12/site-packages/airflow/example_dags/tutorial_objectstorage.py for tasks to queue
[2024-08-24T11:52:04.385+0000] {logging_mixin.py:190} INFO - [2024-08-24T11:52:04.385+0000] {dagbag.py:587} INFO - Filling up the DagBag from /home/airflow/.local/lib/python3.12/site-packages/airflow/example_dags/tutorial_objectstorage.py
[2024-08-24T11:52:04.391+0000] {processor.py:925} INFO - DAG(s) 'tutorial_objectstorage' retrieved from /home/airflow/.local/lib/python3.12/site-packages/airflow/example_dags/tutorial_objectstorage.py
[2024-08-24T11:52:04.403+0000] {logging_mixin.py:190} INFO - [2024-08-24T11:52:04.403+0000] {dag.py:3211} INFO - Sync 1 DAGs
[2024-08-24T11:52:04.410+0000] {logging_mixin.py:190} INFO - [2024-08-24T11:52:04.410+0000] {dag.py:4138} INFO - Setting next_dagrun for tutorial_objectstorage to None, run_after=None
[2024-08-24T11:52:04.421+0000] {processor.py:208} INFO - Processing /home/airflow/.local/lib/python3.12/site-packages/airflow/example_dags/tutorial_objectstorage.py took 0.043 seconds
[2024-08-24T11:52:34.703+0000] {processor.py:186} INFO - Started process (PID=3915) to work on /home/airflow/.local/lib/python3.12/site-packages/airflow/example_dags/tutorial_objectstorage.py
[2024-08-24T11:52:34.704+0000] {processor.py:914} INFO - Processing file /home/airflow/.local/lib/python3.12/site-packages/airflow/example_dags/tutorial_objectstorage.py for tasks to queue
[2024-08-24T11:52:34.706+0000] {logging_mixin.py:190} INFO - [2024-08-24T11:52:34.706+0000] {dagbag.py:587} INFO - Filling up the DagBag from /home/airflow/.local/lib/python3.12/site-packages/airflow/example_dags/tutorial_objectstorage.py
[2024-08-24T11:52:34.712+0000] {processor.py:925} INFO - DAG(s) 'tutorial_objectstorage' retrieved from /home/airflow/.local/lib/python3.12/site-packages/airflow/example_dags/tutorial_objectstorage.py
[2024-08-24T11:52:34.724+0000] {logging_mixin.py:190} INFO - [2024-08-24T11:52:34.724+0000] {dag.py:3211} INFO - Sync 1 DAGs
[2024-08-24T11:52:34.735+0000] {logging_mixin.py:190} INFO - [2024-08-24T11:52:34.735+0000] {dag.py:4138} INFO - Setting next_dagrun for tutorial_objectstorage to None, run_after=None
[2024-08-24T11:52:34.743+0000] {processor.py:208} INFO - Processing /home/airflow/.local/lib/python3.12/site-packages/airflow/example_dags/tutorial_objectstorage.py took 0.045 seconds
[2024-08-24T11:53:05.065+0000] {processor.py:186} INFO - Started process (PID=3977) to work on /home/airflow/.local/lib/python3.12/site-packages/airflow/example_dags/tutorial_objectstorage.py
[2024-08-24T11:53:05.066+0000] {processor.py:914} INFO - Processing file /home/airflow/.local/lib/python3.12/site-packages/airflow/example_dags/tutorial_objectstorage.py for tasks to queue
[2024-08-24T11:53:05.067+0000] {logging_mixin.py:190} INFO - [2024-08-24T11:53:05.067+0000] {dagbag.py:587} INFO - Filling up the DagBag from /home/airflow/.local/lib/python3.12/site-packages/airflow/example_dags/tutorial_objectstorage.py
[2024-08-24T11:53:05.072+0000] {processor.py:925} INFO - DAG(s) 'tutorial_objectstorage' retrieved from /home/airflow/.local/lib/python3.12/site-packages/airflow/example_dags/tutorial_objectstorage.py
[2024-08-24T11:53:05.084+0000] {logging_mixin.py:190} INFO - [2024-08-24T11:53:05.083+0000] {dag.py:3211} INFO - Sync 1 DAGs
[2024-08-24T11:53:05.091+0000] {logging_mixin.py:190} INFO - [2024-08-24T11:53:05.090+0000] {dag.py:4138} INFO - Setting next_dagrun for tutorial_objectstorage to None, run_after=None
[2024-08-24T11:53:05.099+0000] {processor.py:208} INFO - Processing /home/airflow/.local/lib/python3.12/site-packages/airflow/example_dags/tutorial_objectstorage.py took 0.037 seconds
[2024-08-24T11:53:35.398+0000] {processor.py:186} INFO - Started process (PID=4040) to work on /home/airflow/.local/lib/python3.12/site-packages/airflow/example_dags/tutorial_objectstorage.py
[2024-08-24T11:53:35.399+0000] {processor.py:914} INFO - Processing file /home/airflow/.local/lib/python3.12/site-packages/airflow/example_dags/tutorial_objectstorage.py for tasks to queue
[2024-08-24T11:53:35.400+0000] {logging_mixin.py:190} INFO - [2024-08-24T11:53:35.400+0000] {dagbag.py:587} INFO - Filling up the DagBag from /home/airflow/.local/lib/python3.12/site-packages/airflow/example_dags/tutorial_objectstorage.py
[2024-08-24T11:53:35.404+0000] {processor.py:925} INFO - DAG(s) 'tutorial_objectstorage' retrieved from /home/airflow/.local/lib/python3.12/site-packages/airflow/example_dags/tutorial_objectstorage.py
[2024-08-24T11:53:35.414+0000] {logging_mixin.py:190} INFO - [2024-08-24T11:53:35.414+0000] {dag.py:3211} INFO - Sync 1 DAGs
[2024-08-24T11:53:35.422+0000] {logging_mixin.py:190} INFO - [2024-08-24T11:53:35.422+0000] {dag.py:4138} INFO - Setting next_dagrun for tutorial_objectstorage to None, run_after=None
[2024-08-24T11:53:35.433+0000] {processor.py:208} INFO - Processing /home/airflow/.local/lib/python3.12/site-packages/airflow/example_dags/tutorial_objectstorage.py took 0.039 seconds
[2024-08-24T11:54:05.677+0000] {processor.py:186} INFO - Started process (PID=4102) to work on /home/airflow/.local/lib/python3.12/site-packages/airflow/example_dags/tutorial_objectstorage.py
[2024-08-24T11:54:05.677+0000] {processor.py:914} INFO - Processing file /home/airflow/.local/lib/python3.12/site-packages/airflow/example_dags/tutorial_objectstorage.py for tasks to queue
[2024-08-24T11:54:05.679+0000] {logging_mixin.py:190} INFO - [2024-08-24T11:54:05.678+0000] {dagbag.py:587} INFO - Filling up the DagBag from /home/airflow/.local/lib/python3.12/site-packages/airflow/example_dags/tutorial_objectstorage.py
[2024-08-24T11:54:05.683+0000] {processor.py:925} INFO - DAG(s) 'tutorial_objectstorage' retrieved from /home/airflow/.local/lib/python3.12/site-packages/airflow/example_dags/tutorial_objectstorage.py
[2024-08-24T11:54:05.697+0000] {logging_mixin.py:190} INFO - [2024-08-24T11:54:05.697+0000] {dag.py:3211} INFO - Sync 1 DAGs
[2024-08-24T11:54:05.706+0000] {logging_mixin.py:190} INFO - [2024-08-24T11:54:05.706+0000] {dag.py:4138} INFO - Setting next_dagrun for tutorial_objectstorage to None, run_after=None
[2024-08-24T11:54:05.716+0000] {processor.py:208} INFO - Processing /home/airflow/.local/lib/python3.12/site-packages/airflow/example_dags/tutorial_objectstorage.py took 0.044 seconds
[2024-08-24T11:54:36.017+0000] {processor.py:186} INFO - Started process (PID=4164) to work on /home/airflow/.local/lib/python3.12/site-packages/airflow/example_dags/tutorial_objectstorage.py
[2024-08-24T11:54:36.018+0000] {processor.py:914} INFO - Processing file /home/airflow/.local/lib/python3.12/site-packages/airflow/example_dags/tutorial_objectstorage.py for tasks to queue
[2024-08-24T11:54:36.020+0000] {logging_mixin.py:190} INFO - [2024-08-24T11:54:36.019+0000] {dagbag.py:587} INFO - Filling up the DagBag from /home/airflow/.local/lib/python3.12/site-packages/airflow/example_dags/tutorial_objectstorage.py
[2024-08-24T11:54:36.024+0000] {processor.py:925} INFO - DAG(s) 'tutorial_objectstorage' retrieved from /home/airflow/.local/lib/python3.12/site-packages/airflow/example_dags/tutorial_objectstorage.py
[2024-08-24T11:54:36.037+0000] {logging_mixin.py:190} INFO - [2024-08-24T11:54:36.037+0000] {dag.py:3211} INFO - Sync 1 DAGs
[2024-08-24T11:54:36.048+0000] {logging_mixin.py:190} INFO - [2024-08-24T11:54:36.048+0000] {dag.py:4138} INFO - Setting next_dagrun for tutorial_objectstorage to None, run_after=None
[2024-08-24T11:54:36.060+0000] {processor.py:208} INFO - Processing /home/airflow/.local/lib/python3.12/site-packages/airflow/example_dags/tutorial_objectstorage.py took 0.047 seconds
[2024-08-24T11:55:06.342+0000] {processor.py:186} INFO - Started process (PID=4226) to work on /home/airflow/.local/lib/python3.12/site-packages/airflow/example_dags/tutorial_objectstorage.py
[2024-08-24T11:55:06.342+0000] {processor.py:914} INFO - Processing file /home/airflow/.local/lib/python3.12/site-packages/airflow/example_dags/tutorial_objectstorage.py for tasks to queue
[2024-08-24T11:55:06.344+0000] {logging_mixin.py:190} INFO - [2024-08-24T11:55:06.344+0000] {dagbag.py:587} INFO - Filling up the DagBag from /home/airflow/.local/lib/python3.12/site-packages/airflow/example_dags/tutorial_objectstorage.py
[2024-08-24T11:55:06.349+0000] {processor.py:925} INFO - DAG(s) 'tutorial_objectstorage' retrieved from /home/airflow/.local/lib/python3.12/site-packages/airflow/example_dags/tutorial_objectstorage.py
[2024-08-24T11:55:06.359+0000] {logging_mixin.py:190} INFO - [2024-08-24T11:55:06.359+0000] {dag.py:3211} INFO - Sync 1 DAGs
[2024-08-24T11:55:06.367+0000] {logging_mixin.py:190} INFO - [2024-08-24T11:55:06.366+0000] {dag.py:4138} INFO - Setting next_dagrun for tutorial_objectstorage to None, run_after=None
[2024-08-24T11:55:06.375+0000] {processor.py:208} INFO - Processing /home/airflow/.local/lib/python3.12/site-packages/airflow/example_dags/tutorial_objectstorage.py took 0.041 seconds
[2024-08-24T11:55:36.787+0000] {processor.py:186} INFO - Started process (PID=4288) to work on /home/airflow/.local/lib/python3.12/site-packages/airflow/example_dags/tutorial_objectstorage.py
[2024-08-24T11:55:36.787+0000] {processor.py:914} INFO - Processing file /home/airflow/.local/lib/python3.12/site-packages/airflow/example_dags/tutorial_objectstorage.py for tasks to queue
[2024-08-24T11:55:36.788+0000] {logging_mixin.py:190} INFO - [2024-08-24T11:55:36.788+0000] {dagbag.py:587} INFO - Filling up the DagBag from /home/airflow/.local/lib/python3.12/site-packages/airflow/example_dags/tutorial_objectstorage.py
[2024-08-24T11:55:36.793+0000] {processor.py:925} INFO - DAG(s) 'tutorial_objectstorage' retrieved from /home/airflow/.local/lib/python3.12/site-packages/airflow/example_dags/tutorial_objectstorage.py
[2024-08-24T11:55:36.803+0000] {logging_mixin.py:190} INFO - [2024-08-24T11:55:36.803+0000] {dag.py:3211} INFO - Sync 1 DAGs
[2024-08-24T11:55:36.810+0000] {logging_mixin.py:190} INFO - [2024-08-24T11:55:36.810+0000] {dag.py:4138} INFO - Setting next_dagrun for tutorial_objectstorage to None, run_after=None
[2024-08-24T11:55:36.818+0000] {processor.py:208} INFO - Processing /home/airflow/.local/lib/python3.12/site-packages/airflow/example_dags/tutorial_objectstorage.py took 0.035 seconds
[2024-08-24T11:56:07.285+0000] {processor.py:186} INFO - Started process (PID=4350) to work on /home/airflow/.local/lib/python3.12/site-packages/airflow/example_dags/tutorial_objectstorage.py
[2024-08-24T11:56:07.286+0000] {processor.py:914} INFO - Processing file /home/airflow/.local/lib/python3.12/site-packages/airflow/example_dags/tutorial_objectstorage.py for tasks to queue
[2024-08-24T11:56:07.288+0000] {logging_mixin.py:190} INFO - [2024-08-24T11:56:07.287+0000] {dagbag.py:587} INFO - Filling up the DagBag from /home/airflow/.local/lib/python3.12/site-packages/airflow/example_dags/tutorial_objectstorage.py
[2024-08-24T11:56:07.293+0000] {processor.py:925} INFO - DAG(s) 'tutorial_objectstorage' retrieved from /home/airflow/.local/lib/python3.12/site-packages/airflow/example_dags/tutorial_objectstorage.py
[2024-08-24T11:56:07.305+0000] {logging_mixin.py:190} INFO - [2024-08-24T11:56:07.305+0000] {dag.py:3211} INFO - Sync 1 DAGs
[2024-08-24T11:56:07.313+0000] {logging_mixin.py:190} INFO - [2024-08-24T11:56:07.312+0000] {dag.py:4138} INFO - Setting next_dagrun for tutorial_objectstorage to None, run_after=None
[2024-08-24T11:56:07.322+0000] {processor.py:208} INFO - Processing /home/airflow/.local/lib/python3.12/site-packages/airflow/example_dags/tutorial_objectstorage.py took 0.043 seconds
